[5.412101745605469e-05] Start running HillClimbing from [H][H]...
[0.00042128562927246094] Updated in round 1! max:(0.025, 'C#C')
[0.0008802413940429688] Updated in round 2! max:(0.05, 'C#CC=C')
[0.0015206336975097656] Updated in round 3! max:(0.075, 'C#CC=CC#C')
[0.0025463104248046875] Updated in round 4! max:(0.1, 'C#CC=CC#CC=C')
[0.003813505172729492] Updated in round 5! max:(0.125, 'C#CC=CC#CC=CC#C')
[0.0059282779693603516] Updated in round 6! max:(0.15, 'C#CC=CC#CC=C(C#C)C=C')
[0.008244991302490234] Updated in round 7! max:(0.175, 'C#CC(C=C)=CC#CC=C(C#C)C=C')
[0.011388778686523438] Updated in round 8! max:(0.2, 'C#CC(C=C)=CC#CC=C(C#C)C=CC=C')
[0.016965389251708984] Updated in round 9! max:(0.225, 'C#CC(=C)C(C#C)=CC#CC=C(C#C)C=CC=C')
[0.02221822738647461] Updated in round 10! max:(0.25, 'C#CC(=C)C(C#C)=CC#Cc1ccccc1C#C')
[0.028115272521972656] Updated in round 11! max:(0.275, 'C#CC(=C)C(C#C)=CC#Cc1ccccc1C#CC=C')
[0.03474783897399902] Updated in round 12! max:(0.3, 'C#CC(=C)C1=CC#Cc2ccccc2C#CC=CC#C1')
[0.04169511795043945] Updated in round 13! max:(0.325, 'C#CC(=C)C1=CC#Cc2ccccc2C#CC(C=C)=CC#C1')
[0.05213499069213867] Updated in round 14! max:(0.35, 'C#CC=C(C#C)C1=CC#Cc2ccccc2C#CC(C=C)=CC#C1')
[0.06212043762207031] Updated in round 15! max:(0.375, 'C#CC=C(C#C)C1=CC#Cc2ccccc2C#CC(C=C)=C(C=C)C#C1')
[0.0790102481842041] Updated in round 16! max:(0.4, 'C#CC(C=C)=C(C#C)C1=CC#Cc2ccccc2C#CC(C=C)=C(C=C)C#C1')
[0.09498429298400879] Updated in round 17! max:(0.425, 'C#CC(C=C)=C(C#CC=C)C1=CC#Cc2ccccc2C#CC(C=C)=C(C=C)C#C1')
[0.11523938179016113] Updated in round 18! max:(0.45, 'C#CC=CC(C#C)=C(C#CC=C)C1=CC#Cc2ccccc2C#CC(C=C)=C(C=C)C#C1')
[0.14073538780212402] Updated in round 19! max:(0.475, 'C#Cc1cc(C#C)c2c(c1C#CC=C)C#CC(C=C)=C(C=C)C#Cc1ccccc1C#C2')
[0.16061687469482422] Updated in round 20! max:(0.5, 'C#Cc1cc(C#C)c2c(c1C#CC=C)C#Cc1ccccc1C#Cc1ccccc1C#C2')
[0.18030738830566406] Updated in round 21! max:(0.525, 'C#CC=CC#Cc1c(C#C)cc(C#C)c2c1C#Cc1ccccc1C#Cc1ccccc1C#C2')
[0.20363378524780273] Updated in round 22! max:(0.55, 'C#CC=CC#Cc1c(C#CC=C)cc(C#C)c2c1C#Cc1ccccc1C#Cc1ccccc1C#C2')
[0.23458266258239746] Updated in round 23! max:(0.575, 'C#Cc1cc2c#cccc#cccc#cc2c2c#cc3ccccc3c#cc3ccccc3c#cc12')
[0.2641317844390869] Updated in round 24! max:(0.6, 'C=CC#Cc1cc2c#cccc#cccc#cc2c2c#cc3ccccc3c#cc3ccccc3c#cc12')
[0.3003389835357666] Updated in round 25! max:(0.625, 'C#Cc1c(C#CC=C)c2c#cc3ccccc3c#cc3ccccc3c#cc2c2c#cccc#cccc#cc12')
[0.333219051361084] Updated in round 26! max:(0.65, 'C#Cc1c(C#CC=C)c2c#cc3ccccc3c#cc3ccccc3c#cc2c2c#ccc(C=C)c#cccc#cc12')
[0.37718749046325684] Updated in round 27! max:(0.675, 'C#Cc1c(C#CC=C)c2c#cc3ccccc3c#cc3ccccc3c#cc2c2c#ccc(C=CC=C)c#cccc#cc12')
[0.4434847831726074] Updated in round 28! max:(0.7, 'C=CC#Cc1c(C#CC=C)c2c#cc3ccccc3c#cc3ccccc3c#cc2c2c#ccc(C=CC=C)c#cccc#cc12')
[0.5007278919219971] Updated in round 29! max:(0.725, 'C=CC#Cc1c(C#CC=C)c2c#cc3ccccc3c#cc3ccccc3c#cc2c2c#ccc(C=CC=C)c#cc(C=C)cc#cc12')
[0.5805928707122803] Updated in round 30! max:(0.75, 'C#CC=CC#Cc1c(C#CC=C)c2c#cc3ccccc3c#cc3ccccc3c#cc2c2c#ccc(C=CC=C)c#cc(C=C)cc#cc12')
[0.653484582901001] Updated in round 31! max:(0.775, 'C#CC=CC#Cc1c(C#CC(=C)C=C)c2c#cc3ccccc3c#cc3ccccc3c#cc2c2c#ccc(C=CC=C)c#cc(C=C)cc#cc12')
[0.7563369274139404] Updated in round 32! max:(0.8, 'C=CC=Cc1c#cc(C=C)cc#cc2c3c#cccc#ccc(C=C)c#cc3c3c#cc4ccccc4c#cc4ccccc4c#cc3c2c#cc1')
[0.8394029140472412] Updated in round 33! max:(0.825, 'C=CC=Cc1c#cc(C=C)cc#cc2c3c#ccc(C=C)c#ccc(C=C)c#cc3c3c#cc4ccccc4c#cc4ccccc4c#cc3c2c#cc1')
[0.9479148387908936] Updated in round 34! max:(0.85, 'C=Cc1c#ccc(C=C)c#cc2c(c#cc1)c1c#ccc(C=C)c#cc3ccccc3c#cc1c1c#cc3ccccc3c#cc3ccccc3c#cc21')
[1.039067268371582] Updated in round 35! max:(0.875, 'C=CC=Cc1c#cc2c(c#ccc(C=C)c#cc1)c1c#ccc(C=C)c#cc3ccccc3c#cc1c1c#cc3ccccc3c#cc3ccccc3c#cc21')
[1.1479299068450928] Updated in round 36! max:(0.9, 'C=CC=Cc1c#cc2c(c#ccc(C=C)c#cc1)c1c#cc(C=C)c(C=C)c#cc3ccccc3c#cc1c1c#cc3ccccc3c#cc3ccccc3c#cc21')
[1.2782509326934814] Updated in round 37! max:(0.925, 'C=CC=Cc1c#cc2c(c#cc(C=C)c(C=C)c#cc1)c1c#cc(C=C)c(C=C)c#cc3ccccc3c#cc1c1c#cc3ccccc3c#cc3ccccc3c#cc21')
[1.5127308368682861] Updated in round 38! max:(0.95, 'C=Cc1c#cc2ccccc2c#cc2c(c#cc1C=C)c1c#cc(C=C)c(C=C)c#cc3ccccc3c#cc1c1c#cc3ccccc3c#cc3ccccc3c#cc21')
[1.6676709651947021] Updated in round 39! max:(0.975, 'C=Cc1c#cc2ccccc2c#cc2c(c#cc1C=C)c1c#cc3ccccc3c#cc3ccccc3c#cc1c1c#cc3ccccc3c#cc3ccccc3c#cc21')
[1.8754472732543945] Updated in round 40! max:(1.0, 'c1c2ccccc2c#cc2c3c#cc4ccccc4c#cc4ccccc4c#cc3c3c#cc4ccccc4c#cc4ccccc4c#cc3c2c#cc2ccccc2c#1')
[1.8754582405090332] Reproduced in round 40!!
