[5.817413330078125e-05] Start running HillClimbing from [H][H]...
[0.00052642822265625] Updated in round 1! max:(0.02702702702702703, 'C=C')
[0.0010385513305664062] Updated in round 2! max:(0.05405405405405406, 'C=CC=C')
[0.00199127197265625] Updated in round 3! max:(0.08108108108108109, 'C=CC=CC=C')
[0.03833436965942383] Updated in round 4! max:(0.10810810810810811, 'C=CC=C(C=C)C=C')
[0.06154179573059082] Updated in round 5! max:(0.13513513513513514, 'C=CC=CC=C(C=C)C=C')
[0.08462047576904297] Updated in round 6! max:(0.16216216216216217, 'C=CC=C(C=C)C=C(C=C)C=C')
[0.08991551399230957] Updated in round 7! max:(0.1891891891891892, 'C=CC=CC(C=C)=CC(C=C)=CC=C')
[0.09680652618408203] Updated in round 8! max:(0.21621621621621623, 'C=CC=Cc1ccc(=C)c(=CC=C)c1')
[0.10473775863647461] Updated in round 9! max:(0.24324324324324326, 'C=CC=CC=c1cc(C=CC=C)ccc1=C')
[0.116943359375] Updated in round 10! max:(0.2702702702702703, 'C=CC=CC=c1cc(C=CC(=C)C=C)ccc1=C')
[0.13242411613464355] Updated in round 11! max:(0.2972972972972973, 'C=CC(=C)C=CC=c1cc(C=CC(=C)C=C)ccc1=C')
[0.14797258377075195] Updated in round 12! max:(0.32432432432432434, 'C=CC(=C)C=CC=c1cc(C=C(C=C)C(=C)C=C)ccc1=C')
[0.1658916473388672] Updated in round 13! max:(0.35135135135135137, 'C=CC=CC(=C)C=CC=c1cc(C=C(C=C)C(=C)C=C)ccc1=C')
[0.19284915924072266] Updated in round 14! max:(0.3783783783783784, 'C=CC=CC(=C)C=CC=c1cc(C=C(C=C)C(=C)C=C)ccc1=CC=C')
[0.22397851943969727] Updated in round 15! max:(0.40540540540540543, 'C=CC=c1cccc2ccc(C=C(C=C)C(=C)C=C)cc2cccc1=C')
[0.2575852870941162] Updated in round 16! max:(0.43243243243243246, 'C=CC=c1cccc2cc3cc(C=C)c(C=C)cc3cc2cccc1=C')
[0.2983279228210449] Updated in round 17! max:(0.4594594594594595, 'C=CC(=C)C=c1cccc2cc3cc(C=C)c(C=C)cc3cc2cccc1=C')
[0.3434560298919678] Updated in round 18! max:(0.4864864864864865, 'C=CC=Cc1cc2cc3cccc(=C)c(=CC(=C)C=C)cccc3cc2cc1C=C')
[0.3906426429748535] Updated in round 19! max:(0.5135135135135135, 'C=CC=CC=Cc1cc2cc3cccc(=C)c(=CC(=C)C=C)cccc3cc2cc1C=C')
[0.47618818283081055] Updated in round 20! max:(0.5405405405405406, 'C=CC=CC=CC=Cc1cc2cc3cccc(=C)c(=CC(=C)C=C)cccc3cc2cc1C=C')
[0.5449998378753662] Updated in round 21! max:(0.5675675675675675, 'C=CC=CC=CC=Cc1cc2cc3cccc(=C)c(=CC(=C)C=C)cccc3cc2cc1C=CC=C')
[0.6320817470550537] Updated in round 22! max:(0.5945945945945946, 'C=CC=CC=CC=Cc1cc2cc3cccc(=C)c(=CC(=C)C=C)cccc3cc2cc1C=CC=CC=C')
[0.8261442184448242] Updated in round 23! max:(0.6216216216216216, 'C=CC=CC=CC=Cc1cc2cc3cc4cc(=C)c(=CC(=C)C=C)cc4cc3cc2cc1C=CC=CC=C')
[0.9371562004089355] Updated in round 24! max:(0.6486486486486487, 'C=CC=Cc1cccc2cc3cc4cc5cc(=C)c(=CC(=C)C=C)cc5cc4cc3cc2cccc1C=C')
[1.0232703685760498] Updated in round 25! max:(0.6756756756756757, 'C=CC(=C)C=c1cc2cc3cc4cc5cccc6ccc(C=C)cc6cccc5cc4cc3cc2cc1=C')
[1.1169278621673584] Updated in round 26! max:(0.7027027027027027, 'C=CC=Cc1ccc2cccc3cc4cc5cc6cc(=CC(=C)C=C)c(=C)cc6cc5cc4cc3cccc2c1')
[1.2425529956817627] Updated in round 27! max:(0.7297297297297297, 'C=CC=Cc1cc2cccc3cc4cc5cc6cc(=C)c(=CC(=C)C=C)cc6cc5cc4cc3cccc2cc1C=C')
[1.3636095523834229] Updated in round 28! max:(0.7567567567567568, 'C=CC(=C)C=c1cc2cc3cc4cc5cccc6cc7ccc(C=C)cc7cc6cccc5cc4cc3cc2cc1=C')
[1.4798924922943115] Updated in round 29! max:(0.7837837837837838, 'C=CC(=C)C=c1cc2cc3cc4cc5cccc6cc7cc(C=C)c(C=C)cc7cc6cccc5cc4cc3cc2cc1=C')
[1.636671543121338] Updated in round 30! max:(0.8108108108108109, 'C=Cc1cc2cc3cccc4cc5cc6cc7cc8cc(=C)c(=C)cc8cc7cc6cc5cc4cccc3cc2cc1C=C')
[1.7722125053405762] Updated in round 31! max:(0.8378378378378378, 'C=Cc1cc2cc3cc4cc5cc6cc7cc8cc9cc(=C)c(=C)cc9cc8cc7cc6cc5cc4cc3cc2cc1C=C')
[1.9294376373291016] Updated in round 32! max:(0.8648648648648649, 'C=CC=c1cc2cc3cc4cc5cc6cc7cc8cc9cc(C=C)c(C=C)cc9cc8cc7cc6cc5cc4cc3cc2cc1=C')
[2.088454484939575] Updated in round 33! max:(0.8918918918918919, 'C=CC(=C)C=c1cc2cc3cc4cc5cc6cc7cc8cc9cc(C=C)c(C=C)cc9cc8cc7cc6cc5cc4cc3cc2cc1=C')
[2.2786924839019775] Updated in round 34! max:(0.918918918918919, 'C=CC(=C)C=c1cc2cc3cc4cc5cc6cc7cc8cc9cc%10ccccc%10cc9cc8cc7cc6cc5cc4cc3cc2cc1=C')
[2.5942835807800293] Updated in round 35! max:(0.9459459459459459, 'C=c1cc2cc3cc4cc5cc6cc7cc8cc9cc%10cc%11ccccc%11cc%10cc9cc8cc7cc6cc5cc4cc3cc2cc1=C')
[2.870880126953125] Updated in round 36! max:(0.972972972972973, 'C=c1cc2cc3cc4cc5cc6cc7cc8cc9cc%10cc%11ccc%12cc%11cc%10cc9cc8cc7cc6cc5cc4cc3cc2cc1=C%12')
[3.257641553878784] Updated in round 37! max:(1.0, 'c1c2cc3cc4cc5cc6cc7cc8cc9cc%10cc%11cc%12cc1c1cc2cc3cc4cc5cc6cc7cc8cc9cc%10cc%11cc%12c1')
[3.2576541900634766] Reproduced in round 37!!
