[9.036064147949219e-05] Start running HillClimbing from [H][H]...
[0.00067901611328125] Updated in round 1! max:(0.0136986301369863, 'C=C')
[0.0016984939575195312] Updated in round 2! max:(0.0547945205479452, 'c1ccccc1')
[0.005406618118286133] Updated in round 3! max:(0.1095890410958904, 'c1ccc(-c2ccccc2)cc1')
[0.014826536178588867] Updated in round 4! max:(0.1232876712328767, 'C=Cc1ccccc1-c1ccccc1')
[0.028349637985229492] Updated in round 5! max:(0.1643835616438356, 'C=Cc1ccccc1-c1ccc2ccccc2c1')
[0.0485081672668457] Updated in round 6! max:(0.1780821917808219, 'C=Cc1ccccc1-c1ccc2c(C=C)cccc2c1')
[0.0896296501159668] Updated in round 7! max:(0.1917808219178082, 'C=Cc1ccccc1-c1ccc2c(C=C)c(C=C)ccc2c1')
[0.11909723281860352] Updated in round 8! max:(0.2054794520547945, 'C=Cc1ccc(-c2ccc3c(C=C)c(C=C)ccc3c2)c(C=C)c1')
[0.16598963737487793] Updated in round 9! max:(0.2191780821917808, 'C=CC=Cc1ccc2cc(-c3ccc(C=C)cc3C=C)ccc2c1C=C')
[0.21546244621276855] Updated in round 10! max:(0.273972602739726, 'C=CC=Cc1ccc2cc(-c3ccc(C=C)cc3C=C)ccc2c1C=Cc1ccccc1')
[0.326962947845459] Updated in round 11! max:(0.2876712328767123, 'C=CC=Cc1ccc(-c2ccc3c(C=Cc4ccccc4)c(C=CC=C)ccc3c2)c(C=C)c1')
[0.4458305835723877] Updated in round 12! max:(0.3013698630136986, 'C=CC=CC=Cc1ccc(-c2ccc3c(C=Cc4ccccc4)c(C=CC=C)ccc3c2)c(C=C)c1')
[0.5784611701965332] Updated in round 13! max:(0.3150684931506849, 'C=CC=CC=Cc1ccc(-c2ccc3c(C=Cc4ccc(C=C)cc4)c(C=CC=C)ccc3c2)c(C=C)c1')
[0.7108967304229736] Updated in round 14! max:(0.3561643835616438, 'C=CC=Cc1ccc2cc(-c3ccc(C=CC=Cc4ccccc4)cc3C=C)ccc2c1C=Cc1ccc(C=C)cc1')
[0.8779470920562744] Updated in round 15! max:(0.3698630136986301, 'C=Cc1ccc2ccc3c(ccccc2c1)ccc1cc(-c2ccc(C=CC=Cc4ccccc4)cc2C=C)ccc13')
[1.149254322052002] Updated in round 16! max:(0.3835616438356164, 'C=Cc1ccc2c(ccc3cc4ccc5cc(-c6ccc(C=CC=Cc7ccccc7)cc6C=C)ccc5c4cc32)c1')
[1.3491761684417725] Updated in round 17! max:(0.3972602739726027, 'C=Cc1ccc2c(ccc3cc4ccc5cc(-c6cc(C=C)c(C=CC=Cc7ccccc7)cc6C=C)ccc5c4cc32)c1')
[1.5437610149383545] Updated in round 18! max:(0.410958904109589, 'C=Cc1cccc(C=CC=Cc2cc(C=C)c(-c3ccc4c(ccc5cc6ccc7cc(C=C)ccc7c6cc54)c3)cc2C=C)c1')
[2.051506519317627] Updated in round 19! max:(0.4657534246575342, 'C=Cc1cccc(C=CC=Cc2cc(C=C)c(-c3ccc4c(ccc5cc6ccc7cc(C=C)c(-c8ccccc8)cc7c6cc54)c3)cc2C=C)c1')
[2.503016233444214] Updated in round 20! max:(0.4794520547945205, 'C=Cc1ccc(C=CC=Cc2cc(C=C)c(-c3ccc4c(ccc5cc6ccc7cc(C=C)c(-c8ccccc8)cc7c6cc54)c3)cc2C=C)cc1C=C')
[2.8840525150299072] Updated in round 21! max:(0.4931506849315068, 'C=Cc1ccc(C=c2ccc3cc(C=C)c(-c4ccc5c(ccc6cc7ccc8cc(C=C)c(-c9ccccc9)cc8c7cc65)c4)cc3c2=C)cc1C=C')
[3.2064149379730225] Updated in round 22! max:(0.5068493150684932, 'C=Cc1ccc(-c2cc3c(ccc4cc5ccc6cc(-c7cc8c(=C)c(=Cc9ccc(C=C)c(C=C)c9)ccc8cc7C=C)ccc6c5cc43)cc2C=C)cc1')
[3.524007797241211] Updated in round 23! max:(0.5205479452054794, 'C=Cc1ccc(-c2cc3c(ccc4cc5ccc6cc(-c7cc8c(=C)c(=Cc9ccc%10ccccc%10c9)ccc8cc7C=C)ccc6c5cc43)cc2C=C)cc1')
[3.8953733444213867] Updated in round 24! max:(0.547945205479452, 'C=Cc1cc2ccc(=Cc3ccc4ccccc4c3)c(=C)c2cc1-c1ccc2c(ccc3cc4ccc5cc(C=C)c(-c6ccc7ccccc7c6)cc5c4cc32)c1')
[4.260680913925171] Updated in round 25! max:(0.589041095890411, 'C=Cc1cc2ccc(=Cc3ccc4cc5ccccc5cc4c3)c(=C)c2cc1-c1ccc2c(ccc3cc4ccc5cc(C=C)c(-c6ccc7ccccc7c6)cc5c4cc32)c1')
[4.746299505233765] Updated in round 26! max:(0.6301369863013698, 'C=Cc1cc2ccc(=Cc3ccc4cc5ccc6ccccc6c5cc4c3)c(=C)c2cc1-c1ccc2c(ccc3cc4ccc5cc(C=C)c(-c6ccc7ccccc7c6)cc5c4cc32)c1')
[5.3718297481536865] Updated in round 27! max:(0.6438356164383562, 'C=Cc1ccc2ccc3cc4ccc(C=c5ccc6cc(C=C)c(-c7ccc8c(ccc9cc%10ccc%11cc(C=C)c(-c%12ccc%13ccccc%13c%12)cc%11c%10cc98)c7)cc6c5=C)cc4cc3c2c1')
[6.099063396453857] Updated in round 28! max:(0.6712328767123288, 'C=Cc1cc2ccc(=Cc3ccc4cc5ccc6cc7ccccc7cc6c5cc4c3)c(=C)c2cc1-c1ccc2c(ccc3cc4ccc5cc(C=C)c(-c6ccc7ccccc7c6)cc5c4cc32)c1')
[6.736130952835083] Updated in round 29! max:(0.684931506849315, 'C=Cc1cc2ccc3cc4ccc5cc(-c6cc7c(ccc8cc9ccc%10cc%11ccc%12cc%13ccccc%13cc%12c%11cc%10c9cc87)cc6C=C)ccc5c4cc3c2cc1-c1ccc2ccccc2c1')
[7.702351808547974] Updated in round 30! max:(0.6986301369863014, 'C=Cc1cc2ccc3cc4ccc5cc(-c6cc7c(ccc8cc9ccc%10cc%11ccc%12cc%13ccccc%13cc%12c%11cc%10c9cc87)cc6C=C)ccc5c4cc3c2cc1-c1ccc2cccc(C=C)c2c1')
[8.463565111160278] Updated in round 31! max:(0.726027397260274, 'C=Cc1cc2ccc3cc4ccc5cc(-c6cc7c(ccc8cc9ccc%10cc%11ccc%12cc%13ccccc%13cc%12c%11cc%10c9cc87)cc6C=C)ccc5c4cc3c2cc1-c1ccc2ccc3ccccc3c2c1')
[9.484419345855713] Updated in round 32! max:(0.7397260273972602, 'C=Cc1cc2ccc3cc4ccc5cc6c(ccc7cc8ccc9cc%10ccc%11cc%12ccc%13cc%14ccccc%14cc%13c%12cc%11c%10cc9c8cc76)cc5c4cc3c2cc1-c1ccc2ccc3ccccc3c2c1')
[10.805119037628174] Updated in round 33! max:(0.7534246575342466, 'C=Cc1ccc2cc3c(ccc4cc5ccc6cc7ccc8cc9ccc%10cc%11c(ccc%12cc%13ccc%14cc(C=C)c(-c%15ccc%16ccc%17ccccc%17c%16c%15)cc%14c%13cc%12%11)cc%10c9cc8c7cc6c5cc43)cc2c1')
[12.780664682388306] Updated in round 34! max:(0.7945205479452054, 'C=Cc1ccc2cc3c(ccc4cc5ccc6cc7ccc8cc9ccc%10cc%11c(ccc%12cc%13ccc%14cc(C=C)c(-c%15ccc%16ccc%17cc%18ccccc%18cc%17c%16c%15)cc%14c%13cc%12%11)cc%10c9cc8c7cc6c5cc43)cc2c1')
[14.842780113220215] Updated in round 35! max:(0.8082191780821918, 'C=CC=Cc1ccc2cc3c(ccc4cc5ccc6cc7ccc8cc9ccc%10cc%11c(ccc%12cc%13ccc%14cc(C=C)c(-c%15ccc%16ccc%17cc%18ccccc%18cc%17c%16c%15)cc%14c%13cc%12%11)cc%10c9cc8c7cc6c5cc43)cc2c1')
[16.37862253189087] Updated in round 36! max:(0.863013698630137, 'C=Cc1cc2ccc3cc4ccc5cc6c(ccc7cc8ccc9cc%10ccc%11cc%12ccc%13cc%14cc(C=CC=Cc%15ccccc%15)ccc%14cc%13c%12cc%11c%10cc9c8cc76)cc5c4cc3c2cc1-c1ccc2ccc3cc4ccccc4cc3c2c1')
[18.930378675460815] Updated in round 37! max:(0.8904109589041096, 'C=Cc1cc2ccc3cc4ccc5cc6c(ccc7cc8ccc9cc%10ccc%11cc%12ccc%13cc%14c(ccc%15cc(C=Cc%16ccccc%16)ccc%15%14)cc%13c%12cc%11c%10cc9c8cc76)cc5c4cc3c2cc1-c1ccc2ccc3cc4ccccc4cc3c2c1')
[21.453336000442505] Updated in round 38! max:(0.9041095890410958, 'C=Cc1ccc(C=Cc2ccc3c(ccc4cc5c(ccc6cc7ccc8cc9ccc%10cc%11ccc%12cc%13c(ccc%14cc%15ccc%16cc(C=C)c(-c%17ccc%18ccc%19cc%20ccccc%20cc%19c%18c%17)cc%16c%15cc%14%13)cc%12c%11cc%10c9cc8c7cc65)cc43)c2)cc1')
[27.306382656097412] Updated in round 39! max:(0.9178082191780822, 'C=Cc1ccc(C=Cc2ccc3c(ccc4cc5c(ccc6cc7ccc8cc9ccc%10cc%11ccc%12cc%13c(ccc%14cc%15ccc%16cc(C=C)c(-c%17ccc%18ccc%19cc%20ccccc%20cc%19c%18c%17)cc%16c%15cc%14%13)cc%12c%11cc%10c9cc8c7cc65)cc43)c2)cc1C=C')
[31.246830463409424] Updated in round 40! max:(0.9315068493150684, 'C=CC(=C)c1ccc(C=Cc2ccc3c(ccc4cc5c(ccc6cc7ccc8cc9ccc%10cc%11ccc%12cc%13c(ccc%14cc%15ccc%16cc(C=C)c(-c%17ccc%18ccc%19cc%20ccccc%20cc%19c%18c%17)cc%16c%15cc%14%13)cc%12c%11cc%10c9cc8c7cc65)cc43)c2)cc1C=C')
[36.02764940261841] Updated in round 41! max:(0.9452054794520548, 'C=CC(=C)c1ccc(C=Cc2ccc3c(ccc4cc5c(ccc6cc7ccc8cc9ccc%10cc%11ccc%12cc%13c(ccc%14cc%15ccc%16cc%17ccc%18cc%19ccc%20cc%21ccccc%21cc%20c%19cc%18c%17cc%16c%15cc%14%13)cc%12c%11cc%10c9cc8c7cc65)cc43)c2)cc1C=C')
[41.86171913146973] Updated in round 42! max:(0.958904109589041, 'C=c1ccc2cc(C=Cc3ccc4c(ccc5cc6c(ccc7cc8ccc9cc%10ccc%11cc%12ccc%13cc%14c(ccc%15cc%16ccc%17cc%18ccc%19cc%20ccc%21cc%22ccccc%22cc%21c%20cc%19c%18cc%17c%16cc%15%14)cc%13c%12cc%11c%10cc9c8cc76)cc54)c3)ccc2c1=C')
[48.30114817619324] Updated in round 43! max:(0.9726027397260274, 'C=c1ccc2cc3ccc4cc5ccc6cc7c(ccc8cc9ccc%10cc%11ccc%12cc%13ccc%14cc%15c(ccc%16cc%17ccc%18cc%19ccc%20cc%21ccc%22cc%23ccccc%23cc%22c%21cc%20c%19cc%18c%17cc%16%15)cc%14c%13cc%12c%11cc%10c9cc87)cc6c5cc4c3cc2c1=C')
[62.06193208694458] Updated in round 44! max:(0.9863013698630136, 'C=c1ccc2cc3ccc4cc5ccc6cc7c8ccc9cc%10ccc%11cc%12ccc%13cc%14ccc%15cc%16c(ccc%17cc%18ccc%19cc%20ccc%21cc%22ccc%23cc%24c(cccc%24cc%23c%22cc%21c%20cc%19c%18cc%17%16)C=c1c2cc3c4cc5c6c8)cc%15c%14cc%13c%12cc%11c%10cc97')
[80.42221450805664] Updated in round 45! max:(1.0, 'c1cc2cc3ccc4cc5ccc6cc7ccc8cc9c%10ccc%11cc%12ccc%13cc%14ccc%15cc%16ccc%17cc%18c(ccc%19cc%20ccc%21cc%22ccc%23cc%24ccc%25cc(c1cc%25c%24cc%23c%22cc%21c%20cc%19%18)c2cc3c4cc5c6cc7c8c%10)cc%17c%16cc%15c%14cc%13c%12cc%119')
[80.42223000526428] Reproduced in round 45!!
