[5.4836273193359375e-05] Start running HillClimbing from [H][H]...
[0.00046062469482421875] Updated in round 1! max:(0.03225806451612903, 'C=C')
[0.0009307861328125] Updated in round 2! max:(0.06451612903225806, 'C=CC=C')
[0.002180814743041992] Updated in round 3! max:(0.0967741935483871, 'C#CC(=C)C=C')
[0.002958059310913086] Updated in round 4! max:(0.12903225806451613, 'C#CC(=C)C=CC=C')
[0.004745006561279297] Updated in round 5! max:(0.16129032258064516, 'C=CC#CC(=C)C=CC=C')
[0.006750583648681641] Updated in round 6! max:(0.1935483870967742, 'C=CC=CC(=C)C#CC(=C)C=C')
[0.009797811508178711] Updated in round 7! max:(0.22580645161290322, 'C=CC=CC(=C)C#CC(C=C)=CC=C')
[0.014862298965454102] Updated in round 8! max:(0.25806451612903225, 'C=CC=C(C#Cc1ccccc1)C=C')
[0.0216066837310791] Updated in round 9! max:(0.2903225806451613, 'C(#Cc1ccccc1)c1ccccc1')
[0.027501821517944336] Updated in round 10! max:(0.3225806451612903, 'C#Cc1ccc(C#Cc2ccccc2)cc1')
[0.03291678428649902] Updated in round 11! max:(0.3548387096774194, 'C=CC#Cc1ccc(C#Cc2ccccc2)cc1')
[0.040676116943359375] Updated in round 12! max:(0.3870967741935484, 'C#Cc1ccc(C#Cc2ccc(C#CC=C)cc2)cc1')
[0.05354666709899902] Updated in round 13! max:(0.41935483870967744, 'C=CC#Cc1ccc(C#Cc2ccc(C#CC=C)cc2)cc1')
[0.06681942939758301] Updated in round 14! max:(0.45161290322580644, 'C=CC#Cc1ccc(C#Cc2ccc(C#CC(=C)C=C)cc2)cc1')
[0.0850837230682373] Updated in round 15! max:(0.4838709677419355, 'C=CC#Cc1ccc(C#Cc2ccc(C#CC(=C)C=CC=C)cc2)cc1')
[0.1036219596862793] Updated in round 16! max:(0.5161290322580645, 'C=CC#Cc1ccc(C#Cc2ccc(C#Cc3ccccc3)cc2)cc1')
[0.1269075870513916] Updated in round 17! max:(0.5483870967741935, 'C#Cc1ccc(C#Cc2ccc(C#Cc3ccc(C#CC=C)cc3)cc2)cc1')
[0.14878368377685547] Updated in round 18! max:(0.5806451612903226, 'C=CC#Cc1ccc(C#Cc2ccc(C#Cc3ccc(C#CC=C)cc3)cc2)cc1')
[0.17477822303771973] Updated in round 19! max:(0.6129032258064516, 'C=CC#Cc1ccc(C#Cc2ccc(C#Cc3ccc(C#CC(=C)C=C)cc3)cc2)cc1')
[0.2087535858154297] Updated in round 20! max:(0.6451612903225806, 'C=CC=CC#Cc1ccc(C#Cc2ccc(C#Cc3ccc(C#CC(=C)C=C)cc3)cc2)cc1')
[0.2509920597076416] Updated in round 21! max:(0.6774193548387096, 'C=CC=C(C#Cc1ccc(C#Cc2ccc(C#Cc3ccc(C#CC(=C)C=C)cc3)cc2)cc1)C=C')
[0.30170369148254395] Updated in round 22! max:(0.7096774193548387, 'C=CC=C(C#Cc1ccc(C#Cc2ccc(C#Cc3ccc(C#CC(C=C)=CC=C)cc3)cc2)cc1)C=C')
[0.35651278495788574] Updated in round 23! max:(0.7419354838709677, 'C#CC=CC=C(C#Cc1ccc(C#Cc2ccc(C#Cc3ccc(C#CC(C=C)=CC=C)cc3)cc2)cc1)C=C')
[0.4208400249481201] Updated in round 24! max:(0.7741935483870968, 'C=CC#CC=CC=C(C#Cc1ccc(C#Cc2ccc(C#Cc3ccc(C#CC(C=C)=CC=C)cc3)cc2)cc1)C=C')
[0.5025234222412109] Updated in round 25! max:(0.8064516129032258, 'C=CC=C(C#Cc1ccc(C#Cc2ccc(C#Cc3ccc(C#CC(C=C)=CC=CC#CC(=C)C=C)cc3)cc2)cc1)C=C')
[0.5940370559692383] Updated in round 26! max:(0.8387096774193549, 'C=CC=C(C#CC=CC=C(C#Cc1ccc(C#Cc2ccc(C#Cc3ccc(C#CC(C=C)=CC=C)cc3)cc2)cc1)C=C)C=C')
[0.7112922668457031] Updated in round 27! max:(0.8709677419354839, 'C=CC=C(C#Cc1ccc(C#Cc2ccc(C#Cc3ccc(C#CC(C=C)=CC=CC#Cc4ccccc4)cc3)cc2)cc1)C=C')
[0.8307368755340576] Updated in round 28! max:(0.9032258064516129, 'C=CC(C#Cc1ccc(C#Cc2ccc(C#Cc3ccc(C#Cc4ccccc4)cc3)cc2)cc1)=CC=CC#Cc1ccccc1')
[0.9535484313964844] Updated in round 29! max:(0.9354838709677419, 'C#Cc1ccc(C#Cc2ccc(C#Cc3ccc(C#Cc4ccc(C#CC(C=C)=CC=CC#Cc5ccccc5)cc4)cc3)cc2)cc1')
[1.1147942543029785] Updated in round 30! max:(0.967741935483871, 'C=CC1=CC=CC#Cc2ccc(cc2)C#Cc2ccc(cc2)C#Cc2ccc(cc2)C#Cc2ccc(cc2)C#Cc2ccc(cc2)C#C1')
[1.2721095085144043] Updated in round 31! max:(1.0, 'C1#Cc2ccc(cc2)C#Cc2ccc(cc2)C#Cc2ccc(cc2)C#Cc2ccc(cc2)C#Cc2ccc(cc2)C#Cc2ccc1cc2')
[1.2721216678619385] Reproduced in round 31!!
