[5.459785461425781e-05] Start running HillClimbing from [H][H]...
[0.0005369186401367188] Updated in round 1! max:(0.02702702702702703, 'C=C')
[0.0010662078857421875] Updated in round 2! max:(0.05405405405405406, 'C=CC=C')
[0.0019016265869140625] Updated in round 3! max:(0.08108108108108109, 'C=CC=CC=C')
[0.0032570362091064453] Updated in round 4! max:(0.10810810810810811, 'C=CC=C(C=C)C=C')
[0.025303125381469727] Updated in round 5! max:(0.13513513513513514, 'C=CC=C(C=C)C(=C)C=C')
[0.027982234954833984] Updated in round 6! max:(0.16216216216216217, 'C=CC=c1ccccc1=C')
[0.03273606300354004] Updated in round 7! max:(0.1891891891891892, 'C=CC=CC=c1ccccc1=C')
[0.04921579360961914] Updated in round 8! max:(0.21621621621621623, 'C=CC=C(C=C)C=c1ccccc1=C')
[0.05575251579284668] Updated in round 9! max:(0.24324324324324326, 'C=CC(=C)C=C(C=C)C=c1ccccc1=C')
[0.0667417049407959] Updated in round 10! max:(0.2702702702702703, 'C=CC=C(C=C)C=C(C=C)C=c1ccccc1=C')
[0.07772493362426758] Updated in round 11! max:(0.2972972972972973, 'C=CC=C(C=C)C=C(C=C)C=c1ccc(C=C)cc1=C')
[0.0918281078338623] Updated in round 12! max:(0.32432432432432434, 'C=CC=c1cc(C=c2ccc(C=C)cc2=C)ccc1=C')
[0.10718894004821777] Updated in round 13! max:(0.35135135135135137, 'C=CC=CC=c1cc(C=c2ccc(C=C)cc2=C)ccc1=C')
[0.13678288459777832] Updated in round 14! max:(0.3783783783783784, 'C=CC=CC=c1cc(C=c2cc(C=C)c(C=C)cc2=C)ccc1=C')
[0.15862154960632324] Updated in round 15! max:(0.40540540540540543, 'C=CC=CC=CC=c1cc(C=c2cc(C=C)c(C=C)cc2=C)ccc1=C')
[0.19041800498962402] Updated in round 16! max:(0.43243243243243246, 'C=CC=CC=CC=c1cc(C=c2cc(C=C)c(C=CC=C)cc2=C)ccc1=C')
[0.23211073875427246] Updated in round 17! max:(0.4594594594594595, 'C=CC=CC=CC=c1cc2cc3cc(C=C)c(C=CC=C)cc3cc2cc1=C')
[0.3025329113006592] Updated in round 18! max:(0.4864864864864865, 'C=CC=CC=CC=CC=c1cc2cc3cc(C=C)c(C=CC=C)cc3cc2cc1=C')
[0.36600422859191895] Updated in round 19! max:(0.5135135135135135, 'C=CC=Cc1cc2cc3cc(=C)c(=CC=CC=CC=CC(=C)C=C)cc3cc2cc1C=C')
[0.41718125343322754] Updated in round 20! max:(0.5405405405405406, 'C=CC=Cc1cc2cc3cc(=C)c(=CC=CC=CC=CC(=C)C(=C)C=C)cc3cc2cc1C=C')
[0.4840719699859619] Updated in round 21! max:(0.5675675675675675, 'C=CC=Cc1cc2cc3cc(=C)c(=CC=CC=CC=CC(=CC=C)C(=C)C=C)cc3cc2cc1C=C')
[0.5626974105834961] Updated in round 22! max:(0.5945945945945946, 'C=CC=Cc1cc2cc3cc(=C)c(=CC=CC=CC=CC(=CC(=C)C=C)C(=C)C=C)cc3cc2cc1C=C')
[0.6941568851470947] Updated in round 23! max:(0.6216216216216216, 'C=CC=Cc1cc2cc3cc(=C)c(=CC=CC(C=C)=CC=CC(=CC(=C)C=C)C(=C)C=C)cc3cc2cc1C=C')
[0.7976551055908203] Updated in round 24! max:(0.6486486486486487, 'C=CC=Cc1cc2cc3cc(=C)c(=CC=CC(C=C)=CC=Cc4cc(=C)c(=C)cc4C=C)cc3cc2cc1C=C')
[0.8860900402069092] Updated in round 25! max:(0.6756756756756757, 'C=CC=Cc1cc2cc3cc(=C)c(=CC=Cc4ccccc5cc(=C)c(=C)cc5ccc4)cc3cc2cc1C=C')
[0.9896233081817627] Updated in round 26! max:(0.7027027027027027, 'C=Cc1ccc2cc3cc4cc(=CC=Cc5ccccc6cc(=C)c(=C)cc6ccc5)c(=C)cc4cc3cc2c1')
[1.1829249858856201] Updated in round 27! max:(0.7297297297297297, 'C=CC=c1cc2cc3cc4cc(C=C)ccc4cc3cc2cc1=CC=Cc1ccccc2cc(=C)c(=C)cc2ccc1')
[1.3052380084991455] Updated in round 28! max:(0.7567567567567568, 'C=CC=c1cc2cc3cc4cc(C=C)ccc4cc3cc2cc1=CC=Cc1ccc2cc3cc(=C)c(=C)cc3cc2c1')
[1.4712133407592773] Updated in round 29! max:(0.7837837837837838, 'C=CC=c1cc2cc3ccc(C=CC=c4cc5cc6cc7ccc(C=C)cc7cc6cc5cc4=CC=C)cc3cc2cc1=C')
[1.6640748977661133] Updated in round 30! max:(0.8108108108108109, 'C=CC=c1cc2cc3ccc(C=CC=c4cc5cc6cc7cc(C=C)c(C=C)cc7cc6cc5cc4=CC=C)cc3cc2cc1=C')
[1.850074052810669] Updated in round 31! max:(0.8378378378378378, 'C=CC=Cc1cc2cc3cc4cc(=CC=Cc5ccc6cc7cc(=CC=C)c(=C)cc7cc6c5)c(=CC=C)cc4cc3cc2cc1C=C')
[2.023634433746338] Updated in round 32! max:(0.8648648648648649, 'C=CC=Cc1cc2cc3cc4cc5cccc6cc7cc8cc(=C)c(=CC=C)cc8cc7cc6cccc5cc4cc3cc2cc1C=C')
[2.2609174251556396] Updated in round 33! max:(0.8918918918918919, 'C=CC=c1cc2cc3cc4cccc5cc6cc7cc8cc(C=C)c9cc8cc7cc6cc5cccc4cc3cc2cc1=CC=CC=C9')
[2.5124192237854004] Updated in round 34! max:(0.918918918918919, 'C=CC=c1cc2cc3cc4cc5cc6cc7cc8cc9cc(C=C)c%10cc9cc8cc7cc6cc5cc4cc3cc2cc1=CC=CC=C%10')
[2.81391978263855] Updated in round 35! max:(0.9459459459459459, 'C=Cc1cc2cc3cc4cc5cc6cc7cc8cc9cc%10cc(=C)c%11cc%10cc9cc8cc7cc6cc5cc4cc3cc2cc1C=CC=%11')
[3.041811227798462] Updated in round 36! max:(0.972972972972973, 'c1cc2cc3cc4cc5cc6cc7cc8cc9cc%10cc%11cc(c1)c1cccc2cc3cc4cc5cc6cc7cc8cc9cc%10cc%11c1')
[3.232349157333374] Updated in round 37! max:(1.0, 'c1c2cc3cc4cc5cc6cc7cc8cc9cc%10cc%11cc%12cc1c1cc2cc3cc4cc5cc6cc7cc8cc9cc%10cc%11cc%12c1')
[3.2323601245880127] Reproduced in round 37!!
