[5.3882598876953125e-05] Start running HillClimbing from [H][H]...
[0.00041747093200683594] Updated in round 1! max:(0.025, 'C#C')
[0.0008423328399658203] Updated in round 2! max:(0.05, 'C#CC=C')
[0.0014789104461669922] Updated in round 3! max:(0.075, 'C#CC=CC=C')
[0.0025968551635742188] Updated in round 4! max:(0.1, 'C#CC=CC=CC#C')
[0.004357337951660156] Updated in round 5! max:(0.125, 'C#CC=CC(C#C)=CC#C')
[0.006106853485107422] Updated in round 6! max:(0.15, 'C#CC=CC(C#CC=C)=CC#C')
[0.009400367736816406] Updated in round 7! max:(0.175, 'C#CC=C(C#C)C(C#CC=C)=CC#C')
[0.012343883514404297] Updated in round 8! max:(0.2, 'C#CC=C(C#C)C(C#CC(=C)C=C)=CC#C')
[0.016152381896972656] Updated in round 9! max:(0.225, 'C#CC=C(C#C)C(C#CC(=C)C(=C)C#C)=CC#C')
[0.020148277282714844] Updated in round 10! max:(0.25, 'C#CC=C(C#CC(=C)C(=C)C#C)C(C#C)=C(C#C)C=C')
[0.02648305892944336] Updated in round 11! max:(0.275, 'C#CC=C(C#CC(=C)C(=C)C#C)C(C#C)=C(C#CC=C)C=C')
[0.03284478187561035] Updated in round 12! max:(0.3, 'C#CC=C(C#CC(=CC=C)C(=C)C#C)C(C#C)=C(C#CC=C)C=C')
[0.04440665245056152] Updated in round 13! max:(0.325, 'C#CC(=C)C(C#Cc1c(C#C)ccc(C#CC=C)c1C#C)=CC=C')
[0.05386161804199219] Updated in round 14! max:(0.35, 'C#CC(=C)C(C#Cc1c(C#C)cc(C#C)c(C#CC=C)c1C#C)=CC=C')
[0.06392693519592285] Updated in round 15! max:(0.375, 'C#Cc1ccccc1C#Cc1c(C#C)cc(C#C)c(C#CC=C)c1C#C')
[0.07668852806091309] Updated in round 16! max:(0.4, 'C#Cc1ccccc1C#Cc1c(C#C)cc(C#C)c(C#CC=C)c1C#CC=C')
[0.0897057056427002] Updated in round 17! max:(0.425, 'C#CC=CC#Cc1c(C#CC=C)c(C#C)cc(C#C)c1C#Cc1ccccc1C#C')
[0.10633587837219238] Updated in round 18! max:(0.45, 'C#Cc1ccccc1C#Cc1c(C#C)cc(C#C)c2c1C#CC=CC#CC=CC#C2')
[0.12214350700378418] Updated in round 19! max:(0.475, 'C#Cc1ccccc1C#Cc1c(C#C)cc(C#C)c2c1C#CC=CC#CC(C=C)=CC#C2')
[0.14318466186523438] Updated in round 20! max:(0.5, 'C#Cc1ccccc1C#Cc1c(C#C)c(C#C)c(C#C)c2c1C#CC=CC#CC(C=C)=CC#C2')
[0.1625041961669922] Updated in round 21! max:(0.525, 'C#Cc1ccccc1C#Cc1c(C#C)c(C#C)c(C#C)c2c1C#CC=C(C=C)C#CC(C=C)=CC#C2')
[0.18681645393371582] Updated in round 22! max:(0.55, 'C#Cc1ccccc1C#Cc1c(C#C)c(C#C)c(C#C)c2c1C#CC=C(C=C)C#CC(C=C)=C(C=C)C#C2')
[0.21843481063842773] Updated in round 23! max:(0.575, 'C#Cc1ccccc1C#Cc1c(C#C)c(C#CC=C)c(C#C)c2c1C#CC=C(C=C)C#CC(C=C)=C(C=C)C#C2')
[0.2519524097442627] Updated in round 24! max:(0.6, 'C#Cc1ccccc1C#Cc1c(C#C)c(C#CC=CC=C)c(C#C)c2c1C#CC=C(C=C)C#CC(C=C)=C(C=C)C#C2')
[0.29316115379333496] Updated in round 25! max:(0.625, 'C#Cc1ccccc1C#Cc1c(C#C)c(C#CC=CC=C)c(C#C)c2c1C#CC=C(C=C)C#Cc1ccccc1C#C2')
[0.34913134574890137] Updated in round 26! max:(0.65, 'C#Cc1ccccc1C#Cc1c(C#C)c(C#CC=CC=CC=C)c(C#C)c2c1C#CC=C(C=C)C#Cc1ccccc1C#C2')
[0.40883803367614746] Updated in round 27! max:(0.675, 'C#Cc1ccccc1C#Cc1c(C#C)c(C#CC=CC=CC=C)c(C#CC=C)c2c1C#CC=C(C=C)C#Cc1ccccc1C#C2')
[0.47029948234558105] Updated in round 28! max:(0.7, 'C#Cc1ccccc1C#Cc1c(C#C)c(C#CC=CC=CC=C)c(C#CC(=C)C=C)c2c1C#CC=C(C=C)C#Cc1ccccc1C#C2')
[0.5419952869415283] Updated in round 29! max:(0.725, 'C#CC(=C)C(=C)C#Cc1c(C#CC=CC=CC=C)c(C#C)c(C#Cc2ccccc2C#C)c2c1C#Cc1ccccc1C#CC(C=C)=CC#C2')
[0.615344762802124] Updated in round 30! max:(0.75, 'C#Cc1ccccc1C#Cc1c(C#C)c2c#ccc(C=CC=C)c#cc(=C)c(=C)c#cc2c2c#cc3ccccc3c#cc(C=C)cc#cc12')
[0.6870260238647461] Updated in round 31! max:(0.775, 'C#Cc1ccccc1C#Cc1c(C#C)c2c#ccc(C=CC=C)c#cc(=C)c(=C)c#cc2c2c#cc3ccccc3c#cc(C=C)c(C=C)c#cc12')
[0.7840893268585205] Updated in round 32! max:(0.8, 'C#Cc1ccccc1C#Cc1c(C#C)c2c#ccc(C=CC=C)c#cc(=C)c(=CC=C)c#cc2c2c#cc3ccccc3c#cc(C=C)c(C=C)c#cc12')
[0.8964114189147949] Updated in round 33! max:(0.825, 'C#Cc1c(C#Cc2ccccc2C#CC=C)c2c#cc(C=C)c(C=C)c#cc3ccccc3c#cc2c2c#cc(=CC=C)c(=C)c#cc(C=CC=C)cc#cc12')
[1.0049159526824951] Updated in round 34! max:(0.85, 'C#Cc1c(C#Cc2ccccc2C#CC=C)c2c#cc3ccccc3c#cc3ccccc3c#cc2c2c#cc(=CC=C)c(=C)c#cc(C=CC=C)cc#cc12')
[1.1333537101745605] Updated in round 35! max:(0.875, 'C#Cc1c(C#Cc2ccccc2C#CC=CC=C)c2c#cc3ccccc3c#cc3ccccc3c#cc2c2c#cc(=CC=C)c(=C)c#cc(C=CC=C)cc#cc12')
[1.2630400657653809] Updated in round 36! max:(0.9, 'C#Cc1c(C#Cc2ccccc2C#CC=CC=C)c2c#cc3ccccc3c#cc3ccccc3c#cc2c2c#cc(=CC=C)c(=C)c#cc3ccccc3c#cc12')
[1.3934965133666992] Updated in round 37! max:(0.925, 'C=CC=c1c#cc2c(c#cc3ccccc3c#cc1=C)c1c#cc(C=C)cc#cc3ccccc3c#cc1c1c#cc3ccccc3c#cc3ccccc3c#cc21')
[1.5215721130371094] Updated in round 38! max:(0.95, 'C=CC=c1c#cc2c(c#cc3ccccc3c#cc1=C)c1c#cc(C=C)c(C=C)c#cc3ccccc3c#cc1c1c#cc3ccccc3c#cc3ccccc3c#cc21')
[1.6646363735198975] Updated in round 39! max:(0.975, 'C=Cc1c#cc2ccccc2c#cc2c(c#cc1C=C)c1c#cc3ccccc3c#cc3ccccc3c#cc1c1c#cc3ccccc3c#cc3ccccc3c#cc21')
[1.9149293899536133] Updated in round 40! max:(1.0, 'c1c2ccccc2c#cc2c3c#cc4ccccc4c#cc4ccccc4c#cc3c3c#cc4ccccc4c#cc4ccccc4c#cc3c2c#cc2ccccc2c#1')
[1.9149410724639893] Reproduced in round 40!!
