[3.552436828613281e-05] Start running HillClimbing from [H][H]...
[0.0003955364227294922] Updated in round 1! max:(0.043478260869565216, 'C=C')
[0.00079345703125] Updated in round 2! max:(0.08695652173913043, 'C=CC=C')
[0.0014629364013671875] Updated in round 3! max:(0.13043478260869565, 'C=CC=CC=C')
[0.002578258514404297] Updated in round 4! max:(0.17391304347826086, 'C=CC=C(C=C)C=C')
[0.004281520843505859] Updated in round 5! max:(0.21739130434782608, 'C=CC(C=C)=C(C=C)C=C')
[0.0065648555755615234] Updated in round 6! max:(0.2608695652173913, 'C=CC=CC(C=C)=C(C=C)C=C')
[0.010254144668579102] Updated in round 7! max:(0.30434782608695654, 'C=CC(=C)C=CC(C=C)=C(C=C)C=C')
[0.015613555908203125] Updated in round 8! max:(0.34782608695652173, 'C=CC1=CC=CC(C=C)=C(C=C)C=C1')
[0.021198511123657227] Updated in round 9! max:(0.391304347826087, 'C=CC1=C(C=C)C=CC(C=C)=C(C=C)C=C1')
[0.02913808822631836] Updated in round 10! max:(0.43478260869565216, 'C=CC1=C(C=C)C=Cc2ccccc2C=C1')
[0.03763222694396973] Updated in round 11! max:(0.4782608695652174, 'C1=Cc2ccccc2C=Cc2ccccc21')
[0.047998666763305664] Updated in round 12! max:(0.5217391304347826, 'C=Cc1ccc2c(c1)C=Cc1ccccc1C=C2')
[0.06302142143249512] Updated in round 13! max:(0.5652173913043478, 'C=Cc1ccc2c(c1)C=Cc1ccc(C=C)cc1C=C2')
[0.08032655715942383] Updated in round 14! max:(0.6086956521739131, 'C=Cc1ccc2c(c1)C=Cc1cc(C=C)c(C=C)cc1C=C2')
[0.1042470932006836] Updated in round 15! max:(0.6521739130434783, 'C=Cc1ccc2c(c1)C=Cc1cc3ccccc3cc1C=C2')
[0.1283435821533203] Updated in round 16! max:(0.6956521739130435, 'C=Cc1cc2c(cc1C=C)C=Cc1cc3ccccc3cc1C=C2')
[0.15112733840942383] Updated in round 17! max:(0.7391304347826086, 'C=Cc1ccc2cc3c(cc2c1)C=Cc1cc(C=C)c(C=C)cc1C=C3')
[0.1798079013824463] Updated in round 18! max:(0.782608695652174, 'C=Cc1cc2c(cc1C=C)C=Cc1cc3cc(C=C)c(C=C)cc3cc1C=C2')
[0.21726250648498535] Updated in round 19! max:(0.8260869565217391, 'C=Cc1cc2cc3c(cc2cc1C=C)C=Cc1cc2ccccc2cc1C=C3')
[0.2581007480621338] Updated in round 20! max:(0.8695652173913043, 'C1=Cc2cc3cc4ccccc4cc3cc2C=Cc2cc3ccccc3cc21')
[0.3064234256744385] Updated in round 21! max:(0.9130434782608695, 'C=Cc1ccc2cc3c(cc2c1)C=Cc1cc2cc4ccccc4cc2cc1C=C3')
[0.37677001953125] Updated in round 22! max:(0.9565217391304348, 'C=CC=Cc1ccc2cc3c(cc2c1)C=Cc1cc2cc4ccccc4cc2cc1C=C3')
[0.4662742614746094] Updated in round 23! max:(1.0, 'C1=Cc2cc3cc4ccccc4cc3cc2C=Cc2cc3cc4ccccc4cc3cc21')
[0.46628642082214355] Reproduced in round 23!!
