[6.818771362304688e-05] Start running HillClimbing from [H][H]...
[0.0005257129669189453] Updated in round 1! max:(0.018867924528301886, 'C=C')
[0.001117706298828125] Updated in round 2! max:(0.03773584905660377, 'C=CC=C')
[0.001994609832763672] Updated in round 3! max:(0.05660377358490566, 'C=CC(=C)C=C')
[0.0033185482025146484] Updated in round 4! max:(0.07547169811320754, 'C=CC(=C)C(=C)C=C')
[0.005341291427612305] Updated in round 5! max:(0.09433962264150944, 'C=CC=C(C=C)C(=C)C=C')
[0.00834345817565918] Updated in round 6! max:(0.11320754716981132, 'C=CC=C(C=C)C(=C)C(=C)C=C')
[0.012608766555786133] Updated in round 7! max:(0.1320754716981132, 'C=CC=CC(=C)C(=C)C(C=C)=CC=C')
[0.018129587173461914] Updated in round 8! max:(0.1509433962264151, 'C=CC=C(C=C)C(=C)C(=C)C=C(C=C)C=C')
[0.027518749237060547] Updated in round 9! max:(0.16981132075471697, 'C=CC=c1ccc(=C(C=C)C=C)c(=C)c1=C')
[0.035173654556274414] Updated in round 10! max:(0.18867924528301888, 'C=CC=c1ccc(=C(C=C)C(=C)C=C)c(=C)c1=C')
[0.04743385314941406] Updated in round 11! max:(0.20754716981132076, 'C=CC(=C)C(C=C)=c1ccc2ccccc2c1=C')
[0.06614899635314941] Updated in round 12! max:(0.22641509433962265, 'C=CC=CC(=C)C(C=C)=c1ccc2ccccc2c1=C')
[0.08837103843688965] Updated in round 13! max:(0.24528301886792453, 'C=CC=Cc1ccc2c(ccc3ccccc32)c1C=C')
[0.10458493232727051] Updated in round 14! max:(0.2641509433962264, 'C=CC(=C)C=Cc1ccc2c(ccc3ccccc32)c1C=C')
[0.1284191608428955] Updated in round 15! max:(0.2830188679245283, 'C=CC(=C)C=Cc1ccc2c(ccc3cc(C=C)ccc32)c1C=C')
[0.16025543212890625] Updated in round 16! max:(0.3018867924528302, 'C=CC=Cc1ccc2c(ccc3c(C=C)c(C=CC(=C)C=C)ccc32)c1')
[0.1962907314300537] Updated in round 17! max:(0.32075471698113206, 'C=CC=CC=Cc1ccc2c(ccc3c(C=C)c(C=CC(=C)C=C)ccc32)c1')
[0.24379825592041016] Updated in round 18! max:(0.33962264150943394, 'C=CC=CC=Cc1ccc2c(ccc3c4ccc(C(=C)C=C)cc4ccc23)c1')
[0.2813374996185303] Updated in round 19! max:(0.3584905660377358, 'C=CC=CC=C(C=C)c1ccc2c(ccc3c4ccc(C(=C)C=C)cc4ccc23)c1')
[0.32560229301452637] Updated in round 20! max:(0.37735849056603776, 'C=CC=CC=C(C=C)c1ccc2c(ccc3c4ccc(C(C=C)=CC=C)cc4ccc23)c1')
[0.3780524730682373] Updated in round 21! max:(0.39622641509433965, 'C=CC=C(C=C)c1ccc2c(ccc3c4ccc(-c5ccc(C=C)cc5)cc4ccc23)c1')
[0.4310879707336426] Updated in round 22! max:(0.41509433962264153, 'C=CC=CC(=CC=C)c1ccc2c(ccc3c4ccc(-c5ccc(C=C)cc5)cc4ccc23)c1')
[0.5276937484741211] Updated in round 23! max:(0.4339622641509434, 'C=CC=CC(=CC=C)c1ccc2c(ccc3c4ccc(-c5ccc(C(=C)C=C)cc5)cc4ccc23)c1')
[0.6203534603118896] Updated in round 24! max:(0.4528301886792453, 'C=CC(=C)c1ccc(-c2ccc3c(ccc4c5ccc(-c6cccc(C=C)c6)cc5ccc34)c2)cc1')
[0.7242803573608398] Updated in round 25! max:(0.4716981132075472, 'C=CC(=C)c1ccc(-c2ccc3c(ccc4c5ccc(-c6cccc(C=C)c6)cc5ccc34)c2)cc1C=C')
[0.8266537189483643] Updated in round 26! max:(0.49056603773584906, 'C=CC=Cc1cccc(-c2ccc3c(ccc4c5ccc(-c6ccc(C(=C)C=C)c(C=C)c6)cc5ccc34)c2)c1')
[0.9475526809692383] Updated in round 27! max:(0.5094339622641509, 'C=CC=Cc1cc(-c2ccc3c(ccc4c5ccc(-c6ccc(C(=C)C=C)c(C=C)c6)cc5ccc34)c2)ccc1C=C')
[1.067070722579956] Updated in round 28! max:(0.5283018867924528, 'C=CC=Cc1cc(-c2ccc3c(ccc4c5ccc(-c6ccc7c(=C)c(=C)ccc7c6)cc5ccc34)c2)ccc1C=C')
[1.1946535110473633] Updated in round 29! max:(0.5471698113207547, 'C=CC=Cc1cc(-c2ccc3c(ccc4c5ccc(-c6ccc7c(=CC=C)c(=C)ccc7c6)cc5ccc34)c2)ccc1C=C')
[1.4600963592529297] Updated in round 30! max:(0.5660377358490566, 'C=CC=CC=c1c(=C)ccc2cc(-c3ccc4c(ccc5c6ccc(-c7ccc(C=C)c(C=CC=C)c7)cc6ccc45)c3)ccc12')
[1.6580109596252441] Updated in round 31! max:(0.5849056603773585, 'C=CC=Cc1cc(-c2ccc3c(ccc4c5ccc(-c6ccc7c(ccc8cc(C=C)ccc87)c6)cc5ccc34)c2)ccc1C=C')
[1.8673374652862549] Updated in round 32! max:(0.6037735849056604, 'C=CC=Cc1cc(-c2ccc3c(ccc4c5ccc(-c6ccc7c(ccc8c(C=C)c(C=C)ccc87)c6)cc5ccc34)c2)ccc1C=C')
[2.1438519954681396] Updated in round 33! max:(0.6226415094339622, 'C=CC=Cc1cc(-c2ccc3c(ccc4c5ccc(-c6ccc7c(ccc8c9ccccc9ccc78)c6)cc5ccc34)c2)ccc1C=C')
[2.616525411605835] Updated in round 34! max:(0.6415094339622641, 'C=c1ccc2cc(-c3ccc4c(ccc5c6ccc(-c7ccc8c(ccc9c%10ccccc%10ccc89)c7)cc6ccc45)c3)ccc2c1=C')
[3.0559353828430176] Updated in round 35! max:(0.660377358490566, 'C=CC=c1ccc2cc(-c3ccc4c(ccc5c6ccc(-c7ccc8c(ccc9c%10ccccc%10ccc89)c7)cc6ccc45)c3)ccc2c1=C')
[3.601027250289917] Updated in round 36! max:(0.6792452830188679, 'C=CC=CC=c1ccc2cc(-c3ccc4c(ccc5c6ccc(-c7ccc8c(ccc9c%10ccccc%10ccc89)c7)cc6ccc45)c3)ccc2c1=C')
[4.045853614807129] Updated in round 37! max:(0.6981132075471698, 'C=CC=CC=c1ccc2cc(-c3ccc4c(ccc5c6ccc(-c7ccc8c(ccc9c%10ccc(C=C)cc%10ccc89)c7)cc6ccc45)c3)ccc2c1=C')
[4.695038557052612] Updated in round 38! max:(0.7169811320754716, 'C=CC=CC=c1ccc2cc(-c3ccc4c(ccc5c6ccc(-c7ccc8c(ccc9c%10ccc(C=CC=C)cc%10ccc89)c7)cc6ccc45)c3)ccc2c1=C')
[5.49878716468811] Updated in round 39! max:(0.7358490566037735, 'C=CC=CC(C=C)=c1ccc2cc(-c3ccc4c(ccc5c6ccc(-c7ccc8c(ccc9c%10ccc(C=CC=C)cc%10ccc89)c7)cc6ccc45)c3)ccc2c1=C')
[6.281536817550659] Updated in round 40! max:(0.7547169811320755, 'C=CC=Cc1ccc2c(ccc3c4ccc(-c5ccc6c(ccc7c8ccc(-c9ccc%10c(=C)c(=c%11ccccc%11=C)ccc%10c9)cc8ccc67)c5)cc4ccc23)c1')
[7.233604431152344] Updated in round 41! max:(0.7735849056603774, 'C=CC=Cc1ccc2c(ccc3c4ccc(-c5ccc6c(ccc7c8ccc(-c9ccc%10c(ccc%11c%12ccccc%12ccc%10%11)c9)cc8ccc67)c5)cc4ccc23)c1')
[8.154683589935303] Updated in round 42! max:(0.7924528301886793, 'C=CC=Cc1ccc2c(ccc3c4ccc(-c5ccc6c(ccc7c8ccc(-c9ccc%10c(ccc%11c%12ccc(C=C)cc%12ccc%10%11)c9)cc8ccc67)c5)cc4ccc23)c1')
[9.315879344940186] Updated in round 43! max:(0.8113207547169812, 'C=CC=Cc1ccc2c(ccc3c4ccc(-c5ccc6c(ccc7c8ccc(-c9ccc%10c(ccc%11c%12ccc(C(=C)C=C)cc%12ccc%10%11)c9)cc8ccc67)c5)cc4ccc23)c1')
[10.423510789871216] Updated in round 44! max:(0.8301886792452831, 'C=CC=Cc1ccc2c(ccc3c4ccc(-c5ccc6c(ccc7c8ccc(-c9ccc%10c(ccc%11c%12ccc(C(C=C)=CC=C)cc%12ccc%10%11)c9)cc8ccc67)c5)cc4ccc23)c1')
[11.78565764427185] Updated in round 45! max:(0.8490566037735849, 'C=CC=C(C=C)c1ccc2c(ccc3c4ccc(-c5ccc6c(ccc7c8ccc(-c9ccc%10c(ccc%11c%12ccc(C=CC(=C)C=C)cc%12ccc%10%11)c9)cc8ccc67)c5)cc4ccc23)c1')
[12.734741687774658] Updated in round 46! max:(0.8679245283018868, 'C=CC=CC(=CC=C)c1ccc2c(ccc3c4ccc(-c5ccc6c(ccc7c8ccc(-c9ccc%10c(ccc%11c%12ccc(C=CC(=C)C=C)cc%12ccc%10%11)c9)cc8ccc67)c5)cc4ccc23)c1')
[13.794329166412354] Updated in round 47! max:(0.8867924528301887, 'C=CC(=C)C=Cc1ccc2c(ccc3c4ccc(-c5ccc6c(ccc7c8ccc(-c9ccc%10c(ccc%11c%12ccc(-c%13cccc(C=C)c%13)cc%12ccc%10%11)c9)cc8ccc67)c5)cc4ccc23)c1')
[14.883100748062134] Updated in round 48! max:(0.9056603773584906, 'C=CC(=C)C=Cc1ccc2c(ccc3c4ccc(-c5ccc6c(ccc7c8ccc(-c9ccc%10c(ccc%11c%12ccc(-c%13ccc(C=C)c(C=C)c%13)cc%12ccc%10%11)c9)cc8ccc67)c5)cc4ccc23)c1')
[16.11597990989685] Updated in round 49! max:(0.9245283018867925, 'C=CC(=C)C=C(C=C)c1ccc2c(ccc3c4ccc(-c5ccc6c(ccc7c8ccc(-c9ccc%10c(ccc%11c%12ccc(-c%13ccc(C=C)c(C=C)c%13)cc%12ccc%10%11)c9)cc8ccc67)c5)cc4ccc23)c1')
[17.787111282348633] Updated in round 50! max:(0.9433962264150944, 'C=CC1=CC(=C)C=CC=Cc2cc(ccc2C=C)-c2ccc3c(ccc4c5ccc(cc5ccc34)-c3ccc4c(ccc5c6ccc(cc6ccc45)-c4ccc5c(ccc6c7ccc1cc7ccc56)c4)c3)c2')
[19.753475666046143] Updated in round 51! max:(0.9622641509433962, 'C=CC1=Cc2ccccc3cc(ccc3ccc2)-c2ccc3c(ccc4c5ccc(cc5ccc34)-c3ccc4c(ccc5c6ccc(cc6ccc45)-c4ccc5c(ccc6c7ccc1cc7ccc56)c4)c3)c2')
[24.298187971115112] Updated in round 52! max:(0.9811320754716981, 'C=CC1=Cc2ccc3c(ccc4cc(ccc43)-c3ccc4c(ccc5c6ccc(cc6ccc45)-c4ccc5c(ccc6c7ccc(cc7ccc56)-c5ccc6c(ccc7c8ccc1cc8ccc67)c5)c4)c3)c2')
[32.864882946014404] Updated in round 53! max:(1.0, 'c1cc2c3ccc4c5ccc(cc5ccc24)-c2ccc4c(ccc5c6ccc(cc6ccc45)-c4ccc5c(ccc6c7ccc(cc7ccc56)-c5ccc6c(ccc7c8ccc(cc8ccc67)-c1c3)c5)c4)c2')
[32.86489677429199] Reproduced in round 53!!
