[5.412101745605469e-05] Start running HillClimbing from [H][H]...
[0.0005369186401367188] Updated in round 1! max:(0.14285714285714285, 'c1ccccc1')
[0.003860950469970703] Updated in round 2! max:(0.17857142857142858, 'C=Cc1ccccc1')
[0.009294271469116211] Updated in round 3! max:(0.21428571428571427, 'C=CC=Cc1ccccc1')
[0.015801668167114258] Updated in round 4! max:(0.25, 'C=CC=Cc1ccc(C=C)cc1')
[0.02428269386291504] Updated in round 5! max:(0.2857142857142857, 'C=CC(C=C)=Cc1ccc(C=C)cc1')
[0.03556942939758301] Updated in round 6! max:(0.32142857142857145, 'C=CC=CC(C=C)=Cc1ccc(C=C)cc1')
[0.051671504974365234] Updated in round 7! max:(0.35714285714285715, 'C=CC=CC(C=C)=Cc1ccc(C=CC=C)cc1')
[0.07753181457519531] Updated in round 8! max:(0.39285714285714285, 'C=CC=CC=Cc1ccc(C=C(C=C)C=CC=C)cc1')
[0.10392045974731445] Updated in round 9! max:(0.42857142857142855, 'C=CC=CC(C=C)=Cc1ccc(C=C(C=C)C=CC=C)cc1')
[0.1404428482055664] Updated in round 10! max:(0.4642857142857143, 'C=CC=CC(C=C)=Cc1ccc(C=c2ccc(=C)cc2)cc1')
[0.1707010269165039] Updated in round 11! max:(0.6071428571428571, 'C=CC=CC(C=C)=Cc1ccc(C=c2ccc(=Cc3ccccc3)cc2)cc1')
[0.24180269241333008] Updated in round 12! max:(0.6428571428571429, 'C=CC=CC=CC(C=C)=Cc1ccc(C=c2ccc(=Cc3ccccc3)cc2)cc1')
[0.3081848621368408] Updated in round 13! max:(0.6785714285714286, 'C=CC=CC=CC=CC(C=C)=Cc1ccc(C=c2ccc(=Cc3ccccc3)cc2)cc1')
[0.40422701835632324] Updated in round 14! max:(0.7142857142857143, 'C=CC=CC=c1ccc(=Cc2ccc(C=c3ccc(=Cc4ccccc4)cc3)cc2)cc1')
[0.48511552810668945] Updated in round 15! max:(0.75, 'C=CC=C(C=C)C=c1ccc(=Cc2ccc(C=c3ccc(=Cc4ccccc4)cc3)cc2)cc1')
[0.6040182113647461] Updated in round 16! max:(0.7857142857142857, 'C=CC=CC=C(C=C)C=c1ccc(=Cc2ccc(C=c3ccc(=Cc4ccccc4)cc3)cc2)cc1')
[0.7422420978546143] Updated in round 17! max:(0.8214285714285714, 'C=CC=CC=CC=C(C=C)C=c1ccc(=Cc2ccc(C=c3ccc(=Cc4ccccc4)cc3)cc2)cc1')
[0.8716530799865723] Updated in round 18! max:(0.8571428571428571, 'C=CC=CC=CC=C(C=C)C=c1ccc(=Cc2ccc(C=c3ccc(=Cc4ccc(C=C)cc4)cc3)cc2)cc1')
[1.025719404220581] Updated in round 19! max:(0.8928571428571429, 'C=CC=Cc1ccc(C=c2ccc(=Cc3ccc(C=c4ccc(=Cc5ccc(C=C)cc5)cc4)cc3)cc2)cc1')
[1.1809923648834229] Updated in round 20! max:(0.9285714285714286, 'c1cccc2ccc(cc2)cc2ccc(cc2)cc2ccc(cc2)cc2ccc(cc2)cc2ccc(cc1)cc2')
[1.4587011337280273] Updated in round 21! max:(0.9642857142857143, 'C=Cc1ccccc2ccc(cc2)cc2ccc(cc2)cc2ccc(cc2)cc2ccc(cc2)cc2ccc(cc2)c1')
[1.7108831405639648] Updated in round 22! max:(1.0, 'c1cc2ccc1cc1ccc(cc1)cc1ccc(cc1)cc1ccc(cc1)cc1ccc(cc1)cc1ccc(cc1)c2')
[1.7108964920043945] Reproduced in round 22!!
