[6.818771362304688e-05] Start running HillClimbing from [H][H]...
[0.0006365776062011719] Updated in round 1! max:(0.08163265306122448, 'c1ccccc1')
[0.0037355422973632812] Updated in round 2! max:(0.14285714285714285, 'c1ccc2ccccc2c1')
[0.011315107345581055] Updated in round 3! max:(0.16326530612244897, 'C=Cc1cccc2ccccc12')
[0.020670175552368164] Updated in round 4! max:(0.1836734693877551, 'C#CC=Cc1cccc2ccccc12')
[0.033606529235839844] Updated in round 5! max:(0.20408163265306123, 'C#CC#CC=Cc1cccc2ccccc12')
[0.04499530792236328] Updated in round 6! max:(0.22448979591836735, 'C#CC#CC=C(C=C)c1cccc2ccccc12')
[0.05779910087585449] Updated in round 7! max:(0.24489795918367346, 'C#CC#CC(C=C)=C(C=C)c1cccc2ccccc12')
[0.07304978370666504] Updated in round 8! max:(0.32653061224489793, 'C=CC(C#CC#Cc1ccccc1)=C(C=C)c1cccc2ccccc12')
[0.10870027542114258] Updated in round 9! max:(0.3469387755102041, 'C=CC(=C)C(=C(C#CC#Cc1ccccc1)C=C)c1cccc2ccccc12')
[0.14743351936340332] Updated in round 10! max:(0.3673469387755102, 'C=CC(=C)C(=C(C#CC#Cc1ccccc1C=C)C=C)c1cccc2ccccc12')
[0.18989133834838867] Updated in round 11! max:(0.42857142857142855, 'C=CC(=C)C(=C(C#CC#Cc1ccccc1-c1ccccc1)C=C)c1cccc2ccccc12')
[0.26652050018310547] Updated in round 12! max:(0.4489795918367347, 'C=CC=C(C=C)C(=C(C#CC#Cc1ccccc1-c1ccccc1)C=C)c1cccc2ccccc12')
[0.34058690071105957] Updated in round 13! max:(0.46938775510204084, 'C=CC=C(C=C)C(=C(C#CC#Cc1ccccc1-c1cccc(C=C)c1)C=C)c1cccc2ccccc12')
[0.44654369354248047] Updated in round 14! max:(0.5306122448979592, 'C=CC=C(C=C)C(=C(C#CC#Cc1ccc2ccccc2c1-c1cccc(C=C)c1)C=C)c1cccc2ccccc12')
[0.5551228523254395] Updated in round 15! max:(0.5510204081632653, 'C=Cc1cccc(-c2c(C#CC#Cc3ccc(C=C)c(C=C)c3-c3cccc4ccccc34)ccc3ccccc23)c1')
[0.6821169853210449] Updated in round 16! max:(0.5714285714285714, 'C=Cc1cccc(-c2c(C#CC#Cc3ccc(C=C)c(C=C)c3-c3cccc4ccccc34)ccc3ccccc23)c1C=C')
[0.8498129844665527] Updated in round 17! max:(0.5918367346938775, 'C#Cc1ccc2ccccc2c1-c1c(C#CC#Cc2ccc3ccccc3c2-c2cccc(C=C)c2C=C)ccc(C=C)c1C=C')
[0.9719340801239014] Updated in round 18! max:(0.6122448979591837, 'C#Cc1ccc2ccccc2c1-c1c(C#CC#Cc2ccc3ccccc3c2-c2cccc3ccccc23)ccc(C=C)c1C=C')
[1.1186788082122803] Updated in round 19! max:(0.6326530612244898, 'C#Cc1ccc2ccccc2c1-c1c(C#CC#Cc2ccc3ccccc3c2-c2cccc3ccccc23)ccc2ccccc12')
[1.2671747207641602] Updated in round 20! max:(0.6530612244897959, 'C#Cc1ccc2ccccc2c1-c1c(C#CC#Cc2ccc3ccccc3c2-c2c(C#C)ccc3ccccc23)ccc2ccccc12')
[1.4216277599334717] Updated in round 21! max:(0.673469387755102, 'C#CC#Cc1ccc2ccccc2c1-c1c(C#CC#Cc2ccc3ccccc3c2-c2c(C#C)ccc3ccccc23)ccc2ccccc12')
[1.55855393409729] Updated in round 22! max:(0.6938775510204082, 'C#Cc1ccc2ccccc2c1-c1c(C#CC#Cc2ccc3ccccc3c2-c2c(C#CC#CC=C)ccc3ccccc23)ccc2ccccc12')
[1.745812177658081] Updated in round 23! max:(0.7755102040816326, 'C#Cc1ccc2ccccc2c1-c1c(C#CC#Cc2ccc3ccccc3c2-c2c(C#CC#CC=Cc3ccccc3)ccc3ccccc23)ccc2ccccc12')
[1.9939961433410645] Updated in round 24! max:(0.8367346938775511, 'C#Cc1ccc2ccccc2c1-c1c(C#CC#Cc2ccc3ccccc3c2-c2c(C#CC#Cc3ccccc3-c3ccccc3)ccc3ccccc23)ccc2ccccc12')
[2.2581088542938232] Updated in round 25! max:(0.8571428571428571, 'C#CC#Cc1ccc2ccccc2c1-c1c(C#CC#Cc2ccc3ccccc3c2-c2c(C#CC#Cc3ccccc3-c3ccccc3)ccc3ccccc23)ccc2ccccc12')
[2.594677686691284] Updated in round 26! max:(0.8775510204081632, 'C#CC#Cc1ccc2ccccc2c1-c1c(C#CC#Cc2ccc3ccccc3c2-c2c(C#CC#Cc3cccc(C=C)c3-c3ccccc3)ccc3ccccc23)ccc2ccccc12')
[2.9645276069641113] Updated in round 27! max:(0.8979591836734694, 'C#CC#Cc1ccc2ccccc2c1-c1c(C#CC#Cc2ccc3ccccc3c2-c2c(C#CC#Cc3cccc(C=C)c3-c3cccc(C=C)c3)ccc3ccccc23)ccc2ccccc12')
[3.330087661743164] Updated in round 28! max:(0.9183673469387755, 'C#CC#Cc1ccc2ccccc2c1-c1c(C#CC#Cc2ccc3ccccc3c2-c2c(C#CC#Cc3cccc(C=C)c3-c3cccc(C=C)c3C=C)ccc3ccccc23)ccc2ccccc12')
[3.7231051921844482] Updated in round 29! max:(0.9591836734693877, 'C#CC#Cc1ccc2ccccc2c1-c1c(C#CC#Cc2ccc3ccccc3c2-c2c(C#CC#Cc3ccc4ccccc4c3-c3cccc(C=C)c3C=C)ccc3ccccc23)ccc2ccccc12')
[4.2283711433410645] Updated in round 30! max:(0.9795918367346939, 'C=Cc1ccc2c(c1C=C)-c1c(ccc3ccccc13)C#CC#Cc1ccc3ccccc3c1-c1c(ccc3ccccc13)C#CC#Cc1ccc3ccccc3c1-c1c(ccc3ccccc13)C#CC#C2')
[5.448795557022095] Updated in round 31! max:(1.0, 'C1#Cc2ccc3ccccc3c2-c2c(ccc3ccccc23)C#CC#Cc2ccc3ccccc3c2-c2c(ccc3ccccc23)C#CC#Cc2ccc3ccccc3c2-c2c(ccc3ccccc23)C#C1')
[5.448808431625366] Reproduced in round 31!!
