[8.988380432128906e-05] Start running HillClimbing from [H][H]...
[0.0006616115570068359] Updated in round 1! max:(0.01639344262295082, 'C=C')
[0.0011639595031738281] Updated in round 2! max:(0.03278688524590164, 'C=CC=C')
[0.0019893646240234375] Updated in round 3! max:(0.04918032786885246, 'C=CC(=C)C=C')
[0.003322601318359375] Updated in round 4! max:(0.06557377049180328, 'C=CC=C(C=C)C=C')
[0.005638837814331055] Updated in round 5! max:(0.08196721311475409, 'C=CC1=CC(=C)C=C1')
[0.007428884506225586] Updated in round 6! max:(0.09836065573770492, 'C=CC1=CC(=C)C(C=C)=C1')
[0.00996541976928711] Updated in round 7! max:(0.11475409836065574, 'C=CC(=C)C1=CC(C=C)=CC1=C')
[0.016730308532714844] Updated in round 8! max:(0.13114754098360656, 'C=CC=CC(=C)C1=CC(C=C)=CC1=C')
[0.03357529640197754] Updated in round 9! max:(0.14754098360655737, 'C=C1C=c2ccccccc(=C)c1c2')
[0.059351444244384766] Updated in round 10! max:(0.16393442622950818, 'C=Cc1ccccc2cc(c(=C)c1)C(=C)C=2')
[0.08464980125427246] Updated in round 11! max:(0.18032786885245902, 'C=CC=c1cc(C=C)ccccc2cc1C(=C)C=2')
[0.11615395545959473] Updated in round 12! max:(0.19672131147540983, 'C=CC=c1cc(C=C)cc(C=C)ccc2cc1C(=C)C=2')
[0.1306314468383789] Updated in round 13! max:(0.21311475409836064, 'C=CC(C=C)=c1cc(C=C)cc(C=C)ccc2cc1C(=C)C=2')
[0.21243882179260254] Updated in round 14! max:(0.22950819672131148, 'C=CC=Cc1ccc2cc(c(=C(C=C)C=C)cc(C=C)c1)C(=C)C=2')
[0.2356095314025879] Updated in round 15! max:(0.2459016393442623, 'C=CC=Cc1ccc2cc(c3c(c(C=C)c1)C=CC=3C=C)C(=C)C=2')
[0.25781869888305664] Updated in round 16! max:(0.26229508196721313, 'C=CC(=C)C=Cc1ccc2cc(c3c(c(C=C)c1)C=CC=3C=C)C(=C)C=2')
[0.37804079055786133] Updated in round 17! max:(0.2786885245901639, 'C=CC=CC(=C)C=Cc1ccc2cc(c3c(c(C=C)c1)C=CC=3C=C)C(=C)C=2')
[0.7668375968933105] Updated in round 18! max:(0.29508196721311475, 'C=CC=CC(=C)C=Cc1cc(C=C)c2c(c3cc(cc1C=C)=CC3=C)=C(C=C)C=C2')
[1.2929375171661377] Updated in round 19! max:(0.3114754098360656, 'C=CC=CC(=C)C=Cc1cc(C=C)c2c(c3cc(cc1C=CC=C)=CC3=C)=C(C=C)C=C2')
[1.3416664600372314] Updated in round 20! max:(0.32786885245901637, 'C=CC=CC=Cc1cc2cc(c3c(c(C=C)cc1C=CC(=C)C=CC=C)C=CC=3C=C)C(=C)C=2')
[1.4879465103149414] Updated in round 21! max:(0.3442622950819672, 'C=CC1=CC=Cc2cc3cc(c4c(c(C=C)cc2C=CC(=C)C=CC=C1)C=CC=4C=C)C(=C)C=3')
[3.0156898498535156] Updated in round 22! max:(0.36065573770491804, 'C=CC1=CC=Cc2cc3cc(c4c(c5cc2C=CC(=CC=C5)C=CC=C1)C=CC=4C=C)C(=C)C=3')
[8.130393505096436] Updated in round 23! max:(0.3770491803278688, 'C=CC1=CC=Cc2cc3cc(c4c(c5cc2C=CC(=CC(C=C)=C5)C=CC=C1)C=CC=4C=C)C(=C)C=3')
[133.89174103736877] Updated in round 24! max:(0.39344262295081966, 'C=CC1=c2c3cc(cc4cc5cc(C=C)ccccc6cc(C=C)cc(cc4cc5-6)c2C=C1)=CC3=C')
[134.98975443840027] Updated in round 25! max:(0.4098360655737705, 'C=CC(=C)c1ccccc2cc(C=C)cc3cc4cc-2c(c1)cc4cc1cc(c2c3C=CC=2C=C)C(=C)C=1')
[136.66837859153748] Updated in round 26! max:(0.4262295081967213, 'C=CC=C(C=C)c1ccccc2cc(C=C)cc3cc4cc-2c(c1)cc4cc1cc(c2c3C=CC=2C=C)C(=C)C=1')
[152.28015208244324] Updated in round 27! max:(0.4426229508196721, 'C=CC=C(C=C)c1ccccc2c(C=C)c(C=C)cc3cc4cc-2c(c1)cc4cc1cc(c2c3C=CC=2C=C)C(=C)C=1')
[168.82628750801086] Updated in round 28! max:(0.45901639344262296, 'C=CC=C(C=C)c1ccccc2c(C=C)c(C=C)cc3cc4cc-2c(c1)cc4cc1cc(c2c3C=C(C=C)C=2C=C)C(=C)C=1')
[233.76295375823975] Updated in round 29! max:(0.47540983606557374, 'C=CC=C(C=C)c1ccccc2c(C=C)c3ccccc4cc5c(c3)cc3cc-2c(c1)cc3cc1cc(c5c4C=C)C(=C)C=1')
[244.47902154922485] Updated in round 30! max:(0.4918032786885246, 'C=CC=C(C(=C)C=C)c1ccccc2c(C=C)c3ccccc4cc5c(c3)cc3cc-2c(c1)cc3cc1cc(c5c4C=C)C(=C)C=1')
[267.6031551361084] Updated in round 31! max:(0.5081967213114754, 'C=CC=C(C(=C)C=C)c1ccccc2c(C=C)c3cccc(C=C)c4cc5c(c3)cc3cc-2c(c1)cc3cc1cc(c5c4C=C)C(=C)C=1')
[464.90447187423706] Updated in round 32! max:(0.5245901639344263, 'C=CC=C(C(=C)C=C)c1cc(C=C)ccc2c(C=C)c3cccc(C=C)c4cc5c(c3)cc3cc-2c(c1)cc3cc1cc(c5c4C=C)C(=C)C=1')
[501.48090982437134] Updated in round 33! max:(0.5409836065573771, 'C=CC=C(C(=C)C=C)c1cc(C=C)ccc2c(C=C)c3cccc4c(=C)ccc5c4cc4c(c3)cc3cc-2c(c1)cc3cc1cc(c45)C(=C)C=1')
[743.8340611457825] Updated in round 34! max:(0.5573770491803278, 'C=CC=C(C(=C)C=C)c1cc(C=C)ccc2c(C=C)c3cccc4c(=C)cc5cc6cc7cc8cc(c1)c2cc8cc(c3)c1cc4c5c1c6c7')
[2165.2769656181335] Updated in round 35! max:(0.5737704918032787, 'C=CC=C(C(=C)C=C)c1cc(C=C)ccc2c(C=C)c3cccc4c(=C)cc5cc6cc7cc8cc(c1)c2c1c8cc(c2cc4c5c2c6c7)c31')
[3694.24530005455] Updated in round 36! max:(0.5901639344262295, 'C=CC=C(C(=C)C=C)c1cc(C=C)ccc2c(C=C)c3cccc4c(=CC=C)cc5cc6cc7cc8cc(c1)c2c1c8cc(c2cc4c5c2c6c7)c31')
[5829.373247623444] Updated in round 37! max:(0.6065573770491803, 'C=CC=C(C(=C)C=C)c1cc(C(=C)C=C)ccc2c(C=C)c3cccc4c(=CC=C)cc5cc6cc7cc8cc(c1)c2c1c8cc(c2cc4c5c2c6c7)c31')
[7565.814232826233] Updated in round 38! max:(0.6229508196721312, 'C=CC=C(C(=C)C=C)c1cc(C(=C)C=C)ccc2c(C=C)c3cccc4c(=CC=C)cc5cc6cc7cc8cc(c1)c2c1c8c2c7c6c6c(cc4c56)c2c31')
[7729.255013465881] Updated in round 39! max:(0.639344262295082, 'C=CC=c1cc2cc3cc4cc5cc6cc(-c7ccccc7C=C)cc(C(=C)C=C)ccc7c(C=C)c8cccc1c1cc9c(c21)c3c4c1c5c(c67)c8c91')
[9344.613128185272] Updated in round 40! max:(0.6557377049180327, 'C=Cc1ccccc1-c1cc2ccc3c(C=C)c4cccc5c(cc(=C)cc2C=C)cc2cc6cc7cc8cc(c1)c3c1c8c3c7c6c6c(cc5c26)c3c41')
[9355.810631036758] Updated in round 41! max:(0.6721311475409836, 'C=Cc1ccccc1-c1cc2ccc3c(C=C)c4cccc5c(cc(=C)cc2C=C)cc2cc6c(C=C)c7cc8cc(c1)c3c1c8c3c7c6c6c(cc5c26)c3c41')
[9426.638722896576] Updated in round 42! max:(0.6885245901639344, 'C=Cc1ccccc1-c1cc2cc3c1c1cc4cc5c(C=C)c6cc7cc(cc(=C)cc2C=C)c2cccc8c(C=C)c3c1c1c4c3c5c6c4c(cc2c74)c3c81')
[9426.915069580078] Updated in round 43! max:(0.7049180327868853, 'C=Cc1ccccc1-c1cc2c(C=C)cc(=C)cc3cc4cc5c(C=C)c6cc7cc8c1c1c2ccc2c9cccc3c3cc%10c(c43)c5c6c3c7c(c8c21)c9c%103')
[9487.221735954285] Updated in round 44! max:(0.7213114754098361, 'C=CC=Cc1c2cc3cc4cc(=C)cc(C=C)c5cc(-c6ccccc6C=C)c6c7cc8cc1c1c2c2c9cc(c4cccc4c%10ccc5c6c%10c7c5c8c1c9c45)c32')
[9592.483611822128] Updated in round 45! max:(0.7377049180327869, 'C=CC=Cc1ccccc1-c1cc2c(C=C)cc(=C)cc3cc4cc5c(C=CC=C)c6cc7cc8c1c1c2ccc2c9cccc3c3cc%10c(c43)c5c6c3c7c(c8c21)c9c%103')
[9831.074396133423] Updated in round 46! max:(0.7540983606557377, 'C=CC=Cc1c2cc3cc4cc5cc(C=C)c6cc(c7c8cc9cc1c1c2c2c%10cc(c4cccc4c%11ccc6c7c%11c8c6c9c1c%10c46)c32)-c1ccccc1C=CC(=C)C=5')
[10181.526120185852] Updated in round 47! max:(0.7704918032786885, 'C=Cc1cc2cc3cc4c5c(=C)ccc6c7cc8cc9c%10c(cc1c1ccc%11c%12cccc3c3cc%13c(c34)c(c65)c7c3c8c(c9c%11c1%10)c%12c%133)-c1ccccc1C=CC(=C)C=2')
[10242.425373315811] Updated in round 48! max:(0.7868852459016393, 'C=Cc1cc2cc(=C)ccc3cccc4c3c3cc1c1ccc5c6cccc7c(c2)cc2c8c(=C)ccc9c%10cc%11c4c4c3c1c5c4c1c6c3c4cc7c2c4c(c98)c%10c3c%111')
[10295.1826608181] Updated in round 49! max:(0.8032786885245902, 'C=c1ccc2cccc3c2c2cc4c5ccc6ccc7c8ccc4c4c2c2c3c3cc9c%10ccc(=C)c%11c%12cc(cc(c1)c5)c6c1cc5c(c%121)c(c%10%11)c9c1c5c7c(c31)c2c84')
[11499.754428863525] Updated in round 50! max:(0.819672131147541, 'C=c1ccc2cccc3c2c2cc4c5ccc6ccc7c8ccc4c4c2c2c3c3cc9c%10ccc%11cc1c(c5)cc1cc5c%11c%10c%10c%11c(cc(c61)c5%11)c1c7c(c3c1c9%10)c2c84')
[11579.225737810135] Updated in round 51! max:(0.8360655737704918, 'C=c1ccc2cccc3c2c2cc4c5cc6cc7cc8c9c(ccc%10c%11cc%12c3c3c2c2c4c4cc%13c%14ccc(cc54)c7c4cc5c(c48)c(c%109)c%11c4c5c%14c(c%124)c3c%132)cc16')
[11581.916380405426] Updated in round 52! max:(0.8524590163934426, 'C=c1ccc2cccc3c2c2cc4c5cc6c1cc1ccc7c8cc9c3c3c2c2c4c4cc%10c%11ccc%12c%13c(cc%14c1c7c1c7c(cc%13c%147)c7c%11c(c9c7c81)c3c%102)c6c%12c54')
[11591.133911848068] Updated in round 53! max:(0.8688524590163934, 'c1cc2ccc3cc4cc5c6cc7c8c(c1)c2c1cc2c9cc%10c3cc4c3c4cc%11c%12c%13cc%14c(c%134)c(c53)c6c3c%14c4c5ccc%12c(c%10%11)c9c6cc5c5c(c26)c1c8c5c4c73')
[11591.70700764656] Updated in round 54! max:(0.8852459016393442, 'c1cc2c3ccc4c2c2cc5c6cc7c8cc9c(cc%10c%11cc%12c4c4c2c2c5c5cc%13c%14ccc%15c%16c(cc%17c9c%10c9c%10c(cc%16c%17%10)c%10c%14c(c%12c%10c%119)c4c%132)c7c%15c65)c3c18')
[11591.999189376831] Updated in round 55! max:(0.9016393442622951, 'c1cc2c3c4ccc5c(c14)c1cc4c6cc7c2c2c8c3cc3c9cc%10c5c5c1c1c4c4cc%11c%12ccc%13c%14c%15cc%16c%17c%12c(c%10c%17c9c9c%16c%15c(c8c39)c2c%14c7c%13c64)c5c%111')
[11766.789330244064] Updated in round 56! max:(0.9180327868852459, 'C1=C2c3c4c5cc6c7c8c9c%10c%11c%12c%13c%14c%15c%16c%17c%18c%14c%14cc%19c(c2c2c3c3c%20c%21ccc(c%22cc(c5c7C=9%22)C=%204)c%10c%12c-%15cc-%16c=%21c3c=%17c2c%19%18)=c2ccc(c-8c-%11cc%14-%13)c6c21')
[11766.956230640411] Updated in round 57! max:(0.9344262295081968, 'c1cc2c3c4cc5c6c7c1c1cc8c9c%10c1c1c7c7c%11cc%12c%13cc%14c%15c%16ccc%17c%11c1c%10c1c%17c%16c%10c1c9c1c8c2c2c3c3c8c4c5c(c%12c67)c%13c8c%14c3c3c%15c%10c1c23')
[11773.839244365692] Updated in round 58! max:(0.9508196721311475, 'c1c2c3cc4c5c6ccc7c8c1c1c9c2c2c3c3c4c4c%10c5c5c%11c6c7c6c7c%12c%13c%14cc%15c%12c(c%12c%15c%15c%16cc%17c%14c(c1c%13c87)c9c1c%17c7c%16c(c%15c%10c%125)c4c3c7c21)c6%11')
[11773.987262964249] Updated in round 59! max:(0.9672131147540983, 'c1c2c3c4cc5c6c7c4c4c8c3c3c9c2c2c%10c1c1c5c5c6c6c%11c%12c%13cc%14c%15c%12c6c7c4c%15c4c%14c6c7cc%12c%13c%13c%14c%15c%12c%12c7c(c6c3c48)c9c2c%12c%15c%10c1c%14c5c%13%11')
[11774.081919670105] Updated in round 60! max:(0.9836065573770492, 'c1c2c3c4cc5c6c7c1c1c8c2c2c9c3c3c%10c4c4c5c5c6c6c%11c7c1c1c7c8c2c2c8c9c3c3c9c%10c4c4c5c5c6c6c%11c1c1c7c2c2c8c3c3c9c4c5c4c6c1c2c34')
[11774.11698961258] Updated in round 61! max:(1.0, 'c12c3c4c5c1c1c6c7c2c2c8c3c3c9c4c4c%10c5c5c1c1c6c6c%11c7c2c2c7c8c3c3c8c9c4c4c9c%10c5c5c1c1c6c6c%11c2c2c7c3c3c8c4c4c9c5c1c1c6c2c3c41')
[11774.117002010345] Reproduced in round 61!!
