[5.698204040527344e-05] Start running HillClimbing from [H][H]...
[0.00048804283142089844] Updated in round 1! max:(0.12903225806451613, 'c1ccccc1')
[0.0036623477935791016] Updated in round 2! max:(0.16129032258064516, 'C#Cc1ccccc1')
[0.0071260929107666016] Updated in round 3! max:(0.1935483870967742, 'C#Cc1ccc(C#C)cc1')
[0.010422468185424805] Updated in round 4! max:(0.22580645161290322, 'C#Cc1ccc(C#CC=C)cc1')
[0.015325784683227539] Updated in round 5! max:(0.25806451612903225, 'C=CC#Cc1ccc(C#CC=C)cc1')
[0.021081209182739258] Updated in round 6! max:(0.2903225806451613, 'C=CC#Cc1ccc(C#CC(=C)C=C)cc1')
[0.028464555740356445] Updated in round 7! max:(0.3870967741935484, 'C=CC(=C)C#Cc1ccc(C#Cc2ccccc2)cc1')
[0.04387092590332031] Updated in round 8! max:(0.41935483870967744, 'C=CC=CC(=C)C#Cc1ccc(C#Cc2ccccc2)cc1')
[0.06412625312805176] Updated in round 9! max:(0.45161290322580644, 'C#Cc1ccc(C#Cc2ccc(C#CC(=C)C=CC=C)cc2)cc1')
[0.08597135543823242] Updated in round 10! max:(0.4838709677419355, 'C#Cc1ccc(C#Cc2ccc(C#Cc3ccccc3)cc2)cc1')
[0.10802578926086426] Updated in round 11! max:(0.5161290322580645, 'C=CC#Cc1ccc(C#Cc2ccc(C#Cc3ccccc3)cc2)cc1')
[0.13549327850341797] Updated in round 12! max:(0.6129032258064516, 'C(#Cc1ccc(C#Cc2ccc(C#Cc3ccccc3)cc2)cc1)c1ccccc1')
[0.1833031177520752] Updated in round 13! max:(0.6451612903225806, 'C#Cc1ccc(C#Cc2ccc(C#Cc3ccc(C#Cc4ccccc4)cc3)cc2)cc1')
[0.23206543922424316] Updated in round 14! max:(0.7741935483870968, 'C(#Cc1ccc(C#Cc2ccc(C#Cc3ccc(C#Cc4ccccc4)cc3)cc2)cc1)c1ccccc1')
[0.30637288093566895] Updated in round 15! max:(0.8064516129032258, 'C#Cc1ccc(C#Cc2ccc(C#Cc3ccc(C#Cc4ccc(C#Cc5ccccc5)cc4)cc3)cc2)cc1')
[0.3872337341308594] Updated in round 16! max:(0.8387096774193549, 'C#Cc1ccc(C#Cc2ccc(C#Cc3ccc(C#Cc4ccc(C#Cc5ccc(C#C)cc5)cc4)cc3)cc2)cc1')
[0.4750354290008545] Updated in round 17! max:(0.8709677419354839, 'C#Cc1ccc(C#Cc2ccc(C#Cc3ccc(C#Cc4ccc(C#Cc5ccc(C#CC=C)cc5)cc4)cc3)cc2)cc1')
[0.5932447910308838] Updated in round 18! max:(0.967741935483871, 'C#Cc1ccc(C#Cc2ccc(C#Cc3ccc(C#Cc4ccc(C#Cc5ccc(C#Cc6ccccc6)cc5)cc4)cc3)cc2)cc1')
[0.7117114067077637] Updated in round 19! max:(1.0, 'C1#Cc2ccc(cc2)C#Cc2ccc(cc2)C#Cc2ccc(cc2)C#Cc2ccc(cc2)C#Cc2ccc(cc2)C#Cc2ccc1cc2')
[0.711723804473877] Reproduced in round 19!!
