[5.412101745605469e-05] Start running HillClimbing from [H][H]...
[0.00040984153747558594] Updated in round 1! max:(0.02702702702702703, 'C=C')
[0.0009086132049560547] Updated in round 2! max:(0.05405405405405406, 'C=CC=C')
[0.0017631053924560547] Updated in round 3! max:(0.08108108108108109, 'C=CC=CC=C')
[0.0032188892364501953] Updated in round 4! max:(0.10810810810810811, 'C=CC=C(C=C)C=C')
[0.0053479671478271484] Updated in round 5! max:(0.13513513513513514, 'C=CC(C=C)=C(C=C)C=C')
[0.00822758674621582] Updated in round 6! max:(0.16216216216216217, 'C=CC=CC(C=C)=C(C=C)C=C')
[0.01225137710571289] Updated in round 7! max:(0.1891891891891892, 'C=CC=CC(C(=C)C=C)=C(C=C)C=C')
[0.01729750633239746] Updated in round 8! max:(0.21621621621621623, 'C=CC(=C)c1cc(C=C)ccc1C=C')
[0.02546977996826172] Updated in round 9! max:(0.24324324324324326, 'C=CC=CC(=C)c1cc(C=C)ccc1C=C')
[0.03360891342163086] Updated in round 10! max:(0.2702702702702703, 'C=CC=CC(=CC=C)c1cc(C=C)ccc1C=C')
[0.05144023895263672] Updated in round 11! max:(0.2972972972972973, 'C=CC=C(C=CC(=C)C=C)c1cc(C=C)ccc1C=C')
[0.06537675857543945] Updated in round 12! max:(0.32432432432432434, 'C=CC(=C)C=Cc1c(C=C)ccc2ccc(C=C)cc12')
[0.08210229873657227] Updated in round 13! max:(0.35135135135135137, 'C=CC=Cc1ccc2ccc(C=C)cc2c1C=CC(=C)C=C')
[0.10162019729614258] Updated in round 14! max:(0.3783783783783784, 'C=CC=Cc1ccc2ccc(C=CC=C)c(C=CC(=C)C=C)c2c1')
[0.13612890243530273] Updated in round 15! max:(0.40540540540540543, 'C=CC=Cc1ccc2ccc3ccccc3c2c1C=CC(=C)C=C')
[0.17409539222717285] Updated in round 16! max:(0.43243243243243246, 'C=CC=Cc1ccc2ccc3ccccc3c2c1C=C(C=C)C(=C)C=C')
[0.20666146278381348] Updated in round 17! max:(0.4594594594594595, 'C=CC=Cc1ccc2ccc3ccccc3c2c1C=C(C=C)C(C=C)=CC=C')
[0.24178647994995117] Updated in round 18! max:(0.4864864864864865, 'C=CC=Cc1ccc2ccc3ccccc3c2c1C=C(C=C)C(C=C)=CC(=C)C=C')
[0.2926950454711914] Updated in round 19! max:(0.5135135135135135, 'C=CC=Cc1ccc2ccc3ccccc3c2c1C=C(C(=C)C=C)C(C=C)=CC(=C)C=C')
[0.34565019607543945] Updated in round 20! max:(0.5405405405405406, 'C=CC=Cc1ccc2ccc3ccccc3c2c1C=C(C(=C)C=C)C(C=C)=CC(C=C)=CC=C')
[0.41196775436401367] Updated in round 21! max:(0.5675675675675675, 'C=CC=Cc1ccc2ccc3cccc(C=C)c3c2c1C=C(C(=C)C=C)C(C=C)=CC(C=C)=CC=C')
[0.48865222930908203] Updated in round 22! max:(0.5945945945945946, 'C=CC=Cc1ccc2ccc3cccc(C=C)c3c2c1C=c1c(C=C)c(C(C=C)=CC=C)ccc1=C')
[0.5584080219268799] Updated in round 23! max:(0.6216216216216216, 'C=CC=Cc1ccc2ccc3cccc(C=C)c3c2c1C=c1c(C=C)c(C(C=C)=C(C=C)C=C)ccc1=C')
[0.631432294845581] Updated in round 24! max:(0.6486486486486487, 'C=CC=Cc1ccc2ccc3cccc(C=C)c3c2c1C=c1c(C=C)c(C(C=C)=C(C=C)C(=C)C=C)ccc1=C')
[0.7300839424133301] Updated in round 25! max:(0.6756756756756757, 'C=CC=Cc1ccc2ccc3cccc(C=C)c3c2c1C=c1c(C=C)c(-c2cccc(C=C)c2C=C)ccc1=C')
[0.8485896587371826] Updated in round 26! max:(0.7027027027027027, 'C=CC=Cc1ccc2ccc3cccc(C=CC=C)c3c2c1C=c1c(C=C)c(-c2cccc(C=C)c2C=C)ccc1=C')
[0.9938774108886719] Updated in round 27! max:(0.7297297297297297, 'C=CC=Cc1ccc2ccc3ccc(C=C)c(C=CC=C)c3c2c1C=c1c(C=C)c(-c2cccc(C=C)c2C=C)ccc1=C')
[1.1900513172149658] Updated in round 28! max:(0.7567567567567568, 'C=CC=Cc1ccc2ccc3ccc4c(=C)c(=C)ccc4c3c2c1C=c1c(C=C)c(-c2cccc(C=C)c2C=C)ccc1=C')
[1.3144867420196533] Updated in round 29! max:(0.7837837837837838, 'C=CC=Cc1ccc2ccc3ccc4c(=C)c(=CC=C)ccc4c3c2c1C=c1c(C=C)c(-c2cccc(C=C)c2C=C)ccc1=C')
[1.4447381496429443] Updated in round 30! max:(0.8108108108108109, 'C=CC=Cc1ccc2ccc3ccc4c5ccccc5ccc4c3c2c1C=c1c(C=C)c(-c2cccc(C=C)c2C=C)ccc1=C')
[1.5816760063171387] Updated in round 31! max:(0.8378378378378378, 'C=CC=Cc1ccc2ccc3ccc4c5ccc6cccc(c(=C)c7c(C=C)cccc7c7ccc(=C)c(cc1c2c35)c7C=C)c64')
[1.7819809913635254] Updated in round 32! max:(0.8648648648648649, 'C=Cc1c2cc3c4cccccc2ccc1c1cccc(C=C)c1c(=C)c1cccc2ccc5c(ccc6ccc(cc4)c3c65)c21')
[1.9623987674713135] Updated in round 33! max:(0.8918918918918919, 'C=Cc1c2cc3c4cccccc2ccc1c1cccc(C=C)c1c(=C)c1c(C=C)ccc2ccc5c(ccc6ccc(cc4)c3c65)c21')
[2.187922477722168] Updated in round 34! max:(0.918918918918919, 'C=Cc1ccc2ccc3c4cc5c6cccccc4ccc3c2c1c(=C)c1c(C=C)ccc2ccc3c(ccc4ccc(cc6)c5c43)c21')
[2.5312352180480957] Updated in round 35! max:(0.9459459459459459, 'C=Cc1ccc2ccc3c4ccc5ccc6ccc7cccccc8ccc9c(ccc%10ccc%11cccc(c1c24)c%11c%109)c8cc7c6c53')
[2.9138171672821045] Updated in round 36! max:(0.972972972972973, 'c1ccc2ccc3c4ccc5ccc6ccc7ccc8ccc9ccc%10c(ccc%11ccc%12ccc(cc1)c(cc24)c%12c%11%10)c9c8c7c6c53')
[3.2702221870422363] Updated in round 37! max:(1.0, 'c1cc2ccc3ccc4ccc5ccc6c7ccc8ccc9ccc%10ccc%11ccc%12ccc%13c(ccc1c%13c2c3c4c57)c%12c%11c%10c9c86')
[3.2702341079711914] Reproduced in round 37!!
