[5.650520324707031e-05] Start running HillClimbing from [H][H]...
[0.0005216598510742188] Updated in round 1! max:(0.14285714285714285, 'c1ccccc1')
[0.003612995147705078] Updated in round 2! max:(0.17857142857142858, 'C=Cc1ccccc1')
[0.008736133575439453] Updated in round 3! max:(0.21428571428571427, 'C=CC=Cc1ccccc1')
[0.014369726181030273] Updated in round 4! max:(0.25, 'C=CC(C=C)=Cc1ccccc1')
[0.02236485481262207] Updated in round 5! max:(0.2857142857142857, 'C=CC=CC(C=C)=Cc1ccccc1')
[0.03280305862426758] Updated in round 6! max:(0.42857142857142855, 'C=CC(C=CC=Cc1ccccc1)=Cc1ccccc1')
[0.06100726127624512] Updated in round 7! max:(0.4642857142857143, 'C=CC(C=CC=Cc1ccc(C=C)cc1)=Cc1ccccc1')
[0.09622430801391602] Updated in round 8! max:(0.5, 'C=CC=Cc1ccc(C=CC=CC(C=C)=Cc2ccccc2)cc1')
[0.1479356288909912] Updated in round 9! max:(0.5357142857142857, 'C=CC=Cc1ccc(C=c2ccc(=Cc3ccccc3)cc2)cc1')
[0.18943023681640625] Updated in round 10! max:(0.5714285714285714, 'C=CC=CC=Cc1ccc(C=c2ccc(=Cc3ccccc3)cc2)cc1')
[0.24820637702941895] Updated in round 11! max:(0.6071428571428571, 'C=CC=CC=CC=Cc1ccc(C=c2ccc(=Cc3ccccc3)cc2)cc1')
[0.31221675872802734] Updated in round 12! max:(0.6428571428571429, 'C=CC(=C)C=CC=CC=Cc1ccc(C=c2ccc(=Cc3ccccc3)cc2)cc1')
[0.3813896179199219] Updated in round 13! max:(0.6785714285714286, 'C=CC(=C)C=CC=CC=Cc1ccc(C=c2ccc(=Cc3ccc(C=C)cc3)cc2)cc1')
[0.4624652862548828] Updated in round 14! max:(0.7142857142857143, 'C=CC=C(C=C)C=CC=CC=Cc1ccc(C=c2ccc(=Cc3ccc(C=C)cc3)cc2)cc1')
[0.5538561344146729] Updated in round 15! max:(0.75, 'C=CC=Cc1ccc(C=c2ccc(=Cc3ccc(C=CC=CC=CC(C=C)=CC=C)cc3)cc2)cc1')
[0.6579349040985107] Updated in round 16! max:(0.7857142857142857, 'C=CC=CC=C(C=C)C=CC=CC=Cc1ccc(C=c2ccc(=Cc3ccc(C=CC=C)cc3)cc2)cc1')
[0.8014955520629883] Updated in round 17! max:(0.8214285714285714, 'C=CC=CC=C(C=C)C=CC=CC(C=C)=Cc1ccc(C=c2ccc(=Cc3ccc(C=CC=C)cc3)cc2)cc1')
[0.9579324722290039] Updated in round 18! max:(0.8571428571428571, 'C=Cc1cccccccccc2ccc(cc2)cc2ccc(cc2)cc2ccc(cc2)cc(C=C)cccc1')
[1.158412218093872] Updated in round 19! max:(0.8928571428571429, 'C=Cc1cccccccc(C=C)cc2ccc(cc2)cc2ccc(cc2)cc2ccc(cc2)cc(C=C)cccc1')
[1.3825371265411377] Updated in round 20! max:(0.9285714285714286, 'C=Cc1ccccc2ccc(ccccc(C=C)cc3ccc(cc3)cc3ccc(cc3)cc3ccc(cc3)c1)cc2')
[1.6218140125274658] Updated in round 21! max:(0.9642857142857143, 'C=Cc1ccccc2ccc(cc2)cc2ccc(cc2)cc2ccc(cc2)cc2ccc(cc2)cc2ccc(cc2)c1')
[1.9571714401245117] Updated in round 22! max:(1.0, 'c1cc2ccc1cc1ccc(cc1)cc1ccc(cc1)cc1ccc(cc1)cc1ccc(cc1)cc1ccc(cc1)c2')
[1.9571864604949951] Reproduced in round 22!!
