[8.678436279296875e-05] Start running HillClimbing from [H][H]...
[0.0006244182586669922] Updated in round 1! max:(0.01639344262295082, 'C=C')
[0.0011622905731201172] Updated in round 2! max:(0.03278688524590164, 'C=CC=C')
[0.002015829086303711] Updated in round 3! max:(0.04918032786885246, 'C=CC(=C)C=C')
[0.0032846927642822266] Updated in round 4! max:(0.06557377049180328, 'C=C1C=CC=C1')
[0.004517555236816406] Updated in round 5! max:(0.08196721311475409, 'C=CC=C1C=CC=C1')
[0.0065402984619140625] Updated in round 6! max:(0.09836065573770492, 'C=CC(C=C)=C1C=CC=C1')
[0.01034235954284668] Updated in round 7! max:(0.11475409836065574, 'C=CC(=C)C(C=C)=C1C=CC=C1')
[0.014168262481689453] Updated in round 8! max:(0.13114754098360656, 'C=CC=C(C=C)C(C=C)=C1C=CC=C1')
[0.024933576583862305] Updated in round 9! max:(0.14754098360655737, 'C=CC=C(C=C)C(C(=C)C=C)=C1C=CC=C1')
[0.0387578010559082] Updated in round 10! max:(0.16393442622950818, 'C=CC=C1C(=C)C=C(C=C)C1=C1C=CC=C1')
[0.05049467086791992] Updated in round 11! max:(0.18032786885245902, 'C=CC=CC=C1C(=C)C=C(C=C)C1=C1C=CC=C1')
[0.06646203994750977] Updated in round 12! max:(0.19672131147540983, 'C=CC=CC=CC=C1C(=C)C=C(C=C)C1=C1C=CC=C1')
[0.12686920166015625] Updated in round 13! max:(0.21311475409836064, 'C=CC=CC=c1cc2c(c3c1=CC=C3)C(C=C)=CC2=C')
[0.13943791389465332] Updated in round 14! max:(0.22950819672131148, 'C=CC=CC=c1cc2c(c3c1=CC(C=C)=C3)C(C=C)=CC2=C')
[0.15482044219970703] Updated in round 15! max:(0.2459016393442623, 'C=CC=CC=c1cc2c(c3c1=CC(C=C)=C3)C(C=CC=C)=CC2=C')
[0.19969725608825684] Updated in round 16! max:(0.26229508196721313, 'C=CC=CC=c1cc2c(c3c1=CC(C=C)=C3)C(C=CC=C)=CC2=CC=C')
[3.168142795562744] Updated in round 17! max:(0.2786885245901639, 'C=CC=CC=c1cc2c(c3c1=CC(C=C)=C3)C(C(C=C)=CC=C)=CC2=CC=C')
[3.644587755203247] Updated in round 18! max:(0.29508196721311475, 'C=CC=C(C=C)c1cc2cc(=C)cccccc3cc-2c1c1cc(C=C)cc31')
[4.893566608428955] Updated in round 19! max:(0.3114754098360656, 'C=CC=C(C(=C)C=C)c1cc2cc(=C)cccccc3cc-2c1c1cc(C=C)cc31')
[11.618794679641724] Updated in round 20! max:(0.32786885245901637, 'C=CC=C(C(=C)C=C)c1cc2cc3cccccc4c5cc(C=C)cc5c1c2c4c3')
[13.152734756469727] Updated in round 21! max:(0.3442622950819672, 'C=CC(=C)c1cccc(=C)c2cc3c4cccccc5cc6cc1c(c3c2)c6c4c5')
[32.996479749679565] Updated in round 22! max:(0.36065573770491804, 'C=C1C(=C)c2cc1cc(=C)c1cc3c4cccccc5cc6cc2c(c3c1)c6c4c5')
[37.58347129821777] Updated in round 23! max:(0.3770491803278688, 'C=Cc1ccccc2c3cc4cc3c3c(cc5cc1cc2c53)c1cc(cc4=C)C(=C)C1=C')
[37.64358425140381] Updated in round 24! max:(0.39344262295081966, 'C=CC=C1C(=C)c2cc1c1cc3cc4cc5c(ccccc4C=C)c4cc(cc4c1c35)c(=C)c2')
[40.603052616119385] Updated in round 25! max:(0.4098360655737705, 'C=c1cc2cc3c(cccccc4ccccc5c6cc1cc6c1c3cc3cc4cc5c31)c2=C')
[49.36843919754028] Updated in round 26! max:(0.4262295081967213, 'C=Cc1ccccc2c(=C)c3cc(=C)c4cc5c6ccccc1c1cc7cc(c2c3)c(c5c4)c7c6c1')
[51.25548243522644] Updated in round 27! max:(0.4426229508196721, 'C=Cc1ccc2c(=C)c3cc(=C)c4cc5c6ccccc(c(C=C)c1)c1cc7cc(c2c3)c(c5c4)c7c6c1')
[78.41834735870361] Updated in round 28! max:(0.45901639344262296, 'C=CC=Cc1ccc2c(=C)c3cc(=C)c4cc5c6ccccc(c(C=C)c1)c1cc7cc(c2c3)c(c5c4)c7c6c1')
[544.6408543586731] Updated in round 29! max:(0.47540983606557374, 'C=Cc1cc2ccc(=C)cc3c4cc(=C)c5cc6c7ccccc1c1cc8cc(c(c4)c3cc2)c(c6c5)c8c7c1')
[544.7517449855804] Updated in round 30! max:(0.4918032786885246, 'C=Cc1c2ccccc3c4cc5cc4c4c6cc7c(c2cc3c74)c1c1ccc(=C)cc2c(cc5=C)cc6c2cc1')
[567.7693569660187] Updated in round 31! max:(0.5081967213114754, 'C=Cc1c(=C)ccc2ccc3c4cc(cc(=C)c5cc6c7ccccc8c(C=C)c2c2c8cc7c7c2cc4c7c6c5)c13')
[568.0885744094849] Updated in round 32! max:(0.5245901639344263, 'C=Cc1c(=C)ccc2ccc3c4cc(cc(=C)c5cc6c(c5)c5c4cc4c7c8cc(c6c(C=C)cccc8c(C=C)c27)c45)c13')
[598.8295478820801] Updated in round 33! max:(0.5409836065573771, 'C=Cc1c(=C)cc2ccc3c4cccc(C=C)c5c6cc7cc6c6c8cc9c(c4cc5c96)c3c2ccc2c8cc(cc7=C)c12')
[603.9240307807922] Updated in round 34! max:(0.5573770491803278, 'C=Cc1c(=C)cc2ccc3c4cccc5ccc6c7cc8c6c5c5cc4c4c6cc(c9cc(cc7=C)c1c9ccc2c34)c8c56')
[806.4849643707275] Updated in round 35! max:(0.5737704918032787, 'C=Cc1c(=C)cc2ccc3c4c(C=C)ccc5ccc6c7cc8c6c5c5cc4c4c6cc(c9cc(cc7=C)c1c9ccc2c34)c8c56')
[865.0966105461121] Updated in round 36! max:(0.5901639344262295, 'C=CC(=C)c1c(=C)cc2ccc3c4c(C=C)ccc5ccc6c7cc8c6c5c5cc4c4c6cc(c9cc(cc7=C)c1c9ccc2c34)c8c56')
[962.0460307598114] Updated in round 37! max:(0.6065573770491803, 'C=CC(=C)c1c(=C)cc2cc3ccc4ccc5ccc6c7cc8c6c5c5cc6c4c3c3c2ccc2c(cc(cc7=C)c12)c1cc(c5c18)c63')
[1024.7682914733887] Updated in round 38! max:(0.6229508196721312, 'C=Cc1ccc2cc3cc4ccc5ccc6ccc7c8cc9c7c6c6cc7c5c4c4c3ccc3c(cc(cc8=C)c3c12)c1cc(c6c19)c74')
[1101.3275747299194] Updated in round 39! max:(0.639344262295082, 'C=Cc1cc(C=C)c2c1cc1cc3ccc4ccc5ccc6c7cc8c6c5c5cc6c4c3c3c1ccc1c(cc(cc7=C)c12)c1cc(c5c18)c63')
[1192.3281512260437] Updated in round 40! max:(0.6557377049180327, 'C=Cc1cc(C=C)c2c1cc1cc3ccc4ccc5ccc6c7c(=C)cc8c2c2ccc1c1c9c(cc%10c5c6c5c6c(cc9c%106)c2c8c75)c4c31')
[1194.6340973377228] Updated in round 41! max:(0.6721311475409836, 'C=Cc1cc2cccc3cc4c5c6ccc7c(cc8ccc9ccc%10ccc%11c3c3c4c6c4cc6c%12c(cc%13c%10c%11c3c4c%136)c9c8c7%12)cc1c25')
[1745.5832760334015] Updated in round 42! max:(0.6885245901639344, 'C=Cc1cc2cccc3cc4c5c2c1c1c2cc6ccc7ccc8ccc9c3c3c4c4c%10cc%11c%12c(cc%13c8c9c3c%10c%13%11)c7c6c%12c2cc1c54')
[2348.5421760082245] Updated in round 43! max:(0.7049180327868853, 'C=Cc1ccc2cc(C=C)c3c4c5cc6ccc7ccc8ccc9c%10c1cc1c(c23)c2c4cc5c3c4c(cc5c8c9c8c9c(cc4c59)c2c1c%108)c7c63')
[2374.0722091197968] Updated in round 44! max:(0.7213114754098361, 'C=CC=Cc1ccc2cc(C=C)c3c4c5cc6ccc7ccc8ccc9c%10c1cc1c(c23)c2c4cc5c3c4c(cc5c8c9c8c9c(cc4c59)c2c1c%108)c7c63')
[2913.5559089183807] Updated in round 45! max:(0.7377049180327869, 'C=CC=Cc1ccc2c(C=C)c(C=C)c3c4c5cc6ccc7ccc8ccc9c%10c1cc1c(c23)c2c4cc5c3c4c(cc5c8c9c8c9c(cc4c59)c2c1c%108)c7c63')
[3218.6258664131165] Updated in round 46! max:(0.7540983606557377, 'C=CC=Cc1ccc2c(C=C)c(C=C)c3c4c5cc6ccc7cc8c9ccc%10c%11c1cc1c(c23)c2c4cc5c3c6c7c4c3c3cc5c2c1c%11c1c%10c9c(c3c51)c84')
[3338.976927757263] Updated in round 47! max:(0.7704918032786885, 'C=CC=Cc1cc2c3c(C=C)c(C=C)c4c5c6cc7ccc8cc9c%10ccc%11c%12c1c2c1c(c34)c2c5cc6c3c7c8c4c3c3cc5c6c3c(c%10c%11c6c%12c1c52)c94')
[3682.970982313156] Updated in round 48! max:(0.7868852459016393, 'C=CC=c1c2cc3c4c(C=C)c(C=C)c5c6c7cc8ccc9cc%10c%11cc1c1c%12c2c3c2c(c45)c3c6cc7c4c8c9c5c4c4cc6c7c4c(c%105)c%11c1c7c%12c2c63')
[3691.5273389816284] Updated in round 49! max:(0.8032786885245902, 'C=CC=c1c2cc3c4c(C=C)c(C=C)c5c6c7cc8ccc9c(C=C)c%10c%11cc1c1c%12c2c3c2c(c45)c3c6cc7c4c8c9c5c4c4cc6c7c4c(c%11c1c7c%12c2c63)c%105')
[3691.8568437099457] Updated in round 50! max:(0.819672131147541, 'C=Cc1c(C=C)c2c3c4cccc5c6cc7c8c(C=C)c9ccc%10cc%11c%12cc%13c%11c1c2c1c%13c2c%11cc%13c%14c%12c%10c9c%14c8c8c%13c%11c9c(c78)c6c6c(c54)c3c1c2c96')
[3771.416160106659] Updated in round 51! max:(0.8360655737704918, 'C=Cc1c(C=C)c2c3c4ccc5ccc6c7ccc8cc9c%10cc%11c9c1c2c1c%11c2c9cc%11c%12c%10c8c7c%12c7c6c6cc8c5c4c4c3c1c2c1c2c9c%11c7c6c2c8c41')
[3778.1606686115265] Updated in round 52! max:(0.8524590163934426, 'C=Cc1c2ccc3cc4c5ccc6ccc7c8c1c1c2c2c9cc3c3c%10c9cc2c2c9c%11cc%12c%10c(c43)c3c5c4cc5c6c7c6c8c(c21)c9c1c2c%11c%12c3c4c2c5c61')
[3778.456422328949] Updated in round 53! max:(0.8688524590163934, 'C=Cc1c2ccc3c(C=C)c4c5c6ccc7ccc8c1c1c9c2cc2c%10cc%11c2c3c4c2c%11c3c4cc%11c%12c4c4c%13c%14c(cc%15c7c6c6c5c2c3c4c6c%15%13)c8c(c%12%14)c1c%11c%109')
[3782.1445682048798] Updated in round 54! max:(0.8852459016393442, 'C=Cc1c2ccc3c(C=C)c4c5c6ccc7ccc8c1c1c9c2cc2c%10c3c4c3c4c5c5c6c7c6cc7c8c8c%11c7c7c6c5c5c7c6c%11c7c(c9c2c2c%10c3c(c45)c6c27)c18')
[3782.367023706436] Updated in round 55! max:(0.9016393442622951, 'C=Cc1c2c3ccc4c(c3)c3c5c6cc2c2c7c1c1ccc8ccc9c%10c8c8cc%11c1c1c%12c%11c%11c8c8c%10c%10c9c4c3c3c%10c4c8c%11c8c%12c9c(c2c6c2c5c3c4c8c29)c71')
[3782.581397294998] Updated in round 56! max:(0.9180327868852459, 'C=Cc1c2c3cc4c5cc6ccc7c1c1c8c2cc2c9c8c8c1c1c7c7cc%10c6c6c5c5c%11c4c(c3)c3c2c2c9c4c8c8c1c7c1c%10c7c6c5c5c(c3%11)c2c2c4c8c1c7c52')
[3782.7470400333405] Updated in round 57! max:(0.9344262295081968, 'C=Cc1c2c3cc4c5cc6ccc7c1c1c8c2c2c3c3c4c4c9c5c5c6c6cc%10c7c7c%11c%10c%10c6c6c5c9c5c9c4c3c3c2c2c8c(c17)c1c%11c4c%10c6c5c5c4c1c2c3c95')
[3782.8966405391693] Updated in round 58! max:(0.9508196721311475, 'C=Cc1c2c3cc4c5cc6c7cc8c1c1c9c2c2c3c3c4c4c%10c5c5c6c6c7c7c8c8c1c1c9c9c2c2c3c4c3c4c%10c5c5c6c6c7c8c7c1c1c9c2c3c2c4c5c6c7c12')
[3783.016877889633] Updated in round 59! max:(0.9672131147540983, 'c1cc2c3c4cc5c6c1c1c7cc8c2c2c9c3c3c4c4c5c5c%10c6c6c1c1c7c7c8c8c2c2c9c9c3c3c4c5c4c5c%10c6c6c1c1c7c8c7c2c2c9c3c4c3c5c6c1c7c23')
[3783.0645639896393] Updated in round 60! max:(0.9836065573770492, 'c1c2c3c4cc5c6c7c1c1c8c2c2c9c3c3c%10c4c4c5c5c6c6c%11c7c1c1c7c8c2c2c8c9c3c3c9c%10c4c4c5c5c6c6c%11c1c1c7c2c2c8c3c3c9c4c5c4c6c1c2c34')
[3783.098853111267] Updated in round 61! max:(1.0, 'c12c3c4c5c1c1c6c7c2c2c8c3c3c9c4c4c%10c5c5c1c1c6c6c%11c7c2c2c7c8c3c3c8c9c4c4c9c%10c5c5c1c1c6c6c%11c2c2c7c3c3c8c4c4c9c5c1c1c6c2c3c41')
[3783.098866224289] Reproduced in round 61!!
