[5.7220458984375e-05] Start running HillClimbing from [H][H]...
[0.00046944618225097656] Updated in round 1! max:(0.12903225806451613, 'c1ccccc1')
[0.0033767223358154297] Updated in round 2! max:(0.16129032258064516, 'C#Cc1ccccc1')
[0.006198406219482422] Updated in round 3! max:(0.1935483870967742, 'C=CC#Cc1ccccc1')
[0.010271072387695312] Updated in round 4! max:(0.22580645161290322, 'C=CC(=C)C#Cc1ccccc1')
[0.01677989959716797] Updated in round 5! max:(0.25806451612903225, 'C#Cc1ccc(C#CC(=C)C=C)cc1')
[0.02298426628112793] Updated in round 6! max:(0.3225806451612903, 'C#Cc1ccc(C#Cc2ccccc2)cc1')
[0.03238105773925781] Updated in round 7! max:(0.3548387096774194, 'C#Cc1ccc(C#Cc2ccc(C#C)cc2)cc1')
[0.04304790496826172] Updated in round 8! max:(0.4838709677419355, 'C#Cc1ccc(C#Cc2ccc(C#Cc3ccccc3)cc2)cc1')
[0.06521987915039062] Updated in round 9! max:(0.5161290322580645, 'C#Cc1ccc(C#Cc2ccc(C#Cc3ccc(C#C)cc3)cc2)cc1')
[0.08645319938659668] Updated in round 10! max:(0.5483870967741935, 'C#Cc1ccc(C#Cc2ccc(C#Cc3ccc(C#CC=C)cc3)cc2)cc1')
[0.11906576156616211] Updated in round 11! max:(0.5806451612903226, 'C#Cc1ccc(C#Cc2ccc(C#Cc3ccc(C#CC=CC=C)cc3)cc2)cc1')
[0.15557622909545898] Updated in round 12! max:(0.6129032258064516, 'C#Cc1ccc(C#Cc2ccc(C#Cc3ccc(C#CC=CC=CC=C)cc3)cc2)cc1')
[0.20591425895690918] Updated in round 13! max:(0.6451612903225806, 'C=CC#Cc1ccc(C#Cc2ccc(C#Cc3ccc(C#CC=CC=CC=C)cc3)cc2)cc1')
[0.2855198383331299] Updated in round 14! max:(0.6774193548387096, 'C=CC=CC#Cc1ccc(C#Cc2ccc(C#Cc3ccc(C#CC=CC=CC=C)cc3)cc2)cc1')
[0.3735523223876953] Updated in round 15! max:(0.7096774193548387, 'C=CC=CC#Cc1ccc(C#Cc2ccc(C#Cc3ccc(C#Cc4ccccc4)cc3)cc2)cc1')
[0.43997979164123535] Updated in round 16! max:(0.7419354838709677, 'C=CC=C(C#Cc1ccc(C#Cc2ccc(C#Cc3ccc(C#Cc4ccccc4)cc3)cc2)cc1)C=C')
[0.5132598876953125] Updated in round 17! max:(0.7741935483870968, 'C#CC=CC=C(C#Cc1ccc(C#Cc2ccc(C#Cc3ccc(C#Cc4ccccc4)cc3)cc2)cc1)C=C')
[0.6030209064483643] Updated in round 18! max:(0.8064516129032258, 'C#CC=CC=C(C#Cc1ccc(C#Cc2ccc(C#Cc3ccc(C#Cc4ccc(C#C)cc4)cc3)cc2)cc1)C=C')
[0.7105660438537598] Updated in round 19! max:(0.9354838709677419, 'C#CC=CC=C(C#Cc1ccc(C#Cc2ccc(C#Cc3ccc(C#Cc4ccc(C#Cc5ccccc5)cc4)cc3)cc2)cc1)C=C')
[0.87898850440979] Updated in round 20! max:(0.967741935483871, 'C=CC1=CC=CC#Cc2ccc(cc2)C#Cc2ccc(cc2)C#Cc2ccc(cc2)C#Cc2ccc(cc2)C#Cc2ccc(cc2)C#C1')
[1.0371427536010742] Updated in round 21! max:(1.0, 'C1#Cc2ccc(cc2)C#Cc2ccc(cc2)C#Cc2ccc(cc2)C#Cc2ccc(cc2)C#Cc2ccc(cc2)C#Cc2ccc1cc2')
[1.037154197692871] Reproduced in round 21!!
