[5.7220458984375e-05] Start running HillClimbing from [H][H]...
[0.0004668235778808594] Updated in round 1! max:(0.02040816326530612, 'C#C')
[0.0009102821350097656] Updated in round 2! max:(0.04081632653061224, 'C#CC#C')
[0.0015096664428710938] Updated in round 3! max:(0.061224489795918366, 'C#CC#CC=C')
[0.0023202896118164062] Updated in round 4! max:(0.08163265306122448, 'C#CC#CC=CC=C')
[0.003674030303955078] Updated in round 5! max:(0.10204081632653061, 'C#CC#CC(C=C)=CC=C')
[0.00529789924621582] Updated in round 6! max:(0.12244897959183673, 'C#CC#Cc1ccccc1')
[0.007403135299682617] Updated in round 7! max:(0.14285714285714285, 'C#CC#Cc1ccc(C=C)cc1')
[0.01059722900390625] Updated in round 8! max:(0.16326530612244897, 'C=CC#CC#Cc1ccc(C=C)cc1')
[0.015853166580200195] Updated in round 9! max:(0.1836734693877551, 'C=CC#CC#Cc1ccc(C=CC=C)cc1')
[0.021386384963989258] Updated in round 10! max:(0.20408163265306123, 'C=CC=Cc1ccc(C#CC#CC(=C)C=C)cc1')
[0.03160715103149414] Updated in round 11! max:(0.22448979591836735, 'C=CC=Cc1ccc(C#CC#CC(C=C)=CC=C)cc1')
[0.04348254203796387] Updated in round 12! max:(0.24489795918367346, 'C=CC=Cc1ccc(C#CC#CC(=CC=C)C(=C)C=C)cc1')
[0.05755805969238281] Updated in round 13! max:(0.2653061224489796, 'C=CC=Cc1ccc(C#CC#CC(=CC=C)C(=C)C(=C)C=C)cc1')
[0.07267093658447266] Updated in round 14! max:(0.2857142857142857, 'C#CC(=C)C(=C)C(=C)C(C#CC#Cc1ccc(C=CC=C)cc1)=CC=C')
[0.09315204620361328] Updated in round 15! max:(0.30612244897959184, 'C#CC(=C)C(=CC=C)C(=C)C(C#CC#Cc1ccc(C=CC=C)cc1)=CC=C')
[0.11543655395507812] Updated in round 16! max:(0.32653061224489793, 'C#CC(=C)C(=CC(=C)C=C)C(=C)C(C#CC#Cc1ccc(C=CC=C)cc1)=CC=C')
[0.14331555366516113] Updated in round 17! max:(0.3469387755102041, 'C#CC(=C)C(=CC(=C)C=C)C(=C)C(C#CC#Cc1ccc2ccccc2c1)=CC=C')
[0.17369651794433594] Updated in round 18! max:(0.3673469387755102, 'C#CC(=C)C(=CC(=C)C=CC=C)C(=C)C(C#CC#Cc1ccc2ccccc2c1)=CC=C')
[0.20703840255737305] Updated in round 19! max:(0.3877551020408163, 'C#CC(=C)C(=CC(=C)C=CC=C)c1ccccc1C#CC#Cc1ccc2ccccc2c1')
[0.2473304271697998] Updated in round 20! max:(0.40816326530612246, 'C#CC#CC(=C)C(=CC(=C)C=CC=C)c1ccccc1C#CC#Cc1ccc2ccccc2c1')
[0.29468488693237305] Updated in round 21! max:(0.42857142857142855, 'C#CC#CC(=C)C(=CC(=C)C=CC=C)c1cc(C=C)ccc1C#CC#Cc1ccc2ccccc2c1')
[0.34314608573913574] Updated in round 22! max:(0.4489795918367347, 'C#CC#CC(=C)C(=CC(=C)C=CC=C)c1cc(C=C)ccc1C#CC#Cc1ccc2ccccc2c1C=C')
[0.39365649223327637] Updated in round 23! max:(0.46938775510204084, 'C#CC#CC(=C)C(c1cc(C=C)ccc1C#CC#Cc1ccc2ccccc2c1C=C)=c1ccccc1=C')
[0.44003868103027344] Updated in round 24! max:(0.4897959183673469, 'C#CC#CC(=C)C(c1cc(C=C)ccc1C#CC#Cc1ccc2ccccc2c1C=CC#C)=c1ccccc1=C')
[0.503495454788208] Updated in round 25! max:(0.5102040816326531, 'C#CC#CC(=C)C(c1cc(C=C)ccc1C#CC#Cc1ccc2ccccc2c1C(C=C)=CC#C)=c1ccccc1=C')
[0.5667421817779541] Updated in round 26! max:(0.5306122448979592, 'C#CC#CC(=C)C(c1cc(C=C)ccc1C#CC#Cc1ccc2ccccc2c1C(C=CC=C)=CC#C)=c1ccccc1=C')
[0.6420581340789795] Updated in round 27! max:(0.5510204081632653, 'C#CC#CC(=C)C(c1cc(C=CC=C)ccc1C#CC#Cc1ccc2ccccc2c1C(C=CC=C)=CC#C)=c1ccccc1=C')
[0.7658424377441406] Updated in round 28! max:(0.5714285714285714, 'C#CC#CC(=C)C(c1cc(C=CC=C)ccc1C#CC#Cc1ccc2ccccc2c1C(C=CC=C)=C(C#C)C=C)=c1ccccc1=C')
[0.8974964618682861] Updated in round 29! max:(0.5918367346938775, 'C#CC#CC(=C)C(c1cc(C=CC=C)ccc1C#CC#Cc1ccc2ccccc2c1C(C=CC=CC=C)=C(C#C)C=C)=c1ccccc1=C')
[1.025148868560791] Updated in round 30! max:(0.6122448979591837, 'C#CC#Cc1ccc2ccccc2c1-c1cc(C=CC=C)ccc1C#CC#Cc1ccc2ccccc2c1C(C=CC=CC=C)=C(C#C)C=C')
[1.1471171379089355] Updated in round 31! max:(0.6326530612244898, 'C#CC#Cc1ccc2ccccc2c1-c1c(C#CC#Cc2ccc3ccccc3c2C(C=CC=CC=C)=C(C#C)C=C)ccc2ccccc12')
[1.307253360748291] Updated in round 32! max:(0.6530612244897959, 'C#CC#Cc1ccc2ccccc2c1-c1c(C#CC#Cc2ccc3ccccc3c2-c2ccccccccc2C#C)ccc2ccccc12')
[1.41280198097229] Updated in round 33! max:(0.673469387755102, 'C#CC#Cc1ccc2ccccc2c1-c1c(C#CC#Cc2ccc3ccccc3c2-c2c(C#C)ccc3ccccc23)ccc2ccccc12')
[1.514641284942627] Updated in round 34! max:(0.6938775510204082, 'C#Cc1ccc2ccccc2c1-c1c(C#CC#Cc2ccc3ccccc3c2-c2c(C#CC#CC=C)ccc3ccccc23)ccc2ccccc12')
[1.6521565914154053] Updated in round 35! max:(0.7142857142857143, 'C#CC#Cc1ccc2ccccc2c1-c1c(C#CC#Cc2ccc3ccccc3c2-c2c(C#CC#CC=C)ccc3ccccc23)ccc2ccccc12')
[1.8127491474151611] Updated in round 36! max:(0.7346938775510204, 'C#CC#Cc1ccc2ccccc2c1-c1c(C#CC#Cc2ccc3ccccc3c2-c2c(C#CC#CC=CC=C)ccc3ccccc23)ccc2ccccc12')
[2.0080068111419678] Updated in round 37! max:(0.7551020408163265, 'C#CC#Cc1ccc2ccccc2c1-c1c(C#CC#Cc2ccc3ccccc3c2-c2c(C#CC#CC=CC=CC=C)ccc3ccccc23)ccc2ccccc12')
[2.216248035430908] Updated in round 38! max:(0.7755102040816326, 'C#CC#Cc1ccc2ccccc2c1-c1c(C#CC#Cc2ccc3ccccc3c2-c2c(C#CC#CC=CC=CC=CC=C)ccc3ccccc23)ccc2ccccc12')
[2.4186148643493652] Updated in round 39! max:(0.7959183673469388, 'C1#CC=CC=CC=CC=CC#CC#Cc2ccc3ccccc3c2-c2c(ccc3ccccc23)C#CC#Cc2ccc3ccccc3c2-c2c(ccc3ccccc23)C#C1')
[2.676222562789917] Updated in round 40! max:(0.8163265306122449, 'C=CC1=CC=CC#CC#Cc2ccc3ccccc3c2-c2c(ccc3ccccc23)C#CC#Cc2ccc3ccccc3c2-c2c(ccc3ccccc23)C#CC#CC=CC=C1')
[2.943516969680786] Updated in round 41! max:(0.8367346938775511, 'C=Cc1ccc2c(c1)C=CC#CC#Cc1ccc3ccccc3c1-c1c(ccc3ccccc13)C#CC#Cc1ccc3ccccc3c1-c1c(ccc3ccccc13)C#CC#C2')
[3.411486864089966] Updated in round 42! max:(0.8571428571428571, 'C=CC1=CC#CC#Cc2ccc3ccccc3c2-c2c(ccc3ccccc23)C#CC#Cc2ccc3ccccc3c2-c2c(ccc3ccccc23)C#CC#Cc2ccc(C=C)cc21')
[3.818687915802002] Updated in round 43! max:(0.8775510204081632, 'C=CC=CC1=CC#CC#Cc2ccc3ccccc3c2-c2c(ccc3ccccc23)C#CC#Cc2ccc3ccccc3c2-c2c(ccc3ccccc23)C#CC#Cc2ccc(C=C)cc21')
[4.168981075286865] Updated in round 44! max:(0.8979591836734694, 'C=CC=C(C=C)C1=CC#CC#Cc2ccc3ccccc3c2-c2c(ccc3ccccc23)C#CC#Cc2ccc3ccccc3c2-c2c(ccc3ccccc23)C#CC#Cc2ccc(C=C)cc21')
[4.586395740509033] Updated in round 45! max:(0.9183673469387755, 'C=Cc1ccc2c(c1)-c1c(cccc1C=C)C#CC#Cc1ccc3ccccc3c1-c1c(ccc3ccccc13)C#CC#Cc1ccc3ccccc3c1-c1c(ccc3ccccc13)C#CC#C2')
[5.187137842178345] Updated in round 46! max:(0.9387755102040817, 'C=Cc1ccc2c(c1)-c1c(ccc(C=C)c1C=C)C#CC#Cc1ccc3ccccc3c1-c1c(ccc3ccccc13)C#CC#Cc1ccc3ccccc3c1-c1c(ccc3ccccc13)C#CC#C2')
[5.897979974746704] Updated in round 47! max:(0.9591836734693877, 'C=Cc1ccc2c(c1C=C)-c1c(ccc(C=C)c1C=C)C#CC#Cc1ccc3ccccc3c1-c1c(ccc3ccccc13)C#CC#Cc1ccc3ccccc3c1-c1c(ccc3ccccc13)C#CC#C2')
[6.583377838134766] Updated in round 48! max:(0.9795918367346939, 'C=Cc1ccc2c(c1C=C)-c1c(ccc3ccccc13)C#CC#Cc1ccc3ccccc3c1-c1c(ccc3ccccc13)C#CC#Cc1ccc3ccccc3c1-c1c(ccc3ccccc13)C#CC#C2')
[7.509890556335449] Updated in round 49! max:(1.0, 'C1#Cc2ccc3ccccc3c2-c2c(ccc3ccccc23)C#CC#Cc2ccc3ccccc3c2-c2c(ccc3ccccc23)C#CC#Cc2ccc3ccccc3c2-c2c(ccc3ccccc23)C#C1')
[7.509902000427246] Reproduced in round 49!!
