[6.079673767089844e-05] Start running HillClimbing from [H][H]...
[0.0005035400390625] Updated in round 1! max:(0.02040816326530612, 'C=C')
[0.001065969467163086] Updated in round 2! max:(0.04081632653061224, 'C=CC=C')
[0.0019028186798095703] Updated in round 3! max:(0.061224489795918366, 'C=CC(=C)C=C')
[0.0032913684844970703] Updated in round 4! max:(0.08163265306122448, 'C=CC(=C)C(=C)C=C')
[0.005443572998046875] Updated in round 5! max:(0.10204081632653061, 'C=CC=C(C=C)C(=C)C=C')
[0.008776426315307617] Updated in round 6! max:(0.12244897959183673, 'C=CC=C(C=C)C(=C)C(=C)C=C')
[0.01336526870727539] Updated in round 7! max:(0.14285714285714285, 'C=CC=CC(=C)C(=C)C(C=C)=CC=C')
[0.01911759376525879] Updated in round 8! max:(0.16326530612244897, 'C=CC=C(C=C)C(=C)C(=C)C=C(C=C)C=C')
[0.02670001983642578] Updated in round 9! max:(0.1836734693877551, 'C=CC=c1cccc(C=C(C=C)C=C)c1=C')
[0.03979063034057617] Updated in round 10! max:(0.20408163265306123, 'C=CC(C=C)=Cc1cccc2ccccc12')
[0.04885697364807129] Updated in round 11! max:(0.22448979591836735, 'C=CC(C=C)=Cc1c(C=C)ccc2ccccc12')
[0.06340765953063965] Updated in round 12! max:(0.24489795918367346, 'C=CC(C=C)=Cc1c(C=C)ccc2ccc(C=C)cc12')
[0.08732151985168457] Updated in round 13! max:(0.2653061224489796, 'C=CC=CC(C=C)=Cc1c(C=C)ccc2ccc(C=C)cc12')
[0.10925126075744629] Updated in round 14! max:(0.2857142857142857, 'C=CC=CC(C=C)=C(C=C)c1c(C=C)ccc2ccc(C=C)cc12')
[0.13237762451171875] Updated in round 15! max:(0.30612244897959184, 'C=CC=CC(C=C)=C(C=C)c1c(C=C)ccc2ccc(C=CC=C)cc12')
[0.1665346622467041] Updated in round 16! max:(0.32653061224489793, 'C=CC=CC(C=C)=C(C=C)c1c(C=C)ccc2ccc3ccccc3c12')
[0.20447325706481934] Updated in round 17! max:(0.3469387755102041, 'C=CC(C=C)=CC(C=C)=C(C=C)c1c(C=C)ccc2ccc3ccccc3c12')
[0.24503040313720703] Updated in round 18! max:(0.3673469387755102, 'C=CC(C=C)=CC(C=C)=C(C=C)c1c(C=C)ccc2ccc3cccc(C=C)c3c12')
[0.36934661865234375] Updated in round 19! max:(0.3877551020408163, 'C=CC(C=C)=Cc1ccccc1-c1c(C=C)ccc2ccc3cccc(C=C)c3c12')
[0.43592238426208496] Updated in round 20! max:(0.40816326530612246, 'C=CC(C=C)=Cc1cccc2ccc3ccc4ccc5cccc(C=C)c5c4c3c12')
[0.4777488708496094] Updated in round 21! max:(0.42857142857142855, 'C=CC(=C)c1cccc2ccc3ccc4ccc5cccc(C=C(C=C)C=C)c5c4c3c12')
[0.5262503623962402] Updated in round 22! max:(0.4489795918367347, 'C=CC=CC(C=C)=Cc1cccc2ccc3ccc4ccc5cccc(C(=C)C=C)c5c4c3c12')
[0.6203720569610596] Updated in round 23! max:(0.46938775510204084, 'C=CC(=C)c1cccc2ccc3ccc4ccc5cccc(-c6ccccc6C=C)c5c4c3c12')
[0.6788065433502197] Updated in round 24! max:(0.4897959183673469, 'C=CC=Cc1ccccc1-c1cccc2ccc3ccc4ccc5cccc(C(=C)C=C)c5c4c3c12')
[0.7493569850921631] Updated in round 25! max:(0.5102040816326531, 'C=CC=Cc1ccccc1-c1cccc2ccc3ccc4ccc5cccc(C(C=C)=CC=C)c5c4c3c12')
[0.8412353992462158] Updated in round 26! max:(0.5306122448979592, 'C=CC=Cc1ccccc1-c1cccc2ccc3ccc4ccc5cccc(C(C=C)=CC(=C)C=C)c5c4c3c12')
[0.9434859752655029] Updated in round 27! max:(0.5510204081632653, 'C=CC=Cc1cccc(C=C)c1-c1cccc2ccc3ccc4ccc5cccc(C(C=C)=CC(=C)C=C)c5c4c3c12')
[1.068281650543213] Updated in round 28! max:(0.5714285714285714, 'C=CC=Cc1cccc(C=C)c1-c1cccc2ccc3ccc4ccc5cccc(C(C=C)=CC(=C)C(=C)C=C)c5c4c3c12')
[1.2061498165130615] Updated in round 29! max:(0.5918367346938775, 'C=CC(=C)C(=C)C=C(C=C)c1cccc2ccc3ccc4ccc5cccc(-c6c(C=C)ccc7ccccc67)c5c4c3c12')
[1.3287467956542969] Updated in round 30! max:(0.6122448979591837, 'C=CC(=C)C(=C)C=C(C=C)c1cccc2ccc3ccc4ccc5cccc(-c6c(C=C)ccc7cccc(C=C)c67)c5c4c3c12')
[1.484384298324585] Updated in round 31! max:(0.6326530612244898, 'C=CC(=C)C(=C)C=C(C=C)c1cccc2ccc3ccc4ccc5cccc(-c6c(C=C)ccc7cccc(C(=C)C=C)c67)c5c4c3c12')
[1.732248067855835] Updated in round 32! max:(0.6530612244897959, 'C=CC=CC(=CC(=C)C(=C)C=C)c1cccc2ccc3ccc4ccc5cccc(-c6c(C=C)ccc7cccc(C(=C)C=C)c67)c5c4c3c12')
[1.9552943706512451] Updated in round 33! max:(0.673469387755102, 'C=CC=CC(=CC(=C)C(=C)C=C)c1cccc2ccc3ccc4ccc5cccc(-c6c(C=C)ccc7cccc(C(C=C)=CC=C)c67)c5c4c3c12')
[2.197481632232666] Updated in round 34! max:(0.6938775510204082, 'C=CC=CC(=CC(=C)C(=C)C=C)c1cccc2ccc3ccc4ccc5cccc(-c6c(C=C)ccc7ccc(C=C)c(C(C=C)=CC=C)c67)c5c4c3c12')
[2.53790283203125] Updated in round 35! max:(0.7142857142857143, 'C=CC=CC(=CC(=C)C(=C)C=C)c1cccc2ccc3ccc4ccc5ccc6ccc7ccc8ccc(C=C)c(C(C=C)=CC=C)c8c7c6c5c4c3c12')
[2.8074851036071777] Updated in round 36! max:(0.7346938775510204, 'C=CC=C(C=C)c1c(C=C)ccc2ccc3ccc4ccc5ccc6ccc7ccc8cccc(-c9ccccccc(=C)c(=C)c9)c8c7c6c5c4c3c12')
[3.119457960128784] Updated in round 37! max:(0.7551020408163265, 'C=CC=c1c(=C)ccc2ccc3ccc4ccc5ccc6ccc7ccc8ccc9cccc(-c%10ccccccc(=C)c(=C)c%10)c9c8c7c6c5c4c3c12')
[3.4752674102783203] Updated in round 38! max:(0.7755102040816326, 'C=CC=c1ccccccc(-c2cccc3ccc4ccc5ccc6ccc7ccc8ccc9ccc%10ccc(=C)c(=CC=C)c%10c9c8c7c6c5c4c23)cc1=C')
[3.872814893722534] Updated in round 39! max:(0.7959183673469388, 'C=CC=c1ccccccc(-c2cccc3ccc4ccc5ccc6ccc7ccc8ccc9ccc%10ccc(=C)c(=CC(=C)C=C)c%10c9c8c7c6c5c4c23)cc1=C')
[4.230356693267822] Updated in round 40! max:(0.8163265306122449, 'C=CC(=C)C=c1c(=C)ccc2ccc3ccc4ccc5ccc6ccc7ccc8ccc9cccc(-c%10ccccccc%11ccccc%11c%10)c9c8c7c6c5c4c3c12')
[4.7889368534088135] Updated in round 41! max:(0.8367346938775511, 'C=CC(=C)C(C=C)=c1c(=C)ccc2ccc3ccc4ccc5ccc6ccc7ccc8ccc9cccc(-c%10ccccccc%11ccccc%11c%10)c9c8c7c6c5c4c3c12')
[5.3305277824401855] Updated in round 42! max:(0.8571428571428571, 'C=Cc1ccc2ccc3ccc4ccc5ccc6ccc7ccc8ccc9ccc%10cccc(-c%11ccccccc%12ccccc%12c%11)c%10c9c8c7c6c5c4c3c2c1C=C')
[5.926396369934082] Updated in round 43! max:(0.8775510204081632, 'c1cccc2ccccc2cc(-c2cccc3ccc4ccc5ccc6ccc7ccc8ccc9ccc%10ccc%11ccc%12ccccc%12c%11c%10c9c8c7c6c5c4c23)cc1')
[6.599658966064453] Updated in round 44! max:(0.8979591836734694, 'C=Cc1ccc2ccc3ccc4ccc5ccc6ccc7ccc8ccc9ccc%10ccc%11ccccc%11c%10c9c8c7c6c5c4c3c2c1-c1ccccccc2ccccc2c1')
[7.178398609161377] Updated in round 45! max:(0.9183673469387755, 'C=Cc1ccc2ccc3ccc4ccc5ccc6ccc7ccc8ccc9ccc%10ccc%11cccc(C=C)c%11c%10c9c8c7c6c5c4c3c2c1-c1ccccccc2ccccc2c1')
[8.563730478286743] Updated in round 46! max:(0.9387755102040817, 'C=CC=Cc1cccc2ccc3ccc4ccc5ccc6ccc7ccc8ccc9ccc%10ccc%11ccc(C=C)c(-c%12ccccccc%13ccccc%13c%12)c%11c%10c9c8c7c6c5c4c3c12')
[11.122373342514038] Updated in round 47! max:(0.9591836734693877, 'C=Cc1ccc2ccc3ccc4ccc5ccc6ccc7ccc8ccc9ccc%10ccc%11ccc%12ccccc%12c%11c%10c9c8c7c6c5c4c3c2c1-c1ccccccc2ccccc2c1')
[12.767899513244629] Updated in round 48! max:(0.9795918367346939, 'C=Cc1ccc2ccc3ccc4ccc5ccc6ccc7ccc8ccc9ccc%10ccc%11ccc%12ccccc%12c%11c%10c9c8c7c6c5c4c3c2c1-c1cccc2ccc3ccccc3c12')
[15.7648024559021] Updated in round 49! max:(1.0, 'c1ccc2c(c1)ccc1ccc3ccc4ccc5ccc6ccc7ccc8ccc9ccc%10ccc%11ccc%12ccc%13ccc%14ccc%15ccccc%15c%14c%13c%12c%11c%10c9c8c7c6c5c4c3c12')
[15.76481580734253] Reproduced in round 49!!
