[5.793571472167969e-05] Start running HillClimbing from [H][H]...
[0.03426194190979004] Updated in round 1! max:(0.02702702702702703, 'C=C')
[0.03496956825256348] Updated in round 2! max:(0.05405405405405406, 'C=CC=C')
[0.057146310806274414] Updated in round 3! max:(0.08108108108108109, 'C=CC=CC=C')
[0.059369802474975586] Updated in round 4! max:(0.10810810810810811, 'C=CC=C(C=C)C=C')
[0.1310739517211914] Updated in round 5! max:(0.13513513513513514, 'C=CC(=C)C=C(C=C)C=C')
[0.13516902923583984] Updated in round 6! max:(0.16216216216216217, 'C=CC=CC(C=C)=CC(=C)C=C')
[0.14090180397033691] Updated in round 7! max:(0.1891891891891892, 'C=CC=Cc1ccc(=C)c(=C)c1')
[0.14972424507141113] Updated in round 8! max:(0.21621621621621623, 'C=CC=CC=Cc1ccc(=C)c(=C)c1')
[0.2816183567047119] Updated in round 9! max:(0.24324324324324326, 'C=CC=CC(C=C)=Cc1ccc(=C)c(=C)c1')
[0.36954355239868164] Updated in round 10! max:(0.2702702702702703, 'C=CC=CC(C=C)=Cc1ccc(=CC=C)c(=C)c1')
[0.3882467746734619] Updated in round 11! max:(0.2972972972972973, 'C=CC=CC=CC(C=C)=Cc1ccc(=CC=C)c(=C)c1')
[0.41042280197143555] Updated in round 12! max:(0.32432432432432434, 'C=CC=CC=Cc1ccc2cc(=CC=C)c(=C)cc2c1')
[0.431612491607666] Updated in round 13! max:(0.35135135135135137, 'C=CC=CC=Cc1ccc2cc(=CC=C)c(=CC=C)cc2c1')
[0.45949268341064453] Updated in round 14! max:(0.3783783783783784, 'C=CC=c1cc2ccc(C=CC=CC(=C)C=C)cc2cc1=CC=C')
[0.49083924293518066] Updated in round 15! max:(0.40540540540540543, 'C=CC(=C)C=CC=Cc1ccc2cc3cc(=C)c(=C)cc3cc2c1')
[0.5257353782653809] Updated in round 16! max:(0.43243243243243246, 'C=CC=c1cc2cc3cc(C=CC=CC(=C)C=C)ccc3cc2cc1=C')
[0.5641405582427979] Updated in round 17! max:(0.4594594594594595, 'C=CC=CC=c1cc2cc3cc(C=CC=CC(=C)C=C)ccc3cc2cc1=C')
[0.8673303127288818] Updated in round 18! max:(0.4864864864864865, 'C=CC=CC=c1cc2cc3cc(C=CC=CC(=C)C=CC=C)ccc3cc2cc1=C')
[1.0228211879730225] Updated in round 19! max:(0.5135135135135135, 'C=CC=CC=c1cc2cc3cc(C=CC=CC(=C)C=CC=C)c(C=C)cc3cc2cc1=C')
[1.2158753871917725] Updated in round 20! max:(0.5405405405405406, 'C=CC=CC(=C)C=CC=Cc1cc2cc3cc(=CC=CC(=C)C=C)c(=C)cc3cc2cc1C=C')
[1.2929942607879639] Updated in round 21! max:(0.5675675675675675, 'C=CC(=C)C=CC=c1cc2cc3cc(C=CC=CC(=C)C=C(C=C)C=C)c(C=C)cc3cc2cc1=C')
[1.4011671543121338] Updated in round 22! max:(0.5945945945945946, 'C=CC=CC(C=C)=CC(=C)C=CC=Cc1cc2cc3cc(=CC=CC(=C)C=C)c(=C)cc3cc2cc1C=C')
[1.518338680267334] Updated in round 23! max:(0.6216216216216216, 'C=CC=CC(=CC(=C)C=CC=Cc1cc2cc3cc(=CC=CC(=C)C=C)c(=C)cc3cc2cc1C=C)C(=C)C=C')
[1.656179666519165] Updated in round 24! max:(0.6486486486486487, 'C=CC=CC(=CC(=C)C=Cc1ccc2cc3cc4cc(=C)c(=CC=CC(=C)C=C)cc4cc3cc2c1)C(=C)C=C')
[1.7985725402832031] Updated in round 25! max:(0.6756756756756757, 'C=CC=CC=CC(=CC(=C)C=Cc1ccc2cc3cc4cc(=C)c(=CC=CC(=C)C=C)cc4cc3cc2c1)C(=C)C=C')
[1.9644827842712402] Updated in round 26! max:(0.7027027027027027, 'C=CC=CC=CC(=CC(=C)C=Cc1ccc2cc3cc4cc(=CC=C)c(=CC=CC(=C)C=C)cc4cc3cc2c1)C(=C)C=C')
[2.1083405017852783] Updated in round 27! max:(0.7297297297297297, 'C=CC=CC=CC(=CC(=C)C=Cc1ccc2cc3cc4cc(=CC=C)c(=CC=CC(C=C)=CC=C)cc4cc3cc2c1)C(=C)C=C')
[2.295222759246826] Updated in round 28! max:(0.7567567567567568, 'C=CC=CC=Cc1cc(=C)c(=Cc2ccc3cc4cc5cc(=CC=C)c(=CC=CC(C=C)=CC=C)cc5cc4cc3c2)cc1C=C')
[2.5179646015167236] Updated in round 29! max:(0.7837837837837838, 'C=CC=CC=Cc1cc2cc3cc4cc5cc6cc(=CC=C)c(=CC=CC(C=C)=CC=C)cc6cc5cc4cc3cc2cc1C=C')
[2.6907267570495605] Updated in round 30! max:(0.8108108108108109, 'C=CC=CC=Cc1cc2cc3cc4cc5cc6cc(=CC=C)c(=CC=CC(C=C)=CC=C)cc6cc5cc4cc3cc2cc1C=CC=C')
[2.8987479209899902] Updated in round 31! max:(0.8378378378378378, 'C=CC=Cc1cc2cc3cc4cc5cc6cc7cccc(=CC=C)ccccccccc1cc2cc3cc4cc5cc6cc7=CC=C')
[3.25997257232666] Updated in round 32! max:(0.8648648648648649, 'C=CC=c1ccccccc2cc3cc4cc5cc6cc7cc8cc(=CC=C)c(ccc1)cc8cc7cc6cc5cc4cc3cc2C=C')
[3.5523078441619873] Updated in round 33! max:(0.8918918918918919, 'C=CC=c1cccc2cc3cc4cc5cc6cc7cc8cc(C=C)c9cc8cc7cc6cc5cc4cc3cc2cccc1=CC=CC=C9')
[3.9481465816497803] Updated in round 34! max:(0.918918918918919, 'C=CC=c1cccc2cc3cc4cc5cc6cc7cc8cc9ccc%10cc9cc8cc7cc6cc5cc4cc3cc2cccc1=CC=C%10')
[4.372014999389648] Updated in round 35! max:(0.9459459459459459, 'c1cc2cccc3cc4cc5cc6cc7cc8cc9cc%10cc(c1)c1cccc2cccc3cc4cc5cc6cc7cc8cc9cc%10c1')
[4.664205312728882] Updated in round 36! max:(0.972972972972973, 'c1cc2cc3cc4cc5cc6cc7cc8cc9cc%10cc%11cc(c1)c1cccc2cc3cc4cc5cc6cc7cc8cc9cc%10cc%11c1')
[4.9076502323150635] Updated in round 37! max:(1.0, 'c1c2cc3cc4cc5cc6cc7cc8cc9cc%10cc%11cc%12cc1c1cc2cc3cc4cc5cc6cc7cc8cc9cc%10cc%11cc%12c1')
[4.9076619148254395] Reproduced in round 37!!
