[5.53131103515625e-05] Start running HillClimbing from [H][H]...
[0.0005860328674316406] Updated in round 1! max:(0.10810810810810811, 'c1ccccc1')
[0.0036220550537109375] Updated in round 2! max:(0.1891891891891892, 'c1ccc2ccccc2c1')
[0.009695291519165039] Updated in round 3! max:(0.21621621621621623, 'C=Cc1ccc2ccccc2c1')
[0.017963647842407227] Updated in round 4! max:(0.32432432432432434, 'C(=Cc1ccc2ccccc2c1)c1ccccc1')
[0.04141998291015625] Updated in round 5! max:(0.40540540540540543, 'C(=Cc1ccc2c(ccc3ccccc32)c1)c1ccccc1')
[0.07438802719116211] Updated in round 6! max:(0.43243243243243246, 'C=Cc1ccc(C=Cc2ccc3c(ccc4ccccc43)c2)cc1')
[0.12744879722595215] Updated in round 7! max:(0.4594594594594595, 'C=CC=Cc1ccc(C=Cc2ccc3c(ccc4ccccc43)c2)cc1')
[0.18406438827514648] Updated in round 8! max:(0.4864864864864865, 'C=CC(=C)C=Cc1ccc(C=Cc2ccc3c(ccc4ccccc43)c2)cc1')
[0.26517367362976074] Updated in round 9! max:(0.5945945945945946, 'C=CC(C=Cc1ccc(C=Cc2ccc3c(ccc4ccccc43)c2)cc1)=Cc1ccccc1')
[0.3656151294708252] Updated in round 10! max:(0.6216216216216216, 'C=CC(C=Cc1ccc(C=Cc2ccc3c(ccc4cccc(C=C)c43)c2)cc1)=Cc1ccccc1')
[0.4826176166534424] Updated in round 11! max:(0.6486486486486487, 'C=CC=Cc1cccc2ccc3cc(C=Cc4ccc(C=CC(C=C)=Cc5ccccc5)cc4)ccc3c12')
[0.6220788955688477] Updated in round 12! max:(0.7027027027027027, 'C=CC(C=Cc1ccc(C=Cc2ccc3c(ccc4ccc5ccc(C=C)cc5c43)c2)cc1)=Cc1ccccc1')
[0.7909958362579346] Updated in round 13! max:(0.7297297297297297, 'C=CC=Cc1ccc2ccc3ccc4cc(C=Cc5ccc(C=CC(C=C)=Cc6ccccc6)cc5)ccc4c3c2c1')
[0.9518320560455322] Updated in round 14! max:(0.7567567567567568, 'C=CC(=C)C=Cc1ccc2ccc3ccc4cc(C=Cc5ccc(C=CC(C=C)=Cc6ccccc6)cc5)ccc4c3c2c1')
[1.138866901397705] Updated in round 15! max:(0.7837837837837838, 'C=CC=CC(=C)C=Cc1ccc2ccc3ccc4cc(C=Cc5ccc(C=CC(C=C)=Cc6ccccc6)cc5)ccc4c3c2c1')
[1.3966903686523438] Updated in round 16! max:(0.8108108108108109, 'C=CC=CC(=C)C=Cc1ccc2ccc3ccc4cc(C=Cc5ccc(C=Cc6ccc7ccccc7c6)cc5)ccc4c3c2c1')
[1.6903982162475586] Updated in round 17! max:(0.8378378378378378, 'C(=Cc1ccc2ccc3ccc4cc(C=Cc5ccc(C=Cc6ccc7ccccc7c6)cc5)ccc4c3c2c1)c1ccccc1')
[2.0974438190460205] Updated in round 18! max:(0.8648648648648649, 'C(=Cc1ccc2ccccc2c1)c1ccc(C=Cc2ccc3c(ccc4ccc5ccc6ccc7ccccc7c6c5c43)c2)cc1')
[2.341085433959961] Updated in round 19! max:(0.8918918918918919, 'C(=Cc1ccc2ccc3ccc4c(ccc5ccc6ccc7ccc8ccccc8c7c6c54)c3c2c1)c1ccc2ccccc2c1')
[2.791132926940918] Updated in round 20! max:(0.918918918918919, 'c1ccc2c(c1)ccc1ccc3ccc4ccc5c(ccc6ccc7ccc8ccc9ccc%10ccccc%10c9c8c7c65)c4c3c12')
[3.18827748298645] Updated in round 21! max:(0.9459459459459459, 'C=Cc1cccc2ccc3ccc4ccc5ccc6ccc7c(ccc8ccc9ccc%10ccc%11ccccc%11c%10c9c87)c6c5c4c3c12')
[3.697218418121338] Updated in round 22! max:(0.972972972972973, 'c1cc2ccc3ccc4ccc5ccc6ccc7ccc8c(ccc9ccc%10ccc%11ccc%12ccc(c1)c2c%12c%11c%10c98)c7c6c5c4c3')
[4.24554967880249] Updated in round 23! max:(1.0, 'c1cc2ccc3ccc4ccc5ccc6c7ccc8ccc9ccc%10ccc%11ccc%12ccc%13c(ccc1c%13c2c3c4c57)c%12c%11c%10c9c86')
[4.245563507080078] Reproduced in round 23!!
