[5.817413330078125e-05] Start running HillClimbing from [H][H]...
[0.000583648681640625] Updated in round 1! max:(0.02040816326530612, 'C=C')
[0.0010678768157958984] Updated in round 2! max:(0.04081632653061224, 'C#CC=C')
[0.0018031597137451172] Updated in round 3! max:(0.061224489795918366, 'C#CC(=C)C=C')
[0.0027801990509033203] Updated in round 4! max:(0.08163265306122448, 'C#CC(=C)C=CC=C')
[0.004327535629272461] Updated in round 5! max:(0.10204081632653061, 'C#CC#CC(=C)C=CC=C')
[0.00839686393737793] Updated in round 6! max:(0.12244897959183673, 'C#CC#CC(=C)C=C(C=C)C=C')
[0.016606807708740234] Updated in round 7! max:(0.14285714285714285, 'C#CC#CC(=C)C=C(C=C)C=CC=C')
[0.02067112922668457] Updated in round 8! max:(0.16326530612244897, 'C#CC#CC(=C)C(C=C)=C(C=C)C=CC=C')
[0.025305747985839844] Updated in round 9! max:(0.1836734693877551, 'C#CC#Cc1cccc(C=CC=C)c1C=C')
[0.03406786918640137] Updated in round 10! max:(0.20408163265306123, 'C#CC#Cc1ccc2ccccc2c1C=C')
[0.039376258850097656] Updated in round 11! max:(0.22448979591836735, 'C#CC#Cc1ccc2ccccc2c1C=CC#C')
[0.04699277877807617] Updated in round 12! max:(0.24489795918367346, 'C#CC=Cc1c(C#CC#CC=C)ccc2ccccc12')
[0.05527639389038086] Updated in round 13! max:(0.2653061224489796, 'C#CC(C=C)=Cc1c(C#CC#CC=C)ccc2ccccc12')
[0.06585907936096191] Updated in round 14! max:(0.2857142857142857, 'C#CC(C=C)=Cc1c(C#CC#CC=CC=C)ccc2ccccc12')
[0.08256006240844727] Updated in round 15! max:(0.30612244897959184, 'C#CC(C=C)=Cc1c(C#CC#CC=CC(=C)C=C)ccc2ccccc12')
[0.10096001625061035] Updated in round 16! max:(0.32653061224489793, 'C#CC(=C)C(=C)C=CC#CC#Cc1ccc2ccccc2c1C=C(C#C)C=C')
[0.1200246810913086] Updated in round 17! max:(0.3469387755102041, 'C#CC(=C)C(C=CC#CC#Cc1ccc2ccccc2c1C=C(C#C)C=C)=CC=C')
[0.1474912166595459] Updated in round 18! max:(0.3673469387755102, 'C#CC(=C)C(=CC=C)C(C=C)=CC#CC#Cc1ccc2ccccc2c1C=C(C#C)C=C')
[0.17905068397521973] Updated in round 19! max:(0.3877551020408163, 'C#CC(=C)C(=CC(=C)C=C)C(C=C)=CC#CC#Cc1ccc2ccccc2c1C=C(C#C)C=C')
[0.21433687210083008] Updated in round 20! max:(0.40816326530612246, 'C#CC(=C)C(=CC(=C)C=C)C(C=C)=CC#CC#Cc1ccc2ccccc2c1C(C=C)=C(C#C)C=C')
[0.2592923641204834] Updated in round 21! max:(0.42857142857142855, 'C#CC(=C)C(=CC(=C)C=C)C(C=C)=CC#CC#Cc1ccc2ccccc2c1C(C=CC=C)=C(C#C)C=C')
[0.31035280227661133] Updated in round 22! max:(0.4489795918367347, 'C#CC#CC(C=C)=C(C=CC=C)c1c(C#CC#CC=C(C=C)C(=CC(=C)C=C)C(=C)C#C)ccc2ccccc12')
[0.360227108001709] Updated in round 23! max:(0.46938775510204084, 'C#CC#CC(C=C)=C(C=CC=C)c1c(C#CC#CC(C=C)=C(C=C)C(=CC(=C)C=C)C(=C)C#C)ccc2ccccc12')
[0.4254117012023926] Updated in round 24! max:(0.4897959183673469, 'C#CC#CC(=C)C(=CC(=C)C=C)C(C=C)=C(C#CC#Cc1ccc2ccccc2c1C(C=CC=C)=C(C#CC#C)C=C)C=C')
[0.48572468757629395] Updated in round 25! max:(0.5102040816326531, 'C#CC#CC(=C)C(=CC(=C)C=C)C(C=C)=C(C#CC#Cc1ccc2ccccc2c1C(C=CC=C)=C(C#CC#CC=C)C=C)C=C')
[0.5616118907928467] Updated in round 26! max:(0.5306122448979592, 'C#CC#CC(=C)C(=CC(=C)C=C)C(C=C)=C(C#CC#Cc1ccc2ccccc2c1C(C=CC=C)=C(C#CC#CC=CC=C)C=C)C=C')
[0.6429400444030762] Updated in round 27! max:(0.5510204081632653, 'C#CC#CC(=C)C(=CC(=C)C=C)C(C=C)=C(C#CC#Cc1ccc2ccccc2c1C(C=CC=C)=C(C#CC#CC(C=C)=CC=C)C=C)C=C')
[0.73934006690979] Updated in round 28! max:(0.5714285714285714, 'C#CC#CC(=C)C(=CC(=C)C=C)C(C=C)=C(C#CC#Cc1ccc2ccccc2c1C(C=CC=C)=C(C#CC#CC(=CC=C)C(=C)C=C)C=C)C=C')
[0.8374528884887695] Updated in round 29! max:(0.5918367346938775, 'C#CC#CC(=C)C(=CC(=C)C=C)C(C=C)=C(C#CC#Cc1ccc2ccccc2c1C(C=CC=C)=C(C#CC#CC(=CC=C)C(C=C)=CC=C)C=C)C=C')
[0.9610857963562012] Updated in round 30! max:(0.6122448979591837, 'C#CC#CC(=C)C(=CC(=C)C=C)C(C=C)=C(C#CC#Cc1ccc2ccccc2c1C(C=CC=C)=C(C#CC#Cc1cccc(C=C)c1C=C)C=C)C=C')
[1.0770018100738525] Updated in round 31! max:(0.6326530612244898, 'C#CC#CC(=C)C(=CC(=C)C=C)C(C=C)=C(C#CC#Cc1ccc2ccccc2c1C(C=CC=C)=C(C#CC#Cc1cccc(C=C)c1C=CC=C)C=C)C=C')
[1.2138433456420898] Updated in round 32! max:(0.6530612244897959, 'C#CC#CC(=C)C(=CC(=C)C=C)C(C=C)=C(C#CC#Cc1ccc2ccccc2c1C(C=CC=C)=C(C#CC#Cc1ccc(C=C)c(C=C)c1C=CC=C)C=C)C=C')
[1.3797178268432617] Updated in round 33! max:(0.673469387755102, 'C#CC#Cc1ccc(C=C)cc1C(C=C)=C(C#CC#Cc1ccc2ccccc2c1C(C=CC=C)=C(C#CC#Cc1ccc(C=C)c(C=C)c1C=CC=C)C=C)C=C')
[1.5397181510925293] Updated in round 34! max:(0.6938775510204082, 'C#CC#Cc1ccc(C=C)cc1C(C=C)=C(C#CC#Cc1ccc2ccccc2c1C(C=CC=C)=C(C#CC#Cc1ccc2ccccc2c1C=CC=C)C=C)C=C')
[1.7066926956176758] Updated in round 35! max:(0.7142857142857143, 'C#CC#Cc1ccc(C=C)cc1C(C=C)=C(C#CC#Cc1ccc2ccccc2c1C(C=CC=C)=C(C#CC#Cc1ccc2ccccc2c1C=CC(=C)C=C)C=C)C=C')
[1.8860342502593994] Updated in round 36! max:(0.7346938775510204, 'C#CC#Cc1ccc(C=C)cc1C(C=C)=C(C#CC#Cc1ccc2ccccc2c1C(C(C=C)=CC=C)=C(C#CC#Cc1ccc2ccccc2c1C=CC(=C)C=C)C=C)C=C')
[2.108534574508667] Updated in round 37! max:(0.7551020408163265, 'C#CC#Cc1ccc(C=C)cc1C(C=C)=C(C#CC#Cc1ccc2ccccc2c1-c1c(C#CC#Cc2ccc3ccccc3c2C=CC(=C)C=C)ccc(C=C)c1C=C)C=C')
[2.307431697845459] Updated in round 38! max:(0.7755102040816326, 'C#CC#Cc1ccc(C=C)cc1C(C=C)=C(C#CC#Cc1ccc2ccccc2c1-c1c(C#CC#Cc2ccc3ccccc3c2C=CC(=C)C=CC=C)ccc(C=C)c1C=C)C=C')
[2.529918909072876] Updated in round 39! max:(0.7959183673469388, 'C#CC#Cc1ccc(C=C)cc1-c1ccccc1C#CC#Cc1ccc2ccccc2c1-c1c(C#CC#Cc2ccc3ccccc3c2C=CC(=C)C=CC=C)ccc(C=C)c1C=C')
[2.7656373977661133] Updated in round 40! max:(0.8163265306122449, 'C#CC#Cc1ccc(C=C)cc1-c1cc(C=C)ccc1C#CC#Cc1ccc2ccccc2c1-c1c(C#CC#Cc2ccc3ccccc3c2C=CC(=C)C=CC=C)ccc(C=C)c1C=C')
[3.0615129470825195] Updated in round 41! max:(0.8367346938775511, 'C#CC#Cc1ccc(C=C)cc1-c1cc(C=C)ccc1C#CC#Cc1ccc2ccccc2c1-c1c(C#CC#Cc2ccc3ccccc3c2C(C=C)=CC(=C)C=CC=C)ccc(C=C)c1C=C')
[3.350656270980835] Updated in round 42! max:(0.8571428571428571, 'C#CC#Cc1ccc(C=C)c(C=C)c1-c1cc(C=C)ccc1C#CC#Cc1ccc2ccccc2c1-c1c(C#CC#Cc2ccc3ccccc3c2C(C=C)=CC(=C)C=CC=C)ccc(C=C)c1C=C')
[3.653836965560913] Updated in round 43! max:(0.8775510204081632, 'C=CC=CC(=C)C=C1C(=C)C#CC#Cc2ccc(C=C)c(C=C)c2-c2cc(C=C)ccc2C#CC#Cc2ccc3ccccc3c2-c2c(ccc(C=C)c2C=C)C#CC#Cc2ccc3ccccc3c21')
[4.118253469467163] Updated in round 44! max:(0.8979591836734694, 'C=CC=CC(=C)C=C1C(=C)C#CC#Cc2ccc(C=C)c(C=C)c2-c2cc(C=CC=C)ccc2C#CC#Cc2ccc3ccccc3c2-c2c(ccc(C=C)c2C=C)C#CC#Cc2ccc3ccccc3c21')
[4.485311508178711] Updated in round 45! max:(0.9183673469387755, 'C=CC=CC(=C)C=C1C(=C)C#CC#Cc2ccc(C=C)c(C=C)c2-c2cc(C=CC=C)ccc2C#CC#Cc2ccc3ccccc3c2-c2c(ccc3ccccc23)C#CC#Cc2ccc3ccccc3c21')
[5.041773319244385] Updated in round 46! max:(0.9387755102040817, 'C=CC=Cc1ccc2c(c1)-c1c(ccc(C=C)c1C=C)C#CC#CC(=C)C(=c1ccccc1=C)c1c(ccc3ccccc13)C#CC#Cc1ccc3ccccc3c1-c1c(ccc3ccccc13)C#CC#C2')
[5.4726526737213135] Updated in round 47! max:(0.9591836734693877, 'C=CC=Cc1ccc2c(c1)-c1c(ccc(C=C)c1C=C)C#CC#Cc1ccc3ccccc3c1-c1c(ccc3ccccc13)C#CC#Cc1ccc3ccccc3c1-c1c(ccc3ccccc13)C#CC#C2')
[6.182238578796387] Updated in round 48! max:(0.9795918367346939, 'C=CC=Cc1ccc2c(c1)-c1c(ccc3ccccc13)C#CC#Cc1ccc3ccccc3c1-c1c(ccc3ccccc13)C#CC#Cc1ccc3ccccc3c1-c1c(ccc3ccccc13)C#CC#C2')
[6.9702441692352295] Updated in round 49! max:(1.0, 'C1#Cc2ccc3ccccc3c2-c2c(ccc3ccccc23)C#CC#Cc2ccc3ccccc3c2-c2c(ccc3ccccc23)C#CC#Cc2ccc3ccccc3c2-c2c(ccc3ccccc23)C#C1')
[6.97025728225708] Reproduced in round 49!!
