[5.435943603515625e-05] Start running HillClimbing from [H][H]...
[0.0005402565002441406] Updated in round 1! max:(0.10810810810810811, 'c1ccccc1')
[0.003439188003540039] Updated in round 2! max:(0.1891891891891892, 'c1ccc2ccccc2c1')
[0.009781599044799805] Updated in round 3! max:(0.21621621621621623, 'C=Cc1ccc2ccccc2c1')
[0.017840147018432617] Updated in round 4! max:(0.24324324324324326, 'C=CC=Cc1ccc2ccccc2c1')
[0.03151106834411621] Updated in round 5! max:(0.35135135135135137, 'C=CC(=Cc1ccc2ccccc2c1)c1ccccc1')
[0.05628824234008789] Updated in round 6! max:(0.3783783783783784, 'C=CC(=Cc1ccc2ccccc2c1)c1cccc(C=C)c1')
[0.08649516105651855] Updated in round 7! max:(0.40540540540540543, 'C=CC(=Cc1ccc2ccc(C=C)cc2c1)c1cccc(C=C)c1')
[0.12229180335998535] Updated in round 8! max:(0.4594594594594595, 'C=CC(=Cc1ccc2ccc3ccccc3c2c1)c1cccc(C=C)c1')
[0.16749310493469238] Updated in round 9! max:(0.5675675675675675, 'C=CC(=Cc1ccc2ccc3ccccc3c2c1)c1cccc(C=Cc2ccccc2)c1')
[0.2395646572113037] Updated in round 10! max:(0.5945945945945946, 'C=CC(=Cc1ccc2ccc3cccc(C=C)c3c2c1)c1cccc(C=Cc2ccccc2)c1')
[0.3203861713409424] Updated in round 11! max:(0.6216216216216216, 'C=CC(=Cc1ccc2ccc3ccc(C=C)c(C=C)c3c2c1)c1cccc(C=Cc2ccccc2)c1')
[0.4175858497619629] Updated in round 12! max:(0.6486486486486487, 'C=CC(=Cc1ccc2ccc3ccc(C=C)c(C=C)c3c2c1)c1cccc(C=Cc2ccc(C=C)cc2)c1')
[0.5582427978515625] Updated in round 13! max:(0.6756756756756757, 'C=CC(=Cc1ccc2ccc3ccc(C=C)c(C=C)c3c2c1)c1cccc2ccc3ccc(C=C)cc3c12')
[0.685589075088501] Updated in round 14! max:(0.7027027027027027, 'C=CC(=Cc1ccc2ccc3ccc4ccccc4c3c2c1)c1cccc2ccc3ccc(C=C)cc3c12')
[0.8422112464904785] Updated in round 15! max:(0.7297297297297297, 'C=CC(=C)C(=Cc1ccc2ccc3ccc4ccccc4c3c2c1)c1cccc2ccc3ccc(C=C)cc3c12')
[0.9736843109130859] Updated in round 16! max:(0.7567567567567568, 'C=CC=C(C=C)C(=Cc1ccc2ccc3ccc4ccccc4c3c2c1)c1cccc2ccc3ccc(C=C)cc3c12')
[1.1099917888641357] Updated in round 17! max:(0.8108108108108109, 'C=CC=C(C=C)C(=Cc1ccc2ccc3ccc4ccccc4c3c2c1)c1cccc2ccc3ccc4ccccc4c3c12')
[1.3011717796325684] Updated in round 18! max:(0.8378378378378378, 'C=CC=c1ccc2ccc3ccc4ccc5ccccc5c4c3c2c1=Cc1ccc2ccc3ccc4ccccc4c3c2c1')
[1.5295636653900146] Updated in round 19! max:(0.8648648648648649, 'C=CC=c1ccc2ccc3ccc4ccc5ccccc5c4c3c2c1=Cc1ccc2ccc3ccc4ccc(C=C)cc4c3c2c1')
[1.7042536735534668] Updated in round 20! max:(0.8918918918918919, 'C=CC=c1ccc2ccc3ccc4ccc5ccccc5c4c3c2c1=Cc1ccc2ccc3ccc4ccc(C=C)cc4c3c2c1C=C')
[2.1107375621795654] Updated in round 21! max:(0.918918918918919, 'C=Cc1ccc2ccc3ccc4ccc(-c5cccc6ccc7ccc8ccc9ccc%10ccccc%10c9c8c7c56)c(C=C)c4c3c2c1')
[2.3112070560455322] Updated in round 22! max:(0.9459459459459459, 'C=Cc1c2ccc3ccc4ccc5ccc(ccc6ccc7c(ccc8ccc9ccc%10ccc%11cccc2c%11c%10c9c87)c6)cc5c4c13')
[2.6286067962646484] Updated in round 23! max:(0.972972972972973, 'c1cc2ccc3ccc4ccc5ccc6c(ccc7ccc8ccc9ccc%10ccc%11ccc%12cc1ccc%12c%11c%10c9c8c76)c5c4c3c2')
[2.8551864624023438] Updated in round 24! max:(1.0, 'c1cc2ccc3ccc4ccc5ccc6c7ccc8ccc9ccc%10ccc%11ccc%12ccc%13c(ccc1c%13c2c3c4c57)c%12c%11c%10c9c86')
[2.8551979064941406] Reproduced in round 24!!
