[5.626678466796875e-05] Start running HillClimbing from [H][H]...
[0.00043582916259765625] Updated in round 1! max:(0.02702702702702703, 'C=C')
[0.0008671283721923828] Updated in round 2! max:(0.05405405405405406, 'C=CC=C')
[0.00182342529296875] Updated in round 3! max:(0.08108108108108109, 'C=CC=CC=C')
[0.0031173229217529297] Updated in round 4! max:(0.10810810810810811, 'C=CC=CC=CC=C')
[0.00529170036315918] Updated in round 5! max:(0.13513513513513514, 'C=CC=CC=C(C=C)C=C')
[0.008142709732055664] Updated in round 6! max:(0.16216216216216217, 'C=CC=C(C=C)C=C(C=C)C=C')
[0.012347936630249023] Updated in round 7! max:(0.1891891891891892, 'C=CC(C=C)=Cc1ccccc1')
[0.017891407012939453] Updated in round 8! max:(0.21621621621621623, 'C=Cc1ccc2ccccc2c1')
[0.022340774536132812] Updated in round 9! max:(0.24324324324324326, 'C=Cc1ccc2ccccc2c1C=C')
[0.030448436737060547] Updated in round 10! max:(0.2702702702702703, 'C=Cc1ccc2c(C=C)c(C=C)ccc2c1')
[0.03814125061035156] Updated in round 11! max:(0.2972972972972973, 'C=CC=Cc1c(C=C)ccc2cc(C=C)ccc12')
[0.04961109161376953] Updated in round 12! max:(0.32432432432432434, 'C=CC=Cc1ccc2cc(C=C)ccc2c1C=CC=C')
[0.06709980964660645] Updated in round 13! max:(0.35135135135135137, 'C=CC=Cc1ccc2cc(C=C)c(C=C)cc2c1C=CC=C')
[0.08864879608154297] Updated in round 14! max:(0.3783783783783784, 'C=CC=Cc1cc2ccc(C=CC=C)c(C=CC=C)c2cc1C=C')
[0.11186790466308594] Updated in round 15! max:(0.40540540540540543, 'C=CC=Cc1cc2ccc3ccccccccc3c2cc1C=C')
[0.13849425315856934] Updated in round 16! max:(0.43243243243243246, 'C=CC=Cc1cc2ccc3cccc(C=C)ccccc3c2cc1C=C')
[0.17875003814697266] Updated in round 17! max:(0.4594594594594595, 'C=CC=Cc1cc2ccc3ccc(C=C)c(C=C)ccccc3c2cc1C=C')
[0.22508525848388672] Updated in round 18! max:(0.4864864864864865, 'C=CC=Cc1cc2ccc3cc4c(C=C)c(C=C)ccc4cc3c2cc1C=C')
[0.27865147590637207] Updated in round 19! max:(0.5135135135135135, 'C=CC=C(C=C)c1cc2ccc3cc4c(C=C)c(C=C)ccc4cc3c2cc1C=C')
[0.3202211856842041] Updated in round 20! max:(0.5405405405405406, 'C=Cc1cc2c(ccc3cc4c(C=C)c(C=C)ccc4cc32)cc1-c1ccccc1')
[0.36035943031311035] Updated in round 21! max:(0.5675675675675675, 'C=Cc1cc2c(ccc3cc4c(ccc5ccccc54)cc32)cc1-c1ccccc1')
[0.4243474006652832] Updated in round 22! max:(0.5945945945945946, 'c1ccc2c(c1)ccc1cc3c(ccc4cc5c(ccc6ccccc65)cc43)cc12')
[0.47960782051086426] Updated in round 23! max:(0.6216216216216216, 'C=Cc1ccc2c(ccc3cc4c(ccc5cc6c(ccc7ccccc76)cc54)cc32)c1')
[0.5369961261749268] Updated in round 24! max:(0.6486486486486487, 'C=Cc1ccc2c(ccc3cc4c(ccc5cc6c(ccc7cc(C=C)ccc76)cc54)cc32)c1')
[0.6481831073760986] Updated in round 25! max:(0.6756756756756757, 'C=CC=Cc1ccc2c(ccc3cc4c(ccc5cc6c(ccc7cc(C=C)ccc76)cc54)cc32)c1')
[0.7435822486877441] Updated in round 26! max:(0.7027027027027027, 'C=CC(C=C)=Cc1ccc2c(ccc3cc4c(ccc5cc6c(ccc7cc(C=C)ccc76)cc54)cc32)c1')
[0.8676238059997559] Updated in round 27! max:(0.7297297297297297, 'C=CC(C=C)=C(C=C)c1ccc2c(ccc3cc4c(ccc5cc6c(ccc7cc(C=C)ccc76)cc54)cc32)c1')
[1.00923752784729] Updated in round 28! max:(0.7567567567567568, 'C=CC=CC(=C(C=C)C=C)c1ccc2c(ccc3cc4c(ccc5cc6c(ccc7cc(C=C)ccc76)cc54)cc32)c1')
[1.1518158912658691] Updated in round 29! max:(0.7837837837837838, 'C=CC=CC(=C(C=C)C=C)c1ccc2c(ccc3cc4c(ccc5cc6c(ccc7cc(C(=C)C=C)ccc76)cc54)cc32)c1')
[1.3026001453399658] Updated in round 30! max:(0.8108108108108109, 'C=CC=CC(=C(C=C)C=C)c1ccc2c(ccc3cc4c(ccc5cc6c(ccc7cc(C(=C)C(=C)C=C)ccc76)cc54)cc32)c1')
[1.509188175201416] Updated in round 31! max:(0.8378378378378378, 'C=CC=CC(=C(C=C)C=C)c1ccc2c(ccc3cc4c(ccc5cc6c(ccc7cc8c(=C)c(=C)ccc8cc76)cc54)cc32)c1')
[1.689527988433838] Updated in round 32! max:(0.8648648648648649, 'C=CC=CC(=C(C=C)C=C)c1ccc2c(ccc3cc4c(ccc5cc6c(ccc7cc8c(=C)c(=CC=C)ccc8cc76)cc54)cc32)c1')
[1.9753906726837158] Updated in round 33! max:(0.8918918918918919, 'C=CC=Cc1c(C=C)ccc(=C)cc2ccc3cc4c(ccc5cc6c(ccc7cc8c(ccc9cc1ccc98)cc76)cc54)cc3c2=C')
[2.7605512142181396] Updated in round 34! max:(0.918918918918919, 'C=Cc1cc2c(C=C)cc1c(=C)cc1ccc3cc4c(ccc5cc6c(ccc7cc8c(ccc9cc2ccc98)cc76)cc54)cc3c1=C')
[3.4820914268493652] Updated in round 35! max:(0.9459459459459459, 'C=Cc1cc2c(C=C)cc1c1ccc3c(ccc4cc5c(ccc6cc7c(ccc8cc9c(ccc%10cc2ccc%109)cc87)cc65)cc43)c1')
[4.483589172363281] Updated in round 36! max:(0.972972972972973, 'C=Cc1cc2c3ccc4cc5c(ccc6cc7c(ccc8cc9c(ccc%10cc%11c(ccc%12cc(ccc%12%11)c1c3)cc%109)cc87)cc65)cc42')
[5.962528944015503] Updated in round 37! max:(1.0, 'c1cc2cc3c4ccc5cc6c(ccc7cc8c(ccc9cc%10c(ccc%11cc%12c(ccc%13cc(c1cc%13%12)c2c4)cc%11%10)cc98)cc76)cc53')
[5.962540626525879] Reproduced in round 37!!
