[5.340576171875e-05] Start running HillClimbing from [H][H]...
[0.0006380081176757812] Updated in round 1! max:(0.10810810810810811, 'c1ccccc1')
[0.0037136077880859375] Updated in round 2! max:(0.1891891891891892, 'c1ccc2ccccc2c1')
[0.009793996810913086] Updated in round 3! max:(0.2702702702702703, 'c1ccc2c(c1)ccc1ccccc12')
[0.02067875862121582] Updated in round 4! max:(0.35135135135135137, 'c1ccc2cc3c(ccc4ccccc43)cc2c1')
[0.039099693298339844] Updated in round 5! max:(0.4594594594594595, 'c1ccc(-c2ccc3c(ccc4cc5ccccc5cc43)c2)cc1')
[0.07458209991455078] Updated in round 6! max:(0.4864864864864865, 'C=Cc1cccc2cc3c(ccc4cc(-c5ccccc5)ccc43)cc12')
[0.12240839004516602] Updated in round 7! max:(0.5675675675675675, 'C=Cc1cccc2cc3c(ccc4cc(-c5ccc6ccccc6c5)ccc43)cc12')
[0.1950984001159668] Updated in round 8! max:(0.6216216216216216, 'c1ccc2cc(-c3ccc4c(ccc5cc6c(ccc7ccccc76)cc54)c3)ccc2c1')
[0.2664930820465088] Updated in round 9! max:(0.6486486486486487, 'C=Cc1ccc2cc(-c3ccc4c(ccc5cc6c(ccc7ccccc76)cc54)c3)ccc2c1')
[0.3802018165588379] Updated in round 10! max:(0.6756756756756757, 'C=Cc1ccc2cc(-c3ccc4c(ccc5cc6c(ccc7ccccc76)cc54)c3)c(C=C)cc2c1')
[0.49021339416503906] Updated in round 11! max:(0.7027027027027027, 'C=Cc1ccc2cc(-c3ccc4c(ccc5cc6c(ccc7ccc(C=C)cc76)cc54)c3)c(C=C)cc2c1')
[0.619807243347168] Updated in round 12! max:(0.7297297297297297, 'C=Cc1ccc2cc(-c3ccc4c(ccc5cc6c(ccc7cc(C=C)c(C=C)cc76)cc54)c3)c(C=C)cc2c1')
[0.7706665992736816] Updated in round 13! max:(0.7567567567567568, 'C=Cc1ccc2cc(-c3ccc4c(ccc5cc6c(ccc7cc8ccccc8cc76)cc54)c3)c(C=C)cc2c1')
[0.9423062801361084] Updated in round 14! max:(0.8378378378378378, 'C=Cc1ccc2cc(-c3ccc4c(ccc5cc6c(ccc7cc8c(ccc9ccccc98)cc76)cc54)c3)c(C=C)cc2c1')
[1.2567155361175537] Updated in round 15! max:(0.8918918918918919, 'C=Cc1cc2c(ccc3ccccc32)cc1-c1ccc2c(ccc3cc4c(ccc5cc6c(ccc7ccccc76)cc54)cc32)c1')
[1.7902090549468994] Updated in round 16! max:(0.918918918918919, 'C=Cc1ccc2ccc3cc(-c4ccc5c(ccc6cc7c(ccc8cc9c(ccc%10ccccc%109)cc87)cc65)c4)c(C=C)cc3c2c1')
[2.4735140800476074] Updated in round 17! max:(0.9459459459459459, 'C=Cc1cc2c3ccc4ccc(ccc5ccc6ccc7cc8c(ccc9cc%10c(ccc%11cc(ccc%11%10)c1c3)cc98)cc7c6c5)cc42')
[3.432783842086792] Updated in round 18! max:(0.972972972972973, 'C=Cc1cc2c3ccc4cc5c(ccc6cc7c(ccc8cc9c(ccc%10cc%11c(ccc%12cc(ccc%12%11)c1c3)cc%109)cc87)cc65)cc42')
[4.848141193389893] Updated in round 19! max:(1.0, 'c1cc2cc3c4ccc5cc6c(ccc7cc8c(ccc9cc%10c(ccc%11cc%12c(ccc%13cc(c1cc%13%12)c2c4)cc%11%10)cc98)cc76)cc53')
[4.848153352737427] Reproduced in round 19!!
