[3.5762786865234375e-05] Start running HillClimbing from [H][H]...
[0.0004036426544189453] Updated in round 1! max:(0.043478260869565216, 'C=C')
[0.0007965564727783203] Updated in round 2! max:(0.08695652173913043, 'C=CC=C')
[0.0014240741729736328] Updated in round 3! max:(0.13043478260869565, 'C=CC(=C)C=C')
[0.002352476119995117] Updated in round 4! max:(0.17391304347826086, 'C=CC(=C)C(=C)C=C')
[0.004068613052368164] Updated in round 5! max:(0.21739130434782608, 'C=CC=C(C=C)C(=C)C=C')
[0.00703120231628418] Updated in round 6! max:(0.2608695652173913, 'C=Cc1ccccc1C=C')
[0.010156393051147461] Updated in round 7! max:(0.30434782608695654, 'c1ccc2ccccc2c1')
[0.013514280319213867] Updated in round 8! max:(0.34782608695652173, 'C=Cc1ccc2ccccc2c1')
[0.01875591278076172] Updated in round 9! max:(0.391304347826087, 'C=Cc1ccc2cc(C=C)ccc2c1')
[0.027026891708374023] Updated in round 10! max:(0.43478260869565216, 'C=CC=Cc1ccc2cc(C=C)ccc2c1')
[0.04004979133605957] Updated in round 11! max:(0.4782608695652174, 'C=CC=Cc1ccc2cc(C=C)c(C=C)cc2c1')
[0.05124926567077637] Updated in round 12! max:(0.5217391304347826, 'C=CC=Cc1ccc2cc(C=C)c(C=CC=C)cc2c1')
[0.06952500343322754] Updated in round 13! max:(0.5652173913043478, 'C=CC=CC=Cc1cc2cc(C=CC=C)ccc2cc1C=C')
[0.0906374454498291] Updated in round 14! max:(0.6086956521739131, 'C=CC=Cc1ccc2cc(C=C)c(C=CC(C=C)=CC=C)cc2c1')
[0.12694239616394043] Updated in round 15! max:(0.6521739130434783, 'C=CC=Cc1ccc2cc3c(cc2c1)C=CC(C=C)=C(C=C)C=C3')
[0.16066765785217285] Updated in round 16! max:(0.6956521739130435, 'C=CC=CC1=C(C=C)C=Cc2cc3ccc(C=CC=C)cc3cc2C=C1')
[0.19401240348815918] Updated in round 17! max:(0.7391304347826086, 'C=CC=Cc1ccc2cc3c(cc2c1)C=Cc1cc(C=C)ccc1C=C3')
[0.24964451789855957] Updated in round 18! max:(0.782608695652174, 'C=Cc1ccc2c(c1)C=Cc1cc3cc4ccccc4cc3cc1C=C2')
[0.30719637870788574] Updated in round 19! max:(0.8260869565217391, 'C=Cc1cc2c(cc1C=C)C=Cc1cc3cc4ccccc4cc3cc1C=C2')
[0.35748863220214844] Updated in round 20! max:(0.8695652173913043, 'C1=Cc2cc3cc4ccccc4cc3cc2C=Cc2cc3ccccc3cc21')
[0.3999805450439453] Updated in round 21! max:(0.9130434782608695, 'C=Cc1ccc2cc3c(cc2c1)C=Cc1cc2cc4ccccc4cc2cc1C=C3')
[0.4675934314727783] Updated in round 22! max:(0.9565217391304348, 'C=Cc1cc2cc3c(cc2cc1C=C)C=Cc1cc2cc4ccccc4cc2cc1C=C3')
[0.5435500144958496] Updated in round 23! max:(1.0, 'C1=Cc2cc3cc4ccccc4cc3cc2C=Cc2cc3cc4ccccc4cc3cc21')
[0.5435607433319092] Reproduced in round 23!!
