[3.814697265625e-05] Start running HillClimbing from [H][H]...
[0.0004563331604003906] Updated in round 1! max:(0.04, 'C=C')
[0.0008759498596191406] Updated in round 2! max:(0.08, 'C=CC=C')
[0.001733541488647461] Updated in round 3! max:(0.12, 'C=CC=CC=C')
[0.0029158592224121094] Updated in round 4! max:(0.16, 'C=CC=CC=CC=C')
[0.005204916000366211] Updated in round 5! max:(0.2, 'C=CC=CC=C(C=C)C=C')
[0.008424043655395508] Updated in round 6! max:(0.24, 'C=CC=CC=CC=C(C=C)C=C')
[0.013235807418823242] Updated in round 7! max:(0.28, 'C=CC=C(C=C)C=CC=C(C=C)C=C')
[0.021628618240356445] Updated in round 8! max:(0.32, 'C=CC=c1ccc(=C(C=C)C=C)cc1')
[0.029200315475463867] Updated in round 9! max:(0.36, 'C=CC=CC=c1ccc(=C(C=C)C=C)cc1')
[0.03827309608459473] Updated in round 10! max:(0.4, 'C=CC=CC=CC=c1ccc(=C(C=C)C=C)cc1')
[0.05145692825317383] Updated in round 11! max:(0.44, 'C=CC=CC=CC=c1ccc(=C(C=C)C=CC=C)cc1')
[0.07051825523376465] Updated in round 12! max:(0.48, 'C=CC=CC=CC(C=C)=c1ccc(=C(C=C)C=CC=C)cc1')
[0.0963444709777832] Updated in round 13! max:(0.52, 'C=CC=CC=CC=CC(C=C)=c1ccc(=C(C=C)C=CC=C)cc1')
[0.1336383819580078] Updated in round 14! max:(0.56, 'C=CC=CC=CC=CC=CC(C=C)=c1ccc(=C(C=C)C=CC=C)cc1')
[0.16716551780700684] Updated in round 15! max:(0.6, 'C=CC=CC=CC=CC=CC=CC(C=C)=c1ccc(=C(C=C)C=CC=C)cc1')
[0.20996475219726562] Updated in round 16! max:(0.64, 'C=CC=CC=CC=CC=CC=CC(C=C)=c1ccc(=c2ccc(=C)cc2)cc1')
[0.25458574295043945] Updated in round 17! max:(0.68, 'C=CC=CC=CC=CC=c1ccc(=c2ccc(=c3ccc(=C)cc3)cc2)cc1')
[0.2988932132720947] Updated in round 18! max:(0.72, 'C=CC=CC(C=C)=CC=CC=c1ccc(=c2ccc(=c3ccc(=C)cc3)cc2)cc1')
[0.35491228103637695] Updated in round 19! max:(0.76, 'C=CC=CC(C=C)=CC=CC(C=C)=c1ccc(=c2ccc(=c3ccc(=C)cc3)cc2)cc1')
[0.4281611442565918] Updated in round 20! max:(0.8, 'C=CC=CC(C=C)=c1ccc(=c2ccc(=c3ccc(=c4ccc(=C)cc4)cc3)cc2)cc1')
[0.48674654960632324] Updated in round 21! max:(0.84, 'C=c1ccc(=c2ccc(=c3ccc(=c4ccc(=c5ccc(=C)cc5)cc4)cc3)cc2)cc1')
[0.5437302589416504] Updated in round 22! max:(0.88, 'C=CC=c1ccc(=c2ccc(=c3ccc(=c4ccc(=c5ccc(=C)cc5)cc4)cc3)cc2)cc1')
[0.6233038902282715] Updated in round 23! max:(0.92, 'C=CC(C=C)=c1ccc(=c2ccc(=c3ccc(=c4ccc(=c5ccc(=C)cc5)cc4)cc3)cc2)cc1')
[0.7142751216888428] Updated in round 24! max:(0.96, 'C=CC1=c2ccc(cc2)=c2ccc(cc2)=c2ccc(cc2)=c2ccc(cc2)=c2ccc(cc2)=CC=C1')
[0.8650686740875244] Updated in round 25! max:(1.0, 'c1cc2ccc1=c1ccc(cc1)=c1ccc(cc1)=c1ccc(cc1)=c1ccc(cc1)=c1ccc=2cc1')
[0.8650808334350586] Reproduced in round 25!!
