[5.745887756347656e-05] Start running HillClimbing from [H][H]...
[0.0004794597625732422] Updated in round 1! max:(0.03225806451612903, 'C=C')
[0.0008730888366699219] Updated in round 2! max:(0.06451612903225806, 'C#CC=C')
[0.0015065670013427734] Updated in round 3! max:(0.0967741935483871, 'C=CC#CC=C')
[0.002341747283935547] Updated in round 4! max:(0.12903225806451613, 'C=CC#CC(=C)C=C')
[0.0035681724548339844] Updated in round 5! max:(0.16129032258064516, 'C=CC#CC(=C)C=CC=C')
[0.005670309066772461] Updated in round 6! max:(0.1935483870967742, 'C=CC=CC#CC(=C)C=CC=C')
[0.01037287712097168] Updated in round 7! max:(0.22580645161290322, 'C=CC=CC#Cc1ccccc1')
[0.01468658447265625] Updated in round 8! max:(0.25806451612903225, 'C=CC=CC=CC#Cc1ccccc1')
[0.021019697189331055] Updated in round 9! max:(0.2903225806451613, 'C#Cc1ccc(C#CC=CC=CC=C)cc1')
[0.02808403968811035] Updated in round 10! max:(0.3225806451612903, 'C=CC#Cc1ccc(C#CC=CC=CC=C)cc1')
[0.037223100662231445] Updated in round 11! max:(0.3548387096774194, 'C=CC=CC=CC#Cc1ccc(C#CC(=C)C=C)cc1')
[0.05169534683227539] Updated in round 12! max:(0.3870967741935484, 'C#CC(C=C)=CC=CC#Cc1ccc(C#CC(=C)C=C)cc1')
[0.06551909446716309] Updated in round 13! max:(0.41935483870967744, 'C#Cc1ccc(C#Cc2ccc(C#CC(=C)C=C)cc2)cc1')
[0.07805895805358887] Updated in round 14! max:(0.45161290322580644, 'C#Cc1ccc(C#Cc2ccc(C#CC(=C)C=CC=C)cc2)cc1')
[0.09962677955627441] Updated in round 15! max:(0.4838709677419355, 'C#Cc1ccc(C#Cc2ccc(C#Cc3ccccc3)cc2)cc1')
[0.11488795280456543] Updated in round 16! max:(0.5161290322580645, 'C#Cc1ccc(C#Cc2ccc(C#Cc3ccc(C#C)cc3)cc2)cc1')
[0.13452649116516113] Updated in round 17! max:(0.5483870967741935, 'C#Cc1ccc(C#Cc2ccc(C#Cc3ccc(C#CC=C)cc3)cc2)cc1')
[0.15617871284484863] Updated in round 18! max:(0.5806451612903226, 'C=CC#Cc1ccc(C#Cc2ccc(C#Cc3ccc(C#CC=C)cc3)cc2)cc1')
[0.18653035163879395] Updated in round 19! max:(0.6129032258064516, 'C=CC#Cc1ccc(C#Cc2ccc(C#Cc3ccc(C#CC(=C)C=C)cc3)cc2)cc1')
[0.2190079689025879] Updated in round 20! max:(0.6451612903225806, 'C=CC#Cc1ccc(C#Cc2ccc(C#Cc3ccc(C#CC(C=C)=CC=C)cc3)cc2)cc1')
[0.2610173225402832] Updated in round 21! max:(0.6774193548387096, 'C=CC=C(C#Cc1ccc(C#Cc2ccc(C#Cc3ccc(C#CC(=C)C=C)cc3)cc2)cc1)C=C')
[0.3186955451965332] Updated in round 22! max:(0.7096774193548387, 'C#CC=CC=C(C#Cc1ccc(C#Cc2ccc(C#Cc3ccc(C#CC(=C)C=C)cc3)cc2)cc1)C=C')
[0.39966344833374023] Updated in round 23! max:(0.7419354838709677, 'C#CC=CC=C(C#Cc1ccc(C#Cc2ccc(C#Cc3ccc(C#CC(=C)C=CC=C)cc3)cc2)cc1)C=C')
[0.47414636611938477] Updated in round 24! max:(0.7741935483870968, 'C#Cc1ccc(C#Cc2ccc(C#Cc3ccc(C#Cc4ccc(C#CC(=C)C=CC=C)cc4)cc3)cc2)cc1')
[0.545302152633667] Updated in round 25! max:(0.8064516129032258, 'C=CC#Cc1ccc(C#Cc2ccc(C#Cc3ccc(C#Cc4ccc(C#CC(=C)C=CC=C)cc4)cc3)cc2)cc1')
[0.6372647285461426] Updated in round 26! max:(0.8387096774193549, 'C#CC(=C)C=CC(=C)C#Cc1ccc(C#Cc2ccc(C#Cc3ccc(C#Cc4ccc(C#CC=C)cc4)cc3)cc2)cc1')
[0.723076343536377] Updated in round 27! max:(0.8709677419354839, 'C#CC(=C)C=CC(=C)C#Cc1ccc(C#Cc2ccc(C#Cc3ccc(C#Cc4ccc(C#CC(=C)C=C)cc4)cc3)cc2)cc1')
[0.820073127746582] Updated in round 28! max:(0.9032258064516129, 'C=CC#CC(=C)C=CC(=C)C#Cc1ccc(C#Cc2ccc(C#Cc3ccc(C#Cc4ccc(C#CC(=C)C=C)cc4)cc3)cc2)cc1')
[0.9144613742828369] Updated in round 29! max:(0.9354838709677419, 'C=CC1=CC=CC#CC(=C)C=CC(=C)C#Cc2ccc(cc2)C#Cc2ccc(cc2)C#Cc2ccc(cc2)C#Cc2ccc(cc2)C#C1')
[1.0502433776855469] Updated in round 30! max:(0.967741935483871, 'C=CC1=CC=CC#Cc2ccc(cc2)C#Cc2ccc(cc2)C#Cc2ccc(cc2)C#Cc2ccc(cc2)C#Cc2ccc(cc2)C#C1')
[1.1796753406524658] Updated in round 31! max:(1.0, 'C1#Cc2ccc(cc2)C#Cc2ccc(cc2)C#Cc2ccc(cc2)C#Cc2ccc(cc2)C#Cc2ccc(cc2)C#Cc2ccc1cc2')
[1.1796875] Reproduced in round 31!!
