[3.743171691894531e-05] Start running HillClimbing from [H][H]...
[0.0004513263702392578] Updated in round 1! max:(0.04, 'C=C')
[0.0008838176727294922] Updated in round 2! max:(0.08, 'C=CC=C')
[0.0015454292297363281] Updated in round 3! max:(0.12, 'C=CC=CC=C')
[0.002724170684814453] Updated in round 4! max:(0.16, 'C=CC=CC(=C)C=C')
[0.009626626968383789] Updated in round 5! max:(0.2, 'C=CC=CC(C=C)=CC=C')
[0.01357579231262207] Updated in round 6! max:(0.24, 'C=CC=CC=CC(C=C)=CC=C')
[0.02227473258972168] Updated in round 7! max:(0.28, 'C=CC=c1ccc(=CC=C)cc1')
[0.028013229370117188] Updated in round 8! max:(0.32, 'C=CC=CC=c1ccc(=CC=C)cc1')
[0.03530240058898926] Updated in round 9! max:(0.36, 'C=CC=c1ccc(=CC=CC(=C)C=C)cc1')
[0.04378628730773926] Updated in round 10! max:(0.4, 'C=CC=C(C=C)C=CC=c1ccc(=CC=C)cc1')
[0.055757999420166016] Updated in round 11! max:(0.44, 'C=CC=C(C=C)C=CC=c1ccc(=C(C=C)C=C)cc1')
[0.0715947151184082] Updated in round 12! max:(0.48, 'C=CC(C=C)=C(C=C)C=CC=c1ccc(=C(C=C)C=C)cc1')
[0.09066581726074219] Updated in round 13! max:(0.52, 'C=CC(C=C)=c1ccc(=c2ccc(=C(C=C)C=C)cc2)cc1')
[0.1119697093963623] Updated in round 14! max:(0.56, 'C=CC=CC(C=C)=c1ccc(=c2ccc(=C(C=C)C=C)cc2)cc1')
[0.13606977462768555] Updated in round 15! max:(0.6, 'C=CC=CC=CC(C=C)=c1ccc(=c2ccc(=C(C=C)C=C)cc2)cc1')
[0.1686413288116455] Updated in round 16! max:(0.64, 'C=CC=c1ccc(=c2ccc(=c3ccc(=C(C=C)C=C)cc3)cc2)cc1')
[0.2015550136566162] Updated in round 17! max:(0.68, 'C=CC=CC=c1ccc(=c2ccc(=c3ccc(=C(C=C)C=C)cc3)cc2)cc1')
[0.24069905281066895] Updated in round 18! max:(0.72, 'C=CC=CC(C=C)=c1ccc(=c2ccc(=c3ccc(=C(C=C)C=C)cc3)cc2)cc1')
[0.29833030700683594] Updated in round 19! max:(0.76, 'C=CC(C=C)=c1ccc(=c2ccc(=c3ccc(=c4ccc(=C)cc4)cc3)cc2)cc1')
[0.3480701446533203] Updated in round 20! max:(0.8, 'C=CC=c1ccc(=c2ccc(=c3ccc(=c4ccc(=C(C=C)C=C)cc4)cc3)cc2)cc1')
[0.40412354469299316] Updated in round 21! max:(0.84, 'C=CC(C=C)=c1ccc(=c2ccc(=c3ccc(=c4ccc(=C(C=C)C=C)cc4)cc3)cc2)cc1')
[0.4702894687652588] Updated in round 22! max:(0.88, 'C=CC=CC(C=C)=c1ccc(=c2ccc(=c3ccc(=c4ccc(=C(C=C)C=C)cc4)cc3)cc2)cc1')
[0.5694999694824219] Updated in round 23! max:(0.92, 'C=CC1=c2ccc(cc2)=c2ccc(cc2)=c2ccc(cc2)=c2ccc(cc2)=C(C=C)C=CC=CC=C1')
[0.701632022857666] Updated in round 24! max:(0.96, 'C=CC1=c2ccc(cc2)=c2ccc(cc2)=c2ccc(cc2)=c2ccc(cc2)=c2ccc(cc2)=CC=C1')
[0.8914830684661865] Updated in round 25! max:(1.0, 'c1cc2ccc1=c1ccc(cc1)=c1ccc(cc1)=c1ccc(cc1)=c1ccc(cc1)=c1ccc=2cc1')
[0.8914949893951416] Reproduced in round 25!!
