[5.698204040527344e-05] Start running HillClimbing from [H][H]...
[0.0005064010620117188] Updated in round 1! max:(0.025, 'C=C')
[0.0009527206420898438] Updated in round 2! max:(0.05, 'C#CC=C')
[0.0015635490417480469] Updated in round 3! max:(0.075, 'C#CC=CC=C')
[0.002603769302368164] Updated in round 4! max:(0.1, 'C#CC=CC=CC=C')
[0.004441976547241211] Updated in round 5! max:(0.125, 'C#Cc1ccccc1')
[0.006151437759399414] Updated in round 6! max:(0.15, 'C#Cc1ccc(C#C)cc1')
[0.007994890213012695] Updated in round 7! max:(0.175, 'C#Cc1ccc(C#C)c(C#C)c1')
[0.010465145111083984] Updated in round 8! max:(0.2, 'C#Cc1cc(C#C)c(C#C)c(C#C)c1')
[0.013172626495361328] Updated in round 9! max:(0.225, 'C#Cc1cc(C#C)c(C#C)c(C#CC=C)c1')
[0.016922712326049805] Updated in round 10! max:(0.25, 'C#Cc1cc(C#CC=C)cc(C#CC=C)c1C#C')
[0.021860361099243164] Updated in round 11! max:(0.275, 'C#Cc1cc(C#CC=C)cc(C#CC=C)c1C#CC=C')
[0.02765798568725586] Updated in round 12! max:(0.3, 'C#Cc1cc(C#CC=C)cc(C#CC=C)c1C#CC=CC=C')
[0.03629040718078613] Updated in round 13! max:(0.325, 'C#Cc1c(C#CC=C)cc(C#CC=C)c(C#CC=CC=C)c1C#C')
[0.045350074768066406] Updated in round 14! max:(0.35, 'C#CC=CC#Cc1cc(C#CC=C)c(C#CC=CC=C)c(C#C)c1C#C')
[0.056835174560546875] Updated in round 15! max:(0.375, 'C#Cc1c(C#CC=CC#CC=C)cc(C#CC=C)c(C#CC=CC=C)c1C#C')
[0.07166147232055664] Updated in round 16! max:(0.4, 'C#Cc1c(C#CC(C=C)=CC#CC=C)cc(C#CC=C)c(C#CC=CC=C)c1C#C')
[0.0929725170135498] Updated in round 17! max:(0.425, 'C#CC=CC#CC=C(C#Cc1cc(C#CC=C)c(C#CC=CC=C)c(C#C)c1C#C)C=C')
[0.11368107795715332] Updated in round 18! max:(0.45, 'C#CC(C=C)=CC#CC=C(C#Cc1cc(C#CC=C)c(C#CC=CC=C)c(C#C)c1C#C)C=C')
[0.13818717002868652] Updated in round 19! max:(0.475, 'C#CC(C=C)=CC#CC=C(C#Cc1cc(C#CC=C)c(C#CC=C(C#C)C=C)c(C#C)c1C#C)C=C')
[0.16385364532470703] Updated in round 20! max:(0.5, 'C#CC(C=C)=CC#CC=C(C#Cc1cc(C#CC=C)c(C#CC=C(C#CC=C)C=C)c(C#C)c1C#C)C=C')
[0.19480252265930176] Updated in round 21! max:(0.525, 'C#CC(C=C)=CC#CC=C(C#Cc1cc(C#CC=C)c(C#CC=C(C#CC=C)C=C)c(C#C)c1C#C)C=CC=C')
[0.232757568359375] Updated in round 22! max:(0.55, 'C#CC(C=C)=CC#CC=C(C#Cc1cc(C#CC=C)c(C#CC=C(C#CC=C)C=C)c(C#C)c1C#CC=C)C=CC=C')
[0.2801635265350342] Updated in round 23! max:(0.575, 'C#CC(C=CC=C)=CC#CC=C(C#Cc1cc(C#CC=C)c(C#CC=C(C#CC=C)C=C)c(C#C)c1C#CC=C)C=CC=C')
[0.3423473834991455] Updated in round 24! max:(0.6, 'C#CC(C=CC=C)=CC#CC=C(C#Cc1cc(C#CC=C)c(C#CC=C(C#CC=C)C=C)c(C#C)c1C#CC(=C)C=C)C=CC=C')
[0.4101743698120117] Updated in round 25! max:(0.625, 'C#CC(C=CC=C)=CC#CC=C(C#Cc1cc(C#CC=C)c(C#CC=C(C#CC=CC=C)C=C)c(C#C)c1C#CC(=C)C=C)C=CC=C')
[0.4859583377838135] Updated in round 26! max:(0.65, 'C#CC(C=CC=C)=CC#CC=C(C#Cc1cc(C#CC=C)c(C#CC=C(C#CC=CC=C)C=CC=C)c(C#C)c1C#CC(=C)C=C)C=CC=C')
[0.5820217132568359] Updated in round 27! max:(0.675, 'C#CC=C(C#Cc1c(C#CC(C=CC=C)=CC#CC=C(C#C)C=CC=C)cc(C#CC=C)c(C#CC=C(C#CC=CC=C)C=CC=C)c1C#C)C=C')
[0.6908669471740723] Updated in round 28! max:(0.7, 'C#CC=C(C#Cc1c(C#CC(C=CC=C)=CC#Cc2ccccc2C#C)cc(C#CC=C)c(C#CC=C(C#CC=CC=C)C=CC=C)c1C#C)C=C')
[0.8095626831054688] Updated in round 29! max:(0.725, 'C#CC=C(C#Cc1c(C#CC(C=CC=C)=CC#Cc2ccccc2C#C)cc(C#CC=C)c(C#CC=C(C#CC=CC=C)C=CC=C)c1C#CC=C)C=C')
[0.9249961376190186] Updated in round 30! max:(0.75, 'C#CC=C(C#Cc1c(C#CC(C=CC=C)=CC#Cc2ccccc2C#C)cc(C#CC=C)c(C#CC=C(C#CC=CC=C)C=CC=C)c1C#CC=CC=C)C=C')
[1.0651829242706299] Updated in round 31! max:(0.775, 'C#CC=C(C#Cc1c(C#CC(C=CC=C)=CC#Cc2ccccc2C#C)cc2c(c1C#CC=CC=C)C#CC=C(C=CC=C)C#CC(=CC=C)C(=C)C#C2)C=C')
[1.1883842945098877] Updated in round 32! max:(0.8, 'C#CC=C(C#Cc1c(C#CC(C=CC=C)=CC#Cc2ccccc2C#C)cc2c(c1C#CC=CC=C)C#CC=C(C=CC=C)C#Cc1ccccc1C#C2)C=C')
[1.3193957805633545] Updated in round 33! max:(0.825, 'C#CC=C(C#Cc1c(C#CC=CC=C)c2c#ccc(C=CC=C)c#cc3ccccc3c#cc2c2c#cc3ccccc3c#ccc(C=CC=C)c#cc12)C=C')
[1.476001501083374] Updated in round 34! max:(0.85, 'C#CC=C(C#Cc1c(C#CC=CC=C)c2c#ccc(C=CC=C)c#cc3ccccc3c#cc2c2c#cc3ccccc3c#ccc(C=CC=C)c#cc12)C=CC=C')
[1.639967918395996] Updated in round 35! max:(0.875, 'C=CC#CC=C(C#Cc1c(C#CC=CC=C)c2c#ccc(C=CC=C)c#cc3ccccc3c#cc2c2c#cc3ccccc3c#ccc(C=CC=C)c#cc12)C=CC=C')
[1.827592372894287] Updated in round 36! max:(0.9, 'C=CC#Cc1ccccc1C#Cc1c(C#CC=CC=C)c2c#ccc(C=CC=C)c#cc3ccccc3c#cc2c2c#cc3ccccc3c#ccc(C=CC=C)c#cc12')
[2.0317046642303467] Updated in round 37! max:(0.925, 'C=CC#Cc1ccccc1C#Cc1c(C#CC=CC=C)c2c#cc3ccccc3c#cc3ccccc3c#cc2c2c#cc3ccccc3c#ccc(C=CC=C)c#cc12')
[2.2154524326324463] Updated in round 38! max:(0.95, 'C=CC=Cc1c#cc2c3c#cc4ccccc4c#cc(=C)c(=CC=C)c#cc3c3c#cc4ccccc4c#cc4ccccc4c#cc3c2c#cc2ccccc2c#cc1')
[2.4051032066345215] Updated in round 39! max:(0.975, 'C=CC=Cc1c#cc2c(c#cc3ccccc3c#cc1)c1c#cc3ccccc3c#cc3ccccc3c#cc1c1c#cc3ccccc3c#cc3ccccc3c#cc21')
[2.6283442974090576] Updated in round 40! max:(1.0, 'c1c2ccccc2c#cc2c3c#cc4ccccc4c#cc4ccccc4c#cc3c3c#cc4ccccc4c#cc4ccccc4c#cc3c2c#cc2ccccc2c#1')
[2.6283562183380127] Reproduced in round 40!!
