[7.510185241699219e-05] Start running HillClimbing from [H][H]...
[0.000392913818359375] Updated in round 1! max:(0.04, 'C=C')
[0.002322673797607422] Updated in round 2! max:(0.08, 'C=CC=C')
[0.005123138427734375] Updated in round 3! max:(0.12, 'C=CC=CC=C')
[0.006963253021240234] Updated in round 4! max:(0.16, 'C=CC=C(C=C)C=C')
[0.011698484420776367] Updated in round 5! max:(0.2, 'C=CC=CC(C=C)=CC=C')
[0.019601106643676758] Updated in round 6! max:(0.24, 'C=CC=c1ccc(=C)cc1')
[0.024917125701904297] Updated in round 7! max:(0.28, 'C=CC=CC=c1ccc(=C)cc1')
[0.03308916091918945] Updated in round 8! max:(0.32, 'C=CC(=C)C=CC=c1ccc(=C)cc1')
[0.051938533782958984] Updated in round 9! max:(0.36, 'C=c1ccc(=c2ccc(=C)cc2)cc1')
[0.0618433952331543] Updated in round 10! max:(0.4, 'C=CC=c1ccc(=c2ccc(=C)cc2)cc1')
[0.0758824348449707] Updated in round 11! max:(0.44, 'C=CC(C=C)=c1ccc(=c2ccc(=C)cc2)cc1')
[0.09225225448608398] Updated in round 12! max:(0.48, 'C=CC=c1ccc(=c2ccc(=C(C=C)C=C)cc2)cc1')
[0.11495113372802734] Updated in round 13! max:(0.52, 'C=CC=CC(C=C)=c1ccc(=c2ccc(=CC=C)cc2)cc1')
[0.14667034149169922] Updated in round 14! max:(0.56, 'C=CC=CC=CC(C=C)=c1ccc(=c2ccc(=CC=C)cc2)cc1')
[0.1792919635772705] Updated in round 15! max:(0.6, 'C=CC=c1ccc(=c2ccc(=c3ccc(=CC=C)cc3)cc2)cc1')
[0.2118816375732422] Updated in round 16! max:(0.64, 'C=CC=c1ccc(=c2ccc(=c3ccc(=C(C=C)C=C)cc3)cc2)cc1')
[0.25098538398742676] Updated in round 17! max:(0.68, 'C=CC=CC=c1ccc(=c2ccc(=c3ccc(=C(C=C)C=C)cc3)cc2)cc1')
[0.3004274368286133] Updated in round 18! max:(0.72, 'C=CC=CC=c1ccc(=c2ccc(=c3ccc(=C(C=C)C=CC=C)cc3)cc2)cc1')
[0.37175679206848145] Updated in round 19! max:(0.76, 'C=CC=CC=CC(C=C)=c1ccc(=c2ccc(=c3ccc(=CC=CC=C)cc3)cc2)cc1')
[0.4421670436859131] Updated in round 20! max:(0.8, 'C=CC=CC=CC(C=C)=c1ccc(=c2ccc(=c3ccc(=C(C=C)C=CC=C)cc3)cc2)cc1')
[0.5278358459472656] Updated in round 21! max:(0.84, 'C=CC1=c2ccc(cc2)=c2ccc(cc2)=c2ccc(cc2)=C(C=C)C=CC=CC=CC=CC=C1')
[0.6386981010437012] Updated in round 22! max:(0.88, 'C=CC1=CC=CC(C=C)=c2ccc(cc2)=c2ccc(cc2)=c2ccc(cc2)=C(C=C)C=CC=CC=C1')
[0.7954728603363037] Updated in round 23! max:(0.92, 'C=CC1=c2ccc(cc2)=c2ccc(cc2)=c2ccc(cc2)=C(C=C)C=CC=c2ccc(cc2)=CC=C1')
[0.919640064239502] Updated in round 24! max:(0.96, 'C=CC1=c2ccc(cc2)=c2ccc(cc2)=c2ccc(cc2)=c2ccc(cc2)=c2ccc(cc2)=CC=C1')
[1.078021764755249] Updated in round 25! max:(1.0, 'c1cc2ccc1=c1ccc(cc1)=c1ccc(cc1)=c1ccc(cc1)=c1ccc(cc1)=c1ccc=2cc1')
[1.078033447265625] Reproduced in round 25!!
