[5.7220458984375e-05] Start running HillClimbing from [H][H]...
[0.0005521774291992188] Updated in round 1! max:(0.10810810810810811, 'c1ccccc1')
[0.0035247802734375] Updated in round 2! max:(0.13513513513513514, 'C=Cc1ccccc1')
[0.00789022445678711] Updated in round 3! max:(0.16216216216216217, 'C=Cc1ccc(C=C)cc1')
[0.013696908950805664] Updated in round 4! max:(0.2702702702702703, 'C=Cc1ccc(C=C)c(-c2ccccc2)c1')
[0.027972698211669922] Updated in round 5! max:(0.3783783783783784, 'C=Cc1ccc(C=C)c(-c2cccc(-c3ccccc3)c2)c1')
[0.060605764389038086] Updated in round 6! max:(0.40540540540540543, 'C=Cc1ccc(C=C)c(-c2cccc(-c3ccccc3C=C)c2)c1')
[0.09289717674255371] Updated in round 7! max:(0.5135135135135135, 'C=Cc1ccccc1-c1cccc(-c2cc(C=Cc3ccccc3)ccc2C=C)c1')
[0.16222906112670898] Updated in round 8! max:(0.6216216216216216, 'C=Cc1ccc(C=Cc2ccccc2)cc1-c1cccc(-c2ccccc2C=Cc2ccccc2)c1')
[0.2758793830871582] Updated in round 9! max:(0.6486486486486487, 'C=Cc1ccc(C=Cc2ccccc2)cc1-c1ccc(C=C)c(-c2ccccc2C=Cc2ccccc2)c1')
[0.4043467044830322] Updated in round 10! max:(0.6756756756756757, 'C=Cc1ccc(-c2c(C=C)ccc3ccc4ccccc4c23)cc1-c1ccccc1C=Cc1ccccc1')
[0.5128650665283203] Updated in round 11! max:(0.7027027027027027, 'C=Cc1ccc(C=Cc2ccccc2-c2cc(-c3c(C=C)ccc4ccc5ccccc5c34)ccc2C=C)cc1')
[0.6672027111053467] Updated in round 12! max:(0.7837837837837838, 'C=Cc1ccc(-c2ccccc2-c2ccccc2-c2cc(-c3c(C=C)ccc4ccc5ccccc5c34)ccc2C=C)cc1')
[0.8439321517944336] Updated in round 13! max:(0.8378378378378378, 'C=Cc1ccc(-c2cccc3ccc4cccc(-c5cc(-c6c(C=C)ccc7ccc8ccccc8c67)ccc5C=C)c4c23)cc1')
[1.0745635032653809] Updated in round 14! max:(0.8648648648648649, 'C=Cc1ccc(-c2cccc3ccc4ccc5ccc6ccc(-c7c(C=C)ccc8ccc9ccccc9c78)cc6c5c4c23)cc1')
[1.3147919178009033] Updated in round 15! max:(0.8918918918918919, 'C=Cc1ccc(-c2c(C=C)ccc3ccc4ccc5ccc6ccc(-c7c(C=C)ccc8ccc9ccccc9c78)cc6c5c4c23)cc1')
[1.614398717880249] Updated in round 16! max:(0.918918918918919, 'C=Cc1ccc2c(ccc3ccc4ccc5ccc6ccc7ccc(-c8c(C=C)ccc9ccc%10ccccc%10c89)cc7c6c5c4c32)c1')
[1.8246641159057617] Updated in round 17! max:(0.9459459459459459, 'C=Cc1ccc2c3ccc4ccc5ccc6ccc7ccc8ccc(cc8c7c6c5c42)c2c(C=C)ccc4ccc5cccc(c13)c5c42')
[2.2419371604919434] Updated in round 18! max:(0.972972972972973, 'C=Cc1ccc2ccc3ccc4ccc5ccc6c7ccc8ccc9ccc%10ccc%11ccc%12ccc(cc%12c%11c%10c9c86)c1c2c3c4c57')
[2.8517940044403076] Updated in round 19! max:(1.0, 'c1cc2ccc3ccc4ccc5ccc6c7ccc8ccc9ccc%10ccc%11ccc%12ccc%13c(ccc1c%13c2c3c4c57)c%12c%11c%10c9c86')
[2.8518056869506836] Reproduced in round 19!!
