[5.412101745605469e-05] Start running HillClimbing from [H][H]...
[0.0005376338958740234] Updated in round 1! max:(0.10810810810810811, 'c1ccccc1')
[0.0036313533782958984] Updated in round 2! max:(0.21621621621621623, 'c1ccc(-c2ccccc2)cc1')
[0.012076139450073242] Updated in round 3! max:(0.32432432432432434, 'c1ccc(-c2ccccc2-c2ccccc2)cc1')
[0.03018927574157715] Updated in round 4! max:(0.35135135135135137, 'C=Cc1ccccc1-c1ccccc1-c1ccccc1')
[0.05218243598937988] Updated in round 5! max:(0.4594594594594595, 'C(=Cc1ccccc1-c1ccccc1-c1ccccc1)c1ccccc1')
[0.09661197662353516] Updated in round 6! max:(0.4864864864864865, 'C=Cc1cccc(-c2ccccc2C=Cc2ccccc2)c1-c1ccccc1')
[0.15014076232910156] Updated in round 7! max:(0.5135135135135135, 'C=Cc1cccc(-c2cccc(C=C)c2-c2ccccc2)c1C=Cc1ccccc1')
[0.21518158912658691] Updated in round 8! max:(0.5405405405405406, 'C=Cc1cccc(-c2c(C=C)cccc2-c2cccc(C=C)c2C=Cc2ccccc2)c1')
[0.28261876106262207] Updated in round 9! max:(0.5675675675675675, 'C=CC=Cc1cccc(-c2c(C=C)cccc2-c2cccc(C=C)c2C=Cc2ccccc2)c1')
[0.3607139587402344] Updated in round 10! max:(0.5945945945945946, 'C=CC=Cc1cccc(-c2c(C=C)cccc2-c2cccc(C=C)c2C=Cc2ccccc2)c1C=C')
[0.4518156051635742] Updated in round 11! max:(0.6216216216216216, 'C=CC=Cc1cccc(-c2c(C=C)ccc(C=C)c2-c2cccc(C=C)c2C=Cc2ccccc2)c1C=C')
[0.5473513603210449] Updated in round 12! max:(0.6486486486486487, 'C=CC=Cc1cccc(-c2c(C=C)ccc(C=C)c2-c2cccc(C=C)c2C=Cc2ccccc2C=C)c1C=C')
[0.6560788154602051] Updated in round 13! max:(0.6756756756756757, 'C=CC=Cc1cccc(-c2c(C=C)ccc(C=C)c2-c2cccc(C=C)c2C=Cc2cccc(C=C)c2C=C)c1C=C')
[0.7735402584075928] Updated in round 14! max:(0.7027027027027027, 'C=CC=Cc1cccc(-c2c(C=C)ccc(C=C)c2-c2cccc(C=C)c2C=Cc2cccc(C=C)c2C=CC=C)c1C=C')
[0.9400715827941895] Updated in round 15! max:(0.7297297297297297, 'C=CC=Cc1c(C=C)cccc1C=Cc1c(C=C)cccc1-c1c(C=C)ccc(C=C)c1-c1cccc(C(C=C)=CC=C)c1C=C')
[1.0888175964355469] Updated in round 16! max:(0.7567567567567568, 'C=CC=Cc1c(C=C)cccc1C=Cc1c(C=C)cccc1-c1c(C=C)ccc2ccc3ccc(C(C=C)=CC=C)c(C=C)c3c12')
[1.2870604991912842] Updated in round 17! max:(0.7837837837837838, 'C=CC=Cc1c(C=C)cccc1C=C(C=C)c1c(C=C)cccc1-c1c(C=C)ccc2ccc3ccc(C(C=C)=CC=C)c(C=C)c3c12')
[1.4842896461486816] Updated in round 18! max:(0.8108108108108109, 'C=CC=c1c(C=C)c(C=C)c2ccc3ccc4ccc(C=C)c(c5cccc(C=C)c5c(C=C)cc5cccc(C=C)c15)c4c3c2C=C')
[1.725048303604126] Updated in round 19! max:(0.8378378378378378, 'C=CC=c1c(C=C)c(C=C)c2ccc3ccc4ccc5ccc6ccc(C=C)c(c(C=C)cc7cccc(C=C)c17)c6c5c4c3c2C=C')
[1.9110205173492432] Updated in round 20! max:(0.8648648648648649, 'C=CC=c1c2ccccc2c2ccc3ccc4ccc5ccc6ccc(C=C)c(c(C=C)cc7cccc(C=C)c17)c6c5c4c3c2C=C')
[2.1232457160949707] Updated in round 21! max:(0.8918918918918919, 'C=CC=c1c2cccc3ccc4c(ccc5ccc6ccc7ccc8ccc(C=C)c(c(C=C)cc9cccc(C=C)c19)c8c7c6c54)c32')
[2.4795258045196533] Updated in round 22! max:(0.918918918918919, 'C=CC=c1c2cccc3ccc4c(ccc5ccc6ccc7ccc8ccc(C=C)c(c9ccc%10ccc(C=C)c1c%10c9)c8c7c6c54)c32')
[2.8230273723602295] Updated in round 23! max:(0.9459459459459459, 'C=Cc1ccc2ccc3cc2c1c1cccc2ccc4ccc5c(ccc6ccc7ccc8ccc9ccc(C=C)c3c9c8c7c65)c4c21')
[3.1303186416625977] Updated in round 24! max:(0.972972972972973, 'C=Cc1ccc2ccc3c4ccc5ccc6ccc7ccc8ccc9ccc%10c(ccc%11ccc%12cccc(c1c24)c%12c%11%10)c9c8c7c6c53')
[3.850008249282837] Updated in round 25! max:(1.0, 'c1cc2ccc3ccc4ccc5ccc6c7ccc8ccc9ccc%10ccc%11ccc%12ccc%13c(ccc1c%13c2c3c4c57)c%12c%11c%10c9c86')
[3.850019931793213] Reproduced in round 25!!
