[6.031990051269531e-05] Start running HillClimbing from [H][H]...
[0.0006153583526611328] Updated in round 1! max:(0.08163265306122448, 'c1ccccc1')
[0.003749370574951172] Updated in round 2! max:(0.16326530612244897, 'c1ccc(-c2ccccc2)cc1')
[0.012276649475097656] Updated in round 3! max:(0.20408163265306123, 'c1ccc2c(c1)ccc1ccccc12')
[0.02671527862548828] Updated in round 4! max:(0.2857142857142857, 'c1ccc(-c2cccc3ccc4ccccc4c23)cc1')
[0.05458259582519531] Updated in round 5! max:(0.3673469387755102, 'c1ccc(-c2ccccc2-c2cccc3ccc4ccccc4c23)cc1')
[0.10018181800842285] Updated in round 6! max:(0.3877551020408163, 'C=Cc1cccc2ccc3cccc(-c4ccccc4-c4ccccc4)c3c12')
[0.15402650833129883] Updated in round 7! max:(0.42857142857142855, 'C=Cc1cccc2ccc3cccc(-c4cccc5ccc6ccccc6c45)c3c12')
[0.21509575843811035] Updated in round 8! max:(0.4897959183673469, 'c1ccc(-c2cccc3ccc4cccc(-c5cccc6ccc7ccccc7c56)c4c23)cc1')
[0.32225513458251953] Updated in round 9! max:(0.5102040816326531, 'C=Cc1cccc2ccc3cccc(-c4cccc5ccc6cccc(-c7ccccc7)c6c45)c3c12')
[0.4186408519744873] Updated in round 10! max:(0.5510204081632653, 'C=Cc1cccc2ccc3cccc(-c4cccc5ccc6ccc7ccc8ccccc8c7c6c45)c3c12')
[0.522127628326416] Updated in round 11! max:(0.5714285714285714, 'C=CC=Cc1cccc2ccc3cccc(-c4cccc5ccc6ccc7ccc8ccccc8c7c6c45)c3c12')
[0.7045927047729492] Updated in round 12! max:(0.6122448979591837, 'c1ccc(-c2cccc3ccc4cccc(-c5cccc6ccc7ccc8ccc9ccccc9c8c7c56)c4c23)cc1')
[0.8817446231842041] Updated in round 13! max:(0.6938775510204082, 'c1ccc(-c2ccccc2-c2cccc3ccc4cccc(-c5cccc6ccc7ccc8ccc9ccccc9c8c7c56)c4c23)cc1')
[1.0890183448791504] Updated in round 14! max:(0.7142857142857143, 'C=Cc1ccccc1-c1ccccc1-c1cccc2ccc3cccc(-c4cccc5ccc6ccc7ccc8ccccc8c7c6c45)c3c12')
[1.2972614765167236] Updated in round 15! max:(0.7346938775510204, 'C=Cc1ccccc1-c1cccc(C=C)c1-c1cccc2ccc3cccc(-c4cccc5ccc6ccc7ccc8ccccc8c7c6c45)c3c12')
[1.5255858898162842] Updated in round 16! max:(0.7551020408163265, 'C=Cc1ccc2ccc3ccccc3c2c1-c1cccc2ccc3cccc(-c4cccc5ccc6ccc7ccc8ccccc8c7c6c45)c3c12')
[1.8681681156158447] Updated in round 17! max:(0.8367346938775511, 'C=Cc1ccc2ccc3cccc(-c4ccccc4)c3c2c1-c1cccc2ccc3cccc(-c4cccc5ccc6ccc7ccc8ccccc8c7c6c45)c3c12')
[2.2449169158935547] Updated in round 18! max:(0.8571428571428571, 'C=Cc1ccc2ccc3cccc(-c4ccccc4)c3c2c1-c1cccc2ccc3cccc(-c4cccc5ccc6ccc7ccc8cccc(C=C)c8c7c6c45)c3c12')
[2.5942721366882324] Updated in round 19! max:(0.8775510204081632, 'C=Cc1ccccc1-c1cccc2ccc3ccc(C=C)c(-c4cccc5ccc6cccc(-c7cccc8ccc9ccc%10ccc%11cccc(C=C)c%11c%10c9c78)c6c45)c3c12')
[3.0523204803466797] Updated in round 20! max:(0.8979591836734694, 'C=Cc1ccccc1-c1cccc2ccc3ccc(C=C)c(-c4cccc5ccc6cccc(-c7c(C=C)ccc8ccc9ccc%10ccc%11cccc(C=C)c%11c%10c9c78)c6c45)c3c12')
[3.4439749717712402] Updated in round 21! max:(0.9183673469387755, 'C=Cc1ccc2ccc3ccc4ccc5ccccc5c4c3c2c1-c1cccc2ccc3cccc(-c4c(C=C)ccc5ccc6ccc7ccc8cccc(C=C)c8c7c6c45)c3c12')
[3.8838493824005127] Updated in round 22! max:(0.9591836734693877, 'C=Cc1ccc2ccc3ccc4ccc5ccccc5c4c3c2c1-c1cccc2ccc3cccc(-c4c(C=C)ccc5ccc6ccc7ccc8ccc9ccccc9c8c7c6c45)c3c12')
[4.848569393157959] Updated in round 23! max:(0.9795918367346939, 'C=Cc1ccc2ccc3ccc4ccc5ccccc5c4c3c2c1-c1cccc2ccc3ccc4ccc5ccc6ccc7ccc8ccc9ccc%10ccccc%10c9c8c7c6c5c4c3c12')
[6.476195812225342] Updated in round 24! max:(1.0, 'c1ccc2c(c1)ccc1ccc3ccc4ccc5ccc6ccc7ccc8ccc9ccc%10ccc%11ccc%12ccc%13ccc%14ccc%15ccccc%15c%14c%13c%12c%11c%10c9c8c7c6c5c4c3c12')
[6.476207494735718] Reproduced in round 24!!
