[5.364418029785156e-05] Start running HillClimbing from [H][H]...
[0.0005319118499755859] Updated in round 1! max:(0.10810810810810811, 'c1ccccc1')
[0.0036232471466064453] Updated in round 2! max:(0.21621621621621623, 'c1ccc(-c2ccccc2)cc1')
[0.011996984481811523] Updated in round 3! max:(0.2702702702702703, 'c1ccc2c(c1)ccc1ccccc12')
[0.02328181266784668] Updated in round 4! max:(0.3783783783783784, 'c1ccc(-c2cccc3c2ccc2ccccc23)cc1')
[0.04582929611206055] Updated in round 5! max:(0.40540540540540543, 'C=Cc1ccccc1-c1cccc2c1ccc1ccccc12')
[0.0737450122833252] Updated in round 6! max:(0.4594594594594595, 'c1ccc2c(-c3cccc4c3ccc3ccccc34)cccc2c1')
[0.10361146926879883] Updated in round 7! max:(0.4864864864864865, 'C=Cc1ccc2ccc3c(-c4cccc5ccccc45)cccc3c2c1')
[0.18566370010375977] Updated in round 8! max:(0.5135135135135135, 'C=Cc1ccc2ccc3c(-c4cccc5cccc(C=C)c45)cccc3c2c1')
[0.23108744621276855] Updated in round 9! max:(0.5405405405405406, 'C=Cc1ccc2ccc3c(-c4c(C=C)ccc5cccc(C=C)c45)cccc3c2c1')
[0.28588414192199707] Updated in round 10! max:(0.6486486486486487, 'C=Cc1ccc2cccc(C=C)c2c1-c1cccc2c1ccc1ccc(C=Cc3ccccc3)cc12')
[0.37557530403137207] Updated in round 11! max:(0.7297297297297297, 'C=Cc1ccc2cccc(C=C)c2c1-c1cccc2c1ccc1ccc(C=Cc3ccc4ccccc4c3)cc12')
[0.5031628608703613] Updated in round 12! max:(0.7567567567567568, 'C=Cc1ccc2ccc(C=C)c(-c3cccc4c3ccc3ccc(C=Cc5ccc6ccccc6c5)cc34)c2c1C=C')
[0.6661818027496338] Updated in round 13! max:(0.8378378378378378, 'C=Cc1ccc2ccc(C=C)c(-c3cccc4c3ccc3ccc(C=Cc5ccc6ccccc6c5)cc34)c2c1-c1ccccc1')
[0.863781213760376] Updated in round 14! max:(0.8648648648648649, 'C=Cc1ccc2ccc3ccc4ccccc4c3c2c1-c1cccc2c1ccc1ccc(C=Cc3ccc4ccccc4c3)cc12')
[1.1702399253845215] Updated in round 15! max:(0.8918918918918919, 'C=Cc1ccc2ccc3ccc4ccc5cc4c3c2c1c1cccc2c3cc(ccc4ccc6cccc5c6c4)ccc3ccc21')
[1.4312026500701904] Updated in round 16! max:(0.918918918918919, 'C=Cc1ccc2ccc3ccc4ccc5cc4c3c2c1c1cccc2c1ccc1ccc3ccc4ccc6cccc5c6c4c3c12')
[1.8016409873962402] Updated in round 17! max:(0.972972972972973, 'C=Cc1ccc2ccc3ccc4ccc5c6ccc7ccc8ccc9ccc%10ccc%11ccc%12c(cccc%12c%11c%10c9c8c75)c1c2c3c46')
[2.2056870460510254] Updated in round 18! max:(1.0, 'c1cc2ccc3ccc4ccc5ccc6c7ccc8ccc9ccc%10ccc%11ccc%12ccc%13c(ccc1c%13c2c3c4c57)c%12c%11c%10c9c86')
[2.2056984901428223] Reproduced in round 18!!
