[7.009506225585938e-05] Start running HillClimbing from [H][H]...
[0.0006661415100097656] Updated in round 1! max:(0.0136986301369863, 'C=C')
[0.0013146400451660156] Updated in round 2! max:(0.0273972602739726, 'C=CC=C')
[0.002555370330810547] Updated in round 3! max:(0.0410958904109589, 'C=CC=CC=C')
[0.0040056705474853516] Updated in round 4! max:(0.0547945205479452, 'C=CC=CC=CC=C')
[0.006436586380004883] Updated in round 5! max:(0.0684931506849315, 'C=CC=CC=C(C=C)C=C')
[0.009589195251464844] Updated in round 6! max:(0.0821917808219178, 'C=CC=C(C=C)C=C(C=C)C=C')
[0.014299631118774414] Updated in round 7! max:(0.0958904109589041, 'C=CC(C=C)=Cc1ccccc1')
[0.020505189895629883] Updated in round 8! max:(0.1095890410958904, 'C=Cc1ccc2ccccc2c1')
[0.0253293514251709] Updated in round 9! max:(0.1232876712328767, 'C=Cc1ccc2ccccc2c1C=C')
[0.03470325469970703] Updated in round 10! max:(0.136986301369863, 'C=Cc1ccc2c(C=C)c(C=C)ccc2c1')
[0.043132781982421875] Updated in round 11! max:(0.1506849315068493, 'C=CC=Cc1c(C=C)ccc2cc(C=C)ccc12')
[0.05567145347595215] Updated in round 12! max:(0.1643835616438356, 'C=CC=Cc1ccc2cc(C=C)ccc2c1C=CC=C')
[0.07535433769226074] Updated in round 13! max:(0.1780821917808219, 'C=CC=Cc1ccc2cc(C=C)c(C=C)cc2c1C=CC=C')
[0.10017108917236328] Updated in round 14! max:(0.1917808219178082, 'C=CC=Cc1cc2ccc(C=CC=C)c(C=CC=C)c2cc1C=C')
[0.12500977516174316] Updated in round 15! max:(0.2054794520547945, 'C=CC=Cc1cc2ccc3ccccccccc3c2cc1C=C')
[0.15369486808776855] Updated in round 16! max:(0.2191780821917808, 'C=CC=Cc1cc2ccc3cccc(C=C)ccccc3c2cc1C=C')
[0.20268845558166504] Updated in round 17! max:(0.2328767123287671, 'C=CC=Cc1cc2ccc3ccc(C=C)c(C=C)ccccc3c2cc1C=C')
[0.25927042961120605] Updated in round 18! max:(0.2465753424657534, 'C=CC=Cc1cc2ccc3cc4c(C=C)c(C=C)ccc4cc3c2cc1C=C')
[0.33351874351501465] Updated in round 19! max:(0.2602739726027397, 'C=CC=Cc1cc2ccc3cc4c(C=C)c(C=CC=C)ccc4cc3c2cc1C=C')
[0.3916044235229492] Updated in round 20! max:(0.273972602739726, 'C=CC=Cc1cc2ccc3cc4c(C=C)c(C=CC=C)ccc4cc3c2cc1C=CC=C')
[0.46550989151000977] Updated in round 21! max:(0.2876712328767123, 'C=CC=Cc1cc2ccc3cc4c(C=C)c(C=CC=C)ccc4cc3c2cc1C=CC(=C)C=C')
[0.5814266204833984] Updated in round 22! max:(0.3013698630136986, 'C=CC=Cc1ccc2cc3c(ccc4cc5ccc(=C)c(=CC(=C)C=C)c5cc43)cc2c1C=C')
[0.640470027923584] Updated in round 23! max:(0.3150684931506849, 'C=CC=Cc1ccc2cc3c(ccc4cc5ccc(=C)c(=CC(=C)C=C)c5cc43)cc2c1C=CC=C')
[0.7486498355865479] Updated in round 24! max:(0.3287671232876712, 'C=CC=CC(=C)C=c1c(=C)ccc2cc3ccc4cc5c(C=CC=C)c(C=CC=C)ccc5cc4c3cc12')
[0.8347702026367188] Updated in round 25! max:(0.3424657534246575, 'C=CC=CC(=C)C=c1c(=C)ccc2cc3ccc4cc5c(C=CC(=C)C=C)c(C=CC=C)ccc5cc4c3cc12')
[0.928333044052124] Updated in round 26! max:(0.3561643835616438, 'C=CC=Cc1ccc2cc3c(ccc4cc5ccc(=C)c(=CC(=C)C=C(C=C)C=C)c5cc43)cc2c1C=CC(=C)C=C')
[1.0311176776885986] Updated in round 27! max:(0.3698630136986301, 'C=CC=Cc1ccc2cc3c(ccc4cc5ccc(=C)c(=CC(=C)C=C(C=C)C=C)c5cc43)cc2c1C=CC(C=C)=CC=C')
[1.1687960624694824] Updated in round 28! max:(0.3835616438356164, 'C=CC=Cc1ccc2cc3c(ccc4cc5ccc(=C)c(=CC(=C)C=C(C=C)C=C)c5cc43)cc2c1C=CC(C=C)=CC(=C)C=C')
[1.301415205001831] Updated in round 29! max:(0.3972602739726027, 'C=CC=Cc1ccc2cc3c(ccc4cc5ccc(=C)c(=CC(=C)C=C(C=C)C=C)c5cc43)cc2c1C=Cc1cccc(C=C)c1')
[1.4451110363006592] Updated in round 30! max:(0.410958904109589, 'C=CC(C=C)=CC(=C)C=c1c(=C)ccc2cc3ccc4cc5c(ccc6cc(C=C)c(-c7cccc(C=C)c7)cc65)cc4c3cc12')
[1.6145880222320557] Updated in round 31! max:(0.4246575342465753, 'C=CC=Cc1cccc(-c2cc3c(ccc4cc5c(ccc6cc7ccc(=C)c(=CC(=C)C=C(C=C)C=C)c7cc65)cc43)cc2C=C)c1')
[1.784317970275879] Updated in round 32! max:(0.4383561643835616, 'C=CC=CC(C=C)=CC(=C)C=c1c(=C)ccc2cc3ccc4cc5c(ccc6cc(C=C)c(-c7cccc(C=CC=C)c7)cc65)cc4c3cc12')
[2.0300042629241943] Updated in round 33! max:(0.4520547945205479, 'C=CC=CC(C=C)=CC(=C)C=c1c(=C)ccc2cc3ccc4cc5c(ccc6cc7ccc8ccc(C=CC=C)cc8c7cc65)cc4c3cc12')
[2.297696590423584] Updated in round 34! max:(0.4657534246575342, 'C=CC=CC(C=C)=CC(=C)C=c1c(=C)ccc2cc3ccc4cc5c(ccc6cc7ccc8cc(C=C)c(C=CC=C)cc8c7cc65)cc4c3cc12')
[2.5223264694213867] Updated in round 35! max:(0.4794520547945205, 'C=CC=CC=Cc1cc2c(ccc3cc4ccc5cc6c(ccc7cc8ccc(=C)c(=CC(=C)C=C(C=C)C=CC=C)c8cc76)cc5c4cc32)cc1C=C')
[2.8144474029541016] Updated in round 36! max:(0.4931506849315068, 'C=CC=CC(C=C)=CC(=C)C=c1c(=C)ccc2cc3ccc4cc5c(ccc6cc7ccc8cc9ccccccccc9cc8c7cc65)cc4c3cc12')
[3.2651779651641846] Updated in round 37! max:(0.5068493150684932, 'C=CC=Cc1cccc(C=c2c(=C)ccc3cc4ccc5cc6c(ccc7cc8ccc9cc%10ccccccccc%10cc9c8cc76)cc5c4cc23)c1')
[3.8644332885742188] Updated in round 38! max:(0.5205479452054794, 'C=CC(=C)C=Cc1cccc(C=c2c(=C)ccc3cc4ccc5cc6c(ccc7cc8ccc9cc%10ccccccccc%10cc9c8cc76)cc5c4cc23)c1')
[4.339381456375122] Updated in round 39! max:(0.5342465753424658, 'C=CC(=C)C(=C)C=Cc1cccc(C=c2c(=C)ccc3cc4ccc5cc6c(ccc7cc8ccc9cc%10ccccccccc%10cc9c8cc76)cc5c4cc23)c1')
[4.778180122375488] Updated in round 40! max:(0.547945205479452, 'C=CC(=C)C(=C)C=Cc1cccc(C=c2c(=C)ccc3cc4ccc5cc6c(ccc7cc8ccc9cc%10cccccc(C=C)ccc%10cc9c8cc76)cc5c4cc23)c1')
[6.033914566040039] Updated in round 41! max:(0.5616438356164384, 'C=CC(=C)C(=C)C(C=C)=Cc1cccc(C=c2c(=C)ccc3cc4ccc5cc6c(ccc7cc8ccc9cc%10cccccc(C=C)ccc%10cc9c8cc76)cc5c4cc23)c1')
[6.475982189178467] Updated in round 42! max:(0.5753424657534246, 'C=CC(=C)c1cc2c(C=c3c(=C)ccc4cc5ccc6cc7c(ccc8cc9ccc%10cc%11cccccc(C=C)ccc%11cc%10c9cc87)cc6c5cc34)cccc2cc1C=C')
[7.039561986923218] Updated in round 43! max:(0.589041095890411, 'C=CC=C(C=C)c1cc2c(C=c3c(=C)ccc4cc5ccc6cc7c(ccc8cc9ccc%10cc%11cccccc(C=C)ccc%11cc%10c9cc87)cc6c5cc34)cccc2cc1C=C')
[7.502782344818115] Updated in round 44! max:(0.6027397260273972, 'C=CC=CC=C(C=C)c1cc2c(C=c3c(=C)ccc4cc5ccc6cc7c(ccc8cc9ccc%10cc%11cccccc(C=C)ccc%11cc%10c9cc87)cc6c5cc34)cccc2cc1C=C')
[8.107900857925415] Updated in round 45! max:(0.6164383561643836, 'C=CC=CC=C(C=C)c1cc2c(C=c3c(=C)ccc4cc5ccc6cc7c(ccc8cc9ccc%10cc%11cccccc(C(=C)C=C)ccc%11cc%10c9cc87)cc6c5cc34)cccc2cc1C=C')
[8.988213777542114] Updated in round 46! max:(0.6301369863013698, 'C=CC=CC=C(C=C)c1cc2c(C=c3c(=C)ccc4cc5ccc6cc7c(ccc8cc9ccc%10cc%11cccccc(C(=C)C(=C)C=C)ccc%11cc%10c9cc87)cc6c5cc34)cccc2cc1C=C')
[9.821143627166748] Updated in round 47! max:(0.6438356164383562, 'C=CC=CC=C(C=C)c1cc2c(C=c3c(=C)ccc4cc5ccc6cc7c(ccc8cc9ccc%10cc%11ccc%12ccc(C(=C)C(=C)C=C)cc%12c%11cc%10c9cc87)cc6c5cc34)cccc2cc1C=C')
[10.41325831413269] Updated in round 48! max:(0.6575342465753424, 'C=CC=CC=CC=C(C=C)c1cc2c(C=c3c(=C)ccc4cc5ccc6cc7c(ccc8cc9ccc%10cc%11ccc%12ccc(C(=C)C(=C)C=C)cc%12c%11cc%10c9cc87)cc6c5cc34)cccc2cc1C=C')
[11.089658260345459] Updated in round 49! max:(0.6712328767123288, 'C=CC=Cc1ccc(-c2cc3c(C=c4c(=C)ccc5cc6ccc7cc8c(ccc9cc%10ccc%11cc%12ccc%13ccc(C(=C)C(=C)C=C)cc%13c%12cc%11c%10cc98)cc7c6cc45)cccc3cc2C=C)cc1')
[12.074172496795654] Updated in round 50! max:(0.684931506849315, 'C=CC(=C)C=Cc1ccc(-c2cc3c(C=c4c(=C)ccc5cc6ccc7cc8c(ccc9cc%10ccc%11cc%12ccc%13ccc(C(=C)C(=C)C=C)cc%13c%12cc%11c%10cc98)cc7c6cc45)cccc3cc2C=C)cc1')
[12.907996892929077] Updated in round 51! max:(0.6986301369863014, 'C=CC(=C)C=Cc1ccc(-c2cc3c(C=c4c(=C)ccc5cc6ccc7cc8c(ccc9cc%10ccc%11cc%12ccc%13ccc(C(=C)C(=C)C=C)cc%13c%12cc%11c%10cc98)cc7c6cc45)cccc3cc2C=C)cc1C=C')
[13.717015266418457] Updated in round 52! max:(0.7123287671232876, 'C=CC(=C)C=C(C=C)c1ccc(-c2cc3c(C=c4c(=C)ccc5cc6ccc7cc8c(ccc9cc%10ccc%11cc%12ccc%13ccc(C(=C)C(=C)C=C)cc%13c%12cc%11c%10cc98)cc7c6cc45)cccc3cc2C=C)cc1C=C')
[14.505173444747925] Updated in round 53! max:(0.726027397260274, 'C=CC(=C)C(=C)c1ccc2ccc3cc4ccc5cc6ccc7cc8c(ccc9cc%10ccc(=C)c(=Cc%11cccc%12cc(C=C)c(-c%13ccc(-c%14ccc(=C)c(=C)c%14)c(C=C)c%13)cc%11%12)c%10cc98)cc7c6cc5c4cc3c2c1')
[15.28710126876831] Updated in round 54! max:(0.7397260273972602, 'C=CC=c1cc(-c2ccc(-c3cc4c(C=c5c(=C)ccc6cc7ccc8cc9c(ccc%10cc%11ccc%12cc%13ccc%14ccc(C(=C)C(=C)C=C)cc%14c%13cc%12c%11cc%109)cc8c7cc56)cccc4cc3C=C)cc2C=C)ccc1=C')
[16.235403776168823] Updated in round 55! max:(0.7534246575342466, 'C=CC=c1ccc(-c2ccc(-c3cc4c(C=c5c(=C)ccc6cc7ccc8cc9c(ccc%10cc%11ccc%12cc%13ccc%14ccc(C(=C)C(=C)C=C)cc%14c%13cc%12c%11cc%109)cc8c7cc56)cccc4cc3C=C)cc2C=C)cc1=CC=C')
[17.305330753326416] Updated in round 56! max:(0.7671232876712328, 'C=CC=c1ccc(-c2cc3ccc4cc5cccc(C=c6c(=C)ccc7cc8ccc9cc%10c(ccc%11cc%12ccc%13cc%14ccc%15ccc(C(=C)C(=C)C=C)cc%15c%14cc%13c%12cc%11%10)cc9c8cc67)c5cc4c3cc2C=C)cc1=CC=C')
[18.750778436660767] Updated in round 57! max:(0.7808219178082192, 'C=CC=c1ccc(-c2cc3ccc4cc5cccc(C=c6c(=C)ccc7cc8ccc9cc%10c(ccc%11cc%12ccc%13cc%14ccc%15cc%16ccc(=C)c(=C)c%16cc%15c%14cc%13c%12cc%11%10)cc9c8cc67)c5cc4c3cc2C=C)cc1=CC=C')
[20.615477800369263] Updated in round 58! max:(0.7945205479452054, 'C=CC=c1ccc(-c2cc3ccc4cc5cccc(C=c6c(=C)ccc7cc8ccc9cc%10c(ccc%11cc%12ccc%13cc%14ccc%15cc%16ccc(=C)c(=CC=C)c%16cc%15c%14cc%13c%12cc%11%10)cc9c8cc67)c5cc4c3cc2C=C)cc1=CC=C')
[22.090519189834595] Updated in round 59! max:(0.8082191780821918, 'C=CC=c1cc2ccc3cc4c(ccc5cc6cccc(C=c7c(=C)ccc8cc9ccc%10cc%11c(ccc%12cc%13ccc%14cc%15ccc%16cc%17ccc(=C)c(=CC=C)c%17cc%16c%15cc%14c%13cc%12%11)cc%10c9cc78)c6cc54)cc3c2cc1=CC=C')
[23.247552156448364] Updated in round 60! max:(0.821917808219178, 'C=CC=c1cc2ccc3cc4c(ccc5cc6cccc(C=c7c(=C)ccc8cc9ccc%10cc%11c(ccc%12cc%13ccc%14cc%15ccc%16cc%17ccc(=C)c(=CC(=C)C=C)c%17cc%16c%15cc%14c%13cc%12%11)cc%10c9cc78)c6cc54)cc3c2cc1=CC=C')
[26.34941077232361] Updated in round 61! max:(0.8356164383561644, 'C=CC=c1cc2ccc3cc4c(ccc5cc6ccc7cc8ccc9cc%10ccc%11cc%12c(ccc%13cc%14ccc%15cc%16ccc%17cc%18ccc(=C)c(=CC(=C)C=C)c%18cc%17c%16cc%15c%14cc%13%12)cc%11c%10cc9c8cc7c6cc54)cc3c2cc1=CC=C')
[28.300726652145386] Updated in round 62! max:(0.8493150684931506, 'C=CC=C(C=C)C=c1c(=C)ccc2cc3ccc4cc5ccc6cc7ccc8cc9c(ccc%10cc%11ccc%12cc%13ccc%14cc%15ccc%16cc%17c(ccc%18cc(=CC=C)c(=CC=C)cc%18%17)cc%16c%15cc%14c%13cc%12c%11cc%109)cc8c7cc6c5cc4c3cc12')
[30.686787605285645] Updated in round 63! max:(0.863013698630137, 'C=CC=CC=c1cc2ccc3cc4c(ccc5cc6ccc7cc8ccc9cc%10ccc%11cc%12c(ccc%13cc%14ccc%15cc%16ccc%17cc%18ccc(=C)c(=CC(C=C)=CC=C)c%18cc%17c%16cc%15c%14cc%13%12)cc%11c%10cc9c8cc7c6cc54)cc3c2cc1=CC=C')
[34.07960033416748] Updated in round 64! max:(0.8767123287671232, 'C=CC=CC=c1cc2ccc3cc4c(ccc5cc6ccc7cc8ccc9cc%10ccc%11cc%12c(ccc%13cc%14ccc%15cc%16ccc%17cc%18ccc(=C)c(=CC(C=CC=C)=CC=C)c%18cc%17c%16cc%15c%14cc%13%12)cc%11c%10cc9c8cc7c6cc54)cc3c2cc1=CC=C')
[37.325687885284424] Updated in round 65! max:(0.8904109589041096, 'C=CC=CC=c1cc2ccc3cc4c5ccc6cc7ccc8cc9ccc%10cc%11ccc%12cc%13c(ccc%14cc%15ccc%16cc%17ccc%18cc%19ccc(=C)c(c%19cc%18c%17cc%16c%15cc%14%13)=CC(=CC=C)C=CC=CC=CC=c1cc2c3c5)cc%12c%11cc%10c9cc8c7cc64')
[42.79935646057129] Updated in round 66! max:(0.9041095890410958, 'C=CC=CC=C1C=CC=CC=CC=c2cc3c(ccc4cc5c(ccc6cc7ccc8cc9ccc%10cc%11ccc%12cc%13c(ccc%14cc%15ccc%16cc%17ccc%18cc%19ccc(=C)c(c%19cc%18c%17cc%16c%15cc%14%13)=C1)cc%12c%11cc%10c9cc8c7cc65)cc43)cc2=CC=CC=C')
[48.266573905944824] Updated in round 67! max:(0.9178082191780822, 'C=CC=CC=CC=C1C=CC=CC=CC=c2cc3c(ccc4cc5c(ccc6cc7ccc8cc9ccc%10cc%11ccc%12cc%13c(ccc%14cc%15ccc%16cc%17ccc%18cc%19ccc(=C)c(c%19cc%18c%17cc%16c%15cc%14%13)=C1)cc%12c%11cc%10c9cc8c7cc65)cc43)cc2=CC=CC=C')
[53.35602521896362] Updated in round 68! max:(0.9315068493150684, 'C=CC=CC=CC=C1C=CC=Cc2cccccc3cc4ccc5cc6c(ccc7cc8ccc9cc%10ccc%11cc%12ccc%13cc%14c(ccc%15cc%16ccc%17cc%18ccc%19cc%20ccc(=C)c(c%20cc%19c%18cc%17c%16cc%15%14)=C1)cc%13c%12cc%11c%10cc9c8cc76)cc5c4cc3cc2')
[64.40480184555054] Updated in round 69! max:(0.9452054794520548, 'C=Cc1ccccc2cccc1-c1cccccc3cc4ccc5cc6c(ccc7cc8ccc9cc%10ccc%11cc%12ccc%13cc%14c(ccc%15cc%16ccc%17cc%18ccc%19cc%20ccc(=C)c(c%20cc%19c%18cc%17c%16cc%15%14)=C2)cc%13c%12cc%11c%10cc9c8cc76)cc5c4cc3cc1')
[70.44331407546997] Updated in round 70! max:(0.958904109589041, 'C=Cc1ccccc2cccc1-c1ccc3ccc4cc5ccc6cc7c(ccc8cc9ccc%10cc%11ccc%12cc%13ccc%14cc%15c(ccc%16cc%17ccc%18cc%19ccc%20cc%21ccc(=C)c(c%21cc%20c%19cc%18c%17cc%16%15)=C2)cc%14c%13cc%12c%11cc%10c9cc87)cc6c5cc4c3c1')
[75.6408178806305] Updated in round 71! max:(0.9726027397260274, 'C=Cc1ccccc2cc3c4ccc5cc6ccc7cc8ccc9cc%10ccc%11cc%12c(ccc%13cc%14ccc%15cc%16ccc%17cc%18ccc%19cc%20c(ccc%21cc%22ccc%23ccc(cc%23c%22cc%21%20)-c1ccc2c4)cc%19c%18cc%17c%16cc%15c%14cc%13%12)cc%11c%10cc9c8cc7c6cc53')
[93.73760867118835] Updated in round 72! max:(0.9863013698630136, 'C=Cc1cc2ccc3cc4c5ccc6cc7ccc8cc9ccc%10cc%11ccc%12cc%13c(ccc%14cc%15ccc%16cc%17ccc%18cc%19ccc%20cc%21c(ccc%22cc%23ccc%24ccc(cc%24c%23cc%22%21)-c1cc2c3c5)cc%20c%19cc%18c%17cc%16c%15cc%14%13)cc%12c%11cc%10c9cc8c7cc64')
[108.66839933395386] Updated in round 73! max:(1.0, 'c1cc2cc3ccc4cc5ccc6cc7ccc8cc9c%10ccc%11cc%12ccc%13cc%14ccc%15cc%16ccc%17cc%18c(ccc%19cc%20ccc%21cc%22ccc%23cc%24ccc%25cc(c1cc%25c%24cc%23c%22cc%21c%20cc%19%18)c2cc3c4cc5c6cc7c8c%10)cc%17c%16cc%15c%14cc%13c%12cc%119')
[108.6684136390686] Reproduced in round 73!!
