[5.817413330078125e-05] Start running HillClimbing from [H][H]...
[0.0006036758422851562] Updated in round 1! max:(0.02040816326530612, 'C=C')
[0.0014088153839111328] Updated in round 2! max:(0.08163265306122448, 'c1ccccc1')
[0.004593372344970703] Updated in round 3! max:(0.10204081632653061, 'C#Cc1ccccc1')
[0.007849693298339844] Updated in round 4! max:(0.12244897959183673, 'C#Cc1cccc(C=C)c1')
[0.01224064826965332] Updated in round 5! max:(0.14285714285714285, 'C#CC#Cc1cccc(C=C)c1')
[0.018060684204101562] Updated in round 6! max:(0.16326530612244897, 'C#CC#Cc1ccc(C=C)c(C=C)c1')
[0.024986982345581055] Updated in round 7! max:(0.24489795918367346, 'C=Cc1ccc(C#CC#Cc2ccccc2)cc1C=C')
[0.04229140281677246] Updated in round 8! max:(0.2653061224489796, 'C=Cc1ccccc1C#CC#Cc1ccc(C=C)c(C=C)c1')
[0.060453176498413086] Updated in round 9! max:(0.2857142857142857, 'C=Cc1ccccc1C#CC#Cc1ccc(C=C)c(C=C)c1C=C')
[0.08283138275146484] Updated in round 10! max:(0.3469387755102041, 'C=Cc1ccc(C#CC#Cc2ccccc2-c2ccccc2)c(C=C)c1C=C')
[0.12001943588256836] Updated in round 11! max:(0.40816326530612246, 'C=Cc1ccc(C#CC#Cc2ccccc2-c2ccccc2)c(-c2ccccc2)c1C=C')
[0.18036985397338867] Updated in round 12! max:(0.42857142857142855, 'C=Cc1ccccc1-c1c(C#CC#Cc2ccccc2-c2ccccc2)ccc(C=C)c1C=C')
[0.24134087562561035] Updated in round 13! max:(0.4489795918367347, 'C=Cc1cccc(-c2c(C#CC#Cc3ccccc3-c3ccccc3)ccc(C=C)c2C=C)c1C=C')
[0.3157010078430176] Updated in round 14! max:(0.46938775510204084, 'C#Cc1ccc(C=C)c(C=C)c1-c1c(C#CC#Cc2ccccc2-c2ccccc2)ccc(C=C)c1C=C')
[0.3863499164581299] Updated in round 15! max:(0.4897959183673469, 'C#Cc1ccc(C=C)c(C=C)c1-c1c(C#CC#Cc2ccccc2-c2cccc(C=C)c2)ccc(C=C)c1C=C')
[0.4718010425567627] Updated in round 16! max:(0.5102040816326531, 'C#Cc1ccc(C=C)c(C=C)c1-c1c(C#CC#Cc2ccccc2-c2cccc(C=C)c2C=C)ccc(C=C)c1C=C')
[0.5587759017944336] Updated in round 17! max:(0.5306122448979592, 'C#Cc1ccc(C=C)c(C=C)c1-c1c(C#CC#Cc2ccc(C=C)cc2-c2cccc(C=C)c2C=C)ccc(C=C)c1C=C')
[0.6714565753936768] Updated in round 18! max:(0.5510204081632653, 'C#Cc1ccc(C=C)c(C=C)c1-c1c(C#CC#Cc2ccc(C=C)c(C=C)c2-c2cccc(C=C)c2C=C)ccc(C=C)c1C=C')
[0.7837693691253662] Updated in round 19! max:(0.5714285714285714, 'C#Cc1ccc(C=C)c(C=C)c1-c1c(C#CC#Cc2ccc(C=C)c(C=C)c2-c2c(C#C)ccc(C=C)c2C=C)ccc(C=C)c1C=C')
[0.9030423164367676] Updated in round 20! max:(0.5918367346938775, 'C#CC#Cc1ccc(C=C)c(C=C)c1-c1c(C#CC#Cc2ccc(C=C)c(C=C)c2-c2c(C#C)ccc(C=C)c2C=C)ccc(C=C)c1C=C')
[1.0235364437103271] Updated in round 21! max:(0.673469387755102, 'C#Cc1ccc(C=C)c(C=C)c1-c1c(C#CC#Cc2ccc(C=C)c(C=C)c2-c2c(C#CC#Cc3ccccc3)ccc(C=C)c2C=C)ccc(C=C)c1C=C')
[1.199232816696167] Updated in round 22! max:(0.6938775510204082, 'C#Cc1ccc(C=C)c(C=C)c1-c1c(C#CC#Cc2ccc3ccccc3c2-c2c(C#CC#Cc3ccccc3)ccc(C=C)c2C=C)ccc(C=C)c1C=C')
[1.3797287940979004] Updated in round 23! max:(0.7142857142857143, 'C#Cc1ccc(C=C)c(C=C)c1-c1c(C#CC#Cc2ccc3ccccc3c2-c2c(C#CC#Cc3ccccc3)ccc3ccccc23)ccc(C=C)c1C=C')
[1.586578369140625] Updated in round 24! max:(0.7959183673469388, 'C#Cc1ccc(C=C)c(C=C)c1-c1c(C#CC#Cc2ccc3ccccc3c2-c2c(C#CC#Cc3ccccc3-c3ccccc3)ccc3ccccc23)ccc(C=C)c1C=C')
[1.862175464630127] Updated in round 25! max:(0.8163265306122449, 'C#Cc1ccc(C=C)c(C=C)c1-c1c(C#CC#Cc2ccc3ccccc3c2-c2c(C#CC#Cc3ccc(C=C)cc3-c3ccccc3)ccc3ccccc23)ccc(C=C)c1C=C')
[2.200298547744751] Updated in round 26! max:(0.8775510204081632, 'C#Cc1ccc(C=C)c(C=C)c1-c1c(C#CC#Cc2ccc3ccccc3c2-c2c(C#CC#Cc3ccc(C=C)cc3-c3cccc4ccccc34)ccc3ccccc23)ccc(C=C)c1C=C')
[2.613790512084961] Updated in round 27! max:(0.8979591836734694, 'C#Cc1ccc(C=C)c(C=C)c1-c1c(C#CC#Cc2ccc3ccccc3c2-c2c(C#CC#Cc3ccc(C=C)cc3-c3c(C#C)ccc4ccccc34)ccc3ccccc23)ccc(C=C)c1C=C')
[2.9875128269195557] Updated in round 28! max:(0.9183673469387755, 'C#Cc1ccc(C=C)c(C=C)c1-c1c(C#CC#Cc2ccc3ccccc3c2-c2c(C#CC#Cc3ccc(C=C)cc3-c3c(C#C)ccc4ccccc34)ccc3ccccc23)ccc2ccccc12')
[3.40095591545105] Updated in round 29! max:(0.9591836734693877, 'C#Cc1ccc(C=C)c(C=C)c1-c1c(C#CC#Cc2ccc3ccccc3c2-c2c(C#CC#Cc3ccc4ccccc4c3-c3c(C#C)ccc4ccccc34)ccc3ccccc23)ccc2ccccc12')
[3.8212404251098633] Updated in round 30! max:(0.9795918367346939, 'C=Cc1ccc2c(c1C=C)-c1c(ccc3ccccc13)C#CC#Cc1ccc3ccccc3c1-c1c(ccc3ccccc13)C#CC#Cc1ccc3ccccc3c1-c1c(ccc3ccccc13)C#CC#C2')
[4.499765396118164] Updated in round 31! max:(1.0, 'C1#Cc2ccc3ccccc3c2-c2c(ccc3ccccc23)C#CC#Cc2ccc3ccccc3c2-c2c(ccc3ccccc23)C#CC#Cc2ccc3ccccc3c2-c2c(ccc3ccccc23)C#C1')
[4.4997780323028564] Reproduced in round 31!!
