[6.365776062011719e-05] Start running HillClimbing from [H][H]...
[0.0006282329559326172] Updated in round 1! max:(0.08163265306122448, 'c1ccccc1')
[0.003779172897338867] Updated in round 2! max:(0.16326530612244897, 'c1ccc(-c2ccccc2)cc1')
[0.013000011444091797] Updated in round 3! max:(0.1836734693877551, 'C=Cc1cccc(-c2ccccc2)c1')
[0.024262189865112305] Updated in round 4! max:(0.20408163265306123, 'C=Cc1cccc(-c2cccc(C=C)c2)c1')
[0.03997945785522461] Updated in round 5! max:(0.22448979591836735, 'C#Cc1ccc(C=C)cc1-c1cccc(C=C)c1')
[0.05495429039001465] Updated in round 6! max:(0.2653061224489796, 'C#Cc1ccc2ccccc2c1-c1cccc(C=C)c1')
[0.07304239273071289] Updated in round 7! max:(0.2857142857142857, 'C#Cc1ccc2ccccc2c1-c1cccc(C=CC=C)c1')
[0.1046593189239502] Updated in round 8! max:(0.30612244897959184, 'C#Cc1ccc(C=CC=C)cc1-c1c(C#C)ccc2ccccc12')
[0.13174939155578613] Updated in round 9! max:(0.32653061224489793, 'C#CC#Cc1ccc(C=CC=C)cc1-c1c(C#C)ccc2ccccc12')
[0.16249370574951172] Updated in round 10! max:(0.3469387755102041, 'C#Cc1ccc2ccccc2c1-c1cc(C=CC=C)ccc1C#CC#CC=C')
[0.19806146621704102] Updated in round 11! max:(0.3673469387755102, 'C#Cc1ccc2ccccc2c1-c1cc(C=CC=C)ccc1C#CC#CC=CC=C')
[0.24010491371154785] Updated in round 12! max:(0.3877551020408163, 'C#Cc1ccc2ccccc2c1-c1c(C#CC#CC=CC=C)ccc2ccccc12')
[0.282268762588501] Updated in round 13! max:(0.4489795918367347, 'C#Cc1ccc2ccccc2c1-c1c(C#CC#Cc2ccccc2C=C)ccc2ccccc12')
[0.3466343879699707] Updated in round 14! max:(0.5306122448979592, 'C#Cc1ccc2ccccc2c1-c1c(C#CC#Cc2ccccc2C(=C)c2ccccc2)ccc2ccccc12')
[0.438157320022583] Updated in round 15! max:(0.5918367346938775, 'C#Cc1ccc2ccccc2c1-c1c(C#CC#Cc2ccc3ccccc3c2C(=C)c2ccccc2)ccc2ccccc12')
[0.5713763236999512] Updated in round 16! max:(0.6326530612244898, 'C#Cc1ccc2ccccc2c1-c1c(C#CC#Cc2ccc3ccccc3c2-c2cccc3ccccc23)ccc2ccccc12')
[0.7301788330078125] Updated in round 17! max:(0.6530612244897959, 'C#Cc1ccc2ccccc2c1-c1c(C#CC#Cc2ccc3ccccc3c2-c2c(C#C)ccc3ccccc23)ccc2ccccc12')
[0.90781569480896] Updated in round 18! max:(0.673469387755102, 'C#CC#Cc1ccc2ccccc2c1-c1c(C#CC#Cc2ccc3ccccc3c2-c2c(C#C)ccc3ccccc23)ccc2ccccc12')
[1.0769155025482178] Updated in round 19! max:(0.7551020408163265, 'C#Cc1ccc2ccccc2c1-c1c(C#CC#Cc2ccc3ccccc3c2-c2c(C#CC#Cc3ccccc3)ccc3ccccc23)ccc2ccccc12')
[1.2737109661102295] Updated in round 20! max:(0.7755102040816326, 'C#Cc1ccc2ccccc2c1-c1c(C#CC#Cc2ccc3ccccc3c2-c2c(C#CC#Cc3ccc(C=C)cc3)ccc3ccccc23)ccc2ccccc12')
[1.5425865650177002] Updated in round 21! max:(0.7959183673469388, 'C#CC#Cc1ccc2ccccc2c1-c1c(C#CC#Cc2ccc3ccccc3c2-c2c(C#CC#Cc3ccc(C=C)cc3)ccc3ccccc23)ccc2ccccc12')
[1.8191919326782227] Updated in round 22! max:(0.8163265306122449, 'C#CC#Cc1ccc2ccccc2c1-c1c(C#CC#Cc2ccc3ccccc3c2-c2c(C#CC#Cc3ccc(C=C)cc3C=C)ccc3ccccc23)ccc2ccccc12')
[2.08313250541687] Updated in round 23! max:(0.8367346938775511, 'C=Cc1ccc2c(c1)C=CC#CC#Cc1ccc3ccccc3c1-c1c(ccc3ccccc13)C#CC#Cc1ccc3ccccc3c1-c1c(ccc3ccccc13)C#CC#C2')
[2.4525363445281982] Updated in round 24! max:(0.8979591836734694, 'C=Cc1ccc2c(c1)-c1ccccc1C#CC#Cc1ccc3ccccc3c1-c1c(ccc3ccccc13)C#CC#Cc1ccc3ccccc3c1-c1c(ccc3ccccc13)C#CC#C2')
[2.938411235809326] Updated in round 25! max:(0.9183673469387755, 'C=CC=Cc1ccc2c(c1)-c1ccccc1C#CC#Cc1ccc3ccccc3c1-c1c(ccc3ccccc13)C#CC#Cc1ccc3ccccc3c1-c1c(ccc3ccccc13)C#CC#C2')
[3.492648124694824] Updated in round 26! max:(0.9795918367346939, 'C=CC=Cc1ccc2c(c1)-c1c(ccc3ccccc13)C#CC#Cc1ccc3ccccc3c1-c1c(ccc3ccccc13)C#CC#Cc1ccc3ccccc3c1-c1c(ccc3ccccc13)C#CC#C2')
[4.409566402435303] Updated in round 27! max:(1.0, 'C1#Cc2ccc3ccccc3c2-c2c(ccc3ccccc23)C#CC#Cc2ccc3ccccc3c2-c2c(ccc3ccccc23)C#CC#Cc2ccc3ccccc3c2-c2c(ccc3ccccc23)C#C1')
[4.409578800201416] Reproduced in round 27!!
