[3.647804260253906e-05] Start running HillClimbing from [H][H]...
[0.00043129920959472656] Updated in round 1! max:(0.04, 'C=C')
[0.0008275508880615234] Updated in round 2! max:(0.08, 'C=CC=C')
[0.0015599727630615234] Updated in round 3! max:(0.12, 'C=CC(=C)C=C')
[0.003819704055786133] Updated in round 4! max:(0.16, 'C=CC=CC(=C)C=C')
[0.0062296390533447266] Updated in round 5! max:(0.2, 'C=c1ccc(=C)cc1')
[0.008066654205322266] Updated in round 6! max:(0.24, 'C=CC=c1ccc(=C)cc1')
[0.011327266693115234] Updated in round 7! max:(0.28, 'C=CC=c1ccc(=CC=C)cc1')
[0.016058921813964844] Updated in round 8! max:(0.32, 'C=CC=CC=c1ccc(=CC=C)cc1')
[0.023525714874267578] Updated in round 9! max:(0.36, 'C=CC=c1ccc(=CC=CC(=C)C=C)cc1')
[0.03249478340148926] Updated in round 10! max:(0.4, 'C=CC(=C)C=CC=c1ccc(=C(C=C)C=C)cc1')
[0.044495582580566406] Updated in round 11! max:(0.44, 'C=CC=CC(C=C)=c1ccc(=CC=CC(=C)C=C)cc1')
[0.05939435958862305] Updated in round 12! max:(0.48, 'C=CC=CC(C=C)=c1ccc(=CC=CC(C=C)=CC=C)cc1')
[0.08388495445251465] Updated in round 13! max:(0.52, 'C=CC=C(C=C)C=CC=c1ccc(=c2ccc(=C)cc2)cc1')
[0.10465431213378906] Updated in round 14! max:(0.56, 'C=CC=c1ccc(=c2ccc(=c3ccc(=C)cc3)cc2)cc1')
[0.12620115280151367] Updated in round 15! max:(0.6, 'C=CC=CC=c1ccc(=c2ccc(=c3ccc(=C)cc3)cc2)cc1')
[0.15551519393920898] Updated in round 16! max:(0.64, 'C=CC=CC=CC=c1ccc(=c2ccc(=c3ccc(=C)cc3)cc2)cc1')
[0.19241118431091309] Updated in round 17! max:(0.68, 'C=CC(C=C)=CC=CC=c1ccc(=c2ccc(=c3ccc(=C)cc3)cc2)cc1')
[0.23899102210998535] Updated in round 18! max:(0.72, 'C=CC=c1ccc(=c2ccc(=c3ccc(=CC=CC=C(C=C)C=C)cc3)cc2)cc1')
[0.2918400764465332] Updated in round 19! max:(0.76, 'C=CC=c1ccc(=c2ccc(=c3ccc(=C(C=C)C=CC=C(C=C)C=C)cc3)cc2)cc1')
[0.3525354862213135] Updated in round 20! max:(0.8, 'C=CC=c1ccc(=c2ccc(=c3ccc(=c4ccc(=C(C=C)C=C)cc4)cc3)cc2)cc1')
[0.4172067642211914] Updated in round 21! max:(0.84, 'C=CC(C=C)=c1ccc(=c2ccc(=c3ccc(=c4ccc(=C(C=C)C=C)cc4)cc3)cc2)cc1')
[0.4891691207885742] Updated in round 22! max:(0.88, 'C=CC=CC(C=C)=c1ccc(=c2ccc(=c3ccc(=c4ccc(=C(C=C)C=C)cc4)cc3)cc2)cc1')
[0.5689868927001953] Updated in round 23! max:(0.92, 'C=CC(C=C)=c1ccc(=c2ccc(=c3ccc(=c4ccc(=c5ccc(=C)cc5)cc4)cc3)cc2)cc1')
[0.6690409183502197] Updated in round 24! max:(0.96, 'C=CC1=c2ccc(cc2)=c2ccc(cc2)=c2ccc(cc2)=c2ccc(cc2)=c2ccc(cc2)=CC=C1')
[0.8345277309417725] Updated in round 25! max:(1.0, 'c1cc2ccc1=c1ccc(cc1)=c1ccc(cc1)=c1ccc(cc1)=c1ccc(cc1)=c1ccc=2cc1')
[0.8345396518707275] Reproduced in round 25!!
