[5.555152893066406e-05] Start running HillClimbing from [H][H]...
[0.0342259407043457] Updated in round 1! max:(0.02702702702702703, 'C=C')
[0.03493857383728027] Updated in round 2! max:(0.05405405405405406, 'C=CC=C')
[0.03622579574584961] Updated in round 3! max:(0.08108108108108109, 'C=CC(=C)C=C')
[0.05958700180053711] Updated in round 4! max:(0.10810810810810811, 'C=CC=CC(=C)C=C')
[0.06275367736816406] Updated in round 5! max:(0.13513513513513514, 'C=CC=CC(C=C)=CC=C')
[0.0681145191192627] Updated in round 6! max:(0.16216216216216217, 'C=CC=CC(C=C)=CC(=C)C=C')
[0.15259766578674316] Updated in round 7! max:(0.1891891891891892, 'C=CC(=C)C=c1ccccc1=C')
[0.15970659255981445] Updated in round 8! max:(0.21621621621621623, 'C=CC=C(C=C)C=c1ccccc1=C')
[0.16861367225646973] Updated in round 9! max:(0.24324324324324326, 'C=CC=C(C=C)C=c1ccc(C=C)cc1=C')
[0.200639009475708] Updated in round 10! max:(0.2702702702702703, 'C=CC=c1cc2ccc(C=C)cc2cc1=C')
[0.21195292472839355] Updated in round 11! max:(0.2972972972972973, 'C=CC(=C)C=c1cc2ccc(C=C)cc2cc1=C')
[0.22776389122009277] Updated in round 12! max:(0.32432432432432434, 'C=CC(=C)C=c1cc2cc(C=C)c(C=C)cc2cc1=C')
[0.24897122383117676] Updated in round 13! max:(0.35135135135135137, 'C=CC=Cc1cc2cc(=CC(=C)C=C)c(=C)cc2cc1C=C')
[0.2728135585784912] Updated in round 14! max:(0.3783783783783784, 'C=CC=CC(=C)C=c1cc2cc(C=CC=C)c(C=C)cc2cc1=C')
[0.3488178253173828] Updated in round 15! max:(0.40540540540540543, 'C=CC=CC=Cc1cc2cc(=CC(=C)C=CC=C)c(=C)cc2cc1C=C')
[0.3845088481903076] Updated in round 16! max:(0.43243243243243246, 'C=CC=CC=Cc1cc2cc(=CC(=C)C=CC=C)c(=C)cc2cc1C=CC=C')
[0.42859911918640137] Updated in round 17! max:(0.4594594594594595, 'C=CC=CC(=C)C=c1cc2cc3cccc(C=C)ccccc3cc2cc1=C')
[0.4954841136932373] Updated in round 18! max:(0.4864864864864865, 'C=CC=CC(=CC=C)C=c1cc2cc3cccc(C=C)ccccc3cc2cc1=C')
[0.5800747871398926] Updated in round 19! max:(0.5135135135135135, 'C=CC=c1cc2cc3cc4ccccc(C=C)cccc4cc3cc2cc1=CC=C')
[0.6366176605224609] Updated in round 20! max:(0.5405405405405406, 'C=Cc1ccccc2cc3cc4cc5cc(=C)c(=C)cc5cc4cc3cc2ccc1')
[0.7046999931335449] Updated in round 21! max:(0.5675675675675675, 'C=CC=Cc1ccccc2cc3cc4cc5cc(=C)c(=C)cc5cc4cc3cc2ccc1')
[0.8178863525390625] Updated in round 22! max:(0.5945945945945946, 'C=CC=Cc1ccccc2cc3cc4cc5cc(=C)c(=CC=C)cc5cc4cc3cc2ccc1')
[0.9202828407287598] Updated in round 23! max:(0.6216216216216216, 'C=CC=c1cc2cc3cc4cc5cccc(C=C(C=C)C=C)ccccc5cc4cc3cc2cc1=C')
[1.0427565574645996] Updated in round 24! max:(0.6486486486486487, 'C=CC=c1cc2cc3cc4cc5cccc6cc(C=C)ccc6cccc5cc4cc3cc2cc1=C')
[1.1336212158203125] Updated in round 25! max:(0.6756756756756757, 'C=CC(=C)C=c1cc2cc3cc4cc5cccc6cc(C=C)ccc6cccc5cc4cc3cc2cc1=C')
[1.2378709316253662] Updated in round 26! max:(0.7027027027027027, 'C=CC(=C)C=c1cc2cc3cc4cc5cccc6cc(C=C)c(C=C)cc6cccc5cc4cc3cc2cc1=C')
[1.4211037158966064] Updated in round 27! max:(0.7297297297297297, 'C=CC(=C)C=c1cc2cc3cc4cc5cc6cc7cc(C=C)c(C=C)cc7cc6cc5cc4cc3cc2cc1=C')
[1.538961410522461] Updated in round 28! max:(0.7567567567567568, 'C=CC=Cc1cc2cc3cc4cc5cc6cc7cc(=C)c(=CC(=C)C=C)cc7cc6cc5cc4cc3cc2cc1C=C')
[1.6763911247253418] Updated in round 29! max:(0.7837837837837838, 'C=CC(=C)C=c1cc2cc3cc4cc5cc6cc7cc8ccc(C=C)cc8cc7cc6cc5cc4cc3cc2cc1=C')
[1.8422541618347168] Updated in round 30! max:(0.8108108108108109, 'C=CC=CC(=C)C=c1cc2cc3cc4cc5cc6cc7cc8ccc(C=C)cc8cc7cc6cc5cc4cc3cc2cc1=C')
[1.9932925701141357] Updated in round 31! max:(0.8378378378378378, 'C=CC=CC(=CC=C)C=c1cc2cc3cc4cc5cc6cc7cc8ccc(C=C)cc8cc7cc6cc5cc4cc3cc2cc1=C')
[2.1775405406951904] Updated in round 32! max:(0.8648648648648649, 'C=CC=CC(=CC=C)C=c1cc2cc3cc4cc5cc6cc7cc8ccc(C=CC=C)cc8cc7cc6cc5cc4cc3cc2cc1=C')
[2.4027347564697266] Updated in round 33! max:(0.8918918918918919, 'C=CC=CC(=CC=C)C=c1cc2cc3cc4cc5cc6cc7cc8cc9ccccc9cc8cc7cc6cc5cc4cc3cc2cc1=C')
[2.6502609252929688] Updated in round 34! max:(0.918918918918919, 'C=c1ccc(C=c2cc3cc4cc5cc6cc7cc8cc9cc%10ccccc%10cc9cc8cc7cc6cc5cc4cc3cc2=C)cc1=C')
[2.8937549591064453] Updated in round 35! max:(0.9459459459459459, 'C=c1cc2cc3cc4cc5cc6cc7cc8cc9cc%10cc%11ccccc%11cc%10cc9cc8cc7cc6cc5cc4cc3cc2cc1=C')
[3.1512091159820557] Updated in round 36! max:(0.972972972972973, 'C=c1cc2cc3cc4cc5cc6cc7cc8cc9cc%10cc%11ccc%12cc%11cc%10cc9cc8cc7cc6cc5cc4cc3cc2cc1=C%12')
[3.5602548122406006] Updated in round 37! max:(1.0, 'c1c2cc3cc4cc5cc6cc7cc8cc9cc%10cc%11cc%12cc1c1cc2cc3cc4cc5cc6cc7cc8cc9cc%10cc%11cc%12c1')
[3.5602664947509766] Reproduced in round 37!!
