[5.984306335449219e-05] Start running HillClimbing from [H][H]...
[0.00048089027404785156] Updated in round 1! max:(0.02040816326530612, 'C#C')
[0.0009810924530029297] Updated in round 2! max:(0.04081632653061224, 'C#CC=C')
[0.0016880035400390625] Updated in round 3! max:(0.061224489795918366, 'C#CC=CC=C')
[0.0029087066650390625] Updated in round 4! max:(0.08163265306122448, 'C#CC=CC=CC#C')
[0.0045566558837890625] Updated in round 5! max:(0.10204081632653061, 'C#CC=CC(C=C)=CC#C')
[0.006886005401611328] Updated in round 6! max:(0.12244897959183673, 'C#CC=CC(=CC#C)C(=C)C=C')
[0.009952545166015625] Updated in round 7! max:(0.14285714285714285, 'C#CC=C(C=C(C#C)C=C)C(=C)C=C')
[0.014313936233520508] Updated in round 8! max:(0.16326530612244897, 'C#CC(C=C)=CC(C(=C)C=C)=C(C#C)C=C')
[0.020336627960205078] Updated in round 9! max:(0.1836734693877551, 'C#CC(C=C)=Cc1c(C#C)ccc(=C)c1=C')
[0.025677919387817383] Updated in round 10! max:(0.20408163265306123, 'C#CC#CC(C=C)=Cc1c(C#C)ccc(=C)c1=C')
[0.032166242599487305] Updated in round 11! max:(0.22448979591836735, 'C#CC#CC(C=C)=Cc1c(C#CC#C)ccc(=C)c1=C')
[0.038350820541381836] Updated in round 12! max:(0.24489795918367346, 'C#CC#Cc1ccc(=C)c(=C)c1C=C(C#CC#CC=C)C=C')
[0.04581809043884277] Updated in round 13! max:(0.2653061224489796, 'C#CC#Cc1ccc(=C)c(=C)c1C=C(C#CC#CC=C)C=CC=C')
[0.0583193302154541] Updated in round 14! max:(0.2857142857142857, 'C#CC#Cc1ccc(=C)c(=C)c1C=C(C#CC#CC(=C)C=C)C=CC=C')
[0.07428097724914551] Updated in round 15! max:(0.30612244897959184, 'C#CC#Cc1ccc(=C)c(=C)c1C=C(C#CC#CC(C=C)=CC=C)C=CC=C')
[0.09282207489013672] Updated in round 16! max:(0.32653061224489793, 'C#CC#Cc1ccc(=C)c(=C)c1C(C=C)=C(C#CC#CC(C=C)=CC=C)C=CC=C')
[0.11646342277526855] Updated in round 17! max:(0.3469387755102041, 'C#CC#Cc1ccc(=C)c(=C)c1C(C=C)=C(C#CC#CC(C=C)=CC=C)C=CC=CC=C')
[0.1471421718597412] Updated in round 18! max:(0.3673469387755102, 'C#CC#Cc1ccc(=C)c(=CC=C)c1C(C=C)=C(C#CC#CC(C=C)=CC=C)C=CC=CC=C')
[0.18281769752502441] Updated in round 19! max:(0.3877551020408163, 'C#CC#Cc1ccc(=C)c(=CC=C)c1C(C=C)=C(C#CC#CC(C=CC=C)=CC=C)C=CC=CC=C')
[0.23526763916015625] Updated in round 20! max:(0.40816326530612246, 'C#CC#Cc1ccc(=C)c(=CC=C)c1C(C=C)=C(C#CC#CC(C=CC=CC=C)=CC=C)C=CC=CC=C')
[0.29737424850463867] Updated in round 21! max:(0.42857142857142855, 'C#CC#Cc1ccc(=C)c(=CC=C)c1-c1c(C#CC#CC(C=CC=CC=C)=CC=C)ccc(=CC=C)c1=C')
[0.3507513999938965] Updated in round 22! max:(0.4489795918367347, 'C#CC#Cc1ccc(=C)c(=CC=C)c1-c1c(C#CC#Cc2cccc(C=C)c2C=C)ccc(=CC=C)c1=C')
[0.40383434295654297] Updated in round 23! max:(0.46938775510204084, 'C#CC#Cc1ccc2ccccc2c1-c1c(C#CC#Cc2cccc(C=C)c2C=C)ccc(=CC=C)c1=C')
[0.45168590545654297] Updated in round 24! max:(0.4897959183673469, 'C#CC#Cc1ccc2ccccc2c1-c1c(C#CC#Cc2cccc(C=C)c2C=CC#C)ccc(=CC=C)c1=C')
[0.5104775428771973] Updated in round 25! max:(0.5102040816326531, 'C#CC#Cc1ccc2ccccc2c1-c1c(C#CC#Cc2cccc(C=C)c2C=CC#C)ccc2ccccc12')
[0.5746781826019287] Updated in round 26! max:(0.5306122448979592, 'C#CC#Cc1ccc2ccccc2c1-c1c(C#CC#Cc2cccc(C=C)c2C(C=C)=CC#C)ccc2ccccc12')
[0.6395516395568848] Updated in round 27! max:(0.5510204081632653, 'C#CC=C(C=C)c1c(C#CC#Cc2ccc3ccccc3c2-c2c(C#CC#CC=C)ccc3ccccc23)cccc1C=C')
[0.7155671119689941] Updated in round 28! max:(0.5714285714285714, 'C#CC#CC=C(C=C)c1c(C#CC#Cc2ccc3ccccc3c2-c2c(C#CC#CC=C)ccc3ccccc23)cccc1C=C')
[0.7916593551635742] Updated in round 29! max:(0.5918367346938775, 'C#CC#CC(C=C)=C(C=C)c1c(C#CC#Cc2ccc3ccccc3c2-c2c(C#CC#CC=C)ccc3ccccc23)cccc1C=C')
[0.8763983249664307] Updated in round 30! max:(0.6122448979591837, 'C#CC#CC(C=C)=C(C=CC=C)c1c(C#CC#Cc2ccc3ccccc3c2-c2c(C#CC#CC=C)ccc3ccccc23)cccc1C=C')
[0.9869339466094971] Updated in round 31! max:(0.6326530612244898, 'C#CC#CC(C=C)=C(C=CC=C)c1c(C#CC#Cc2ccc3ccccc3c2-c2c(C#CC#CC=C)ccc3ccccc23)ccc(C=C)c1C=C')
[1.106675386428833] Updated in round 32! max:(0.6530612244897959, 'C=CC#CC#CC(C=C)=C(C=CC=C)c1c(C#CC#Cc2ccc3ccccc3c2-c2c(C#CC#CC=C)ccc3ccccc23)ccc(C=C)c1C=C')
[1.2323250770568848] Updated in round 33! max:(0.673469387755102, 'C=CC#CC#CC(C=C)=C(C=CC=C)c1c(C#CC#Cc2ccc3ccccc3c2-c2c(C#CC#CC=CC=C)ccc3ccccc23)ccc(C=C)c1C=C')
[1.379162311553955] Updated in round 34! max:(0.6938775510204082, 'C=CC#CC#CC(C=C)=C(C(C=C)=CC=C)c1c(C#CC#Cc2ccc3ccccc3c2-c2c(C#CC#CC=CC=C)ccc3ccccc23)ccc(C=C)c1C=C')
[1.5603628158569336] Updated in round 35! max:(0.7142857142857143, 'C=CC#CC#CC(C=C)=C(C(C=C)=CC=C)c1c(C#CC#Cc2ccc3ccccc3c2-c2c(C#CC#CC=CC=CC=C)ccc3ccccc23)ccc(C=C)c1C=C')
[1.7462708950042725] Updated in round 36! max:(0.7346938775510204, 'C=CC=C1C=CC#CC#Cc2ccc3ccccc3c2-c2c(ccc3ccccc23)C#CC#Cc2ccc(C=C)c(C=C)c2C(C(C=C)=CC=C)=C(C=C)C#CC#CC1=C')
[1.9553074836730957] Updated in round 37! max:(0.7551020408163265, 'C=CC=C1C=C(C=C)C#CC#Cc2ccc3ccccc3c2-c2c(ccc3ccccc23)C#CC#Cc2ccc(C=C)c(C=C)c2C(C(C=C)=CC=C)=C(C=C)C#CC#CC1=C')
[2.261178731918335] Updated in round 38! max:(0.7755102040816326, 'C=CC=C1C=C(C=C)C#CC#Cc2ccc3ccccc3c2-c2c(ccc3ccccc23)C#CC#Cc2ccc(C=C)c(C=C)c2-c2c(ccc(C=C)c2C=C)C#CC#CC1=C')
[2.532282829284668] Updated in round 39! max:(0.7959183673469388, 'C=CC1=Cc2ccccc2C#CC#Cc2ccc(C=C)c(C=C)c2-c2c(ccc(C=C)c2C=C)C#CC#Cc2ccc3ccccc3c2-c2c(ccc3ccccc23)C#CC#C1')
[2.767495632171631] Updated in round 40! max:(0.8163265306122449, 'C=CC1=Cc2c(cccc2C=C)C#CC#Cc2ccc(C=C)c(C=C)c2-c2c(ccc(C=C)c2C=C)C#CC#Cc2ccc3ccccc3c2-c2c(ccc3ccccc23)C#CC#C1')
[3.0427870750427246] Updated in round 41! max:(0.8367346938775511, 'C=CC1=C(C=C)c2c(cccc2C=C)C#CC#Cc2ccc(C=C)c(C=C)c2-c2c(ccc(C=C)c2C=C)C#CC#Cc2ccc3ccccc3c2-c2c(ccc3ccccc23)C#CC#C1')
[3.3833346366882324] Updated in round 42! max:(0.8571428571428571, 'C=CC=CC1=C(C=C)c2c(cccc2C=C)C#CC#Cc2ccc(C=C)c(C=C)c2-c2c(ccc(C=C)c2C=C)C#CC#Cc2ccc3ccccc3c2-c2c(ccc3ccccc23)C#CC#C1')
[3.8310599327087402] Updated in round 43! max:(0.8775510204081632, 'C=CC=CC1=C(C=C)c2c(cccc2C=CC=C)C#CC#Cc2ccc(C=C)c(C=C)c2-c2c(ccc(C=C)c2C=C)C#CC#Cc2ccc3ccccc3c2-c2c(ccc3ccccc23)C#CC#C1')
[4.18470573425293] Updated in round 44! max:(0.8979591836734694, 'C=CC=CC=CC1=C(C=C)c2c(cccc2C=CC=C)C#CC#Cc2ccc(C=C)c(C=C)c2-c2c(ccc(C=C)c2C=C)C#CC#Cc2ccc3ccccc3c2-c2c(ccc3ccccc23)C#CC#C1')
[4.718559265136719] Updated in round 45! max:(0.9183673469387755, 'C=CC=Cc1cccc2c1-c1ccccccccc1C#CC#Cc1ccc3ccccc3c1-c1c(ccc3ccccc13)C#CC#Cc1ccc(C=C)c(C=C)c1-c1c(ccc(C=C)c1C=C)C#CC#C2')
[5.420029163360596] Updated in round 46! max:(0.9387755102040817, 'C=Cc1ccc2c(c1C=C)-c1c(ccc(C=C)c1C=C)C#CC#Cc1ccc3ccccc3c1-c1c(ccc3ccccc13)C#CC#Cc1ccccccccc1-c1c(ccc3ccccc13)C#CC#C2')
[6.0589072704315186] Updated in round 47! max:(0.9591836734693877, 'C=Cc1ccc2c(c1C=C)-c1c(ccc3ccccc13)C#CC#Cc1ccc3ccccc3c1-c1c(ccc3ccccc13)C#CC#Cc1ccccccccc1-c1c(ccc3ccccc13)C#CC#C2')
[6.6189284324646] Updated in round 48! max:(0.9795918367346939, 'C1#Cc2ccccccccc2-c2c(ccc3ccccc23)C#CC#Cc2ccc3ccccc3c2-c2c(ccc3ccccc23)C#CC#Cc2ccc3ccccc3c2-c2c(ccc3ccccc23)C#C1')
[7.24619460105896] Updated in round 49! max:(1.0, 'C1#Cc2ccc3ccccc3c2-c2c(ccc3ccccc23)C#CC#Cc2ccc3ccccc3c2-c2c(ccc3ccccc23)C#CC#Cc2ccc3ccccc3c2-c2c(ccc3ccccc23)C#C1')
[7.246206045150757] Reproduced in round 49!!
