[7.176399230957031e-05] Start running HillClimbing from [H][H]...
[0.0005681514739990234] Updated in round 1! max:(0.02040816326530612, 'C=C')
[0.0011148452758789062] Updated in round 2! max:(0.04081632653061224, 'C=CC=C')
[0.002215862274169922] Updated in round 3! max:(0.061224489795918366, 'C=CC=CC=C')
[0.003716707229614258] Updated in round 4! max:(0.08163265306122448, 'C=CC=CC=CC=C')
[0.006047487258911133] Updated in round 5! max:(0.10204081632653061, 'C=CC=CC=C(C=C)C=C')
[0.009135961532592773] Updated in round 6! max:(0.12244897959183673, 'C=CC=C(C=C)C=C(C=C)C=C')
[0.013864278793334961] Updated in round 7! max:(0.14285714285714285, 'C=CC(C=C)=Cc1ccccc1')
[0.02008199691772461] Updated in round 8! max:(0.16326530612244897, 'C=Cc1ccc2ccccc2c1')
[0.024909019470214844] Updated in round 9! max:(0.1836734693877551, 'C=Cc1ccc2ccccc2c1C=C')
[0.03620600700378418] Updated in round 10! max:(0.20408163265306123, 'C=Cc1ccc2ccc(C=C)c(C=C)c2c1')
[0.044881343841552734] Updated in round 11! max:(0.22448979591836735, 'C=CC=Cc1ccc2ccc(C=C)c(C=C)c2c1')
[0.06264638900756836] Updated in round 12! max:(0.24489795918367346, 'C=CC=Cc1ccc2ccc3ccccc3c2c1')
[0.07851314544677734] Updated in round 13! max:(0.2653061224489796, 'c1ccc2c(c1)ccc1ccc3ccccc3c12')
[0.09920263290405273] Updated in round 14! max:(0.2857142857142857, 'C=Cc1cccc2ccc3ccc4ccccc4c3c12')
[0.11397123336791992] Updated in round 15! max:(0.30612244897959184, 'C=Cc1cccc2ccc3ccc4cccc(C=C)c4c3c12')
[0.13582611083984375] Updated in round 16! max:(0.32653061224489793, 'C=Cc1ccc2ccc3ccc4cccc(C=C)c4c3c2c1C=C')
[0.16054272651672363] Updated in round 17! max:(0.3469387755102041, 'C=CC=Cc1cccc2ccc3ccc4ccc(C=C)c(C=C)c4c3c12')
[0.20875310897827148] Updated in round 18! max:(0.3673469387755102, 'C=CC=Cc1cccc2ccc3ccc4ccc(C=C)c(C(=C)C=C)c4c3c12')
[0.24989867210388184] Updated in round 19! max:(0.3877551020408163, 'C=CC=C(C=C)c1cccc2ccc3ccc4ccc(C=C)c(C(=C)C=C)c4c3c12')
[0.3131444454193115] Updated in round 20! max:(0.40816326530612246, 'C=CC=C(C=C)c1cccc2ccc3ccc4ccc(C=C)c(C(=C)C(=C)C=C)c4c3c12')
[0.3776891231536865] Updated in round 21! max:(0.42857142857142855, 'C=CC(=C)C(=C)c1c(C=C)ccc2ccc3ccc4cccc(C(C=C)=C(C=C)C=C)c4c3c12')
[0.48294949531555176] Updated in round 22! max:(0.4489795918367347, 'C=CC=CC(C=C)=C(C=C)c1cccc2ccc3ccc4ccc(C=C)c(C(=C)C(=C)C=C)c4c3c12')
[0.5717027187347412] Updated in round 23! max:(0.46938775510204084, 'C=CC(=C)C(=C)c1c(C=C)ccc2ccc3ccc4cccc(C(C=C)=C(C=C)C=C(C=C)C=C)c4c3c12')
[0.7674458026885986] Updated in round 24! max:(0.4897959183673469, 'C=CC=C(C(=C)C=C)c1c(C=C)ccc2ccc3ccc4cccc(C(C=C)=C(C=C)C=C(C=C)C=C)c4c3c12')
[0.974501371383667] Updated in round 25! max:(0.5102040816326531, 'C=CC(=C)c1c(C=C)ccc2ccc3ccc4ccc5cccc(C(C=C)=C(C=C)C=C(C=C)C=C)c5c4c3c12')
[1.1833715438842773] Updated in round 26! max:(0.5306122448979592, 'C=CC(C=C)=CC(C=C)=C(C=C)c1cccc2ccc3ccc4ccc5ccc6ccc(=C)c(=C)c6c5c4c3c12')
[1.3430430889129639] Updated in round 27! max:(0.5510204081632653, 'C=CC(=C)C(C=C)=CC(C=C)=C(C=C)c1cccc2ccc3ccc4ccc5ccc6ccc(=C)c(=C)c6c5c4c3c12')
[1.4548377990722656] Updated in round 28! max:(0.5714285714285714, 'C=CC=CC(=CC(C=C)=C(C=C)c1cccc2ccc3ccc4ccc5ccc6ccc(=C)c(=C)c6c5c4c3c12)C(=C)C=C')
[1.6002378463745117] Updated in round 29! max:(0.5918367346938775, 'C=CC=CC(=CC(C=C)=C(C=C)c1cccc2ccc3ccc4ccc5ccc6ccc(=CC=C)c(=C)c6c5c4c3c12)C(=C)C=C')
[1.7736577987670898] Updated in round 30! max:(0.6122448979591837, 'C=CC=c1ccc2ccc3ccc4ccc5ccc6cccc(C(C=C)=C(C=C)C=C(C=C(C=C)C=C)C(=C)C=C)c6c5c4c3c2c1=C')
[1.9338836669921875] Updated in round 31! max:(0.6326530612244898, 'C=CC=CC=c1ccc2ccc3ccc4ccc5ccc6cccc(C(C=C)=C(C=C)C=C(C=C(C=C)C=C)C(=C)C=C)c6c5c4c3c2c1=C')
[2.1894071102142334] Updated in round 32! max:(0.6530612244897959, 'C=CC=CC=c1ccc2ccc3ccc4ccc5ccc6cccc(C(C=C)=C(C=C)C=C(C(=C)C=C)C(C=C)=C(C=C)C=C)c6c5c4c3c2c1=C')
[2.416876792907715] Updated in round 33! max:(0.673469387755102, 'C=CC=CC=c1ccc2ccc3ccc4ccc5ccc6cccc(C(C=C)=C(C=C)C=C(C(=C)C=C)C(C=C)=C(C=C)C=CC=C)c6c5c4c3c2c1=C')
[3.0949621200561523] Updated in round 34! max:(0.6938775510204082, 'C=CC=CC=c1ccc2ccc3ccc4ccc5ccc6cccc(C(C=C)=C(C=C(C(=C)C=C)C(C=C)=C(C=C)C=CC=C)C(=C)C=C)c6c5c4c3c2c1=C')
[3.337952136993408] Updated in round 35! max:(0.7142857142857143, 'C=CC=CC=c1ccc2ccc3ccc4ccc5ccc6cccc(C(C=C)=C(C=c7c(=C)ccc(=C)c7=C(C=C)C=CC=C)C(=C)C=C)c6c5c4c3c2c1=C')
[3.5695395469665527] Updated in round 36! max:(0.7346938775510204, 'C=CC=CC=c1ccc2ccc3ccc4ccc5ccc6cccc(C(C=C)=C(C=c7c(=C)ccc(=C)c7=C(C=C)C=CC=C)C(=C)C=C)c6c5c4c3c2c1=CC=C')
[3.8987250328063965] Updated in round 37! max:(0.7551020408163265, 'C=CC=CC=c1ccc2ccc3ccc4ccc5ccc6ccc(C=C)c(C(C=C)=C(C=c7c(=C)ccc(=C)c7=C(C=C)C=CC=C)C(=C)C=C)c6c5c4c3c2c1=CC=C')
[4.400076866149902] Updated in round 38! max:(0.7755102040816326, 'C=CC=CC=c1ccc2ccc3ccc4ccc5ccc6ccc7ccc(=C)c(=C(C=c8c(=C)ccc(=C)c8=C(C=C)C=CC=C)C(=C)C=C)c7c6c5c4c3c2c1=CC=C')
[4.677372932434082] Updated in round 39! max:(0.7959183673469388, 'C=CC=CC(C=C)=c1c(=C)ccc(=C)c1=CC(C(=C)C=C)=c1c(=C)ccc2ccc3ccc4ccc5ccc6ccc7ccc8ccccccccc8c7c6c5c4c3c12')
[5.144904375076294] Updated in round 40! max:(0.8163265306122449, 'C=CC=C(C=C)C(C=C)=c1c(=C)ccc(=C)c1=CC(C(=C)C=C)=c1c(=C)ccc2ccc3ccc4ccc5ccc6ccc7ccc8ccccccccc8c7c6c5c4c3c12')
[5.59738564491272] Updated in round 41! max:(0.8367346938775511, 'C=CC(=C)C(C=c1c(=C)ccc(=C)c1=c1c(C=C)cccc1=C)=c1c(=C)ccc2ccc3ccc4ccc5ccc6ccc7ccc8ccccccccc8c7c6c5c4c3c12')
[5.990764379501343] Updated in round 42! max:(0.8571428571428571, 'C=Cc1ccc2ccc3ccc4ccc5ccc6ccc7ccc8ccc9ccccccccc9c8c7c6c5c4c3c2c1C=c1c(=C)ccc(=C)c1=c1c(C=C)cccc1=C')
[7.054409503936768] Updated in round 43! max:(0.8775510204081632, 'C=CC=Cc1cccc(=C)c1=c1c(=C)ccc(=C)c1=Cc1c(C=C)ccc2ccc3ccc4ccc5ccc6ccc7ccc8ccc9ccccccccc9c8c7c6c5c4c3c12')
[7.932076454162598] Updated in round 44! max:(0.8979591836734694, 'C=Cc1ccc2ccc3ccc4ccc5ccc6ccc7ccc8ccc9ccccccccc9c8c7c6c5c4c3c2c1C=c1c(=C)ccc(=C)c1=c1c(=C)ccc2ccccc12')
[9.535157680511475] Updated in round 45! max:(0.9183673469387755, 'C=Cc1ccc2ccc3ccc4ccc5ccc6ccc7ccc8ccc9ccc%10ccccc%10c9c8c7c6c5c4c3c2c1C=c1c(=C)ccc(=C)c1=c1c(=C)ccc2ccccc12')
[10.189675331115723] Updated in round 46! max:(0.9387755102040817, 'C=CC=Cc1ccc2ccc3ccc4ccc5ccc6ccc7ccc8ccc9ccc%10ccccc%10c9c8c7c6c5c4c3c2c1C=c1c(=C)ccc(=C)c1=c1c(=C)ccc2ccccc12')
[13.079001903533936] Updated in round 47! max:(0.9591836734693877, 'C=CC=Cc1ccc2ccc3ccc4ccc5ccc6ccc7ccc8ccc9ccc%10ccccc%10c9c8c7c6c5c4c3c2c1C=c1c(=C)ccc2ccc3ccc4ccccc4c3c12')
[14.153819561004639] Updated in round 48! max:(0.9795918367346939, 'C=c1ccc2ccc3ccc4ccccc4c3c2c1=c1c(=C)ccc2ccc3ccc4ccc5ccc6ccc7ccc8ccc9ccc%10ccc%11ccccc%11c%10c9c8c7c6c5c4c3c12')
[15.445342063903809] Updated in round 49! max:(1.0, 'c1ccc2c(c1)ccc1ccc3ccc4ccc5ccc6ccc7ccc8ccc9ccc%10ccc%11ccc%12ccc%13ccc%14ccc%15ccccc%15c%14c%13c%12c%11c%10c9c8c7c6c5c4c3c12')
[15.445354223251343] Reproduced in round 49!!
