[3.314018249511719e-05] Start running HillClimbing from [H][H]...
[0.0004057884216308594] Updated in round 1! max:(0.045454545454545456, 'C=C')
[0.0007777214050292969] Updated in round 2! max:(0.09090909090909091, 'C=CC=C')
[0.0015442371368408203] Updated in round 3! max:(0.13636363636363635, 'C=CC=CC=C')
[0.002747774124145508] Updated in round 4! max:(0.18181818181818182, 'c1ccccc1')
[0.003936767578125] Updated in round 5! max:(0.22727272727272727, 'C=Cc1ccccc1')
[0.006006002426147461] Updated in round 6! max:(0.2727272727272727, 'C=CC(=C)c1ccccc1')
[0.009293317794799805] Updated in round 7! max:(0.3181818181818182, 'C=CC=C(C=C)c1ccccc1')
[0.014249086380004883] Updated in round 8! max:(0.36363636363636365, 'C=CC=C(C=C)c1ccccc1C=C')
[0.02108025550842285] Updated in round 9! max:(0.4090909090909091, 'C=CC(C=C)=C(C=C)c1ccccc1C=C')
[0.029917001724243164] Updated in round 10! max:(0.45454545454545453, 'C=CC(C=C)=C(C=C)c1cccc(C=C)c1C=C')
[0.039781808853149414] Updated in round 11! max:(0.5, 'C=CC(=C)C(C=C)=C(C=C)c1cccc(C=C)c1C=C')
[0.05131268501281738] Updated in round 12! max:(0.5454545454545454, 'C=CC(=C)C(C=C)=C(C=C)c1cccc(C=C)c1C(=C)C=C')
[0.07139778137207031] Updated in round 13! max:(0.5909090909090909, 'C=CC(=C)C(C=C)=C(C=C)c1c(C=C)ccc(C=C)c1C(=C)C=C')
[0.09769248962402344] Updated in round 14! max:(0.6363636363636364, 'C=CC(=C)C(C=C)=c1c(=C)ccc2ccc(C=C)c(C(=C)C=C)c12')
[0.12425899505615234] Updated in round 15! max:(0.6818181818181818, 'C=CC(=C)C(C=C)=c1c(=C)ccc2ccc3ccc(=C)c(=C)c3c12')
[0.14572477340698242] Updated in round 16! max:(0.7272727272727273, 'C=CC=CC(C(=C)C=C)=c1c(=C)ccc2ccc3ccc(=C)c(=C)c3c12')
[0.17110061645507812] Updated in round 17! max:(0.7727272727272727, 'C=CC=C1C=c2c(=C)ccc3ccc4ccc(=C)c(c4c23)=C1C(=C)C=C')
[0.19621920585632324] Updated in round 18! max:(0.8181818181818182, 'C=Cc1ccc(=C)c2c1C=c1c(=C)ccc3ccc4ccc(=C)c=2c4c13')
[0.23114752769470215] Updated in round 19! max:(0.8636363636363636, 'C=Cc1ccc2ccc3ccc4ccc5ccc(=C)c6c5c4c3c2c1C=6')
[0.25913190841674805] Updated in round 20! max:(0.9090909090909091, 'C=CC=c1ccc2ccc3ccc4ccc5ccc(C=C)c6c5c4c3c2c1=C6')
[0.29517126083374023] Updated in round 21! max:(0.9545454545454546, 'c1ccc2ccc3ccc4ccc5ccc6ccc(cc1)c1cc2c3c4c5c61')
[0.3404068946838379] Updated in round 22! max:(1.0, 'c1cc2ccc3ccc4ccc5ccc6ccc7ccc1c1c2c3c4c5c6c71')
[0.34041810035705566] Reproduced in round 22!!
