[4.9591064453125e-05] Start running HillClimbing from [H][H]...
[0.00039124488830566406] Updated in round 1! max:(0.02702702702702703, 'C=C')
[0.0008463859558105469] Updated in round 2! max:(0.05405405405405406, 'C=CC=C')
[0.0017642974853515625] Updated in round 3! max:(0.08108108108108109, 'C=CC(=C)C=C')
[0.003111124038696289] Updated in round 4! max:(0.10810810810810811, 'C=CC=C(C=C)C=C')
[0.005778312683105469] Updated in round 5! max:(0.13513513513513514, 'C=CC(=C)C=C(C=C)C=C')
[0.008309125900268555] Updated in round 6! max:(0.16216216216216217, 'C=CC=CC(=C)C=C(C=C)C=C')
[0.012990474700927734] Updated in round 7! max:(0.1891891891891892, 'C=CC(C=C)=Cc1ccccc1')
[0.01800704002380371] Updated in round 8! max:(0.21621621621621623, 'C=CC=CC(C=C)=Cc1ccccc1')
[0.027591228485107422] Updated in round 9! max:(0.24324324324324326, 'C=CC=C(C=C)C(C=C)=Cc1ccccc1')
[0.039005279541015625] Updated in round 10! max:(0.2702702702702703, 'C=CC(=C)C=C(C=C)C(C=C)=Cc1ccccc1')
[0.051657915115356445] Updated in round 11! max:(0.2972972972972973, 'C=CC(=C)C=C(C=C)C(=Cc1ccccc1)C(=C)C=C')
[0.06621932983398438] Updated in round 12! max:(0.32432432432432434, 'C=CC=C(C=C)C=C(C=C)C(=Cc1ccccc1)C(=C)C=C')
[0.09066414833068848] Updated in round 13! max:(0.35135135135135137, 'C=CC=CC(=CC(C=C)=CC=C)C(=Cc1ccccc1)C(=C)C=C')
[0.11635851860046387] Updated in round 14! max:(0.3783783783783784, 'C=CC=CC(=CC(C=C)=C(C=C)C=C)C(=Cc1ccccc1)C(=C)C=C')
[0.14351582527160645] Updated in round 15! max:(0.40540540540540543, 'C=CC=CC(=CC(C=CC=C)=C(C=C)C=C)C(=Cc1ccccc1)C(=C)C=C')
[0.18081021308898926] Updated in round 16! max:(0.43243243243243246, 'C=CC=CC(C=c1c(=CC=C)ccc(=C)c1=Cc1ccccc1)=C(C=C)C=C')
[0.21910500526428223] Updated in round 17! max:(0.4594594594594595, 'C=CC=C(C=C)C(C=c1c(=CC=C)ccc(=C)c1=Cc1ccccc1)=C(C=C)C=C')
[0.2582547664642334] Updated in round 18! max:(0.4864864864864865, 'C=CC=c1ccc(=C)c(=Cc2ccccc2)c1=CC(=C(C=C)C=C)c1ccccc1')
[0.3036642074584961] Updated in round 19! max:(0.5135135135135135, 'C=CC=c1ccc(=CC=C)c(=Cc2ccccc2)c1=CC(=C(C=C)C=C)c1ccccc1')
[0.3629019260406494] Updated in round 20! max:(0.5405405405405406, 'C=CC=CC=c1ccc(=CC=C)c(=CC(=C(C=C)C=C)c2ccccc2)c1=Cc1ccccc1')
[0.43641209602355957] Updated in round 21! max:(0.5675675675675675, 'C=CC=CC=c1ccc(=CC=C)c(=Cc2c(C=C)ccc3ccccc23)c1=Cc1ccccc1')
[0.5519454479217529] Updated in round 22! max:(0.5945945945945946, 'C=CC=c1ccc2cccccc3ccccc3cc2c1=Cc1c(C=C)ccc2ccccc12')
[0.6464276313781738] Updated in round 23! max:(0.6216216216216216, 'C=CC=c1ccc2cccccc3c(C=C)cccc3cc2c1=Cc1c(C=C)ccc2ccccc12')
[0.7294983863830566] Updated in round 24! max:(0.6486486486486487, 'C=Cc1ccc2ccccc2c1-c1cccc2ccc3cccccc4c(C=C)cccc4cc3c12')
[0.8176095485687256] Updated in round 25! max:(0.6756756756756757, 'C=Cc1ccc2cc3c(cccccc2c1C=C)ccc1cccc(-c2c(C=C)ccc4ccccc24)c13')
[0.9357833862304688] Updated in round 26! max:(0.7027027027027027, 'C=Cc1ccc2ccccc2c1-c1cccc2ccc3ccc4ccc5c(C=C)c(C=C)ccc5c4c3c12')
[1.0674526691436768] Updated in round 27! max:(0.7297297297297297, 'C=Cc1ccc2c(-c3cccc4ccc5ccc6ccc7c(C=C)c(C=C)ccc7c6c5c34)c(C=C)ccc2c1')
[1.2727582454681396] Updated in round 28! max:(0.7567567567567568, 'C=CC=Cc1ccc2c(-c3cccc4ccc5ccc6ccc7c(C=C)c(C=C)ccc7c6c5c34)c(C=C)ccc2c1')
[1.4537551403045654] Updated in round 29! max:(0.7837837837837838, 'C=CC=Cc1ccc2c(-c3cccc4ccc5ccc6ccc7c(C=CC=C)c(C=C)ccc7c6c5c34)c(C=C)ccc2c1')
[1.6028902530670166] Updated in round 30! max:(0.8108108108108109, 'C=CC=Cc1ccc2c(ccc3ccc4ccc5ccc6ccc7ccc8c(C=CC=C)c(C=C)ccc8c7c6c5c4c32)c1')
[1.7441127300262451] Updated in round 31! max:(0.8378378378378378, 'C=CC=Cc1ccc2c(ccc3ccc4ccc5ccc6ccc7ccc8c(C=CC=C)c(C=CC=C)ccc8c7c6c5c4c32)c1')
[2.350130796432495] Updated in round 32! max:(0.8648648648648649, 'C=CC=Cc1ccc2c(ccc3ccc4ccc5ccc6ccc7ccc8cc(C=CC(=C)C=C)ccc8c7c6c5c4c32)c1C=CC=C')
[2.5256619453430176] Updated in round 33! max:(0.8918918918918919, 'C=CC=c1c(=C)ccc2ccc3c(ccc4ccc5ccc6ccc7ccc8ccc9cc(C=CC(=C)C=C)ccc9c8c7c6c5c43)c12')
[2.7362072467803955] Updated in round 34! max:(0.918918918918919, 'C=CC=c1c(=C)ccc2ccc3c(ccc4ccc5ccc6ccc7ccc8ccc9c%10cc(C=C)ccc%10ccc9c8c7c6c5c43)c12')
[2.952672243118286] Updated in round 35! max:(0.9459459459459459, 'C=Cc1ccc2ccc3c4ccc5ccc6ccc7ccc8ccc9ccc%10c(ccc%11ccc(=C)c(c(C=C)c1c24)c%11%10)c9c8c7c6c53')
[3.101832151412964] Updated in round 36! max:(0.972972972972973, 'C=Cc1ccc2ccc3c4ccc5ccc6ccc7ccc8ccc9ccc%10c(ccc%11ccc%12cccc(c1c24)c%12c%11%10)c9c8c7c6c53')
[3.332557439804077] Updated in round 37! max:(1.0, 'c1cc2ccc3ccc4ccc5ccc6c7ccc8ccc9ccc%10ccc%11ccc%12ccc%13c(ccc1c%13c2c3c4c57)c%12c%11c%10c9c86')
[3.332569122314453] Reproduced in round 37!!
