[5.650520324707031e-05] Start running HillClimbing from [H][H]...
[0.0005259513854980469] Updated in round 1! max:(0.02040816326530612, 'C=C')
[0.0010786056518554688] Updated in round 2! max:(0.04081632653061224, 'C=CC=C')
[0.001941680908203125] Updated in round 3! max:(0.061224489795918366, 'C=CC=CC=C')
[0.0032863616943359375] Updated in round 4! max:(0.08163265306122448, 'C=CC=CC(=C)C=C')
[0.02243494987487793] Updated in round 5! max:(0.10204081632653061, 'C=CC=CC(=C)C(=C)C=C')
[0.02501821517944336] Updated in round 6! max:(0.12244897959183673, 'C=Cc1ccc(=C)c(=C)c1')
[0.028429031372070312] Updated in round 7! max:(0.14285714285714285, 'C=CC=Cc1ccc(=C)c(=C)c1')
[0.032662391662597656] Updated in round 8! max:(0.16326530612244897, 'C=CC=Cc1ccc(=C)c(=C)c1C=C')
[0.04079484939575195] Updated in round 9! max:(0.1836734693877551, 'C=CC=Cc1ccc(=C)c(=C)c1C=CC=C')
[0.04909968376159668] Updated in round 10! max:(0.20408163265306123, 'C=CC=CC=Cc1ccc(=C)c(=C)c1C=CC=C')
[0.06005454063415527] Updated in round 11! max:(0.22448979591836735, 'C=CC=c1ccc2ccc(=C)c(=C)c2c1=CC=C')
[0.07019996643066406] Updated in round 12! max:(0.24489795918367346, 'C=CC=c1ccc2ccc(=C)c(=C)c2c1=CC(=C)C=C')
[0.0832359790802002] Updated in round 13! max:(0.2653061224489796, 'C=CC=c1ccc2ccc(=C)c(=C)c2c1=CC(=C)C(=C)C=C')
[0.09942817687988281] Updated in round 14! max:(0.2857142857142857, 'C=CC=CC=c1ccc2ccc(=C)c(=C)c2c1=CC(=C)C(=C)C=C')
[0.12244772911071777] Updated in round 15! max:(0.30612244897959184, 'C=CC=CC=c1ccc2ccc(=C)c(=C)c2c1=CC(=CC=C)C(=C)C=C')
[0.15668034553527832] Updated in round 16! max:(0.32653061224489793, 'C=CC=CC=c1ccc2ccc(=C)c(=CC=C)c2c1=CC(=CC=C)C(=C)C=C')
[0.19474291801452637] Updated in round 17! max:(0.3469387755102041, 'C=CC=c1c(=C)ccc2ccc3cccccc(C=C)c(C(=C)C=C)cc3c12')
[0.23136615753173828] Updated in round 18! max:(0.3673469387755102, 'C=CC=c1c(=C)ccc2ccc3cccccc4cccc(C=C)c4cc3c12')
[0.2793715000152588] Updated in round 19! max:(0.3877551020408163, 'C=CC=c1c(=C)ccc2ccc3ccc4ccc5cccc(C=C)c5c4c3c12')
[0.32407259941101074] Updated in round 20! max:(0.40816326530612246, 'C=CC=c1c(=C)ccc2ccc3ccc4ccc5cccc(C(=C)C=C)c5c4c3c12')
[0.38686704635620117] Updated in round 21! max:(0.42857142857142855, 'C=CC=C(C=C)c1cccc2ccc3ccc4ccc5ccc(=C)c(=CC=C)c5c4c3c12')
[0.48290109634399414] Updated in round 22! max:(0.4489795918367347, 'C=CC=CC=C(C=C)c1cccc2ccc3ccc4ccc5ccc(=C)c(=CC=C)c5c4c3c12')
[0.546022891998291] Updated in round 23! max:(0.46938775510204084, 'C=CC=CC=C(C=C)c1cccc2ccc3ccc4ccc5ccc(=C)c(=C(C=C)C=C)c5c4c3c12')
[0.6113100051879883] Updated in round 24! max:(0.4897959183673469, 'C=CC=CC=C(C(=C)C=C)c1cccc2ccc3ccc4ccc5ccc(=C)c(=C(C=C)C=C)c5c4c3c12')
[0.7540631294250488] Updated in round 25! max:(0.5102040816326531, 'C=CC(=C)C(=CC=C(C=C)C=C)c1cccc2ccc3ccc4ccc5ccc(=C)c(=C(C=C)C=C)c5c4c3c12')
[0.8838179111480713] Updated in round 26! max:(0.5306122448979592, 'C=CC=CC(C=C)=CC=C(C(=C)C=C)c1cccc2ccc3ccc4ccc5ccc(=C)c(=C(C=C)C=C)c5c4c3c12')
[1.0001959800720215] Updated in round 27! max:(0.5510204081632653, 'C=CC=CC(C=CC=C)=CC=C(C(=C)C=C)c1cccc2ccc3ccc4ccc5ccc(=C)c(=C(C=C)C=C)c5c4c3c12')
[1.1759376525878906] Updated in round 28! max:(0.5714285714285714, 'C=CC=Cc1ccccc1C=C(C(=C)C=C)c1cccc2ccc3ccc4ccc5ccc(=C)c(=C(C=C)C=C)c5c4c3c12')
[1.3605010509490967] Updated in round 29! max:(0.5918367346938775, 'C=CC=CC=Cc1ccccc1C=C(C(=C)C=C)c1cccc2ccc3ccc4ccc5ccc(=C)c(=C(C=C)C=C)c5c4c3c12')
[1.498762845993042] Updated in round 30! max:(0.6122448979591837, 'C=CC=CC=Cc1ccccc1C(C=C)=C(C(=C)C=C)c1cccc2ccc3ccc4ccc5ccc(=C)c(=C(C=C)C=C)c5c4c3c12')
[1.65382981300354] Updated in round 31! max:(0.6326530612244898, 'C=CC=CC(C=C)=Cc1ccccc1C(C=C)=C(C(=C)C=C)c1cccc2ccc3ccc4ccc5ccc(=C)c(=C(C=C)C=C)c5c4c3c12')
[1.8238482475280762] Updated in round 32! max:(0.6530612244897959, 'C=CC=Cc1ccc2cccc(C(C=C)=C(C(=C)C=C)c3cccc4ccc5ccc6ccc7ccc(=C)c(=C(C=C)C=C)c7c6c5c34)c2c1')
[2.0308337211608887] Updated in round 33! max:(0.673469387755102, 'C=CC=Cc1ccc2cccc(C(C(=C)C=C)=C(C(=C)C=C)c3cccc4ccc5ccc6ccc7ccc(=C)c(=C(C=C)C=C)c7c6c5c34)c2c1')
[2.303849220275879] Updated in round 34! max:(0.6938775510204082, 'C=CC(=C)C=Cc1ccc2cccc(C(C(=C)C=C)=C(C(=C)C=C)c3cccc4ccc5ccc6ccc7ccc(=C)c(=C(C=C)C=C)c7c6c5c34)c2c1')
[2.548534631729126] Updated in round 35! max:(0.7142857142857143, 'C=CC(=C)C(=C(C(=C)C=C)c1cccc2ccc3ccc4ccc5ccc(=C)c(=C(C=C)C=C)c5c4c3c12)c1cccc2ccc3ccc(C=C)cc3c12')
[2.8429906368255615] Updated in round 36! max:(0.7346938775510204, 'C=CC(=C)C(c1cccc2ccc3ccc4ccc5ccc(=C)c(=C(C=C)C=C)c5c4c3c12)=c1c(=C)ccc2ccc3ccc4ccc(C=C)cc4c3c12')
[3.0319695472717285] Updated in round 37! max:(0.7551020408163265, 'C=CC(=C)C(c1cccc2ccc3ccc4ccc5ccc(=C)c(=C(C=C)C=C)c5c4c3c12)=c1c(=C)ccc2ccc3ccc4ccc(C=C)c(C=C)c4c3c12')
[3.365044593811035] Updated in round 38! max:(0.7755102040816326, 'C=CC=CC(C=C)=c1c(=C)ccc2ccc3ccc4ccc5cccc(C(C(=C)C=C)=c6c(=C)ccc7ccc8ccc9ccc(C=C)c(C=C)c9c8c67)c5c4c3c12')
[3.6207597255706787] Updated in round 39! max:(0.7959183673469388, 'C=CC=CC(C=C)=c1c(=C)ccc2ccc3ccc4ccc5cccc(C(C(=C)C=C)=c6c(=C)ccc7ccc8ccc9ccc(C=C)c(C=CC=C)c9c8c67)c5c4c3c12')
[3.984025001525879] Updated in round 40! max:(0.8163265306122449, 'C=CC=CC(C=C)=c1c(=C)ccc2ccc3ccc4ccc5cccc(-c6c(C=C)ccc7ccc8ccc9ccc%10ccc(C=C)c(C=CC=C)c%10c9c8c67)c5c4c3c12')
[4.290782690048218] Updated in round 41! max:(0.8367346938775511, 'C=CC=CC(C=C)=c1c(=C)ccc2ccc3ccc4ccc5cccc(-c6c(C=C)ccc7ccc8ccc9ccc%10ccc%11ccc(C=C)cc%11c%10c9c8c67)c5c4c3c12')
[4.848560571670532] Updated in round 42! max:(0.8571428571428571, 'C=CC=CC=CC(C=C)=c1c(=C)ccc2ccc3ccc4ccc5cccc(-c6c(C=C)ccc7ccc8ccc9ccc%10ccc%11ccc(C=C)cc%11c%10c9c8c67)c5c4c3c12')
[5.279374599456787] Updated in round 43! max:(0.8775510204081632, 'C=CC(c1ccccc1)=c1c(=C)ccc2ccc3ccc4ccc5cccc(-c6c(C=C)ccc7ccc8ccc9ccc%10ccc%11ccc(C=C)cc%11c%10c9c8c67)c5c4c3c12')
[5.645874977111816] Updated in round 44! max:(0.8979591836734694, 'C=CC(c1ccccc1)=c1c(=C)ccc2ccc3ccc4ccc5ccc6ccc7ccc8ccc9ccc%10ccc%11ccc%12ccc(C=C)cc%12c%11c%10c9c8c7c6c5c4c3c12')
[6.348999261856079] Updated in round 45! max:(0.9183673469387755, 'C=CC(c1ccccc1)=c1c(=C)ccc2ccc3ccc4ccc5ccc6ccc7ccc8ccc9ccc%10ccc%11ccc%12ccc(C=C)c(C=C)c%12c%11c%10c9c8c7c6c5c4c3c12')
[7.033141374588013] Updated in round 46! max:(0.9387755102040817, 'C=CC(c1ccccc1C=C)=c1c(=C)ccc2ccc3ccc4ccc5ccc6ccc7ccc8ccc9ccc%10ccc%11ccc%12ccc(C=C)c(C=C)c%12c%11c%10c9c8c7c6c5c4c3c12')
[7.541255950927734] Updated in round 47! max:(0.9591836734693877, 'C=CC(c1ccccc1C=C)=c1c(=C)ccc2ccc3ccc4ccc5ccc6ccc7ccc8ccc9ccc%10ccc%11ccc%12ccc%13ccccc%13c%12c%11c%10c9c8c7c6c5c4c3c12')
[8.962576866149902] Updated in round 48! max:(0.9795918367346939, 'C=Cc1ccccc1-c1cccc2ccc3ccc4ccc5ccc6ccc7ccc8ccc9ccc%10ccc%11ccc%12ccc%13ccc%14ccccc%14c%13c%12c%11c%10c9c8c7c6c5c4c3c12')
[10.031476736068726] Updated in round 49! max:(1.0, 'c1ccc2c(c1)ccc1ccc3ccc4ccc5ccc6ccc7ccc8ccc9ccc%10ccc%11ccc%12ccc%13ccc%14ccc%15ccccc%15c%14c%13c%12c%11c%10c9c8c7c6c5c4c3c12')
[10.031488418579102] Reproduced in round 49!!
