[7.271766662597656e-05] Start running HillClimbing from [H][H]...
[0.0007290840148925781] Updated in round 1! max:(0.07547169811320754, 'c1ccccc1')
[0.0038335323333740234] Updated in round 2! max:(0.1320754716981132, 'c1ccc2ccccc2c1')
[0.00995779037475586] Updated in round 3! max:(0.1509433962264151, 'C=Cc1ccc2ccccc2c1')
[0.01832437515258789] Updated in round 4! max:(0.22641509433962265, 'C(=Cc1ccc2ccccc2c1)c1ccccc1')
[0.04130697250366211] Updated in round 5! max:(0.2830188679245283, 'C(=Cc1ccc2c(ccc3ccccc32)c1)c1ccccc1')
[0.07385778427124023] Updated in round 6! max:(0.3018867924528302, 'C=Cc1ccc(C=Cc2ccc3c(ccc4ccccc43)c2)cc1')
[0.11237931251525879] Updated in round 7! max:(0.3584905660377358, 'C=Cc1ccc(C=Cc2ccc3c(ccc4c5ccccc5ccc34)c2)cc1')
[0.1740415096282959] Updated in round 8! max:(0.37735849056603776, 'C=CC(=C)c1ccc(C=Cc2ccc3c(ccc4c5ccccc5ccc34)c2)cc1')
[0.2358546257019043] Updated in round 9! max:(0.41509433962264153, 'C=CC(=C)c1ccc2cc(-c3ccc4c(ccc5c6ccccc6ccc45)c3)ccc2c1')
[0.316972017288208] Updated in round 10! max:(0.49056603773584906, 'C=CC(=C)c1ccc2cc(-c3ccc4c(ccc5c6ccc(-c7ccccc7)cc6ccc45)c3)ccc2c1')
[0.4940762519836426] Updated in round 11! max:(0.5094339622641509, 'C=CC=C(C=C)c1ccc2cc(-c3ccc4c(ccc5c6ccc(-c7ccccc7)cc6ccc45)c3)ccc2c1')
[0.6718981266021729] Updated in round 12! max:(0.5660377358490566, 'C=CC=C(C=C)c1ccc2cc(-c3ccc4c(ccc5c6ccc(-c7ccc8ccccc8c7)cc6ccc45)c3)ccc2c1')
[0.9242892265319824] Updated in round 13! max:(0.6037735849056604, 'C=Cc1ccc2c(ccc3cc(-c4ccc5c(ccc6c7ccc(-c8ccc9ccccc9c8)cc7ccc56)c4)ccc32)c1C=C')
[1.3881709575653076] Updated in round 14! max:(0.6792452830188679, 'C=Cc1c(C=Cc2ccccc2)ccc2c1ccc1cc(-c3ccc4c(ccc5c6ccc(-c7ccc8ccccc8c7)cc6ccc45)c3)ccc12')
[1.9958784580230713] Updated in round 15! max:(0.7547169811320755, 'C=Cc1c(C=Cc2ccc(-c3ccccc3)cc2)ccc2c1ccc1cc(-c3ccc4c(ccc5c6ccc(-c7ccc8ccccc8c7)cc6ccc45)c3)ccc12')
[2.7151007652282715] Updated in round 16! max:(0.7735849056603774, 'C=Cc1ccc(-c2ccc(C=Cc3ccc4c(ccc5cc(-c6ccc7c(ccc8c9ccc(-c%10ccc%11ccccc%11c%10)cc9ccc78)c6)ccc54)c3C=C)cc2)cc1')
[3.423624038696289] Updated in round 17! max:(0.8490566037735849, 'C=Cc1ccc(-c2ccc(C=Cc3ccc4c(ccc5cc(-c6ccc7c(ccc8c9ccc(-c%10ccc%11cc(-c%12ccccc%12)ccc%11c%10)cc9ccc78)c6)ccc54)c3C=C)cc2)cc1')
[4.616109609603882] Updated in round 18! max:(0.8867924528301887, 'C=Cc1ccc2c(ccc3cc(C=Cc4ccc5c(ccc6cc(-c7ccc8c(ccc9c%10ccc(-c%11ccc%12cc(-c%13ccccc%13)ccc%12c%11)cc%10ccc89)c7)ccc65)c4C=C)ccc32)c1')
[5.695584774017334] Updated in round 19! max:(0.9245283018867925, 'C=Cc1c(C=Cc2ccc3c(ccc4c5ccccc5ccc34)c2)ccc2c1ccc1cc(-c3ccc4c(ccc5c6ccc(-c7ccc8cc(-c9ccccc9)ccc8c7)cc6ccc45)c3)ccc12')
[6.879452466964722] Updated in round 20! max:(0.9433962264150944, 'C=Cc1ccccc1-c1ccc2cc(-c3ccc4c(ccc5c6ccc(-c7ccc8c(ccc9c(C=C)c(C=Cc%10ccc%11c(ccc%12c%13ccccc%13ccc%11%12)c%10)ccc98)c7)cc6ccc45)c3)ccc2c1')
[8.238380908966064] Updated in round 21! max:(0.9622641509433962, 'C=Cc1cc2ccc1-c1ccc3cc(ccc3c1)-c1ccc3c(ccc4c5ccc(cc5ccc34)-c3ccc4c(ccc5c(C=C)c(ccc54)C=Cc4ccc5c(ccc6c7ccc-2cc7ccc56)c4)c3)c1')
[13.814560413360596] Updated in round 22! max:(0.9811320754716981, 'C=Cc1c2ccc3c1ccc1cc(ccc13)-c1ccc3c(ccc4c5ccc(cc5ccc34)-c3ccc4c(ccc5c6ccc(cc6ccc45)-c4ccc5c(ccc6c7ccc(cc7ccc56)C=C2)c4)c3)c1')
[27.239082098007202] Updated in round 23! max:(1.0, 'c1cc2c3ccc4c5ccc(cc5ccc24)-c2ccc4c(ccc5c6ccc(cc6ccc45)-c4ccc5c(ccc6c7ccc(cc7ccc56)-c5ccc6c(ccc7c8ccc(cc8ccc67)-c1c3)c5)c4)c2')
[27.239097118377686] Reproduced in round 23!!
