[4.3392181396484375e-05] Start running HillClimbing from [H][H]...
[0.00040221214294433594] Updated in round 1! max:(0.04, 'C=C')
[0.0008604526519775391] Updated in round 2! max:(0.08, 'C=CC=C')
[0.0016057491302490234] Updated in round 3! max:(0.12, 'C=CC=CC=C')
[0.002755403518676758] Updated in round 4! max:(0.16, 'C=CC=C(C=C)C=C')
[0.004559516906738281] Updated in round 5! max:(0.2, 'C=CC(C=C)=C(C=C)C=C')
[0.006966352462768555] Updated in round 6! max:(0.24, 'C=CC=CC(C=C)=C(C=C)C=C')
[0.011177539825439453] Updated in round 7! max:(0.28, 'C=CC=CC=CC(C=C)=C(C=C)C=C')
[0.017698049545288086] Updated in round 8! max:(0.32, 'C=CC=c1ccc(=C(C=C)C=C)cc1')
[0.024072647094726562] Updated in round 9! max:(0.36, 'C=CC(C=C)=c1ccc(=C(C=C)C=C)cc1')
[0.032619476318359375] Updated in round 10! max:(0.4, 'C=CC=CC(C=C)=c1ccc(=C(C=C)C=C)cc1')
[0.04758715629577637] Updated in round 11! max:(0.44, 'C=CC(C=C)=c1ccc(=c2ccc(=C)cc2)cc1')
[0.06007051467895508] Updated in round 12! max:(0.48, 'C=CC=c1ccc(=c2ccc(=C(C=C)C=C)cc2)cc1')
[0.07590579986572266] Updated in round 13! max:(0.52, 'C=CC=CC=c1ccc(=c2ccc(=C(C=C)C=C)cc2)cc1')
[0.10093545913696289] Updated in round 14! max:(0.56, 'C=CC=CC=c1ccc(=c2ccc(=C(C=C)C=CC=C)cc2)cc1')
[0.13130784034729004] Updated in round 15! max:(0.6, 'C=CC=CC=CC(C=C)=c1ccc(=c2ccc(=CC=CC=C)cc2)cc1')
[0.17519831657409668] Updated in round 16! max:(0.64, 'C=CC=CC=CC(C=C)=c1ccc(=c2ccc(=CC=CC(=C)C=C)cc2)cc1')
[0.22257447242736816] Updated in round 17! max:(0.68, 'C=CC=CC=CC=CC(C=C)=c1ccc(=c2ccc(=CC=CC(=C)C=C)cc2)cc1')
[0.2709465026855469] Updated in round 18! max:(0.72, 'C=CC(=C)C=CC=CC=CC(C=C)=c1ccc(=c2ccc(=CC=CC(=C)C=C)cc2)cc1')
[0.4678971767425537] Updated in round 19! max:(0.76, 'C=CC=C(C=C)C=CC=CC=CC(C=C)=c1ccc(=c2ccc(=CC=CC(=C)C=C)cc2)cc1')
[0.5420434474945068] Updated in round 20! max:(0.8, 'C=CC=C(C=C)C=CC=CC=CC(C=C)=c1ccc(=c2ccc(=CC=CC(C=C)=CC=C)cc2)cc1')
[0.6453735828399658] Updated in round 21! max:(0.84, 'C=CC=C(C=C)C=CC=c1ccc(=c2ccc(=c3ccc(=CC=CC(C=C)=CC=C)cc3)cc2)cc1')
[0.7287938594818115] Updated in round 22! max:(0.88, 'C=CC1=CC=CC(C=C)=C(C=C)C=CC=c2ccc(cc2)=c2ccc(cc2)=c2ccc(cc2)=CC=C1')
[0.8366525173187256] Updated in round 23! max:(0.92, 'C=CC1=CC=CC(C=C)=c2ccc(cc2)=c2ccc(cc2)=c2ccc(cc2)=c2ccc(cc2)=CC=C1')
[0.9982259273529053] Updated in round 24! max:(0.96, 'C=CC1=c2ccc(cc2)=c2ccc(cc2)=c2ccc(cc2)=c2ccc(cc2)=c2ccc(cc2)=CC=C1')
[1.1761729717254639] Updated in round 25! max:(1.0, 'c1cc2ccc1=c1ccc(cc1)=c1ccc(cc1)=c1ccc(cc1)=c1ccc(cc1)=c1ccc=2cc1')
[1.1761868000030518] Reproduced in round 25!!
