[8.392333984375e-05] Start running HillClimbing from [H][H]...
[0.0006227493286132812] Updated in round 1! max:(0.06557377049180328, 'c1ccccc1')
[0.003602743148803711] Updated in round 2! max:(0.11475409836065574, 'c1ccc2ccccc2c1')
[0.013351202011108398] Updated in round 3! max:(0.13114754098360656, 'C=Cc1cccc2ccccc12')
[0.023990631103515625] Updated in round 4! max:(0.14754098360655737, 'C=Cc1ccc2c(C=C)cccc2c1')
[0.07955241203308105] Updated in round 5! max:(0.16393442622950818, 'C=CC(=C)c1cccc2cc(C=C)ccc12')
[0.1120762825012207] Updated in round 6! max:(0.18032786885245902, 'C=CC(=C)c1cc(C=C)cc2cc(C=C)ccc12')
[0.1268916130065918] Updated in round 7! max:(0.19672131147540983, 'C=CC(=C)c1cc(C=C)c(C=C)c2cc(C=C)ccc12')
[0.14481806755065918] Updated in round 8! max:(0.2459016393442623, 'C=CC(=C)c1cc(C=C)c(C=C)c2cc(-c3ccccc3)ccc12')
[0.21051740646362305] Updated in round 9! max:(0.29508196721311475, 'C=CC(=C)c1cc(C=C)c(C=C)c2cc(-c3cccc4ccccc34)ccc12')
[0.7183642387390137] Updated in round 10! max:(0.36065573770491804, 'C=Cc1cc(C(=C)C=Cc2ccccc2)c2ccc(-c3cccc4ccccc34)cc2c1C=C')
[2.9201810359954834] Updated in round 11! max:(0.4262295081967213, 'C=Cc1cc(C(=C)C=Cc2ccccc2)c2ccc(-c3cccc4ccccc34)cc2c1C=Cc1ccccc1')
[5.866713523864746] Updated in round 12! max:(0.4426229508196721, 'C=CC=Cc1cc(C(=C)C=Cc2ccccc2)c2ccc(-c3cccc4ccccc34)cc2c1C=Cc1ccccc1')
[8.87165093421936] Updated in round 13! max:(0.45901639344262296, 'C=CC=Cc1cc2c3c(cc(-c4cccc5ccccc45)cc3c1C=Cc1ccccc1)C=C2C=Cc1ccccc1')
[12.261093378067017] Updated in round 14! max:(0.4918032786885246, 'C=CC=Cc1cc2c3c(cc4c(ccc5ccc6ccccc6c54)c3c1C=Cc1ccccc1)C=C2C=Cc1ccccc1')
[88.71361970901489] Updated in round 15! max:(0.5081967213114754, 'C=CC=Cc1cc2c3c(cc4c(ccc5ccc6ccccc6c54)c3c1C=C(C=C)c1ccccc1)C=C2C=Cc1ccccc1')
[312.257071018219] Updated in round 16! max:(0.5245901639344263, 'C=CC=Cc1cc2c(C=Cc3ccccc3)cc3cc4c5c(ccc6ccccc65)cc5c(=C(C=C)c6ccccc6)c1c(c32)c54')
[592.1416325569153] Updated in round 17! max:(0.5901639344262295, 'C=CC=Cc1cc2c(C=Cc3ccccc3)cc3cc4c5c(ccc6c(-c7ccccc7)cccc65)cc5c(=C(C=C)c6ccccc6)c1c(c32)c54')
[680.1473135948181] Updated in round 18! max:(0.6065573770491803, 'C=CC=Cc1cc2c(C=Cc3ccccc3)cc3cc4c5c(cc6c(=C(C=C)c7ccccc7)c1c(c32)c64)cc1c2ccccc2c2cccc5c21')
[776.8316316604614] Updated in round 19! max:(0.6229508196721312, 'C=CC=Cc1cc2c(C=Cc3ccccc3)cc3cc4c5c(cc6c(=C(C=C)c7ccccc7)c1c(c32)c64)cc1c2cccc(C=C)c2c2cccc5c12')
[840.9595129489899] Updated in round 20! max:(0.639344262295082, 'C=CC(c1ccccc1)=c1c2cc3cc4c5cccc(C=C)c5c5cccc(c3c3cc6cc7ccc8ccccc8ccccc8cc7c6c(c18)c23)c45')
[1330.7403182983398] Updated in round 21! max:(0.6557377049180327, 'C=CC(c1ccccc1)=c1c2cc3cc4c5cccc(C=C)c5c5cccc(c3c3cc6cc7ccc8cccc(C=C)c8ccccc8cc7c6c(c18)c23)c45')
[1331.1289219856262] Updated in round 22! max:(0.6721311475409836, 'C=CC(c1ccccc1)=c1c2cc3cc4c5cccc(C=C)c5c5cccc(c3c3cc6cc7c8cc9cccc(C=C)c9c8cccc8cc7c6c(c18)c23)c45')
[1493.159017086029] Updated in round 23! max:(0.6885245901639344, 'C=CC(c1ccccc1)=c1c2cc3cc4c5cccc(C=C)c5c5cccc(c3c3cc6c(C=C)c7c8cc9cccc(C=C)c9c8cccc8cc7c6c(c18)c23)c45')
[1867.0905561447144] Updated in round 24! max:(0.7049180327868853, 'C=CC(c1ccccc1)=c1c2cc3cc4c5cccc(C=C)c5c5ccc6c7c8c(C=C)c9c%10cc%11cccc(C=C)c%11c%10cccc%10cc9c8c(c1%10)c2c7c3c6c45')
[2010.9383583068848] Updated in round 25! max:(0.7213114754098361, 'C=CC(c1ccccc1)=c1c2cc3cc4c5cccc(C=C)c5c5ccc6c(c45)c3c3c2c2c1c1cccc4c5c(C=C)cccc5c5ccc7c(c(c1)c2c7c63)c54')
[2699.024121761322] Updated in round 26! max:(0.7377049180327869, 'C=Cc1cccc2c3ccc4c5c6cc7c(ccc(c12)c35)c(=C)c(-c1ccccc1)c1c2cc3cc5c8cccc(C=C)c8c8ccc9c(c58)c3c3c9c4c6c(c71)c23')
[2700.085670232773] Updated in round 27! max:(0.7540983606557377, 'C=Cc1cc(C=C)c2c(c1)c1cc3cc4c5c(-c6ccccc6)c(=C)c6ccc7c8c(C=C)cccc8c8ccc9c(c%10cc6c5c5c%10c9c6c9ccc2c1c9c3c6c45)c87')
[2752.9403882026672] Updated in round 28! max:(0.7704918032786885, 'C=Cc1cc2c(=C)c3ccc(C=C)c4c5ccc6c(=C)c(-c7ccccc7)c7c8cc9cc%10c(c1)c2c1ccc2c(c%101)c9c1c2c2c9ccc(c34)c5c9c3cc6c7c(c32)c81')
[2765.2547101974487] Updated in round 29! max:(0.7868852459016393, 'C=Cc1cc2c3cc4cc5c6c7c(cc8c(c1)c2c4c86)cc1c2c(-c4ccccc4)c(=C)c4ccc6c8c(C=C)ccc3c8c3ccc8c(c9cc4c2c2c9c8c5c7c12)c63')
[2796.7305212020874] Updated in round 30! max:(0.8032786885245902, 'C=Cc1cc2c3cc4cc5c6c7c(cc8c(c1)c2c4c86)cc1c2c(-c4ccccc4)c(=C)c4c6cc8c9c(ccc3c9c3ccc9c(c%10cc4c2c2c%10c9c5c7c12)c83)c6=C')
[2903.650013446808] Updated in round 31! max:(0.819672131147541, 'C=Cc1cc2c3cc4cc5c6c(-c7ccccc7)c(=C)c7c8cc9c%10c(cc%11c1c1c%12cc%13cc%14c(c4c4c%14c%14c%15ccc(c9c%15c9cc7c6c(c9%14)c54)c%10c%11%12)c3c%13c21)c8=C')
[2912.05104637146] Updated in round 32! max:(0.8360655737704918, 'C=Cc1cc2c3cc4cc5c6c(-c7ccccc7)c(=C)c7c8cc9c%10c(cc%11c1c1c%12cc%13c%14c%15cc(c9c9c%16cc7c6c6c5c5c4c(c3c%13c21)c%14c5c(c%159)c%166)c%10c%11%12)c8=C')
[2964.3735954761505] Updated in round 33! max:(0.8524590163934426, 'C=Cc1cc2c3cc4cc5c6c(-c7ccccc7)c(=C)c7c8cc9c%10c(cc%11c1c1c2c2c3c3c4c4c5c5c6c7cc6c5c5c7c6c9c6c%10c%11c1c1c2c(c3c45)c7c61)c8=C')
[2964.765767097473] Updated in round 34! max:(0.8688524590163934, 'C=Cc1cc2c3cc4cc5c6c(-c7ccccc7)c(=C)c7c8c(=C)c9cc%10c1c1c2c2c3c3c4c4c5c5c6c7c6c8c7c9c8c%10c1c1c2c2c3c4c3c5c6c4c7c8c1c2c34')
[2965.0368642807007] Updated in round 35! max:(0.8852459016393442, 'C=Cc1cc2c3c4c5cccc(c5)c5c(=C)c6c7c(=C)c8cc9c1c1c2c2c3c3c%10c4cc4c5c5c6c6c7c7c8c8c9c1c1c2c2c3c3c%10c4c5c4c6c5c7c8c1c2c5c34')
[2967.0906426906586] Updated in round 36! max:(0.9016393442622951, 'C=c1c2cc3cc(c2)c2c4cc5c6c3c(=C)c3c7c(=C)c8cc9c%10c1cc1c2c2c%11c4c4c5c5c6c3c3c7c6c8c7c9c8c%10c1c2c1c8c2c7c6c6c3c5c3c4c%11c1c2c63')
[2967.3479306697845] Updated in round 37! max:(0.9180327868852459, 'C=c1c2cc3cc(c2)c2c4cc5c6c3c3ccc7c8cc9c%10c1cc1c2c2c%11c4c4c5c5c6c6c3c7c3c7c8c8c9c9c%10c1c2c1c9c2c8c7c7c(c63)c5c3c4c%11c1c2c37')
[2967.5826938152313] Updated in round 38! max:(0.9344262295081968, 'C=c1c2cc3cc4c2c2c1c1c5cc6c7ccc8c3c3c9cc%10c4c4c2c2c1c1c5c5c6c6c%11c7c8c7c3c3c9c8c%10c9c4c2c2c1c1c5c6c4c(c7%11)c3c3c8c9c2c1c34')
[2967.9595017433167] Updated in round 39! max:(0.9508196721311475, 'c1c2cc3c4c1c1cc5cc6c2c2c7cc8c3c3c9c4c1c1c4cc%10c5c5c6c6c2c2c7c7c8c8c3c3c9c1c1c4c4c%10c9c5c6c5c2c2c7c8c6c3c1c1c4c9c5c2c16')
[2968.157885313034] Updated in round 40! max:(0.9672131147540983, 'c1c2cc3c4c5cc6c1c1c7c8cc9c2c2c3c3c%10c4c4c%11c5c5c6c1c1c6c7c7c8c8c9c9c2c3c2c3c9c8c8c7c7c6c6c1c5c%11c1c5c4c%10c2c2c3c8c7c(c16)c52')
[2968.2488424777985] Updated in round 41! max:(0.9836065573770492, 'c1c2c3c4cc5c6c7c1c1c8c2c2c9c3c3c%10c4c4c5c5c6c6c%11c7c1c1c7c8c2c2c8c9c3c3c9c%10c4c4c5c5c6c6c%11c1c1c7c2c2c8c3c3c9c4c5c4c6c1c2c34')
[2968.318437576294] Updated in round 42! max:(1.0, 'c12c3c4c5c1c1c6c7c2c2c8c3c3c9c4c4c%10c5c5c1c1c6c6c%11c7c2c2c7c8c3c3c8c9c4c4c9c%10c5c5c1c1c6c6c%11c2c2c7c3c3c8c4c4c9c5c1c1c6c2c3c41')
[2968.318449497223] Reproduced in round 42!!
