[8.177757263183594e-05] Start running HillClimbing from [H][H]...
[0.0006046295166015625] Updated in round 1! max:(0.018867924528301886, 'C=C')
[0.001186370849609375] Updated in round 2! max:(0.03773584905660377, 'C=CC=C')
[0.0023272037506103516] Updated in round 3! max:(0.05660377358490566, 'C=CC=CC=C')
[0.0038042068481445312] Updated in round 4! max:(0.07547169811320754, 'C=CC=CC=CC=C')
[0.00667119026184082] Updated in round 5! max:(0.09433962264150944, 'C=CC=CC=C(C=C)C=C')
[0.010685920715332031] Updated in round 6! max:(0.11320754716981132, 'C=CC=C(C=C)C=C(C=C)C=C')
[0.015183210372924805] Updated in round 7! max:(0.1320754716981132, 'C=CC(C=C)=Cc1ccccc1')
[0.021097660064697266] Updated in round 8! max:(0.1509433962264151, 'C=Cc1ccc2ccccc2c1')
[0.025900602340698242] Updated in round 9! max:(0.16981132075471697, 'C=Cc1ccc2ccccc2c1C=C')
[0.034525156021118164] Updated in round 10! max:(0.18867924528301888, 'C=Cc1ccc2c(C=C)c(C=C)ccc2c1')
[0.04286360740661621] Updated in round 11! max:(0.20754716981132076, 'C=CC=Cc1c(C=C)ccc2cc(C=C)ccc12')
[0.05504870414733887] Updated in round 12! max:(0.22641509433962265, 'C=CC=Cc1ccc2cc(C=C)ccc2c1C=CC=C')
[0.07937169075012207] Updated in round 13! max:(0.24528301886792453, 'C=CC=Cc1ccc2c(C=CC=C)c(C=CC=C)ccc2c1')
[0.1183464527130127] Updated in round 14! max:(0.2641509433962264, 'C=CC=CC=Cc1ccc2cc(C=CC=C)ccc2c1C=CC=C')
[0.14556145668029785] Updated in round 15! max:(0.2830188679245283, 'C=CC=Cc1ccc2c(ccc3cccc(C=C)ccccc32)c1')
[0.18418550491333008] Updated in round 16! max:(0.3018867924528302, 'C=CC=C(C=C)c1ccc2c(ccc3cccc(C=C)ccccc32)c1')
[0.22706055641174316] Updated in round 17! max:(0.32075471698113206, 'C=Cc1ccccc2c(ccc1)ccc1cc(-c3ccccc3)ccc12')
[0.2677574157714844] Updated in round 18! max:(0.33962264150943394, 'C=CC=Cc1ccccc2c(ccc1)ccc1cc(-c3ccccc3)ccc12')
[0.3118889331817627] Updated in round 19! max:(0.3584905660377358, 'C=CC=CC=Cc1ccccc2c(ccc1)ccc1cc(-c3ccccc3)ccc12')
[0.38402748107910156] Updated in round 20! max:(0.37735849056603776, 'C=CC(=C)C=CC=Cc1ccccc2c(ccc1)ccc1cc(-c3ccccc3)ccc12')
[0.4514741897583008] Updated in round 21! max:(0.39622641509433965, 'C=CC(=C)C=CC=Cc1ccccc2c(ccc1)ccc1cc(-c3ccc(C=C)cc3)ccc12')
[0.5258710384368896] Updated in round 22! max:(0.41509433962264153, 'C=CC(=C)C=CC=Cc1ccccc2c(ccc1)ccc1cc(-c3ccc(C(=C)C=C)cc3)ccc12')
[0.613825798034668] Updated in round 23! max:(0.4339622641509434, 'C=CC(=C)C=CC=Cc1ccccc2c(ccc1)ccc1cc(-c3ccc(C(=C)C(=C)C=C)cc3)ccc12')
[0.7208843231201172] Updated in round 24! max:(0.4528301886792453, 'C=CC(=C)C=CC=Cc1ccccc2c(ccc1)ccc1cc(-c3ccc4c(=C)c(=C)ccc4c3)ccc12')
[0.8208212852478027] Updated in round 25! max:(0.4716981132075472, 'C=CC(=C)C(C=C)=CC=Cc1ccccc2c(ccc1)ccc1cc(-c3ccc4c(=C)c(=C)ccc4c3)ccc12')
[0.9528000354766846] Updated in round 26! max:(0.49056603773584906, 'C=CC(=C)c1ccc(-c2ccccc3c(ccc2)ccc2cc(-c4ccc5c(=C)c(=C)ccc5c4)ccc23)cc1')
[1.0910768508911133] Updated in round 27! max:(0.5094339622641509, 'C=CC(=C)c1ccc(-c2ccccc3c(ccc2)ccc2cc(-c4ccc5c(=C)c(=C)ccc5c4)ccc23)cc1C=C')
[1.2859926223754883] Updated in round 28! max:(0.5283018867924528, 'C=CC=C(C=C)c1ccc(-c2ccccc3c(ccc2)ccc2cc(-c4ccc5c(=C)c(=C)ccc5c4)ccc23)cc1C=C')
[1.4446585178375244] Updated in round 29! max:(0.5471698113207547, 'C=Cc1cc(-c2ccccc3c(ccc2)ccc2cc(-c4ccc5c(=C)c(=C)ccc5c4)ccc23)ccc1-c1ccccc1')
[1.6663684844970703] Updated in round 30! max:(0.5660377358490566, 'C=c1ccc2cc(-c3ccc4c(ccc5cccc(-c6ccc7c(ccc8ccccc87)c6)ccccc54)c3)ccc2c1=C')
[1.882897138595581] Updated in round 31! max:(0.5849056603773585, 'C=CC=c1ccc2cc(-c3ccc4c(ccc5cccc(-c6ccc7c(ccc8ccccc87)c6)ccccc54)c3)ccc2c1=C')
[2.124598741531372] Updated in round 32! max:(0.6037735849056604, 'C=CC=CC=c1ccc2cc(-c3ccc4c(ccc5cccc(-c6ccc7c(ccc8ccccc87)c6)ccccc54)c3)ccc2c1=C')
[2.3552772998809814] Updated in round 33! max:(0.6226415094339622, 'C=CC(=C)C=CC=c1ccc2cc(-c3ccc4c(ccc5cccc(-c6ccc7c(ccc8ccccc87)c6)ccccc54)c3)ccc2c1=C')
[2.609564781188965] Updated in round 34! max:(0.6415094339622641, 'C=CC(=C)C=CC=c1ccc2cc(-c3ccc4c(ccc5cccc(-c6ccc7c(ccc8c(C=C)cccc87)c6)ccccc54)c3)ccc2c1=C')
[3.0307705402374268] Updated in round 35! max:(0.660377358490566, 'C=CC=C(C=C)C=CC=c1ccc2cc(-c3ccc4c(ccc5cccc(-c6ccc7c(ccc8c(C=C)cccc87)c6)ccccc54)c3)ccc2c1=C')
[3.3925838470458984] Updated in round 36! max:(0.6792452830188679, 'C=CC=C(C=CC=c1ccc2cc(-c3ccc4c(ccc5cccc(-c6ccc7c(ccc8c(C=C)cccc87)c6)ccccc54)c3)ccc2c1=C)C(=C)C=C')
[3.917402982711792] Updated in round 37! max:(0.6981132075471698, 'C=CC(=C)c1ccccc2c(ccc1)ccc1cc(-c3ccc4c(ccc5cccc(-c6ccc7c(ccc8c(C=C)cccc87)c6)ccccc54)c3)ccc12')
[4.4542882442474365] Updated in round 38! max:(0.7169811320754716, 'C=CC(=C)c1ccccc2c(ccc1)ccc1cc(-c3ccc4c(ccc5c6ccc(-c7ccc8c(ccc9c(C=C)cccc98)c7)cc6ccc45)c3)ccc12')
[4.991611480712891] Updated in round 39! max:(0.7358490566037735, 'C=CC(=C)c1ccc2c(ccc3c4ccc(-c5ccc6c(ccc7c8ccc(-c9ccc%10c(ccc%11c(C=C)cccc%11%10)c9)cc8ccc67)c5)cc4ccc23)c1')
[5.707651853561401] Updated in round 40! max:(0.7547169811320755, 'C=CC=Cc1cccc2c1ccc1cc(-c3ccc4c(ccc5c6ccc(-c7ccc8c(ccc9c%10ccc(C(=C)C=C)cc%10ccc89)c7)cc6ccc45)c3)ccc12')
[6.379104137420654] Updated in round 41! max:(0.7735849056603774, 'C=CC=Cc1cccc2c1ccc1cc(-c3ccc4c(ccc5c6ccc(-c7ccc8c(ccc9c%10ccc(C(C=C)=CC=C)cc%10ccc89)c7)cc6ccc45)c3)ccc12')
[7.186352014541626] Updated in round 42! max:(0.7924528301886793, 'C=CC=Cc1cccc2c1ccc1cc(-c3ccc4c(ccc5c6ccc(-c7ccc8c(ccc9c%10ccc(-c%11ccccc%11)cc%10ccc89)c7)cc6ccc45)c3)ccc12')
[8.027462482452393] Updated in round 43! max:(0.8113207547169812, 'C=CC=Cc1cccc2c1ccc1cc(-c3ccc4c(ccc5c6ccc(-c7ccc8c(ccc9c%10ccc(-c%11cccc(C=C)c%11)cc%10ccc89)c7)cc6ccc45)c3)ccc12')
[8.995992422103882] Updated in round 44! max:(0.8301886792452831, 'C=CC=Cc1cccc2c1ccc1cc(-c3ccc4c(ccc5c6ccc(-c7ccc8c(ccc9c%10ccc(-c%11ccc(C=C)c(C=C)c%11)cc%10ccc89)c7)cc6ccc45)c3)ccc12')
[10.11015510559082] Updated in round 45! max:(0.8490566037735849, 'C=Cc1ccc(-c2ccc3c(ccc4c5ccc(-c6ccc7c(ccc8c9ccc(-c%10ccc%11c(ccc%12c%13ccccc%13ccc%11%12)c%10)cc9ccc78)c6)cc5ccc34)c2)cc1C=C')
[11.369243144989014] Updated in round 46! max:(0.8679245283018868, 'c1ccc2cc(-c3ccc4c(ccc5c6ccc(-c7ccc8c(ccc9c%10ccc(-c%11ccc%12c(ccc%13c%14ccccc%14ccc%12%13)c%11)cc%10ccc89)c7)cc6ccc45)c3)ccc2c1')
[13.292989492416382] Updated in round 47! max:(0.8867924528301887, 'C=Cc1ccc2c(ccc3c4ccc(-c5ccc6c(ccc7c8ccc(-c9ccc%10c(ccc%11c%12ccc(-c%13ccc%14ccccc%14c%13)cc%12ccc%10%11)c9)cc8ccc67)c5)cc4ccc23)c1')
[14.488353252410889] Updated in round 48! max:(0.9056603773584906, 'C=CC(=C)c1ccc2c(ccc3c4ccc(-c5ccc6c(ccc7c8ccc(-c9ccc%10c(ccc%11c%12ccc(-c%13ccc%14ccccc%14c%13)cc%12ccc%10%11)c9)cc8ccc67)c5)cc4ccc23)c1')
[15.701691389083862] Updated in round 49! max:(0.9245283018867925, 'C=CC(=C)c1ccc2c(ccc3c4ccc(-c5ccc6c(ccc7c8ccc(-c9ccc%10c(ccc%11c%12ccc(-c%13ccc%14c(C=C)cccc%14c%13)cc%12ccc%10%11)c9)cc8ccc67)c5)cc4ccc23)c1')
[17.415261030197144] Updated in round 50! max:(0.9433962264150944, 'C=C1C=CC=Cc2cccc3cc(ccc23)-c2ccc3c(ccc4c5ccc(cc5ccc34)-c3ccc4c(ccc5c6ccc(cc6ccc45)-c4ccc5c(ccc6c7ccc1cc7ccc56)c4)c3)c2')
[20.64642906188965] Updated in round 51! max:(0.9622641509433962, 'C=CC=C1C=CC=Cc2cccc3cc(ccc23)-c2ccc3c(ccc4c5ccc(cc5ccc34)-c3ccc4c(ccc5c6ccc(cc6ccc45)-c4ccc5c(ccc6c7ccc1cc7ccc56)c4)c3)c2')
[24.38706374168396] Updated in round 52! max:(0.9811320754716981, 'C1=Cc2cccc3cc(ccc23)-c2ccc3c(ccc4c5ccc(cc5ccc34)-c3ccc4c(ccc5c6ccc(cc6ccc45)-c4ccc5c(ccc6c7ccc(cc7ccc56)-c5cccc1c5)c4)c3)c2')
[29.11779761314392] Updated in round 53! max:(1.0, 'c1cc2c3ccc4c5ccc(cc5ccc24)-c2ccc4c(ccc5c6ccc(cc6ccc45)-c4ccc5c(ccc6c7ccc(cc7ccc56)-c5ccc6c(ccc7c8ccc(cc8ccc67)-c1c3)c5)c4)c2')
[29.11781144142151] Reproduced in round 53!!
