[8.559226989746094e-05] Start running HillClimbing from [H][H]...
[0.0009348392486572266] Updated in round 1! max:(0.0547945205479452, 'c1ccccc1')
[0.004278898239135742] Updated in round 2! max:(0.0958904109589041, 'c1ccc2ccccc2c1')
[0.011806488037109375] Updated in round 3! max:(0.1095890410958904, 'C=Cc1cccc2ccccc12')
[0.020218849182128906] Updated in round 4! max:(0.1232876712328767, 'C=Cc1ccc2c(C=C)cccc2c1')
[0.03457331657409668] Updated in round 5! max:(0.136986301369863, 'C=CC=Cc1cccc2cc(C=C)ccc12')
[0.05148720741271973] Updated in round 6! max:(0.1780821917808219, 'C=CC=Cc1cccc2cc(-c3ccccc3)ccc12')
[0.08551383018493652] Updated in round 7! max:(0.1917808219178082, 'C=CC=Cc1cccc2cc(-c3ccccc3C=C)ccc12')
[0.12617826461791992] Updated in round 8! max:(0.2328767123287671, 'C=Cc1ccccc1-c1ccc2c(C=Cc3ccccc3)cccc2c1')
[0.174086332321167] Updated in round 9! max:(0.2465753424657534, 'C(=Cc1cccc2cc3c(ccc4ccccc43)cc12)c1ccccc1')
[0.22208499908447266] Updated in round 10! max:(0.2876712328767123, 'C(=Cc1cccc2cc3c(ccc4cc5ccccc5cc43)cc12)c1ccccc1')
[0.2971456050872803] Updated in round 11! max:(0.3013698630136986, 'C=Cc1ccc(C=Cc2cccc3cc4c(ccc5cc6ccccc6cc54)cc23)cc1')
[0.3823883533477783] Updated in round 12! max:(0.3150684931506849, 'C=Cc1ccc(C=Cc2cccc3cc4c(ccc5cc6ccc(C=C)cc6cc54)cc23)cc1')
[0.5317051410675049] Updated in round 13! max:(0.3698630136986301, 'C=Cc1ccc2cc3ccc4cc5c(C=Cc6ccc(C=Cc7ccccc7)cc6)cccc5cc4c3cc2c1')
[0.7776918411254883] Updated in round 14! max:(0.3835616438356164, 'C=Cc1ccc(C=Cc2ccc(C=Cc3cccc4cc5c(ccc6cc7ccc(C=C)cc7cc65)cc34)cc2)cc1')
[0.9623458385467529] Updated in round 15! max:(0.410958904109589, 'C=Cc1ccc2cc3ccc4cc5c(C=Cc6ccc(C=Cc7ccc8ccccc8c7)cc6)cccc5cc4c3cc2c1')
[1.2542929649353027] Updated in round 16! max:(0.4520547945205479, 'C=Cc1ccc2cc3ccc4cc5c(C=Cc6ccc(C=Cc7ccc8c(ccc9ccccc98)c7)cc6)cccc5cc4c3cc2c1')
[1.6244370937347412] Updated in round 17! max:(0.5068493150684932, 'C=Cc1ccc2cc3ccc4cc5c(C=Cc6ccc(C=Cc7ccc8c(ccc9cc(-c%10ccccc%10)ccc98)c7)cc6)cccc5cc4c3cc2c1')
[2.153219699859619] Updated in round 18! max:(0.5205479452054794, 'C=Cc1ccc2cc3ccc4cc5c(C=Cc6ccc(C=Cc7ccc8c(ccc9cc(-c%10ccccc%10)c(C=C)cc98)c7)cc6)cccc5cc4c3cc2c1')
[2.6952781677246094] Updated in round 19! max:(0.547945205479452, 'C=Cc1cc2c(ccc3cc(C=Cc4ccc(C=Cc5cccc6cc7c(ccc8cc9ccc%10ccccc%10c9cc87)cc56)cc4)ccc32)cc1-c1ccccc1')
[3.248563289642334] Updated in round 20! max:(0.589041095890411, 'C=Cc1cc2c(ccc3cc(C=Cc4ccc(C=Cc5cccc6cc7c(ccc8cc9ccc%10ccccc%10c9cc87)cc56)cc4)ccc32)cc1-c1ccc2ccccc2c1')
[4.13066840171814] Updated in round 21! max:(0.6027397260273972, 'C=Cc1cc(C=Cc2ccc3c(ccc4cc(-c5ccc6ccccc6c5)c(C=C)cc43)c2)ccc1C=Cc1cccc2cc3c(ccc4cc5ccc6ccccc6c5cc43)cc12')
[4.7063984870910645] Updated in round 22! max:(0.6438356164383562, 'C=Cc1cc(C=Cc2ccc3c(ccc4cc(-c5ccc6ccccc6c5)c(C=C)cc43)c2)ccc1C=Cc1cccc2cc3c(ccc4cc5ccc6cc7ccccc7cc6c5cc43)cc12')
[5.72546124458313] Updated in round 23! max:(0.6575342465753424, 'C=CC(=Cc1cccc2cc3c(ccc4cc5ccc6cc7ccccc7cc6c5cc43)cc12)c1ccc(C=Cc2ccc3c(ccc4cc(-c5ccc6ccccc6c5)c(C=C)cc43)c2)cc1C=C')
[6.524209499359131] Updated in round 24! max:(0.6712328767123288, 'C=CC(=Cc1cccc2cc3c(ccc4cc5ccc6cc7ccccc7cc6c5cc43)cc12)c1cc2c(ccc3cc4ccc5cc(-c6ccc7ccccc7c6)c(C=C)cc5c4cc32)cc1C=C')
[7.312897205352783] Updated in round 25! max:(0.684931506849315, 'C=CC(=Cc1cccc2cc3c(ccc4cc5ccc6cc7ccc(C=C)cc7cc6c5cc43)cc12)c1cc2c(ccc3cc4ccc5cc(-c6ccc7ccccc7c6)c(C=C)cc5c4cc32)cc1C=C')
[8.132499694824219] Updated in round 26! max:(0.6986301369863014, 'C=Cc1ccc2cc3ccc4cc5ccc6cc7c(C=c8c(=C)ccc9cc%10ccc%11cc%12ccc%13cc(-c%14ccc%15ccccc%15c%14)c(C=C)cc%13c%12cc%11c%10cc89)cccc7cc6c5cc4c3cc2c1')
[8.930404663085938] Updated in round 27! max:(0.7123287671232876, 'C=Cc1ccc2cc3ccc4cc5ccc6cc7c(C=c8c(=C)ccc9cc%10ccc%11cc%12ccc%13cc%14c(ccc%15cc%16ccccc%16cc%15%14)cc%13c%12cc%11c%10cc89)cccc7cc6c5cc4c3cc2c1')
[9.884385585784912] Updated in round 28! max:(0.726027397260274, 'C=Cc1ccc2cc3ccc4cc5c(ccc6cc7ccc8cc9ccc(=C)c(=Cc%10cccc%11cc%12c(ccc%13cc%14ccc%15cc%16ccc(C=C)cc%16cc%15c%14cc%13%12)cc%10%11)c9cc8c7cc65)cc4c3cc2c1')
[11.228532314300537] Updated in round 29! max:(0.7534246575342466, 'C=Cc1ccc2cc3ccc4cc5ccc6cc7c(C=c8c(=C)ccc9cc%10ccc%11cc%12ccc%13cc%14c(ccc%15cc%16ccc%17ccccc%17c%16cc%15%14)cc%13c%12cc%11c%10cc89)cccc7cc6c5cc4c3cc2c1')
[13.102794885635376] Updated in round 30! max:(0.7945205479452054, 'C=Cc1ccc2cc3ccc4cc5ccc6cc7c(C=c8c(=C)ccc9cc%10ccc%11cc%12ccc%13cc%14c(ccc%15cc%16ccc%17cc%18ccccc%18cc%17c%16cc%15%14)cc%13c%12cc%11c%10cc89)cccc7cc6c5cc4c3cc2c1')
[14.3666250705719] Updated in round 31! max:(0.8082191780821918, 'C=Cc1ccc2cc3ccc4cc5ccc6cc7c(C=c8c(=C)ccc9cc%10ccc%11cc%12ccc%13cc%14c(ccc%15cc%16ccc%17cc%18cccc(C=C)c%18cc%17c%16cc%15%14)cc%13c%12cc%11c%10cc89)cccc7cc6c5cc4c3cc2c1')
[16.423142671585083] Updated in round 32! max:(0.821917808219178, 'C=Cc1ccc2cc3ccc4cc5ccc6cc7c(C=c8c(=C)ccc9cc%10ccc%11cc%12ccc%13cc%14c(ccc%15cc%16ccc%17cc%18ccc(C=C)c(C=C)c%18cc%17c%16cc%15%14)cc%13c%12cc%11c%10cc89)cccc7cc6c5cc4c3cc2c1')
[17.94854235649109] Updated in round 33! max:(0.8356164383561644, 'C=CC=Cc1ccc2cc3ccc4cc5ccc6cc7c(ccc8cc9ccc%10cc%11ccc(=C)c(=Cc%12cccc%13cc%14c(ccc%15cc%16ccc%17cc%18ccc(C=C)cc%18cc%17c%16cc%15%14)cc%12%13)c%11cc%10c9cc87)cc6c5cc4c3cc2c1C=C')
[20.073771715164185] Updated in round 34! max:(0.8904109589041096, 'C=Cc1ccc2cc3ccc4cc5ccc6cc7c(C=c8c(=C)ccc9cc%10ccc%11cc%12ccc%13cc%14c(ccc%15cc%16ccc%17cc%18ccc(C=CC=Cc%19ccccc%19)c(C=C)c%18cc%17c%16cc%15%14)cc%13c%12cc%11c%10cc89)cccc7cc6c5cc4c3cc2c1')
[22.93786644935608] Updated in round 35! max:(0.9041095890410958, 'C=Cc1ccc2cc3ccc4cc5ccc6cc7c(ccc8cc9ccc%10cc%11ccc%12cc%13ccc%14cc%15c(ccc%16cc%17ccc%18cc%19ccc(C=CC=Cc%20ccccc%20)c(C=C)c%19cc%18c%17cc%16%15)cc%14c%13cc%12c%11cc%10c9cc87)cc6c5cc4c3cc2c1')
[26.0455904006958] Updated in round 36! max:(0.9178082191780822, 'C=CC=Cc1ccc2cc3ccc4cc5ccc6cc7c(ccc8cc9ccc%10cc%11ccc%12cc%13ccc%14cc%15c(ccc%16cc%17ccc%18cc%19ccc(C=CC=Cc%20ccccc%20)c(C=C)c%19cc%18c%17cc%16%15)cc%14c%13cc%12c%11cc%10c9cc87)cc6c5cc4c3cc2c1')
[29.255932092666626] Updated in round 37! max:(0.9315068493150684, 'C=CC=Cc1ccc2cc3ccc4cc5ccc6cc7c(ccc8cc9ccc%10cc%11ccc%12cc%13ccc%14cc%15c(ccc%16cc%17ccc%18cc%19ccc(C=CC=Cc%20cccc(C=C)c%20)c(C=C)c%19cc%18c%17cc%16%15)cc%14c%13cc%12c%11cc%10c9cc87)cc6c5cc4c3cc2c1')
[36.00142431259155] Updated in round 38! max:(0.9452054794520548, 'C=CC1=Cc2ccc3cc4ccc5cc6ccc7cc8c(ccc9cc%10ccc%11cc%12ccc%13cc%14ccc%15cc%16c(ccc%17cc%18ccc%19cc%20ccc(c(C=C)c%20cc%19c%18cc%17%16)C=CC=Cc%16cccc(c%16)C1=C)cc%15c%14cc%13c%12cc%11c%10cc98)cc7c6cc5c4cc3c2')
[42.511311292648315] Updated in round 39! max:(0.958904109589041, 'C=Cc1cc2ccc3cc4ccc5cc6ccc7cc8c9ccc%10cc%11ccc%12cc%13ccc%14cc%15ccc%16cc%17c(ccc%18cc%19ccc%20cc%21ccc(c(C=C)c%21cc%20c%19cc%18%17)C=CC=Cc%17cccc(c%17)-c1cc2c3cc4c5cc6c7c9)cc%16c%15cc%14c%13cc%12c%11cc%108')
[48.010467767715454] Updated in round 40! max:(0.9726027397260274, 'C=Cc1cc2ccc3cc4ccc5cc6ccc7cc8c9ccc%10cc%11ccc%12cc%13ccc%14cc%15ccc%16cc%17c(ccc%18cc%19ccc%20cc%21ccc%22cc(ccc%22c%21cc%20c%19cc%18%17)C=Cc%17cccc(c%17)-c1cc2c3cc4c5cc6c7c9)cc%16c%15cc%14c%13cc%12c%11cc%108')
[54.97135949134827] Updated in round 41! max:(0.9863013698630136, 'C=Cc1cc2ccc3cc4ccc5cc6ccc7cc8c9ccc%10cc%11ccc%12cc%13ccc%14cc%15ccc%16cc%17c(ccc%18cc%19ccc%20cc%21ccc%22cc%23ccc%24cc(ccc%24c%23cc%22c%21cc%20c%19cc%18%17)-c1cc2c3cc4c5cc6c7c9)cc%16c%15cc%14c%13cc%12c%11cc%108')
[65.17303276062012] Updated in round 42! max:(1.0, 'c1cc2cc3ccc4cc5ccc6cc7ccc8cc9c%10ccc%11cc%12ccc%13cc%14ccc%15cc%16ccc%17cc%18c(ccc%19cc%20ccc%21cc%22ccc%23cc%24ccc%25cc(c1cc%25c%24cc%23c%22cc%21c%20cc%19%18)c2cc3c4cc5c6cc7c8c%10)cc%17c%16cc%15c%14cc%13c%12cc%119')
[65.17304825782776] Reproduced in round 42!!
