[5.14984130859375e-05] Start running HillClimbing from [H][H]...
[0.0005257129669189453] Updated in round 1! max:(0.10810810810810811, 'c1ccccc1')
[0.003528118133544922] Updated in round 2! max:(0.1891891891891892, 'c1ccc2ccccc2c1')
[0.00953054428100586] Updated in round 3! max:(0.2702702702702703, 'c1ccc2c(c1)ccc1ccccc12')
[0.021592378616333008] Updated in round 4! max:(0.2972972972972973, 'C=Cc1cccc2ccc3ccccc3c12')
[0.03426504135131836] Updated in round 5! max:(0.32432432432432434, 'C=Cc1ccc2c(ccc3cccc(C=C)c32)c1')
[0.05063796043395996] Updated in round 6! max:(0.40540540540540543, 'C=Cc1ccc2c(ccc3cccc(-c4ccccc4)c32)c1')
[0.09177565574645996] Updated in round 7! max:(0.4594594594594595, 'C=Cc1ccc2c(ccc3ccc4ccc5ccccc5c4c32)c1')
[0.1279921531677246] Updated in round 8! max:(0.5135135135135135, 'c1ccc2c(c1)ccc1c2ccc2ccc3ccc4ccccc4c3c21')
[0.1685314178466797] Updated in round 9! max:(0.5405405405405406, 'C=Cc1ccc2ccc3ccc4ccc5c6ccccc6ccc5c4c3c2c1')
[0.24722838401794434] Updated in round 10! max:(0.6486486486486487, 'C=Cc1ccc2ccc3ccc4ccc5c6ccccc6ccc5c4c3c2c1-c1ccccc1')
[0.3380730152130127] Updated in round 11! max:(0.6756756756756757, 'C=Cc1ccc2ccc3c(ccc4ccc5ccc6ccc(C=C)c(-c7ccccc7)c6c5c43)c2c1')
[0.5013341903686523] Updated in round 12! max:(0.7297297297297297, 'C=Cc1ccc2ccc3ccc4ccc5c(ccc6ccc7ccccc7c65)c4c3c2c1-c1ccccc1')
[0.6340656280517578] Updated in round 13! max:(0.7567567567567568, 'C=Cc1ccc2ccc3ccc4c(ccc5ccc6ccc7ccc(C=C)c(-c8ccccc8)c7c6c54)c3c2c1')
[0.7606358528137207] Updated in round 14! max:(0.8108108108108109, 'C=Cc1ccc2ccc3ccc4ccc5c(ccc6ccc7ccc8ccccc8c7c65)c4c3c2c1-c1ccccc1')
[0.8985707759857178] Updated in round 15! max:(0.8378378378378378, 'c1ccc2c(c1)ccc1ccc3ccc4c(ccc5ccc6ccc7ccc8ccc9ccccc9c8c7c6c54)c3c12')
[1.0796327590942383] Updated in round 16! max:(0.8648648648648649, 'C=Cc1cccc2ccc3ccc4ccc5c(ccc6ccc7ccc8ccc9ccc%10ccccc%10c9c8c7c65)c4c3c12')
[1.3401944637298584] Updated in round 17! max:(0.8918918918918919, 'C=Cc1ccc2ccc3ccc4ccc5c(ccc6ccc7ccc8ccc9ccc%10ccccc%10c9c8c7c65)c4c3c2c1C=C')
[1.6372053623199463] Updated in round 18! max:(0.918918918918919, 'C=Cc1ccc2ccc3ccc4ccc5c(ccc6ccc7ccc8ccc9ccc%10cccc(C=C)c%10c9c8c7c65)c4c3c2c1C=C')
[2.0471816062927246] Updated in round 19! max:(0.9459459459459459, 'C=Cc1ccc2ccc3ccc4ccc5c6ccc7ccc8ccc9ccc%10ccc%11ccc(c(C=C)c%11c%10c9c8c75)c(=C)c1c2c3c46')
[2.3682968616485596] Updated in round 20! max:(0.972972972972973, 'C=Cc1c2ccc3ccc4ccc5ccc6ccc7ccc8c(ccc9ccc%10ccc%11ccc%12cccc2c%12c%11c%10c98)c7c6c5c4c13')
[2.8524065017700195] Updated in round 21! max:(1.0, 'c1cc2ccc3ccc4ccc5ccc6c7ccc8ccc9ccc%10ccc%11ccc%12ccc%13c(ccc1c%13c2c3c4c57)c%12c%11c%10c9c86')
[2.852419137954712] Reproduced in round 21!!
