[6.556510925292969e-05] Start running HillClimbing from [H][H]...
[0.0006628036499023438] Updated in round 1! max:(0.07547169811320754, 'c1ccccc1')
[0.003728151321411133] Updated in round 2! max:(0.1320754716981132, 'c1ccc2ccccc2c1')
[0.009756088256835938] Updated in round 3! max:(0.18867924528301888, 'c1ccc2c(c1)ccc1ccccc12')
[0.022066116333007812] Updated in round 4! max:(0.2641509433962264, 'c1ccc(-c2ccc3c(ccc4ccccc43)c2)cc1')
[0.04678058624267578] Updated in round 5! max:(0.2830188679245283, 'C=Cc1cccc2c1ccc1cc(-c3ccccc3)ccc12')
[0.07430505752563477] Updated in round 6! max:(0.32075471698113206, 'c1ccc(-c2ccc3c(ccc4c5ccccc5ccc34)c2)cc1')
[0.11191415786743164] Updated in round 7! max:(0.33962264150943394, 'C=Cc1ccc(-c2ccc3c(ccc4c5ccccc5ccc34)c2)cc1')
[0.15497899055480957] Updated in round 8! max:(0.3584905660377358, 'C=CC(=C)c1ccc(-c2ccc3c(ccc4c5ccccc5ccc34)c2)cc1')
[0.2102658748626709] Updated in round 9! max:(0.37735849056603776, 'C=CC(=C)c1ccc(-c2ccc3c(ccc4c5ccc(C=C)cc5ccc34)c2)cc1')
[0.2660176753997803] Updated in round 10! max:(0.4528301886792453, 'C=Cc1ccc2c(ccc3c4ccc(-c5ccc(C(=C)C=Cc6ccccc6)cc5)cc4ccc23)c1')
[0.3765869140625] Updated in round 11! max:(0.4716981132075472, 'C=Cc1cccc(C=CC(=C)c2ccc(-c3ccc4c(ccc5c6ccc(C=C)cc6ccc45)c3)cc2)c1')
[0.5000543594360352] Updated in round 12! max:(0.5283018867924528, 'C=Cc1cccc(C=CC(=C)c2ccc(-c3ccc4c(ccc5c6ccc(-c7ccccc7)cc6ccc45)c3)cc2)c1')
[0.6813743114471436] Updated in round 13! max:(0.5471698113207547, 'C=CC=Cc1cccc(C=CC(=C)c2ccc(-c3ccc4c(ccc5c6ccc(-c7ccccc7)cc6ccc45)c3)cc2)c1')
[0.9898281097412109] Updated in round 14! max:(0.5660377358490566, 'C=CC(=C)C=Cc1cccc(C=CC(=C)c2ccc(-c3ccc4c(ccc5c6ccc(-c7ccccc7)cc6ccc45)c3)cc2)c1')
[1.2156548500061035] Updated in round 15! max:(0.6415094339622641, 'C=CC(C=Cc1cccc(C=CC(=C)c2ccc(-c3ccc4c(ccc5c6ccc(-c7ccccc7)cc6ccc45)c3)cc2)c1)=Cc1ccccc1')
[1.565312385559082] Updated in round 16! max:(0.6981132075471698, 'C=CC(C=Cc1cccc(C=CC(=C)c2ccc(-c3ccc4c(ccc5c6ccc(-c7ccc8ccccc8c7)cc6ccc45)c3)cc2)c1)=Cc1ccccc1')
[1.9565415382385254] Updated in round 17! max:(0.7169811320754716, 'C=CC(C=Cc1cccc(C=CC(=C)c2ccc(-c3ccc4c(ccc5c6ccc(-c7ccc8ccccc8c7)cc6ccc45)c3)cc2)c1)=Cc1ccc(C=C)cc1')
[2.385795831680298] Updated in round 18! max:(0.7358490566037735, 'C=CC(C=Cc1cccc(C=CC(=C)c2ccc(-c3ccc4c(ccc5c6ccc(-c7ccc8ccccc8c7)cc6ccc45)c3)cc2C=C)c1)=Cc1ccc(C=C)cc1')
[2.8579044342041016] Updated in round 19! max:(0.7547169811320755, 'C=CC=Cc1ccc(C=C(C=C)C=Cc2cccc(C=CC(=C)c3ccc(-c4ccc5c(ccc6c7ccc(-c8ccc9ccccc9c8)cc7ccc56)c4)cc3C=C)c2)cc1')
[3.4113543033599854] Updated in round 20! max:(0.7735849056603774, 'C=CC(C=C)=Cc1ccc(C=C(C=C)C=Cc2cccc(C=CC(=C)c3ccc(-c4ccc5c(ccc6c7ccc(-c8ccc9ccccc9c8)cc7ccc56)c4)cc3C=C)c2)cc1')
[4.082304954528809] Updated in round 21! max:(0.7924528301886793, 'C=CC=CC(C=C)=Cc1ccc(C=C(C=C)C=Cc2cccc(C=CC(=C)c3ccc(-c4ccc5c(ccc6c7ccc(-c8ccc9ccccc9c8)cc7ccc56)c4)cc3C=C)c2)cc1')
[4.71004319190979] Updated in round 22! max:(0.8113207547169812, 'C=CC=CC(C=C)=Cc1ccc(C=C(C=C)C=Cc2cccc(C=CC(=C)c3ccc(-c4ccc5c(ccc6c7ccc(-c8ccc9c(C=C)cccc9c8)cc7ccc56)c4)cc3C=C)c2)cc1')
[5.478874444961548] Updated in round 23! max:(0.8301886792452831, 'C=CC1=Cc2ccc(cc2)C=C(C=C)C=Cc2cccc(c2)C=CC(=C)c2ccc(cc2C=C)-c2ccc3c(ccc4c5ccc(cc5ccc34)-c3ccc4c(cccc4c3)C=CC(=C)C=C1)c2')
[6.5069739818573] Updated in round 24! max:(0.8490566037735849, 'C=CC1=Cc2ccc(cc2)C=C(C=C)C=C(C=C)c2cccc(c2)C=CC(=C)c2ccc(cc2C=C)-c2ccc3c(ccc4c5ccc(cc5ccc34)-c3ccc4c(cccc4c3)C=CC(=C)C=C1)c2')
[7.449993133544922] Updated in round 25! max:(0.8679245283018868, 'C=CC1=Cc2ccc(cc2)C=C(C=C)C(C=C)=CC(=C)C=Cc2cccc3cc(ccc23)-c2ccc3c(ccc4c5ccc(cc5ccc34)-c3ccc(c(C=C)c3)C(=C)C=Cc3cccc(c3)C(C=C)=C1)c2')
[8.378782033920288] Updated in round 26! max:(0.8867924528301887, 'C=CC1=Cc2ccc(cc2)C=C(C=C)c2cccc(c2)C=Cc2cccc3cc(ccc23)-c2ccc3c(ccc4c5ccc(cc5ccc34)-c3ccc(c(C=C)c3)C(=C)C=Cc3cccc(c3)C(C=C)=C1)c2')
[9.435060024261475] Updated in round 27! max:(0.9056603773584906, 'C=CC1=Cc2ccc(cc2)C=C(C=C)c2cccc(c2)C=Cc2cccc3cc(ccc23)-c2ccc3c(ccc4c5ccc(cc5ccc34)-c3ccc(c(C=C)c3)-c3ccc4cc(ccc4c3)C(C=C)=C1)c2')
[11.184271335601807] Updated in round 28! max:(0.9245283018867925, 'C=CC1=Cc2ccc3cc(ccc3c2)-c2cccc(c2)C=Cc2cccc3cc(ccc23)-c2ccc3c(ccc4c5ccc(cc5ccc34)-c3ccc(c(C=C)c3)-c3ccc4cc(ccc4c3)C(C=C)=C1)c2')
[13.41191554069519] Updated in round 29! max:(0.9433962264150944, 'C=Cc1cc2ccc1-c1ccc3cc(ccc3c1)-c1cccc(c1)C=Cc1cccc3cc(ccc13)-c1ccc3c(ccc4c5ccc(cc5ccc34)-c3ccc(c(C=C)c3)-c3ccc4cc-2ccc4c3)c1')
[18.872278690338135] Updated in round 30! max:(0.9622641509433962, 'C=Cc1cc2ccc1-c1ccc3cc(ccc3c1)-c1ccc3c(ccc4c5ccc(cc5ccc34)-c3ccc4c(ccc5c6ccc(cc6ccc45)-c4ccc(c(C=C)c4)-c4ccc5cc-2ccc5c4)c3)c1')
[23.30319046974182] Updated in round 31! max:(0.9811320754716981, 'C=Cc1cc2ccc1-c1ccc3cc(ccc3c1)-c1ccc3c(ccc4c5ccc(cc5ccc34)-c3ccc4c(ccc5c6ccc(cc6ccc45)-c4ccc5c(ccc6c7ccc-2cc7ccc56)c4)c3)c1')
[31.536669492721558] Updated in round 32! max:(1.0, 'c1cc2c3ccc4c5ccc(cc5ccc24)-c2ccc4c(ccc5c6ccc(cc6ccc45)-c4ccc5c(ccc6c7ccc(cc7ccc56)-c5ccc6c(ccc7c8ccc(cc8ccc67)-c1c3)c5)c4)c2')
[31.536684036254883] Reproduced in round 32!!
