[5.602836608886719e-05] Start running HillClimbing from [H][H]...
[0.0003871917724609375] Updated in round 1! max:(0.03571428571428571, 'C=C')
[0.0008523464202880859] Updated in round 2! max:(0.07142857142857142, 'C=CC=C')
[0.0016319751739501953] Updated in round 3! max:(0.10714285714285714, 'C=CC(=C)C=C')
[0.002997875213623047] Updated in round 4! max:(0.14285714285714285, 'C=CC=C(C=C)C=C')
[0.004880189895629883] Updated in round 5! max:(0.17857142857142858, 'C=CC=CC=C(C=C)C=C')
[0.007905244827270508] Updated in round 6! max:(0.21428571428571427, 'C=CC=C(C=C)C=C(C=C)C=C')
[0.013625860214233398] Updated in round 7! max:(0.25, 'C=CC=CC(C=C)=CC(C=C)=CC=C')
[0.020668983459472656] Updated in round 8! max:(0.2857142857142857, 'C=CC=C(C=C)C=c1ccc(=C)cc1')
[0.02866530418395996] Updated in round 9! max:(0.32142857142857145, 'C=CC=C(C=C)C=c1ccc(=CC=C)cc1')
[0.04031229019165039] Updated in round 10! max:(0.35714285714285715, 'C=CC=c1ccc(=Cc2ccccc2)cc1')
[0.05066823959350586] Updated in round 11! max:(0.39285714285714285, 'C=CC=c1ccc(=Cc2ccc(C=C)cc2)cc1')
[0.06691193580627441] Updated in round 12! max:(0.42857142857142855, 'C=CC(=C)C=c1ccc(=Cc2ccc(C=C)cc2)cc1')
[0.09121537208557129] Updated in round 13! max:(0.4642857142857143, 'C=CC=CC(=C)C=c1ccc(=Cc2ccc(C=C)cc2)cc1')
[0.11282491683959961] Updated in round 14! max:(0.5, 'C=CC(=C)C=CC(=C)C=c1ccc(=Cc2ccc(C=C)cc2)cc1')
[0.14400458335876465] Updated in round 15! max:(0.5357142857142857, 'C=CC=Cc1ccc(C=c2ccc(=CC(=C)C=CC(=C)C=C)cc2)cc1')
[0.17899131774902344] Updated in round 16! max:(0.5714285714285714, 'C=CC(=C)C=CC(=C)C=c1ccc(=Cc2ccc(C=C(C=C)C=C)cc2)cc1')
[0.21581768989562988] Updated in round 17! max:(0.6071428571428571, 'C=CC(C=C)=Cc1ccc(C=c2ccc(=Cc3ccc(C=C)cc3)cc2)cc1')
[0.2573733329772949] Updated in round 18! max:(0.6428571428571429, 'C=CC=Cc1ccc(C=c2ccc(=Cc3ccc(C=C(C=C)C=C)cc3)cc2)cc1')
[0.3293569087982178] Updated in round 19! max:(0.6785714285714286, 'C=CC=CC(C=C)=Cc1ccc(C=c2ccc(=Cc3ccc(C=CC=C)cc3)cc2)cc1')
[0.4027132987976074] Updated in round 20! max:(0.7142857142857143, 'C=CC=CC=CC(C=C)=Cc1ccc(C=c2ccc(=Cc3ccc(C=CC=C)cc3)cc2)cc1')
[0.4848499298095703] Updated in round 21! max:(0.75, 'C=CC=CC=CC(C=C)=Cc1ccc(C=c2ccc(=Cc3ccc(C=C(C=C)C=C)cc3)cc2)cc1')
[0.5733997821807861] Updated in round 22! max:(0.7857142857142857, 'C=CC=c1ccc(=Cc2ccc(C=c3ccc(=Cc4ccc(C=C(C=C)C=C)cc4)cc3)cc2)cc1')
[0.6783018112182617] Updated in round 23! max:(0.8214285714285714, 'C=CC(=C)C=c1ccc(=Cc2ccc(C=c3ccc(=Cc4ccc(C=C(C=C)C=C)cc4)cc3)cc2)cc1')
[0.785435676574707] Updated in round 24! max:(0.8571428571428571, 'C=CC=CC(C=C)=Cc1ccc(C=c2ccc(=Cc3ccc(C=c4ccc(=CC(=C)C=C)cc4)cc3)cc2)cc1')
[0.9112370014190674] Updated in round 25! max:(0.8928571428571429, 'C=CC(=C)C=c1ccc(=Cc2ccc(C=c3ccc(=Cc4ccc(C=c5ccc(=C)cc5)cc4)cc3)cc2)cc1')
[1.0279145240783691] Updated in round 26! max:(0.9285714285714286, 'C=CC=c1ccc(=Cc2ccc(C=c3ccc(=Cc4ccc(C=c5ccc(=CC(=C)C=C)cc5)cc4)cc3)cc2)cc1')
[1.1644415855407715] Updated in round 27! max:(0.9642857142857143, 'C=c1ccc(=C)cc2ccc(cc2)cc2ccc(cc2)cc2ccc(cc2)cc2ccc(cc2)cc2ccc(cc2)c1')
[1.4104249477386475] Updated in round 28! max:(1.0, 'c1cc2ccc1cc1ccc(cc1)cc1ccc(cc1)cc1ccc(cc1)cc1ccc(cc1)cc1ccc(cc1)c2')
[1.410437822341919] Reproduced in round 28!!
