[5.2928924560546875e-05] Start running HillClimbing from [H][H]...
[0.0003743171691894531] Updated in round 1! max:(0.03571428571428571, 'C=C')
[0.001056671142578125] Updated in round 2! max:(0.14285714285714285, 'c1ccccc1')
[0.004183053970336914] Updated in round 3! max:(0.17857142857142858, 'C=Cc1ccccc1')
[0.008501052856445312] Updated in round 4! max:(0.21428571428571427, 'C=CC=Cc1ccccc1')
[0.015201807022094727] Updated in round 5! max:(0.25, 'C=CC=CC=Cc1ccccc1')
[0.024633169174194336] Updated in round 6! max:(0.2857142857142857, 'C=CC=CC=CC=Cc1ccccc1')
[0.03560495376586914] Updated in round 7! max:(0.32142857142857145, 'C=CC=CC=CC=Cc1ccc(C=C)cc1')
[0.05007195472717285] Updated in round 8! max:(0.35714285714285715, 'C=CC(=C)C=CC=CC=Cc1ccc(C=C)cc1')
[0.06764936447143555] Updated in round 9! max:(0.39285714285714285, 'C=CC(=C)C=CC=CC(C=C)=Cc1ccc(C=C)cc1')
[0.08768486976623535] Updated in round 10! max:(0.42857142857142855, 'C=CC=CC(=C)C=CC=CC(C=C)=Cc1ccc(C=C)cc1')
[0.16253066062927246] Updated in round 11! max:(0.4642857142857143, 'C=CC=CC(=C)C=c1ccc(=Cc2ccc(C=C)cc2)cc1')
[0.21609044075012207] Updated in round 12! max:(0.5, 'C=CC(=C)C=CC(=C)C=c1ccc(=Cc2ccc(C=C)cc2)cc1')
[0.24891996383666992] Updated in round 13! max:(0.5357142857142857, 'C=Cc1ccc(C=c2ccc(=Cc3ccc(C=C)cc3)cc2)cc1')
[0.2919173240661621] Updated in round 14! max:(0.5714285714285714, 'C=CC=Cc1ccc(C=c2ccc(=Cc3ccc(C=C)cc3)cc2)cc1')
[0.3555643558502197] Updated in round 15! max:(0.6071428571428571, 'C=CC=CC=Cc1ccc(C=c2ccc(=Cc3ccc(C=C)cc3)cc2)cc1')
[0.41989874839782715] Updated in round 16! max:(0.6428571428571429, 'C=CC=CC=Cc1ccc(C=c2ccc(=Cc3ccc(C=CC=C)cc3)cc2)cc1')
[0.507171630859375] Updated in round 17! max:(0.6785714285714286, 'C=CC=CC=Cc1ccc(C=c2ccc(=Cc3ccc(C=CC=CC=C)cc3)cc2)cc1')
[0.6007750034332275] Updated in round 18! max:(0.7142857142857143, 'C=CC=CC=Cc1ccc(C=c2ccc(=Cc3ccc(C=CC=CC(=C)C=C)cc3)cc2)cc1')
[0.7025961875915527] Updated in round 19! max:(0.75, 'C=CC=CC=Cc1ccc(C=c2ccc(=Cc3ccc(C=c4ccc(=C)cc4)cc3)cc2)cc1')
[0.7987821102142334] Updated in round 20! max:(0.7857142857142857, 'C=CC=CC=CC=Cc1ccc(C=c2ccc(=Cc3ccc(C=c4ccc(=C)cc4)cc3)cc2)cc1')
[0.9194579124450684] Updated in round 21! max:(0.8928571428571429, 'C=c1ccc(=Cc2ccc(C=c3ccc(=Cc4ccc(C=CC=CC=Cc5ccccc5)cc4)cc3)cc2)cc1')
[1.076434850692749] Updated in round 22! max:(0.9285714285714286, 'C=CC(C=CC=Cc1ccc(C=c2ccc(=Cc3ccc(C=c4ccc(=C)cc4)cc3)cc2)cc1)=Cc1ccccc1')
[1.2584712505340576] Updated in round 23! max:(0.9642857142857143, 'C=Cc1ccccc2ccc(cc2)cc2ccc(cc2)cc2ccc(cc2)cc2ccc(cc2)cc2ccc(cc2)c1')
[1.6411831378936768] Updated in round 24! max:(1.0, 'c1cc2ccc1cc1ccc(cc1)cc1ccc(cc1)cc1ccc(cc1)cc1ccc(cc1)cc1ccc(cc1)c2')
[1.6411943435668945] Reproduced in round 24!!
