[5.8650970458984375e-05] Start running HillClimbing from [H][H]...
[0.0004601478576660156] Updated in round 1! max:(0.02040816326530612, 'C#C')
[0.0009391307830810547] Updated in round 2! max:(0.04081632653061224, 'C#CC=C')
[0.0016193389892578125] Updated in round 3! max:(0.061224489795918366, 'C#CC(=C)C=C')
[0.0024988651275634766] Updated in round 4! max:(0.08163265306122448, 'C#CC(=C)C(=C)C=C')
[0.003869771957397461] Updated in round 5! max:(0.10204081632653061, 'C#CC(=C)C(=C)C=CC=C')
[0.006188154220581055] Updated in round 6! max:(0.12244897959183673, 'C#CC(=C)C(=C)C(C=C)=CC=C')
[0.009019613265991211] Updated in round 7! max:(0.14285714285714285, 'C#CC(=C)C(=C)C(=CC=C)C(=C)C#C')
[0.012151241302490234] Updated in round 8! max:(0.16326530612244897, 'C#CC(=C)C(=CC=C)C(=C)C(C#C)=CC=C')
[0.01724100112915039] Updated in round 9! max:(0.1836734693877551, 'C#CC(=C)C(C(=C)C(C#C)=CC=C)=C(C=C)C=C')
[0.02407550811767578] Updated in round 10! max:(0.20408163265306123, 'C#CC(=C)C(C(=CC=C)C(C#C)=CC=C)=C(C=C)C=C')
[0.03268909454345703] Updated in round 11! max:(0.22448979591836735, 'C#CC(=C)C(C(=CC=C)C(C#C)=CC=C)=C(C=C)C=CC=C')
[0.04861092567443848] Updated in round 12! max:(0.24489795918367346, 'C#CC(=C)C(C(=CC=CC=C)C(C#C)=CC=C)=C(C=C)C=CC=C')
[0.06526756286621094] Updated in round 13! max:(0.2653061224489796, 'C#CC(=C)C(=C(C=C)C=CC=C)c1c(C#C)cccc1C=CC=C')
[0.08347892761230469] Updated in round 14! max:(0.2857142857142857, 'C#Cc1cccc(C=CC=C)c1-c1c(C#C)cccc1C=CC=C')
[0.10549736022949219] Updated in round 15! max:(0.30612244897959184, 'C#CC#Cc1cccc(C=CC=C)c1-c1c(C#C)cccc1C=CC=C')
[0.12651968002319336] Updated in round 16! max:(0.32653061224489793, 'C#CC#Cc1cccc(C=CC=C)c1-c1c(C#CC#C)cccc1C=CC=C')
[0.14989042282104492] Updated in round 17! max:(0.3469387755102041, 'C#CC#Cc1cccc(C=CC=C)c1-c1c(C#CC#C)ccc2ccccc12')
[0.17764806747436523] Updated in round 18! max:(0.3673469387755102, 'C#CC#Cc1ccc2ccccc2c1-c1c(C#CC#CC=C)cccc1C=CC=C')
[0.20719361305236816] Updated in round 19! max:(0.3877551020408163, 'C=CC#CC#Cc1cccc(C=CC=C)c1-c1c(C#CC#CC=C)ccc2ccccc12')
[0.24416875839233398] Updated in round 20! max:(0.40816326530612246, 'C=CC#CC#Cc1ccc2ccccc2c1-c1c(C#CC#CC=CC=C)cccc1C=CC=C')
[0.28487634658813477] Updated in round 21! max:(0.42857142857142855, 'C=CC#CC#Cc1ccc2ccccc2c1-c1c(C#CC#CC=CC=CC=C)cccc1C=CC=C')
[0.329287052154541] Updated in round 22! max:(0.4489795918367347, 'C=CC#CC#Cc1ccc2ccccc2c1-c1c(C#CC#Cc2ccccc2)cccc1C=CC=C')
[0.374406099319458] Updated in round 23! max:(0.46938775510204084, 'C=CC#CC#Cc1ccc2ccccc2c1-c1c(C#CC#Cc2ccccc2C=C)cccc1C=CC=C')
[0.4339437484741211] Updated in round 24! max:(0.4897959183673469, 'C=CC=CC#CC#Cc1ccc2ccccc2c1-c1c(C#CC#Cc2ccccc2C=C)cccc1C=CC=C')
[0.49758338928222656] Updated in round 25! max:(0.5102040816326531, 'C=CC=Cc1cccc(C#CC#Cc2ccccc2C=C)c1-c1c(C#CC#CC=CC(=C)C=C)ccc2ccccc12')
[0.5673654079437256] Updated in round 26! max:(0.5306122448979592, 'C=CC=Cc1cccc(C#CC#Cc2ccccc2C=C)c1-c1c(C#CC#CC(C=C)=CC(=C)C=C)ccc2ccccc12')
[0.6500511169433594] Updated in round 27! max:(0.5510204081632653, 'C=CC=Cc1cccc(C#CC#Cc2ccccc2C=C)c1-c1c(C#CC#CC(C=C)=CC(=C)C(=C)C=C)ccc2ccccc12')
[0.737358570098877] Updated in round 28! max:(0.5714285714285714, 'C#CC=Cc1ccccc1C#CC#Cc1cccc(C=CC=C)c1-c1c(C#CC#CC(C=C)=CC(=C)C(=C)C=C)ccc2ccccc12')
[0.8398444652557373] Updated in round 29! max:(0.5918367346938775, 'C#CC=Cc1ccccc1C#CC#Cc1cccc(C=CC=C)c1-c1c(C#CC#CC(C=C)=CC(=C)C(=C)C(=C)C=C)ccc2ccccc12')
[0.9548346996307373] Updated in round 30! max:(0.6122448979591837, 'C#CC=Cc1ccccc1C#CC#Cc1cccc(C=CC=C)c1-c1c(C#CC#CC(C=C)=CC(=CC#C)C(=C)C(=C)C=C)ccc2ccccc12')
[1.0747389793395996] Updated in round 31! max:(0.6326530612244898, 'C#CC=Cc1ccccc1C#CC#Cc1cccc(C=CC=C)c1-c1c(C#CC#CC(C=CC=C)=CC(=CC#C)C(=C)C(=C)C=C)ccc2ccccc12')
[1.2186741828918457] Updated in round 32! max:(0.6530612244897959, 'C#CC=Cc1ccccc1C#CC#Cc1cccc(C=CC=C)c1-c1c(C#CC#Cc2ccccc2C(=CC#C)C(=C)C(=C)C=C)ccc2ccccc12')
[1.3688983917236328] Updated in round 33! max:(0.673469387755102, 'C#CC=Cc1ccccc1C#CC#Cc1cccc(C=CC=C)c1-c1c(C#CC#Cc2cccc(C=C)c2C(=CC#C)C(=C)C(=C)C=C)ccc2ccccc12')
[1.5188641548156738] Updated in round 34! max:(0.6938775510204082, 'C#CC=C(C(=C)C(=C)C=C)c1c(C#CC#Cc2ccc3ccccc3c2-c2c(C#CC#Cc3ccccc3C=C(C#C)C=C)cccc2C=CC=C)cccc1C=C')
[1.695113182067871] Updated in round 35! max:(0.7142857142857143, 'C#CC(C=C)=Cc1ccccc1C#CC#Cc1cccc(C=CC=C)c1-c1c(C#CC#Cc2cccc(C=C)c2-c2c(C#C)ccc(=C)c2=C)ccc2ccccc12')
[1.8896303176879883] Updated in round 36! max:(0.7346938775510204, 'C#CC(C=CC=C)=Cc1ccccc1C#CC#Cc1cccc(C=CC=C)c1-c1c(C#CC#Cc2cccc(C=C)c2-c2c(C#C)ccc(=C)c2=C)ccc2ccccc12')
[2.102558135986328] Updated in round 37! max:(0.7551020408163265, 'C#CC(C=CC=CC=C)=Cc1ccccc1C#CC#Cc1cccc(C=CC=C)c1-c1c(C#CC#Cc2cccc(C=C)c2-c2c(C#C)ccc(=C)c2=C)ccc2ccccc12')
[2.3181540966033936] Updated in round 38! max:(0.7755102040816326, 'C#CC(C=CC=CC=C)=Cc1ccccc1C#CC#Cc1cccc(C=CC=C)c1-c1c(C#CC#Cc2ccc(C=C)c(C=C)c2-c2c(C#C)ccc(=C)c2=C)ccc2ccccc12')
[2.554408311843872] Updated in round 39! max:(0.7959183673469388, 'C#CC(C=CC=CC=C)=Cc1ccccc1C#CC#Cc1cccc(C=CC=C)c1-c1c(C#CC#Cc2ccc(C=C)c(C=C)c2-c2c(C#C)ccc(=C)c2=CC=C)ccc2ccccc12')
[2.8738811016082764] Updated in round 40! max:(0.8163265306122449, 'C#CC(C=CC(C=C)=CC=C)=Cc1ccccc1C#CC#Cc1cccc(C=CC=C)c1-c1c(C#CC#Cc2ccc(C=C)c(C=C)c2-c2c(C#C)ccc(=C)c2=CC=C)ccc2ccccc12')
[3.206047534942627] Updated in round 41! max:(0.8367346938775511, 'C#CC(C=CC(C=C)=CC=C)=Cc1ccccc1C#CC#Cc1cccc(C=CC=C)c1-c1c(C#CC#Cc2ccc3ccccc3c2-c2c(C#C)ccc(=C)c2=CC=C)ccc2ccccc12')
[3.555047035217285] Updated in round 42! max:(0.8571428571428571, 'C#CC(C=Cc1ccccc1)=Cc1ccccc1C#CC#Cc1cccc(C=CC=C)c1-c1c(C#CC#Cc2ccc3ccccc3c2-c2c(C#C)ccc(=C)c2=CC=C)ccc2ccccc12')
[3.8894643783569336] Updated in round 43! max:(0.8775510204081632, 'C=CC=Cc1cccc2c1-c1c(ccc3ccccc13)C#CC#Cc1ccc3ccccc3c1-c1c(ccc(=C)c1=CC=C)C#CC#CC(C=Cc1ccccc1)=Cc1ccccc1C#CC#C2')
[4.259207487106323] Updated in round 44! max:(0.8979591836734694, 'C=CC=Cc1cccc2c1-c1c(ccc3ccccc13)C#CC#Cc1ccc3ccccc3c1-c1c(ccc(=C)c1=CC=C)C#CC#CC(C=Cc1ccccc1)=Cc1cc(C=C)ccc1C#CC#C2')
[4.650148868560791] Updated in round 45! max:(0.9183673469387755, 'C=CC=Cc1ccc2c(c1)C=C(C=Cc1ccccc1)C#CC#Cc1ccc(=C)c(=CC=C)c1-c1c(ccc3ccccc13)C#CC#Cc1ccc3ccccc3c1-c1c(cccc1C=CC=C)C#CC#C2')
[5.161701202392578] Updated in round 46! max:(0.9387755102040817, 'C=CC=Cc1cccc2c1-c1c(ccc3ccccc13)C#CC#Cc1ccc3ccccc3c1-c1c(ccc(=C)c1=CC=C)C#CC#CC(C=Cc1ccccc1)=Cc1c(ccc3ccccc13)C#CC#C2')
[5.792443513870239] Updated in round 47! max:(0.9591836734693877, 'C=CC=c1c2c(ccc1=C)C#CC#CC(C=Cc1ccccc1)=Cc1c(ccc3ccccc13)C#CC#Cc1ccc3ccccc3c1-c1c(ccc3ccccc13)C#CC#Cc1ccc3ccccc3c1-2')
[6.536044120788574] Updated in round 48! max:(0.9795918367346939, 'C=CC=c1c2c(ccc1=C)C#CC#Cc1ccc3ccccc3c1-c1c(ccc3ccccc13)C#CC#Cc1ccc3ccccc3c1-c1c(ccc3ccccc13)C#CC#Cc1ccc3ccccc3c1-2')
[7.445375919342041] Updated in round 49! max:(1.0, 'C1#Cc2ccc3ccccc3c2-c2c(ccc3ccccc23)C#CC#Cc2ccc3ccccc3c2-c2c(ccc3ccccc23)C#CC#Cc2ccc3ccccc3c2-c2c(ccc3ccccc23)C#C1')
[7.445387601852417] Reproduced in round 49!!
