[5.650520324707031e-05] Start running HillClimbing from [H][H]...
[0.0005128383636474609] Updated in round 1! max:(0.1, 'c1ccccc1')
[0.003381490707397461] Updated in round 2! max:(0.125, 'C#Cc1ccccc1')
[0.0070383548736572266] Updated in round 3! max:(0.15, 'C=CC#Cc1ccccc1')
[0.011318683624267578] Updated in round 4! max:(0.175, 'C#Cc1cccc(C#CC=C)c1')
[0.0159604549407959] Updated in round 5! max:(0.2, 'C#Cc1cccc(C#CC=CC=C)c1')
[0.022715091705322266] Updated in round 6! max:(0.225, 'C=CC#Cc1cccc(C#CC=CC=C)c1')
[0.03190469741821289] Updated in round 7! max:(0.25, 'C#CC(C=C)=CC#Cc1cccc(C#CC=C)c1')
[0.040985107421875] Updated in round 8! max:(0.275, 'C#CC(C=C)=CC#Cc1cccc(C#CC(=C)C=C)c1')
[0.05224037170410156] Updated in round 9! max:(0.3, 'C#CC(C=C)=CC#Cc1cccc(C#CC(C=C)=CC=C)c1')
[0.06920170783996582] Updated in round 10! max:(0.325, 'C#CC(C=C)=CC#Cc1cc(C#CC(C=C)=CC=C)ccc1C#C')
[0.08467483520507812] Updated in round 11! max:(0.375, 'C#Cc1ccccc1C#Cc1cc(C#CC(C=C)=CC=C)ccc1C#C')
[0.10578393936157227] Updated in round 12! max:(0.4, 'C#Cc1ccc(C#CC(C=C)=CC=C)cc1C#Cc1ccccc1C#CC=C')
[0.13220572471618652] Updated in round 13! max:(0.425, 'C#Cc1ccc(C#CC(C=C)=CC=C)c(C#C)c1C#Cc1ccccc1C#CC=C')
[0.15873432159423828] Updated in round 14! max:(0.45, 'C#Cc1ccc(C#CC(C=C)=CC=C)c(C#CC=C)c1C#Cc1ccccc1C#CC=C')
[0.18886280059814453] Updated in round 15! max:(0.475, 'C#Cc1ccc(C#CC(C=C)=CC=C)c(C#CC(=C)C=C)c1C#Cc1ccccc1C#CC=C')
[0.23218655586242676] Updated in round 16! max:(0.5, 'C#CC(=C)C(C#Cc1ccc(C#C)c(C#Cc2ccccc2C#CC=C)c1C#CC(=C)C=C)=CC=C')
[0.26789402961730957] Updated in round 17! max:(0.525, 'C#CC(=C)C(C#Cc1ccc(C#CC=C)c(C#Cc2ccccc2C#CC=C)c1C#CC(=C)C=C)=CC=C')
[0.3108983039855957] Updated in round 18! max:(0.55, 'C#CC(=C)C(C#Cc1ccc(C#CC=C)c(C#Cc2ccccc2C#CC=C)c1C#CC(C=C)=CC=C)=CC=C')
[0.3701205253601074] Updated in round 19! max:(0.575, 'C#CC(=C)C(C#Cc1ccc2c(c1C#CC(C=C)=CC=C)C#Cc1ccccc1C#CC(=C)C(=C)C#C2)=CC=C')
[0.42456531524658203] Updated in round 20! max:(0.6, 'C#CC(=C)C(C#Cc1ccc2c(c1C#CC(C=C)=CC=C)C#Cc1ccccc1C#CC(=CC=C)C(=C)C#C2)=CC=C')
[0.4834105968475342] Updated in round 21! max:(0.625, 'C#CC(=C)C(C#Cc1ccc2c(c1C#CC(C=C)=CC=C)C#Cc1ccccc1C#Cc1ccccc1C#C2)=CC=C')
[0.5481956005096436] Updated in round 22! max:(0.65, 'C=CC=c1c#cc2ccc3c#cc4ccccc4c#cc4ccccc4c#cc3c2c#cc(=CC=C)c(=C)c#cc1=C')
[0.613720178604126] Updated in round 23! max:(0.675, 'C=CC=c1c#cc2c(c#cc3ccccc3c#cc1=C)ccc1c#cc3ccccc3c#cc3ccccc3c#cc12')
[0.6929099559783936] Updated in round 24! max:(0.7, 'C#Cc1cc2c#cc3ccccc3c#cc3ccccc3c#cc2c2c#cc(=CC=C)c(=C)c#cc3ccccc3c#cc12')
[0.7704718112945557] Updated in round 25! max:(0.725, 'C=CC#Cc1cc2c#cc3ccccc3c#cc3ccccc3c#cc2c2c#cc(=CC=C)c(=C)c#cc3ccccc3c#cc12')
[0.8462772369384766] Updated in round 26! max:(0.75, 'C=CC#Cc1cc2c#cc3ccccc3c#cc3ccccc3c#cc2c2c#cc3ccccc3c#cc3ccccc3c#cc12')
[0.9457073211669922] Updated in round 27! max:(0.775, 'C#CC=CC#Cc1cc2c#cc3ccccc3c#cc3ccccc3c#cc2c2c#cc3ccccc3c#cc3ccccc3c#cc12')
[1.0355229377746582] Updated in round 28! max:(0.875, 'C(#Cc1ccccc1)C=CC#Cc1cc2c#cc3ccccc3c#cc3ccccc3c#cc2c2c#cc3ccccc3c#cc3ccccc3c#cc12')
[1.1721622943878174] Updated in round 29! max:(0.95, 'C(#Cc1ccccc1C#Cc1cc2c#cc3ccccc3c#cc3ccccc3c#cc2c2c#cc3ccccc3c#cc3ccccc3c#cc12)c1ccccc1')
[1.3604717254638672] Updated in round 30! max:(0.975, 'C#Cc1c(C#Cc2ccccc2C#Cc2ccccc2)c2c#cc3ccccc3c#cc3ccccc3c#cc2c2c#cc3ccccc3c#cc3ccccc3c#cc12')
[1.5696725845336914] Updated in round 31! max:(1.0, 'c1c2ccccc2c#cc2c3c#cc4ccccc4c#cc4ccccc4c#cc3c3c#cc4ccccc4c#cc4ccccc4c#cc3c2c#cc2ccccc2c#1')
[1.5696840286254883] Reproduced in round 31!!
