[6.699562072753906e-05] Start running HillClimbing from [H][H]...
[0.0016837120056152344] Updated in round 1! max:(0.04, 'C=C')
[0.0023119449615478516] Updated in round 2! max:(0.08, 'C=CC=C')
[0.003457307815551758] Updated in round 3! max:(0.12, 'C=CC=CC=C')
[0.00785684585571289] Updated in round 4! max:(0.16, 'C=CC=CC(=C)C=C')
[0.012398481369018555] Updated in round 5! max:(0.2, 'C=CC=CC(C=C)=CC=C')
[0.016997337341308594] Updated in round 6! max:(0.24, 'C=CC=CC=C(C=C)C=CC=C')
[0.023050308227539062] Updated in round 7! max:(0.28, 'C=CC=CC(C=C)=C(C=C)C=CC=C')
[0.03237295150756836] Updated in round 8! max:(0.32, 'C=CC=CC=CC(C=C)=C(C=C)C=CC=C')
[0.04412221908569336] Updated in round 9! max:(0.36, 'C=CC=CC=CC=CC(C=C)=C(C=C)C=CC=C')
[0.06135869026184082] Updated in round 10! max:(0.4, 'C=CC=CC(C=C)=C(C=C)C=CC=CC=CC(=C)C=C')
[0.08481955528259277] Updated in round 11! max:(0.44, 'C=CC=CC=CC(C=C)=C(C=C)C=CC=CC=CC(=C)C=C')
[0.16592645645141602] Updated in round 12! max:(0.48, 'C=CC=CC=CC=CC(C=C)=C(C=C)C=CC=CC=CC(=C)C=C')
[0.23006272315979004] Updated in round 13! max:(0.52, 'C=CC=CC=CC=CC(C=C)=c1ccc(=CC=CC(=C)C=C)cc1')
[0.2617034912109375] Updated in round 14! max:(0.56, 'C=CC=CC=CC=CC=CC(C=C)=c1ccc(=CC=CC(=C)C=C)cc1')
[0.35937976837158203] Updated in round 15! max:(0.6, 'C=CC=CC=CC=c1ccc(=c2ccc(=CC=CC(=C)C=C)cc2)cc1')
[0.5020854473114014] Updated in round 16! max:(0.64, 'C=CC=CC=CC=c1ccc(=c2ccc(=c3ccc(=C)cc3)cc2)cc1')
[0.5430779457092285] Updated in round 17! max:(0.68, 'C=CC=CC=CC(C=C)=c1ccc(=c2ccc(=c3ccc(=C)cc3)cc2)cc1')
[0.5911529064178467] Updated in round 18! max:(0.72, 'C=CC=CC=CC(C=C)=c1ccc(=c2ccc(=c3ccc(=CC=C)cc3)cc2)cc1')
[0.6536736488342285] Updated in round 19! max:(0.76, 'C=CC=CC=CC(C=C)=c1ccc(=c2ccc(=c3ccc(=C(C=C)C=C)cc3)cc2)cc1')
[0.722282886505127] Updated in round 20! max:(0.8, 'C=CC(C=C)=CC=CC(C=C)=c1ccc(=c2ccc(=c3ccc(=C(C=C)C=C)cc3)cc2)cc1')
[0.8207306861877441] Updated in round 21! max:(0.84, 'C=CC=CC(C=C)=c1ccc(=c2ccc(=c3ccc(=C(C=C)C=CC=C(C=C)C=C)cc3)cc2)cc1')
[0.9236562252044678] Updated in round 22! max:(0.88, 'C=CC1=CC=CC(C=C)=c2ccc(cc2)=c2ccc(cc2)=c2ccc(cc2)=C(C=C)C=CC=CC=C1')
[1.0372953414916992] Updated in round 23! max:(0.92, 'C=CC1=c2ccc(cc2)=c2ccc(cc2)=c2ccc(cc2)=C(C=C)C=CC=c2ccc(cc2)=CC=C1')
[1.1991233825683594] Updated in round 24! max:(0.96, 'C=CC1=c2ccc(cc2)=c2ccc(cc2)=c2ccc(cc2)=c2ccc(cc2)=c2ccc(cc2)=CC=C1')
[1.3863732814788818] Updated in round 25! max:(1.0, 'c1cc2ccc1=c1ccc(cc1)=c1ccc(cc1)=c1ccc(cc1)=c1ccc(cc1)=c1ccc=2cc1')
[1.3863859176635742] Reproduced in round 25!!
