[5.1975250244140625e-05] Start running HillClimbing from [H][H]...
[0.0004162788391113281] Updated in round 1! max:(0.03571428571428571, 'C=C')
[0.0008859634399414062] Updated in round 2! max:(0.07142857142857142, 'C=CC=C')
[0.0016596317291259766] Updated in round 3! max:(0.10714285714285714, 'C=CC(=C)C=C')
[0.0028421878814697266] Updated in round 4! max:(0.14285714285714285, 'C=CC=CC(=C)C=C')
[0.004552125930786133] Updated in round 5! max:(0.17857142857142858, 'C=c1ccc(=C)cc1')
[0.00649261474609375] Updated in round 6! max:(0.21428571428571427, 'C=CC=c1ccc(=C)cc1')
[0.00967860221862793] Updated in round 7! max:(0.25, 'C=CC(=C)C=c1ccc(=C)cc1')
[0.013921976089477539] Updated in round 8! max:(0.2857142857142857, 'C=CC=C(C=C)C=c1ccc(=C)cc1')
[0.021063804626464844] Updated in round 9! max:(0.32142857142857145, 'C=CC=CC=C(C=C)C=c1ccc(=C)cc1')
[0.034104108810424805] Updated in round 10! max:(0.35714285714285715, 'C=CC=CC=C(C=C)C=c1ccc(=CC=C)cc1')
[0.048069000244140625] Updated in round 11! max:(0.39285714285714285, 'C=CC=c1ccc(=Cc2ccc(C=C)cc2)cc1')
[0.0606386661529541] Updated in round 12! max:(0.42857142857142855, 'C=CC=CC=c1ccc(=Cc2ccc(C=C)cc2)cc1')
[0.08011341094970703] Updated in round 13! max:(0.4642857142857143, 'C=CC=C(C=C)C=c1ccc(=Cc2ccc(C=C)cc2)cc1')
[0.10241508483886719] Updated in round 14! max:(0.5, 'C=CC=CC=C(C=C)C=c1ccc(=Cc2ccc(C=C)cc2)cc1')
[0.13017797470092773] Updated in round 15! max:(0.5357142857142857, 'C=CC=CC=C(C=C)C=c1ccc(=Cc2ccc(C=CC=C)cc2)cc1')
[0.16828417778015137] Updated in round 16! max:(0.5714285714285714, 'C=CC=CC=Cc1ccc(C=c2ccc(=CC(C=C)=CC=CC=C)cc2)cc1')
[0.2308347225189209] Updated in round 17! max:(0.6071428571428571, 'C=CC=CC=Cc1ccc(C=c2ccc(=Cc3ccc(C=C)cc3)cc2)cc1')
[0.2805008888244629] Updated in round 18! max:(0.6428571428571429, 'C=CC=CC=CC=Cc1ccc(C=c2ccc(=Cc3ccc(C=C)cc3)cc2)cc1')
[0.33929896354675293] Updated in round 19! max:(0.6785714285714286, 'C=CC(=C)C=CC=CC=Cc1ccc(C=c2ccc(=Cc3ccc(C=C)cc3)cc2)cc1')
[0.41884493827819824] Updated in round 20! max:(0.7142857142857143, 'C=CC=Cc1ccc(C=c2ccc(=Cc3ccc(C=CC=CC=CC(=C)C=C)cc3)cc2)cc1')
[0.49744105339050293] Updated in round 21! max:(0.75, 'C=CC(=C)C=CC=CC=Cc1ccc(C=c2ccc(=Cc3ccc(C=C(C=C)C=C)cc3)cc2)cc1')
[0.5942811965942383] Updated in round 22! max:(0.7857142857142857, 'C=CC=C(C=C)C=CC=CC=Cc1ccc(C=c2ccc(=Cc3ccc(C=C(C=C)C=C)cc3)cc2)cc1')
[0.7093701362609863] Updated in round 23! max:(0.8214285714285714, 'C=CC(C=C)=Cc1ccc(C=c2ccc(=Cc3ccc(C=CC=CC=Cc4ccccc4)cc3)cc2)cc1')
[0.848689079284668] Updated in round 24! max:(0.8571428571428571, 'C=CC(C=C)=Cc1ccc(C=c2ccc(=Cc3ccc(C=C(C=C)C=CC=Cc4ccccc4)cc3)cc2)cc1')
[0.972461462020874] Updated in round 25! max:(0.8928571428571429, 'C=CC=CC(C=C)=Cc1ccc(C=c2ccc(=Cc3ccc(C=C(C=C)C=CC=Cc4ccccc4)cc3)cc2)cc1')
[1.1240859031677246] Updated in round 26! max:(0.9285714285714286, 'C=CC=CC(C=C)=Cc1ccc(C=c2ccc(=Cc3ccc(C=c4ccc(=Cc5ccccc5)cc4)cc3)cc2)cc1')
[1.3123793601989746] Updated in round 27! max:(0.9642857142857143, 'C=Cc1ccccc2ccc(cc2)cc2ccc(cc2)cc2ccc(cc2)cc2ccc(cc2)cc2ccc(cc2)c1')
[1.5949888229370117] Updated in round 28! max:(1.0, 'c1cc2ccc1cc1ccc(cc1)cc1ccc(cc1)cc1ccc(cc1)cc1ccc(cc1)cc1ccc(cc1)c2')
[1.5950016975402832] Reproduced in round 28!!
