[7.414817810058594e-05] Start running HillClimbing from [H][H]...
[0.0005507469177246094] Updated in round 1! max:(0.02040816326530612, 'C=C')
[0.0011112689971923828] Updated in round 2! max:(0.04081632653061224, 'C=CC=C')
[0.0020406246185302734] Updated in round 3! max:(0.061224489795918366, 'C=CC(=C)C=C')
[0.0036497116088867188] Updated in round 4! max:(0.08163265306122448, 'C=CC(=C)C(=C)C=C')
[0.0055921077728271484] Updated in round 5! max:(0.10204081632653061, 'C=c1ccccc1=C')
[0.007688760757446289] Updated in round 6! max:(0.12244897959183673, 'C=Cc1ccc(=C)c(=C)c1')
[0.010960578918457031] Updated in round 7! max:(0.14285714285714285, 'C=CC=Cc1ccc(=C)c(=C)c1')
[0.016663789749145508] Updated in round 8! max:(0.16326530612244897, 'C=CC=CC=Cc1ccc(=C)c(=C)c1')
[0.023606061935424805] Updated in round 9! max:(0.1836734693877551, 'C=CC(=C)C=CC=Cc1ccc(=C)c(=C)c1')
[0.0365755558013916] Updated in round 10! max:(0.20408163265306123, 'C=CC=C(C=C)C=CC=Cc1ccc(=C)c(=C)c1')
[0.053188323974609375] Updated in round 11! max:(0.22448979591836735, 'C=CC=CC(C=CC=Cc1ccc(=C)c(=C)c1)=CC=C')
[0.07150006294250488] Updated in round 12! max:(0.24489795918367346, 'C=CC=C(C=C)C(C=CC=Cc1ccc(=C)c(=C)c1)=CC=C')
[0.09208798408508301] Updated in round 13! max:(0.2653061224489796, 'C=CC=CC(=CC=C)C(C=CC=Cc1ccc(=C)c(=C)c1)=CC=C')
[0.12181615829467773] Updated in round 14! max:(0.2857142857142857, 'C=CC=c1cccc(C=CC=Cc2ccc(=C)c(=C)c2)c1=CC=C')
[0.1516566276550293] Updated in round 15! max:(0.30612244897959184, 'C=CC=c1ccc(C=C)c(C=CC=Cc2ccc(=C)c(=C)c2)c1=CC=C')
[0.18116140365600586] Updated in round 16! max:(0.32653061224489793, 'C=CC=c1ccc(C=C)c(-c2cccc3ccc(=C)c(=C)c23)c1=CC=C')
[0.23189043998718262] Updated in round 17! max:(0.3469387755102041, 'C=Cc1ccc2cccc(C=C)c2c1-c1cccc2ccc(=C)c(=C)c12')
[0.27198100090026855] Updated in round 18! max:(0.3673469387755102, 'C=CC=c1ccc2cccc(-c3c(C=C)ccc4cccc(C=C)c34)c2c1=C')
[0.3117527961730957] Updated in round 19! max:(0.3877551020408163, 'C=CC=c1ccc2cccc(-c3c(C=C)ccc4cccc(C=C)c34)c2c1=CC=C')
[0.38404345512390137] Updated in round 20! max:(0.40816326530612246, 'C=CC=CC=c1c(=CC=C)ccc2cccc(-c3c(C=C)ccc4cccc(C=C)c34)c12')
[0.44647693634033203] Updated in round 21! max:(0.42857142857142855, 'C=CC=CC=CC=c1c(=CC=C)ccc2cccc(-c3c(C=C)ccc4cccc(C=C)c34)c12')
[0.5259668827056885] Updated in round 22! max:(0.4489795918367347, 'C=CC=CC=CC=c1c(=CC=C)ccc2cccc(-c3c(C=C)ccc4ccc(C=C)c(C=C)c34)c12')
[0.6751832962036133] Updated in round 23! max:(0.46938775510204084, 'C=CC=C(C=C)C=CC=c1c(=CC=C)ccc2cccc(-c3c(C=C)ccc4ccc(C=C)c(C=C)c34)c12')
[0.780045747756958] Updated in round 24! max:(0.4897959183673469, 'C=CC=C(C=C)C(C=C)=CC=c1c(=CC=C)ccc2cccc(-c3c(C=C)ccc4ccc(C=C)c(C=C)c34)c12')
[0.8955168724060059] Updated in round 25! max:(0.5102040816326531, 'C=CC=C(C(=C)C=C)C(C=C)=CC=c1c(=CC=C)ccc2cccc(-c3c(C=C)ccc4ccc(C=C)c(C=C)c34)c12')
[1.0000529289245605] Updated in round 26! max:(0.5306122448979592, 'C=CC=CC=C(C(=C)C=C)C(C=C)=CC=c1c(=CC=C)ccc2cccc(-c3c(C=C)ccc4ccc(C=C)c(C=C)c34)c12')
[1.1204397678375244] Updated in round 27! max:(0.5510204081632653, 'C=CC=CC=C(C(=C)C=C)C(C=C)=Cc1cccc2ccc3cccc(-c4c(C=C)ccc5ccc(C=C)c(C=C)c45)c3c12')
[1.2367260456085205] Updated in round 28! max:(0.5714285714285714, 'C=CC=CC=C(C(=C)C=C)C(C=CC=C)=Cc1cccc2ccc3cccc(-c4c(C=C)ccc5ccc(C=C)c(C=C)c45)c3c12')
[1.4539198875427246] Updated in round 29! max:(0.5918367346938775, 'C=CC=CC=c1c(=C)ccc(=CC=C)c1=Cc1cccc2ccc3cccc(-c4c(C=C)ccc5ccc(C=C)c(C=C)c45)c3c12')
[1.5992438793182373] Updated in round 30! max:(0.6122448979591837, 'C=CC=CC=c1c(=C)ccc(=CC=C)c1=Cc1cccc2ccc3ccc4ccc5ccc6ccc(C=C)c(C=C)c6c5c4c3c12')
[1.81378173828125] Updated in round 31! max:(0.6326530612244898, 'C=CC=CC=c1c(=C)ccc(=CC=C)c1=Cc1cccc2ccc3ccc4ccc5ccc6ccc(C=CC=C)c(C=C)c6c5c4c3c12')
[2.005075693130493] Updated in round 32! max:(0.6530612244897959, 'C=CC=CC=c1c(=C)ccc(=CC=C)c1=Cc1c(C=C)ccc2ccc3ccc4ccc5ccc6ccc(C=CC=C)c(C=C)c6c5c4c3c12')
[2.211836099624634] Updated in round 33! max:(0.673469387755102, 'C=CC=CC=c1c(=C)ccc2cccccc3ccc4ccc5ccc6ccc7ccc8ccc(C=CC=C)c(C=C)c8c7c6c5c4c3cc12')
[2.80145263671875] Updated in round 34! max:(0.6938775510204082, 'C=CC=Cc1ccc2ccc3ccc4ccc5ccc6ccc7cccccc8ccc(=C)c(=CC=C(C=C)C=C)c8cc7c6c5c4c3c2c1C=C')
[3.0482168197631836] Updated in round 35! max:(0.7142857142857143, 'C=CC=CC(C=C)=CC=c1c(=C)ccc2cccccc3ccc4ccc5ccc6ccc7ccc8ccc(C=CC=C)c(C=C)c8c7c6c5c4c3cc12')
[3.3291640281677246] Updated in round 36! max:(0.7346938775510204, 'C=CC=CC(C=C)=CC=c1c(=C)ccc2ccc3ccc4ccc5ccc6ccc7ccc8ccc9ccc(C=CC=C)c(C=C)c9c8c7c6c5c4c3c12')
[3.754823923110962] Updated in round 37! max:(0.7551020408163265, 'C=CC=CC(C=C)=CC=c1c(=C)ccc2ccc3ccc4ccc5ccc6ccc7ccc8ccc9ccc(C=CC=C)c(C=CC=C)c9c8c7c6c5c4c3c12')
[4.104436874389648] Updated in round 38! max:(0.7755102040816326, 'C=CC=CC(C=C)=CC=c1c(=CC=C)ccc2ccc3ccc4ccc5ccc6ccc7ccc8ccc9ccc(C=CC=C)c(C=CC=C)c9c8c7c6c5c4c3c12')
[4.4845871925354] Updated in round 39! max:(0.7959183673469388, 'C=CC=Cc1ccc2ccc3ccc4ccc5ccc6ccc7ccc8ccc9ccc(=CC=C)c(=CC=C(C=C)C=CC(=C)C=C)c9c8c7c6c5c4c3c2c1C=CC=C')
[5.278717756271362] Updated in round 40! max:(0.8163265306122449, 'C=CC=Cc1ccc2ccc3ccc4ccc5ccc6ccc7ccc8ccc9ccc(=CC=C)c(=Cc%10cc(C=C)ccc%10C=C)c9c8c7c6c5c4c3c2c1C=CC=C')
[5.6045732498168945] Updated in round 41! max:(0.8367346938775511, 'C=CC=Cc1ccc2ccc3ccc4ccc5ccc6ccc7ccc8ccc9ccc(=CC=C)c(=Cc%10c(C=C)ccc(C=C)c%10C=C)c9c8c7c6c5c4c3c2c1C=CC=C')
[6.22076153755188] Updated in round 42! max:(0.8571428571428571, 'C=CC=c1ccc2ccc3ccc4ccc5ccc6ccc7ccc8ccc9ccc%10ccccccccc%10c9c8c7c6c5c4c3c2c1=Cc1c(C=C)ccc(C=C)c1C=C')
[6.640284061431885] Updated in round 43! max:(0.8775510204081632, 'C=Cc1ccc(C=C)c(-c2cccc3ccc4ccc5ccc6ccc7ccc8ccc9ccc%10ccc%11ccc%12ccccccccc%12c%11c%10c9c8c7c6c5c4c23)c1C=C')
[7.038955926895142] Updated in round 44! max:(0.8979591836734694, 'C=Cc1cccccc2ccc3ccc4ccc5ccc6ccc7ccc8ccc9ccc%10ccc%11cccc(-c%12c(C=C)ccc(C=C)c%12C=C)c%11c%10c9c8c7c6c5c4c3c2cc1')
[8.611660718917847] Updated in round 45! max:(0.9183673469387755, 'C=Cc1cccccc2ccc3ccc4ccc5ccc6ccc7ccc8ccc9ccc%10ccc%11ccc%12ccc%13ccc(C=C)c(C=C)c%13c%12c%11c%10c9c8c7c6c5c4c3c2cc1')
[9.55244779586792] Updated in round 46! max:(0.9387755102040817, 'C=Cc1ccc2ccc3ccc4ccc5ccc6ccc7ccc8ccc9ccc%10ccc%11ccc%12ccc%13ccc%14ccc(C=C)c(C=C)c%14c%13c%12c%11c%10c9c8c7c6c5c4c3c2c1')
[11.690749406814575] Updated in round 47! max:(0.9591836734693877, 'C=Cc1ccc2ccc3ccc4ccc5ccc6ccc7ccc8ccc9ccc%10ccc%11ccc%12ccc%13ccc%14ccc%15ccccc%15c%14c%13c%12c%11c%10c9c8c7c6c5c4c3c2c1')
[12.480165958404541] Updated in round 48! max:(0.9795918367346939, 'C=Cc1ccc2ccc3ccc4ccc5ccc6ccc7ccc8ccc9ccc%10ccc%11ccc%12ccc%13ccc%14ccc%15ccccc%15c%14c%13c%12c%11c%10c9c8c7c6c5c4c3c2c1C=C')
[15.335162162780762] Updated in round 49! max:(1.0, 'c1ccc2c(c1)ccc1ccc3ccc4ccc5ccc6ccc7ccc8ccc9ccc%10ccc%11ccc%12ccc%13ccc%14ccc%15ccccc%15c%14c%13c%12c%11c%10c9c8c7c6c5c4c3c12')
[15.335176229476929] Reproduced in round 49!!
