[5.650520324707031e-05] Start running HillClimbing from [H][H]...
[0.0005276203155517578] Updated in round 1! max:(0.02040816326530612, 'C=C')
[0.0011115074157714844] Updated in round 2! max:(0.04081632653061224, 'C=CC=C')
[0.001980304718017578] Updated in round 3! max:(0.061224489795918366, 'C=CC=CC=C')
[0.003321409225463867] Updated in round 4! max:(0.08163265306122448, 'C=CC=CC(=C)C=C')
[0.0052471160888671875] Updated in round 5! max:(0.10204081632653061, 'C=CC=CC(=C)C=CC=C')
[0.009483814239501953] Updated in round 6! max:(0.12244897959183673, 'C=CC=c1ccccc1=C')
[0.013731002807617188] Updated in round 7! max:(0.14285714285714285, 'C=CC=c1cc(C=C)ccc1=C')
[0.019771814346313477] Updated in round 8! max:(0.16326530612244897, 'C=CC=CC=c1cc(C=C)ccc1=C')
[0.026668548583984375] Updated in round 9! max:(0.1836734693877551, 'C=CC=CC(C=C)=c1cc(C=C)ccc1=C')
[0.03558945655822754] Updated in round 10! max:(0.20408163265306123, 'C=CC=CC=CC(C=C)=c1cc(C=C)ccc1=C')
[0.052835941314697266] Updated in round 11! max:(0.22448979591836735, 'C=CC(=C)C=CC=CC(C=C)=c1cc(C=C)ccc1=C')
[0.0668184757232666] Updated in round 12! max:(0.24489795918367346, 'C=CC(c1cccc(C=C)c1)=c1cc(C=C)ccc1=C')
[0.08346056938171387] Updated in round 13! max:(0.2653061224489796, 'C=CC=Cc1ccc(=C)c(=C(C=C)c2cccc(C=C)c2)c1')
[0.11101365089416504] Updated in round 14! max:(0.2857142857142857, 'C=CC(c1cccc(C=C)c1)=c1c(=C)ccc2ccccc12')
[0.13083815574645996] Updated in round 15! max:(0.30612244897959184, 'C=CC(c1cccc(C=C)c1)=c1c(=C)ccc2ccc(C=C)cc12')
[0.15304923057556152] Updated in round 16! max:(0.32653061224489793, 'C=CC=Cc1ccc2ccc(=C)c(=C(C=C)c3cccc(C=C)c3)c2c1')
[0.205125093460083] Updated in round 17! max:(0.3469387755102041, 'C=CC=CC=Cc1ccc2ccc(=C)c(=C(C=C)c3cccc(C=C)c3)c2c1')
[0.24032878875732422] Updated in round 18! max:(0.3673469387755102, 'C=CC(=C)C=CC=Cc1ccc2ccc(=C)c(=C(C=C)c3cccc(C=C)c3)c2c1')
[0.2876555919647217] Updated in round 19! max:(0.3877551020408163, 'C=CC(=C)C=C(C=C)C=Cc1ccc2ccc(=C)c(=C(C=C)c3cccc(C=C)c3)c2c1')
[0.35036253929138184] Updated in round 20! max:(0.40816326530612246, 'C=CC(=C)C=C(C=C)C=Cc1ccc2ccc(=C)c(=C(C=C)c3cc(C=C)ccc3C=C)c2c1')
[0.42404603958129883] Updated in round 21! max:(0.42857142857142855, 'C=CC(c1cc(C=C)ccc1C=C)=c1c(=C)ccc2ccc(C=Cc3cccc(C=C)c3)cc12')
[0.5367927551269531] Updated in round 22! max:(0.4489795918367347, 'C=CC(c1cc(C=C)ccc1C=C)=c1c(=C)ccc2ccc(C=Cc3ccc(C=C)c(C=C)c3)cc12')
[0.6155595779418945] Updated in round 23! max:(0.46938775510204084, 'C=CC(c1cc(C=C)ccc1C=C)=c1c(=C)ccc2ccc(C=Cc3ccc4ccccc4c3)cc12')
[0.7027342319488525] Updated in round 24! max:(0.4897959183673469, 'C=CC(c1cc(C=C)ccc1C=C)=c1c(=C)ccc2ccc(C=Cc3ccc4cccc(C=C)c4c3)cc12')
[0.8364765644073486] Updated in round 25! max:(0.5102040816326531, 'C=CC(c1cc(C=C)ccc1C=C)=c1c(=C)ccc2ccc3ccc4ccc5cccc(C=C)c5c4c3c12')
[0.9844675064086914] Updated in round 26! max:(0.5306122448979592, 'C=CC(c1c(C=C)ccc(C=C)c1C=C)=c1c(=C)ccc2ccc3ccc4ccc5cccc(C=C)c5c4c3c12')
[1.1306548118591309] Updated in round 27! max:(0.5510204081632653, 'C=CC(c1c(C=C)ccc2ccccc12)=c1c(=C)ccc2ccc3ccc4ccc5cccc(C=C)c5c4c3c12')
[1.2544703483581543] Updated in round 28! max:(0.5714285714285714, 'C=CC(c1c(C=C)ccc2ccccc12)=c1c(=C)ccc2ccc3ccc4ccc5ccc(C=C)c(C=C)c5c4c3c12')
[1.383134365081787] Updated in round 29! max:(0.5918367346938775, 'C=Cc1ccc2ccc3ccc4ccc5ccc(=C)c(=c6c(=C)ccc7ccc8ccccc8c67)c5c4c3c2c1C=C')
[1.5839154720306396] Updated in round 30! max:(0.6122448979591837, 'C=CC=Cc1c(C=C)ccc2ccc3ccc4ccc5ccc(=C)c(=c6c(=C)ccc7ccc8ccccc8c67)c5c4c3c12')
[1.8632981777191162] Updated in round 31! max:(0.6326530612244898, 'C=CC=CC=Cc1c(C=C)ccc2ccc3ccc4ccc5ccc(=C)c(=c6c(=C)ccc7ccc8ccccc8c67)c5c4c3c12')
[2.0136818885803223] Updated in round 32! max:(0.6530612244897959, 'C=CC=CC(C=C)=Cc1c(C=C)ccc2ccc3ccc4ccc5ccc(=C)c(=c6c(=C)ccc7ccc8ccccc8c67)c5c4c3c12')
[2.1580262184143066] Updated in round 33! max:(0.673469387755102, 'C=CC=CC(C=C)=C(C=C)c1c(C=C)ccc2ccc3ccc4ccc5ccc(=C)c(=c6c(=C)ccc7ccc8ccccc8c67)c5c4c3c12')
[2.4094786643981934] Updated in round 34! max:(0.6938775510204082, 'C=CC(c1c(C=C)ccc2ccc3ccc4ccc5ccc(=C)c(=c6c(=C)ccc7ccc8ccccc8c67)c5c4c3c12)=c1ccccc1=C')
[2.650048017501831] Updated in round 35! max:(0.7142857142857143, 'C=CC(c1c(C=C)ccc2ccc3ccc4ccc5ccc(=C)c(=c6c(=C)ccc7ccc8ccc(C=C)cc8c67)c5c4c3c12)=c1ccccc1=C')
[2.867098093032837] Updated in round 36! max:(0.7346938775510204, 'C=CC(c1c(C=C)ccc2ccc3ccc4ccc5ccc(=C)c(=c6c(=C)ccc7ccc8ccc(C=C)cc8c67)c5c4c3c12)=c1cc(C=C)ccc1=C')
[3.1074509620666504] Updated in round 37! max:(0.7551020408163265, 'C=CC(c1c(C=C)ccc2ccc3ccc4ccc5ccc(=C)c(=c6c(=C)ccc7ccc8ccc(C=C)cc8c67)c5c4c3c12)=c1c(C=C)c(C=C)ccc1=C')
[3.420400857925415] Updated in round 38! max:(0.7755102040816326, 'C=CC=Cc1ccc2ccc3ccc(=C)c(=c4c(=C)ccc5ccc6ccc7ccc8ccc(C=C)c(C(C=C)=c9c(C=C)c(C=C)ccc9=C)c8c7c6c45)c3c2c1')
[3.7387123107910156] Updated in round 39! max:(0.7959183673469388, 'C=CC=Cc1ccc2ccc3ccc(=C)c(=c4c(=C)ccc5ccc6ccc7ccc8ccc(C=C)c(C(C=C)=c9c(C=C)c(C=C)ccc9=C)c8c7c6c45)c3c2c1C=C')
[4.0662713050842285] Updated in round 40! max:(0.8163265306122449, 'C=CC=Cc1ccc2ccc3ccc(=C)c(=c4c(=C)ccc5ccc6ccc7ccc8ccc(C=C)c(C(C=C)=c9c(=C)ccc%10ccccc9%10)c8c7c6c45)c3c2c1C=C')
[4.485147953033447] Updated in round 41! max:(0.8367346938775511, 'C=CC(c1c(C=C)ccc2ccc3ccc4ccc5ccc(=C)c(=c6c(=C)ccc7ccc8ccc9ccc(=C)c(=C)c9c8c67)c5c4c3c12)=c1c(=C)ccc2ccccc12')
[4.966033220291138] Updated in round 42! max:(0.8571428571428571, 'C=CC(c1c(C=C)ccc2ccc3ccc4ccc5ccc6ccc7ccc8ccc9ccc%10ccc(=C)c(=C)c%10c9c8c7c6c5c4c3c12)=c1c(=C)ccc2ccccc12')
[5.248987674713135] Updated in round 43! max:(0.8775510204081632, 'C=CC=c1c(=C)ccc2ccc3ccc4ccc5ccc6ccc7ccc8ccc9ccc%10ccc(C=C)c(C(C=C)=c%11c(=C)ccc%12ccccc%11%12)c%10c9c8c7c6c5c4c3c12')
[5.67695164680481] Updated in round 44! max:(0.8979591836734694, 'C=CC=c1c(=C)ccc2ccc3ccc4ccc5ccc6ccc7ccc8ccc9ccc%10ccc(C=C)c(C(C=C)=c%11c(=C)ccc%12cccc(C=C)c%11%12)c%10c9c8c7c6c5c4c3c12')
[6.432762145996094] Updated in round 45! max:(0.9183673469387755, 'C=CC=c1c(=C)ccc2ccc3ccc4ccc5ccc6ccc7ccc8ccc9ccc%10ccc(C=C)c(-c%11cccc%12ccc%13cccc(C=C)c%13c%11%12)c%10c9c8c7c6c5c4c3c12')
[7.480461359024048] Updated in round 46! max:(0.9387755102040817, 'C=CC=Cc1cccc2ccc3cccc(-c4c(C=C)ccc5ccc6ccc7ccc8ccc9ccc%10ccc%11ccc%12ccc%13ccc(=C)c(=CC=C)c%13c%12c%11c%10c9c8c7c6c45)c3c12')
[8.925206184387207] Updated in round 47! max:(0.9591836734693877, 'C=CC=Cc1cccc2ccc3cccc(-c4c(C=C)ccc5ccc6ccc7ccc8ccc9ccc%10ccc%11ccc%12ccc%13ccc%14ccccc%14c%13c%12c%11c%10c9c8c7c6c45)c3c12')
[11.379215717315674] Updated in round 48! max:(0.9795918367346939, 'C=Cc1ccc2ccc3ccc4ccc5ccc6ccc7ccc8ccc9ccc%10ccc%11ccccc%11c%10c9c8c7c6c5c4c3c2c1-c1cccc2ccc3ccc4ccccc4c3c12')
[12.87959361076355] Updated in round 49! max:(1.0, 'c1ccc2c(c1)ccc1ccc3ccc4ccc5ccc6ccc7ccc8ccc9ccc%10ccc%11ccc%12ccc%13ccc%14ccc%15ccccc%15c%14c%13c%12c%11c%10c9c8c7c6c5c4c3c12')
[12.879605293273926] Reproduced in round 49!!
