[5.745887756347656e-05] Start running HillClimbing from [H][H]...
[0.00044274330139160156] Updated in round 1! max:(0.03571428571428571, 'C=C')
[0.0009045600891113281] Updated in round 2! max:(0.07142857142857142, 'C=CC=C')
[0.0016469955444335938] Updated in round 3! max:(0.10714285714285714, 'C=CC(=C)C=C')
[0.0028073787689208984] Updated in round 4! max:(0.14285714285714285, 'C=CC=C(C=C)C=C')
[0.004930734634399414] Updated in round 5! max:(0.17857142857142858, 'C=CC(=C)C=C(C=C)C=C')
[0.007303953170776367] Updated in round 6! max:(0.21428571428571427, 'C=CC=CC(=C)C=C(C=C)C=C')
[0.011480093002319336] Updated in round 7! max:(0.25, 'C=CC(C=C)=Cc1ccccc1')
[0.0160980224609375] Updated in round 8! max:(0.2857142857142857, 'C=CC=CC(C=C)=Cc1ccccc1')
[0.022853612899780273] Updated in round 9! max:(0.32142857142857145, 'C=c1ccc(=Cc2ccccc2)cc1')
[0.030235767364501953] Updated in round 10! max:(0.35714285714285715, 'C=CC=c1ccc(=Cc2ccccc2)cc1')
[0.040410518646240234] Updated in round 11! max:(0.39285714285714285, 'C=CC=c1ccc(=Cc2ccc(C=C)cc2)cc1')
[0.05680131912231445] Updated in round 12! max:(0.42857142857142855, 'C=CC=Cc1ccc(C=c2ccc(=CC=C)cc2)cc1')
[0.07534575462341309] Updated in round 13! max:(0.4642857142857143, 'C=CC=Cc1ccc(C=c2ccc(=CC(=C)C=C)cc2)cc1')
[0.10142683982849121] Updated in round 14! max:(0.5, 'C=CC=CC(=C)C=c1ccc(=Cc2ccc(C=CC=C)cc2)cc1')
[0.13094568252563477] Updated in round 15! max:(0.5357142857142857, 'C=CC=Cc1ccc(C=c2ccc(=Cc3ccccc3)cc2)cc1')
[0.16767048835754395] Updated in round 16! max:(0.5714285714285714, 'C=CC=CC=Cc1ccc(C=c2ccc(=Cc3ccccc3)cc2)cc1')
[0.2094271183013916] Updated in round 17! max:(0.6071428571428571, 'C=CC=CC(C=C)=Cc1ccc(C=c2ccc(=Cc3ccccc3)cc2)cc1')
[0.26205015182495117] Updated in round 18! max:(0.6428571428571429, 'C=CC=CC(C=C)=Cc1ccc(C=c2ccc(=Cc3ccc(C=C)cc3)cc2)cc1')
[0.31521105766296387] Updated in round 19! max:(0.6785714285714286, 'C=Cc1ccc(C=c2ccc(=Cc3ccc(C=c4ccc(=C)cc4)cc3)cc2)cc1')
[0.3658297061920166] Updated in round 20! max:(0.7142857142857143, 'C=CC=c1ccc(=Cc2ccc(C=c3ccc(=Cc4ccc(C=C)cc4)cc3)cc2)cc1')
[0.4337785243988037] Updated in round 21! max:(0.75, 'C=CC(=C)C=c1ccc(=Cc2ccc(C=c3ccc(=Cc4ccc(C=C)cc4)cc3)cc2)cc1')
[0.5227837562561035] Updated in round 22! max:(0.7857142857142857, 'C=CC=Cc1ccc(C=c2ccc(=Cc3ccc(C=c4ccc(=CC(=C)C=C)cc4)cc3)cc2)cc1')
[0.6163783073425293] Updated in round 23! max:(0.8214285714285714, 'C=CC=Cc1ccc(C=c2ccc(=Cc3ccc(C=c4ccc(=CC(C=C)=CC=C)cc4)cc3)cc2)cc1')
[0.7240302562713623] Updated in round 24! max:(0.8571428571428571, 'C=CC=C(C=C)C=c1ccc(=Cc2ccc(C=c3ccc(=Cc4ccc(C=C(C=C)C=C)cc4)cc3)cc2)cc1')
[0.846074104309082] Updated in round 25! max:(0.8928571428571429, 'C=CC=CC(C=C)=Cc1ccc(C=c2ccc(=Cc3ccc(C=c4ccc(=CC(C=C)=CC=C)cc4)cc3)cc2)cc1')
[1.030128002166748] Updated in round 26! max:(0.9285714285714286, 'C=Cc1cccccccc(C=C)cc2ccc(cc2)cc2ccc(cc2)cc2ccc(cc2)cc2ccc(cc2)c1')
[1.265549659729004] Updated in round 27! max:(0.9642857142857143, 'C=Cc1ccccc2ccc(cc2)cc2ccc(cc2)cc2ccc(cc2)cc2ccc(cc2)cc2ccc(cc2)c1')
[1.5830285549163818] Updated in round 28! max:(1.0, 'c1cc2ccc1cc1ccc(cc1)cc1ccc(cc1)cc1ccc(cc1)cc1ccc(cc1)cc1ccc(cc1)c2')
[1.5830414295196533] Reproduced in round 28!!
