[6.556510925292969e-05] Start running HillClimbing from [H][H]...
[0.00047087669372558594] Updated in round 1! max:(0.02702702702702703, 'C=C')
[0.0009503364562988281] Updated in round 2! max:(0.05405405405405406, 'C=CC=C')
[0.0018970966339111328] Updated in round 3! max:(0.08108108108108109, 'C=CC=CC=C')
[0.003272533416748047] Updated in round 4! max:(0.10810810810810811, 'c1ccccc1')
[0.004626035690307617] Updated in round 5! max:(0.13513513513513514, 'C=Cc1ccccc1')
[0.006875038146972656] Updated in round 6! max:(0.16216216216216217, 'C=CC(=C)c1ccccc1')
[0.01053166389465332] Updated in round 7! max:(0.1891891891891892, 'C=CC=C(C=C)c1ccccc1')
[0.01602029800415039] Updated in round 8! max:(0.21621621621621623, 'C=CC=C(C=C)c1ccccc1C=C')
[0.02347588539123535] Updated in round 9! max:(0.24324324324324326, 'C=CC(C=C)=C(C=C)c1ccccc1C=C')
[0.03323245048522949] Updated in round 10! max:(0.2702702702702703, 'C=CC(C=C)=C(C=C)c1cccc(C=C)c1C=C')
[0.04340553283691406] Updated in round 11! max:(0.2972972972972973, 'C=CC(C=C)=c1c(=C)ccc2c(C=C)cccc12')
[0.05554056167602539] Updated in round 12! max:(0.32432432432432434, 'C=CC(=C)C(C=C)=c1c(=C)ccc2c(C=C)cccc12')
[0.07301664352416992] Updated in round 13! max:(0.35135135135135137, 'C=CC(=C)C(C=C)=c1c(=C)ccc2c(C=C)c(C=C)ccc12')
[0.09178829193115234] Updated in round 14! max:(0.3783783783783784, 'C=Cc1ccc2c(=c3ccccc3=C)c(=C)ccc2c1C=C')
[0.10778045654296875] Updated in round 15! max:(0.40540540540540543, 'C=Cc1ccc2c(=c3c(C=C)cccc3=C)c(=C)ccc2c1C=C')
[0.12987709045410156] Updated in round 16! max:(0.43243243243243246, 'C=CC(=C)c1cccc(=C)c1=c1c(=C)ccc2c(C=C)c(C=C)ccc12')
[0.16077923774719238] Updated in round 17! max:(0.4594594594594595, 'C=CC=Cc1ccc2c(=c3c(C(=C)C=C)cccc3=C)c(=C)ccc2c1C=C')
[0.19817662239074707] Updated in round 18! max:(0.4864864864864865, 'C=CC=Cc1ccc2c(=c3c(C(C=C)=CC=C)cccc3=C)c(=C)ccc2c1C=C')
[0.24435782432556152] Updated in round 19! max:(0.5135135135135135, 'C=CC=Cc1ccc2c(=c3c(C(C=C)=CC(=C)C=C)cccc3=C)c(=C)ccc2c1C=C')
[0.29013657569885254] Updated in round 20! max:(0.5405405405405406, 'C=CC=Cc1ccc2c(=c3c(-c4cccc(C=C)c4)cccc3=C)c(=C)ccc2c1C=C')
[0.33942627906799316] Updated in round 21! max:(0.5675675675675675, 'C=CC=Cc1ccc2c(=c3c(-c4cccc(C=C)c4C=C)cccc3=C)c(=C)ccc2c1C=C')
[0.4320681095123291] Updated in round 22! max:(0.5945945945945946, 'C=Cc1cccc(-c2cccc(=C)c2=c2c(=C)ccc3c2ccc2ccc(=C)c(=C)c23)c1C=C')
[0.48348402976989746] Updated in round 23! max:(0.6216216216216216, 'C=Cc1ccc(C=C)c(-c2cccc(=C)c2=c2c(=C)ccc3c2ccc2ccc(=C)c(=C)c23)c1C=C')
[0.6055760383605957] Updated in round 24! max:(0.6486486486486487, 'C=CC=Cc1c(C=C)ccc(C=C)c1-c1cccc(=C)c1=c1c(=C)ccc2c1ccc1ccc(=C)c(=C)c12')
[0.6713869571685791] Updated in round 25! max:(0.6756756756756757, 'C=Cc1ccc(C=C)c2c1cccccc1c(=C)ccc3ccc4c(ccc(=C)c4c4c(=C)cccc24)c31')
[0.7582626342773438] Updated in round 26! max:(0.7027027027027027, 'C=CC=c1ccc2ccc3c4ccc(=C)c3c3c(=C)cccc3c3c(C=C)ccc(C=C)c3cccccc1c24')
[0.9397504329681396] Updated in round 27! max:(0.7297297297297297, 'C=CC=c1ccc2ccc3c4ccc(=C)c3c3c(=C)cccc3c3c(C=C)ccc5ccc(cccc1c24)cc53')
[1.0388641357421875] Updated in round 28! max:(0.7567567567567568, 'C=CC=c1ccc2ccc3c4ccc5ccc6cccc(c7c(C=C)ccc8ccc(cccc1c24)cc87)c6c53')
[1.367065668106079] Updated in round 29! max:(0.7837837837837838, 'C=CC=c1ccc2ccc3c4ccc5ccc6cccc(c7c(C=C)ccc8ccc(cccc1c24)c(C=C)c87)c6c53')
[1.5811731815338135] Updated in round 30! max:(0.8108108108108109, 'C=CC=CC=c1ccc2ccc3c4ccc5ccc6cccc(c7c(C=C)ccc8ccc(cccc1c24)c(C=C)c87)c6c53')
[1.7839491367340088] Updated in round 31! max:(0.8378378378378378, 'C=CC=CC=c1ccc2ccc3c4ccc5ccc6ccc7ccc8ccc9ccc(cccc1c24)c(C=C)c9c8c7c6c53')
[2.0188047885894775] Updated in round 32! max:(0.8648648648648649, 'C=CC=CC=c1ccc2ccc3c4ccc5ccc6ccc7ccc8ccc9ccc(c(C=C)ccc1c24)c(C=C)c9c8c7c6c53')
[2.1687090396881104] Updated in round 33! max:(0.8918918918918919, 'C=CC=CC=c1ccc2ccc3c4ccc5ccc6ccc7ccc8ccc9ccc(c(C=CC=C)ccc1c24)c(C=C)c9c8c7c6c53')
[2.498743772506714] Updated in round 34! max:(0.918918918918919, 'C=CC=CC=c1ccc2ccc3c4ccc5ccc6ccc7ccc8ccc9ccc%10c(ccc1c24)c(=CC=C)ccc%10c9c8c7c6c53')
[2.6930086612701416] Updated in round 35! max:(0.9459459459459459, 'C=CC=c1ccc2c3ccc4ccc5ccc6ccc7ccc8ccc9c(ccc%10ccc%11ccc(C=C)c(cc13)c%11c%109)c8c7c6c5c42')
[3.228109121322632] Updated in round 36! max:(0.972972972972973, 'c1ccc2ccc3c4ccc5ccc6ccc7ccc8ccc9ccc%10c(ccc%11ccc%12ccc(cc1)c(cc24)c%12c%11%10)c9c8c7c6c53')
[3.481832981109619] Updated in round 37! max:(1.0, 'c1cc2ccc3ccc4ccc5ccc6c7ccc8ccc9ccc%10ccc%11ccc%12ccc%13c(ccc1c%13c2c3c4c57)c%12c%11c%10c9c86')
[3.481844902038574] Reproduced in round 37!!
