[5.14984130859375e-05] Start running HillClimbing from [H][H]...
[0.00039577484130859375] Updated in round 1! max:(0.03571428571428571, 'C=C')
[0.0008513927459716797] Updated in round 2! max:(0.07142857142857142, 'C=CC=C')
[0.0017194747924804688] Updated in round 3! max:(0.10714285714285714, 'C=CC=CC=C')
[0.002882242202758789] Updated in round 4! max:(0.14285714285714285, 'C=CC=CC=CC=C')
[0.0048062801361083984] Updated in round 5! max:(0.17857142857142858, 'C=CC=CC=C(C=C)C=C')
[0.0074536800384521484] Updated in round 6! max:(0.21428571428571427, 'C=CC=C(C=C)C=C(C=C)C=C')
[0.011436939239501953] Updated in round 7! max:(0.25, 'C=CC(C=C)=Cc1ccccc1')
[0.01688218116760254] Updated in round 8! max:(0.2857142857142857, 'C=CC=CC(C=C)=Cc1ccccc1')
[0.023658037185668945] Updated in round 9! max:(0.32142857142857145, 'C=c1ccc(=Cc2ccccc2)cc1')
[0.03082132339477539] Updated in round 10! max:(0.35714285714285715, 'C=Cc1ccc(C=c2ccc(=C)cc2)cc1')
[0.03995990753173828] Updated in round 11! max:(0.39285714285714285, 'C=CC=Cc1ccc(C=c2ccc(=C)cc2)cc1')
[0.05669379234313965] Updated in round 12! max:(0.42857142857142855, 'C=CC=Cc1ccc(C=c2ccc(=CC=C)cc2)cc1')
[0.07612037658691406] Updated in round 13! max:(0.4642857142857143, 'C=CC=Cc1ccc(C=c2ccc(=CC(=C)C=C)cc2)cc1')
[0.09946751594543457] Updated in round 14! max:(0.5, 'C=CC=CC(=C)C=c1ccc(=Cc2ccc(C=CC=C)cc2)cc1')
[0.12705254554748535] Updated in round 15! max:(0.5357142857142857, 'C=CC=CC(=C)C=c1ccc(=Cc2ccc(C=C(C=C)C=C)cc2)cc1')
[0.1637728214263916] Updated in round 16! max:(0.5714285714285714, 'C=CC(C=C)=Cc1ccc(C=c2ccc(=Cc3ccccc3)cc2)cc1')
[0.19709014892578125] Updated in round 17! max:(0.6071428571428571, 'C=CC(C=C)=Cc1ccc(C=c2ccc(=Cc3ccc(C=C)cc3)cc2)cc1')
[0.2385725975036621] Updated in round 18! max:(0.6428571428571429, 'C=CC=Cc1ccc(C=c2ccc(=Cc3ccc(C=C(C=C)C=C)cc3)cc2)cc1')
[0.2894439697265625] Updated in round 19! max:(0.6785714285714286, 'C=CC(C=C)=Cc1ccc(C=c2ccc(=Cc3ccc(C=C(C=C)C=C)cc3)cc2)cc1')
[0.3581225872039795] Updated in round 20! max:(0.7142857142857143, 'C=CC=CC(C=C)=Cc1ccc(C=c2ccc(=Cc3ccc(C=C(C=C)C=C)cc3)cc2)cc1')
[0.4339890480041504] Updated in round 21! max:(0.75, 'C=CC=CC(C=C)=Cc1ccc(C=c2ccc(=Cc3ccc(C=C(C=C)C=CC=C)cc3)cc2)cc1')
[0.5275585651397705] Updated in round 22! max:(0.7857142857142857, 'C=CC=CC(C=C)=Cc1ccc(C=c2ccc(=Cc3ccc(C=c4ccc(=C)cc4)cc3)cc2)cc1')
[0.6125078201293945] Updated in round 23! max:(0.8214285714285714, 'C=CC=CC=CC(C=C)=Cc1ccc(C=c2ccc(=Cc3ccc(C=c4ccc(=C)cc4)cc3)cc2)cc1')
[0.720388650894165] Updated in round 24! max:(0.8571428571428571, 'C=CC=c1ccc(=Cc2ccc(C=c3ccc(=Cc4ccc(C=c5ccc(=C)cc5)cc4)cc3)cc2)cc1')
[0.8414080142974854] Updated in round 25! max:(0.8928571428571429, 'C=CC(=C)C=c1ccc(=Cc2ccc(C=c3ccc(=Cc4ccc(C=c5ccc(=C)cc5)cc4)cc3)cc2)cc1')
[0.9546794891357422] Updated in round 26! max:(0.9285714285714286, 'C=CC=c1ccc(=Cc2ccc(C=c3ccc(=Cc4ccc(C=c5ccc(=CC(=C)C=C)cc5)cc4)cc3)cc2)cc1')
[1.1335701942443848] Updated in round 27! max:(0.9642857142857143, 'C=Cc1ccccc2ccc(cc2)cc2ccc(cc2)cc2ccc(cc2)cc2ccc(cc2)cc2ccc(cc2)c1')
[1.4261648654937744] Updated in round 28! max:(1.0, 'c1cc2ccc1cc1ccc(cc1)cc1ccc(cc1)cc1ccc(cc1)cc1ccc(cc1)cc1ccc(cc1)c2')
[1.426177740097046] Reproduced in round 28!!
