[5.7697296142578125e-05] Start running HillClimbing from [H][H]...
[0.0005242824554443359] Updated in round 1! max:(0.02040816326530612, 'C=C')
[0.0010974407196044922] Updated in round 2! max:(0.04081632653061224, 'C=CC=C')
[0.0020456314086914062] Updated in round 3! max:(0.061224489795918366, 'C=CC=CC=C')
[0.0035314559936523438] Updated in round 4! max:(0.08163265306122448, 'C=CC=C(C=C)C=C')
[0.005734920501708984] Updated in round 5! max:(0.10204081632653061, 'C=CC(C=C)=C(C=C)C=C')
[0.008748054504394531] Updated in round 6! max:(0.12244897959183673, 'C=CC=CC(C=C)=C(C=C)C=C')
[0.012907981872558594] Updated in round 7! max:(0.14285714285714285, 'C=CC=CC(C(=C)C=C)=C(C=C)C=C')
[0.01808786392211914] Updated in round 8! max:(0.16326530612244897, 'C=CC(=C)c1cc(C=C)ccc1C=C')
[0.0265350341796875] Updated in round 9! max:(0.1836734693877551, 'C=CC=CC(=C)c1cc(C=C)ccc1C=C')
[0.03493618965148926] Updated in round 10! max:(0.20408163265306123, 'C=CC=CC(=CC=C)c1cc(C=C)ccc1C=C')
[0.05315971374511719] Updated in round 11! max:(0.22448979591836735, 'C=CC=C(C=CC(=C)C=C)c1cc(C=C)ccc1C=C')
[0.06714677810668945] Updated in round 12! max:(0.24489795918367346, 'C=CC(=C)C=Cc1c(C=C)ccc2ccc(C=C)cc12')
[0.08375859260559082] Updated in round 13! max:(0.2653061224489796, 'C=CC=Cc1ccc2ccc(C=C)cc2c1C=CC(=C)C=C')
[0.10322284698486328] Updated in round 14! max:(0.2857142857142857, 'C=CC=Cc1ccc2ccc(C=CC=C)c(C=CC(=C)C=C)c2c1')
[0.13653111457824707] Updated in round 15! max:(0.30612244897959184, 'C=CC=Cc1ccc2ccc3ccccc3c2c1C=CC(=C)C=C')
[0.1730480194091797] Updated in round 16! max:(0.32653061224489793, 'C=CC=Cc1ccc2ccc3ccccc3c2c1C=C(C=C)C(=C)C=C')
[0.2053682804107666] Updated in round 17! max:(0.3469387755102041, 'C=CC=Cc1ccc2ccc3ccccc3c2c1C=C(C=C)C(C=C)=CC=C')
[0.24140691757202148] Updated in round 18! max:(0.3673469387755102, 'C=CC=Cc1ccc2ccc3ccccc3c2c1C=C(C=C)C(C=C)=CC(=C)C=C')
[0.297457218170166] Updated in round 19! max:(0.3877551020408163, 'C=CC=Cc1ccc2ccc3ccccc3c2c1C=C(C(=C)C=C)C(C=C)=CC(=C)C=C')
[0.34984922409057617] Updated in round 20! max:(0.40816326530612246, 'C=CC=Cc1ccc2ccc3ccccc3c2c1C=C(C(=C)C=C)C(C=C)=CC(C=C)=CC=C')
[0.41718530654907227] Updated in round 21! max:(0.42857142857142855, 'C=CC=Cc1ccc2ccc3cccc(C=C)c3c2c1C=C(C(=C)C=C)C(C=C)=CC(C=C)=CC=C')
[0.5260376930236816] Updated in round 22! max:(0.4489795918367347, 'C=CC=Cc1ccc2ccc3cccc(C=C)c3c2c1C=C(C(=C)C=C)C(C=C)=CC(C=C)=CC(=C)C=C')
[0.6048057079315186] Updated in round 23! max:(0.46938775510204084, 'C=CC=Cc1ccc2ccc3cccc(C=C)c3c2c1C=C(C(=C)C=C)C(C=C)=CC(C=C)=CC(=C)C(=C)C=C')
[0.7207648754119873] Updated in round 24! max:(0.4897959183673469, 'C=CC=Cc1ccc2ccc3cccc(C=CC=C)c3c2c1C=C(C(=C)C=C)C(C=C)=CC(C=C)=CC(=C)C(=C)C=C')
[0.8286609649658203] Updated in round 25! max:(0.5102040816326531, 'C=CC=Cc1cccc2ccc3ccc4cccccc(C=C)c(C(C=C)=CC(C=C)=CC(=C)C(=C)C=C)cc4c3c12')
[1.212190866470337] Updated in round 26! max:(0.5306122448979592, 'C=CC=Cc1cccc2ccc3ccc4cccccc(C=C)c(C(C=C)=CC(C=C)=C(C=C)C(=C)C(=C)C=C)cc4c3c12')
[1.4027612209320068] Updated in round 27! max:(0.5510204081632653, 'C=CC=CC=Cc1cccc2ccc3ccc4cccccc(C=C)c(C(C=C)=CC(C=C)=C(C=C)C(=C)C(=C)C=C)cc4c3c12')
[1.6057260036468506] Updated in round 28! max:(0.5714285714285714, 'C=CC=CC=Cc1cccc2ccc3ccc4cccccc(C=C)c(C(C=C)=CC(C=C)=C(C=C)C(=C)C(=C)C=CC=C)cc4c3c12')
[1.8387799263000488] Updated in round 29! max:(0.5918367346938775, 'C=CC=CC=Cc1cccc2ccc3ccc4cccccc(C=C)c(C(C=CC=C)=CC(C=C)=C(C=C)C(=C)C(=C)C=CC=C)cc4c3c12')
[2.0475776195526123] Updated in round 30! max:(0.6122448979591837, 'C=CC=CC=Cc1cccc2ccc3ccc4cccccc(C=C)c(C(C=CC=C)=CC(C=C)=C(C=C)C(=C)c5ccccc5)cc4c3c12')
[2.3342459201812744] Updated in round 31! max:(0.6326530612244898, 'C=CC=CC=Cc1cccc2ccc3ccc4cccccc(C=C)c(C(C=CC=C)=CC(C=C)=C(C=C)C(=C)c5cccc(C=C)c5)cc4c3c12')
[2.6370158195495605] Updated in round 32! max:(0.6530612244897959, 'C=CC=CC=Cc1c(C=C)ccc2ccc3ccc4cccccc(C=C)c(C(C=CC=C)=CC(C=C)=C(C=C)C(=C)c5cccc(C=C)c5)cc4c3c12')
[2.8815670013427734] Updated in round 33! max:(0.673469387755102, 'C=CC=CC(=CC(C=C)=C(C=C)C(=C)c1cccc(C=C)c1)c1cc2c(cccccc1C=C)ccc1ccc3ccc(C=C)c(-c4ccccc4)c3c12')
[3.2078194618225098] Updated in round 34! max:(0.6938775510204082, 'C=CC=CC(=CC(C=C)=C(C=C)C(=C)c1cccc(C=CC=C)c1)c1cc2c(cccccc1C=C)ccc1ccc3ccc(C=C)c(-c4ccccc4)c3c12')
[3.5672054290771484] Updated in round 35! max:(0.7142857142857143, 'C=CC=CC(=CC(C=C)=C(C=C)C(=C)c1cc(C=CC=C)ccc1C=C)c1cc2c(cccccc1C=C)ccc1ccc3ccc(C=C)c(-c4ccccc4)c3c12')
[3.8826041221618652] Updated in round 36! max:(0.7346938775510204, 'C=CC=CC(=CC(C(=C)C=C)=C(C=C)C(=C)c1cc(C=CC=C)ccc1C=C)c1cc2c(cccccc1C=C)ccc1ccc3ccc(C=C)c(-c4ccccc4)c3c12')
[4.205844163894653] Updated in round 37! max:(0.7551020408163265, 'C=CC=CC(=CC(C(=C)C=C)=C(C=C)C(=C)c1c(C=C)ccc(C=CC=C)c1C=C)c1cc2c(cccccc1C=C)ccc1ccc3ccc(C=C)c(-c4ccccc4)c3c12')
[4.598775625228882] Updated in round 38! max:(0.7755102040816326, 'C=CC=Cc1ccc(C=C)c(C(=C)C(C=C)=c2cc(-c3cc4c(cccccc3C=C)ccc3ccc5ccc(C=C)c(-c6ccccc6)c5c34)ccccccc2=C)c1C=C')
[4.950430870056152] Updated in round 39! max:(0.7959183673469388, 'C=CC(C(=C)c1c(C=C)ccc2ccc(=C)c(=C)c12)=c1cc(-c2cc3c(cccccc2C=C)ccc2ccc4ccc(C=C)c(-c5ccccc5)c4c23)ccccccc1=C')
[5.420008659362793] Updated in round 40! max:(0.8163265306122449, 'C=CC(C(=C)c1c(C=C)ccc2ccc(=C)c(=C)c12)=c1cc(-c2c(C=C)ccc3ccc4ccc5ccc6ccc(C=C)c(-c7ccccc7)c6c5c4c23)ccccccc1=C')
[5.74696946144104] Updated in round 41! max:(0.8367346938775511, 'C=CC=C(C(C=C)=c1cc(-c2c(C=C)ccc3ccc4ccc5ccc6ccc(C=C)c(-c7ccccc7)c6c5c4c23)ccccccc1=C)c1c(C=C)ccc2ccc(=C)c(=C)c12')
[6.516876220703125] Updated in round 42! max:(0.8571428571428571, 'C=CC=C(C(C=C)=c1cc(-c2c(C=C)ccc3ccc4ccc5ccc6ccc(C=C)c(-c7ccccc7)c6c5c4c23)ccccccc1=C)c1c(C=C)ccc2ccc(=C)c(=CC=C)c12')
[6.933523893356323] Updated in round 43! max:(0.8775510204081632, 'C=CC=C(C(C=C)=c1cc(-c2c(C=C)ccc3ccc4ccc5ccc6ccc(C=C)c(-c7ccccc7)c6c5c4c23)ccccccc1=C)c1c(C=C)ccc2ccc3ccccc3c12')
[7.437775135040283] Updated in round 44! max:(0.8979591836734694, 'C=CC=C(c1cccc2ccccccc(-c3c(C=C)ccc4ccc5ccc6ccc7ccc(C=C)c(-c8ccccc8)c7c6c5c34)cc12)c1c(C=C)ccc2ccc3ccccc3c12')
[7.966444492340088] Updated in round 45! max:(0.9183673469387755, 'C=CC=C(c1cccc2cccccc3ccc4ccc5ccc6ccc7ccc8ccc(C=C)c(-c9ccccc9)c8c7c6c5c4c3cc12)c1c(C=C)ccc2ccc3ccccc3c12')
[8.635936260223389] Updated in round 46! max:(0.9387755102040817, 'C=Cc1ccc2ccc3ccc4ccccc4c3c2c1-c1cccc2cccccc3ccc4ccc5ccc6ccc7ccc8ccc(C=C)c(-c9ccccc9)c8c7c6c5c4c3cc12')
[10.44248080253601] Updated in round 47! max:(0.9591836734693877, 'C=Cc1ccc2ccc3ccc4ccccc4c3c2c1-c1cccc2cccccc3ccc4ccc5ccc6ccc7ccc8ccc9ccc%10ccccc%10c9c8c7c6c5c4c3cc12')
[11.465200901031494] Updated in round 48! max:(0.9795918367346939, 'c1ccc2ccc3ccc4ccc5ccc6ccc7ccccc7c6c5c4c3c2cc2c(cc1)ccc1ccc3ccc4ccc5ccc6ccc7ccc8ccccc8c7c6c5c4c3c12')
[14.212205648422241] Updated in round 49! max:(1.0, 'c1ccc2c(c1)ccc1ccc3ccc4ccc5ccc6ccc7ccc8ccc9ccc%10ccc%11ccc%12ccc%13ccc%14ccc%15ccccc%15c%14c%13c%12c%11c%10c9c8c7c6c5c4c3c12')
[14.212218523025513] Reproduced in round 49!!
