[5.412101745605469e-05] Start running HillClimbing from [H][H]...
[0.00043463706970214844] Updated in round 1! max:(0.025, 'C#C')
[0.0011043548583984375] Updated in round 2! max:(0.125, 'C#Cc1ccccc1')
[0.0041081905364990234] Updated in round 3! max:(0.15, 'C=CC#Cc1ccccc1')
[0.00920557975769043] Updated in round 4! max:(0.175, 'C=CC(=C)C#Cc1ccccc1')
[0.017095327377319336] Updated in round 5! max:(0.225, 'C(#Cc1ccccc1)c1ccccc1')
[0.026215791702270508] Updated in round 6! max:(0.25, 'C#Cc1cccc(C#Cc2ccccc2)c1')
[0.03544116020202637] Updated in round 7! max:(0.275, 'C=CC#Cc1cccc(C#Cc2ccccc2)c1')
[0.04800915718078613] Updated in round 8! max:(0.3, 'C#Cc1c(C#CC=C)cccc1C#Cc1ccccc1')
[0.061524152755737305] Updated in round 9! max:(0.325, 'C#CC=CC#Cc1cccc(C#Cc2ccccc2)c1C#C')
[0.07852911949157715] Updated in round 10! max:(0.35, 'C#CC=CC#Cc1ccc(C#C)c(C#Cc2ccccc2)c1C#C')
[0.09794235229492188] Updated in round 11! max:(0.425, 'C#Cc1ccccc1C#Cc1ccc(C#C)c(C#Cc2ccccc2)c1C#C')
[0.12112259864807129] Updated in round 12! max:(0.45, 'C#Cc1ccccc1C#Cc1ccc(C#C)c(C#Cc2ccccc2)c1C#CC=C')
[0.15163636207580566] Updated in round 13! max:(0.475, 'C#Cc1ccc2c(c1C#Cc1ccccc1)C#CC=CC#Cc1ccccc1C#C2')
[0.1834547519683838] Updated in round 14! max:(0.575, 'C1#Cc2ccccc2C#Cc2ccc(C#Cc3ccccc3)c(C#Cc3ccccc3)c2C#CC=C1')
[0.2460031509399414] Updated in round 15! max:(0.6, 'C#Cc1ccccc1C#Cc1c(C#Cc2ccccc2)ccc2c1C#CC=CC#Cc1ccccc1C#C2')
[0.32041430473327637] Updated in round 16! max:(0.675, 'C#Cc1ccccc1C#Cc1c(C#Cc2ccccc2)ccc2c1C#Cc1ccccc1C#Cc1ccccc1C#C2')
[0.39249610900878906] Updated in round 17! max:(0.7, 'c1c2ccccc2c#cc2ccc3c#cc4ccccc4c#cc4ccccc4c#cc3c2c#cc2ccccc2c#1')
[0.4679853916168213] Updated in round 18! max:(0.725, 'C#Cc1cc2c#cc3ccccc3c#cc3ccccc3c#cc2c2c#cc3ccccc3c#cc3ccccc3c#cc12')
[0.5575933456420898] Updated in round 19! max:(0.75, 'C=CC#Cc1cc2c#cc3ccccc3c#cc3ccccc3c#cc2c2c#cc3ccccc3c#cc3ccccc3c#cc12')
[0.6654150485992432] Updated in round 20! max:(0.775, 'C#CC=CC#Cc1cc2c#cc3ccccc3c#cc3ccccc3c#cc2c2c#cc3ccccc3c#cc3ccccc3c#cc12')
[0.7566366195678711] Updated in round 21! max:(0.8, 'C#CC(C=C)=CC#Cc1cc2c#cc3ccccc3c#cc3ccccc3c#cc2c2c#cc3ccccc3c#cc3ccccc3c#cc12')
[0.867283821105957] Updated in round 22! max:(0.9, 'C=CC(C#Cc1ccccc1)=CC#Cc1cc2c#cc3ccccc3c#cc3ccccc3c#cc2c2c#cc3ccccc3c#cc3ccccc3c#cc12')
[1.0409846305847168] Updated in round 23! max:(0.925, 'C#Cc1c(C#CC=C(C#Cc2ccccc2)C=C)c2c#cc3ccccc3c#cc3ccccc3c#cc2c2c#cc3ccccc3c#cc3ccccc3c#cc12')
[1.2211198806762695] Updated in round 24! max:(0.95, 'C#Cc1c(C#CC=C(C#Cc2ccccc2)C=CC=C)c2c#cc3ccccc3c#cc3ccccc3c#cc2c2c#cc3ccccc3c#cc3ccccc3c#cc12')
[1.5258965492248535] Updated in round 25! max:(0.975, 'C#Cc1c(C#Cc2ccccc2C#Cc2ccccc2)c2c#cc3ccccc3c#cc3ccccc3c#cc2c2c#cc3ccccc3c#cc3ccccc3c#cc12')
[1.8207602500915527] Updated in round 26! max:(1.0, 'c1c2ccccc2c#cc2c3c#cc4ccccc4c#cc4ccccc4c#cc3c3c#cc4ccccc4c#cc4ccccc4c#cc3c2c#cc2ccccc2c#1')
[1.8207719326019287] Reproduced in round 26!!
