[7.605552673339844e-05] Start running HillClimbing from [H][H]...
[0.0005562305450439453] Updated in round 1! max:(0.018867924528301886, 'C=C')
[0.0011322498321533203] Updated in round 2! max:(0.03773584905660377, 'C=CC=C')
[0.0021047592163085938] Updated in round 3! max:(0.05660377358490566, 'C=CC(=C)C=C')
[0.003623485565185547] Updated in round 4! max:(0.07547169811320754, 'C=CC(=C)C(=C)C=C')
[0.005543708801269531] Updated in round 5! max:(0.09433962264150944, 'C=c1ccccc1=C')
[0.007643699645996094] Updated in round 6! max:(0.11320754716981132, 'C=Cc1ccc(=C)c(=C)c1')
[0.010794639587402344] Updated in round 7! max:(0.1320754716981132, 'C=CC=Cc1ccc(=C)c(=C)c1')
[0.016312122344970703] Updated in round 8! max:(0.1509433962264151, 'C=CC=CC=Cc1ccc(=C)c(=C)c1')
[0.02311086654663086] Updated in round 9! max:(0.16981132075471697, 'C=CC(=C)C=CC=Cc1ccc(=C)c(=C)c1')
[0.0349879264831543] Updated in round 10! max:(0.18867924528301888, 'C=CC=C(C=C)C=CC=Cc1ccc(=C)c(=C)c1')
[0.04648184776306152] Updated in round 11! max:(0.20754716981132076, 'C=CC=C(C=C)C=CC=Cc1ccc(=C)c(=C)c1C=C')
[0.06021761894226074] Updated in round 12! max:(0.22641509433962265, 'C=CC=C(C=C)C=CC=C(C=C)c1ccc(=C)c(=C)c1C=C')
[0.0794668197631836] Updated in round 13! max:(0.24528301886792453, 'C=CC=CC=C(C=C)C=CC=C(C=C)c1ccc(=C)c(=C)c1C=C')
[0.1081852912902832] Updated in round 14! max:(0.2641509433962264, 'C=CC=CC=C(C=C)C=CC=C(C=C)c1ccc(=CC=C)c(=C)c1C=C')
[0.1770305633544922] Updated in round 15! max:(0.2830188679245283, 'C=CC=CC=C(C=C)C=CC=C(C=C)c1ccc(=CC(=C)C=C)c(=C)c1C=C')
[0.2231006622314453] Updated in round 16! max:(0.3018867924528302, 'C=CC=CC=C(C=C)c1ccc(-c2ccc(=CC(=C)C=C)c(=C)c2C=C)cc1')
[0.25966358184814453] Updated in round 17! max:(0.32075471698113206, 'C=CC=CC=C(C=CC=C)c1ccc(-c2ccc(=CC(=C)C=C)c(=C)c2C=C)cc1')
[0.3189427852630615] Updated in round 18! max:(0.33962264150943394, 'C=CC=CC=C(C=CC=C)c1ccc(-c2ccc3cc(C=C)ccc3c2C=C)cc1')
[0.38312244415283203] Updated in round 19! max:(0.3584905660377358, 'C=CC=c1cc(-c2ccc(-c3ccc4cc(C=C)ccc4c3C=C)cc2)ccc1=C')
[0.4307725429534912] Updated in round 20! max:(0.37735849056603776, 'C=CC=c1cc(-c2ccc(-c3ccc4cc(C(=C)C=C)ccc4c3C=C)cc2)ccc1=C')
[0.48874688148498535] Updated in round 21! max:(0.39622641509433965, 'C=CC=C(C=C)c1ccc2c(C=C)c(-c3ccc(-c4ccc(=C)c(=CC=C)c4)cc3)ccc2c1')
[0.5586755275726318] Updated in round 22! max:(0.41509433962264153, 'C=CC=C(C=C)c1ccc2c(C=C)c(-c3ccc(-c4ccc(=CC=C)c(=CC=C)c4)cc3)ccc2c1')
[0.6343224048614502] Updated in round 23! max:(0.4339622641509434, 'C=CC=CC=C(C=C)c1ccc2c(C=C)c(-c3ccc(-c4ccc(=CC=C)c(=CC=C)c4)cc3)ccc2c1')
[0.7437145709991455] Updated in round 24! max:(0.4528301886792453, 'C=CC=CC=C(C=C)c1ccc2c(C=C)c(-c3ccc(-c4ccc5c(C=C)cccc5c4)cc3)ccc2c1')
[0.836327075958252] Updated in round 25! max:(0.4716981132075472, 'C=CC=CC=C(C=C)c1ccc2c(C=C)c(-c3ccc(-c4ccc5c(C=C)c(C=C)ccc5c4)cc3)ccc2c1')
[0.9837238788604736] Updated in round 26! max:(0.49056603773584906, 'C=CC=CC=C(C=C)c1ccc2c(C=C)c(-c3ccc(-c4ccc5c(C=C)c(C=CC=C)ccc5c4)cc3)ccc2c1')
[1.1095490455627441] Updated in round 27! max:(0.5094339622641509, 'C=CC=CC=CC=C(C=C)c1ccc2c(C=C)c(-c3ccc(-c4ccc5c(C=C)c(C=CC=C)ccc5c4)cc3)ccc2c1')
[1.2518155574798584] Updated in round 28! max:(0.5283018867924528, 'C=CC=CC=CC=CC=C(C=C)c1ccc2c(C=C)c(-c3ccc(-c4ccc5c(C=C)c(C=CC=C)ccc5c4)cc3)ccc2c1')
[1.4722177982330322] Updated in round 29! max:(0.5471698113207547, 'C=CC=CC=Cc1ccc(-c2ccc3c(C=C)c(-c4ccc(-c5ccc6c(C=C)c(C=CC=C)ccc6c5)cc4)ccc3c2)cc1')
[1.6791965961456299] Updated in round 30! max:(0.5660377358490566, 'C=CC=CC=CC=Cc1ccc(-c2ccc3c(C=C)c(-c4ccc(-c5ccc6c(C=C)c(C=CC=C)ccc6c5)cc4)ccc3c2)cc1')
[1.9029817581176758] Updated in round 31! max:(0.5849056603773585, 'C=CC=Cc1ccc2cc(-c3ccc(-c4ccc5cc(-c6ccc(C=CC=CC(C=C)=CC=C)cc6)ccc5c4C=C)cc3)ccc2c1C=C')
[2.115574836730957] Updated in round 32! max:(0.6037735849056604, 'C=CC=Cc1ccc2cc(-c3ccc(-c4ccc5cc(-c6ccc7ccccc(C=C)cccc7c6)ccc5c4C=C)cc3)ccc2c1C=C')
[2.3514564037323] Updated in round 33! max:(0.6226415094339622, 'C=CC=CC=Cc1ccc2cc(-c3ccc(-c4ccc5cc(-c6ccc7ccccc(C=C)cccc7c6)ccc5c4C=C)cc3)ccc2c1C=C')
[2.608196496963501] Updated in round 34! max:(0.6415094339622641, 'C=CC=CC=Cc1ccc2cc(-c3ccc(-c4ccc5cc(-c6ccc7ccccc(C=CC=C)cccc7c6)ccc5c4C=C)cc3)ccc2c1C=C')
[2.9027605056762695] Updated in round 35! max:(0.660377358490566, 'C=CC=CC=CC=Cc1ccc2cc(-c3ccc(-c4ccc5cc(-c6ccc7ccccc(C=CC=C)cccc7c6)ccc5c4C=C)cc3)ccc2c1C=C')
[3.396618127822876] Updated in round 36! max:(0.6792452830188679, 'C=CC=CC=CC=Cc1ccc2cc(-c3ccc4c(ccc5c6ccc(-c7ccc8ccccc(C=CC=C)cccc8c7)cc6ccc45)c3)ccc2c1C=C')
[3.845325469970703] Updated in round 37! max:(0.6981132075471698, 'C=CC=Cc1ccccc2ccc(-c3ccc4c(ccc5c6ccc(-c7ccc8c(C=C)c(C=CC=CC=CC(=C)C=C)ccc8c7)cc6ccc45)c3)cc2ccc1')
[4.407046794891357] Updated in round 38! max:(0.7169811320754716, 'C=CC(=C)C=CC=CC=Cc1ccc2cc(-c3ccc4c(ccc5c6ccc(-c7ccc8cccc9ccccc9cccc8c7)cc6ccc45)c3)ccc2c1C=C')
[4.998161554336548] Updated in round 39! max:(0.7358490566037735, 'C=CC=CC(=C)C=CC=CC=Cc1ccc2cc(-c3ccc4c(ccc5c6ccc(-c7ccc8cccc9ccccc9cccc8c7)cc6ccc45)c3)ccc2c1C=C')
[5.530333995819092] Updated in round 40! max:(0.7547169811320755, 'C=CC=CC(=C)C=C(C=C)C=CC=Cc1ccc2cc(-c3ccc4c(ccc5c6ccc(-c7ccc8cccc9ccccc9cccc8c7)cc6ccc45)c3)ccc2c1C=C')
[6.046033143997192] Updated in round 41! max:(0.7735849056603774, 'C=CC=CC(=C)C=C(C=C)C=CC=Cc1ccc2cc(-c3ccc4c(ccc5c6ccc(-c7ccc8c(ccc9c%10ccccc%10ccc89)c7)cc6ccc45)c3)ccc2c1C=C')
[6.8186194896698] Updated in round 42! max:(0.7924528301886793, 'C=CC=CC(=C)C=C(C=C)C(C=C)=CC=Cc1ccc2cc(-c3ccc4c(ccc5c6ccc(-c7ccc8c(ccc9c%10ccccc%10ccc89)c7)cc6ccc45)c3)ccc2c1C=C')
[7.940356492996216] Updated in round 43! max:(0.8113207547169812, 'C=CC=CC=CC(=C)C=C(C=C)C(C=C)=CC=Cc1ccc2cc(-c3ccc4c(ccc5c6ccc(-c7ccc8c(ccc9c%10ccccc%10ccc89)c7)cc6ccc45)c3)ccc2c1C=C')
[8.734397888183594] Updated in round 44! max:(0.8301886792452831, 'C=CC(=CC=Cc1ccc2cc(-c3ccc4c(ccc5c6ccc(-c7ccc8c(ccc9c%10ccccc%10ccc89)c7)cc6ccc45)c3)ccc2c1C=C)C(C=C)=Cc1cccc(C=C)c1')
[9.46699571609497] Updated in round 45! max:(0.8490566037735849, 'C=CC(=CC=Cc1ccc2cc(-c3ccc4c(ccc5c6ccc(-c7ccc8c(ccc9c%10ccc(C=C)cc%10ccc89)c7)cc6ccc45)c3)ccc2c1C=C)C(C=C)=Cc1cccc(C=C)c1')
[10.690176963806152] Updated in round 46! max:(0.8679245283018868, 'C=CC(=CC=Cc1ccc2cc(-c3ccc4c(ccc5c6ccc(-c7ccc8c(ccc9c%10ccc(C=C)cc%10ccc89)c7)cc6ccc45)c3)ccc2c1C=C)C(C=C)=Cc1ccc(C=C)c(C=C)c1')
[11.743889570236206] Updated in round 47! max:(0.8867924528301887, 'C=CC(=C)c1ccc(C=C(C=C)C(C=C)=CC=Cc2ccc3cc(-c4ccc5c(ccc6c7ccc(-c8ccc9c(ccc%10c%11ccc(C=C)cc%11ccc9%10)c8)cc7ccc56)c4)ccc3c2C=C)cc1C=C')
[12.647018194198608] Updated in round 48! max:(0.9056603773584906, 'C=CC(=CC=Cc1ccc2cc(-c3ccc4c(ccc5c6ccc(-c7ccc8c(ccc9c%10ccc(C=C)cc%10ccc89)c7)cc6ccc45)c3)ccc2c1C=C)C(C=C)=Cc1ccc2c(C=C)cccc2c1')
[13.641620874404907] Updated in round 49! max:(0.9245283018867925, 'C=CC(=CC=Cc1ccc2cc(-c3ccc4c(ccc5c6ccc(-c7ccc8c(ccc9c%10ccc(C=C)cc%10ccc89)c7)cc6ccc45)c3)ccc2c1C=C)c1ccc2c(ccc3c(C=C)cccc32)c1')
[15.355679273605347] Updated in round 50! max:(0.9433962264150944, 'C=Cc1ccc2c(ccc3c4ccc(-c5ccc6c(ccc7c8ccc(-c9ccc%10c(C=C)c(-c%11ccc(-c%12ccc%13c(ccc%14c(C=C)cccc%14%13)c%12)cc%11)ccc%10c9)cc8ccc67)c5)cc4ccc23)c1')
[17.175137519836426] Updated in round 51! max:(0.9622641509433962, 'C=Cc1ccc2c(ccc3c4ccc(-c5ccc6c(ccc7c8ccc(-c9ccc%10c(ccc%11c%12ccc(-c%13ccc%14c(ccc%15c(C=C)cccc%15%14)c%13)cc%12ccc%10%11)c9)cc8ccc67)c5)cc4ccc23)c1')
[19.22966170310974] Updated in round 52! max:(0.9811320754716981, 'C=C1C=Cc2cccc3c2ccc2cc(ccc23)-c2ccc3c(ccc4c5ccc(cc5ccc34)-c3ccc4c(ccc5c6ccc(cc6ccc45)-c4ccc5c(ccc6c7ccc1cc7ccc56)c4)c3)c2')
[23.597519874572754] Updated in round 53! max:(1.0, 'c1cc2c3ccc4c5ccc(cc5ccc24)-c2ccc4c(ccc5c6ccc(cc6ccc45)-c4ccc5c(ccc6c7ccc(cc7ccc56)-c5ccc6c(ccc7c8ccc(cc8ccc67)-c1c3)c5)c4)c2')
[23.59753394126892] Reproduced in round 53!!
