[4.9114227294921875e-05] Start running HillClimbing from [H][H]...
[0.00045490264892578125] Updated in round 1! max:(0.16, 'c1ccccc1')
[0.00362396240234375] Updated in round 2! max:(0.2, 'C=Cc1ccccc1')
[0.008861780166625977] Updated in round 3! max:(0.36, 'C=C(c1ccccc1)c1ccccc1')
[0.024880647659301758] Updated in round 4! max:(0.4, 'C=CC=C(c1ccccc1)c1ccccc1')
[0.04850649833679199] Updated in round 5! max:(0.44, 'C=CC(C=C)=C(c1ccccc1)c1ccccc1')
[0.06497597694396973] Updated in round 6! max:(0.48, 'C=CC=CC(C=C)=C(c1ccccc1)c1ccccc1')
[0.08964085578918457] Updated in round 7! max:(0.52, 'C=CC=CC=CC(C=C)=C(c1ccccc1)c1ccccc1')
[0.12018537521362305] Updated in round 8! max:(0.56, 'C=CC=c1ccc(=C(c2ccccc2)c2ccccc2)cc1')
[0.15175652503967285] Updated in round 9! max:(0.6, 'C=CC(C=C)=c1ccc(=C(c2ccccc2)c2ccccc2)cc1')
[0.18760323524475098] Updated in round 10! max:(0.64, 'C=CC=CC(C=C)=c1ccc(=C(c2ccccc2)c2ccccc2)cc1')
[0.22979378700256348] Updated in round 11! max:(0.68, 'C=c1ccc(=c2ccc(=C(c3ccccc3)c3ccccc3)cc2)cc1')
[0.27008867263793945] Updated in round 12! max:(0.72, 'C=CC=c1ccc(=c2ccc(=C(c3ccccc3)c3ccccc3)cc2)cc1')
[0.31923770904541016] Updated in round 13! max:(0.76, 'C=CC(C=C)=c1ccc(=c2ccc(=C(c3ccccc3)c3ccccc3)cc2)cc1')
[0.38120079040527344] Updated in round 14! max:(0.8, 'C=CC(=C)C(C=C)=c1ccc(=c2ccc(=C(c3ccccc3)c3ccccc3)cc2)cc1')
[0.4485514163970947] Updated in round 15! max:(0.84, 'C=CC=CC(=C)C(C=C)=c1ccc(=c2ccc(=C(c3ccccc3)c3ccccc3)cc2)cc1')
[0.528893232345581] Updated in round 16! max:(0.88, 'C=CC=CC(=C)C(C(=C)C=C)=c1ccc(=c2ccc(=C(c3ccccc3)c3ccccc3)cc2)cc1')
[0.6216106414794922] Updated in round 17! max:(0.92, 'C=CC(=C)C(c1ccccc1)=c1ccc(=c2ccc(=C(c3ccccc3)c3ccccc3)cc2)cc1')
[0.7168025970458984] Updated in round 18! max:(0.96, 'C=CC=CC(=C)C(c1ccccc1)=c1ccc(=c2ccc(=C(c3ccccc3)c3ccccc3)cc2)cc1')
[0.8517036437988281] Updated in round 19! max:(1.0, 'c1ccc(C(c2ccccc2)=c2ccc(=c3ccc(=C(c4ccccc4)c4ccccc4)cc3)cc2)cc1')
[0.8517158031463623] Reproduced in round 19!!
