[5.53131103515625e-05] Start running HillClimbing from [H][H]...
[0.0004956722259521484] Updated in round 1! max:(0.025, 'C=C')
[0.0012726783752441406] Updated in round 2! max:(0.1, 'c1ccccc1')
[0.004042625427246094] Updated in round 3! max:(0.125, 'C#Cc1ccccc1')
[0.00686955451965332] Updated in round 4! max:(0.15, 'C#Cc1ccc(C#C)cc1')
[0.01025080680847168] Updated in round 5! max:(0.175, 'C#Cc1ccc(C#CC=C)cc1')
[0.014750003814697266] Updated in round 6! max:(0.2, 'C#Cc1ccc(C#CC=C)c(C#C)c1')
[0.01992034912109375] Updated in round 7! max:(0.225, 'C#CC=CC#Cc1ccc(C#C)cc1C#C')
[0.0258481502532959] Updated in round 8! max:(0.25, 'C#CC=CC#Cc1ccc(C#C)cc1C#CC=C')
[0.03345346450805664] Updated in round 9! max:(0.275, 'C#CC=CC#Cc1ccc(C#C)cc1C#CC=CC=C')
[0.04423666000366211] Updated in round 10! max:(0.3, 'C#CC(C=C)=CC#Cc1ccc(C#C)cc1C#CC=CC=C')
[0.05868387222290039] Updated in round 11! max:(0.325, 'C#CC(C=CC=C)=CC#Cc1ccc(C#C)cc1C#CC=CC=C')
[0.07608413696289062] Updated in round 12! max:(0.35, 'C#CC(C=CC=C)=CC#Cc1ccc(C#CC=C)cc1C#CC=CC=C')
[0.09808492660522461] Updated in round 13! max:(0.375, 'C#CC(C=CC=C)=CC#Cc1cc(C#C)c(C#CC=C)cc1C#CC=CC=C')
[0.12022233009338379] Updated in round 14! max:(0.475, 'C#Cc1cc(C#CC=C(C#Cc2ccccc2)C=CC=C)c(C#CC=CC=C)cc1C#CC=C')
[0.16350245475769043] Updated in round 15! max:(0.5, 'C#Cc1cc(C#CC=C(C#Cc2ccccc2)C=CC=C)c(C#CC=CC=C)c(C#C)c1C#CC=C')
[0.20738506317138672] Updated in round 16! max:(0.525, 'C#Cc1cc(C#Cc2ccccc2C#Cc2ccccc2)c(C#CC=CC=C)c(C#C)c1C#CC=C')
[0.2565186023712158] Updated in round 17! max:(0.6, 'C#Cc1cc(C#Cc2ccccc2C#Cc2ccccc2)c(C#CC=CC=C)c(C#C)c1C#Cc1ccccc1')
[0.33298158645629883] Updated in round 18! max:(0.7, 'C#Cc1cc(C#Cc2ccccc2C#Cc2ccccc2)c(C#CC=CC=C)c(C#Cc2ccccc2)c1C#Cc1ccccc1')
[0.4526081085205078] Updated in round 19! max:(0.725, 'C#Cc1cc(C#Cc2ccccc2C#Cc2ccccc2)c(C#CC(C=C)=CC=C)c(C#Cc2ccccc2)c1C#Cc1ccccc1')
[0.573976993560791] Updated in round 20! max:(0.75, 'C#Cc1c(C#C)c(C#Cc2ccccc2)c(C#Cc2ccccc2)c(C#CC(C=C)=CC=C)c1C#Cc1ccccc1C#Cc1ccccc1')
[0.7000575065612793] Updated in round 21! max:(0.775, 'C#CC(=C)C(C#Cc1c(C#Cc2ccccc2C#Cc2ccccc2)c(C#C)c(C#C)c(C#Cc2ccccc2)c1C#Cc1ccccc1)=CC=C')
[0.8325004577636719] Updated in round 22! max:(0.8, 'C#CC(=C)C(C#Cc1c(C#Cc2ccccc2C#Cc2ccccc2)c(C#C)c(C#C)c(C#Cc2ccccc2C#C)c1C#Cc1ccccc1)=CC=C')
[0.9845211505889893] Updated in round 23! max:(0.825, 'C#CC(=C)C(C#Cc1c(C#Cc2ccccc2)c(C#Cc2ccccc2C#C)c(C#C)c2c1C#Cc1ccccc1C#Cc1ccccc1C#C2)=CC=C')
[1.1679267883300781] Updated in round 24! max:(0.85, 'C#Cc1ccccc1C#Cc1c(C#C)c2c#cc3ccccc3c#cc3ccccc3c#cc2c2c#cc(=CC=C)c(=C)c#cc3ccccc3c#cc12')
[1.3076531887054443] Updated in round 25! max:(0.875, 'C#Cc1c(C#Cc2ccccc2C#CC=C)c2c#cc3ccccc3c#cc(=C)c(=CC=C)c#cc2c2c#cc3ccccc3c#cc3ccccc3c#cc12')
[1.4627702236175537] Updated in round 26! max:(0.9, 'C=CC=c1c#cc2c(c#cc3ccccc3c#cc1=C)c1c#cc3ccccc3c#cccc#cc1c1c#cc3ccccc3c#cc3ccccc3c#cc21')
[1.5953292846679688] Updated in round 27! max:(0.925, 'C=CC=c1c#cc2c(c#cc3ccccc3c#cc1=C)c1c#cc3ccccc3c#cc(C=C)cc#cc1c1c#cc3ccccc3c#cc3ccccc3c#cc21')
[1.7602801322937012] Updated in round 28! max:(0.95, 'C=CC=c1c#cc2c(c#cc3ccccc3c#cc1=C)c1c#cc3ccccc3c#cc(C=C)c(C=C)c#cc1c1c#cc3ccccc3c#cc3ccccc3c#cc21')
[1.9762845039367676] Updated in round 29! max:(0.975, 'C=CC=c1c#cc2c(c#cc3ccccc3c#cc1=C)c1c#cc3ccccc3c#cc3ccccc3c#cc1c1c#cc3ccccc3c#cc3ccccc3c#cc21')
[2.1479666233062744] Updated in round 30! max:(1.0, 'c1c2ccccc2c#cc2c3c#cc4ccccc4c#cc4ccccc4c#cc3c3c#cc4ccccc4c#cc4ccccc4c#cc3c2c#cc2ccccc2c#1')
[2.1479785442352295] Reproduced in round 30!!
