[9.393692016601562e-05] Start running HillClimbing from [H][H]...
[0.0009028911590576172] Updated in round 1! max:(0.0547945205479452, 'c1ccccc1')
[0.004380941390991211] Updated in round 2! max:(0.1095890410958904, 'c1ccc(-c2ccccc2)cc1')
[0.014336109161376953] Updated in round 3! max:(0.1232876712328767, 'C=Cc1cccc(-c2ccccc2)c1')
[0.026332616806030273] Updated in round 4! max:(0.136986301369863, 'C=Cc1cccc(-c2cccc(C=C)c2)c1')
[0.04179525375366211] Updated in round 5! max:(0.1506849315068493, 'C=Cc1cccc(-c2cc(C=C)ccc2C=C)c1')
[0.06591987609863281] Updated in round 6! max:(0.2054794520547945, 'C=Cc1cccc(-c2cc(C=Cc3ccccc3)ccc2C=C)c1')
[0.1086421012878418] Updated in round 7! max:(0.2602739726027397, 'C=Cc1ccc(C=Cc2ccccc2)cc1-c1cccc(C=Cc2ccccc2)c1')
[0.17910361289978027] Updated in round 8! max:(0.273972602739726, 'C=Cc1cccc(C=Cc2cccc(-c3cc(C=Cc4ccccc4)ccc3C=C)c2)c1')
[0.2852489948272705] Updated in round 9! max:(0.3013698630136986, 'C=Cc1ccc(C=Cc2ccccc2)cc1-c1cccc(-c2ccc3c(C=C)cccc3c2)c1')
[0.39389562606811523] Updated in round 10! max:(0.3424657534246575, 'C=Cc1ccc(C=Cc2cccc3ccccc23)cc1-c1cccc(-c2ccc3c(C=C)cccc3c2)c1')
[0.5077970027923584] Updated in round 11! max:(0.3561643835616438, 'C=Cc1ccc(C=Cc2c(C=C)ccc3ccccc23)cc1-c1cccc(-c2ccc3c(C=C)cccc3c2)c1')
[0.6798393726348877] Updated in round 12! max:(0.3698630136986301, 'C=Cc1ccc2c(C=Cc3ccc(C=C)c(-c4cccc(-c5ccc6c(C=C)cccc6c5)c4)c3)c(C=C)ccc2c1')
[0.838935136795044] Updated in round 13! max:(0.3835616438356164, 'C=Cc1ccc2c(ccc3ccc(-c4ccc(C=C)c(-c5cccc(-c6ccc7c(C=C)cccc7c6)c5)c4)cc32)c1')
[0.9839425086975098] Updated in round 14! max:(0.3972602739726027, 'C=Cc1ccc2c(ccc3ccc(-c4ccc(C=C)c(-c5cccc(-c6ccc7c(C=C)c(C=C)ccc7c6)c5)c4)cc32)c1')
[1.141906976699829] Updated in round 15! max:(0.410958904109589, 'C=Cc1cc2ccc3ccc(-c4ccc(C=C)c(-c5cccc(-c6ccc7c(C=C)c(C=C)ccc7c6)c5)c4)cc3c2cc1C=C')
[1.3243427276611328] Updated in round 16! max:(0.4246575342465753, 'C=CC=Cc1cc2ccc3ccc(-c4ccc(C=C)c(-c5cccc(-c6ccc7c(C=C)c(C=C)ccc7c6)c5)c4)cc3c2cc1C=C')
[1.586482048034668] Updated in round 17! max:(0.4520547945205479, 'C=CC=Cc1cc2ccc3ccc(-c4ccc(C=C)c(-c5ccc6ccc7cc8c(C=C)c(C=C)ccc8cc7c6c5)c4)cc3c2cc1C=C')
[1.8268704414367676] Updated in round 18! max:(0.5068493150684932, 'C=Cc1cc2c(ccc3ccc(-c4ccc(C=C)c(-c5ccc6ccc7cc8c(C=C)c(C=C)ccc8cc7c6c5)c4)cc32)cc1C=CC(=C)c1ccccc1')
[2.165543556213379] Updated in round 19! max:(0.5342465753424658, 'C=Cc1cc2c(ccc3ccc(-c4ccc(C=C)c(-c5ccc6ccc7cc8c(C=C)c(C=C)ccc8cc7c6c5)c4)cc32)cc1C=Cc1cccc2ccccc12')
[2.512392997741699] Updated in round 20! max:(0.5616438356164384, 'C=Cc1cc2c(ccc3cc4ccc5cc(C=C)c(-c6ccc7ccc8cc9c(C=C)c(C=C)ccc9cc8c7c6)cc5c4cc32)cc1C=Cc1cccc2ccccc12')
[2.9062674045562744] Updated in round 21! max:(0.589041095890411, 'C=Cc1cc2c(ccc3cc4ccc5cc(C=C)c(-c6ccc7ccc8cc9c(C=C)c(C=C)ccc9cc8c7c6)cc5c4cc32)cc1-c1ccc2ccc3ccccc3c2c1')
[3.518275260925293] Updated in round 22! max:(0.6027397260273972, 'C=Cc1cc2c(ccc3cc4ccc5cc(C=C)c(-c6ccc7ccc8cc9c(ccc%10ccccc%109)cc8c7c6)cc5c4cc32)cc1-c1ccc2ccc3ccccc3c2c1')
[4.530128002166748] Updated in round 23! max:(0.6575342465753424, 'C=Cc1cc2c(ccc3cc4ccc5cc(C=C)c(-c6ccc7ccc8cc9c(ccc%10ccccc%109)cc8c7c6)cc5c4cc32)cc1-c1ccc2ccc3ccc(-c4ccccc4)cc3c2c1')
[5.156548261642456] Updated in round 24! max:(0.684931506849315, 'C=Cc1cc2c(ccc3cc4ccc5cc(C=C)c(-c6ccc7ccc8cc9c(ccc%10ccccc%109)cc8c7c6)cc5c4cc32)cc1-c1ccc2ccc3cc4ccc5ccccc5c4cc3c2c1')
[5.836625337600708] Updated in round 25! max:(0.6986301369863014, 'C=Cc1cc2ccc3cc4ccc5cc6c(ccc7cc8ccc9cc%10ccc%11ccccc%11c%10cc9c8cc76)cc5c4cc3c2cc1-c1ccc2ccc3cc4c(ccc5ccccc54)cc3c2c1')
[6.752471923828125] Updated in round 26! max:(0.7123287671232876, 'C=Cc1ccc2c(ccc3cc4ccc5cc6ccc7cc8c(ccc9cc%10ccc%11cc(C=C)c(-c%12ccc%13ccc%14cc%15c(ccc%16ccccc%16%15)cc%14c%13c%12)cc%11c%10cc98)cc7c6cc5c4cc32)c1')
[7.660933256149292] Updated in round 27! max:(0.7397260273972602, 'C=Cc1cc2ccc3cc4ccc5cc6c(ccc7cc8ccc9cc%10ccc%11cc%12ccccc%12cc%11c%10cc9c8cc76)cc5c4cc3c2cc1-c1ccc2ccc3cc4c(ccc5ccccc54)cc3c2c1')
[9.149744987487793] Updated in round 28! max:(0.7534246575342466, 'C=Cc1ccc2cc3ccc4cc5ccc6cc7ccc8cc9c(ccc%10cc%11ccc%12cc(C=C)c(-c%13ccc%14ccc%15cc%16c(ccc%17ccccc%17%16)cc%15c%14c%13)cc%12c%11cc%109)cc8c7cc6c5cc4c3cc2c1')
[10.729316711425781] Updated in round 29! max:(0.8082191780821918, 'C=Cc1ccc2cc3ccc4cc5ccc6cc7ccc8cc9c(ccc%10cc%11ccc%12cc(C=C)c(-c%13ccc%14ccc%15cc%16c(ccc%17ccc(-c%18ccccc%18)cc%17%16)cc%15c%14c%13)cc%12c%11cc%109)cc8c7cc6c5cc4c3cc2c1')
[12.321668863296509] Updated in round 30! max:(0.8356164383561644, 'C=Cc1ccc2cc3ccc4cc5ccc6cc7ccc8cc9c(ccc%10cc%11ccc%12cc(C=C)c(-c%13ccc%14ccc%15cc%16c(ccc%17cc%18ccc%19ccccc%19c%18cc%17%16)cc%15c%14c%13)cc%12c%11cc%109)cc8c7cc6c5cc4c3cc2c1')
[14.815564155578613] Updated in round 31! max:(0.8904109589041096, 'C=Cc1cc2ccc3cc4ccc5cc6c(ccc7cc8ccc9cc%10ccc%11cc%12ccc(C=Cc%13ccccc%13)cc%12cc%11c%10cc9c8cc76)cc5c4cc3c2cc1-c1ccc2ccc3cc4c(ccc5cc6ccc7ccccc7c6cc54)cc3c2c1')
[18.008121728897095] Updated in round 32! max:(0.9041095890410958, 'C=Cc1ccc(C=Cc2ccc3cc4ccc5cc6ccc7cc8ccc9cc%10c(ccc%11cc%12ccc%13cc(C=C)c(-c%14ccc%15ccc%16cc%17c(ccc%18cc%19ccc%20ccccc%20c%19cc%18%17)cc%16c%15c%14)cc%13c%12cc%11%10)cc9c8cc7c6cc5c4cc3c2)cc1')
[21.042750120162964] Updated in round 33! max:(0.9178082191780822, 'C=CC(=Cc1ccc2cc3ccc4cc5ccc6cc7ccc8cc9c(ccc%10cc%11ccc%12cc(C=C)c(-c%13ccc%14ccc%15cc%16c(ccc%17cc%18ccc%19ccccc%19c%18cc%17%16)cc%15c%14c%13)cc%12c%11cc%109)cc8c7cc6c5cc4c3cc2c1)c1ccc(C=C)cc1')
[24.547935724258423] Updated in round 34! max:(0.9315068493150684, 'C=CC(=Cc1ccc2cc3ccc4cc5ccc6cc7ccc8cc9c(ccc%10cc%11ccc%12cc(C=C)c(-c%13ccc%14ccc%15cc%16c(ccc%17cc%18ccc%19ccccc%19c%18cc%17%16)cc%15c%14c%13)cc%12c%11cc%109)cc8c7cc6c5cc4c3cc2c1)c1ccc(C=C)cc1C=C')
[27.400517225265503] Updated in round 35! max:(0.9452054794520548, 'C=Cc1ccc2c(=Cc3ccc4cc5ccc6cc7ccc8cc9ccc%10cc%11c(ccc%12cc%13ccc%14cc(C=C)c(-c%15ccc%16ccc%17cc%18c(ccc%19cc%20ccc%21ccccc%21c%20cc%19%18)cc%17c%16c%15)cc%14c%13cc%12%11)cc%10c9cc8c7cc6c5cc4c3)c(=C)ccc2c1')
[32.04936504364014] Updated in round 36! max:(0.958904109589041, 'C=Cc1cc2ccc3cc4ccc5cc6c7ccc8cc9ccc%10cc%11ccc%12cc%13ccc(cc%13cc%12c%11cc%10c9cc86)C=c6c(=C)ccc8cc(ccc68)C=Cc6ccc8c(ccc9cc%10ccc%11cc%12c(ccc%13ccc(cc%13%12)-c1cc2c3cc4c5c7)cc%11c%10cc98)c6')
[37.36465501785278] Updated in round 37! max:(0.9726027397260274, 'C=Cc1cc2ccc3cc4ccc5cc6c7ccc8cc9ccc%10cc%11ccc%12cc%13ccc%14cc%15c(ccc%16cc(ccc%16%15)C=Cc%15ccc%16c(ccc%17cc%18ccc%19cc%20c(ccc%21ccc(cc%21%20)-c1cc2c3cc4c5c7)cc%19c%18cc%17%16)c%15)cc%14c%13cc%12c%11cc%10c9cc86')
[42.58832883834839] Updated in round 38! max:(0.9863013698630136, 'C1=Cc2ccc3c(ccc4cc5ccc6cc7c(ccc8cc9ccc%10cc%11ccc%12cc%13ccc%14cc%15c(ccc%16cc%17ccc%18cc%19ccc%20cc%21ccc%22cc%23c(ccc%24cc1ccc%24%23)cc%22c%21cc%20c%19cc%18c%17cc%16%15)cc%14c%13cc%12c%11cc%10c9cc87)cc6c5cc43)c2')
[62.59596371650696] Updated in round 39! max:(1.0, 'c1cc2cc3ccc4cc5ccc6cc7ccc8cc9c%10ccc%11cc%12ccc%13cc%14ccc%15cc%16ccc%17cc%18c(ccc%19cc%20ccc%21cc%22ccc%23cc%24ccc%25cc(c1cc%25c%24cc%23c%22cc%21c%20cc%19%18)c2cc3c4cc5c6cc7c8c%10)cc%17c%16cc%15c%14cc%13c%12cc%119')
[62.595980405807495] Reproduced in round 39!!
