[5.435943603515625e-05] Start running HillClimbing from [H][H]...
[0.0005042552947998047] Updated in round 1! max:(0.025, 'C=C')
[0.001020669937133789] Updated in round 2! max:(0.05, 'C=CC=C')
[0.003954410552978516] Updated in round 3! max:(0.075, 'C#CC(=C)C=C')
[0.004787445068359375] Updated in round 4! max:(0.1, 'C#CC(=C)C=CC=C')
[0.006823301315307617] Updated in round 5! max:(0.125, 'C#CC=CC=CC(=C)C#C')
[0.00891423225402832] Updated in round 6! max:(0.15, 'C#Cc1cccc(C#C)c1')
[0.010922908782958984] Updated in round 7! max:(0.175, 'C#Cc1cccc(C#C)c1C#C')
[0.01340174674987793] Updated in round 8! max:(0.2, 'C#Cc1ccc(C#C)c(C#C)c1C#C')
[0.015865564346313477] Updated in round 9! max:(0.225, 'C#Cc1ccc(C#CC=C)c(C#C)c1C#C')
[0.01956462860107422] Updated in round 10! max:(0.25, 'C#Cc1c(C#CC=C)ccc(C#CC=C)c1C#C')
[0.023958683013916016] Updated in round 11! max:(0.275, 'C#Cc1c(C#CC=C)ccc(C#CC=C)c1C#CC=C')
[0.03000783920288086] Updated in round 12! max:(0.3, 'C#Cc1c(C#CC=C)ccc(C#CC=C)c1C#CC(=C)C=C')
[0.03782320022583008] Updated in round 13! max:(0.325, 'C#Cc1cc(C#CC=C)c(C#CC(=C)C=C)c(C#C)c1C#CC=C')
[0.04574847221374512] Updated in round 14! max:(0.35, 'C#CC(=C)C(=C)C#Cc1c(C#CC=C)cc(C#C)c(C#CC=C)c1C#C')
[0.05469703674316406] Updated in round 15! max:(0.375, 'C#CC(=C)C(=C)C#Cc1c(C#C)c(C#CC=C)c(C#C)c(C#C)c1C#CC=C')
[0.06364011764526367] Updated in round 16! max:(0.4, 'C#CC(=C)C(=C)C#Cc1c(C#CC=C)c(C#C)c(C#C)c(C#CC=C)c1C#CC=C')
[0.07482004165649414] Updated in round 17! max:(0.425, 'C#CC(=C)C(=C)C#Cc1c(C#CC=C)c(C#C)c(C#CC=C)c(C#CC=C)c1C#CC=C')
[0.08853459358215332] Updated in round 18! max:(0.45, 'C#CC(=CC=C)C(=C)C#Cc1c(C#CC=C)c(C#C)c(C#CC=C)c(C#CC=C)c1C#CC=C')
[0.1078028678894043] Updated in round 19! max:(0.475, 'C#Cc1ccccc1C#Cc1c(C#CC=C)c(C#C)c(C#CC=C)c(C#CC=C)c1C#CC=C')
[0.12931537628173828] Updated in round 20! max:(0.5, 'C#Cc1ccccc1C#Cc1c(C#CC=CC=C)c(C#C)c(C#CC=C)c(C#CC=C)c1C#CC=C')
[0.1628868579864502] Updated in round 21! max:(0.525, 'C#Cc1ccccc1C#Cc1c(C#CC=CC=C)c(C#C)c(C#CC=C)c(C#CC=C)c1C#CC=CC=C')
[0.19836664199829102] Updated in round 22! max:(0.55, 'C#Cc1ccccc1C#Cc1c(C#CC=CC=C)c(C#C)c(C#CC(=C)C=C)c(C#CC=C)c1C#CC=CC=C')
[0.2387228012084961] Updated in round 23! max:(0.575, 'C#Cc1ccccc1C#Cc1c(C#CC=CC=CC=C)c(C#C)c(C#CC(=C)C=C)c(C#CC=C)c1C#CC=CC=C')
[0.2870030403137207] Updated in round 24! max:(0.6, 'C#Cc1ccccc1C#Cc1c(C#CC=CC=CC=C)c(C#C)c(C#CC(=C)C=C)c(C#CC=C)c1C#CC(C=C)=CC=C')
[0.3444099426269531] Updated in round 25! max:(0.625, 'C#CC(=C)C(=C)C#Cc1c(C#C)c(C#CC=CC=CC=C)c(C#Cc2ccccc2C#C)c(C#CC(C=C)=CC=C)c1C#CC=C')
[0.4097597599029541] Updated in round 26! max:(0.65, 'C#CC(=C)C(=C)C#Cc1c(C#C)c(C#CC=CC=CC=C)c2c(c1C#CC=C)C#CC(=CC=C)C(=C)C#Cc1ccccc1C#C2')
[0.46398210525512695] Updated in round 27! max:(0.675, 'C#CC=CC=CC=CC#Cc1c(C#C)c(C#CC(=C)C(=C)C#C)c(C#CC=C)c2c1C#Cc1ccccc1C#CC(=C)C(=CC=C)C#C2')
[0.5257315635681152] Updated in round 28! max:(0.7, 'C#CC=CC=CC=CC#Cc1c(C#C)c(C#CC(=CC=C)C(=C)C#C)c(C#CC=C)c2c1C#Cc1ccccc1C#CC(=C)C(=CC=C)C#C2')
[0.6009819507598877] Updated in round 29! max:(0.725, 'C#CC=CC=CC=CC#Cc1c(C#C)c(C#CC(=CC=C)C(=C)C#C)c(C#CC(=C)C=C)c2c1C#Cc1ccccc1C#CC(=C)C(=CC=C)C#C2')
[0.6844959259033203] Updated in round 30! max:(0.75, 'C#CC=CC=CC=CC#Cc1c(C#CC=C)c(C#CC(=CC=C)C(=C)C#C)c(C#CC(=C)C=C)c2c1C#Cc1ccccc1C#CC(=C)C(=CC=C)C#C2')
[0.7963178157806396] Updated in round 31! max:(0.775, 'C#CC=CC=CC=CC#Cc1c(C#CC(=C)C=C)c(C#CC(=CC=C)C(=C)C#C)c(C#CC(=C)C=C)c2c1C#Cc1ccccc1C#CC(=C)C(=CC=C)C#C2')
[0.9019556045532227] Updated in round 32! max:(0.8, 'C#CC(=C)C(C#Cc1c(C#CC(=C)C=C)c2c#cc(=CC=C)c(=C)c#cc3ccccc3c#cc2c2c#cccccccc#ccc(C=C)c#cc12)=CC=C')
[1.0088410377502441] Updated in round 33! max:(0.825, 'C#CC(=C)C(C#Cc1c(C#CC(=C)C=C)c2c#cc3ccccc3c#cc3ccccc3c#cc2c2c#cccccccc#ccc(C=C)c#cc12)=CC=C')
[1.1509020328521729] Updated in round 34! max:(0.85, 'C#CC(=C)C(C#Cc1c(C#CC(=C)C=C)c2c#cc3ccccc3c#cc3ccccc3c#cc2c2c#cccccccc#ccc(C=CC=C)c#cc12)=CC=C')
[1.3170616626739502] Updated in round 35! max:(0.875, 'C#CC(=C)C(C#Cc1c(C#CC(C=C)=CC=C)c2c#cc3ccccc3c#cc3ccccc3c#cc2c2c#cccccccc#ccc(C=CC=C)c#cc12)=CC=C')
[1.4669196605682373] Updated in round 36! max:(0.9, 'C=CC=Cc1c#cc2c(c#cccccccc#cc1)c1c#cc3ccccc3c#cc3ccccc3c#cc1c1c#cc(C=C)c(C=C)c#cc(=C)c(=CC=C)c#cc21')
[1.6694254875183105] Updated in round 37! max:(0.925, 'C=CC=c1c#cc2c(c#cc(C=C)c(C=C)c#cc1=C)c1c#cc3ccccc3c#cc3ccccc3c#cc1c1c#cccccccc#cc3ccccc3c#cc12')
[1.8514032363891602] Updated in round 38! max:(0.95, 'C=CC=c1c#cc2c3c#cc4ccccc4c#cccccccc#cc3c3c#cc4ccccc4c#cc4ccccc4c#cc3c2c#cc2ccccc2c#cc1=C')
[2.003145933151245] Updated in round 39! max:(0.975, 'C=CC=c1c#cc2c(c#cc3ccccc3c#cc1=C)c1c#cc3ccccc3c#cc3ccccc3c#cc1c1c#cc3ccccc3c#cc3ccccc3c#cc21')
[2.2336478233337402] Updated in round 40! max:(1.0, 'c1c2ccccc2c#cc2c3c#cc4ccccc4c#cc4ccccc4c#cc3c3c#cc4ccccc4c#cc4ccccc4c#cc3c2c#cc2ccccc2c#1')
[2.233659267425537] Reproduced in round 40!!
