[6.4849853515625e-05] Start running HillClimbing from [H][H]...
[0.0005452632904052734] Updated in round 1! max:(0.018867924528301886, 'C=C')
[0.0014142990112304688] Updated in round 2! max:(0.09433962264150944, 'C=Cc1ccccc1')
[0.005732059478759766] Updated in round 3! max:(0.11320754716981132, 'C=Cc1ccccc1C=C')
[0.010724782943725586] Updated in round 4! max:(0.16981132075471697, 'C=Cc1ccccc1-c1ccccc1')
[0.021367311477661133] Updated in round 5! max:(0.18867924528301888, 'c1ccc2c(c1)ccc1ccccc12')
[0.033655405044555664] Updated in round 6! max:(0.2641509433962264, 'c1ccc(-c2ccc3c(ccc4ccccc43)c2)cc1')
[0.05806851387023926] Updated in round 7! max:(0.2830188679245283, 'C=Cc1cccc(-c2ccc3c(ccc4ccccc43)c2)c1')
[0.09085679054260254] Updated in round 8! max:(0.3018867924528302, 'C=CC=Cc1cccc(-c2ccc3c(ccc4ccccc43)c2)c1')
[0.13998723030090332] Updated in round 9! max:(0.32075471698113206, 'C=CC(=C)C=Cc1cccc(-c2ccc3c(ccc4ccccc43)c2)c1')
[0.19672870635986328] Updated in round 10! max:(0.33962264150943394, 'C=CC(=C)C=Cc1cccc(-c2ccc3c(ccc4c(C=C)cccc43)c2)c1')
[0.25662994384765625] Updated in round 11! max:(0.3584905660377358, 'C=CC(=C)C(=C)C=Cc1cccc(-c2ccc3c(ccc4c(C=C)cccc43)c2)c1')
[0.3397407531738281] Updated in round 12! max:(0.37735849056603776, 'C=CC=C(C=Cc1cccc(-c2ccc3c(ccc4c(C=C)cccc43)c2)c1)C(=C)C=C')
[0.4082450866699219] Updated in round 13! max:(0.41509433962264153, 'C=CC=C(C=Cc1cccc(-c2ccc3c(ccc4c(C=C)cccc43)c2)c1)c1ccccc1')
[0.5018842220306396] Updated in round 14! max:(0.4339622641509434, 'C=Cc1cccc2c1ccc1cc(-c3cccc(C=Cc4cccc5ccccc45)c3)ccc12')
[0.6167476177215576] Updated in round 15! max:(0.4528301886792453, 'C=Cc1ccc2c(ccc3cc(-c4cccc(C=Cc5cccc6ccccc56)c4)ccc32)c1C=C')
[0.7192018032073975] Updated in round 16! max:(0.4716981132075472, 'C=Cc1ccc2c(C=Cc3cccc(-c4ccc5c(ccc6c(C=C)c(C=C)ccc65)c4)c3)cccc2c1')
[0.8533535003662109] Updated in round 17! max:(0.5471698113207547, 'C=Cc1ccc2c(ccc3cc(-c4cccc(C=Cc5cccc6cc(C=Cc7ccccc7)ccc56)c4)ccc32)c1C=C')
[1.1310222148895264] Updated in round 18! max:(0.5660377358490566, 'C(=Cc1ccc2c(C=Cc3cccc(-c4ccc5c(ccc6c7ccccc7ccc56)c4)c3)cccc2c1)c1ccccc1')
[1.3415513038635254] Updated in round 19! max:(0.5849056603773585, 'C=Cc1ccccc1C=Cc1ccc2c(C=Cc3cccc(-c4ccc5c(ccc6c7ccccc7ccc56)c4)c3)cccc2c1')
[1.5459372997283936] Updated in round 20! max:(0.6037735849056604, 'C(=Cc1cccc2cc(-c3ccc4ccccc4c3)ccc12)c1cccc(-c2ccc3c(ccc4c5ccccc5ccc34)c2)c1')
[1.7600724697113037] Updated in round 21! max:(0.6226415094339622, 'C=Cc1ccc2cc(-c3ccc4c(C=Cc5cccc(-c6ccc7c(ccc8c9ccccc9ccc78)c6)c5)cccc4c3)ccc2c1')
[2.053684711456299] Updated in round 22! max:(0.6415094339622641, 'C=CC(=C)c1ccc2cc(-c3ccc4c(C=Cc5cccc(-c6ccc7c(ccc8c9ccccc9ccc78)c6)c5)cccc4c3)ccc2c1')
[2.320356845855713] Updated in round 23! max:(0.660377358490566, 'C=CC=CC(=C)c1ccc2cc(-c3ccc4c(C=Cc5cccc(-c6ccc7c(ccc8c9ccccc9ccc78)c6)c5)cccc4c3)ccc2c1')
[2.6366584300994873] Updated in round 24! max:(0.6792452830188679, 'C=CC=CC(=CC=C)c1ccc2cc(-c3ccc4c(C=Cc5cccc(-c6ccc7c(ccc8c9ccccc9ccc78)c6)c5)cccc4c3)ccc2c1')
[2.9678080081939697] Updated in round 25! max:(0.6981132075471698, 'C=CC=C(C=CC(=C)C=C)c1ccc2cc(-c3ccc4c(C=Cc5cccc(-c6ccc7c(ccc8c9ccccc9ccc78)c6)c5)cccc4c3)ccc2c1')
[3.313035011291504] Updated in round 26! max:(0.7547169811320755, 'C=CC=C(C=CC(=C)c1ccccc1)c1ccc2cc(-c3ccc4c(C=Cc5cccc(-c6ccc7c(ccc8c9ccccc9ccc78)c6)c5)cccc4c3)ccc2c1')
[3.8087780475616455] Updated in round 27! max:(0.8301886792452831, 'C=CC=C(C=CC(=C)c1ccccc1)c1ccc2cc(-c3ccc4c(C=Cc5cccc(-c6ccc7c(ccc8c9ccc(-c%10ccccc%10)cc9ccc78)c6)c5)cccc4c3)ccc2c1')
[4.455028772354126] Updated in round 28! max:(0.8867924528301887, 'C=CC=C(C=CC(=C)c1ccccc1)c1ccc2cc(-c3ccc4c(C=Cc5cccc(-c6ccc7c(ccc8c9ccc(-c%10ccc%11ccccc%11c%10)cc9ccc78)c6)c5)cccc4c3)ccc2c1')
[5.479820728302002] Updated in round 29! max:(0.9056603773584906, 'C=CC=C(C=CC(=C)c1ccccc1)c1ccc2cc(-c3ccc4c(C=Cc5cccc(-c6ccc7c(ccc8c9ccc(-c%10ccc%11c(C=C)cccc%11c%10)cc9ccc78)c6)c5)cccc4c3)ccc2c1')
[6.409583330154419] Updated in round 30! max:(0.9245283018867925, 'C=CC=C1C=CC(=C)c2cccc(c2)C=Cc2cccc3cc(ccc23)-c2ccc3c(ccc4c5ccc(cc5ccc34)-c3cccc(c3)C=Cc3cccc4cc(ccc34)-c3ccc4cc1ccc4c3)c2')
[8.38236141204834] Updated in round 31! max:(0.9433962264150944, 'C=CC=C1C=CC(=C)c2ccc3c(ccc4c5ccc(cc5ccc34)-c3ccc4c(ccc5c6ccc(cc6ccc45)-c4cccc(c4)C=Cc4cccc5cc(ccc45)-c4ccc5cc1ccc5c4)c3)c2')
[10.53765606880188] Updated in round 32! max:(0.9622641509433962, 'C=C1C=Cc2cccc3c2ccc2cc(ccc23)-c2ccc3c(cccc3c2)C=Cc2cccc(c2)-c2ccc3c(ccc4c5ccc(cc5ccc34)-c3ccc4c(ccc5c6ccc1cc6ccc45)c3)c2')
[13.26138162612915] Updated in round 33! max:(0.9811320754716981, 'C1=Cc2cccc3cc(ccc23)-c2ccc3c(ccc4c5ccc(cc5ccc34)-c3ccc4c(ccc5c6ccc(cc6ccc45)-c4ccc5c(ccc6c7ccc(cc7ccc56)-c5cccc1c5)c4)c3)c2')
[17.444676399230957] Updated in round 34! max:(1.0, 'c1cc2c3ccc4c5ccc(cc5ccc24)-c2ccc4c(ccc5c6ccc(cc6ccc45)-c4ccc5c(ccc6c7ccc(cc7ccc56)-c5ccc6c(ccc7c8ccc(cc8ccc67)-c1c3)c5)c4)c2')
[17.444690227508545] Reproduced in round 34!!
