[5.364418029785156e-05] Start running HillClimbing from [H][H]...
[0.0003764629364013672] Updated in round 1! max:(0.04, 'C=C')
[0.0007851123809814453] Updated in round 2! max:(0.08, 'C=CC=C')
[0.0014829635620117188] Updated in round 3! max:(0.12, 'C=CC(=C)C=C')
[0.0025463104248046875] Updated in round 4! max:(0.16, 'C=CC(=C)C(=C)C=C')
[0.00424504280090332] Updated in round 5! max:(0.2, 'C=CC=C(C=C)C(=C)C=C')
[0.006886482238769531] Updated in round 6! max:(0.24, 'C=CC=C(C=C)C(=C)C(=C)C=C')
[0.010561227798461914] Updated in round 7! max:(0.28, 'C=CC=CC(=C)C(=C)C(C=C)=CC=C')
[0.016646385192871094] Updated in round 8! max:(0.32, 'C=CC=CC(=C)C(=C)c1ccccc1')
[0.026554107666015625] Updated in round 9! max:(0.36, 'C=C(c1ccccc1)c1ccccc1')
[0.034590721130371094] Updated in round 10! max:(0.4, 'C=CC=C(c1ccccc1)c1ccccc1')
[0.04483914375305176] Updated in round 11! max:(0.44, 'C=CC(C=C)=C(c1ccccc1)c1ccccc1')
[0.06204652786254883] Updated in round 12! max:(0.48, 'C=CC=CC(C=C)=C(c1ccccc1)c1ccccc1')
[0.0805058479309082] Updated in round 13! max:(0.52, 'C=CC=CC=CC(C=C)=C(c1ccccc1)c1ccccc1')
[0.1020960807800293] Updated in round 14! max:(0.56, 'C=CC=c1ccc(=C(c2ccccc2)c2ccccc2)cc1')
[0.12244057655334473] Updated in round 15! max:(0.6, 'C=CC(C=C)=c1ccc(=C(c2ccccc2)c2ccccc2)cc1')
[0.1520688533782959] Updated in round 16! max:(0.64, 'C=CC=CC(C=C)=c1ccc(=C(c2ccccc2)c2ccccc2)cc1')
[0.19267916679382324] Updated in round 17! max:(0.68, 'C=c1ccc(=c2ccc(=C(c3ccccc3)c3ccccc3)cc2)cc1')
[0.23101544380187988] Updated in round 18! max:(0.72, 'C=CC=c1ccc(=c2ccc(=C(c3ccccc3)c3ccccc3)cc2)cc1')
[0.2715306282043457] Updated in round 19! max:(0.76, 'C=CC(C=C)=c1ccc(=c2ccc(=C(c3ccccc3)c3ccccc3)cc2)cc1')
[0.3169097900390625] Updated in round 20! max:(0.8, 'C=CC(=C)C(C=C)=c1ccc(=c2ccc(=C(c3ccccc3)c3ccccc3)cc2)cc1')
[0.37415504455566406] Updated in round 21! max:(0.84, 'C=CC=C(C=C)C(C=C)=c1ccc(=c2ccc(=C(c3ccccc3)c3ccccc3)cc2)cc1')
[0.44153690338134766] Updated in round 22! max:(0.88, 'C=CC(c1ccccc1)=c1ccc(=c2ccc(=C(c3ccccc3)c3ccccc3)cc2)cc1')
[0.5135543346405029] Updated in round 23! max:(0.92, 'C=CC=CC(c1ccccc1)=c1ccc(=c2ccc(=C(c3ccccc3)c3ccccc3)cc2)cc1')
[0.6041727066040039] Updated in round 24! max:(0.96, 'C=CC=C(C=C)C(c1ccccc1)=c1ccc(=c2ccc(=C(c3ccccc3)c3ccccc3)cc2)cc1')
[0.7269361019134521] Updated in round 25! max:(1.0, 'c1ccc(C(c2ccccc2)=c2ccc(=c3ccc(=C(c4ccccc4)c4ccccc4)cc3)cc2)cc1')
[0.7269468307495117] Reproduced in round 25!!
