[3.62396240234375e-05] Start running HillClimbing from [H][H]...
[0.0005159378051757812] Updated in round 1! max:(0.16, 'c1ccccc1')
[0.003490924835205078] Updated in round 2! max:(0.2, 'C=Cc1ccccc1')
[0.007285118103027344] Updated in round 3! max:(0.24, 'C=Cc1ccc(C=C)cc1')
[0.01272439956665039] Updated in round 4! max:(0.28, 'C=CC(=C)c1ccc(C=C)cc1')
[0.019680500030517578] Updated in round 5! max:(0.32, 'C=CC(=C)c1ccc(C(=C)C=C)cc1')
[0.028372526168823242] Updated in round 6! max:(0.4, 'C=CC(=C)c1ccc(-c2ccccc2)cc1')
[0.04160451889038086] Updated in round 7! max:(0.48, 'c1ccc(-c2ccc(-c3ccccc3)cc2)cc1')
[0.06390380859375] Updated in round 8! max:(0.52, 'C=Cc1ccc(-c2ccc(-c3ccccc3)cc2)cc1')
[0.09150218963623047] Updated in round 9! max:(0.56, 'C=Cc1ccc(-c2ccc(-c3ccc(C=C)cc3)cc2)cc1')
[0.12046480178833008] Updated in round 10! max:(0.6, 'C=CC=Cc1ccc(-c2ccc(-c3ccc(C=C)cc3)cc2)cc1')
[0.1595146656036377] Updated in round 11! max:(0.64, 'C=CC=Cc1ccc(-c2ccc(-c3ccc(C=CC=C)cc3)cc2)cc1')
[0.20878052711486816] Updated in round 12! max:(0.68, 'C=CC=CC=Cc1ccc(-c2ccc(-c3ccc(C=CC=C)cc3)cc2)cc1')
[0.273134708404541] Updated in round 13! max:(0.72, 'C=CC=CC=CC=Cc1ccc(-c2ccc(-c3ccc(C=CC=C)cc3)cc2)cc1')
[0.3402364253997803] Updated in round 14! max:(0.8, 'C=CC=Cc1ccc(-c2ccc(-c3ccc(-c4ccc(C=CC=C)cc4)cc3)cc2)cc1')
[0.41722989082336426] Updated in round 15! max:(0.88, 'C=CC=Cc1ccc(-c2ccc(-c3ccc(-c4ccc(-c5ccccc5)cc4)cc3)cc2)cc1')
[0.5152740478515625] Updated in round 16! max:(0.92, 'C=CC=CC=Cc1ccc(-c2ccc(-c3ccc(-c4ccc(-c5ccccc5)cc4)cc3)cc2)cc1')
[0.6392819881439209] Updated in round 17! max:(0.96, 'C=CC1=CC=Cc2ccc(cc2)-c2ccc(cc2)-c2ccc(cc2)-c2ccc(cc2)-c2ccc1cc2')
[0.8476307392120361] Updated in round 18! max:(1.0, 'c1cc2ccc1-c1ccc(cc1)-c1ccc(cc1)-c1ccc(cc1)-c1ccc(cc1)-c1ccc-2cc1')
[0.8476426601409912] Reproduced in round 18!!
