[3.719329833984375e-05] Start running HillClimbing from [H][H]...
[0.0004515647888183594] Updated in round 1! max:(0.043478260869565216, 'C=C')
[0.0008673667907714844] Updated in round 2! max:(0.08695652173913043, 'C=CC=C')
[0.0015261173248291016] Updated in round 3! max:(0.13043478260869565, 'C=CC=CC=C')
[0.0026123523712158203] Updated in round 4! max:(0.17391304347826086, 'C=CC=CC(=C)C=C')
[0.004304647445678711] Updated in round 5! max:(0.21739130434782608, 'C=CC=CC(=C)C=CC=C')
[0.008306026458740234] Updated in round 6! max:(0.2608695652173913, 'C=CC=c1ccccc1=C')
[0.012067556381225586] Updated in round 7! max:(0.30434782608695654, 'C=CC=c1cc(C=C)ccc1=C')
[0.01626753807067871] Updated in round 8! max:(0.34782608695652173, 'C=CC=c1cc(C=C)c(C=C)cc1=C')
[0.022282123565673828] Updated in round 9! max:(0.391304347826087, 'C=CC=c1cc2ccccc2cc1=C')
[0.028092145919799805] Updated in round 10! max:(0.43478260869565216, 'C=CC=c1cc2ccc(C=C)cc2cc1=C')
[0.035849809646606445] Updated in round 11! max:(0.4782608695652174, 'C=CC=c1cc2ccc(C=C)cc2cc1=CC=C')
[0.04820990562438965] Updated in round 12! max:(0.5217391304347826, 'C=CC=c1cc2cc(C=C)c(C=C)cc2cc1=CC=C')
[0.06664896011352539] Updated in round 13! max:(0.5652173913043478, 'C=CC=c1cc2cc3ccccc3cc2cc1=CC=C')
[0.08912277221679688] Updated in round 14! max:(0.6086956521739131, 'C1=CC=c2cc3cc4ccccc4cc3cc2=CC=C1')
[0.11459231376647949] Updated in round 15! max:(0.6521739130434783, 'C=CC1=CC=c2cc3cc4ccccc4cc3cc2=CC=C1')
[0.1406393051147461] Updated in round 16! max:(0.6956521739130435, 'C=CC=CC1=CC=c2cc3cc4ccccc4cc3cc2=CC=C1')
[0.16944622993469238] Updated in round 17! max:(0.7391304347826086, 'C=CC(=C)C=CC1=CC=c2cc3cc4ccccc4cc3cc2=CC=C1')
[0.2078089714050293] Updated in round 18! max:(0.782608695652174, 'C=Cc1ccc2c(c1)=CC=c1cc3cc4ccccc4cc3cc1=CC=2')
[0.2498180866241455] Updated in round 19! max:(0.8260869565217391, 'C=Cc1cc2c(cc1C=C)=CC=c1cc3cc4ccccc4cc3cc1=CC=2')
[0.2921264171600342] Updated in round 20! max:(0.8695652173913043, 'C1=c2cc3ccccc3cc2=CC=c2cc3cc4ccccc4cc3cc2=C1')
[0.34206652641296387] Updated in round 21! max:(0.9130434782608695, 'C=Cc1ccc2cc3c(cc2c1)=CC=c1cc2cc4ccccc4cc2cc1=CC=3')
[0.4309992790222168] Updated in round 22! max:(0.9565217391304348, 'C=Cc1cc2cc3c(cc2cc1C=C)=CC=c1cc2cc4ccccc4cc2cc1=CC=3')
[0.5055108070373535] Updated in round 23! max:(1.0, 'C1=c2cc3cc4ccccc4cc3cc2=CC=c2cc3cc4ccccc4cc3cc2=C1')
[0.5055234432220459] Reproduced in round 23!!
