[5.507469177246094e-05] Start running HillClimbing from [H][H]...
[0.000370025634765625] Updated in round 1! max:(0.03571428571428571, 'C=C')
[0.0008592605590820312] Updated in round 2! max:(0.07142857142857142, 'C=CC=C')
[0.0016109943389892578] Updated in round 3! max:(0.10714285714285714, 'C=CC=CC=C')
[0.0027761459350585938] Updated in round 4! max:(0.14285714285714285, 'C=CC=C(C=C)C=C')
[0.004808902740478516] Updated in round 5! max:(0.17857142857142858, 'C=CC=CC=C(C=C)C=C')
[0.007718086242675781] Updated in round 6! max:(0.21428571428571427, 'C=CC=CC=C(C=C)C=CC=C')
[0.012064695358276367] Updated in round 7! max:(0.25, 'C=CC=CC=C(C=C)C=C(C=C)C=C')
[0.01773548126220703] Updated in round 8! max:(0.2857142857142857, 'C=CC=CC=CC=C(C=C)C=C(C=C)C=C')
[0.02836918830871582] Updated in round 9! max:(0.32142857142857145, 'C=CC=Cc1ccc(C=C(C=C)C=C)cc1')
[0.03844261169433594] Updated in round 10! max:(0.35714285714285715, 'C=CC(C=C)=Cc1ccc(C=C(C=C)C=C)cc1')
[0.05064964294433594] Updated in round 11! max:(0.39285714285714285, 'C=CC=CC(C=C)=Cc1ccc(C=C(C=C)C=C)cc1')
[0.06529045104980469] Updated in round 12! max:(0.42857142857142855, 'C=CC=CC(C=C)=Cc1ccc(C=C(C=C)C=CC=C)cc1')
[0.08559870719909668] Updated in round 13! max:(0.4642857142857143, 'C=CC=CC=CC(C=C)=Cc1ccc(C=C(C=C)C=CC=C)cc1')
[0.12417268753051758] Updated in round 14! max:(0.5, 'C=CC=CC=CC(C=C)=Cc1ccc(C=c2ccc(=C)cc2)cc1')
[0.15182733535766602] Updated in round 15! max:(0.5357142857142857, 'C=CC=c1ccc(=Cc2ccc(C=c3ccc(=C)cc3)cc2)cc1')
[0.1839768886566162] Updated in round 16! max:(0.5714285714285714, 'C=CC=c1ccc(=Cc2ccc(C=c3ccc(=CC=C)cc3)cc2)cc1')
[0.22094225883483887] Updated in round 17! max:(0.6071428571428571, 'C=CC=CC=c1ccc(=Cc2ccc(C=c3ccc(=CC=C)cc3)cc2)cc1')
[0.26328611373901367] Updated in round 18! max:(0.6428571428571429, 'C=CC=CC=c1ccc(=Cc2ccc(C=c3ccc(=CC(=C)C=C)cc3)cc2)cc1')
[0.3150172233581543] Updated in round 19! max:(0.6785714285714286, 'C=CC=CC=c1ccc(=Cc2ccc(C=c3ccc(=CC(=C)C=CC=C)cc3)cc2)cc1')
[0.37590932846069336] Updated in round 20! max:(0.7142857142857143, 'C=CC=CC=c1ccc(=Cc2ccc(C=c3ccc(=CC(=C)C=CC(=C)C=C)cc3)cc2)cc1')
[0.4555530548095703] Updated in round 21! max:(0.75, 'C=CC=CC=c1ccc(=Cc2ccc(C=c3ccc(=Cc4ccc(C=C)cc4)cc3)cc2)cc1')
[0.5332629680633545] Updated in round 22! max:(0.7857142857142857, 'C=CC=C(C=C)C=c1ccc(=Cc2ccc(C=c3ccc(=Cc4ccc(C=C)cc4)cc3)cc2)cc1')
[0.6470499038696289] Updated in round 23! max:(0.8214285714285714, 'C=CC=CC=C(C=C)C=c1ccc(=Cc2ccc(C=c3ccc(=Cc4ccc(C=C)cc4)cc3)cc2)cc1')
[0.757472038269043] Updated in round 24! max:(0.8571428571428571, 'C=CC=CC=C(C=C)C=c1ccc(=Cc2ccc(C=c3ccc(=Cc4ccc(C=CC=C)cc4)cc3)cc2)cc1')
[0.8846502304077148] Updated in round 25! max:(0.8928571428571429, 'C=CC=CC=CC=C(C=C)C=c1ccc(=Cc2ccc(C=c3ccc(=Cc4ccc(C=CC=C)cc4)cc3)cc2)cc1')
[1.0425686836242676] Updated in round 26! max:(0.9285714285714286, 'C=Cc1ccccc(C=C)cc2ccc(cc2)cc2ccc(cc2)cc2ccc(cc2)cc2ccc(cccc1)cc2')
[1.3389604091644287] Updated in round 27! max:(0.9642857142857143, 'C=Cc1ccccc2ccc(cc2)cc2ccc(cc2)cc2ccc(cc2)cc2ccc(cc2)cc2ccc(cc2)c1')
[1.5890583992004395] Updated in round 28! max:(1.0, 'c1cc2ccc1cc1ccc(cc1)cc1ccc(cc1)cc1ccc(cc1)cc1ccc(cc1)cc1ccc(cc1)c2')
[1.5890700817108154] Reproduced in round 28!!
