[7.724761962890625e-05] Start running HillClimbing from [H][H]...
[0.0006389617919921875] Updated in round 1! max:(0.0136986301369863, 'C=C')
[0.0013003349304199219] Updated in round 2! max:(0.0273972602739726, 'C=CC=C')
[0.002990245819091797] Updated in round 3! max:(0.0410958904109589, 'C=CC(=C)C=C')
[0.004606485366821289] Updated in round 4! max:(0.0547945205479452, 'C=CC=C(C=C)C=C')
[0.008922815322875977] Updated in round 5! max:(0.0684931506849315, 'C=CC(=C)C=C(C=C)C=C')
[0.01180720329284668] Updated in round 6! max:(0.0821917808219178, 'C=CC=CC(=C)C=C(C=C)C=C')
[0.017145872116088867] Updated in round 7! max:(0.0958904109589041, 'C=CC(C=C)=Cc1ccccc1')
[0.022574663162231445] Updated in round 8! max:(0.1095890410958904, 'C=CC=CC(C=C)=Cc1ccccc1')
[0.05653214454650879] Updated in round 9! max:(0.1232876712328767, 'C=CC=C(C=C)C(C=C)=Cc1ccccc1')
[0.06909370422363281] Updated in round 10! max:(0.136986301369863, 'C=CC(=C)C=C(C=C)C(C=C)=Cc1ccccc1')
[0.08263683319091797] Updated in round 11! max:(0.1506849315068493, 'C=CC(=C)C=C(C=C)C(=Cc1ccccc1)C(=C)C=C')
[0.09739232063293457] Updated in round 12! max:(0.1643835616438356, 'C=CC=C(C=C)C=C(C=C)C(=Cc1ccccc1)C(=C)C=C')
[0.12730002403259277] Updated in round 13! max:(0.1780821917808219, 'C=CC(=C)C(=Cc1ccccc1)c1ccc(C=C)c(C=C)c1')
[0.15181970596313477] Updated in round 14! max:(0.1917808219178082, 'C=CC(=C)C(=Cc1cccc(C=C)c1)c1ccc(C=C)c(C=C)c1')
[0.1788034439086914] Updated in round 15! max:(0.2054794520547945, 'C=CC(=C)C(=Cc1ccc(C=C)c(C=C)c1)c1ccc(C=C)c(C=C)c1')
[0.22756648063659668] Updated in round 16! max:(0.2191780821917808, 'C=CC(=C)C(=Cc1ccc(C=C)c(C=C)c1)c1ccc2ccccc2c1')
[0.2711021900177002] Updated in round 17! max:(0.2328767123287671, 'C=CC(=C)C(=Cc1ccc(C=C)c(C=C)c1)c1ccc2ccc(C=C)cc2c1')
[0.3276505470275879] Updated in round 18! max:(0.2465753424657534, 'C=CC=Cc1ccc(C=C(C(=C)C=C)c2ccc3ccc(C=C)cc3c2)cc1C=C')
[0.39125609397888184] Updated in round 19! max:(0.2602739726027397, 'C=CC=Cc1ccc2ccc(C(=Cc3ccc(C=CC=C)c(C=C)c3)C(=C)C=C)cc2c1')
[0.45502734184265137] Updated in round 20! max:(0.273972602739726, 'C=CC=Cc1ccc(C=C(C(=C)C=C)c2ccc3ccc(C=CC=C)c(C=C)c3c2)cc1C=C')
[0.5478107929229736] Updated in round 21! max:(0.2876712328767123, 'C=CC=Cc1ccc2ccc(C(=Cc3ccc4cc(C=C)ccc4c3)C(=C)C=C)cc2c1C=C')
[0.6229524612426758] Updated in round 22! max:(0.3013698630136986, 'C=CC=Cc1ccc2ccc(C(=Cc3ccc4cc(C=C)c(C=C)cc4c3)C(=C)C=C)cc2c1C=C')
[0.7209417819976807] Updated in round 23! max:(0.3150684931506849, 'C=CC=Cc1ccc2ccc(C(=Cc3ccc4cc(C=C)c(C=C)cc4c3)C(=C)C=C)cc2c1C=CC=C')
[0.8522257804870605] Updated in round 24! max:(0.3287671232876712, 'C=CC=CC=Cc1ccc2ccc(C(=Cc3ccc4cc(C=C)c(C=C)cc4c3)C(=C)C=C)cc2c1C=CC=C')
[0.9507694244384766] Updated in round 25! max:(0.3424657534246575, 'C=CC=CC=Cc1ccc2ccc(C(=Cc3ccc4cc(C=C)c(C(=C)C=C)cc4c3)C(=C)C=C)cc2c1C=CC=C')
[1.083470344543457] Updated in round 26! max:(0.3561643835616438, 'C=CC=CC=Cc1ccc2ccc(-c3cc4ccc5cc(C=C)c(C(=C)C=C)cc5c4cc3C=C)cc2c1C=CC=C')
[1.2244398593902588] Updated in round 27! max:(0.3698630136986301, 'C=CC=CC=Cc1ccc2ccc(-c3cc4ccc5cc6cccc(C=C)c6cc5c4cc3C=C)cc2c1C=CC=C')
[1.3518264293670654] Updated in round 28! max:(0.3835616438356164, 'C=CC=CC=Cc1ccc2cc3ccc4cc5c(ccc6cc7cccc(C=C)c7cc65)cc4c3cc2c1C=CC=C')
[1.498974084854126] Updated in round 29! max:(0.3972602739726027, 'C=CC=CC=Cc1ccc2cc3ccc4cc5c(ccc6cc7cccc(C=CC=C)c7cc65)cc4c3cc2c1C=CC=C')
[1.7446141242980957] Updated in round 30! max:(0.410958904109589, 'C=CC=CC=Cc1ccc2cc3ccc4cc5c(ccc6cc7cccc(C=CC=C)c7cc65)cc4c3cc2c1C=CC=CC=C')
[1.9625532627105713] Updated in round 31! max:(0.4246575342465753, 'C=CC=CC=Cc1ccc2cc3ccc4cc5c(ccc6cc7ccc(C=C)c(C=CC=C)c7cc65)cc4c3cc2c1C=CC=CC=C')
[2.4025895595550537] Updated in round 32! max:(0.4383561643835616, 'C=CC=CC=Cc1ccc2cc3ccc4cc5c(ccc6cc7ccc(C=CC=C)c(C=CC=C)c7cc65)cc4c3cc2c1C=CC=CC=C')
[2.7120413780212402] Updated in round 33! max:(0.4520547945205479, 'C=CC=CC=CC=Cc1c(C=CC=CC=C)ccc2cc3ccc4cc5c(ccc6cc7ccc(C=CC=C)c(C=CC=C)c7cc65)cc4c3cc12')
[2.9968814849853516] Updated in round 34! max:(0.4657534246575342, 'C=CC=CC=Cc1cc2c(ccc3cc4ccc5cc6c(ccc7cc8ccc(C=CC=C)c(C=CC=C)c8cc76)cc5c4cc32)cc1C=CC=C')
[3.403817653656006] Updated in round 35! max:(0.4794520547945205, 'C=CC=CC=c1c(=C)ccc2cc3ccc4cc5ccc6cc7c(ccc8cc9ccc(C=CC=C)c(C=CC=C)c9cc87)cc6c5cc4c3cc12')
[3.7526063919067383] Updated in round 36! max:(0.4931506849315068, 'C=CC=CC=Cc1c(C=CC=C)ccc2cc3ccc4cc5c(ccc6cc7ccc8cc9ccc(=C)c(=CC=CC=C)c9cc8c7cc65)cc4c3cc12')
[4.07217001914978] Updated in round 37! max:(0.5068493150684932, 'C=CC=CC=Cc1c(C=CC=C)ccc2cc3ccc4cc5c(ccc6cc7ccc8cc9ccc(=C)c(=CC=CC(=C)C=C)c9cc8c7cc65)cc4c3cc12')
[4.532537460327148] Updated in round 38! max:(0.5205479452054794, 'C=CC=CC=Cc1c(C=CC=C)ccc2cc3ccc4cc5c(ccc6cc7ccc8cc9ccc(=CC=C)c(=CC=CC(=C)C=C)c9cc8c7cc65)cc4c3cc12')
[5.199490308761597] Updated in round 39! max:(0.5342465753424658, 'C=CC=CC=Cc1c(C=CC=C)ccc2cc3ccc4cc5c(ccc6cc7ccc8cc9ccc%10cc(=C)c(=CC(=C)C=C)cc%10c9cc8c7cc65)cc4c3cc12')
[5.548205137252808] Updated in round 40! max:(0.547945205479452, 'C=CC=Cc1ccc2cc3ccc4cc5c(ccc6cc7ccc8cc9ccc%10cc(=C)c(=CC(=C)C=C)cc%10c9cc8c7cc65)cc4c3cc2c1C=CC=CC(=C)C=C')
[6.114671468734741] Updated in round 41! max:(0.5616438356164384, 'C=CC=Cc1ccc2cc3ccc4cc5c(ccc6cc7ccc8cc9ccc%10cc(=C)c(=CC(=C)C=C)cc%10c9cc8c7cc65)cc4c3cc2c1C=CC=CC(C=C)=CC=C')
[6.601410150527954] Updated in round 42! max:(0.5753424657534246, 'C=CC=Cc1ccc2cc3ccc4cc5c(ccc6cc7ccc8cc9ccc%10cc(=C)c(=CC(=C)C=C)cc%10c9cc8c7cc65)cc4c3cc2c1C=Cc1cccc(C=C)c1')
[7.0922887325286865] Updated in round 43! max:(0.589041095890411, 'C=CC=Cc1ccc2cc3ccc4cc5c(ccc6cc7ccc8cc9ccc%10cc(=C)c(=CC(=C)C=C)cc%10c9cc8c7cc65)cc4c3cc2c1C=Cc1ccc(C=C)c(C=C)c1')
[8.006623029708862] Updated in round 44! max:(0.6027397260273972, 'C=CC=Cc1ccc2cc3ccc4cc5c(ccc6cc7ccc8cc9ccc%10cc(=C)c(=C(C=C)C(=C)C=C)cc%10c9cc8c7cc65)cc4c3cc2c1C=Cc1ccc(C=C)c(C=C)c1')
[8.634396076202393] Updated in round 45! max:(0.6164383561643836, 'C=CC=Cc1ccc2cc3ccc4cc5c(ccc6cc7ccc8cc9ccc%10cc(=C)c(=C(C=C)C(=C)C=C)cc%10c9cc8c7cc65)cc4c3cc2c1C=Cc1ccc(C=C)c(C(=C)C=C)c1')
[9.242519855499268] Updated in round 46! max:(0.6301369863013698, 'C=CC=Cc1ccc2cc3ccc4cc5c(ccc6cc7ccc8cc9ccc%10cc(=C)c(=C(C=C)C(=C)C=C)cc%10c9cc8c7cc65)cc4c3cc2c1C=Cc1ccc(C=C)c(C(C=C)=CC=C)c1')
[9.860438346862793] Updated in round 47! max:(0.6438356164383562, 'C=CC=Cc1ccc2cc3ccc4cc5c(ccc6cc7ccc8cc9ccc%10cc(=C)c(=c%11ccccc%11=C)cc%10c9cc8c7cc65)cc4c3cc2c1C=Cc1ccc(C=C)c(C(C=C)=CC=C)c1')
[10.775996208190918] Updated in round 48! max:(0.6575342465753424, 'C=CC=Cc1ccc2cc3ccc4cc5c(ccc6cc7ccc8cc9ccc%10cc(=C)c(=c%11ccccc%11=C)cc%10c9cc8c7cc65)cc4c3cc2c1C=Cc1ccc(C=C)c(-c2ccccc2)c1')
[11.377567529678345] Updated in round 49! max:(0.6712328767123288, 'C=CC=Cc1ccc2cc3ccc4cc5c(ccc6cc7ccc8cc9ccc%10cc%11ccc%12ccccc%12c%11cc%10c9cc8c7cc65)cc4c3cc2c1C=Cc1ccc(C=C)c(-c2ccccc2)c1')
[12.35138750076294] Updated in round 50! max:(0.684931506849315, 'C=CC=Cc1ccc2cc3ccc4cc5c(ccc6cc7ccc8cc9ccc%10cc%11ccc%12cc(C=C)ccc%12c%11cc%10c9cc8c7cc65)cc4c3cc2c1C=Cc1ccc(C=C)c(-c2ccccc2)c1')
[13.117964506149292] Updated in round 51! max:(0.6986301369863014, 'C=CC=Cc1ccc2cc3ccc4cc5c(ccc6cc7ccc8cc9ccc%10cc%11ccc%12cc(C=C)ccc%12c%11cc%10c9cc8c7cc65)cc4c3cc2c1C=Cc1ccc(C=C)c(-c2ccc(C=C)cc2)c1')
[13.964293718338013] Updated in round 52! max:(0.7123287671232876, 'C=CC=Cc1ccc2cc3ccc4cc5c(ccc6cc7ccc8cc9ccc%10cc%11ccc%12cc(C(=C)C=C)ccc%12c%11cc%10c9cc8c7cc65)cc4c3cc2c1C=Cc1ccc(C=C)c(-c2ccc(C=C)cc2)c1')
[14.886178493499756] Updated in round 53! max:(0.726027397260274, 'C=CC(=C)c1ccc2c(ccc3cc4ccc5cc6ccc7cc8ccc9cc%10c(ccc%11cc%12ccc%13ccccc%14cc(C=C)c(-c%15ccc(C=C)cc%15)cc%14ccc%13c%12cc%11%10)cc9c8cc7c6cc5c4cc32)c1')
[16.101202249526978] Updated in round 54! max:(0.7397260273972602, 'C=CC=C(C=C)c1ccc2c(ccc3cc4ccc5cc6ccc7cc8ccc9cc%10c(ccc%11cc%12ccc%13ccccc%14cc(C=C)c(-c%15ccc(C=C)cc%15)cc%14ccc%13c%12cc%11%10)cc9c8cc7c6cc5c4cc32)c1')
[17.720204830169678] Updated in round 55! max:(0.7534246575342466, 'C=Cc1ccc(-c2cc3ccc4c(ccccc3cc2C=C)ccc2cc3ccc5cc6c(ccc7cc8ccc9cc%10ccc%11cc%12ccc%13cc%14c(C=C)cccc%14cc%13c%12cc%11c%10cc9c8cc76)cc5c3cc24)cc1')
[20.06577491760254] Updated in round 56! max:(0.7671232876712328, 'C=Cc1ccc(-c2cc3ccc4c(ccccc3cc2C=C)ccc2cc3ccc5cc6c(ccc7cc8ccc9cc%10ccc%11cc%12ccc%13cc%14c(C=C)cccc%14cc%13c%12cc%11c%10cc9c8cc76)cc5c3cc24)cc1C=C')
[21.76703906059265] Updated in round 57! max:(0.7808219178082192, 'C=CC=Cc1cc(-c2cc3ccc4c(ccccc3cc2C=C)ccc2cc3ccc5cc6c(ccc7cc8ccc9cc%10ccc%11cc%12ccc%13cc%14c(C=C)cccc%14cc%13c%12cc%11c%10cc9c8cc76)cc5c3cc24)ccc1C=C')
[23.050634145736694] Updated in round 58! max:(0.7945205479452054, 'C=CC=Cc1ccc(-c2cc3ccc4c(ccccc3cc2C=C)ccc2cc3ccc5cc6c(ccc7cc8ccc9cc%10ccc%11cc%12ccc%13cc%14c(C=C)cccc%14cc%13c%12cc%11c%10cc9c8cc76)cc5c3cc24)cc1C=CC=C')
[24.587759733200073] Updated in round 59! max:(0.8082191780821918, 'C=CC=Cc1cc(-c2cc3ccc4c(ccccc3cc2C=C)ccc2cc3ccc5cc6c(ccc7cc8ccc9cc%10ccc%11cc%12ccc%13cc%14c(C=C)cccc%14cc%13c%12cc%11c%10cc9c8cc76)cc5c3cc24)ccc1C=CC(=C)C=C')
[26.082398891448975] Updated in round 60! max:(0.821917808219178, 'C=Cc1cc2ccccc3ccc4cc5ccc6cc7c(ccc8cc9ccc%10cc%11ccc%12cc%13ccc%14cc%15c(C=C)cccc%15cc%14c%13cc%12c%11cc%10c9cc87)cc6c5cc4c3ccc2cc1-c1ccc2ccc(=C)c(=C)ccccc2c1')
[27.85903000831604] Updated in round 61! max:(0.8356164383561644, 'C=CC=Cc1cccc2cc3c(ccc4cc5ccc6cc7ccc8cc9ccc%10cc%11c(ccc%12cc%13ccc%14ccccc%15cc(C=C)c(-c%16ccc%17ccc(=C)c(=C)ccccc%17c%16)cc%15ccc%14c%13cc%12%11)cc%10c9cc8c7cc6c5cc43)cc12')
[31.51483964920044] Updated in round 62! max:(0.8493150684931506, 'C=Cc1cc2ccccc3ccc4cc5ccc6cc7c8ccc9cc%10ccc%11cc%12ccc%13cc%14ccc%15cc%16c(cccc%16cc%15c%14cc%13c%12cc%11c%10cc97)C=CC=CC=c7ccc9ccc(cc9ccccc7=C)-c1cc2ccc3c4cc5c6c8')
[34.57540988922119] Updated in round 63! max:(0.863013698630137, 'C=Cc1cc2ccccc3ccc4cc5ccc6cc7c8ccc9cc%10ccc%11cc%12ccc%13cc%14ccc%15cc%16c(c(C=C)ccc%16cc%15c%14cc%13c%12cc%11c%10cc97)C=CC=CC=c7ccc9ccc(cc9ccccc7=C)-c1cc2ccc3c4cc5c6c8')
[37.223057985305786] Updated in round 64! max:(0.8767123287671232, 'C=CC=Cc1ccc2cc3c4ccc5cc6ccc7cc8ccc9cc%10ccc%11cc%12c(ccc%13cc%14ccc%15ccccc%16cc(C=C)c(cc%16ccc%15c%14cc%13%12)-c%12ccc%13ccc(c(=C)ccccc%13c%12)=CC=CC=Cc1c2c4)cc%11c%10cc9c8cc7c6cc53')
[40.49699258804321] Updated in round 65! max:(0.8904109589041096, 'C=CC=Cc1ccc2cc3c4ccc5cc6ccc7cc8ccc9cc%10ccc%11cc%12c(ccc%13cc%14ccc%15ccccc%16cc%17ccc%18cc%19ccc(c(=C)ccccc%19cc%18c%17cc%16ccc%15c%14cc%13%12)=CC=CC=Cc1c2c4)cc%11c%10cc9c8cc7c6cc53')
[44.82989954948425] Updated in round 66! max:(0.9041095890410958, 'C=CC=Cc1ccc2cc3c4ccc5cc6ccc7cc8ccc9cc%10ccc%11cc%12c(ccc%13cc%14ccc%15ccccc%16cc%17ccc%18cc%19ccc(c(=C)ccccc%19cc%18c%17cc%16ccc%15c%14cc%13%12)=CC=C(C=C)C=Cc1c2c4)cc%11c%10cc9c8cc7c6cc53')
[50.76531267166138] Updated in round 67! max:(0.9178082191780822, 'C=CC=Cc1ccc2cc3c4ccc5cc6ccc7cc8ccc9cc%10ccc%11cc%12c(ccc%13cc%14ccc%15ccccc%16cc%17ccc%18cc%19c(ccc%20cc(=C)c(cc%20%19)=CC=C(C=C)C=Cc1c2c4)cc%18c%17cc%16ccc%15c%14cc%13%12)cc%11c%10cc9c8cc7c6cc53')
[57.20023441314697] Updated in round 68! max:(0.9315068493150684, 'C=CC=Cc1ccc2cc3c4ccc5cc6ccc7cc8ccc9cc%10ccc%11cc%12c(ccc%13cc%14ccc%15cc%16ccc%17cc%18ccc%19cc%20c(ccc%21cc(=C)c(cc%21%20)=CC=C(C=C)C=Cc1c2c4)cc%19c%18cc%17c%16cc%15c%14cc%13%12)cc%11c%10cc9c8cc7c6cc53')
[66.3725471496582] Updated in round 69! max:(0.9452054794520548, 'C=c1ccccc2ccc3cc4c5ccc6cc7ccc8cc9ccc%10cc%11ccc%12cc%13c(ccc%14cc%15ccc%16cc%17ccc%18cc%19ccc%20cc%21c(ccc%22cc(=C)c(cc%22%21)=CC=c1ccc2c3c5)cc%20c%19cc%18c%17cc%16c%15cc%14%13)cc%12c%11cc%10c9cc8c7cc64')
[76.33752751350403] Updated in round 70! max:(0.958904109589041, 'C=CC=c1cc2ccc3cc4c5ccc6cc7ccc8cc9ccc%10cc%11ccc%12cc%13c(ccc%14cc%15ccc%16cc%17ccc%18cc%19ccc%20cc%21c(ccc%22ccccc(=C)c(ccc%22%21)=CC=c1cc2c3c5)cc%20c%19cc%18c%17cc%16c%15cc%14%13)cc%12c%11cc%10c9cc8c7cc64')
[84.04941821098328] Updated in round 71! max:(0.9726027397260274, 'C=CC=c1cc2ccc3cc4c5ccc6cc7ccc8cc9ccc%10cc%11ccc%12cc%13c(ccc%14cc%15ccc%16cc%17ccc%18cc%19ccc%20cc%21c(ccc%22cc%23ccc(=C)c(c%23cc%22%21)=CC=c1cc2c3c5)cc%20c%19cc%18c%17cc%16c%15cc%14%13)cc%12c%11cc%10c9cc8c7cc64')
[93.65104556083679] Updated in round 72! max:(0.9863013698630136, 'c1ccc2ccc3cc4ccc5cc6c7ccc8cc9ccc%10cc%11ccc%12cc%13ccc%14cc%15c(ccc%16cc%17ccc%18cc%19ccc%20cc%21ccc%22cc%23c(ccc%24cc(c1)c(ccc2c3cc4c5c7)cc%24%23)cc%22c%21cc%20c%19cc%18c%17cc%16%15)cc%14c%13cc%12c%11cc%10c9cc86')
[110.55049085617065] Updated in round 73! max:(1.0, 'c1cc2cc3ccc4cc5ccc6cc7ccc8cc9c%10ccc%11cc%12ccc%13cc%14ccc%15cc%16ccc%17cc%18c(ccc%19cc%20ccc%21cc%22ccc%23cc%24ccc%25cc(c1cc%25c%24cc%23c%22cc%21c%20cc%19%18)c2cc3c4cc5c6cc7c8c%10)cc%17c%16cc%15c%14cc%13c%12cc%119')
[110.55051040649414] Reproduced in round 73!!
