[5.698204040527344e-05] Start running HillClimbing from [H][H]...
[0.00045371055603027344] Updated in round 1! max:(0.04, 'C=C')
[0.0008251667022705078] Updated in round 2! max:(0.08, 'C=CC=C')
[0.0016524791717529297] Updated in round 3! max:(0.12, 'C=CC=CC=C')
[0.002788543701171875] Updated in round 4! max:(0.16, 'C=CC=CC=CC=C')
[0.0047414302825927734] Updated in round 5! max:(0.2, 'C=CC=CC=C(C=C)C=C')
[0.007397174835205078] Updated in round 6! max:(0.24, 'C=CC=C(C=C)C=C(C=C)C=C')
[0.01170492172241211] Updated in round 7! max:(0.28, 'C=CC(C=C)=Cc1ccccc1')
[0.01711583137512207] Updated in round 8! max:(0.32, 'C=CC=CC(C=C)=Cc1ccccc1')
[0.023839473724365234] Updated in round 9! max:(0.36, 'C=c1ccc(=Cc2ccccc2)cc1')
[0.03278231620788574] Updated in round 10! max:(0.4, 'C=CC(c1ccccc1)=c1ccc(=C)cc1')
[0.04124951362609863] Updated in round 11! max:(0.44, 'C=CC=CC(c1ccccc1)=c1ccc(=C)cc1')
[0.05332350730895996] Updated in round 12! max:(0.48, 'C=CC=C(C=C)C(c1ccccc1)=c1ccc(=C)cc1')
[0.07679510116577148] Updated in round 13! max:(0.52, 'C=c1ccc(=C(c2ccccc2)c2ccccc2)cc1')
[0.09222817420959473] Updated in round 14! max:(0.56, 'C=CC=c1ccc(=C(c2ccccc2)c2ccccc2)cc1')
[0.11484789848327637] Updated in round 15! max:(0.6, 'C=CC=CC=c1ccc(=C(c2ccccc2)c2ccccc2)cc1')
[0.14089465141296387] Updated in round 16! max:(0.64, 'C=CC=CC=CC=c1ccc(=C(c2ccccc2)c2ccccc2)cc1')
[0.17398834228515625] Updated in round 17! max:(0.68, 'C=CC(C=C)=CC=CC=c1ccc(=C(c2ccccc2)c2ccccc2)cc1')
[0.2160627841949463] Updated in round 18! max:(0.72, 'C=CC(C=C)=C(C=C)C=CC=c1ccc(=C(c2ccccc2)c2ccccc2)cc1')
[0.2650272846221924] Updated in round 19! max:(0.76, 'C=CC(=C)C(C=C)=C(C=C)C=CC=c1ccc(=C(c2ccccc2)c2ccccc2)cc1')
[0.3201308250427246] Updated in round 20! max:(0.8, 'C=CC(=C)C(C=C)=c1ccc(=c2ccc(=C(c3ccccc3)c3ccccc3)cc2)cc1')
[0.37923479080200195] Updated in round 21! max:(0.84, 'C=CC(=C)C(C(=C)C=C)=c1ccc(=c2ccc(=C(c3ccccc3)c3ccccc3)cc2)cc1')
[0.44867658615112305] Updated in round 22! max:(0.88, 'C=CC=CC(=C)C(C(=C)C=C)=c1ccc(=c2ccc(=C(c3ccccc3)c3ccccc3)cc2)cc1')
[0.5233771800994873] Updated in round 23! max:(0.92, 'C=CC=CC(=C)C(C(C=C)=CC=C)=c1ccc(=c2ccc(=C(c3ccccc3)c3ccccc3)cc2)cc1')
[0.6162004470825195] Updated in round 24! max:(0.96, 'C=CC=CC(=C)C(c1ccccc1)=c1ccc(=c2ccc(=C(c3ccccc3)c3ccccc3)cc2)cc1')
[0.7231137752532959] Updated in round 25! max:(1.0, 'c1ccc(C(c2ccccc2)=c2ccc(=c3ccc(=C(c4ccccc4)c4ccccc4)cc3)cc2)cc1')
[0.7231247425079346] Reproduced in round 25!!
