[5.4836273193359375e-05] Start running HillClimbing from [H][H]...
[0.03563427925109863] Updated in round 1! max:(0.02702702702702703, 'C=C')
[0.03641057014465332] Updated in round 2! max:(0.05405405405405406, 'C=CC=C')
[0.0377497673034668] Updated in round 3! max:(0.08108108108108109, 'C=CC=CC=C')
[0.10938572883605957] Updated in round 4! max:(0.10810810810810811, 'C=CC=CC(=C)C=C')
[0.11237359046936035] Updated in round 5! max:(0.13513513513513514, 'C=CC(=C)C=CC(=C)C=C')
[0.1551811695098877] Updated in round 6! max:(0.16216216216216217, 'C=Cc1ccc(=C)c(=C)c1')
[0.1621546745300293] Updated in round 7! max:(0.1891891891891892, 'C=CC=c1cc(C=C)ccc1=C')
[0.17129230499267578] Updated in round 8! max:(0.21621621621621623, 'C=CC=c1cc(C=C)c(C=C)cc1=C')
[0.18179845809936523] Updated in round 9! max:(0.24324324324324326, 'C=CC=Cc1cc(=C)c(=CC=C)cc1C=C')
[0.19533872604370117] Updated in round 10! max:(0.2702702702702703, 'C=CC=c1cc2ccc(C=C)cc2cc1=C')
[0.21160006523132324] Updated in round 11! max:(0.2972972972972973, 'C=CC=CC=c1cc2ccc(C=C)cc2cc1=C')
[0.2363126277923584] Updated in round 12! max:(0.32432432432432434, 'C=CC=CC=CC=c1cc2ccc(C=C)cc2cc1=C')
[0.257889986038208] Updated in round 13! max:(0.35135135135135137, 'C=CC=CC=C(C=C)C=c1cc2ccc(C=C)cc2cc1=C')
[0.30090904235839844] Updated in round 14! max:(0.3783783783783784, 'C=CC=CC=C(C=CC=C)C=c1cc2ccc(C=C)cc2cc1=C')
[0.3683655261993408] Updated in round 15! max:(0.40540540540540543, 'C=CC=c1cc(C=c2cc3ccc(C=C)cc3cc2=C)ccc1=C')
[0.4068143367767334] Updated in round 16! max:(0.43243243243243246, 'C=CC=c1cc2cc3cc4ccc(C=C)cc4cc3cc2cc1=C')
[0.46452832221984863] Updated in round 17! max:(0.4594594594594595, 'C=CC=c1cc2cc3cc4ccc(C=C)cc4cc3cc2cc1=CC=C')
[0.5146472454071045] Updated in round 18! max:(0.4864864864864865, 'C=CC=CC=c1cc2cc3cc4ccc(C=C)cc4cc3cc2cc1=CC=C')
[0.6186952590942383] Updated in round 19! max:(0.5135135135135135, 'C=CC=c1cc2cc3cc4cc(C=C)ccc4cc3cc2cc1=CC=CC(=C)C=C')
[0.711031436920166] Updated in round 20! max:(0.5405405405405406, 'C=CC=C(C=C)C=CC=c1cc2cc3cc4ccc(C=C)cc4cc3cc2cc1=CC=C')
[0.7827138900756836] Updated in round 21! max:(0.5675675675675675, 'C=CC=c1cc2cc3cc4cc(C=C)ccc4cc3cc2cc1=CC=CC(C=C)=CC(=C)C=C')
[0.8907268047332764] Updated in round 22! max:(0.5945945945945946, 'C=CC=CC(=C)C=C(C=C)C=CC=c1cc2cc3cc4ccc(C=C)cc4cc3cc2cc1=CC=C')
[1.0030786991119385] Updated in round 23! max:(0.6216216216216216, 'C=CC=CC(=C)C=c1cccc2cc3cc4cc5ccc(C=C)cc5cc4cc3cc2cccc1=C')
[1.1485137939453125] Updated in round 24! max:(0.6486486486486487, 'C=CC=c1cc2cccc3cc4cc5cc6cc(C=C)ccc6cc5cc4cc3cccc2cc1=C')
[1.2549641132354736] Updated in round 25! max:(0.6756756756756757, 'C=CC=c1cc2cc3cc4cc5cc6cc7cc(C=C)ccc7cc6cc5cc4cc3cc2cc1=C')
[1.3586256504058838] Updated in round 26! max:(0.7027027027027027, 'C=CC(=C)C=c1cc2cc3cc4cc5cc6cc7cc(C=C)ccc7cc6cc5cc4cc3cc2cc1=C')
[1.5083959102630615] Updated in round 27! max:(0.7297297297297297, 'C=Cc1ccc2cc3cc4cc5cc6cc7cc8cc(=C)c(=C)cc8cc7cc6cc5cc4cc3cc2c1')
[1.6122782230377197] Updated in round 28! max:(0.7567567567567568, 'C=CC=c1cc2cc3cc4cc5cc6cc7cc8cc(C=C)ccc8cc7cc6cc5cc4cc3cc2cc1=C')
[1.742748498916626] Updated in round 29! max:(0.7837837837837838, 'C=CC(=C)C=c1cc2cc3cc4cc5cc6cc7cc8cc(C=C)ccc8cc7cc6cc5cc4cc3cc2cc1=C')
[1.8745570182800293] Updated in round 30! max:(0.8108108108108109, 'C=CC=C(C=C)C=c1cc2cc3cc4cc5cc6cc7cc8cc(C=C)ccc8cc7cc6cc5cc4cc3cc2cc1=C')
[2.097201108932495] Updated in round 31! max:(0.8378378378378378, 'C=CC1=CC=CC=Cc2ccc3cc4cc5cc6cc7cc8cc9cc(=C)c(cc9cc8cc7cc6cc5cc4cc3c2)=C1')
[2.3549318313598633] Updated in round 32! max:(0.8648648648648649, 'C=CC1=CC=CC(C=C)=Cc2ccc3cc4cc5cc6cc7cc8cc9cc(=C)c(cc9cc8cc7cc6cc5cc4cc3c2)=C1')
[2.5874149799346924] Updated in round 33! max:(0.8918918918918919, 'C=CC1=Cc2ccc3cc4cc5cc6cc7cc8cc9cc%10cc(=C)c(cc%10cc9cc8cc7cc6cc5cc4cc3c2)=CC=C1')
[2.823652744293213] Updated in round 34! max:(0.918918918918919, 'C=CC=c1cc2cc3cc4cc5cc6cc7cc8cc9ccc%10cc9cc8cc7cc6cc5cc4cc3cc2cc1=CC=CC(C=C)=C%10')
[3.227233409881592] Updated in round 35! max:(0.9459459459459459, 'C=c1cccc2cc3cc4cc5cc6cc7cc8cc9cc%10ccc%11cc%10cc9cc8cc7cc6cc5cc4cc3cc2cccc1=C%11')
[3.5110862255096436] Updated in round 36! max:(0.972972972972973, 'c1cc2cc3cc4cc5cc6cc7cc8cc9cc%10cc%11cc(c1)c1cccc2cc3cc4cc5cc6cc7cc8cc9cc%10cc%11c1')
[3.7354824542999268] Updated in round 37! max:(1.0, 'c1c2cc3cc4cc5cc6cc7cc8cc9cc%10cc%11cc%12cc1c1cc2cc3cc4cc5cc6cc7cc8cc9cc%10cc%11cc%12c1')
[3.735494613647461] Reproduced in round 37!!
