[9.560585021972656e-05] Start running HillClimbing from [H][H]...
[0.0010449886322021484] Updated in round 1! max:(0.006622516556291391, 'C=C')
[0.0021543502807617188] Updated in round 2! max:(0.013245033112582781, 'C=CC=C')
[0.003490924835205078] Updated in round 3! max:(0.019867549668874173, 'C=CC=CC=C')
[0.005349874496459961] Updated in round 4! max:(0.026490066225165563, 'C=CC=CC(=C)C=C')
[0.008538007736206055] Updated in round 5! max:(0.033112582781456956, 'C=c1ccc(=C)cc1')
[0.011754989624023438] Updated in round 6! max:(0.039735099337748346, 'C=Cc1cc(=C)ccc1=C')
[0.015979528427124023] Updated in round 7! max:(0.046357615894039736, 'C=CC(=C)c1cc(=C)ccc1=C')
[0.11469864845275879] Updated in round 8! max:(0.052980132450331126, 'C=c1ccc2cccc(=C)c2c1')
[0.12218737602233887] Updated in round 9! max:(0.059602649006622516, 'C=Cc1cc2cccc(=C)c2cc1=C')
[0.1313774585723877] Updated in round 10! max:(0.06622516556291391, 'C=CC=c1cccc2cc(C=C)c(=C)cc12')
[0.14443206787109375] Updated in round 11! max:(0.0728476821192053, 'C=CC(=C)C=c1cccc2cc(C=C)c(=C)cc12')
[0.3779561519622803] Updated in round 12! max:(0.07947019867549669, 'C=CC=c1cc2c(=CC(=C)C=C)cccc2cc1C=C')
[0.39366674423217773] Updated in round 13! max:(0.08609271523178808, 'C=CC=Cc1cc2cccc(=CC(=C)C=C)c2cc1=CC=C')
[0.674098014831543] Updated in round 14! max:(0.09271523178807947, 'C=CC=c1cccc2cc3c(=CC(=C)C=C)cccc3cc12')
[0.9482066631317139] Updated in round 15! max:(0.09933774834437085, 'C=CC=CC=c1cccc2cc3c(=CC(=C)C=C)cccc3cc12')
[1.0052473545074463] Updated in round 16! max:(0.10596026490066225, 'C=CC=CC=CC=c1cccc2cc3c(=CC(=C)C=C)cccc3cc12')
[1.4887700080871582] Updated in round 17! max:(0.11258278145695365, 'C=CC(=C)C=CC=CC=c1cccc2cc3c(=CC(=C)C=C)cccc3cc12')
[1.539015769958496] Updated in round 18! max:(0.11920529801324503, 'C=CC(=C)C=c1cccc2cc3c(=CC=CC=C(C=C)C(=C)C=C)cccc3cc12')
[1.7272863388061523] Updated in round 19! max:(0.12582781456953643, 'C=CC(=C)C(C=C)=CC=CC=c1cccc2cc3c(ccc4ccc(=C)cc43)cc12')
[1.7984533309936523] Updated in round 20! max:(0.13245033112582782, 'C=CC=CC(=CC=CC=c1cccc2cc3c(ccc4ccc(=C)cc43)cc12)C(=C)C=C')
[1.885089635848999] Updated in round 21! max:(0.1390728476821192, 'C=CC=CC(=CC=CC=c1cccc2cc3c(ccc4ccc(=CC=C)cc43)cc12)C(=C)C=C')
[1.993408441543579] Updated in round 22! max:(0.1456953642384106, 'C=CC=Cc1ccc(C=c2cccc3cc4c(ccc5ccc(=CC=C)cc54)cc23)c(=C)c1=C')
[2.0737953186035156] Updated in round 23! max:(0.152317880794702, 'C=CC=CC=Cc1ccc(C=c2cccc3cc4c(ccc5ccc(=CC=C)cc54)cc23)c(=C)c1=C')
[2.3183867931365967] Updated in round 24! max:(0.15894039735099338, 'C=CC=CC=CC=Cc1ccc(C=c2cccc3cc4c(ccc5ccc(=CC=C)cc54)cc23)c(=C)c1=C')
[2.6645965576171875] Updated in round 25! max:(0.16556291390728478, 'C=CC=CC=CC=Cc1ccc(C=c2cccc3cc4c(ccc5ccc(=CC=CC=C)cc54)cc23)c(=C)c1=C')
[3.244136095046997] Updated in round 26! max:(0.17218543046357615, 'C=CC=CC=CC=Cc1ccc(C=c2cccc3cc4c(ccc5cc(C=C)c(=CC=CC=C)cc54)cc23)c(=C)c1=C')
[3.4642629623413086] Updated in round 27! max:(0.17880794701986755, 'C=CC=CC=CC=Cc1ccc(C=c2cccc3cc4c(ccc5cc(C=C)c(=CC=CC=CC=C)cc54)cc23)c(=C)c1=C')
[4.534506320953369] Updated in round 28! max:(0.18543046357615894, 'C=CC=CC=CC=Cc1ccc(C=c2cccc3cc4c(ccc5cc(C=C)c(=CC=CC=C(C=C)C=C)cc54)cc23)c(=C)c1=C')
[4.69157075881958] Updated in round 29! max:(0.19205298013245034, 'C=CC(C=C)=CC=CC=c1cc2c(ccc3cc4c(=Cc5ccc(C=c6ccccc6=C)c(=C)c5=C)cccc4cc32)cc1C=C')
[5.120940446853638] Updated in round 30! max:(0.1986754966887417, 'C=CC(C=C)=CC=CC=c1cc2c(ccc3cc4c(ccc5cc6c(=C)c(C=c7ccccc7=C)ccc6cc54)cc32)cc1C=C')
[5.336514234542847] Updated in round 31! max:(0.2052980132450331, 'C=CC(C=C)=CC=CC=c1cc2c(ccc3cc4c(ccc5cc6c(=C)c(C=c7cccc(C=C)c7=C)ccc6cc54)cc32)cc1C=C')
[5.623446702957153] Updated in round 32! max:(0.2119205298013245, 'C=CC=Cc1cccc(=Cc2ccc3cc4c(ccc5cc6c(ccc7cc(C=C)c(=CC=CC=C(C=C)C=C)cc76)cc54)cc3c2=C)c1=C')
[6.022041082382202] Updated in round 33! max:(0.2185430463576159, 'C=CC=Cc1cccc(=Cc2ccc3cc4c(ccc5cc6c(ccc7cc8c(=C)c(C=C(C=C)C=C)ccc8cc76)cc54)cc3c2=C)c1=C')
[6.357127666473389] Updated in round 34! max:(0.2251655629139073, 'C=CC=Cc1cccc(=Cc2ccc3cc4c(ccc5cc6c(ccc7cc8c(=C)c(C=C(C=C)C(=C)C=C)ccc8cc76)cc54)cc3c2=C)c1=C')
[6.971292018890381] Updated in round 35! max:(0.23178807947019867, 'C=CC=Cc1ccc2cc3c(ccc4cc5c(ccc6cc7c(ccc8cc9c(=C)c(C=C(C=C)C(=C)C=C)ccc9cc87)cc65)cc43)cc2c1=C')
[7.442928791046143] Updated in round 36! max:(0.23841059602649006, 'C=CC(=C)C(C=C)=Cc1ccc2cc3c(ccc4cc5c(ccc6cc7c(ccc8cc9c(=C)c(C=C(C=C)C=C)ccc9cc87)cc65)cc43)cc2c1=C')
[7.869402170181274] Updated in round 37! max:(0.24503311258278146, 'C=CC(=C)C(C=C)=Cc1ccc2cc3c(ccc4cc5c(ccc6cc7c(ccc8cc9c(ccc%10cc(C=C)c(=C)cc%109)cc87)cc65)cc43)cc2c1=C')
[8.299190044403076] Updated in round 38! max:(0.25165562913907286, 'C=CC=Cc1cc2ccc3cc4c(ccc5cc6c(ccc7cc8c(ccc9cc%10c(=C)c(C=C(C=C)C(=C)C=C)ccc%10cc98)cc76)cc54)cc3c2cc1=C')
[9.209365844726562] Updated in round 39! max:(0.2582781456953642, 'C=CC=CC=Cc1cc2ccc3cc4c(ccc5cc6c(ccc7cc8c(ccc9cc%10c(=C)c(C=C(C=C)C(=C)C=C)ccc%10cc98)cc76)cc54)cc3c2cc1=C')
[9.84122347831726] Updated in round 40! max:(0.26490066225165565, 'C=CC=CC=Cc1cc2ccc3cc4c(ccc5cc6c(ccc7cc8c(ccc9cc%10c(=C)c(C=C(C=C)C(=C)C(=C)C=C)ccc%10cc98)cc76)cc54)cc3c2cc1=C')
[10.755932807922363] Updated in round 41! max:(0.271523178807947, 'C=CC=CC=CC=Cc1cc2ccc3cc4c(ccc5cc6c(ccc7cc8c(ccc9cc%10c(=C)c(C=C(C=C)C(=C)C(=C)C=C)ccc%10cc98)cc76)cc54)cc3c2cc1=C')
[12.886601209640503] Updated in round 42! max:(0.2781456953642384, 'C=CC=CC=C(C=C)C=Cc1cc2ccc3cc4c(ccc5cc6c(ccc7cc8c(ccc9cc%10c(=C)c(C=C(C=C)C(=C)C(=C)C=C)ccc%10cc98)cc76)cc54)cc3c2cc1=C')
[13.621750354766846] Updated in round 43! max:(0.2847682119205298, 'C=CC=CC=CC=C(C=C)C=Cc1cc2ccc3cc4c(ccc5cc6c(ccc7cc8c(ccc9cc%10c(=C)c(C=C(C=C)C(=C)C(=C)C=C)ccc%10cc98)cc76)cc54)cc3c2cc1=C')
[14.783559560775757] Updated in round 44! max:(0.2913907284768212, 'C=CC=c1cccc(C=Cc2cc3ccc4cc5c(ccc6cc7c(ccc8cc9c(ccc%10cc%11c(=C)c(C=C(C=C)C(=C)C(=C)C=C)ccc%11cc%109)cc87)cc65)cc4c3cc2=C)c1=C')
[15.497286081314087] Updated in round 45! max:(0.2980132450331126, 'C=CC=c1cccc(C=Cc2cc3ccc4cc5c(ccc6cc7c(ccc8cc9c(ccc%10cc%11c(=C)c(C=c%12cccc(C=C)c%12=C)ccc%11cc%109)cc87)cc65)cc4c3cc2=C)c1=C')
[16.460012912750244] Updated in round 46! max:(0.304635761589404, 'C=CC=c1cccc(C=C(C=C)c2cc3ccc4cc5c(ccc6cc7c(ccc8cc9c(ccc%10cc%11c(=C)c(C=c%12cccc(C=C)c%12=C)ccc%11cc%109)cc87)cc65)cc4c3cc2=C)c1=C')
[17.50221872329712] Updated in round 47! max:(0.31125827814569534, 'C=CC=c1c(C=C)ccc(C=C(C=C)c2cc3ccc4cc5c(ccc6cc7c(ccc8cc9c(ccc%10cc%11c(=C)c(C=c%12cccc(C=C)c%12=C)ccc%11cc%109)cc87)cc65)cc4c3cc2=C)c1=C')
[18.240853786468506] Updated in round 48! max:(0.31788079470198677, 'C=CC(=Cc1ccc2ccc(=C)cc2c1=C)c1cc2ccc3cc4c(ccc5cc6c(ccc7cc8c(ccc9cc%10c(=C)c(C=c%11cccc(C=C)c%11=C)ccc%10cc98)cc76)cc54)cc3c2cc1=C')
[19.2382869720459] Updated in round 49! max:(0.32450331125827814, 'C=CC=Cc1cccc(=Cc2ccc3cc4c(ccc5cc6c(ccc7cc8c(ccc9cc%10c(ccc%11cc(C(C=C)=Cc%12ccc%13ccc(=C)cc%13c%12=C)c(=C)cc%11%10)cc98)cc76)cc54)cc3c2=C)c1=C')
[20.1948721408844] Updated in round 50! max:(0.33112582781456956, 'C=CC=CC=Cc1cccc(=Cc2ccc3cc4c(ccc5cc6c(ccc7cc8c(ccc9cc%10c(ccc%11cc(C(C=C)=Cc%12ccc%13ccc(=C)cc%13c%12=C)c(=C)cc%11%10)cc98)cc76)cc54)cc3c2=C)c1=C')
[24.143381357192993] Updated in round 51! max:(0.33774834437086093, 'C=CC=CC(C=C)=Cc1cccc(=Cc2ccc3cc4c(ccc5cc6c(ccc7cc8c(ccc9cc%10c(ccc%11cc(C(C=C)=Cc%12ccc%13ccc(=C)cc%13c%12=C)c(=C)cc%11%10)cc98)cc76)cc54)cc3c2=C)c1=C')
[25.76932716369629] Updated in round 52! max:(0.3443708609271523, 'C=CC=Cc1cc2cccc(=Cc3ccc4cc5c(ccc6cc7c(ccc8cc9c(ccc%10cc%11c(ccc%12cc(C(C=C)=Cc%13ccc%14ccc(=C)cc%14c%13=C)c(=C)cc%12%11)cc%109)cc87)cc65)cc4c3=C)c2cc1=C')
[26.710188627243042] Updated in round 53! max:(0.3509933774834437, 'C=CC=Cc1cc2cccc(=Cc3ccc4cc5c(ccc6cc7c(ccc8cc9c(ccc%10cc%11c(ccc%12cc(-c%13cc%14ccc%15ccc(=C)cc%15c%14cc%13=C)c(=C)cc%12%11)cc%109)cc87)cc65)cc4c3=C)c2cc1=C')
[27.674930095672607] Updated in round 54! max:(0.3576158940397351, 'C=CC=Cc1cc2cccc(=Cc3ccc4cc5c(ccc6cc7c(ccc8cc9c(ccc%10cc%11c(ccc%12cc(-c%13cc%14ccc%15cc(C=C)c(=C)cc%15c%14cc%13=C)c(=C)cc%12%11)cc%109)cc87)cc65)cc4c3=C)c2cc1=C')
[29.48215937614441] Updated in round 55! max:(0.36423841059602646, 'C=CC=Cc1cc2cccc(=Cc3ccc4cc5c(ccc6cc7c(ccc8cc9c(ccc%10cc%11c(ccc%12cc(-c%13cc%14ccc%15cc(C(=C)C=C)c(=C)cc%15c%14cc%13=C)c(=C)cc%12%11)cc%109)cc87)cc65)cc4c3=C)c2cc1=C')
[32.08018112182617] Updated in round 56! max:(0.3708609271523179, 'C=CC=Cc1cc2cccc(=Cc3ccc4cc5c(ccc6cc7c(ccc8cc9c(ccc%10cc%11c(ccc%12cc%13c(ccc%14cc%15c(ccc%16cc(C(=C)C=C)c(=C)cc%16%15)cc%14%13)cc%12%11)cc%109)cc87)cc65)cc4c3=C)c2cc1=C')
[34.13605546951294] Updated in round 57! max:(0.37748344370860926, 'C=CC=Cc1cc2cccc(=Cc3ccc4cc5c(ccc6cc7c(ccc8cc9c(ccc%10cc%11c(ccc%12cc%13c(ccc%14cc%15c(ccc%16cc(C(=C)C(=C)C=C)c(=C)cc%16%15)cc%14%13)cc%12%11)cc%109)cc87)cc65)cc4c3=C)c2cc1=C')
[36.816667795181274] Updated in round 58! max:(0.3841059602649007, 'C=CC(=C)C=Cc1cc2cccc(=Cc3ccc4cc5c(ccc6cc7c(ccc8cc9c(ccc%10cc%11c(ccc%12cc%13c(ccc%14cc%15c(ccc%16cc(C(=C)C(=C)C=C)c(=C)cc%16%15)cc%14%13)cc%12%11)cc%109)cc87)cc65)cc4c3=C)c2cc1=C')
[38.09159755706787] Updated in round 59! max:(0.39072847682119205, 'C=CC=c1cc2c(=Cc3ccc4cc5c(ccc6cc7c(ccc8cc9c(ccc%10cc%11c(ccc%12cc%13c(ccc%14cc%15c(ccc%16cc(C(=C)C(=C)C=C)c(=C)cc%16%15)cc%14%13)cc%12%11)cc%109)cc87)cc65)cc4c3=C)cccc2cc1C=CC(=C)C=C')
[39.35276436805725] Updated in round 60! max:(0.3973509933774834, 'C=CC=CC(=C)C(=C)c1cc2ccc3cc4c(ccc5cc6c(ccc7cc8c(ccc9cc%10c(ccc%11cc%12c(ccc%13cc%14c(=C)c(C=c%15cccc%16cc(C=CC(=C)C=C)c(=CC=C)cc%15%16)ccc%14cc%13%12)cc%11%10)cc98)cc76)cc54)cc3c2cc1=C')
[41.31876039505005] Updated in round 61! max:(0.40397350993377484, 'C=CC=c1cc2c(=Cc3ccc4cc5c(ccc6cc7c(ccc8cc9c(ccc%10cc%11c(ccc%12cc%13c(ccc%14cc%15c(ccc%16cc(C(=C)C(=C)C=C(C=C)C=C)c(=C)cc%16%15)cc%14%13)cc%12%11)cc%109)cc87)cc65)cc4c3=C)cccc2cc1C=CC(=C)C=C')
[42.824249029159546] Updated in round 62! max:(0.4105960264900662, 'C=CC=CC(C=C)=CC(=C)C(=C)c1cc2ccc3cc4c(ccc5cc6c(ccc7cc8c(ccc9cc%10c(ccc%11cc%12c(ccc%13cc%14c(=C)c(C=c%15cccc%16cc(C=CC(=C)C=C)c(=CC=C)cc%15%16)ccc%14cc%13%12)cc%11%10)cc98)cc76)cc54)cc3c2cc1=C')
[45.61343169212341] Updated in round 63! max:(0.41721854304635764, 'C=CC=c1cc(-c2cc3ccc4cc5c(ccc6cc7c(ccc8cc9c(ccc%10cc%11c(ccc%12cc%13c(ccc%14cc%15c(=C)c(C=c%16cccc%17cc(C=CC(=C)C=C)c(=CC=C)cc%16%17)ccc%15cc%14%13)cc%12%11)cc%109)cc87)cc65)cc4c3cc2=C)c(=C)cc1C=C')
[47.36333131790161] Updated in round 64! max:(0.423841059602649, 'C=CC=CC=c1cc(-c2cc3ccc4cc5c(ccc6cc7c(ccc8cc9c(ccc%10cc%11c(ccc%12cc%13c(ccc%14cc%15c(=C)c(C=c%16cccc%17cc(C=CC(=C)C=C)c(=CC=C)cc%16%17)ccc%15cc%14%13)cc%12%11)cc%109)cc87)cc65)cc4c3cc2=C)c(=C)cc1C=C')
[54.43222093582153] Updated in round 65! max:(0.4304635761589404, 'C=CC=CC=CC=c1cc(-c2cc3ccc4cc5c(ccc6cc7c(ccc8cc9c(ccc%10cc%11c(ccc%12cc%13c(ccc%14cc%15c(=C)c(C=c%16cccc%17cc(C=CC(=C)C=C)c(=CC=C)cc%16%17)ccc%15cc%14%13)cc%12%11)cc%109)cc87)cc65)cc4c3cc2=C)c(=C)cc1C=C')
[58.150275468826294] Updated in round 66! max:(0.4370860927152318, 'C=CC=CC=CC=c1cc2c(ccc3cc4c(ccc5cc6c(ccc7cc8c(ccc9cc%10c(ccc%11cc%12c(ccc%13cc%14c(ccc%15cc%16c(=C)c(C=c%17cccc%18cc(C=CC(=C)C=C)c(=CC=C)cc%17%18)ccc%16cc%15%14)cc%13%12)cc%11%10)cc98)cc76)cc54)cc32)cc1C=C')
[61.244187355041504] Updated in round 67! max:(0.44370860927152317, 'C=CC=Cc1ccc2cc3c(ccc4cc5c(ccc6cc7c(ccc8cc9c(ccc%10cc%11c(ccc%12cc%13c(ccc%14cc%15c(ccc%16cc%17c(=C)c(C=c%18cccc%19cc(C=CC(=C)C=C)c(=CC=C)cc%18%19)ccc%17cc%16%15)cc%14%13)cc%12%11)cc%109)cc87)cc65)cc43)cc2c1=C')
[64.40971827507019] Updated in round 68! max:(0.4503311258278146, 'C=CC=c1cc2c(=Cc3ccc4cc5c(ccc6cc7c(ccc8cc9c(ccc%10cc%11c(ccc%12cc%13c(ccc%14cc%15c(ccc%16cc%17c(ccc%18cc%19c(=C)c(C=CC(=C)C=C)ccc%19cc%18%17)cc%16%15)cc%14%13)cc%12%11)cc%109)cc87)cc65)cc4c3=C)cccc2cc1C=CC(=C)C=C')
[68.57160091400146] Updated in round 69! max:(0.45695364238410596, 'C=CC=C(C=C)C=Cc1ccc2cc3c(ccc4cc5c(ccc6cc7c(ccc8cc9c(ccc%10cc%11c(ccc%12cc%13c(ccc%14cc%15c(ccc%16cc%17c(=C)c(C=c%18cccc%19cc(C=CC(=C)C=C)c(=CC=C)cc%18%19)ccc%17cc%16%15)cc%14%13)cc%12%11)cc%109)cc87)cc65)cc43)cc2c1=C')
[72.04800248146057] Updated in round 70! max:(0.46357615894039733, 'C=CC=C(C=C)C=Cc1ccc2cc3c(ccc4cc5c(ccc6cc7c(ccc8cc9c(ccc%10cc%11c(ccc%12cc%13c(ccc%14cc%15c(ccc%16cc%17c(=C)c(C=c%18cccc%19cc(C=CC(=C)C=C)c(=CC=C)cc%18%19)ccc%17cc%16%15)cc%14%13)cc%12%11)cc%109)cc87)cc65)cc43)cc2c1=CC=C')
[77.56244349479675] Updated in round 71! max:(0.47019867549668876, 'C=CC=CC=C(C=C)C=Cc1ccc2cc3c(ccc4cc5c(ccc6cc7c(ccc8cc9c(ccc%10cc%11c(ccc%12cc%13c(ccc%14cc%15c(ccc%16cc%17c(=C)c(C=c%18cccc%19cc(C=CC(=C)C=C)c(=CC=C)cc%18%19)ccc%17cc%16%15)cc%14%13)cc%12%11)cc%109)cc87)cc65)cc43)cc2c1=CC=C')
[86.2846257686615] Updated in round 72! max:(0.4768211920529801, 'C=CC=CC=C(C=Cc1ccc2cc3c(ccc4cc5c(ccc6cc7c(ccc8cc9c(ccc%10cc%11c(ccc%12cc%13c(ccc%14cc%15c(ccc%16cc%17c(=C)c(C=c%18cccc%19cc(C=CC(=C)C=C)c(=CC=C)cc%18%19)ccc%17cc%16%15)cc%14%13)cc%12%11)cc%109)cc87)cc65)cc43)cc2c1=CC=C)C(=C)C=C')
[90.95225930213928] Updated in round 73! max:(0.48344370860927155, 'C=CC=CC=CC=C(C=Cc1ccc2cc3c(ccc4cc5c(ccc6cc7c(ccc8cc9c(ccc%10cc%11c(ccc%12cc%13c(ccc%14cc%15c(ccc%16cc%17c(=C)c(C=c%18cccc%19cc(C=CC(=C)C=C)c(=CC=C)cc%18%19)ccc%17cc%16%15)cc%14%13)cc%12%11)cc%109)cc87)cc65)cc43)cc2c1=CC=C)C(=C)C=C')
[95.33996176719666] Updated in round 74! max:(0.4900662251655629, 'C=CC=CC=CC=C(C=Cc1ccc2cc3c(ccc4cc5c(ccc6cc7c(ccc8cc9c(ccc%10cc%11c(ccc%12cc%13c(ccc%14cc%15c(ccc%16cc%17c(ccc%18cc%19c(ccc%20cc(C=CC(=C)C=C)c(=CC=C)cc%20%19)cc%18%17)cc%16%15)cc%14%13)cc%12%11)cc%109)cc87)cc65)cc43)cc2c1=CC=C)C(=C)C=C')
[103.34012079238892] Updated in round 75! max:(0.4966887417218543, 'C=CC=CC=CC=CC=C(C=Cc1ccc2cc3c(ccc4cc5c(ccc6cc7c(ccc8cc9c(ccc%10cc%11c(ccc%12cc%13c(ccc%14cc%15c(ccc%16cc%17c(ccc%18cc%19c(ccc%20cc(C=CC(=C)C=C)c(=CC=C)cc%20%19)cc%18%17)cc%16%15)cc%14%13)cc%12%11)cc%109)cc87)cc65)cc43)cc2c1=CC=C)C(=C)C=C')
[110.8654465675354] Updated in round 76! max:(0.5033112582781457, 'C=CC=CC=CC=CC=C(C=Cc1ccc2cc3c(ccc4cc5c(ccc6cc7c(ccc8cc9c(ccc%10cc%11c(ccc%12cc%13c(ccc%14cc%15c(ccc%16cc%17c(ccc%18cc%19c(ccc%20cc(C=CC(C=C)=CC=C)c(=CC=C)cc%20%19)cc%18%17)cc%16%15)cc%14%13)cc%12%11)cc%109)cc87)cc65)cc43)cc2c1=CC=C)C(=C)C=C')
[135.3608500957489] Updated in round 77! max:(0.5099337748344371, 'C=CC=CC=CC=CC=C(C(=C)C=C)c1cc2ccc3cc4c(ccc5cc6c(ccc7cc8c(ccc9cc%10c(ccc%11cc%12c(ccc%13cc%14c(ccc%15cc%16c(ccc%17cc%18c(ccc%19cc%20c(ccc%21cc(C=CC(C=C)=CC=C)c(=CC=C)cc%21%20)cc%19%18)cc%17%16)cc%15%14)cc%13%12)cc%11%10)cc98)cc76)cc54)cc3c2cc1=C')
[142.78590321540833] Updated in round 78! max:(0.5165562913907285, 'C=CC=CC=CC=CC=C(C(=C)C=C)c1cc2ccc3cc4c(ccc5cc6c(ccc7cc8c(ccc9cc%10c(ccc%11cc%12c(ccc%13cc%14c(ccc%15cc%16c(ccc%17cc%18c(ccc%19cc%20c(ccc%21cc(C=CC(=CC=C)C(=C)C=C)c(=CC=C)cc%21%20)cc%19%18)cc%17%16)cc%15%14)cc%13%12)cc%11%10)cc98)cc76)cc54)cc3c2cc1=C')
[148.65689492225647] Updated in round 79! max:(0.5231788079470199, 'C=CC=CC=CC=CC=CC=C(C(=C)C=C)c1cc2ccc3cc4c(ccc5cc6c(ccc7cc8c(ccc9cc%10c(ccc%11cc%12c(ccc%13cc%14c(ccc%15cc%16c(ccc%17cc%18c(ccc%19cc%20c(ccc%21cc(C=CC(=CC=C)C(=C)C=C)c(=CC=C)cc%21%20)cc%19%18)cc%17%16)cc%15%14)cc%13%12)cc%11%10)cc98)cc76)cc54)cc3c2cc1=C')
[155.30024909973145] Updated in round 80! max:(0.5298013245033113, 'C=CC=CC=CC=CC=CC=c1c(C=C)ccc2cc3c(ccc4cc5c(ccc6cc7c(ccc8cc9c(ccc%10cc%11c(ccc%12cc%13c(ccc%14cc%15c(ccc%16cc%17c(ccc%18cc%19c(ccc%20cc%21c(ccc%22cc(C=CC(=CC=C)C(=C)C=C)c(=CC=C)cc%22%21)cc%20%19)cc%18%17)cc%16%15)cc%14%13)cc%12%11)cc%109)cc87)cc65)cc43)cc12')
[162.8281614780426] Updated in round 81! max:(0.5364238410596026, 'C=CC=CC=c1cccccc2c(cc1)ccc1cc3c(ccc4cc5c(ccc6cc7c(ccc8cc9c(ccc%10cc%11c(ccc%12cc%13c(ccc%14cc%15c(ccc%16cc%17c(ccc%18cc%19c(ccc%20cc%21c(ccc%22cc(C=CC(=CC=C)C(=C)C=C)c(=CC=C)cc%22%21)cc%20%19)cc%18%17)cc%16%15)cc%14%13)cc%12%11)cc%109)cc87)cc65)cc43)cc12')
[171.75745105743408] Updated in round 82! max:(0.543046357615894, 'C=CC=C(C=C)C=c1cccccc2c(cc1)ccc1cc3c(ccc4cc5c(ccc6cc7c(ccc8cc9c(ccc%10cc%11c(ccc%12cc%13c(ccc%14cc%15c(ccc%16cc%17c(ccc%18cc%19c(ccc%20cc%21c(ccc%22cc(C=CC(=CC=C)C(=C)C=C)c(=CC=C)cc%22%21)cc%20%19)cc%18%17)cc%16%15)cc%14%13)cc%12%11)cc%109)cc87)cc65)cc43)cc12')
[181.39456176757812] Updated in round 83! max:(0.5496688741721855, 'C=CC=C(C=C)C=c1cccccc2c(cc1)ccc1cc3c(ccc4cc5c(ccc6cc7c(ccc8cc9c(ccc%10cc%11c(ccc%12cc%13c(ccc%14cc%15c(ccc%16cc%17c(ccc%18cc%19c(ccc%20cc%21c(ccc%22cc%23c(=CC(=CC=C)C(=C)C=C)cccc%23cc%22%21)cc%20%19)cc%18%17)cc%16%15)cc%14%13)cc%12%11)cc%109)cc87)cc65)cc43)cc12')
[190.89058208465576] Updated in round 84! max:(0.5562913907284768, 'C=CC=CC=C(C=C)C=c1cccccc2c(cc1)ccc1cc3c(ccc4cc5c(ccc6cc7c(ccc8cc9c(ccc%10cc%11c(ccc%12cc%13c(ccc%14cc%15c(ccc%16cc%17c(ccc%18cc%19c(ccc%20cc%21c(ccc%22cc%23c(=CC(=CC=C)C(=C)C=C)cccc%23cc%22%21)cc%20%19)cc%18%17)cc%16%15)cc%14%13)cc%12%11)cc%109)cc87)cc65)cc43)cc12')
[204.7087743282318] Updated in round 85! max:(0.5629139072847682, 'C=CC=C(C=c1cccc2cc3c(ccc4cc5c(ccc6cc7c(ccc8cc9c(ccc%10cc%11c(ccc%12cc%13c(ccc%14cc%15c(ccc%16cc%17c(ccc%18cc%19c(ccc%20cc%21c(ccc%22cc%23c(ccc%24ccc(=Cc%25cccc(=C)c%25=C)cccccc%24%23)cc%22%21)cc%20%19)cc%18%17)cc%16%15)cc%14%13)cc%12%11)cc%109)cc87)cc65)cc43)cc12)C(=C)C=C')
[215.49374437332153] Updated in round 86! max:(0.5695364238410596, 'C=CC=CC(=C)C(=CC=C)C=c1cccc2cc3c(ccc4cc5c(ccc6cc7c(ccc8cc9c(ccc%10cc%11c(ccc%12cc%13c(ccc%14cc%15c(ccc%16cc%17c(ccc%18cc%19c(ccc%20cc%21c(ccc%22cc%23c(ccc%24ccc(=Cc%25cccc(=C)c%25=C)cccccc%24%23)cc%22%21)cc%20%19)cc%18%17)cc%16%15)cc%14%13)cc%12%11)cc%109)cc87)cc65)cc43)cc12')
[225.3047046661377] Updated in round 87! max:(0.5761589403973509, 'C=CC=CC=C(C=c1cccc2cc3c(ccc4cc5c(ccc6cc7c(ccc8cc9c(ccc%10cc%11c(ccc%12cc%13c(ccc%14cc%15c(ccc%16cc%17c(ccc%18cc%19c(ccc%20cc%21c(ccc%22cc%23c(ccc%24ccc(=Cc%25cccc(=C)c%25=C)cccccc%24%23)cc%22%21)cc%20%19)cc%18%17)cc%16%15)cc%14%13)cc%12%11)cc%109)cc87)cc65)cc43)cc12)C(=C)C=CC=C')
[235.3177773952484] Updated in round 88! max:(0.5827814569536424, 'C=CC=CC=CC=C(C=c1cccc2cc3c(ccc4cc5c(ccc6cc7c(ccc8cc9c(ccc%10cc%11c(ccc%12cc%13c(ccc%14cc%15c(ccc%16cc%17c(ccc%18cc%19c(ccc%20cc%21c(ccc%22cc%23c(ccc%24ccc(=Cc%25cccc(=C)c%25=C)cccccc%24%23)cc%22%21)cc%20%19)cc%18%17)cc%16%15)cc%14%13)cc%12%11)cc%109)cc87)cc65)cc43)cc12)C(=C)C=CC=C')
[251.40821290016174] Updated in round 89! max:(0.5894039735099338, 'C=CC=CC=CC=C(C=c1cccc2cc3c(ccc4cc5c(ccc6cc7c(ccc8cc9c(ccc%10cc%11c(ccc%12cc%13c(ccc%14cc%15c(ccc%16cc%17c(ccc%18cc%19c(ccc%20cc%21c(ccc%22cc%23c(ccc%24ccc%25cc%26cccc(=C)c%26cc%25ccccc%24%23)cc%22%21)cc%20%19)cc%18%17)cc%16%15)cc%14%13)cc%12%11)cc%109)cc87)cc65)cc43)cc12)C(=C)C=CC=C')
[272.76592993736267] Updated in round 90! max:(0.5960264900662252, 'C=CC=CC=CC=C(C=c1cccc2cc3c(ccc4cc5c(ccc6cc7c(ccc8cc9c(ccc%10cc%11c(ccc%12cc%13c(ccc%14cc%15c(ccc%16cc%17c(ccc%18cc%19c(ccc%20cc%21c(ccc%22cc%23c(ccc%24ccc%25cc%26ccc(C=C)c(=C)c%26cc%25ccccc%24%23)cc%22%21)cc%20%19)cc%18%17)cc%16%15)cc%14%13)cc%12%11)cc%109)cc87)cc65)cc43)cc12)C(=C)C=CC=C')
[293.95136642456055] Updated in round 91! max:(0.6026490066225165, 'C=CC=CC=CC=C(C=c1cccc2cc3c(ccc4cc5c(ccc6cc7c(ccc8cc9c(ccc%10cc%11c(ccc%12cc%13c(ccc%14cc%15c(ccc%16cc%17c(ccc%18cc%19c(ccc%20cc%21c(ccc%22cc%23c(ccc%24ccc%25cc%26ccc(C=CC=C)c(=C)c%26cc%25ccccc%24%23)cc%22%21)cc%20%19)cc%18%17)cc%16%15)cc%14%13)cc%12%11)cc%109)cc87)cc65)cc43)cc12)C(=C)C=CC=C')
[320.03564500808716] Updated in round 92! max:(0.609271523178808, 'C=CC=CC(=C)C(=CC=CC=CC(=C)C=C)C=c1cccc2cc3c(ccc4cc5c(ccc6cc7c(ccc8cc9c(ccc%10cc%11c(ccc%12cc%13c(ccc%14cc%15c(ccc%16cc%17c(ccc%18cc%19c(ccc%20cc%21c(ccc%22cc%23c(ccc%24ccc%25cc%26ccc(C=CC=C)c(=C)c%26cc%25ccccc%24%23)cc%22%21)cc%20%19)cc%18%17)cc%16%15)cc%14%13)cc%12%11)cc%109)cc87)cc65)cc43)cc12')
[338.34430146217346] Updated in round 93! max:(0.6158940397350994, 'C=CC=Cc1ccc2cc3ccc4ccc5cc6c(ccc7cc8c(ccc9cc%10c(ccc%11cc%12c(ccc%13cc%14c(ccc%15cc%16c(ccc%17cc%18c(ccc%19cc%20c(ccc%21cc%22c(ccc%23cc%24c(ccc%25cc%26c(=Cc%27ccccc(C(=C)C=C)c(=C)ccc%27=C)cccc%26cc%25%24)cc%23%22)cc%21%20)cc%19%18)cc%17%16)cc%15%14)cc%13%12)cc%11%10)cc98)cc76)cc5c4ccccc3cc2c1=C')
[357.19312286376953] Updated in round 94! max:(0.6225165562913907, 'C=CC(=C)C=Cc1ccc2cc3ccc4ccc5cc6c(ccc7cc8c(ccc9cc%10c(ccc%11cc%12c(ccc%13cc%14c(ccc%15cc%16c(ccc%17cc%18c(ccc%19cc%20c(ccc%21cc%22c(ccc%23cc%24c(ccc%25cc%26c(=Cc%27ccccc(C(=C)C=C)c(=C)ccc%27=C)cccc%26cc%25%24)cc%23%22)cc%21%20)cc%19%18)cc%17%16)cc%15%14)cc%13%12)cc%11%10)cc98)cc76)cc5c4ccccc3cc2c1=C')
[383.1082937717438] Updated in round 95! max:(0.6291390728476821, 'C=CC=C(C=C)C=Cc1ccc2cc3ccc4ccc5cc6c(ccc7cc8c(ccc9cc%10c(ccc%11cc%12c(ccc%13cc%14c(ccc%15cc%16c(ccc%17cc%18c(ccc%19cc%20c(ccc%21cc%22c(ccc%23cc%24c(ccc%25cc%26c(=Cc%27ccccc(C(=C)C=C)c(=C)ccc%27=C)cccc%26cc%25%24)cc%23%22)cc%21%20)cc%19%18)cc%17%16)cc%15%14)cc%13%12)cc%11%10)cc98)cc76)cc5c4ccccc3cc2c1=C')
[407.4201102256775] Updated in round 96! max:(0.6357615894039735, 'C=CC=C(C=C)C=Cc1ccc2cc3ccc4ccc5cc6c(ccc7cc8c(ccc9cc%10c(ccc%11cc%12c(ccc%13cc%14c(ccc%15cc%16c(ccc%17cc%18c(ccc%19cc%20c(ccc%21cc%22c(ccc%23cc%24c(ccc%25cc%26c(=Cc%27ccccc(C(C=C)=CC=C)c(=C)ccc%27=C)cccc%26cc%25%24)cc%23%22)cc%21%20)cc%19%18)cc%17%16)cc%15%14)cc%13%12)cc%11%10)cc98)cc76)cc5c4ccccc3cc2c1=C')
[425.651962518692] Updated in round 97! max:(0.6423841059602649, 'C=CC=C(C=C)C=Cc1ccc2cc3ccc4ccc5cc6c(ccc7cc8c(ccc9cc%10c(ccc%11cc%12c(ccc%13cc%14c(ccc%15cc%16c(ccc%17cc%18c(ccc%19cc%20c(ccc%21cc%22c(ccc%23cc%24c(ccc%25cc%26c(ccc%27cc%28ccc(=C)c(C(C=C)=CC=C)ccccc%28cc%27%26)cc%25%24)cc%23%22)cc%21%20)cc%19%18)cc%17%16)cc%15%14)cc%13%12)cc%11%10)cc98)cc76)cc5c4ccccc3cc2c1=C')
[464.70071387290955] Updated in round 98! max:(0.6490066225165563, 'C=CC=C(C=C)C(C=C)=Cc1ccc2cc3ccc4ccc5cc6c(ccc7cc8c(ccc9cc%10c(ccc%11cc%12c(ccc%13cc%14c(ccc%15cc%16c(ccc%17cc%18c(ccc%19cc%20c(ccc%21cc%22c(ccc%23cc%24c(ccc%25cc%26c(ccc%27cc%28ccc(=C)c(C(C=C)=CC=C)ccccc%28cc%27%26)cc%25%24)cc%23%22)cc%21%20)cc%19%18)cc%17%16)cc%15%14)cc%13%12)cc%11%10)cc98)cc76)cc5c4ccccc3cc2c1=C')
[491.59182047843933] Updated in round 99! max:(0.6556291390728477, 'C=CC=C(C=C)C(C=C)=Cc1ccc2cc3ccc4ccc5cc6c(ccc7cc8c(ccc9cc%10c(ccc%11cc%12c(ccc%13cc%14c(ccc%15cc%16c(ccc%17cc%18c(ccc%19cc%20c(ccc%21cc%22c(ccc%23cc%24c(ccc%25cc%26c(ccc%27cc%28ccc(=C)c(C(=CC=C)C(=C)C=C)ccccc%28cc%27%26)cc%25%24)cc%23%22)cc%21%20)cc%19%18)cc%17%16)cc%15%14)cc%13%12)cc%11%10)cc98)cc76)cc5c4ccccc3cc2c1=C')
[520.473150730133] Updated in round 100! max:(0.6622516556291391, 'C=CC=C(C=C)C(C=C)=Cc1ccc2cc3ccc4ccc5cc6c(ccc7cc8c(ccc9cc%10c(ccc%11cc%12c(ccc%13cc%14c(ccc%15cc%16c(ccc%17cc%18c(ccc%19cc%20c(ccc%21cc%22c(ccc%23cc%24c(ccc%25cc%26c(ccc%27cc%28ccc%29ccc(C=C)c(=CC=C)c%29ccccc%28cc%27%26)cc%25%24)cc%23%22)cc%21%20)cc%19%18)cc%17%16)cc%15%14)cc%13%12)cc%11%10)cc98)cc76)cc5c4ccccc3cc2c1=C')
[563.374169588089] Updated in round 101! max:(0.6688741721854304, 'C=CC=Cc1ccc2ccc3cc4ccc5cc6c(ccc7cc8c(ccc9cc%10c(ccc%11cc%12c(ccc%13cc%14c(ccc%15cc%16c(ccc%17cc%18c(ccc%19cc%20c(ccc%21cc%22c(ccc%23cc%24c(ccc%25cc%26c(ccc%27ccc%28cc%29ccc(C=C(C=C)C(C=C)=CC=C)c(=C)c%29cc%28ccccc%27%26)cc%25%24)cc%23%22)cc%21%20)cc%19%18)cc%17%16)cc%15%14)cc%13%12)cc%11%10)cc98)cc76)cc5c4cc3ccccc2c1=CC=C')
[599.4254920482635] Updated in round 102! max:(0.6754966887417219, 'C=CC=Cc1ccc2cc3c(ccc4cc5c(ccc6cc7c(ccc8cc9c(ccc%10cc%11c(ccc%12cc%13c(ccc%14cc%15c(ccc%16cc%17c(ccc%18cc%19c(ccc%20cc%21c(ccc%22cc%23c(ccc%24cc%25c(ccc%26cc%27c(ccc%28ccc%29cc%30ccc(C=C(C=C)C(C=C)=CC=C)c(=C)c%30cc%29ccccc%28%27)cc%26%25)cc%24%23)cc%22%21)cc%20%19)cc%18%17)cc%16%15)cc%14%13)cc%12%11)cc%109)cc87)cc65)cc43)cc2c1=CC=C')
[644.9412672519684] Updated in round 103! max:(0.6821192052980133, 'C=CC=Cc1ccc2cc3c(ccc4cc5c(ccc6cc7c(ccc8cc9c(ccc%10cc%11c(ccc%12cc%13c(ccc%14cc%15c(ccc%16cc%17c(ccc%18cc%19c(ccc%20cc%21c(ccc%22cc%23c(ccc%24cc%25c(ccc%26cc%27c(ccc%28cc%29c(ccc%30cc%31c(=C)c(C=C(C=C)C(C=C)=CC=C)ccc%31cc%30%29)cc%28%27)cc%26%25)cc%24%23)cc%22%21)cc%20%19)cc%18%17)cc%16%15)cc%14%13)cc%12%11)cc%109)cc87)cc65)cc43)cc2c1=CC=C')
[693.6217377185822] Updated in round 104! max:(0.6887417218543046, 'C=CC=C(C=C)C(C=C)=Cc1ccc2cc3c(ccc4cc5c(ccc6cc7c(ccc8cc9c(ccc%10cc%11c(ccc%12cc%13c(ccc%14cc%15c(ccc%16cc%17c(ccc%18cc%19c(ccc%20cc%21c(ccc%22cc%23c(ccc%24cc%25c(ccc%26cc%27c(ccc%28cc%29c(ccc%30cc%31c(=CC=C)c(C=CC(=C)C=C)ccc%31cc%30%29)cc%28%27)cc%26%25)cc%24%23)cc%22%21)cc%20%19)cc%18%17)cc%16%15)cc%14%13)cc%12%11)cc%109)cc87)cc65)cc43)cc2c1=C')
[730.0052535533905] Updated in round 105! max:(0.695364238410596, 'C=CC=c1ccccc1=Cc1ccc2cc3c(ccc4cc5c(ccc6cc7c(ccc8cc9c(ccc%10cc%11c(ccc%12cc%13c(ccc%14cc%15c(ccc%16cc%17c(ccc%18cc%19c(ccc%20cc%21c(ccc%22cc%23c(ccc%24cc%25c(ccc%26cc%27c(ccc%28cc%29c(ccc%30cc%31c(=CC=C)c(C=CC(=C)C=C)ccc%31cc%30%29)cc%28%27)cc%26%25)cc%24%23)cc%22%21)cc%20%19)cc%18%17)cc%16%15)cc%14%13)cc%12%11)cc%109)cc87)cc65)cc43)cc2c1=C')
[769.9145102500916] Updated in round 106! max:(0.7019867549668874, 'C=CC=C(C=C)C=Cc1ccc2cc3c(ccc4cc5c(ccc6cc7c(ccc8cc9c(ccc%10cc%11c(ccc%12cc%13c(ccc%14cc%15c(ccc%16cc%17c(ccc%18cc%19c(ccc%20cc%21c(ccc%22cc%23c(ccc%24cc%25c(ccc%26cc%27c(ccc%28cc%29c(ccc%30cc%31c(=C)c(C=c%32ccccc%32=CC=C)ccc%31cc%30%29)cc%28%27)cc%26%25)cc%24%23)cc%22%21)cc%20%19)cc%18%17)cc%16%15)cc%14%13)cc%12%11)cc%109)cc87)cc65)cc43)cc2c1=CC=C')
[815.3048124313354] Updated in round 107! max:(0.7086092715231788, 'C=CC=CC=C(C=C)C=Cc1ccc2cc3c(ccc4cc5c(ccc6cc7c(ccc8cc9c(ccc%10cc%11c(ccc%12cc%13c(ccc%14cc%15c(ccc%16cc%17c(ccc%18cc%19c(ccc%20cc%21c(ccc%22cc%23c(ccc%24cc%25c(ccc%26cc%27c(ccc%28cc%29c(ccc%30cc%31c(=C)c(C=c%32ccccc%32=CC=C)ccc%31cc%30%29)cc%28%27)cc%26%25)cc%24%23)cc%22%21)cc%20%19)cc%18%17)cc%16%15)cc%14%13)cc%12%11)cc%109)cc87)cc65)cc43)cc2c1=CC=C')
[868.9657530784607] Updated in round 108! max:(0.7152317880794702, 'C=CC=CC=C(C=C)C=Cc1ccc2cc3c(ccc4cc5c(ccc6cc7c(ccc8cc9c(ccc%10cc%11c(ccc%12cc%13c(ccc%14cc%15c(ccc%16cc%17c(ccc%18cc%19c(ccc%20cc%21c(ccc%22cc%23c(ccc%24cc%25c(ccc%26cc%27c(ccc%28cc%29c(ccc%30cc%31c(=C)c(C=c%32ccccc%32=CC=CC=C)ccc%31cc%30%29)cc%28%27)cc%26%25)cc%24%23)cc%22%21)cc%20%19)cc%18%17)cc%16%15)cc%14%13)cc%12%11)cc%109)cc87)cc65)cc43)cc2c1=CC=C')
[925.1986627578735] Updated in round 109! max:(0.7218543046357616, 'C=CC=CC=c1ccccc1=Cc1ccc2cc3c(ccc4cc5c(ccc6cc7c(ccc8cc9c(ccc%10cc%11c(ccc%12cc%13c(ccc%14cc%15c(ccc%16cc%17c(ccc%18cc%19c(ccc%20cc%21c(ccc%22cc%23c(ccc%24cc%25c(ccc%26cc%27c(ccc%28cc%29c(ccc%30cc%31c(=CC=C)c(C=CC(C=C)=CC(C=C)=CC=C)ccc%31cc%30%29)cc%28%27)cc%26%25)cc%24%23)cc%22%21)cc%20%19)cc%18%17)cc%16%15)cc%14%13)cc%12%11)cc%109)cc87)cc65)cc43)cc2c1=C')
[971.2514352798462] Updated in round 110! max:(0.7284768211920529, 'C=CC=CC=CC=c1ccccc1=Cc1ccc2cc3c(ccc4cc5c(ccc6cc7c(ccc8cc9c(ccc%10cc%11c(ccc%12cc%13c(ccc%14cc%15c(ccc%16cc%17c(ccc%18cc%19c(ccc%20cc%21c(ccc%22cc%23c(ccc%24cc%25c(ccc%26cc%27c(ccc%28cc%29c(ccc%30cc%31c(=CC=C)c(C=CC(C=C)=CC(C=C)=CC=C)ccc%31cc%30%29)cc%28%27)cc%26%25)cc%24%23)cc%22%21)cc%20%19)cc%18%17)cc%16%15)cc%14%13)cc%12%11)cc%109)cc87)cc65)cc43)cc2c1=C')
[1016.4024720191956] Updated in round 111! max:(0.7350993377483444, 'C=CC=CC=CC=c1cccc2cc3c(ccc4cc5c(ccc6cc7c(ccc8cc9c(ccc%10cc%11c(ccc%12cc%13c(ccc%14cc%15c(ccc%16cc%17c(ccc%18cc%19c(ccc%20cc%21c(ccc%22cc%23c(ccc%24cc%25c(ccc%26cc%27c(ccc%28cc%29c(ccc%30cc%31c(ccc%32cc%33c(=CC=C)c(C=CC(C=C)=CC(C=C)=CC=C)ccc%33cc%32%31)cc%30%29)cc%28%27)cc%26%25)cc%24%23)cc%22%21)cc%20%19)cc%18%17)cc%16%15)cc%14%13)cc%12%11)cc%109)cc87)cc65)cc43)cc12')
[1066.3298330307007] Updated in round 112! max:(0.7417218543046358, 'C=CC=CC=CC=c1cccc2cc3c(ccc4cc5c(ccc6cc7c(ccc8cc9c(ccc%10cc%11c(ccc%12cc%13c(ccc%14cc%15c(ccc%16cc%17c(ccc%18cc%19c(ccc%20cc%21c(ccc%22cc%23c(ccc%24cc%25c(ccc%26cc%27c(ccc%28cc%29c(ccc%30cc%31c(ccc%32cc%33c(=CC=C)c(C=CC(C=C)=CC(C=C)=CC=CC=C)ccc%33cc%32%31)cc%30%29)cc%28%27)cc%26%25)cc%24%23)cc%22%21)cc%20%19)cc%18%17)cc%16%15)cc%14%13)cc%12%11)cc%109)cc87)cc65)cc43)cc12')
[1118.3341641426086] Updated in round 113! max:(0.7483443708609272, 'C=CC=CC=CC=CC=c1cccc2cc3c(ccc4cc5c(ccc6cc7c(ccc8cc9c(ccc%10cc%11c(ccc%12cc%13c(ccc%14cc%15c(ccc%16cc%17c(ccc%18cc%19c(ccc%20cc%21c(ccc%22cc%23c(ccc%24cc%25c(ccc%26cc%27c(ccc%28cc%29c(ccc%30cc%31c(ccc%32cc%33c(=CC=C)c(C=CC(C=C)=CC(C=C)=CC=CC=C)ccc%33cc%32%31)cc%30%29)cc%28%27)cc%26%25)cc%24%23)cc%22%21)cc%20%19)cc%18%17)cc%16%15)cc%14%13)cc%12%11)cc%109)cc87)cc65)cc43)cc12')
[1197.4783313274384] Updated in round 114! max:(0.7549668874172185, 'C=CC=CC=CC=CC=c1cccc2cc3c(ccc4cc5c(ccc6cc7c(ccc8cc9c(ccc%10cc%11c(ccc%12cc%13c(ccc%14cc%15c(ccc%16cc%17c(ccc%18cc%19c(ccc%20cc%21c(ccc%22cc%23c(ccc%24cc%25c(ccc%26cc%27c(ccc%28cc%29c(ccc%30cc%31c(ccc%32cc%33c(=CC=C)c(C=CC(C=C)=CC(C=C)=CC=CC=CC=C)ccc%33cc%32%31)cc%30%29)cc%28%27)cc%26%25)cc%24%23)cc%22%21)cc%20%19)cc%18%17)cc%16%15)cc%14%13)cc%12%11)cc%109)cc87)cc65)cc43)cc12')
[1253.1568155288696] Updated in round 115! max:(0.7615894039735099, 'C=CC=CC=CC=CC=C(C=C)C=C(C=C)C=Cc1ccc2cc3c(ccc4cc5c(ccc6cc7c(ccc8cc9c(ccc%10cc%11c(ccc%12cc%13c(ccc%14cc%15c(ccc%16cc%17c(ccc%18cc%19c(ccc%20cc%21c(ccc%22cc%23c(ccc%24cc%25c(ccc%26cc%27c(ccc%28cc%29c(ccc%30cc%31c(ccc%32cc%33c(=CC=CC=CC=CC=C)cccc%33cc%32%31)cc%30%29)cc%28%27)cc%26%25)cc%24%23)cc%22%21)cc%20%19)cc%18%17)cc%16%15)cc%14%13)cc%12%11)cc%109)cc87)cc65)cc43)cc2c1=CC=C')
[1312.5445427894592] Updated in round 116! max:(0.7682119205298014, 'C=CC=CC=CC=CC=c1cccc2cc3c(ccc4cc5c(ccc6cc7c(ccc8cc9c(ccc%10cc%11c(ccc%12cc%13c(ccc%14cc%15c(ccc%16cc%17c(ccc%18cc%19c(ccc%20cc%21c(ccc%22cc%23c(ccc%24cc%25c(ccc%26cc%27c(ccc%28cc%29c(ccc%30cc%31c(ccc%32cc%33c(=CC=C)c(C=CC(C=C)=CC(C=C)=CC=CC=CC=CC(=C)C=C)ccc%33cc%32%31)cc%30%29)cc%28%27)cc%26%25)cc%24%23)cc%22%21)cc%20%19)cc%18%17)cc%16%15)cc%14%13)cc%12%11)cc%109)cc87)cc65)cc43)cc12')
[1372.3992636203766] Updated in round 117! max:(0.7748344370860927, 'C=CC=CC=CC=CC=c1c(C=C)ccc2cc3c(ccc4cc5c(ccc6cc7c(ccc8cc9c(ccc%10cc%11c(ccc%12cc%13c(ccc%14cc%15c(ccc%16cc%17c(ccc%18cc%19c(ccc%20cc%21c(ccc%22cc%23c(ccc%24cc%25c(ccc%26cc%27c(ccc%28cc%29c(ccc%30cc%31c(ccc%32cc%33c(=CC=C)c(C=CC(C=C)=CC(C=C)=CC=CC=CC=CC(=C)C=C)ccc%33cc%32%31)cc%30%29)cc%28%27)cc%26%25)cc%24%23)cc%22%21)cc%20%19)cc%18%17)cc%16%15)cc%14%13)cc%12%11)cc%109)cc87)cc65)cc43)cc12')
[1433.7647106647491] Updated in round 118! max:(0.7814569536423841, 'C=CC=CC=CC=CC=c1c(C=CC=C)ccc2cc3c(ccc4cc5c(ccc6cc7c(ccc8cc9c(ccc%10cc%11c(ccc%12cc%13c(ccc%14cc%15c(ccc%16cc%17c(ccc%18cc%19c(ccc%20cc%21c(ccc%22cc%23c(ccc%24cc%25c(ccc%26cc%27c(ccc%28cc%29c(ccc%30cc%31c(ccc%32cc%33c(=CC=C)c(C=CC(C=C)=CC(C=C)=CC=CC=CC=CC(=C)C=C)ccc%33cc%32%31)cc%30%29)cc%28%27)cc%26%25)cc%24%23)cc%22%21)cc%20%19)cc%18%17)cc%16%15)cc%14%13)cc%12%11)cc%109)cc87)cc65)cc43)cc12')
[1496.8742880821228] Updated in round 119! max:(0.7880794701986755, 'C=CC=CC=CC=CC=c1c(C=CC=C)ccc2cc3c(ccc4cc5c(ccc6cc7c(ccc8cc9c(ccc%10cc%11c(ccc%12cc%13c(ccc%14cc%15c(ccc%16cc%17c(ccc%18cc%19c(ccc%20cc%21c(ccc%22cc%23c(ccc%24cc%25c(ccc%26cc%27c(ccc%28cc%29c(ccc%30cc%31c(ccc%32cc%33c(=CC=C)c(C=Cc%34cc(=CC=CC=CC=CC(=C)C=C)ccc%34=C)ccc%33cc%32%31)cc%30%29)cc%28%27)cc%26%25)cc%24%23)cc%22%21)cc%20%19)cc%18%17)cc%16%15)cc%14%13)cc%12%11)cc%109)cc87)cc65)cc43)cc12')
[1576.199458360672] Updated in round 120! max:(0.7947019867549668, 'C=CC=CC=CC=CC=c1c(C=CC=C)ccc2cc3c(ccc4cc5c(ccc6cc7c(ccc8cc9c(ccc%10cc%11c(ccc%12cc%13c(ccc%14cc%15c(ccc%16cc%17c(ccc%18cc%19c(ccc%20cc%21c(ccc%22cc%23c(ccc%24cc%25c(ccc%26cc%27c(ccc%28cc%29c(ccc%30cc%31c(ccc%32cc%33c(ccc%34ccc%35cc(=CC=CC=CC=CC(=C)C=C)ccc%35ccccc%34%33)cc%32%31)cc%30%29)cc%28%27)cc%26%25)cc%24%23)cc%22%21)cc%20%19)cc%18%17)cc%16%15)cc%14%13)cc%12%11)cc%109)cc87)cc65)cc43)cc12')
[1679.296637058258] Updated in round 121! max:(0.8013245033112583, 'C=CC=CC=CC=CC=CC=c1c(C=CC=C)ccc2cc3c(ccc4cc5c(ccc6cc7c(ccc8cc9c(ccc%10cc%11c(ccc%12cc%13c(ccc%14cc%15c(ccc%16cc%17c(ccc%18cc%19c(ccc%20cc%21c(ccc%22cc%23c(ccc%24cc%25c(ccc%26cc%27c(ccc%28cc%29c(ccc%30cc%31c(ccc%32cc%33c(ccc%34ccc%35cc(=CC=CC=CC=CC(=C)C=C)ccc%35ccccc%34%33)cc%32%31)cc%30%29)cc%28%27)cc%26%25)cc%24%23)cc%22%21)cc%20%19)cc%18%17)cc%16%15)cc%14%13)cc%12%11)cc%109)cc87)cc65)cc43)cc12')
[1792.191957950592] Updated in round 122! max:(0.8079470198675497, 'C=CC=CC=CC=CC=CC=c1c(C=CC=C)ccc2cc3c(ccc4cc5c(ccc6cc7c(ccc8cc9c(ccc%10cc%11c(ccc%12cc%13c(ccc%14cc%15c(ccc%16cc%17c(ccc%18cc%19c(ccc%20cc%21c(ccc%22cc%23c(ccc%24cc%25c(ccc%26cc%27c(ccc%28cc%29c(ccc%30cc%31c(ccc%32cc%33c(ccc%34ccc%35cc(=CC=C(C=C)C=CC=CC(=C)C=C)ccc%35ccccc%34%33)cc%32%31)cc%30%29)cc%28%27)cc%26%25)cc%24%23)cc%22%21)cc%20%19)cc%18%17)cc%16%15)cc%14%13)cc%12%11)cc%109)cc87)cc65)cc43)cc12')
[1923.9062445163727] Updated in round 123! max:(0.8145695364238411, 'C=CC=CC=CC=CC=CC=c1c(C=CC=CC=C)ccc2cc3c(ccc4cc5c(ccc6cc7c(ccc8cc9c(ccc%10cc%11c(ccc%12cc%13c(ccc%14cc%15c(ccc%16cc%17c(ccc%18cc%19c(ccc%20cc%21c(ccc%22cc%23c(ccc%24cc%25c(ccc%26cc%27c(ccc%28cc%29c(ccc%30cc%31c(ccc%32cc%33c(ccc%34ccc%35cc(=CC=C(C=C)C=CC=CC(=C)C=C)ccc%35ccccc%34%33)cc%32%31)cc%30%29)cc%28%27)cc%26%25)cc%24%23)cc%22%21)cc%20%19)cc%18%17)cc%16%15)cc%14%13)cc%12%11)cc%109)cc87)cc65)cc43)cc12')
[2040.6313729286194] Updated in round 124! max:(0.8211920529801324, 'C=CC=CC=Cc1ccc2cc3c(ccc4cc5c(ccc6cc7c(ccc8cc9c(ccc%10cc%11c(ccc%12cc%13c(ccc%14cc%15c(ccc%16cc%17c(ccc%18cc%19c(ccc%20cc%21c(ccc%22cc%23c(ccc%24cc%25c(ccc%26cc%27c(ccc%28cc%29c(ccc%30cc%31c(ccc%32cc%33c(ccc%34ccc%35cc(=CC=C(C=C)C=CC=CC(=C)C=C)ccc%35ccccc%34%33)cc%32%31)cc%30%29)cc%28%27)cc%26%25)cc%24%23)cc%22%21)cc%20%19)cc%18%17)cc%16%15)cc%14%13)cc%12%11)cc%109)cc87)cc65)cc43)cc2c1=CC=CC=CC=CC=CC(=C)C=C')
[2165.001958847046] Updated in round 125! max:(0.8278145695364238, 'C=CC=CC=Cc1ccc2cc3c(ccc4cc5c(ccc6cc7c(ccc8cc9c(ccc%10cc%11c(ccc%12cc%13c(ccc%14cc%15c(ccc%16cc%17c(ccc%18cc%19c(ccc%20cc%21c(ccc%22cc%23c(ccc%24cc%25c(ccc%26cc%27c(ccc%28cc%29c(ccc%30cc%31c(ccc%32cc%33c(ccc%34ccc%35cc(=CC=C(C=C)C=CC=CC(=C)C=C)ccc%35ccccc%34%33)cc%32%31)cc%30%29)cc%28%27)cc%26%25)cc%24%23)cc%22%21)cc%20%19)cc%18%17)cc%16%15)cc%14%13)cc%12%11)cc%109)cc87)cc65)cc43)cc2c1=CC=CC=CC=CC=CC(=C)C=CC=C')
[2322.0835659503937] Updated in round 126! max:(0.8344370860927153, 'C=CC=CC=Cc1ccc2cc3c(ccc4cc5c(ccc6cc7c(ccc8cc9c(ccc%10cc%11c(ccc%12cc%13c(ccc%14cc%15c(ccc%16cc%17c(ccc%18cc%19c(ccc%20cc%21c(ccc%22cc%23c(ccc%24cc%25c(ccc%26cc%27c(ccc%28cc%29c(ccc%30cc%31c(ccc%32cc%33c(ccc%34ccc%35cc(=CC=C(C=C)C=CC=CC(C=C)=CC=C)ccc%35ccccc%34%33)cc%32%31)cc%30%29)cc%28%27)cc%26%25)cc%24%23)cc%22%21)cc%20%19)cc%18%17)cc%16%15)cc%14%13)cc%12%11)cc%109)cc87)cc65)cc43)cc2c1=CC=CC=CC=CC=CC(=C)C=CC=C')
[2471.4139420986176] Updated in round 127! max:(0.8410596026490066, 'C=CC=CC(=C)C=CC=Cc1ccccc2c(ccc1=CC=C)ccc1cc3c(ccc4cc5c(ccc6cc7c(ccc8cc9c(ccc%10cc%11c(ccc%12cc%13c(ccc%14cc%15c(ccc%16cc%17c(ccc%18cc%19c(ccc%20cc%21c(ccc%22cc%23c(ccc%24cc%25c(ccc%26cc%27c(ccc%28cc%29c(ccc%30cc%31c(ccc%32cc%33c(ccc%34ccc%35cc(=CC=C(C=C)C=CC=CC(C=C)=CC=C)ccc%35ccccc%34%33)cc%32%31)cc%30%29)cc%28%27)cc%26%25)cc%24%23)cc%22%21)cc%20%19)cc%18%17)cc%16%15)cc%14%13)cc%12%11)cc%109)cc87)cc65)cc43)cc12')
[2588.6386885643005] Updated in round 128! max:(0.847682119205298, 'C=CC=CC(=C)C=CC=Cc1ccccc2c(ccc1=CC=C)ccc1cc3c(ccc4cc5c(ccc6cc7c(ccc8cc9c(ccc%10cc%11c(ccc%12cc%13c(ccc%14cc%15c(ccc%16cc%17c(ccc%18cc%19c(ccc%20cc%21c(ccc%22cc%23c(ccc%24cc%25c(ccc%26cc%27c(ccc%28cc%29c(ccc%30cc%31c(ccc%32cc%33c(ccc%34ccc%35cc(=CC=C(C=C)C=CC=CC(=CC=C)C(=C)C=C)ccc%35ccccc%34%33)cc%32%31)cc%30%29)cc%28%27)cc%26%25)cc%24%23)cc%22%21)cc%20%19)cc%18%17)cc%16%15)cc%14%13)cc%12%11)cc%109)cc87)cc65)cc43)cc12')
[2720.949315071106] Updated in round 129! max:(0.8543046357615894, 'C=CC=CC(=C)C=CC=Cc1ccccc2c(ccc1=CC=C)ccc1cc3c(ccc4cc5c(ccc6cc7c(ccc8cc9c(ccc%10cc%11c(ccc%12cc%13c(ccc%14cc%15c(ccc%16cc%17c(ccc%18cc%19c(ccc%20cc%21c(ccc%22cc%23c(ccc%24cc%25c(ccc%26cc%27c(ccc%28cc%29c(ccc%30cc%31c(ccc%32cc%33c(ccc%34ccc%35cc(=CC=C(C=C)C=CC=CC(=CC=C)C(=C)C=CC=C)ccc%35ccccc%34%33)cc%32%31)cc%30%29)cc%28%27)cc%26%25)cc%24%23)cc%22%21)cc%20%19)cc%18%17)cc%16%15)cc%14%13)cc%12%11)cc%109)cc87)cc65)cc43)cc12')
[2848.3039169311523] Updated in round 130! max:(0.8609271523178808, 'C=CC=CC=C(C=CC=CC(C=C)=CC=c1ccc2ccccc3c(ccc2c1)ccc1cc2c(ccc4cc5c(ccc6cc7c(ccc8cc9c(ccc%10cc%11c(ccc%12cc%13c(ccc%14cc%15c(ccc%16cc%17c(ccc%18cc%19c(ccc%20cc%21c(ccc%22cc%23c(ccc%24cc%25c(ccc%26cc%27c(ccc%28cc%29c(ccc%30cc%31c(ccc%32cc%33c(ccc%34ccc(=CC=C)c(C=CC=CC(=C)C=CC=C)ccccc%34%33)cc%32%31)cc%30%29)cc%28%27)cc%26%25)cc%24%23)cc%22%21)cc%20%19)cc%18%17)cc%16%15)cc%14%13)cc%12%11)cc%109)cc87)cc65)cc42)cc13)C(=C)C=CC=C')
[2992.4826061725616] Updated in round 131! max:(0.8675496688741722, 'C=CC=CC=C(C=C(C=C)C=CC(C=C)=CC=c1ccc2ccccc3c(ccc2c1)ccc1cc2c(ccc4cc5c(ccc6cc7c(ccc8cc9c(ccc%10cc%11c(ccc%12cc%13c(ccc%14cc%15c(ccc%16cc%17c(ccc%18cc%19c(ccc%20cc%21c(ccc%22cc%23c(ccc%24cc%25c(ccc%26cc%27c(ccc%28cc%29c(ccc%30cc%31c(ccc%32cc%33c(ccc%34ccc(=CC=C)c(C=CC=CC(=C)C=CC=C)ccccc%34%33)cc%32%31)cc%30%29)cc%28%27)cc%26%25)cc%24%23)cc%22%21)cc%20%19)cc%18%17)cc%16%15)cc%14%13)cc%12%11)cc%109)cc87)cc65)cc42)cc13)C(=C)C=CC=C')
[3149.3964269161224] Updated in round 132! max:(0.8741721854304636, 'C=CC=CC=C(C=C(C=CC=C)C=CC(C=C)=CC=c1ccc2ccccc3c(ccc2c1)ccc1cc2c(ccc4cc5c(ccc6cc7c(ccc8cc9c(ccc%10cc%11c(ccc%12cc%13c(ccc%14cc%15c(ccc%16cc%17c(ccc%18cc%19c(ccc%20cc%21c(ccc%22cc%23c(ccc%24cc%25c(ccc%26cc%27c(ccc%28cc%29c(ccc%30cc%31c(ccc%32cc%33c(ccc%34ccc(=CC=C)c(C=CC=CC(=C)C=CC=C)ccccc%34%33)cc%32%31)cc%30%29)cc%28%27)cc%26%25)cc%24%23)cc%22%21)cc%20%19)cc%18%17)cc%16%15)cc%14%13)cc%12%11)cc%109)cc87)cc65)cc42)cc13)C(=C)C=CC=C')
[3316.5272414684296] Updated in round 133! max:(0.8807947019867549, 'C=CC=CC=C(C=c1ccccc1=CC(C=C)=CC=c1ccc2ccccc3c(ccc2c1)ccc1cc2c(ccc4cc5c(ccc6cc7c(ccc8cc9c(ccc%10cc%11c(ccc%12cc%13c(ccc%14cc%15c(ccc%16cc%17c(ccc%18cc%19c(ccc%20cc%21c(ccc%22cc%23c(ccc%24cc%25c(ccc%26cc%27c(ccc%28cc%29c(ccc%30cc%31c(ccc%32cc%33c(ccc%34ccc(=CC=C)c(C=CC=CC(=C)C=CC=C)ccccc%34%33)cc%32%31)cc%30%29)cc%28%27)cc%26%25)cc%24%23)cc%22%21)cc%20%19)cc%18%17)cc%16%15)cc%14%13)cc%12%11)cc%109)cc87)cc65)cc42)cc13)C(=C)C=CC=C')
[3482.5577445030212] Updated in round 134! max:(0.8874172185430463, 'C=CC=CC=C(C=c1ccccc1=CC(C=C)=CC=c1ccc2ccccc3c(ccc2c1)ccc1cc2c(ccc4cc5c(ccc6cc7c(ccc8cc9c(ccc%10cc%11c(ccc%12cc%13c(ccc%14cc%15c(ccc%16cc%17c(ccc%18cc%19c(ccc%20cc%21c(ccc%22cc%23c(ccc%24cc%25c(ccc%26cc%27c(ccc%28cc%29c(ccc%30cc%31c(ccc%32cc%33c(ccc%34ccc(=CC=C)c(C=Cc%35cc(=C)ccc%35=C)ccccc%34%33)cc%32%31)cc%30%29)cc%28%27)cc%26%25)cc%24%23)cc%22%21)cc%20%19)cc%18%17)cc%16%15)cc%14%13)cc%12%11)cc%109)cc87)cc65)cc42)cc13)C(=C)C=CC=C')
[3624.012806415558] Updated in round 135! max:(0.8940397350993378, 'C=CC=c1ccc2ccc3cc4c(ccc5cc6c(ccc7cc8c(ccc9cc%10c(ccc%11cc%12c(ccc%13cc%14c(ccc%15cc%16c(ccc%17cc%18c(ccc%19cc%20c(ccc%21cc%22c(ccc%23cc%24c(ccc%25cc%26c(ccc%27cc%28c(ccc%29cc%30c(ccc%31cc%32c(ccc%33cc%34c(ccc%35ccc%36cc(=CC=C(C=C)C=c%37ccccc%37=Cc%37cccccc(=C)ccc%37=C)ccc%36ccccc%35%34)cc%33%32)cc%31%30)cc%29%28)cc%27%26)cc%25%24)cc%23%22)cc%21%20)cc%19%18)cc%17%16)cc%15%14)cc%13%12)cc%11%10)cc98)cc76)cc54)cc3c2ccccc1C=Cc1cc(=C)ccc1=C')
[3772.4926035404205] Updated in round 136! max:(0.9006622516556292, 'C=CC=c1ccc2ccc3cc4c(ccc5cc6c(ccc7cc8c(ccc9cc%10c(ccc%11cc%12c(ccc%13cc%14c(ccc%15cc%16c(ccc%17cc%18c(ccc%19cc%20c(ccc%21cc%22c(ccc%23cc%24c(ccc%25cc%26c(ccc%27cc%28c(ccc%29cc%30c(ccc%31cc%32c(ccc%33cc%34c(ccc%35cc%36c(ccc%37ccc(=CC=C(C=C)C=c%38ccccc%38=Cc%38cccccc(=C)ccc%38=C)cc%37%36)cc%35%34)cc%33%32)cc%31%30)cc%29%28)cc%27%26)cc%25%24)cc%23%22)cc%21%20)cc%19%18)cc%17%16)cc%15%14)cc%13%12)cc%11%10)cc98)cc76)cc54)cc3c2ccccc1C=Cc1cc(=C)ccc1=C')
[3931.6424798965454] Updated in round 137! max:(0.9072847682119205, 'C=CC=c1cccccc(C=c2ccccc2=CC(C=C)=CC=c2ccc3ccc4cc5c(ccc6cc7c(ccc8cc9c(ccc%10cc%11c(ccc%12cc%13c(ccc%14cc%15c(ccc%16cc%17c(ccc%18cc%19c(ccc%20cc%21c(ccc%22cc%23c(ccc%24cc%25c(ccc%26cc%27c(ccc%28cc%29c(ccc%30cc%31c(ccc%32cc%33c(ccc%34cc%35c(ccc%36cc%37c(ccc%38ccc(=CC=C)c(C=Cc%39cc(=C)ccc%39=C)ccccc%38%37)cc%36%35)cc%34%33)cc%32%31)cc%30%29)cc%28%27)cc%26%25)cc%24%23)cc%22%21)cc%20%19)cc%18%17)cc%16%15)cc%14%13)cc%12%11)cc%109)cc87)cc65)cc4c3c2)c(=C)cc1')
[4098.3749849796295] Updated in round 138! max:(0.9139072847682119, 'C=CC=c1cccccc(C=c2ccccc2=CC(C=C)=CC=c2ccc3ccc4cc5c(ccc6cc7c(ccc8cc9c(ccc%10cc%11c(ccc%12cc%13c(ccc%14cc%15c(ccc%16cc%17c(ccc%18cc%19c(ccc%20cc%21c(ccc%22cc%23c(ccc%24cc%25c(ccc%26cc%27c(ccc%28cc%29c(ccc%30cc%31c(ccc%32cc%33c(ccc%34cc%35c(ccc%36cc%37c(ccc%38ccc(=CC=C)c(C=Cc%39cc(=CC=C)ccc%39=C)ccccc%38%37)cc%36%35)cc%34%33)cc%32%31)cc%30%29)cc%28%27)cc%26%25)cc%24%23)cc%22%21)cc%20%19)cc%18%17)cc%16%15)cc%14%13)cc%12%11)cc%109)cc87)cc65)cc4c3c2)c(=C)cc1')
[4289.934328794479] Updated in round 139! max:(0.9205298013245033, 'C=CC=c1cccccc(C=c2ccccc2=CC(C=C)=CC=c2ccc3ccc4cc5c(ccc6cc7c(ccc8cc9c(ccc%10cc%11c(ccc%12cc%13c(ccc%14cc%15c(ccc%16cc%17c(ccc%18cc%19c(ccc%20cc%21c(ccc%22cc%23c(ccc%24cc%25c(ccc%26cc%27c(ccc%28cc%29c(ccc%30cc%31c(ccc%32cc%33c(ccc%34cc%35c(ccc%36cc%37c(ccc%38ccc%39ccccc%40ccc(=CC=C)cc%40ccc%39ccccc%38%37)cc%36%35)cc%34%33)cc%32%31)cc%30%29)cc%28%27)cc%26%25)cc%24%23)cc%22%21)cc%20%19)cc%18%17)cc%16%15)cc%14%13)cc%12%11)cc%109)cc87)cc65)cc4c3c2)c(=C)cc1')
[4561.290668725967] Updated in round 140! max:(0.9271523178807947, 'C=CC=c1cccccc(C=c2ccccc2=CC(C=C)=CC=c2ccc3ccc4cc5c(ccc6cc7c(ccc8cc9c(ccc%10cc%11c(ccc%12cc%13c(ccc%14cc%15c(ccc%16cc%17c(ccc%18cc%19c(ccc%20cc%21c(ccc%22cc%23c(ccc%24cc%25c(ccc%26cc%27c(ccc%28cc%29c(ccc%30cc%31c(ccc%32cc%33c(ccc%34cc%35c(ccc%36cc%37c(ccc%38ccc%39ccccc%40cc(C=C)c(=CC=C)cc%40ccc%39ccccc%38%37)cc%36%35)cc%34%33)cc%32%31)cc%30%29)cc%28%27)cc%26%25)cc%24%23)cc%22%21)cc%20%19)cc%18%17)cc%16%15)cc%14%13)cc%12%11)cc%109)cc87)cc65)cc4c3c2)c(=C)cc1')
[4855.1556560993195] Updated in round 141! max:(0.9337748344370861, 'C=CC=c1cccccc(C=c2ccccc2=CC(C=C)=CC=c2ccc3ccc4cc5c(ccc6cc7c(ccc8cc9c(ccc%10cc%11c(ccc%12cc%13c(ccc%14cc%15c(ccc%16cc%17c(ccc%18cc%19c(ccc%20cc%21c(ccc%22cc%23c(ccc%24cc%25c(ccc%26cc%27c(ccc%28cc%29c(ccc%30cc%31c(ccc%32cc%33c(ccc%34cc%35c(ccc%36cc%37c(ccc%38ccc%39ccccc%40cc%41c(=C)cccc%41cc%40ccc%39ccccc%38%37)cc%36%35)cc%34%33)cc%32%31)cc%30%29)cc%28%27)cc%26%25)cc%24%23)cc%22%21)cc%20%19)cc%18%17)cc%16%15)cc%14%13)cc%12%11)cc%109)cc87)cc65)cc4c3c2)c(=C)cc1')
[5128.879972219467] Updated in round 142! max:(0.9403973509933775, 'C=CC1=CC=c2ccc3ccc4cc5c(ccc6cc7c(ccc8cc9c(ccc%10cc%11c(ccc%12cc%13c(ccc%14cc%15c(ccc%16cc%17c(ccc%18cc%19c(ccc%20cc%21c(ccc%22cc%23c(ccc%24cc%25c(ccc%26cc%27c(ccc%28cc%29c(ccc%30cc%31c(ccc%32cc%33c(ccc%34cc%35c(ccc%36cc%37c(ccc%38ccc%39ccccc%40cc%41c(cccc%41cc%40ccc%39ccccc%38%37)=CC=CC=c%37cccccc(c(=C)cc%37)C=c%37ccccc%37=C1)cc%36%35)cc%34%33)cc%32%31)cc%30%29)cc%28%27)cc%26%25)cc%24%23)cc%22%21)cc%20%19)cc%18%17)cc%16%15)cc%14%13)cc%12%11)cc%109)cc87)cc65)cc4c3c2')
[5810.350921392441] Updated in round 143! max:(0.9470198675496688, 'C=c1ccc2cccccc1C=c1cccc3ccc(cc13)=CC=c1ccc3ccc4cc5c(ccc6cc7c(ccc8cc9c(ccc%10cc%11c(ccc%12cc%13c(ccc%14cc%15c(ccc%16cc%17c(ccc%18cc%19c(ccc%20cc%21c(ccc%22cc%23c(ccc%24cc%25c(ccc%26cc%27c(ccc%28cc%29c(ccc%30cc%31c(ccc%32cc%33c(ccc%34cc%35c(ccc%36cc%37c(ccc%38ccc%39ccccc%40cc%41c(cccc%41cc%40ccc%39ccccc%38%37)=CC=CC=2)cc%36%35)cc%34%33)cc%32%31)cc%30%29)cc%28%27)cc%26%25)cc%24%23)cc%22%21)cc%20%19)cc%18%17)cc%16%15)cc%14%13)cc%12%11)cc%109)cc87)cc65)cc4c3c1')
[6360.75538444519] Updated in round 144! max:(0.9536423841059603, 'C=CC1=CC=c2cccccc(c(=C)cc2)C=c2cccc3ccc(cc23)=CC=c2ccc3ccc4cc5c(ccc6cc7c(ccc8cc9c(ccc%10cc%11c(ccc%12cc%13c(ccc%14cc%15c(ccc%16cc%17c(ccc%18cc%19c(ccc%20cc%21c(ccc%22cc%23c(ccc%24cc%25c(ccc%26cc%27c(ccc%28cc%29c(ccc%30cc%31c(ccc%32cc%33c(ccc%34cc%35c(ccc%36cc%37c(ccc%38ccc%39ccccc%40cc%41c(cccc%41cc%40ccc%39ccccc%38%37)=C1)cc%36%35)cc%34%33)cc%32%31)cc%30%29)cc%28%27)cc%26%25)cc%24%23)cc%22%21)cc%20%19)cc%18%17)cc%16%15)cc%14%13)cc%12%11)cc%109)cc87)cc65)cc4c3c2')
[6896.081597566605] Updated in round 145! max:(0.9602649006622517, 'C=CC1=CC=c2cccccc(c(=C)cc2)C=c2cccc3ccc(cc23)=CC=c2ccc3ccc4cc5c(ccc6cc7c(ccc8cc9c(ccc%10cc%11c(ccc%12cc%13c(ccc%14cc%15c(ccc%16cc%17c(ccc%18cc%19c(ccc%20cc%21c(ccc%22cc%23c(ccc%24cc%25c(ccc%26cc%27c(ccc%28cc%29c(ccc%30cc%31c(ccc%32cc%33c(ccc%34cc%35c(ccc%36cc%37c(ccc%38cc%39c(ccc%40ccc%41cc%42cccc(c%42cc%41ccccc%40%39)=C1)cc%38%37)cc%36%35)cc%34%33)cc%32%31)cc%30%29)cc%28%27)cc%26%25)cc%24%23)cc%22%21)cc%20%19)cc%18%17)cc%16%15)cc%14%13)cc%12%11)cc%109)cc87)cc65)cc4c3c2')
[7709.850752592087] Updated in round 146! max:(0.9668874172185431, 'C=CC1=CC=c2ccc3ccc(c(=C)c3c2)C=c2cccc3ccc(cc23)=CC=c2ccc3ccc4cc5c(ccc6cc7c(ccc8cc9c(ccc%10cc%11c(ccc%12cc%13c(ccc%14cc%15c(ccc%16cc%17c(ccc%18cc%19c(ccc%20cc%21c(ccc%22cc%23c(ccc%24cc%25c(ccc%26cc%27c(ccc%28cc%29c(ccc%30cc%31c(ccc%32cc%33c(ccc%34cc%35c(ccc%36cc%37c(ccc%38cc%39c(ccc%40ccc%41cc%42cccc(c%42cc%41ccccc%40%39)=C1)cc%38%37)cc%36%35)cc%34%33)cc%32%31)cc%30%29)cc%28%27)cc%26%25)cc%24%23)cc%22%21)cc%20%19)cc%18%17)cc%16%15)cc%14%13)cc%12%11)cc%109)cc87)cc65)cc4c3c2')
[8433.490363359451] Updated in round 147! max:(0.9735099337748344, 'C=c1c2ccc3ccc(cc13)=CC=c1ccc3ccc4cc5ccc6ccc7cc8c(ccc9cc%10c(ccc%11cc%12c(ccc%13cc%14c(ccc%15cc%16c(ccc%17cc%18c(ccc%19cc%20c(ccc%21cc%22c(ccc%23cc%24c(ccc%25cc%26c(ccc%27cc%28c(ccc%29cc%30c(ccc%31cc%32c(ccc%33cc%34c(ccc%35cc%36c(ccc%37cc%38c(ccc%39cc%40c(ccc%41cc%42c(ccc%43ccc(cc%43%42)=CC=c%42ccc%43cccc(c%43c%42)=C2)cc%41%40)cc%39%38)cc%37%36)cc%35%34)cc%33%32)cc%31%30)cc%29%28)cc%27%26)cc%25%24)cc%23%22)cc%21%20)cc%19%18)cc%17%16)cc%15%14)cc%13%12)cc%11%10)cc98)cc7c6ccccc5cc4c3c1')
[9428.204774618149] Updated in round 148! max:(0.9801324503311258, 'C=c1c2ccc3ccc(cc13)=CC=c1ccc3ccc4cc5c(ccc6cc7c(ccc8cc9c(ccc%10cc%11c(ccc%12cc%13c(ccc%14cc%15c(ccc%16cc%17c(ccc%18cc%19c(ccc%20cc%21c(ccc%22cc%23c(ccc%24cc%25c(ccc%26cc%27c(ccc%28cc%29c(ccc%30cc%31c(ccc%32cc%33c(ccc%34cc%35c(ccc%36cc%37c(ccc%38cc%39c(ccc%40cc%41c(ccc%42cc%43c(ccc%44ccc(cc%44%43)=CC=c%43ccc%44cccc(c%44c%43)=C2)cc%42%41)cc%40%39)cc%38%37)cc%36%35)cc%34%33)cc%32%31)cc%30%29)cc%28%27)cc%26%25)cc%24%23)cc%22%21)cc%20%19)cc%18%17)cc%16%15)cc%14%13)cc%12%11)cc%109)cc87)cc65)cc4c3c1')
[10429.11998796463] Updated in round 149! max:(0.9867549668874173, 'C=c1c2ccc3ccc(cc13)=CC=c1ccc3ccc4cc5c(ccc6cc7c(ccc8cc9c(ccc%10cc%11c(ccc%12cc%13c(ccc%14cc%15c(ccc%16cc%17c(ccc%18cc%19c(ccc%20cc%21c(ccc%22cc%23c(ccc%24cc%25c(ccc%26cc%27c(ccc%28cc%29c(ccc%30cc%31c(ccc%32cc%33c(ccc%34cc%35c(ccc%36cc%37c(ccc%38cc%39c(ccc%40cc%41c(ccc%42cc%43c(ccc%44cc%45c(ccc%46cc%47c(cccc%47cc%46%45)=C2)cc%44%43)cc%42%41)cc%40%39)cc%38%37)cc%36%35)cc%34%33)cc%32%31)cc%30%29)cc%28%27)cc%26%25)cc%24%23)cc%22%21)cc%20%19)cc%18%17)cc%16%15)cc%14%13)cc%12%11)cc%109)cc87)cc65)cc4c3c1')
[11420.844639539719] No improvement found in round 150. Roll back to (0.9801324503311258, 'C=c1c2ccc3ccc(cc13)=CC=c1ccc3ccc4cc5c(ccc6cc7c(ccc8cc9c(ccc%10cc%11c(ccc%12cc%13c(ccc%14cc%15c(ccc%16cc%17c(ccc%18cc%19c(ccc%20cc%21c(ccc%22cc%23c(ccc%24cc%25c(ccc%26cc%27c(ccc%28cc%29c(ccc%30cc%31c(ccc%32cc%33c(ccc%34cc%35c(ccc%36cc%37c(ccc%38cc%39c(ccc%40cc%41c(ccc%42cc%43c(ccc%44ccc(cc%44%43)=CC=c%43ccc%44cccc(c%44c%43)=C2)cc%42%41)cc%40%39)cc%38%37)cc%36%35)cc%34%33)cc%32%31)cc%30%29)cc%28%27)cc%26%25)cc%24%23)cc%22%21)cc%20%19)cc%18%17)cc%16%15)cc%14%13)cc%12%11)cc%109)cc87)cc65)cc4c3c1')
[12423.836746931076] No improvement found in round 151. Roll back to (0.9735099337748344, 'C=c1c2ccc3ccc(cc13)=CC=c1ccc3ccc4cc5ccc6ccc7cc8c(ccc9cc%10c(ccc%11cc%12c(ccc%13cc%14c(ccc%15cc%16c(ccc%17cc%18c(ccc%19cc%20c(ccc%21cc%22c(ccc%23cc%24c(ccc%25cc%26c(ccc%27cc%28c(ccc%29cc%30c(ccc%31cc%32c(ccc%33cc%34c(ccc%35cc%36c(ccc%37cc%38c(ccc%39cc%40c(ccc%41cc%42c(ccc%43ccc(cc%43%42)=CC=c%42ccc%43cccc(c%43c%42)=C2)cc%41%40)cc%39%38)cc%37%36)cc%35%34)cc%33%32)cc%31%30)cc%29%28)cc%27%26)cc%25%24)cc%23%22)cc%21%20)cc%19%18)cc%17%16)cc%15%14)cc%13%12)cc%11%10)cc98)cc7c6ccccc5cc4c3c1')
[13535.652808189392] No improvement found in round 152. Roll back to (0.9668874172185431, 'C=CC1=CC=c2ccc3ccc(c(=C)c3c2)C=c2cccc3ccc(cc23)=CC=c2ccc3ccc4cc5c(ccc6cc7c(ccc8cc9c(ccc%10cc%11c(ccc%12cc%13c(ccc%14cc%15c(ccc%16cc%17c(ccc%18cc%19c(ccc%20cc%21c(ccc%22cc%23c(ccc%24cc%25c(ccc%26cc%27c(ccc%28cc%29c(ccc%30cc%31c(ccc%32cc%33c(ccc%34cc%35c(ccc%36cc%37c(ccc%38cc%39c(ccc%40ccc%41cc%42cccc(c%42cc%41ccccc%40%39)=C1)cc%38%37)cc%36%35)cc%34%33)cc%32%31)cc%30%29)cc%28%27)cc%26%25)cc%24%23)cc%22%21)cc%20%19)cc%18%17)cc%16%15)cc%14%13)cc%12%11)cc%109)cc87)cc65)cc4c3c2')
[14740.046805858612] No improvement found in round 153. Roll back to (0.9602649006622517, 'C=CC1=CC=c2cccccc(c(=C)cc2)C=c2cccc3ccc(cc23)=CC=c2ccc3ccc4cc5c(ccc6cc7c(ccc8cc9c(ccc%10cc%11c(ccc%12cc%13c(ccc%14cc%15c(ccc%16cc%17c(ccc%18cc%19c(ccc%20cc%21c(ccc%22cc%23c(ccc%24cc%25c(ccc%26cc%27c(ccc%28cc%29c(ccc%30cc%31c(ccc%32cc%33c(ccc%34cc%35c(ccc%36cc%37c(ccc%38cc%39c(ccc%40ccc%41cc%42cccc(c%42cc%41ccccc%40%39)=C1)cc%38%37)cc%36%35)cc%34%33)cc%32%31)cc%30%29)cc%28%27)cc%26%25)cc%24%23)cc%22%21)cc%20%19)cc%18%17)cc%16%15)cc%14%13)cc%12%11)cc%109)cc87)cc65)cc4c3c2')
[15233.144808530807] Updated in round 154! max:(0.9668874172185431, 'C=CC1=CC=c2cccccc3cc4c(ccc5ccc(cc54)=CC=c4ccc5ccc6cc7c(ccc8cc9c(ccc%10cc%11c(ccc%12cc%13c(ccc%14cc%15c(ccc%16cc%17c(ccc%18cc%19c(ccc%20cc%21c(ccc%22cc%23c(ccc%24cc%25c(ccc%26cc%27c(ccc%28cc%29c(ccc%30cc%31c(ccc%32cc%33c(ccc%34cc%35c(ccc%36cc%37c(ccc%38cc%39c(ccc%40cc%41c(ccc%42ccc%43cc%44cccc(c%44cc%43ccccc%42%41)=C1)cc%40%39)cc%38%37)cc%36%35)cc%34%33)cc%32%31)cc%30%29)cc%28%27)cc%26%25)cc%24%23)cc%22%21)cc%20%19)cc%18%17)cc%16%15)cc%14%13)cc%12%11)cc%109)cc87)cc6c5c4)cc3cc2')
[16159.2328915596] Updated in round 155! max:(0.9735099337748344, 'C=c1c2ccc3ccc4cc5ccc6ccc(cc6c5cc4ccccc13)=CC=c1ccc3ccc4cc5c(ccc6cc7c(ccc8cc9c(ccc%10cc%11c(ccc%12cc%13c(ccc%14cc%15c(ccc%16cc%17c(ccc%18cc%19c(ccc%20cc%21c(ccc%22cc%23c(ccc%24cc%25c(ccc%26cc%27c(ccc%28cc%29c(ccc%30cc%31c(ccc%32cc%33c(ccc%34cc%35c(ccc%36cc%37c(ccc%38cc%39c(ccc%40ccc%41cc%42cccc(c%42cc%41ccccc%40%39)=C2)cc%38%37)cc%36%35)cc%34%33)cc%32%31)cc%30%29)cc%28%27)cc%26%25)cc%24%23)cc%22%21)cc%20%19)cc%18%17)cc%16%15)cc%14%13)cc%12%11)cc%109)cc87)cc65)cc4c3c1')
[16903.309975624084] Updated in round 156! max:(0.9801324503311258, 'C1=c2ccc3ccc4cc5ccc6ccc7cc8c(ccc9cc%10ccc%11ccc%12cc%13c(ccc%14cc%15c(ccc%16cc%17c(ccc%18cc%19c(ccc%20cc%21c(ccc%22cc%23c(ccc%24cc%25c(ccc%26cc%27c(ccc%28cc%29c(ccc%30cc%31c(ccc%32cc%33c(ccc%34cc%35c(ccc%36cc%37c(ccc%38cc%39c(ccc%40cc%41c(ccc%42cc%43c(ccc%44cc%45c(ccc%46cc%47c(ccc%48ccc(cc%48%47)=C1)cc%46%45)cc%44%43)cc%42%41)cc%40%39)cc%38%37)cc%36%35)cc%34%33)cc%32%31)cc%30%29)cc%28%27)cc%26%25)cc%24%23)cc%22%21)cc%20%19)cc%18%17)cc%16%15)cc%14%13)cc%12c%11ccccc%10cc98)cc7c6ccccc5cc4c3c2')
[18469.414138555527] No improvement found in round 157. Roll back to (0.9735099337748344, 'C=c1c2ccc3ccc4cc5ccc6ccc(cc6c5cc4ccccc13)=CC=c1ccc3ccc4cc5c(ccc6cc7c(ccc8cc9c(ccc%10cc%11c(ccc%12cc%13c(ccc%14cc%15c(ccc%16cc%17c(ccc%18cc%19c(ccc%20cc%21c(ccc%22cc%23c(ccc%24cc%25c(ccc%26cc%27c(ccc%28cc%29c(ccc%30cc%31c(ccc%32cc%33c(ccc%34cc%35c(ccc%36cc%37c(ccc%38cc%39c(ccc%40ccc%41cc%42cccc(c%42cc%41ccccc%40%39)=C2)cc%38%37)cc%36%35)cc%34%33)cc%32%31)cc%30%29)cc%28%27)cc%26%25)cc%24%23)cc%22%21)cc%20%19)cc%18%17)cc%16%15)cc%14%13)cc%12%11)cc%109)cc87)cc65)cc4c3c1')
[19251.426366329193] Updated in round 158! max:(0.9801324503311258, 'C=c1c2ccc3ccc4cc5ccc6ccc(cc6c5cc4ccccc13)=CC=c1ccc3ccc4cc5c(ccc6cc7c(ccc8cc9c(ccc%10cc%11c(ccc%12cc%13c(ccc%14cc%15c(ccc%16cc%17c(ccc%18cc%19c(ccc%20cc%21c(ccc%22cc%23c(ccc%24cc%25c(ccc%26cc%27c(ccc%28cc%29c(ccc%30cc%31c(ccc%32cc%33c(ccc%34cc%35c(ccc%36cc%37c(ccc%38cc%39c(ccc%40cc%41c(ccc%42cc%43c(cccc%43cc%42%41)=C2)cc%40%39)cc%38%37)cc%36%35)cc%34%33)cc%32%31)cc%30%29)cc%28%27)cc%26%25)cc%24%23)cc%22%21)cc%20%19)cc%18%17)cc%16%15)cc%14%13)cc%12%11)cc%109)cc87)cc65)cc4c3c1')
[19782.526779413223] Updated in round 159! max:(0.9867549668874173, 'C=c1c2ccc3cc4c(ccc5cc6c(ccc7ccc(cc76)=CC=c6ccc7ccc8cc9c(ccc%10cc%11c(ccc%12cc%13c(ccc%14cc%15c(ccc%16cc%17c(ccc%18cc%19c(ccc%20cc%21c(ccc%22cc%23c(ccc%24cc%25c(ccc%26cc%27c(ccc%28cc%29c(ccc%30cc%31c(ccc%32cc%33c(ccc%34cc%35c(ccc%36cc%37c(ccc%38cc%39c(ccc%40cc%41c(ccc%42cc%43c(ccc%44cc%45c(ccc%46cc%47c(cccc%47cc%46%45)=C2)cc%44%43)cc%42%41)cc%40%39)cc%38%37)cc%36%35)cc%34%33)cc%32%31)cc%30%29)cc%28%27)cc%26%25)cc%24%23)cc%22%21)cc%20%19)cc%18%17)cc%16%15)cc%14%13)cc%12%11)cc%109)cc8c7c6)cc54)cc13')
[20422.423901081085] No improvement found in round 160. Roll back to (0.9801324503311258, 'C=c1c2ccc3ccc4cc5ccc6ccc(cc6c5cc4ccccc13)=CC=c1ccc3ccc4cc5c(ccc6cc7c(ccc8cc9c(ccc%10cc%11c(ccc%12cc%13c(ccc%14cc%15c(ccc%16cc%17c(ccc%18cc%19c(ccc%20cc%21c(ccc%22cc%23c(ccc%24cc%25c(ccc%26cc%27c(ccc%28cc%29c(ccc%30cc%31c(ccc%32cc%33c(ccc%34cc%35c(ccc%36cc%37c(ccc%38cc%39c(ccc%40cc%41c(ccc%42cc%43c(cccc%43cc%42%41)=C2)cc%40%39)cc%38%37)cc%36%35)cc%34%33)cc%32%31)cc%30%29)cc%28%27)cc%26%25)cc%24%23)cc%22%21)cc%20%19)cc%18%17)cc%16%15)cc%14%13)cc%12%11)cc%109)cc87)cc65)cc4c3c1')
[21169.29260993004] No improvement found in round 161. Roll back to (0.9735099337748344, 'C=c1c2ccc3ccc4cc5ccc6ccc(cc6c5cc4ccccc13)=CC=c1ccc3ccc4cc5c(ccc6cc7c(ccc8cc9c(ccc%10cc%11c(ccc%12cc%13c(ccc%14cc%15c(ccc%16cc%17c(ccc%18cc%19c(ccc%20cc%21c(ccc%22cc%23c(ccc%24cc%25c(ccc%26cc%27c(ccc%28cc%29c(ccc%30cc%31c(ccc%32cc%33c(ccc%34cc%35c(ccc%36cc%37c(ccc%38cc%39c(ccc%40ccc%41cc%42cccc(c%42cc%41ccccc%40%39)=C2)cc%38%37)cc%36%35)cc%34%33)cc%32%31)cc%30%29)cc%28%27)cc%26%25)cc%24%23)cc%22%21)cc%20%19)cc%18%17)cc%16%15)cc%14%13)cc%12%11)cc%109)cc87)cc65)cc4c3c1')
[22161.654778003693] No improvement found in round 162. Roll back to (0.9668874172185431, 'C=CC1=CC=c2cccccc3cc4c(ccc5ccc(cc54)=CC=c4ccc5ccc6cc7c(ccc8cc9c(ccc%10cc%11c(ccc%12cc%13c(ccc%14cc%15c(ccc%16cc%17c(ccc%18cc%19c(ccc%20cc%21c(ccc%22cc%23c(ccc%24cc%25c(ccc%26cc%27c(ccc%28cc%29c(ccc%30cc%31c(ccc%32cc%33c(ccc%34cc%35c(ccc%36cc%37c(ccc%38cc%39c(ccc%40cc%41c(ccc%42ccc%43cc%44cccc(c%44cc%43ccccc%42%41)=C1)cc%40%39)cc%38%37)cc%36%35)cc%34%33)cc%32%31)cc%30%29)cc%28%27)cc%26%25)cc%24%23)cc%22%21)cc%20%19)cc%18%17)cc%16%15)cc%14%13)cc%12%11)cc%109)cc87)cc6c5c4)cc3cc2')
[23521.114151000977] No improvement found in round 163. Roll back to (0.9602649006622517, 'C=CC1=CC=c2cccccc(c(=C)cc2)C=c2cccc3ccc(cc23)=CC=c2ccc3ccc4cc5c(ccc6cc7c(ccc8cc9c(ccc%10cc%11c(ccc%12cc%13c(ccc%14cc%15c(ccc%16cc%17c(ccc%18cc%19c(ccc%20cc%21c(ccc%22cc%23c(ccc%24cc%25c(ccc%26cc%27c(ccc%28cc%29c(ccc%30cc%31c(ccc%32cc%33c(ccc%34cc%35c(ccc%36cc%37c(ccc%38cc%39c(ccc%40ccc%41cc%42cccc(c%42cc%41ccccc%40%39)=C1)cc%38%37)cc%36%35)cc%34%33)cc%32%31)cc%30%29)cc%28%27)cc%26%25)cc%24%23)cc%22%21)cc%20%19)cc%18%17)cc%16%15)cc%14%13)cc%12%11)cc%109)cc87)cc65)cc4c3c2')
[24591.300638198853] Updated in round 164! max:(0.9668874172185431, 'C=c1ccc2cccccc1C=c1cccc3ccc(cc13)=CC=c1ccc3ccc4cc5c(ccc6cc7c(ccc8cc9c(ccc%10cc%11c(ccc%12cc%13c(ccc%14cc%15c(ccc%16cc%17c(ccc%18cc%19c(ccc%20cc%21c(ccc%22cc%23c(ccc%24cc%25c(ccc%26cc%27c(ccc%28cc%29c(ccc%30cc%31c(ccc%32cc%33c(ccc%34cc%35c(ccc%36cc%37c(ccc%38cc%39c(ccc%40ccc%41cc%42ccc%43ccc(cc%43c%42cc%41ccccc%40%39)=CC=2)cc%38%37)cc%36%35)cc%34%33)cc%32%31)cc%30%29)cc%28%27)cc%26%25)cc%24%23)cc%22%21)cc%20%19)cc%18%17)cc%16%15)cc%14%13)cc%12%11)cc%109)cc87)cc65)cc4c3c1')
[25082.171256303787] Updated in round 165! max:(0.9735099337748344, 'C=c1ccc2cccccc1C=c1cccc3ccc(cc13)=CC=c1ccc3ccc4cc5c(ccc6cc7c(ccc8cc9c(ccc%10cc%11c(ccc%12cc%13c(ccc%14cc%15c(ccc%16cc%17c(ccc%18cc%19c(ccc%20cc%21c(ccc%22cc%23c(ccc%24cc%25c(ccc%26cc%27c(ccc%28cc%29c(ccc%30cc%31c(ccc%32cc%33c(ccc%34cc%35c(ccc%36cc%37c(ccc%38cc%39c(ccc%40cc%41c(ccc%42cc%43c(ccc%44ccc(cc%44%43)=CC=2)cc%42%41)cc%40%39)cc%38%37)cc%36%35)cc%34%33)cc%32%31)cc%30%29)cc%28%27)cc%26%25)cc%24%23)cc%22%21)cc%20%19)cc%18%17)cc%16%15)cc%14%13)cc%12%11)cc%109)cc87)cc65)cc4c3c1')
[26060.30247235298] No improvement found in round 166. Roll back to (0.9668874172185431, 'C=c1ccc2cccccc1C=c1cccc3ccc(cc13)=CC=c1ccc3ccc4cc5c(ccc6cc7c(ccc8cc9c(ccc%10cc%11c(ccc%12cc%13c(ccc%14cc%15c(ccc%16cc%17c(ccc%18cc%19c(ccc%20cc%21c(ccc%22cc%23c(ccc%24cc%25c(ccc%26cc%27c(ccc%28cc%29c(ccc%30cc%31c(ccc%32cc%33c(ccc%34cc%35c(ccc%36cc%37c(ccc%38cc%39c(ccc%40ccc%41cc%42ccc%43ccc(cc%43c%42cc%41ccccc%40%39)=CC=2)cc%38%37)cc%36%35)cc%34%33)cc%32%31)cc%30%29)cc%28%27)cc%26%25)cc%24%23)cc%22%21)cc%20%19)cc%18%17)cc%16%15)cc%14%13)cc%12%11)cc%109)cc87)cc65)cc4c3c1')
[26834.495568990707] Updated in round 167! max:(0.9735099337748344, 'C1=c2cccccc3cc4c(ccc5ccc(cc54)=CC=c4ccc5ccc6cc7c(ccc8cc9c(ccc%10cc%11c(ccc%12cc%13c(ccc%14cc%15c(ccc%16cc%17c(ccc%18cc%19c(ccc%20cc%21c(ccc%22cc%23c(ccc%24cc%25c(ccc%26cc%27c(ccc%28cc%29c(ccc%30cc%31c(ccc%32cc%33c(ccc%34cc%35c(ccc%36cc%37c(ccc%38cc%39c(ccc%40cc%41c(ccc%42ccc%43cc%44ccc%45ccc(cc%45c%44cc%43ccccc%42%41)=C1)cc%40%39)cc%38%37)cc%36%35)cc%34%33)cc%32%31)cc%30%29)cc%28%27)cc%26%25)cc%24%23)cc%22%21)cc%20%19)cc%18%17)cc%16%15)cc%14%13)cc%12%11)cc%109)cc87)cc6c5c4)cc3cc2')
[27894.677551984787] No improvement found in round 168. Roll back to (0.9668874172185431, 'C=c1ccc2cccccc1C=c1cccc3ccc(cc13)=CC=c1ccc3ccc4cc5c(ccc6cc7c(ccc8cc9c(ccc%10cc%11c(ccc%12cc%13c(ccc%14cc%15c(ccc%16cc%17c(ccc%18cc%19c(ccc%20cc%21c(ccc%22cc%23c(ccc%24cc%25c(ccc%26cc%27c(ccc%28cc%29c(ccc%30cc%31c(ccc%32cc%33c(ccc%34cc%35c(ccc%36cc%37c(ccc%38cc%39c(ccc%40ccc%41cc%42ccc%43ccc(cc%43c%42cc%41ccccc%40%39)=CC=2)cc%38%37)cc%36%35)cc%34%33)cc%32%31)cc%30%29)cc%28%27)cc%26%25)cc%24%23)cc%22%21)cc%20%19)cc%18%17)cc%16%15)cc%14%13)cc%12%11)cc%109)cc87)cc65)cc4c3c1')
[28765.175854444504] No improvement found in round 169. Roll back to (0.9602649006622517, 'C=CC1=CC=c2cccccc(c(=C)cc2)C=c2cccc3ccc(cc23)=CC=c2ccc3ccc4cc5c(ccc6cc7c(ccc8cc9c(ccc%10cc%11c(ccc%12cc%13c(ccc%14cc%15c(ccc%16cc%17c(ccc%18cc%19c(ccc%20cc%21c(ccc%22cc%23c(ccc%24cc%25c(ccc%26cc%27c(ccc%28cc%29c(ccc%30cc%31c(ccc%32cc%33c(ccc%34cc%35c(ccc%36cc%37c(ccc%38cc%39c(ccc%40ccc%41cc%42cccc(c%42cc%41ccccc%40%39)=C1)cc%38%37)cc%36%35)cc%34%33)cc%32%31)cc%30%29)cc%28%27)cc%26%25)cc%24%23)cc%22%21)cc%20%19)cc%18%17)cc%16%15)cc%14%13)cc%12%11)cc%109)cc87)cc65)cc4c3c2')
[29905.00235438347] No improvement found in round 170. Roll back to (0.9536423841059603, 'C=CC1=CC=c2cccccc(c(=C)cc2)C=c2cccc3ccc(cc23)=CC=c2ccc3ccc4cc5c(ccc6cc7c(ccc8cc9c(ccc%10cc%11c(ccc%12cc%13c(ccc%14cc%15c(ccc%16cc%17c(ccc%18cc%19c(ccc%20cc%21c(ccc%22cc%23c(ccc%24cc%25c(ccc%26cc%27c(ccc%28cc%29c(ccc%30cc%31c(ccc%32cc%33c(ccc%34cc%35c(ccc%36cc%37c(ccc%38ccc%39ccccc%40cc%41c(cccc%41cc%40ccc%39ccccc%38%37)=C1)cc%36%35)cc%34%33)cc%32%31)cc%30%29)cc%28%27)cc%26%25)cc%24%23)cc%22%21)cc%20%19)cc%18%17)cc%16%15)cc%14%13)cc%12%11)cc%109)cc87)cc65)cc4c3c2')
[30766.130990982056] Updated in round 171! max:(0.9602649006622517, 'C=c1ccc2ccc3c(=C)c2ccccc1C=c1cccc2ccc(cc12)=CC=c1ccc2ccc4cc5c(ccc6cc7c(ccc8cc9c(ccc%10cc%11c(ccc%12cc%13c(ccc%14cc%15c(ccc%16cc%17c(ccc%18cc%19c(ccc%20cc%21c(ccc%22cc%23c(ccc%24cc%25c(ccc%26cc%27c(ccc%28cc%29c(ccc%30cc%31c(ccc%32cc%33c(ccc%34cc%35c(ccc%36cc%37c(ccc%38ccc%39ccccc%40cc%41c(cccc%41cc%40ccc%39ccccc%38%37)=C3)cc%36%35)cc%34%33)cc%32%31)cc%30%29)cc%28%27)cc%26%25)cc%24%23)cc%22%21)cc%20%19)cc%18%17)cc%16%15)cc%14%13)cc%12%11)cc%109)cc87)cc65)cc4c2c1')
[31445.948209762573] Updated in round 172! max:(0.9668874172185431, 'C=c1c2ccc3cc4c(=C)c(ccc4cc13)C=c1cccc3cc4ccc5ccccc6c(ccc5ccccc4cc13)ccc1cc3c(ccc4cc5c(ccc7cc8c(ccc9cc%10c(ccc%11cc%12c(ccc%13cc%14c(ccc%15cc%16c(ccc%17cc%18c(ccc%19cc%20c(ccc%21cc%22c(ccc%23cc%24c(ccc%25cc%26c(ccc%27cc%28c(ccc%29cc%30c(ccc%31cc%32c(ccc%33cc%34c(ccc%35cc%36c(ccc%37ccc(cc%37%36)=CC=c%36ccc%37cccc(c%37c%36)=C2)cc%35%34)cc%33%32)cc%31%30)cc%29%28)cc%27%26)cc%25%24)cc%23%22)cc%21%20)cc%19%18)cc%17%16)cc%15%14)cc%13%12)cc%11%10)cc98)cc75)cc43)cc16')
[32049.61681318283] Updated in round 173! max:(0.9735099337748344, 'C=c1c2ccc3cc4c(=C)c(ccc4cc13)C=c1cccc3cc4c(ccc5cc6ccc7ccc8cc9c(ccc%10cc%11c(ccc%12cc%13c(ccc%14cc%15c(ccc%16cc%17c(ccc%18cc%19c(ccc%20cc%21c(ccc%22cc%23c(ccc%24cc%25c(ccc%26cc%27c(ccc%28cc%29c(ccc%30cc%31c(ccc%32cc%33c(ccc%34cc%35c(ccc%36cc%37c(ccc%38cc%39c(ccc%40cc%41c(ccc%42ccc(cc%42%41)=CC=c%41ccc%42cccc(c%42c%41)=C2)cc%40%39)cc%38%37)cc%36%35)cc%34%33)cc%32%31)cc%30%29)cc%28%27)cc%26%25)cc%24%23)cc%22%21)cc%20%19)cc%18%17)cc%16%15)cc%14%13)cc%12%11)cc%109)cc8c7ccccc6cc54)cc13')
[32665.855662584305] Updated in round 174! max:(0.9801324503311258, 'C=c1c2ccc3cc4c(=C)c(ccc4cc13)C=c1cccc3cc4c(ccc5cc6c(ccc7cc8c(ccc9cc%10c(ccc%11cc%12c(ccc%13cc%14c(ccc%15cc%16c(ccc%17cc%18c(ccc%19cc%20c(ccc%21cc%22c(ccc%23cc%24c(ccc%25cc%26c(ccc%27cc%28c(ccc%29cc%30c(ccc%31cc%32c(ccc%33cc%34c(ccc%35cc%36c(ccc%37cc%38c(ccc%39cc%40c(ccc%41cc%42c(ccc%43ccc(cc%43%42)=CC=c%42ccc%43cccc(c%43c%42)=C2)cc%41%40)cc%39%38)cc%37%36)cc%35%34)cc%33%32)cc%31%30)cc%29%28)cc%27%26)cc%25%24)cc%23%22)cc%21%20)cc%19%18)cc%17%16)cc%15%14)cc%13%12)cc%11%10)cc98)cc76)cc54)cc13')
[33489.155700445175] No improvement found in round 175. Roll back to (0.9735099337748344, 'C=c1c2ccc3cc4c(=C)c(ccc4cc13)C=c1cccc3cc4c(ccc5cc6ccc7ccc8cc9c(ccc%10cc%11c(ccc%12cc%13c(ccc%14cc%15c(ccc%16cc%17c(ccc%18cc%19c(ccc%20cc%21c(ccc%22cc%23c(ccc%24cc%25c(ccc%26cc%27c(ccc%28cc%29c(ccc%30cc%31c(ccc%32cc%33c(ccc%34cc%35c(ccc%36cc%37c(ccc%38cc%39c(ccc%40cc%41c(ccc%42ccc(cc%42%41)=CC=c%41ccc%42cccc(c%42c%41)=C2)cc%40%39)cc%38%37)cc%36%35)cc%34%33)cc%32%31)cc%30%29)cc%28%27)cc%26%25)cc%24%23)cc%22%21)cc%20%19)cc%18%17)cc%16%15)cc%14%13)cc%12%11)cc%109)cc8c7ccccc6cc54)cc13')
[34341.374786138535] No improvement found in round 176. Roll back to (0.9668874172185431, 'C=c1c2ccc3cc4c(=C)c(ccc4cc13)C=c1cccc3cc4ccc5ccccc6c(ccc5ccccc4cc13)ccc1cc3c(ccc4cc5c(ccc7cc8c(ccc9cc%10c(ccc%11cc%12c(ccc%13cc%14c(ccc%15cc%16c(ccc%17cc%18c(ccc%19cc%20c(ccc%21cc%22c(ccc%23cc%24c(ccc%25cc%26c(ccc%27cc%28c(ccc%29cc%30c(ccc%31cc%32c(ccc%33cc%34c(ccc%35cc%36c(ccc%37ccc(cc%37%36)=CC=c%36ccc%37cccc(c%37c%36)=C2)cc%35%34)cc%33%32)cc%31%30)cc%29%28)cc%27%26)cc%25%24)cc%23%22)cc%21%20)cc%19%18)cc%17%16)cc%15%14)cc%13%12)cc%11%10)cc98)cc75)cc43)cc16')
[35257.38224196434] Updated in round 177! max:(0.9735099337748344, 'C=c1c2ccc3cc4c(=C)c(ccc4cc13)C=c1cccc3cc4ccc5ccc6cc7c(ccc8cc9c(ccc%10cc%11c(ccc%12cc%13c(ccc%14cc%15c(ccc%16cc%17c(ccc%18cc%19c(ccc%20cc%21c(ccc%22cc%23c(ccc%24cc%25c(ccc%26cc%27c(ccc%28cc%29c(ccc%30cc%31c(ccc%32cc%33c(ccc%34cc%35c(ccc%36cc%37c(ccc%38cc%39c(ccc%40cc%41c(ccc%42ccc(cc%42%41)=CC=c%41ccc%42cccc(c%42c%41)=C2)cc%40%39)cc%38%37)cc%36%35)cc%34%33)cc%32%31)cc%30%29)cc%28%27)cc%26%25)cc%24%23)cc%22%21)cc%20%19)cc%18%17)cc%16%15)cc%14%13)cc%12%11)cc%109)cc87)cc6c5ccccc4cc13')
[36073.625725746155] No improvement found in round 178. Roll back to (0.9668874172185431, 'C=c1c2ccc3cc4c(=C)c(ccc4cc13)C=c1cccc3cc4ccc5ccccc6c(ccc5ccccc4cc13)ccc1cc3c(ccc4cc5c(ccc7cc8c(ccc9cc%10c(ccc%11cc%12c(ccc%13cc%14c(ccc%15cc%16c(ccc%17cc%18c(ccc%19cc%20c(ccc%21cc%22c(ccc%23cc%24c(ccc%25cc%26c(ccc%27cc%28c(ccc%29cc%30c(ccc%31cc%32c(ccc%33cc%34c(ccc%35cc%36c(ccc%37ccc(cc%37%36)=CC=c%36ccc%37cccc(c%37c%36)=C2)cc%35%34)cc%33%32)cc%31%30)cc%29%28)cc%27%26)cc%25%24)cc%23%22)cc%21%20)cc%19%18)cc%17%16)cc%15%14)cc%13%12)cc%11%10)cc98)cc75)cc43)cc16')
[37046.02668714523] No improvement found in round 179. Roll back to (0.9602649006622517, 'C=c1ccc2ccc3c(=C)c2ccccc1C=c1cccc2ccc(cc12)=CC=c1ccc2ccc4cc5c(ccc6cc7c(ccc8cc9c(ccc%10cc%11c(ccc%12cc%13c(ccc%14cc%15c(ccc%16cc%17c(ccc%18cc%19c(ccc%20cc%21c(ccc%22cc%23c(ccc%24cc%25c(ccc%26cc%27c(ccc%28cc%29c(ccc%30cc%31c(ccc%32cc%33c(ccc%34cc%35c(ccc%36cc%37c(ccc%38ccc%39ccccc%40cc%41c(cccc%41cc%40ccc%39ccccc%38%37)=C3)cc%36%35)cc%34%33)cc%32%31)cc%30%29)cc%28%27)cc%26%25)cc%24%23)cc%22%21)cc%20%19)cc%18%17)cc%16%15)cc%14%13)cc%12%11)cc%109)cc87)cc65)cc4c2c1')
[37785.33760404587] Updated in round 180! max:(0.9668874172185431, 'C=c1c2ccc3ccc4cc5ccc6ccc(cc6c5cc4ccccc13)=CC=c1ccc3ccc4cc5c(ccc6cc7c(ccc8cc9c(ccc%10cc%11c(ccc%12cc%13c(ccc%14cc%15c(ccc%16cc%17c(ccc%18cc%19c(ccc%20cc%21c(ccc%22cc%23c(ccc%24cc%25c(ccc%26cc%27c(ccc%28cc%29c(ccc%30cc%31c(ccc%32cc%33c(ccc%34cc%35c(ccc%36cc%37c(ccc%38ccc%39ccccc%40cc%41c(cccc%41cc%40ccc%39ccccc%38%37)=C2)cc%36%35)cc%34%33)cc%32%31)cc%30%29)cc%28%27)cc%26%25)cc%24%23)cc%22%21)cc%20%19)cc%18%17)cc%16%15)cc%14%13)cc%12%11)cc%109)cc87)cc65)cc4c3c1')
[38437.13030529022] Updated in round 181! max:(0.9735099337748344, 'C1=c2ccc3ccc4cc5ccc6ccc7cc8c(ccc9cc%10ccc%11ccccc%12c(ccc%11ccccc%10cc98)ccc8cc9c(ccc%10cc%11c(ccc%13cc%14c(ccc%15cc%16c(ccc%17cc%18c(ccc%19cc%20c(ccc%21cc%22c(ccc%23cc%24c(ccc%25cc%26c(ccc%27cc%28c(ccc%29cc%30c(ccc%31cc%32c(ccc%33cc%34c(ccc%35cc%36c(ccc%37cc%38c(ccc%39cc%40c(ccc%41cc%42c(ccc%43ccc(cc%43%42)=C1)cc%41%40)cc%39%38)cc%37%36)cc%35%34)cc%33%32)cc%31%30)cc%29%28)cc%27%26)cc%25%24)cc%23%22)cc%21%20)cc%19%18)cc%17%16)cc%15%14)cc%13%11)cc%109)cc8%12)cc7c6ccccc5cc4c3c2')
[39385.94582033157] Updated in round 182! max:(0.9801324503311258, 'C1=c2ccc3ccc4cc5c(ccc6cc7c(ccc8cc9c(ccc%10cc%11ccc%12ccccc%13c(ccc%12ccccc%11cc%109)ccc9cc%10c(ccc%11cc%12c(ccc%14cc%15c(ccc%16cc%17c(ccc%18cc%19c(ccc%20cc%21c(ccc%22cc%23c(ccc%24cc%25c(ccc%26cc%27c(ccc%28cc%29c(ccc%30cc%31c(ccc%32cc%33c(ccc%34cc%35c(ccc%36cc%37c(ccc%38cc%39c(ccc%40cc%41c(ccc%42cc%43c(ccc%44ccc(cc%44%43)=C1)cc%42%41)cc%40%39)cc%38%37)cc%36%35)cc%34%33)cc%32%31)cc%30%29)cc%28%27)cc%26%25)cc%24%23)cc%22%21)cc%20%19)cc%18%17)cc%16%15)cc%14%12)cc%11%10)cc9%13)cc87)cc65)cc4c3c2')
[40796.96401929855] No improvement found in round 183. Roll back to (0.9735099337748344, 'C1=c2ccc3ccc4cc5ccc6ccc7cc8c(ccc9cc%10ccc%11ccccc%12c(ccc%11ccccc%10cc98)ccc8cc9c(ccc%10cc%11c(ccc%13cc%14c(ccc%15cc%16c(ccc%17cc%18c(ccc%19cc%20c(ccc%21cc%22c(ccc%23cc%24c(ccc%25cc%26c(ccc%27cc%28c(ccc%29cc%30c(ccc%31cc%32c(ccc%33cc%34c(ccc%35cc%36c(ccc%37cc%38c(ccc%39cc%40c(ccc%41cc%42c(ccc%43ccc(cc%43%42)=C1)cc%41%40)cc%39%38)cc%37%36)cc%35%34)cc%33%32)cc%31%30)cc%29%28)cc%27%26)cc%25%24)cc%23%22)cc%21%20)cc%19%18)cc%17%16)cc%15%14)cc%13%11)cc%109)cc8%12)cc7c6ccccc5cc4c3c2')
[42166.752093315125] Updated in round 184! max:(0.9801324503311258, 'C1=c2ccc3ccc4cc5ccc6ccc7cc8c(ccc9cc%10c(ccc%11cc%12ccc%13ccc%14cc%15c(ccc%16cc%17c(ccc%18cc%19c(ccc%20cc%21c(ccc%22cc%23c(ccc%24cc%25c(ccc%26cc%27c(ccc%28cc%29c(ccc%30cc%31c(ccc%32cc%33c(ccc%34cc%35c(ccc%36cc%37c(ccc%38cc%39c(ccc%40cc%41c(ccc%42cc%43c(ccc%44cc%45c(ccc%46cc%47c(ccc%48ccc(cc%48%47)=C1)cc%46%45)cc%44%43)cc%42%41)cc%40%39)cc%38%37)cc%36%35)cc%34%33)cc%32%31)cc%30%29)cc%28%27)cc%26%25)cc%24%23)cc%22%21)cc%20%19)cc%18%17)cc%16%15)cc%14c%13ccccc%12cc%11%10)cc98)cc7c6ccccc5cc4c3c2')
[43603.853278398514] No improvement found in round 185. Roll back to (0.9735099337748344, 'C1=c2ccc3ccc4cc5ccc6ccc7cc8c(ccc9cc%10ccc%11ccccc%12c(ccc%11ccccc%10cc98)ccc8cc9c(ccc%10cc%11c(ccc%13cc%14c(ccc%15cc%16c(ccc%17cc%18c(ccc%19cc%20c(ccc%21cc%22c(ccc%23cc%24c(ccc%25cc%26c(ccc%27cc%28c(ccc%29cc%30c(ccc%31cc%32c(ccc%33cc%34c(ccc%35cc%36c(ccc%37cc%38c(ccc%39cc%40c(ccc%41cc%42c(ccc%43ccc(cc%43%42)=C1)cc%41%40)cc%39%38)cc%37%36)cc%35%34)cc%33%32)cc%31%30)cc%29%28)cc%27%26)cc%25%24)cc%23%22)cc%21%20)cc%19%18)cc%17%16)cc%15%14)cc%13%11)cc%109)cc8%12)cc7c6ccccc5cc4c3c2')
[45251.34284901619] No improvement found in round 186. Roll back to (0.9668874172185431, 'C=c1c2ccc3ccc4cc5ccc6ccc(cc6c5cc4ccccc13)=CC=c1ccc3ccc4cc5c(ccc6cc7c(ccc8cc9c(ccc%10cc%11c(ccc%12cc%13c(ccc%14cc%15c(ccc%16cc%17c(ccc%18cc%19c(ccc%20cc%21c(ccc%22cc%23c(ccc%24cc%25c(ccc%26cc%27c(ccc%28cc%29c(ccc%30cc%31c(ccc%32cc%33c(ccc%34cc%35c(ccc%36cc%37c(ccc%38ccc%39ccccc%40cc%41c(cccc%41cc%40ccc%39ccccc%38%37)=C2)cc%36%35)cc%34%33)cc%32%31)cc%30%29)cc%28%27)cc%26%25)cc%24%23)cc%22%21)cc%20%19)cc%18%17)cc%16%15)cc%14%13)cc%12%11)cc%109)cc87)cc65)cc4c3c1')
[46264.54729104042] No improvement found in round 187. Roll back to (0.9602649006622517, 'C=c1ccc2ccc3c(=C)c2ccccc1C=c1cccc2ccc(cc12)=CC=c1ccc2ccc4cc5c(ccc6cc7c(ccc8cc9c(ccc%10cc%11c(ccc%12cc%13c(ccc%14cc%15c(ccc%16cc%17c(ccc%18cc%19c(ccc%20cc%21c(ccc%22cc%23c(ccc%24cc%25c(ccc%26cc%27c(ccc%28cc%29c(ccc%30cc%31c(ccc%32cc%33c(ccc%34cc%35c(ccc%36cc%37c(ccc%38ccc%39ccccc%40cc%41c(cccc%41cc%40ccc%39ccccc%38%37)=C3)cc%36%35)cc%34%33)cc%32%31)cc%30%29)cc%28%27)cc%26%25)cc%24%23)cc%22%21)cc%20%19)cc%18%17)cc%16%15)cc%14%13)cc%12%11)cc%109)cc87)cc65)cc4c2c1')
[47066.50193095207] No improvement found in round 188. Roll back to (0.9536423841059603, 'C=CC1=CC=c2cccccc(c(=C)cc2)C=c2cccc3ccc(cc23)=CC=c2ccc3ccc4cc5c(ccc6cc7c(ccc8cc9c(ccc%10cc%11c(ccc%12cc%13c(ccc%14cc%15c(ccc%16cc%17c(ccc%18cc%19c(ccc%20cc%21c(ccc%22cc%23c(ccc%24cc%25c(ccc%26cc%27c(ccc%28cc%29c(ccc%30cc%31c(ccc%32cc%33c(ccc%34cc%35c(ccc%36cc%37c(ccc%38ccc%39ccccc%40cc%41c(cccc%41cc%40ccc%39ccccc%38%37)=C1)cc%36%35)cc%34%33)cc%32%31)cc%30%29)cc%28%27)cc%26%25)cc%24%23)cc%22%21)cc%20%19)cc%18%17)cc%16%15)cc%14%13)cc%12%11)cc%109)cc87)cc65)cc4c3c2')
[48224.71177649498] No improvement found in round 189. Roll back to (0.9470198675496688, 'C=c1ccc2cccccc1C=c1cccc3ccc(cc13)=CC=c1ccc3ccc4cc5c(ccc6cc7c(ccc8cc9c(ccc%10cc%11c(ccc%12cc%13c(ccc%14cc%15c(ccc%16cc%17c(ccc%18cc%19c(ccc%20cc%21c(ccc%22cc%23c(ccc%24cc%25c(ccc%26cc%27c(ccc%28cc%29c(ccc%30cc%31c(ccc%32cc%33c(ccc%34cc%35c(ccc%36cc%37c(ccc%38ccc%39ccccc%40cc%41c(cccc%41cc%40ccc%39ccccc%38%37)=CC=CC=2)cc%36%35)cc%34%33)cc%32%31)cc%30%29)cc%28%27)cc%26%25)cc%24%23)cc%22%21)cc%20%19)cc%18%17)cc%16%15)cc%14%13)cc%12%11)cc%109)cc87)cc65)cc4c3c1')
[48647.27345275879] Updated in round 190! max:(0.9536423841059603, 'C=c1ccc2cccccc1C=c1cccc3ccc(cc13)=CC=c1ccc3ccc4cc5c(ccc6cc7c(ccc8cc9c(ccc%10cc%11c(ccc%12cc%13c(ccc%14cc%15c(ccc%16cc%17c(ccc%18cc%19c(ccc%20cc%21c(ccc%22cc%23c(ccc%24cc%25c(ccc%26cc%27c(ccc%28cc%29c(ccc%30cc%31c(ccc%32cc%33c(ccc%34cc%35c(ccc%36cc%37c(ccc%38ccc%39cc%40ccc%41cc%42c(cccc%42cc%41c%40cc%39ccccc%38%37)=CC=CC=2)cc%36%35)cc%34%33)cc%32%31)cc%30%29)cc%28%27)cc%26%25)cc%24%23)cc%22%21)cc%20%19)cc%18%17)cc%16%15)cc%14%13)cc%12%11)cc%109)cc87)cc65)cc4c3c1')
[49176.829709768295] Updated in round 191! max:(0.9602649006622517, 'C=Cc1ccc2cc3c4ccc5cc6ccc7ccc8cc9c(ccc%10cc%11c(ccc%12cc%13c(ccc%14cc%15c(ccc%16cc%17c(ccc%18cc%19c(ccc%20cc%21c(ccc%22cc%23c(ccc%24cc%25c(ccc%26cc%27c(ccc%28cc%29c(ccc%30cc%31c(ccc%32cc%33c(ccc%34cc%35c(ccc%36cc%37c(ccc%38cc%39c(ccc%40cc%41c(ccc%42ccc(cc%42%41)=CC=c%41ccc%42cccc(c%42c%41)=Cc%41cccccc(ccc%41=C)=CC=CC=c1c2c4)cc%40%39)cc%38%37)cc%36%35)cc%34%33)cc%32%31)cc%30%29)cc%28%27)cc%26%25)cc%24%23)cc%22%21)cc%20%19)cc%18%17)cc%16%15)cc%14%13)cc%12%11)cc%109)cc8c7ccccc6cc53')
[50026.24996519089] Updated in round 192! max:(0.9668874172185431, 'C=Cc1ccc2cc3c4ccc5cc6c(ccc7cc8c(ccc9cc%10c(ccc%11cc%12c(ccc%13cc%14c(ccc%15cc%16c(ccc%17cc%18c(ccc%19cc%20c(ccc%21cc%22c(ccc%23cc%24c(ccc%25cc%26c(ccc%27cc%28c(ccc%29cc%30c(ccc%31cc%32c(ccc%33cc%34c(ccc%35cc%36c(ccc%37cc%38c(ccc%39cc%40c(ccc%41cc%42c(ccc%43ccc(cc%43%42)=CC=c%42ccc%43cccc(c%43c%42)=Cc%42cccccc(ccc%42=C)=CC=CC=c1c2c4)cc%41%40)cc%39%38)cc%37%36)cc%35%34)cc%33%32)cc%31%30)cc%29%28)cc%27%26)cc%25%24)cc%23%22)cc%21%20)cc%19%18)cc%17%16)cc%15%14)cc%13%12)cc%11%10)cc98)cc76)cc53')
[51140.405171871185] No improvement found in round 193. Roll back to (0.9602649006622517, 'C=Cc1ccc2cc3c4ccc5cc6ccc7ccc8cc9c(ccc%10cc%11c(ccc%12cc%13c(ccc%14cc%15c(ccc%16cc%17c(ccc%18cc%19c(ccc%20cc%21c(ccc%22cc%23c(ccc%24cc%25c(ccc%26cc%27c(ccc%28cc%29c(ccc%30cc%31c(ccc%32cc%33c(ccc%34cc%35c(ccc%36cc%37c(ccc%38cc%39c(ccc%40cc%41c(ccc%42ccc(cc%42%41)=CC=c%41ccc%42cccc(c%42c%41)=Cc%41cccccc(ccc%41=C)=CC=CC=c1c2c4)cc%40%39)cc%38%37)cc%36%35)cc%34%33)cc%32%31)cc%30%29)cc%28%27)cc%26%25)cc%24%23)cc%22%21)cc%20%19)cc%18%17)cc%16%15)cc%14%13)cc%12%11)cc%109)cc8c7ccccc6cc53')
[51982.73444271088] Updated in round 194! max:(0.9668874172185431, 'C=Cc1ccc2cc3c4ccc5cc6ccc7ccc8cc9c(ccc%10cc%11c(ccc%12cc%13c(ccc%14cc%15c(ccc%16cc%17c(ccc%18cc%19c(ccc%20cc%21c(ccc%22cc%23c(ccc%24cc%25c(ccc%26cc%27c(ccc%28cc%29c(ccc%30cc%31c(ccc%32cc%33c(ccc%34cc%35c(ccc%36cc%37c(ccc%38cc%39c(ccc%40cc%41c(ccc%42ccc(cc%42%41)=CC=c%41ccc%42cccc(c%42c%41)=Cc%41ccc%42ccc(cc%42c%41=C)=CC=CC=c1c2c4)cc%40%39)cc%38%37)cc%36%35)cc%34%33)cc%32%31)cc%30%29)cc%28%27)cc%26%25)cc%24%23)cc%22%21)cc%20%19)cc%18%17)cc%16%15)cc%14%13)cc%12%11)cc%109)cc8c7ccccc6cc53')
[52538.45097708702] Updated in round 195! max:(0.9735099337748344, 'C=c1c2ccc3ccc(cc13)=CC=c1ccc3ccc4cc5c(ccc6cc7ccc8ccc9cc%10c(ccc%11cc%12c(ccc%13cc%14c(ccc%15cc%16c(ccc%17cc%18c(ccc%19cc%20c(ccc%21cc%22c(ccc%23cc%24c(ccc%25cc%26c(ccc%27cc%28c(ccc%29cc%30c(ccc%31cc%32c(ccc%33cc%34c(ccc%35cc%36c(ccc%37cc%38c(ccc%39cc%40c(ccc%41cc%42c(ccc%43ccc(cc%43%42)=CC=c%42ccc%43cccc(c%43c%42)=C2)cc%41%40)cc%39%38)cc%37%36)cc%35%34)cc%33%32)cc%31%30)cc%29%28)cc%27%26)cc%25%24)cc%23%22)cc%21%20)cc%19%18)cc%17%16)cc%15%14)cc%13%12)cc%11%10)cc9c8ccccc7cc65)cc4c3c1')
[53185.95971941948] Updated in round 196! max:(0.9801324503311258, 'C1=c2ccc3ccc4cc5c(ccc6ccc(cc65)=CC=c5ccc6ccc7cc8c(ccc9cc%10c(ccc%11cc%12c(ccc%13cc%14c(ccc%15cc%16c(ccc%17cc%18c(ccc%19cc%20c(ccc%21cc%22c(ccc%23cc%24c(ccc%25cc%26c(ccc%27cc%28c(ccc%29cc%30c(ccc%31cc%32c(ccc%33cc%34c(ccc%35cc%36c(ccc%37cc%38c(ccc%39cc%40c(ccc%41ccc%42cc%43ccc%44cc%45c(ccc%46ccc(cc%46%45)=C1)cc%44c%43cc%42ccccc%41%40)cc%39%38)cc%37%36)cc%35%34)cc%33%32)cc%31%30)cc%29%28)cc%27%26)cc%25%24)cc%23%22)cc%21%20)cc%19%18)cc%17%16)cc%15%14)cc%13%12)cc%11%10)cc98)cc7c6c5)cc4c3c2')
[55056.281015872955] No improvement found in round 197. Roll back to (0.9735099337748344, 'C=c1c2ccc3ccc(cc13)=CC=c1ccc3ccc4cc5c(ccc6cc7ccc8ccc9cc%10c(ccc%11cc%12c(ccc%13cc%14c(ccc%15cc%16c(ccc%17cc%18c(ccc%19cc%20c(ccc%21cc%22c(ccc%23cc%24c(ccc%25cc%26c(ccc%27cc%28c(ccc%29cc%30c(ccc%31cc%32c(ccc%33cc%34c(ccc%35cc%36c(ccc%37cc%38c(ccc%39cc%40c(ccc%41cc%42c(ccc%43ccc(cc%43%42)=CC=c%42ccc%43cccc(c%43c%42)=C2)cc%41%40)cc%39%38)cc%37%36)cc%35%34)cc%33%32)cc%31%30)cc%29%28)cc%27%26)cc%25%24)cc%23%22)cc%21%20)cc%19%18)cc%17%16)cc%15%14)cc%13%12)cc%11%10)cc9c8ccccc7cc65)cc4c3c1')
[56102.51835346222] No improvement found in round 198. Roll back to (0.9668874172185431, 'C=Cc1ccc2cc3c4ccc5cc6ccc7ccc8cc9c(ccc%10cc%11c(ccc%12cc%13c(ccc%14cc%15c(ccc%16cc%17c(ccc%18cc%19c(ccc%20cc%21c(ccc%22cc%23c(ccc%24cc%25c(ccc%26cc%27c(ccc%28cc%29c(ccc%30cc%31c(ccc%32cc%33c(ccc%34cc%35c(ccc%36cc%37c(ccc%38cc%39c(ccc%40cc%41c(ccc%42ccc(cc%42%41)=CC=c%41ccc%42cccc(c%42c%41)=Cc%41ccc%42ccc(cc%42c%41=C)=CC=CC=c1c2c4)cc%40%39)cc%38%37)cc%36%35)cc%34%33)cc%32%31)cc%30%29)cc%28%27)cc%26%25)cc%24%23)cc%22%21)cc%20%19)cc%18%17)cc%16%15)cc%14%13)cc%12%11)cc%109)cc8c7ccccc6cc53')
[56953.03365731239] Updated in round 199! max:(0.9735099337748344, 'C=Cc1ccc2cc3c4ccc5cc6ccc7ccc8cc9c(ccc%10cc%11c(ccc%12cc%13c(ccc%14cc%15c(ccc%16cc%17c(ccc%18cc%19c(ccc%20cc%21c(ccc%22cc%23c(ccc%24cc%25c(ccc%26cc%27c(ccc%28cc%29c(ccc%30cc%31c(ccc%32cc%33c(ccc%34cc%35c(ccc%36cc%37c(ccc%38cc%39c(ccc%40cc%41c(ccc%42ccc(cc%42%41)=CC=c%41ccc%42ccc%43cc%44c(ccc%45ccc(cc%45%44)=CC=CC=c1c2c4)cc%43c%42c%41)cc%40%39)cc%38%37)cc%36%35)cc%34%33)cc%32%31)cc%30%29)cc%28%27)cc%26%25)cc%24%23)cc%22%21)cc%20%19)cc%18%17)cc%16%15)cc%14%13)cc%12%11)cc%109)cc8c7ccccc6cc53')
[57925.3808119297] Updated in round 200! max:(0.9801324503311258, 'C=Cc1ccc2cc3c4ccc5cc6c(ccc7cc8c(ccc9cc%10c(ccc%11cc%12c(ccc%13cc%14c(ccc%15cc%16c(ccc%17cc%18c(ccc%19cc%20c(ccc%21cc%22c(ccc%23cc%24c(ccc%25cc%26c(ccc%27cc%28c(ccc%29cc%30c(ccc%31cc%32c(ccc%33cc%34c(ccc%35cc%36c(ccc%37cc%38c(ccc%39cc%40c(ccc%41cc%42c(ccc%43ccc(cc%43%42)=CC=c%42ccc%43ccc%44cc%45c(ccc%46ccc(cc%46%45)=CC=CC=c1c2c4)cc%44c%43c%42)cc%41%40)cc%39%38)cc%37%36)cc%35%34)cc%33%32)cc%31%30)cc%29%28)cc%27%26)cc%25%24)cc%23%22)cc%21%20)cc%19%18)cc%17%16)cc%15%14)cc%13%12)cc%11%10)cc98)cc76)cc53')
[58869.540061712265] No improvement found in round 201. Roll back to (0.9735099337748344, 'C=Cc1ccc2cc3c4ccc5cc6ccc7ccc8cc9c(ccc%10cc%11c(ccc%12cc%13c(ccc%14cc%15c(ccc%16cc%17c(ccc%18cc%19c(ccc%20cc%21c(ccc%22cc%23c(ccc%24cc%25c(ccc%26cc%27c(ccc%28cc%29c(ccc%30cc%31c(ccc%32cc%33c(ccc%34cc%35c(ccc%36cc%37c(ccc%38cc%39c(ccc%40cc%41c(ccc%42ccc(cc%42%41)=CC=c%41ccc%42ccc%43cc%44c(ccc%45ccc(cc%45%44)=CC=CC=c1c2c4)cc%43c%42c%41)cc%40%39)cc%38%37)cc%36%35)cc%34%33)cc%32%31)cc%30%29)cc%28%27)cc%26%25)cc%24%23)cc%22%21)cc%20%19)cc%18%17)cc%16%15)cc%14%13)cc%12%11)cc%109)cc8c7ccccc6cc53')
[59951.30271244049] No improvement found in round 202. Roll back to (0.9668874172185431, 'C=Cc1ccc2cc3c4ccc5cc6ccc7ccc8cc9c(ccc%10cc%11c(ccc%12cc%13c(ccc%14cc%15c(ccc%16cc%17c(ccc%18cc%19c(ccc%20cc%21c(ccc%22cc%23c(ccc%24cc%25c(ccc%26cc%27c(ccc%28cc%29c(ccc%30cc%31c(ccc%32cc%33c(ccc%34cc%35c(ccc%36cc%37c(ccc%38cc%39c(ccc%40cc%41c(ccc%42ccc(cc%42%41)=CC=c%41ccc%42cccc(c%42c%41)=Cc%41ccc%42ccc(cc%42c%41=C)=CC=CC=c1c2c4)cc%40%39)cc%38%37)cc%36%35)cc%34%33)cc%32%31)cc%30%29)cc%28%27)cc%26%25)cc%24%23)cc%22%21)cc%20%19)cc%18%17)cc%16%15)cc%14%13)cc%12%11)cc%109)cc8c7ccccc6cc53')
[60592.29200434685] Updated in round 203! max:(0.9735099337748344, 'C=Cc1ccc2cc3c4ccc5cc6ccc7ccc8cc9c(ccc%10cc%11c(ccc%12cc%13c(ccc%14cc%15c(ccc%16cc%17c(ccc%18cc%19c(ccc%20cc%21c(ccc%22cc%23c(ccc%24cc%25c(ccc%26cc%27c(ccc%28cc%29c(ccc%30cc%31c(ccc%32cc%33c(ccc%34cc%35c(ccc%36cc%37c(ccc%38cc%39c(ccc%40cc%41c(ccc%42cc%43c(ccc%44cc%45c(cccc%45cc%44%43)=Cc%43ccc%44ccc(cc%44c%43=C)=CC=CC=c1c2c4)cc%42%41)cc%40%39)cc%38%37)cc%36%35)cc%34%33)cc%32%31)cc%30%29)cc%28%27)cc%26%25)cc%24%23)cc%22%21)cc%20%19)cc%18%17)cc%16%15)cc%14%13)cc%12%11)cc%109)cc8c7ccccc6cc53')
[61437.76147222519] Updated in round 204! max:(0.9801324503311258, 'C=c1c2ccc3cc4ccc5ccc6cc7c(ccc8cc9ccc%10ccc%11cc%12c(ccc%13cc%14c(ccc%15cc%16c(ccc%17cc%18c(ccc%19cc%20c(ccc%21cc%22c(ccc%23cc%24c(ccc%25cc%26c(ccc%27cc%28c(ccc%29cc%30c(ccc%31cc%32c(ccc%33cc%34c(ccc%35cc%36c(ccc%37cc%38c(ccc%39cc%40c(ccc%41cc%42c(ccc%43cc%44c(ccc%45cc%46c(ccc%47cc%48c(cccc%48cc%47%46)=C2)cc%45%44)cc%43%42)cc%41%40)cc%39%38)cc%37%36)cc%35%34)cc%33%32)cc%31%30)cc%29%28)cc%27%26)cc%25%24)cc%23%22)cc%21%20)cc%19%18)cc%17%16)cc%15%14)cc%13%12)cc%11c%10ccccc9cc87)cc6c5ccccc4cc13')
[62330.2747130394] Updated in round 205! max:(0.9867549668874173, 'c1ccc2c3ccc4cc5ccc6cc7c(ccc8ccc9cc%10ccc%11cc%12c(ccc%13cc%14c(ccc%15cc%16c(ccc%17cc%18c(ccc%19cc%20c(ccc%21cc%22c(ccc%23cc%24c(ccc%25cc%26c(ccc%27cc%28c(ccc%29cc%30c(ccc%31cc%32c(ccc%33cc%34c(ccc%35cc%36c(ccc%37cc%38c(ccc%39cc%40c(ccc%41cc%42c(ccc%43cc%44c(ccc%45cc%46c(ccc%47cc%48c(ccc%49cc2c(cc3)cc%49%48)cc%47%46)cc%45%44)cc%43%42)cc%41%40)cc%39%38)cc%37%36)cc%35%34)cc%33%32)cc%31%30)cc%29%28)cc%27%26)cc%25%24)cc%23%22)cc%21%20)cc%19%18)cc%17%16)cc%15%14)cc%13%12)cc%11c%10cc9ccccc87)cc6c5cc4c1')
[63972.112233161926] Updated in round 206! max:(0.9933774834437086, 'c1ccc2c3ccc4cc5ccc6cc7c(ccc8cc9c(ccc%10cc%11c(ccc%12cc%13c(ccc%14cc%15c(ccc%16cc%17c(ccc%18cc%19c(ccc%20cc%21c(ccc%22cc%23c(ccc%24cc%25c(ccc%26cc%27c(ccc%28cc%29c(ccc%30cc%31c(ccc%32cc%33c(ccc%34cc%35c(ccc%36cc%37c(ccc%38cc%39c(ccc%40cc%41c(ccc%42cc%43c(ccc%44cc%45c(ccc%46cc%47c(ccc%48cc%49c(ccc%50cc2c(cc3)cc%50%49)cc%48%47)cc%46%45)cc%44%43)cc%42%41)cc%40%39)cc%38%37)cc%36%35)cc%34%33)cc%32%31)cc%30%29)cc%28%27)cc%26%25)cc%24%23)cc%22%21)cc%20%19)cc%18%17)cc%16%15)cc%14%13)cc%12%11)cc%109)cc87)cc6c5cc4c1')
[65398.28770709038] Updated in round 207! max:(1.0, 'c1cc2cc3c4ccc5cc6c(ccc7cc8c(ccc9cc%10c(ccc%11cc%12c(ccc%13cc%14c(ccc%15cc%16c(ccc%17cc%18c(ccc%19cc%20c(ccc%21cc%22c(ccc%23cc%24c(ccc%25cc%26c(ccc%27cc%28c(ccc%29cc%30c(ccc%31cc%32c(ccc%33cc%34c(ccc%35cc%36c(ccc%37cc%38c(ccc%39cc%40c(ccc%41cc%42c(ccc%43cc%44c(ccc%45cc%46c(ccc%47cc%48c(ccc%49cc%50c(ccc%51cc(c1cc%51%50)c2c4)cc%49%48)cc%47%46)cc%45%44)cc%43%42)cc%41%40)cc%39%38)cc%37%36)cc%35%34)cc%33%32)cc%31%30)cc%29%28)cc%27%26)cc%25%24)cc%23%22)cc%21%20)cc%19%18)cc%17%16)cc%15%14)cc%13%12)cc%11%10)cc98)cc76)cc53')
[65398.28772497177] Reproduced in round 207!!
