[5.5789947509765625e-05] Start running HillClimbing from [H][H]...
[0.00038552284240722656] Updated in round 1! max:(0.04, 'C=C')
[0.0007717609405517578] Updated in round 2! max:(0.08, 'C=CC=C')
[0.0015559196472167969] Updated in round 3! max:(0.12, 'C=CC(=C)C=C')
[0.0027992725372314453] Updated in round 4! max:(0.16, 'C=CC(=C)C(=C)C=C')
[0.004509449005126953] Updated in round 5! max:(0.2, 'C=CC=C(C=C)C(=C)C=C')
[0.007749795913696289] Updated in round 6! max:(0.24, 'C=CC=C(C(=C)C=C)C(=C)C=C')
[0.012120723724365234] Updated in round 7! max:(0.28, 'C=CC=CC=C(C(=C)C=C)C(=C)C=C')
[0.017336368560791016] Updated in round 8! max:(0.32, 'C=CC=CC=CC=C(C(=C)C=C)C(=C)C=C')
[0.026892662048339844] Updated in round 9! max:(0.36, 'C=CC=CC=CC(C=C)=C(C(=C)C=C)C(=C)C=C')
[0.03905344009399414] Updated in round 10! max:(0.4, 'C=CC=c1ccc(=C(C(=C)C=C)C(=C)C=C)cc1')
[0.04939913749694824] Updated in round 11! max:(0.44, 'C=CC(=C)C(C(=C)C=C)=c1ccc(=C(C=C)C=C)cc1')
[0.06130170822143555] Updated in round 12! max:(0.48, 'C=CC=CC(=C)C(C(=C)C=C)=c1ccc(=C(C=C)C=C)cc1')
[0.08023715019226074] Updated in round 13! max:(0.52, 'C=CC=CC(=C)C(C(=C)C=CC=C)=c1ccc(=C(C=C)C=C)cc1')
[0.10270953178405762] Updated in round 14! max:(0.56, 'C=CC=CC(=C)C(C(=C)C=CC=C)=c1ccc(=C(C=C)C=CC=C)cc1')
[0.13410663604736328] Updated in round 15! max:(0.6, 'C=CC=CC=CC(C=C)=c1ccc(=C(C(=C)C=CC=C)C(=C)C=CC=C)cc1')
[0.17333650588989258] Updated in round 16! max:(0.64, 'C=CC=CC(=C)C(C(=C)C=CC=C)=c1ccc(=C(C=C)C=CC=C(C=C)C=C)cc1')
[0.22563648223876953] Updated in round 17! max:(0.68, 'C=CC=CC(=C)C(C(=C)C=CC=C)=c1ccc(=C(C=C)C=CC=C(C=C)C(=C)C=C)cc1')
[0.28084421157836914] Updated in round 18! max:(0.72, 'C=CC=CC(=C)C(C(=C)C=CC=C)=c1ccc(=C(C=C)C=CC=C(C(=C)C=C)C(=C)C=C)cc1')
[0.3426072597503662] Updated in round 19! max:(0.76, 'C=CC=CC(=C)C(c1ccccc1)=c1ccc(=C(C=C)C=CC=C(C(=C)C=C)C(=C)C=C)cc1')
[0.40564417839050293] Updated in round 20! max:(0.8, 'C=CC=CC(=C)C(c1ccccc1)=c1ccc(=C(C=C)C=CC=C(C(=C)C=C)C(C=C)=CC=C)cc1')
[0.49552011489868164] Updated in round 21! max:(0.84, 'C=CC=C(C=C)C(=CC=CC(C=C)=c1ccc(=C(c2ccccc2)c2ccccc2)cc1)C(=C)C=C')
[0.583146333694458] Updated in round 22! max:(0.88, 'C=CC(=C)C(=CC=CC(C=C)=c1ccc(=C(c2ccccc2)c2ccccc2)cc1)c1ccccc1')
[0.6625330448150635] Updated in round 23! max:(0.92, 'C=CC(=C)C(c1ccccc1)=c1ccc(=c2ccc(=C(c3ccccc3)c3ccccc3)cc2)cc1')
[0.763033390045166] Updated in round 24! max:(0.96, 'C=CC=CC(=C)C(c1ccccc1)=c1ccc(=c2ccc(=C(c3ccccc3)c3ccccc3)cc2)cc1')
[0.8578338623046875] Updated in round 25! max:(1.0, 'c1ccc(C(c2ccccc2)=c2ccc(=c3ccc(=C(c4ccccc4)c4ccccc4)cc3)cc2)cc1')
[0.8578474521636963] Reproduced in round 25!!
