[5.8650970458984375e-05] Start running HillClimbing from [H][H]...
[0.00043463706970214844] Updated in round 1! max:(0.025, 'C#C')
[0.0008704662322998047] Updated in round 2! max:(0.05, 'C#CC=C')
[0.0016427040100097656] Updated in round 3! max:(0.075, 'C#CC(=C)C=C')
[0.0024955272674560547] Updated in round 4! max:(0.1, 'C#CC(C=C)=CC=C')
[0.0038928985595703125] Updated in round 5! max:(0.125, 'C#CC(=C)C=C(C#C)C=C')
[0.006144285202026367] Updated in round 6! max:(0.15, 'C#Cc1cccc(C#C)c1')
[0.008049726486206055] Updated in round 7! max:(0.175, 'C#Cc1cc(C#C)cc(C#C)c1')
[0.010376930236816406] Updated in round 8! max:(0.2, 'C#Cc1cc(C#C)cc(C#CC=C)c1')
[0.013629674911499023] Updated in round 9! max:(0.225, 'C#Cc1cc(C#C)c(C#C)c(C#CC=C)c1')
[0.017451047897338867] Updated in round 10! max:(0.25, 'C#Cc1cc(C#C)c(C#C)c(C#CC(=C)C=C)c1')
[0.022534608840942383] Updated in round 11! max:(0.275, 'C#Cc1cc(C#C)c(C#CC=C)c(C#CC(=C)C=C)c1')
[0.028867483139038086] Updated in round 12! max:(0.3, 'C#CC=CC#Cc1c(C#C)cc(C#C)cc1C#CC(=C)C=C')
[0.03673982620239258] Updated in round 13! max:(0.325, 'C#CC(C=C)=CC#Cc1c(C#C)cc(C#C)cc1C#CC(=C)C=C')
[0.046112060546875] Updated in round 14! max:(0.35, 'C#CC(C=C)=CC#Cc1c(C#C)cc(C#C)c(C#C)c1C#CC(=C)C=C')
[0.05606961250305176] Updated in round 15! max:(0.375, 'C#CC(C=C)=CC#Cc1c(C#C)cc(C#C)c(C#C)c1C#CC(C=C)=CC=C')
[0.06989789009094238] Updated in round 16! max:(0.4, 'C#CC(C=C)=CC#Cc1c(C#C)cc(C#C)c(C#C)c1C#CC(C=C)=C(C#C)C=C')
[0.0860741138458252] Updated in round 17! max:(0.425, 'C#CC(C=C)=C(C#Cc1c(C#C)c(C#C)cc(C#C)c1C#CC=C(C#CC=C)C=C)C=C')
[0.1055445671081543] Updated in round 18! max:(0.45, 'C#CC(C=C)=C(C#Cc1c(C#CC=C)c(C#C)cc(C#C)c1C#CC=C(C#CC=C)C=C)C=C')
[0.12748932838439941] Updated in round 19! max:(0.475, 'C#CC(C=C)=C(C#Cc1c(C#CC=C)c(C#C)c(C#C)c(C#C)c1C#CC=C(C#CC=C)C=C)C=C')
[0.15014195442199707] Updated in round 20! max:(0.5, 'C#CC(C=C)=C(C#Cc1c(C#CC=C(C#CC=C)C=C)c(C#C)c(C#C)c(C#C)c1C#CC(=C)C=C)C=C')
[0.17822861671447754] Updated in round 21! max:(0.525, 'C#Cc1c(C#C)c(C#CC=C(C#CC=C)C=C)c2c(c1C#C)C#CC(C=C)=CC#CC(C=C)=C(C=C)C#C2')
[0.20377898216247559] Updated in round 22! max:(0.55, 'C#Cc1c(C#C)c(C#CC=C(C#CC=C)C=C)c2c(c1C#CC=C)C#CC(C=C)=CC#CC(C=C)=C(C=C)C#C2')
[0.23434209823608398] Updated in round 23! max:(0.575, 'C#Cc1c(C#CC=C)c(C#CC=C)c2c(c1C#CC=C(C#CC=C)C=C)C#CC(C=C)=C(C=C)C#CC=C(C=C)C#C2')
[0.268521785736084] Updated in round 24! max:(0.6, 'C#CC=CC#Cc1c(C#C)c(C#CC=C(C#CC=C)C=C)c2c(c1C#CC=C)C#CC(C=C)=CC#CC(C=C)=C(C=C)C#C2')
[0.3110320568084717] Updated in round 25! max:(0.625, 'C#CC=CC#Cc1c(C#CC=C)c(C#CC=C(C#CC=C)C=C)c2c(c1C#CC=C)C#CC(C=C)=CC#CC(C=C)=C(C=C)C#C2')
[0.35707569122314453] Updated in round 26! max:(0.65, 'C#CC=CC#Cc1c(C#CC=C)c2c(c(C#CC(C=C)=C(C#CC=C)C=C)c1C#CC=C)C#CC(C=C)=C(C=C)C#CC=C(C=C)C#C2')
[0.41353416442871094] Updated in round 27! max:(0.675, 'C#CC=CC#Cc1c(C#CC=C)c2c#cc(C=C)cc#cc(C=C)c(C=C)c#cc2c2c#cc(C=C)c(C=C)c#cc(=C)c(=C)c#cc12')
[0.4686102867126465] Updated in round 28! max:(0.7, 'C#CC=CC#Cc1c(C#CC(=C)C=C)c2c#cc(C=C)cc#cc(C=C)c(C=C)c#cc2c2c#cc(C=C)c(C=C)c#cc(=C)c(=C)c#cc12')
[0.5296707153320312] Updated in round 29! max:(0.725, 'C#CC=CC#Cc1c(C#CC(C=C)=CC=C)c2c#cc(C=C)cc#cc(C=C)c(C=C)c#cc2c2c#cc(C=C)c(C=C)c#cc(=C)c(=C)c#cc12')
[0.610421895980835] Updated in round 30! max:(0.75, 'C#CC=CC#Cc1c(C#CC(C=C)=CC=C)c2c#cc(C=C)c(C=C)c#cc(C=C)c(C=C)c#cc2c2c#cc(C=C)c(C=C)c#cc(=C)c(=C)c#cc12')
[0.6902034282684326] Updated in round 31! max:(0.775, 'C#CC=CC#Cc1c(C#CC(C=C)=CC=C)c2c#cc(C=C)c(C=C)c#cc(C=C)c(C=C)c#cc2c2c#cc(C=C)c(C=C)c#cc(=CC=C)c(=C)c#cc12')
[0.781557559967041] Updated in round 32! max:(0.8, 'C#CC=CC#Cc1c(C#CC(C=C)=CC=C)c2c#cc3ccccc3c#cc(C=C)c(C=C)c#cc2c2c#cc(C=C)c(C=C)c#cc(=CC=C)c(=C)c#cc12')
[0.8793745040893555] Updated in round 33! max:(0.825, 'C=CC=c1c#cc(C=C)c(C=C)c#cc2c3c#cc(C=C)c(C=C)c#cc4ccccc4c#cc3c3c#cc(C=C)c(C=C)c#cccc#cc3c2c#cc1=C')
[0.975440502166748] Updated in round 34! max:(0.85, 'C=CC=c1c#cc(C=C)c(C=C)c#cc2c3c#cc(C=C)c(C=C)c#cc4ccccc4c#cc3c3c#cc4ccccc4c#cccc#cc3c2c#cc1=C')
[1.0777747631072998] Updated in round 35! max:(0.875, 'C=CC=c1c#cc(C=C)c(C=C)c#cc2c3c#cc(C=C)c(C=C)c#cc4ccccc4c#cc3c3c#cc4ccccc4c#cc(C=C)cc#cc3c2c#cc1=C')
[1.1896264553070068] Updated in round 36! max:(0.9, 'C=Cc1c#cc2ccccc2c#cc2c(c#cc1)c1c#cc3ccccc3c#cc(C=C)c(C=C)c#cc1c1c#cc(C=C)c(C=C)c#cc3ccccc3c#cc12')
[1.3490312099456787] Updated in round 37! max:(0.925, 'C=Cc1c#cc2ccccc2c#cc2c(c#cc1)c1c#cc3ccccc3c#cc(C=C)c(C=C)c#cc1c1c#cc3ccccc3c#cc3ccccc3c#cc21')
[1.500462532043457] Updated in round 38! max:(0.95, 'C=Cc1c#cc2ccccc2c#cc2c(c#cc1)c1c#cc3ccccc3c#cc3ccccc3c#cc1c1c#cc3ccccc3c#cc3ccccc3c#cc21')
[1.6636686325073242] Updated in round 39! max:(0.975, 'C=Cc1c#cc2ccccc2c#cc2c(c#cc1C=C)c1c#cc3ccccc3c#cc3ccccc3c#cc1c1c#cc3ccccc3c#cc3ccccc3c#cc21')
[1.910386085510254] Updated in round 40! max:(1.0, 'c1c2ccccc2c#cc2c3c#cc4ccccc4c#cc4ccccc4c#cc3c3c#cc4ccccc4c#cc4ccccc4c#cc3c2c#cc2ccccc2c#1')
[1.910398244857788] Reproduced in round 40!!
