[5.340576171875e-05] Start running HillClimbing from [H][H]...
[0.03572869300842285] Updated in round 1! max:(0.02702702702702703, 'C=C')
[0.05850076675415039] Updated in round 2! max:(0.05405405405405406, 'C=CC=C')
[0.11757969856262207] Updated in round 3! max:(0.08108108108108109, 'C=CC=CC=C')
[0.11992287635803223] Updated in round 4! max:(0.10810810810810811, 'C=CC=CC(=C)C=C')
[0.12368607521057129] Updated in round 5! max:(0.13513513513513514, 'C=CC=CC(=C)C(=C)C=C')
[0.12779641151428223] Updated in round 6! max:(0.16216216216216217, 'C=CC=CC(=C)C(=C)C=CC=C')
[0.13495659828186035] Updated in round 7! max:(0.1891891891891892, 'C=c1ccccccccc1=C')
[0.14270997047424316] Updated in round 8! max:(0.21621621621621623, 'C=Cc1ccccc(=C)c(=C)ccc1')
[0.15259814262390137] Updated in round 9! max:(0.24324324324324326, 'C=CC=Cc1ccccc(=C)c(=C)ccc1')
[0.21527814865112305] Updated in round 10! max:(0.2702702702702703, 'C=CC=Cc1ccccc(=C)c(=CC=C)ccc1')
[0.24207067489624023] Updated in round 11! max:(0.2972972972972973, 'C=CC=Cc1ccccc(=CC=C)c(=CC=C)ccc1')
[0.26525402069091797] Updated in round 12! max:(0.32432432432432434, 'C=CC=CC=Cc1ccccc(=CC=C)c(=CC=C)ccc1')
[0.29540371894836426] Updated in round 13! max:(0.35135135135135137, 'C=CC=CC=Cc1ccccc(=CC=CC=C)c(=CC=C)ccc1')
[0.33796024322509766] Updated in round 14! max:(0.3783783783783784, 'C=CC=CC=c1ccccc(C=CC=C(C=C)C=C)cccc1=CC=C')
[0.3857276439666748] Updated in round 15! max:(0.40540540540540543, 'C=CC=c1cc2ccccc(C=CC=C(C=C)C=C)cccc2cc1=C')
[0.5160465240478516] Updated in round 16! max:(0.43243243243243246, 'C=CC=c1cc2cc3ccc(C=CC=C(C=C)C=C)cc3cc2cc1=C')
[0.5563375949859619] Updated in round 17! max:(0.4594594594594595, 'C=CC=CC(C=C)=CC=Cc1ccc2cc3cc(=CC=C)c(=C)cc3cc2c1')
[0.604686975479126] Updated in round 18! max:(0.4864864864864865, 'C=CC=CC=c1cc2cc3ccc(C=CC=C(C=C)C=CC=C)cc3cc2cc1=C')
[0.7533369064331055] Updated in round 19! max:(0.5135135135135135, 'C=CC=CC=CC=c1cc2cc3ccc(C=CC=C(C=C)C=CC=C)cc3cc2cc1=C')
[0.8422651290893555] Updated in round 20! max:(0.5405405405405406, 'C=CC=CC=CC=c1cc2cc3ccc(C=CC=C(C=C)C(C=C)=CC=C)cc3cc2cc1=C')
[1.0647974014282227] Updated in round 21! max:(0.5675675675675675, 'C=CC=CC=CC=c1cc2cc3ccc(C=CC=c4ccccc4=CC=C)cc3cc2cc1=C')
[1.150613784790039] Updated in round 22! max:(0.5945945945945946, 'C=CC=CC=CC=c1cc2cc3ccc(C=c4cc5ccccc5cc4=C)cc3cc2cc1=C')
[1.2426977157592773] Updated in round 23! max:(0.6216216216216216, 'C=CC=CC=CC=c1cc2cc3ccc(C=c4cc5ccc(C=C)cc5cc4=C)cc3cc2cc1=C')
[1.3367936611175537] Updated in round 24! max:(0.6486486486486487, 'C=CC(=C)C=CC=CC=c1cc2cc3ccc(C=c4cc5ccc(C=C)cc5cc4=C)cc3cc2cc1=C')
[1.4546401500701904] Updated in round 25! max:(0.6756756756756757, 'C=CC=c1cc2cc3cc(C=c4cc5ccc(C=C)cc5cc4=C)ccc3cc2cc1=CC=CC=CC(=C)C=C')
[1.5789132118225098] Updated in round 26! max:(0.7027027027027027, 'C=CC=Cc1ccc2cc(=Cc3ccc4cc5cc(=CC=CC=CC(=C)C=C)c(=CC=C)cc5cc4c3)c(=C)cc2c1')
[1.7548737525939941] Updated in round 27! max:(0.7297297297297297, 'C=CC=Cc1ccc2cc3cc4cc5cc6cc(=CC=C)c(=CC=CC=CC(=C)C=C)cc6cc5cc4cc3cc2c1')
[1.9006810188293457] Updated in round 28! max:(0.7567567567567568, 'C=CC=Cc1ccc2cc3cc4cc5cc6cc(=CC=C)c(=CC=CC=CC(=C)C(=C)C=C)cc6cc5cc4cc3cc2c1')
[2.083071231842041] Updated in round 29! max:(0.7837837837837838, 'C=CC=Cc1ccc2cc3cc4cc5cc6cc7cccccc(=C)c(=C)cccccc7cc6cc5cc4cc3cc2c1')
[2.3126182556152344] Updated in round 30! max:(0.8108108108108109, 'C=CC(C=C)=Cc1ccc2cc3cc4cc5cc6cc7cccccc(=C)c(=C)cccccc7cc6cc5cc4cc3cc2c1')
[2.616481065750122] Updated in round 31! max:(0.8378378378378378, 'C=CC(=C)C(C=C)=Cc1ccc2cc3cc4cc5cc6cc7cccccc(=C)c(=C)cccccc7cc6cc5cc4cc3cc2c1')
[2.8725616931915283] Updated in round 32! max:(0.8648648648648649, 'C=c1cccccc2cc3cc4cc5cc6cc7ccc(C=c8ccccc8=C)cc7cc6cc5cc4cc3cc2cccccc1=C')
[3.1368000507354736] Updated in round 33! max:(0.8918918918918919, 'C=c1cccc2cc3cc4cc5cc6cc7cc8ccc(C=c9ccccc9=C)cc8cc7cc6cc5cc4cc3cc2cccc1=C')
[3.409925699234009] Updated in round 34! max:(0.918918918918919, 'C=c1cccc2cc3cc4cc5cc6cc7cc8ccc9cc8cc7cc6cc5cc4cc3cc2cccc1=Cc1ccc(=C)c(c1)=C9')
[3.696328639984131] Updated in round 35! max:(0.9459459459459459, 'C=c1cc2cc3cccc4cc5cc6cc7cc8cc9cc%10ccc%11cc%10cc9cc8cc7cc6cc5cc4cccc3cc2cc1=C%11')
[4.293169260025024] Updated in round 36! max:(0.972972972972973, 'c1cc2cc3cc4cc5cc6cc7cc8cc9cc%10cc%11cc(c1)c1cccc2cc3cc4cc5cc6cc7cc8cc9cc%10cc%11c1')
[4.534682750701904] Updated in round 37! max:(1.0, 'c1c2cc3cc4cc5cc6cc7cc8cc9cc%10cc%11cc%12cc1c1cc2cc3cc4cc5cc6cc7cc8cc9cc%10cc%11cc%12c1')
[4.5346949100494385] Reproduced in round 37!!
