[6.031990051269531e-05] Start running HillClimbing from [H][H]...
[0.0005023479461669922] Updated in round 1! max:(0.025, 'C=C')
[0.0009305477142333984] Updated in round 2! max:(0.05, 'C#CC=C')
[0.0015149116516113281] Updated in round 3! max:(0.075, 'C#CC=CC#C')
[0.0024061203002929688] Updated in round 4! max:(0.1, 'C#CC=C(C#C)C=C')
[0.0037012100219726562] Updated in round 5! max:(0.125, 'C#CC=C(C#CC=C)C=C')
[0.005414724349975586] Updated in round 6! max:(0.15, 'C=CC#CC=C(C#CC=C)C=C')
[0.008198022842407227] Updated in round 7! max:(0.175, 'C=CC#CC(C=C)=CC#CC(=C)C=C')
[0.011276006698608398] Updated in round 8! max:(0.2, 'C#CC=CC(C#CC=C)=CC#CC(=C)C=C')
[0.017812490463256836] Updated in round 9! max:(0.225, 'C#CC=C(C#C)C(C#CC=C)=CC#CC(=C)C=C')
[0.02367234230041504] Updated in round 10! max:(0.25, 'C#CC=CC#CC(=CC#CC(=C)C=C)C(C#C)=CC#C')
[0.029980182647705078] Updated in round 11! max:(0.275, 'C#CC=CC#CC(=CC#CC(=C)C=C)C(C#C)=CC#CC=C')
[0.03827643394470215] Updated in round 12! max:(0.3, 'C#CC=CC#CC(=CC#CC(=C)C=C)C(C#C)=C(C#CC=C)C=C')
[0.05196237564086914] Updated in round 13! max:(0.325, 'C#CC(C1=CC#CC(=C)C(=C)C#CC=CC#C1)=C(C#CC=C)C=C')
[0.06044936180114746] Updated in round 14! max:(0.35, 'C#CC(C1=CC#CC(=C)C(=C)C#CC=CC#C1)=C(C#CC=CC=C)C=C')
[0.0713949203491211] Updated in round 15! max:(0.375, 'C#CC(C1=CC#CC(=C)C(=CC=C)C#CC=CC#C1)=C(C#CC=CC=C)C=C')
[0.08670759201049805] Updated in round 16! max:(0.4, 'C#CC(=C)C(C#CC=CC=C)=C(C#C)C1=CC#CC(=C)C(=CC=C)C#CC=CC#C1')
[0.10295414924621582] Updated in round 17! max:(0.425, 'C#CC(C1=CC#CC(=C)C(=CC=C)C#CC=CC#C1)=C(C#CC=CC=C)C(=C)C#CC=C')
[0.12235021591186523] Updated in round 18! max:(0.45, 'C#CC=C(C#CC=C)C(C#CC=CC=C)=C(C#C)C1=CC#CC(=C)C(=CC=C)C#CC=CC#C1')
[0.14606213569641113] Updated in round 19! max:(0.475, 'C#CC=C(C#CC=C)C(C#CC=C(C#C)C=C)=C(C#C)C1=CC#CC(=C)C(=CC=C)C#CC=CC#C1')
[0.1733705997467041] Updated in round 20! max:(0.5, 'C#CC=C(C#CC(=C)C=C)C(C#CC=C(C#C)C=C)=C(C#C)C1=CC#CC(=C)C(=CC=C)C#CC=CC#C1')
[0.20769023895263672] Updated in round 21! max:(0.525, 'C#CC=C(C#CC(C=C)=CC=C)C(C#CC=C(C#C)C=C)=C(C#C)C1=CC#CC(=C)C(=CC=C)C#CC=CC#C1')
[0.24712586402893066] Updated in round 22! max:(0.55, 'C#CC=C(C#CC(C=C)=CC=C)C(C#CC=C(C#C)C=C)=C(C#CC=C)C1=CC#CC(=C)C(=CC=C)C#CC=CC#C1')
[0.29658937454223633] Updated in round 23! max:(0.575, 'C#CC=C(C#CC(C=C)=CC=C)C(C#CC=C(C#C)C=C)=C(C#CC(=C)C=C)C1=CC#CC(=C)C(=CC=C)C#CC=CC#C1')
[0.3459162712097168] Updated in round 24! max:(0.6, 'C#CC=C(C#CC(C=C)=CC=C)C(C#CC=C(C#C)C=CC=C)=C(C#CC(=C)C=C)C1=CC#CC(=C)C(=CC=C)C#CC=CC#C1')
[0.4251067638397217] Updated in round 25! max:(0.625, 'C#CC=C(C#CC(C=C)=CC=C)C(C#CC=C(C#C)C=CC=C)=C(C#CC(C=C)=CC=C)C1=CC#CC(=C)C(=CC=C)C#CC=CC#C1')
[0.4969339370727539] Updated in round 26! max:(0.65, 'C#CC=C(C#Cc1ccccc1)C(C#CC=C(C#C)C=CC=C)=C(C#CC(C=C)=CC=C)C1=CC#CC(=C)C(=CC=C)C#CC=CC#C1')
[0.5803654193878174] Updated in round 27! max:(0.675, 'C#CC=C(C#Cc1ccccc1)C(C#CC=C(C#C)C=CC=C)=C(C#CC(C=C)=CC=C)C1=CC#CC(=C)C(=CC=C)C#CC=C(C=C)C#C1')
[0.6701071262359619] Updated in round 28! max:(0.7, 'C#CC=C(C#Cc1ccccc1)C1=C(C2=CC#CC(=C)C(=CC=C)C#CC=C(C=C)C#C2)C#CC(=CC=C)C(=C)C#CC(C=CC=C)=CC#C1')
[0.7490994930267334] Updated in round 29! max:(0.725, 'C#CC=C(C#Cc1ccccc1)C1=C(C2=CC#CC(=C)C(=CC=C)C#CC=C(C=C)C#C2)C#CC(=CC=C)C(=C)C#Cc2ccccc2C#C1')
[0.8296098709106445] Updated in round 30! max:(0.75, 'C#CC=C(C#Cc1ccccc1)C1=C(C2=CC#CC(=C)C(=CC=C)C#CC=C(C=C)C#C2)C#Cc2ccccc2C#Cc2ccccc2C#C1')
[0.9169480800628662] Updated in round 31! max:(0.775, 'C=CC#CC=C(C#Cc1ccccc1)C1=C(C2=CC#CC(=C)C(=CC=C)C#CC=C(C=C)C#C2)C#Cc2ccccc2C#Cc2ccccc2C#C1')
[1.0093200206756592] Updated in round 32! max:(0.8, 'C=CC#CC=C(C#Cc1ccccc1)C1=C(C2=CC#Cc3ccccc3C#CC=C(C=C)C#C2)C#Cc2ccccc2C#Cc2ccccc2C#C1')
[1.1070585250854492] Updated in round 33! max:(0.825, 'C#CC=CC#CC=C(C#Cc1ccccc1)C1=C(C2=CC#Cc3ccccc3C#CC=C(C=C)C#C2)C#Cc2ccccc2C#Cc2ccccc2C#C1')
[1.2593016624450684] Updated in round 34! max:(0.85, 'C#CC=CC#CC=C(C#Cc1ccccc1)C1=C(C2=CC#Cc3ccccc3C#CC=C(C=CC=C)C#C2)C#Cc2ccccc2C#Cc2ccccc2C#C1')
[1.403792381286621] Updated in round 35! max:(0.875, 'C=CC=CC1=CC#Cc2ccccc2C#CC=C(C2=C(C3=CC#CC=CC#Cc4ccccc4C#C3)C#Cc3ccccc3C#Cc3ccccc3C#C2)C#C1')
[1.5723705291748047] Updated in round 36! max:(0.9, 'C1#CC=C(C2=C(C3=CC#Cc4ccccc4C#Cc4ccccc4C#C3)C#Cc3ccccc3C#Cc3ccccc3C#C2)C#Cc2ccccc2C#CC=C1')
[1.7170703411102295] Updated in round 37! max:(0.925, 'c1ccc#cc2c(c#cc3ccccc3c#1)c1c#cc3ccccc3c#cc3ccccc3c#cc1c1c#cc3ccccc3c#cc3ccccc3c#cc21')
[1.838371753692627] Updated in round 38! max:(0.95, 'C=Cc1c#cc2ccccc2c#cc2c(c#cc1)c1c#cc3ccccc3c#cc3ccccc3c#cc1c1c#cc3ccccc3c#cc3ccccc3c#cc21')
[2.0082361698150635] Updated in round 39! max:(0.975, 'C=CC=Cc1c#cc2ccccc2c#cc2c(c#cc1)c1c#cc3ccccc3c#cc3ccccc3c#cc1c1c#cc3ccccc3c#cc3ccccc3c#cc21')
[2.291691541671753] Updated in round 40! max:(1.0, 'c1c2ccccc2c#cc2c3c#cc4ccccc4c#cc4ccccc4c#cc3c3c#cc4ccccc4c#cc4ccccc4c#cc3c2c#cc2ccccc2c#1')
[2.291703462600708] Reproduced in round 40!!
