[3.528594970703125e-05] Start running HillClimbing from [H][H]...
[0.00042939186096191406] Updated in round 1! max:(0.043478260869565216, 'C=C')
[0.0010979175567626953] Updated in round 2! max:(0.17391304347826086, 'c1ccccc1')
[0.0040493011474609375] Updated in round 3! max:(0.21739130434782608, 'C=Cc1ccccc1')
[0.007803678512573242] Updated in round 4! max:(0.2608695652173913, 'C=CC=Cc1ccccc1')
[0.013804197311401367] Updated in round 5! max:(0.30434782608695654, 'C=CC(C=C)=Cc1ccccc1')
[0.021596908569335938] Updated in round 6! max:(0.34782608695652173, 'C=CC(C=C)=Cc1ccc(C=C)cc1')
[0.031667232513427734] Updated in round 7! max:(0.5217391304347826, 'C=CC(C=C)=Cc1ccc(C=Cc2ccccc2)cc1')
[0.05521702766418457] Updated in round 8! max:(0.5652173913043478, 'C=CC(C=C)=Cc1ccc(C=Cc2cccc(C=C)c2)cc1')
[0.084259033203125] Updated in round 9! max:(0.6086956521739131, 'C=Cc1cccc(C=Cc2ccc3cc(C=C)ccc3c2)c1')
[0.11713600158691406] Updated in round 10! max:(0.6521739130434783, 'C=Cc1ccc2cc(C=Cc3ccc(C=C)c(C=C)c3)ccc2c1')
[0.14959144592285156] Updated in round 11! max:(0.6956521739130435, 'C=CC=Cc1ccc2cc(C=Cc3ccc(C=C)c(C=C)c3)ccc2c1')
[0.18950486183166504] Updated in round 12! max:(0.7391304347826086, 'C=Cc1ccc(C=Cc2ccc3cc4ccccc4cc3c2)cc1C=C')
[0.24000835418701172] Updated in round 13! max:(0.782608695652174, 'C=Cc1cc(C=C)c(C=Cc2ccc3cc4ccccc4cc3c2)cc1C=C')
[0.29472994804382324] Updated in round 14! max:(0.8260869565217391, 'C=Cc1cc2c(cc1C=C)C=Cc1cc3cc4ccccc4cc3cc1C=C2')
[0.3532876968383789] Updated in round 15! max:(0.8695652173913043, 'C=CC=Cc1cc2c(cc1C=C)C=Cc1cc3cc4ccccc4cc3cc1C=C2')
[0.41828203201293945] Updated in round 16! max:(0.9130434782608695, 'C=Cc1ccc2cc3c(cc2c1)C=Cc1cc2cc4ccccc4cc2cc1C=C3')
[0.517930269241333] Updated in round 17! max:(0.9565217391304348, 'C=CC=Cc1ccc2cc3c(cc2c1)C=Cc1cc2cc4ccccc4cc2cc1C=C3')
[0.642622709274292] Updated in round 18! max:(1.0, 'C1=Cc2cc3cc4ccccc4cc3cc2C=Cc2cc3cc4ccccc4cc3cc21')
[0.6426334381103516] Reproduced in round 18!!
