[3.8623809814453125e-05] Start running HillClimbing from [H][H]...
[0.0004329681396484375] Updated in round 1! max:(0.04, 'C=C')
[0.0008087158203125] Updated in round 2! max:(0.08, 'C=CC=C')
[0.0014863014221191406] Updated in round 3! max:(0.12, 'C=CC(=C)C=C')
[0.0028235912322998047] Updated in round 4! max:(0.16, 'C=CC=C(C=C)C=C')
[0.00516819953918457] Updated in round 5! max:(0.2, 'C=CC=CC=C(C=C)C=C')
[0.008577823638916016] Updated in round 6! max:(0.24, 'C=CC=CC=CC=C(C=C)C=C')
[0.013212919235229492] Updated in round 7! max:(0.28, 'C=CC=Cc1ccc(C=C)cc1')
[0.01805567741394043] Updated in round 8! max:(0.32, 'C=CC=CC=Cc1ccc(C=C)cc1')
[0.0253603458404541] Updated in round 9! max:(0.36, 'C=CC=CC=Cc1ccc(C=CC=C)cc1')
[0.035454750061035156] Updated in round 10! max:(0.4, 'C=CC=CC=Cc1ccc(C(C=C)=CC=C)cc1')
[0.04880928993225098] Updated in round 11! max:(0.44, 'C=CC=C(C=C)c1ccc(-c2ccccc2)cc1')
[0.06340932846069336] Updated in round 12! max:(0.48, 'C=CC=CC=C(C=C)c1ccc(-c2ccccc2)cc1')
[0.08134818077087402] Updated in round 13! max:(0.52, 'C=CC(=C)C=CC=C(C=C)c1ccc(-c2ccccc2)cc1')
[0.10142207145690918] Updated in round 14! max:(0.56, 'C=CC=CC(=C)C=CC=C(C=C)c1ccc(-c2ccccc2)cc1')
[0.13199949264526367] Updated in round 15! max:(0.6, 'C=CC(=CC=Cc1ccccc1)c1ccc(-c2ccccc2)cc1')
[0.1604769229888916] Updated in round 16! max:(0.64, 'C=CC(=CC=Cc1ccccc1)c1ccc(-c2ccc(C=C)cc2)cc1')
[0.20081448554992676] Updated in round 17! max:(0.68, 'C=Cc1ccc(-c2ccc(-c3ccc(-c4ccccc4)cc3)cc2)cc1')
[0.2364344596862793] Updated in round 18! max:(0.72, 'C=CC(=C)c1ccc(-c2ccc(-c3ccc(-c4ccccc4)cc3)cc2)cc1')
[0.27651405334472656] Updated in round 19! max:(0.76, 'C=CC=CC(=C)c1ccc(-c2ccc(-c3ccc(-c4ccccc4)cc3)cc2)cc1')
[0.3326587677001953] Updated in round 20! max:(0.8, 'C=CC=CC(=C)c1ccc(-c2ccc(-c3ccc(-c4ccc(C=C)cc4)cc3)cc2)cc1')
[0.38906240463256836] Updated in round 21! max:(0.84, 'C=CC=CC(=C)c1ccc(-c2ccc(-c3ccc(-c4ccc(C=CC=C)cc4)cc3)cc2)cc1')
[0.4599018096923828] Updated in round 22! max:(0.88, 'C=CC=Cc1ccc(-c2ccc(-c3ccc(-c4ccc(-c5ccccc5)cc4)cc3)cc2)cc1')
[0.5339527130126953] Updated in round 23! max:(0.92, 'C=CC=C(C=C)c1ccc(-c2ccc(-c3ccc(-c4ccc(-c5ccccc5)cc4)cc3)cc2)cc1')
[0.6184554100036621] Updated in round 24! max:(0.96, 'C=CC1=CC=Cc2ccc(cc2)-c2ccc(cc2)-c2ccc(cc2)-c2ccc(cc2)-c2ccc1cc2')
[0.7899491786956787] Updated in round 25! max:(1.0, 'c1cc2ccc1-c1ccc(cc1)-c1ccc(cc1)-c1ccc(cc1)-c1ccc(cc1)-c1ccc-2cc1')
[0.7899613380432129] Reproduced in round 25!!
