[0.000102996826171875] Start running HillClimbing from [H][H]...
[0.0011143684387207031] Updated in round 1! max:(0.006622516556291391, 'C=C')
[0.002224445343017578] Updated in round 2! max:(0.013245033112582781, 'C=CC=C')
[0.0038728713989257812] Updated in round 3! max:(0.019867549668874173, 'C=CC=CC=C')
[0.0057811737060546875] Updated in round 4! max:(0.026490066225165563, 'C=CC=CC=CC=C')
[0.008844137191772461] Updated in round 5! max:(0.033112582781456956, 'C=CC=CC=C(C=C)C=C')
[0.012573957443237305] Updated in round 6! max:(0.039735099337748346, 'C=CC=C(C=C)C=C(C=C)C=C')
[0.01820850372314453] Updated in round 7! max:(0.046357615894039736, 'C=CC(C=C)=Cc1ccccc1')
[0.02594590187072754] Updated in round 8! max:(0.052980132450331126, 'C=Cc1ccc2ccccc2c1')
[0.03169512748718262] Updated in round 9! max:(0.059602649006622516, 'C=Cc1ccc2ccccc2c1C=C')
[0.043753623962402344] Updated in round 10! max:(0.06622516556291391, 'C=Cc1ccc2c(C=C)c(C=C)ccc2c1')
[0.053475379943847656] Updated in round 11! max:(0.0728476821192053, 'C=CC=Cc1c(C=C)ccc2cc(C=C)ccc12')
[0.06841897964477539] Updated in round 12! max:(0.07947019867549669, 'C=CC=Cc1ccc2cc(C=C)ccc2c1C=CC=C')
[0.09302592277526855] Updated in round 13! max:(0.08609271523178808, 'C=CC=Cc1ccc2cc(C=C)c(C=C)cc2c1C=CC=C')
[0.1239769458770752] Updated in round 14! max:(0.09271523178807947, 'C=CC=Cc1cc2ccc(C=CC=C)c(C=CC=C)c2cc1C=C')
[0.152144193649292] Updated in round 15! max:(0.09933774834437085, 'C=CC=Cc1cc2ccc3ccccccccc3c2cc1C=C')
[0.18592333793640137] Updated in round 16! max:(0.10596026490066225, 'C=CC=Cc1cc2ccc3cccc(C=C)ccccc3c2cc1C=C')
[0.24768948554992676] Updated in round 17! max:(0.11258278145695365, 'C=CC=Cc1cc2ccc3ccc(C=C)c(C=C)ccccc3c2cc1C=C')
[0.31896376609802246] Updated in round 18! max:(0.11920529801324503, 'C=CC=Cc1cc2ccc3cc4c(C=C)c(C=C)ccc4cc3c2cc1C=C')
[0.40663599967956543] Updated in round 19! max:(0.12582781456953643, 'C=CC=C(C=C)c1cc2ccc3cc4c(C=C)c(C=C)ccc4cc3c2cc1C=C')
[0.4580557346343994] Updated in round 20! max:(0.13245033112582782, 'C=Cc1cc2c(ccc3cc4c(C=C)c(C=C)ccc4cc32)cc1-c1ccccc1')
[0.5027194023132324] Updated in round 21! max:(0.1390728476821192, 'C=Cc1cc2c(ccc3cc4c(ccc5ccccc54)cc32)cc1-c1ccccc1')
[0.5896010398864746] Updated in round 22! max:(0.1456953642384106, 'c1ccc2c(c1)ccc1cc3c(ccc4cc5c(ccc6ccccc65)cc43)cc12')
[0.6548888683319092] Updated in round 23! max:(0.152317880794702, 'C=Cc1ccc2c(ccc3cc4c(ccc5cc6c(ccc7ccccc76)cc54)cc32)c1')
[0.7203755378723145] Updated in round 24! max:(0.15894039735099338, 'C=Cc1ccc2c(ccc3cc4c(ccc5cc6c(ccc7cc(C=C)ccc76)cc54)cc32)c1')
[0.8788726329803467] Updated in round 25! max:(0.16556291390728478, 'C=CC=Cc1ccc2c(ccc3cc4c(ccc5cc6c(ccc7cc(C=C)ccc76)cc54)cc32)c1')
[0.9900147914886475] Updated in round 26! max:(0.17218543046357615, 'C=CC(C=C)=Cc1ccc2c(ccc3cc4c(ccc5cc6c(ccc7cc(C=C)ccc76)cc54)cc32)c1')
[1.1605393886566162] Updated in round 27! max:(0.17880794701986755, 'C=CC(C=C)=C(C=C)c1ccc2c(ccc3cc4c(ccc5cc6c(ccc7cc(C=C)ccc76)cc54)cc32)c1')
[1.3497390747070312] Updated in round 28! max:(0.18543046357615894, 'C=CC=CC(=C(C=C)C=C)c1ccc2c(ccc3cc4c(ccc5cc6c(ccc7cc(C=C)ccc76)cc54)cc32)c1')
[1.5189905166625977] Updated in round 29! max:(0.19205298013245034, 'C=CC=CC(=C(C=C)C=C)c1ccc2c(ccc3cc4c(ccc5cc6c(ccc7cc(C(=C)C=C)ccc76)cc54)cc32)c1')
[1.6867492198944092] Updated in round 30! max:(0.1986754966887417, 'C=CC=CC(=C(C=C)C=C)c1ccc2c(ccc3cc4c(ccc5cc6c(ccc7cc(C(=C)C(=C)C=C)ccc76)cc54)cc32)c1')
[1.9378037452697754] Updated in round 31! max:(0.2052980132450331, 'C=CC=CC(=C(C=C)C=C)c1ccc2c(ccc3cc4c(ccc5cc6c(ccc7cc8c(=C)c(=C)ccc8cc76)cc54)cc32)c1')
[2.1352744102478027] Updated in round 32! max:(0.2119205298013245, 'C=CC=CC(=C(C=C)C=C)c1ccc2c(ccc3cc4c(ccc5cc6c(ccc7cc8c(=C)c(=CC=C)ccc8cc76)cc54)cc32)c1')
[2.469278335571289] Updated in round 33! max:(0.2185430463576159, 'C=CC=c1ccc2cc3c(ccc4cc5c(ccc6cc7c(ccc8cc(-c9cc(C=C)ccc9C=C)ccc87)cc65)cc43)cc2c1=C')
[2.9808225631713867] Updated in round 34! max:(0.2251655629139073, 'C=CC=c1ccc2cc3c(ccc4cc5c(ccc6cc7c(ccc8cc(-c9cc(C=C)c(C=C)cc9C=C)ccc87)cc65)cc43)cc2c1=C')
[3.8281257152557373] Updated in round 35! max:(0.23178807947019867, 'C=CC=c1ccc2cc3c(ccc4cc5c(ccc6cc7c(ccc8cc9c(ccc%10cc(C=C)c(C=C)cc%109)cc87)cc65)cc43)cc2c1=C')
[4.308929920196533] Updated in round 36! max:(0.23841059602649006, 'C=CC=c1ccc2cc3c(ccc4cc5c(ccc6cc7c(ccc8cc9c(ccc%10cc(C(=C)C=C)c(C=C)cc%109)cc87)cc65)cc43)cc2c1=C')
[4.925249338150024] Updated in round 37! max:(0.24503311258278146, 'C=CC=C(C=C)c1cc2ccc3cc4c(ccc5cc6c(ccc7cc8c(ccc9cc%10c(=C)c(=CC=C)ccc%10cc98)cc76)cc54)cc3c2cc1C=C')
[5.407025575637817] Updated in round 38! max:(0.25165562913907286, 'C=CC=c1ccc2cc3c(ccc4cc5c(ccc6cc7c(ccc8cc9c(ccc%10cc(C(C=C)=CC(=C)C=C)c(C=C)cc%109)cc87)cc65)cc43)cc2c1=C')
[5.895640850067139] Updated in round 39! max:(0.2582781456953642, 'C=CC(=C)C=C(C=C)c1cc2ccc3cc4c(ccc5cc6c(ccc7cc8c(ccc9cc%10c(=C)c(=CC(=C)C=C)ccc%10cc98)cc76)cc54)cc3c2cc1C=C')
[6.6386730670928955] Updated in round 40! max:(0.26490066225165565, 'C=CC(=C)C=c1ccc2cc3c(ccc4cc5c(ccc6cc7c(ccc8cc9c(ccc%10cc(-c%11ccc(=C)c(=C)c%11)c(C=C)cc%109)cc87)cc65)cc43)cc2c1=C')
[7.167562007904053] Updated in round 41! max:(0.271523178807947, 'C=CC=c1cc(-c2cc3ccc4cc5c(ccc6cc7c(ccc8cc9c(ccc%10cc%11c(=C)c(=CC(=C)C=C)ccc%11cc%109)cc87)cc65)cc4c3cc2C=C)ccc1=C')
[7.763499021530151] Updated in round 42! max:(0.2781456953642384, 'C=CC=c1cc(-c2cc3ccc4cc5c(ccc6cc7c(ccc8cc9c(ccc%10cc%11c(ccc%12cc(C=C)ccc%12%11)cc%109)cc87)cc65)cc4c3cc2C=C)ccc1=C')
[8.335647821426392] Updated in round 43! max:(0.2847682119205298, 'C=CC=c1cc2c(ccc3cc4c(ccc5cc6c(ccc7cc8c(ccc9cc%10c(ccc%11cc%12c(ccc%13cc(C=C)ccc%13%12)cc%11%10)cc98)cc76)cc54)cc32)cc1=C')
[9.358208894729614] Updated in round 44! max:(0.2913907284768212, 'C=CC=CC=c1cc2c(ccc3cc4c(ccc5cc6c(ccc7cc8c(ccc9cc%10c(ccc%11cc%12c(ccc%13cc(C=C)ccc%13%12)cc%11%10)cc98)cc76)cc54)cc32)cc1=C')
[10.976173639297485] Updated in round 45! max:(0.2980132450331126, 'C=CC=CC=c1cc2c(ccc3cc4c(ccc5cc6c(ccc7cc8c(ccc9cc%10c(ccc%11cc%12c(ccc%13cc(C=C)c(C=C)cc%13%12)cc%11%10)cc98)cc76)cc54)cc32)cc1=C')
[12.64138126373291] Updated in round 46! max:(0.304635761589404, 'C=CC=CC=CC=c1cc2c(ccc3cc4c(ccc5cc6c(ccc7cc8c(ccc9cc%10c(ccc%11cc%12c(ccc%13cc(C=C)c(C=C)cc%13%12)cc%11%10)cc98)cc76)cc54)cc32)cc1=C')
[13.634588718414307] Updated in round 47! max:(0.31125827814569534, 'C=CC(=C)C=CC=CC=c1cc2c(ccc3cc4c(ccc5cc6c(ccc7cc8c(ccc9cc%10c(ccc%11cc%12c(ccc%13cc(C=C)c(C=C)cc%13%12)cc%11%10)cc98)cc76)cc54)cc32)cc1=C')
[14.532362222671509] Updated in round 48! max:(0.31788079470198677, 'C=Cc1cccccc2cc3c(ccc4cc5c(ccc6cc7c(ccc8cc9c(ccc%10cc%11c(ccc%12cc%13c(ccc%14cc(C=C)c(C=C)cc%14%13)cc%12%11)cc%109)cc87)cc65)cc43)cc2cc1')
[15.738893747329712] Updated in round 49! max:(0.32450331125827814, 'C=Cc1ccccc2cc3c(ccc4cc5c(ccc6cc7c(ccc8cc9c(ccc%10cc%11c(ccc%12cc%13c(ccc%14cc(C=C)c(C=C)cc%14%13)cc%12%11)cc%109)cc87)cc65)cc43)cc2ccc1C=C')
[16.77906060218811] Updated in round 50! max:(0.33112582781456956, 'C=CC(=C)c1cc2ccc3cc4c(ccc5cc6c(ccc7cc8c(ccc9cc%10c(ccc%11cc%12c(ccc%13cc%14ccc(C=C)c(C=C)ccccc%14cc%13%12)cc%11%10)cc98)cc76)cc54)cc3c2cc1C=C')
[18.803064346313477] Updated in round 51! max:(0.33774834437086093, 'C=CC=Cc1ccccc2cc3c(ccc4cc5c(ccc6cc7c(ccc8cc9c(ccc%10cc%11c(ccc%12cc%13c(ccc%14cc(C(=C)C=C)c(C=C)cc%14%13)cc%12%11)cc%109)cc87)cc65)cc43)cc2ccc1C=C')
[19.917702198028564] Updated in round 52! max:(0.3443708609271523, 'C=CC=Cc1ccccc2cc3c(ccc4cc5c(ccc6cc7c(ccc8cc9c(ccc%10cc%11c(ccc%12cc%13c(ccc%14cc(C(=C)C=C)c(C=C)cc%14%13)cc%12%11)cc%109)cc87)cc65)cc43)cc2ccc1C=CC=C')
[21.786449670791626] Updated in round 53! max:(0.3509933774834437, 'C=CC=Cc1ccc2cc3ccc4cc5c(ccc6cc7c(ccc8cc9c(ccc%10cc%11c(ccc%12cc%13c(ccc%14cc(C(=C)C=C)c(C=C)cc%14%13)cc%12%11)cc%109)cc87)cc65)cc4c3cc2ccccc1C=CC(=C)C=C')
[23.01158857345581] Updated in round 54! max:(0.3576158940397351, 'C=CC(=C)C=c1c(=C)ccc2ccc3cc4ccc5cc6c(ccc7cc8c(ccc9cc%10c(ccc%11cc%12c(ccc%13cc%14c(ccc%15cc(C(=C)C=C)c(C=C)cc%15%14)cc%13%12)cc%11%10)cc98)cc76)cc5c4cc3ccccc12')
[24.260664463043213] Updated in round 55! max:(0.36423841059602646, 'C=CC(=C)C=c1c(=C)ccc2cc3c(ccc4cc5c(ccc6cc7c(ccc8cc9c(ccc%10cc%11c(ccc%12cc%13c(ccc%14cc%15c(ccc%16cc(C(=C)C=C)c(C=C)cc%16%15)cc%14%13)cc%12%11)cc%109)cc87)cc65)cc43)cc12')
[25.868876695632935] Updated in round 56! max:(0.3708609271523179, 'C=CC=C(C=C)c1cc2ccc3cc4c(ccc5cc6c(ccc7cc8c(ccc9cc%10c(ccc%11cc%12c(ccc%13cc%14c(ccc%15cc%16c(=CC(=C)C=C)c(=C)ccc%16cc%15%14)cc%13%12)cc%11%10)cc98)cc76)cc54)cc3c2cc1C=C')
[27.570964574813843] Updated in round 57! max:(0.37748344370860926, 'C=CC=c1c(=C)ccc2cc3c(ccc4cc5c(ccc6cc7c(ccc8cc9c(ccc%10cc%11c(ccc%12cc%13c(ccc%14cc%15c(ccc%16cc%17c(=CC(=C)C=C)c(=C)ccc%17cc%16%15)cc%14%13)cc%12%11)cc%109)cc87)cc65)cc43)cc12')
[29.116928339004517] Updated in round 58! max:(0.3841059602649007, 'C=CC(=C)C=c1c(=C)ccc2cc3c(ccc4cc5c(ccc6cc7c(ccc8cc9c(ccc%10cc%11c(ccc%12cc%13c(ccc%14cc%15c(ccc%16cc%17c(ccc%18ccccc%18%17)cc%16%15)cc%14%13)cc%12%11)cc%109)cc87)cc65)cc43)cc12')
[31.4574613571167] Updated in round 59! max:(0.39072847682119205, 'C=CC(=C)C=c1c(=C)ccc2cc3c(ccc4cc5c(ccc6cc7c(ccc8cc9c(ccc%10cc%11c(ccc%12cc%13c(ccc%14cc%15c(ccc%16cc%17c(ccc%18cc(C=C)ccc%18%17)cc%16%15)cc%14%13)cc%12%11)cc%109)cc87)cc65)cc43)cc12')
[34.01781368255615] Updated in round 60! max:(0.3973509933774834, 'C=CC=CC(=C)C=c1c(=C)ccc2cc3c(ccc4cc5c(ccc6cc7c(ccc8cc9c(ccc%10cc%11c(ccc%12cc%13c(ccc%14cc%15c(ccc%16cc%17c(ccc%18cc(C=C)ccc%18%17)cc%16%15)cc%14%13)cc%12%11)cc%109)cc87)cc65)cc43)cc12')
[36.13717532157898] Updated in round 61! max:(0.40397350993377484, 'C=CC=c1cc2ccc3cc4c(ccc5cc6c(ccc7cc8c(ccc9cc%10c(ccc%11cc%12c(ccc%13cc%14c(ccc%15cc%16c(ccc%17cc%18c(ccc%19cc(C=C)ccc%19%18)cc%17%16)cc%15%14)cc%13%12)cc%11%10)cc98)cc76)cc54)cc3c2cc1=C')
[38.51123023033142] Updated in round 62! max:(0.4105960264900662, 'C=Cc1ccc2c(ccc3cc4c(ccc5cc6c(ccc7cc8c(ccc9cc%10c(ccc%11cc%12c(ccc%13cc%14c(ccc%15cc%16c(ccc%17cc%18c(ccc%19cc%20ccccc%20cc%19%18)cc%17%16)cc%15%14)cc%13%12)cc%11%10)cc98)cc76)cc54)cc32)c1')
[41.60686469078064] Updated in round 63! max:(0.41721854304635764, 'C=CC(=C)c1ccc2c(ccc3cc4c(ccc5cc6c(ccc7cc8c(ccc9cc%10c(ccc%11cc%12c(ccc%13cc%14c(ccc%15cc%16c(ccc%17cc%18c(ccc%19cc%20ccccc%20cc%19%18)cc%17%16)cc%15%14)cc%13%12)cc%11%10)cc98)cc76)cc54)cc32)c1')
[44.29162120819092] Updated in round 64! max:(0.423841059602649, 'C=CC(=C)c1cc2ccc3cc4c(ccc5cc6c(ccc7cc8c(ccc9cc%10c(ccc%11cc%12c(ccc%13cc%14c(ccc%15cc%16c(ccc%17cc%18c(ccc%19cc%20ccccc%20cc%19%18)cc%17%16)cc%15%14)cc%13%12)cc%11%10)cc98)cc76)cc54)cc3c2cc1C=C')
[47.50390911102295] Updated in round 65! max:(0.4304635761589404, 'C=CC(=C)c1cc2ccc3cc4c(ccc5cc6c(ccc7cc8c(ccc9cc%10c(ccc%11cc%12c(ccc%13cc%14c(ccc%15cc%16c(ccc%17cc%18c(ccc%19cc%20cc(C=C)ccc%20cc%19%18)cc%17%16)cc%15%14)cc%13%12)cc%11%10)cc98)cc76)cc54)cc3c2cc1C=C')
[55.66653060913086] Updated in round 66! max:(0.4370860927152318, 'C=CC=Cc1ccc2cc3c(ccc4cc5c(ccc6cc7c(ccc8cc9c(ccc%10cc%11c(ccc%12cc%13c(ccc%14cc%15c(ccc%16cc%17c(ccc%18cc%19c(ccc%20cc(C(=C)C=C)c(C=C)cc%20%19)cc%18%17)cc%16%15)cc%14%13)cc%12%11)cc%109)cc87)cc65)cc43)cc2c1')
[59.000308990478516] Updated in round 67! max:(0.44370860927152317, 'C=CC(=C)c1cc2ccc3cc4c(ccc5cc6c(ccc7cc8c(ccc9cc%10c(ccc%11cc%12c(ccc%13cc%14c(ccc%15cc%16c(ccc%17cc%18c(ccc%19cc%20cc(C=C(C=C)C=C)ccc%20cc%19%18)cc%17%16)cc%15%14)cc%13%12)cc%11%10)cc98)cc76)cc54)cc3c2cc1C=C')
[62.28133034706116] Updated in round 68! max:(0.4503311258278146, 'C=CC(=C)C(C=C)=Cc1ccc2cc3c(ccc4cc5c(ccc6cc7c(ccc8cc9c(ccc%10cc%11c(ccc%12cc%13c(ccc%14cc%15c(ccc%16cc%17c(ccc%18cc%19c(ccc%20cc(C(=C)C=C)c(C=C)cc%20%19)cc%18%17)cc%16%15)cc%14%13)cc%12%11)cc%109)cc87)cc65)cc43)cc2c1')
[65.81524157524109] Updated in round 69! max:(0.45695364238410596, 'C=CC(=C)c1cc2ccc3cc4c(ccc5cc6c(ccc7cc8c(ccc9cc%10c(ccc%11cc%12c(ccc%13cc%14c(ccc%15cc%16c(ccc%17cc%18c(ccc%19cc%20c(ccc%21cc(C=C)c(C=C)cc%21%20)cc%19%18)cc%17%16)cc%15%14)cc%13%12)cc%11%10)cc98)cc76)cc54)cc3c2cc1C=C')
[70.13445734977722] Updated in round 70! max:(0.46357615894039733, 'C=CC(=C)c1cc2ccc3cc4c(ccc5cc6c(ccc7cc8c(ccc9cc%10c(ccc%11cc%12c(ccc%13cc%14c(ccc%15cc%16c(ccc%17cc%18c(ccc%19cc%20c(ccc%21cc(C(=C)C=C)c(C=C)cc%21%20)cc%19%18)cc%17%16)cc%15%14)cc%13%12)cc%11%10)cc98)cc76)cc54)cc3c2cc1C=C')
[75.00573563575745] Updated in round 71! max:(0.47019867549668876, 'C=CC=CC(=C)c1cc2ccc3cc4c(ccc5cc6c(ccc7cc8c(ccc9cc%10c(ccc%11cc%12c(ccc%13cc%14c(ccc%15cc%16c(ccc%17cc%18c(ccc%19cc%20c(ccc%21cc(C(=C)C=C)c(C=C)cc%21%20)cc%19%18)cc%17%16)cc%15%14)cc%13%12)cc%11%10)cc98)cc76)cc54)cc3c2cc1C=C')
[79.55739951133728] Updated in round 72! max:(0.4768211920529801, 'C=CC(=C)c1cc2ccc3cc4c(ccc5cc6c(ccc7cc8c(ccc9cc%10c(ccc%11cc%12c(ccc%13cc%14c(ccc%15cc%16c(ccc%17cc%18c(ccc%19cc%20c(ccc%21cc(-c%22ccccc%22)c(C=C)cc%21%20)cc%19%18)cc%17%16)cc%15%14)cc%13%12)cc%11%10)cc98)cc76)cc54)cc3c2cc1C=C')
[84.78920149803162] Updated in round 73! max:(0.48344370860927155, 'C=CC(=C)c1cc2ccc3cc4c(ccc5cc6c(ccc7cc8c(ccc9cc%10c(ccc%11cc%12c(ccc%13cc%14c(ccc%15cc%16c(ccc%17cc%18c(ccc%19cc%20c(ccc%21cc%22c(ccc%23ccccc%23%22)cc%21%20)cc%19%18)cc%17%16)cc%15%14)cc%13%12)cc%11%10)cc98)cc76)cc54)cc3c2cc1C=C')
[90.31808114051819] Updated in round 74! max:(0.4900662251655629, 'C=Cc1cccc2cc3c(ccc4cc5c(ccc6cc7c(ccc8cc9c(ccc%10cc%11c(ccc%12cc%13c(ccc%14cc%15c(ccc%16cc%17c(ccc%18cc%19c(ccc%20cc%21c(ccc%22cc%23c(ccc%24ccccc%24%23)cc%22%21)cc%20%19)cc%18%17)cc%16%15)cc%14%13)cc%12%11)cc%109)cc87)cc65)cc43)cc12')
[99.41294527053833] Updated in round 75! max:(0.4966887417218543, 'C=Cc1ccc2ccc3cc4c(ccc5cc6c(ccc7cc8c(ccc9cc%10c(ccc%11cc%12c(ccc%13cc%14c(ccc%15cc%16c(ccc%17cc%18c(ccc%19cc%20c(ccc%21cc%22c(ccc%23cc%24c(C=C)cccc%24cc%23%22)cc%21%20)cc%19%18)cc%17%16)cc%15%14)cc%13%12)cc%11%10)cc98)cc76)cc54)cc3c2c1')
[106.71651148796082] Updated in round 76! max:(0.5033112582781457, 'C=Cc1ccc2ccc3cc4c(ccc5cc6c(ccc7cc8c(ccc9cc%10c(ccc%11cc%12c(ccc%13cc%14c(ccc%15cc%16c(ccc%17cc%18c(ccc%19cc%20c(ccc%21cc%22c(ccc%23cc%24c(C=C)c(C=C)ccc%24cc%23%22)cc%21%20)cc%19%18)cc%17%16)cc%15%14)cc%13%12)cc%11%10)cc98)cc76)cc54)cc3c2c1')
[114.3968608379364] Updated in round 77! max:(0.5099337748344371, 'C=Cc1ccc2ccc3cc4c(ccc5cc6c(ccc7cc8c(ccc9cc%10c(ccc%11cc%12c(ccc%13cc%14c(ccc%15cc%16c(ccc%17cc%18c(ccc%19cc%20c(ccc%21cc%22c(ccc%23cc%24c(ccc%25ccccc%25%24)cc%23%22)cc%21%20)cc%19%18)cc%17%16)cc%15%14)cc%13%12)cc%11%10)cc98)cc76)cc54)cc3c2c1')
[128.31574153900146] Updated in round 78! max:(0.5165562913907285, 'C=Cc1cc2ccc3cc4c(ccc5cc6c(ccc7cc8c(ccc9cc%10c(ccc%11cc%12c(ccc%13cc%14c(ccc%15cc%16c(ccc%17cc%18c(ccc%19cc%20c(ccc%21cc%22c(ccc%23cc%24c(ccc%25ccccc%25%24)cc%23%22)cc%21%20)cc%19%18)cc%17%16)cc%15%14)cc%13%12)cc%11%10)cc98)cc76)cc54)cc3c2cc1C=C')
[136.66762280464172] Updated in round 79! max:(0.5231788079470199, 'C=Cc1ccc2ccc3cc4c(ccc5cc6c(ccc7cc8c(ccc9cc%10c(ccc%11cc%12c(ccc%13cc%14c(ccc%15cc%16c(ccc%17cc%18c(ccc%19cc%20c(ccc%21cc%22c(ccc%23cc%24c(ccc%25cc(C=C)c(C=C)cc%25%24)cc%23%22)cc%21%20)cc%19%18)cc%17%16)cc%15%14)cc%13%12)cc%11%10)cc98)cc76)cc54)cc3c2c1')
[150.13341522216797] Updated in round 80! max:(0.5298013245033113, 'C=CC=Cc1cc2ccc3cc4c(ccc5cc6c(ccc7cc8c(ccc9cc%10c(ccc%11cc%12c(ccc%13cc%14c(ccc%15cc%16c(ccc%17cc%18c(ccc%19cc%20c(ccc%21cc%22c(ccc%23cc%24c(ccc%25ccc(C=C)cc%25%24)cc%23%22)cc%21%20)cc%19%18)cc%17%16)cc%15%14)cc%13%12)cc%11%10)cc98)cc76)cc54)cc3c2cc1C=C')
[163.89207530021667] Updated in round 81! max:(0.5364238410596026, 'C=Cc1ccc2cc3c(ccc4cc5c(ccc6cc7c(ccc8cc9c(ccc%10cc%11c(ccc%12cc%13c(ccc%14cc%15c(ccc%16cc%17c(ccc%18cc%19c(ccc%20cc%21c(ccc%22cc%23c(ccc%24cc%25c(ccc%26ccc(C=C)cc%26%25)cc%24%23)cc%22%21)cc%20%19)cc%18%17)cc%16%15)cc%14%13)cc%12%11)cc%109)cc87)cc65)cc43)cc2c1')
[178.38057470321655] Updated in round 82! max:(0.543046357615894, 'C=Cc1ccc2ccc3cc4c(ccc5cc6c(ccc7cc8c(ccc9cc%10c(ccc%11cc%12c(ccc%13cc%14c(ccc%15cc%16c(ccc%17cc%18c(ccc%19cc%20c(ccc%21cc%22c(ccc%23cc%24c(ccc%25cc%26c(C=C)c(C=C)ccc%26cc%25%24)cc%23%22)cc%21%20)cc%19%18)cc%17%16)cc%15%14)cc%13%12)cc%11%10)cc98)cc76)cc54)cc3c2c1')
[191.78927779197693] Updated in round 83! max:(0.5496688741721855, 'C=Cc1ccc2ccc3cc4c(ccc5cc6c(ccc7cc8c(ccc9cc%10c(ccc%11cc%12c(ccc%13cc%14c(ccc%15cc%16c(ccc%17cc%18c(ccc%19cc%20c(ccc%21cc%22c(ccc%23cc%24c(ccc%25cc%26c(ccc%27ccccc%27%26)cc%25%24)cc%23%22)cc%21%20)cc%19%18)cc%17%16)cc%15%14)cc%13%12)cc%11%10)cc98)cc76)cc54)cc3c2c1')
[219.63364601135254] Updated in round 84! max:(0.5562913907284768, 'C=CC=Cc1ccc2ccc3cc4c(ccc5cc6c(ccc7cc8c(ccc9cc%10c(ccc%11cc%12c(ccc%13cc%14c(ccc%15cc%16c(ccc%17cc%18c(ccc%19cc%20c(ccc%21cc%22c(ccc%23cc%24c(ccc%25cc%26c(ccc%27ccccc%27%26)cc%25%24)cc%23%22)cc%21%20)cc%19%18)cc%17%16)cc%15%14)cc%13%12)cc%11%10)cc98)cc76)cc54)cc3c2c1')
[250.8180913925171] Updated in round 85! max:(0.5629139072847682, 'C=CC(=C)C=Cc1ccc2ccc3cc4c(ccc5cc6c(ccc7cc8c(ccc9cc%10c(ccc%11cc%12c(ccc%13cc%14c(ccc%15cc%16c(ccc%17cc%18c(ccc%19cc%20c(ccc%21cc%22c(ccc%23cc%24c(ccc%25cc%26c(ccc%27ccccc%27%26)cc%25%24)cc%23%22)cc%21%20)cc%19%18)cc%17%16)cc%15%14)cc%13%12)cc%11%10)cc98)cc76)cc54)cc3c2c1')
[278.27098631858826] Updated in round 86! max:(0.5695364238410596, 'C=Cc1ccc2cc3c(ccc4cc5c(ccc6cc7c(ccc8cc9c(ccc%10cc%11c(ccc%12cc%13c(ccc%14cc%15c(ccc%16cc%17c(ccc%18cc%19c(ccc%20cc%21c(ccc%22cc%23c(ccc%24cc%25c(ccc%26cc%27c(ccc%28ccccc%28%27)cc%26%25)cc%24%23)cc%22%21)cc%20%19)cc%18%17)cc%16%15)cc%14%13)cc%12%11)cc%109)cc87)cc65)cc43)cc2c1')
[293.83586025238037] Updated in round 87! max:(0.5761589403973509, 'C=CC=Cc1ccc2cc3c(ccc4cc5c(ccc6cc7c(ccc8cc9c(ccc%10cc%11c(ccc%12cc%13c(ccc%14cc%15c(ccc%16cc%17c(ccc%18cc%19c(ccc%20cc%21c(ccc%22cc%23c(ccc%24cc%25c(ccc%26cc%27c(ccc%28ccccc%28%27)cc%26%25)cc%24%23)cc%22%21)cc%20%19)cc%18%17)cc%16%15)cc%14%13)cc%12%11)cc%109)cc87)cc65)cc43)cc2c1')
[316.0270519256592] Updated in round 88! max:(0.5827814569536424, 'C=CC=CC=Cc1ccc2cc3c(ccc4cc5c(ccc6cc7c(ccc8cc9c(ccc%10cc%11c(ccc%12cc%13c(ccc%14cc%15c(ccc%16cc%17c(ccc%18cc%19c(ccc%20cc%21c(ccc%22cc%23c(ccc%24cc%25c(ccc%26cc%27c(ccc%28ccccc%28%27)cc%26%25)cc%24%23)cc%22%21)cc%20%19)cc%18%17)cc%16%15)cc%14%13)cc%12%11)cc%109)cc87)cc65)cc43)cc2c1')
[333.9815580844879] Updated in round 89! max:(0.5894039735099338, 'C=CC=CC(C=C)=Cc1ccc2cc3c(ccc4cc5c(ccc6cc7c(ccc8cc9c(ccc%10cc%11c(ccc%12cc%13c(ccc%14cc%15c(ccc%16cc%17c(ccc%18cc%19c(ccc%20cc%21c(ccc%22cc%23c(ccc%24cc%25c(ccc%26cc%27c(ccc%28ccccc%28%27)cc%26%25)cc%24%23)cc%22%21)cc%20%19)cc%18%17)cc%16%15)cc%14%13)cc%12%11)cc%109)cc87)cc65)cc43)cc2c1')
[357.37000155448914] Updated in round 90! max:(0.5960264900662252, 'C=CC=Cc1ccc2c(ccc3cc4c(ccc5cc6c(ccc7cc8c(ccc9cc%10c(ccc%11cc%12c(ccc%13cc%14c(ccc%15cc%16c(ccc%17cc%18c(ccc%19cc%20c(ccc%21cc%22c(ccc%23cc%24c(ccc%25cc%26c(ccc%27cc%28c(ccc%29ccccc%29%28)cc%27%26)cc%25%24)cc%23%22)cc%21%20)cc%19%18)cc%17%16)cc%15%14)cc%13%12)cc%11%10)cc98)cc76)cc54)cc32)c1')
[381.1036455631256] Updated in round 91! max:(0.6026490066225165, 'C=CC=Cc1ccc2c(ccc3cc4c(ccc5cc6c(ccc7cc8c(ccc9cc%10c(ccc%11cc%12c(ccc%13cc%14c(ccc%15cc%16c(ccc%17cc%18c(ccc%19cc%20c(ccc%21cc%22c(ccc%23cc%24c(ccc%25cc%26c(ccc%27cc%28c(ccc%29ccc(C=C)cc%29%28)cc%27%26)cc%25%24)cc%23%22)cc%21%20)cc%19%18)cc%17%16)cc%15%14)cc%13%12)cc%11%10)cc98)cc76)cc54)cc32)c1')
[405.50455689430237] Updated in round 92! max:(0.609271523178808, 'C=CC=Cc1ccc2c(ccc3cc4c(ccc5cc6c(ccc7cc8c(ccc9cc%10c(ccc%11cc%12c(ccc%13cc%14c(ccc%15cc%16c(ccc%17cc%18c(ccc%19cc%20c(ccc%21cc%22c(ccc%23cc%24c(ccc%25cc%26c(ccc%27cc%28c(ccc%29ccc(C=CC=C)cc%29%28)cc%27%26)cc%25%24)cc%23%22)cc%21%20)cc%19%18)cc%17%16)cc%15%14)cc%13%12)cc%11%10)cc98)cc76)cc54)cc32)c1')
[434.006067276001] Updated in round 93! max:(0.6158940397350994, 'C=CC=Cc1ccc2ccc3cc4c(ccc5cc6c(ccc7cc8c(ccc9cc%10c(ccc%11cc%12c(ccc%13cc%14c(ccc%15cc%16c(ccc%17cc%18c(ccc%19cc%20c(ccc%21cc%22c(ccc%23cc%24c(ccc%25cc%26c(ccc%27cc%28c(ccc%29cc(C=CC(=C)C=C)ccc%29%28)cc%27%26)cc%25%24)cc%23%22)cc%21%20)cc%19%18)cc%17%16)cc%15%14)cc%13%12)cc%11%10)cc98)cc76)cc54)cc3c2c1')
[472.3185966014862] Updated in round 94! max:(0.6225165562913907, 'C=CC=Cc1ccc2ccc3cc4c(ccc5cc6c(ccc7cc8c(ccc9cc%10c(ccc%11cc%12c(ccc%13cc%14c(ccc%15cc%16c(ccc%17cc%18c(ccc%19cc%20c(ccc%21cc%22c(ccc%23cc%24c(ccc%25cc%26c(ccc%27cc%28c(ccc%29cc(C=CC(=C)C(=C)C=C)ccc%29%28)cc%27%26)cc%25%24)cc%23%22)cc%21%20)cc%19%18)cc%17%16)cc%15%14)cc%13%12)cc%11%10)cc98)cc76)cc54)cc3c2c1')
[506.87768483161926] Updated in round 95! max:(0.6291390728476821, 'C=CC(=C)C(=C)C=Cc1ccc2c(ccc3cc4c(ccc5cc6c(ccc7cc8c(ccc9cc%10c(ccc%11cc%12c(ccc%13cc%14c(ccc%15cc%16c(ccc%17cc%18c(ccc%19cc%20c(ccc%21cc%22c(ccc%23cc%24c(ccc%25cc%26c(ccc%27cc%28c(ccc%29cc%30ccccc%30cc%29%28)cc%27%26)cc%25%24)cc%23%22)cc%21%20)cc%19%18)cc%17%16)cc%15%14)cc%13%12)cc%11%10)cc98)cc76)cc54)cc32)c1')
[536.7748334407806] Updated in round 96! max:(0.6357615894039735, 'C=CC(=C)C(=C)C=Cc1ccc2c(ccc3cc4c(ccc5cc6c(ccc7cc8c(ccc9cc%10c(ccc%11cc%12c(ccc%13cc%14c(ccc%15cc%16c(ccc%17cc%18c(ccc%19cc%20c(ccc%21cc%22c(ccc%23cc%24c(ccc%25cc%26c(ccc%27cc%28c(ccc%29cc%30c(C=C)cccc%30cc%29%28)cc%27%26)cc%25%24)cc%23%22)cc%21%20)cc%19%18)cc%17%16)cc%15%14)cc%13%12)cc%11%10)cc98)cc76)cc54)cc32)c1')
[573.9110863208771] Updated in round 97! max:(0.6423841059602649, 'C=Cc1cccc2cc3c(ccc4cc5c(ccc6cc7c(ccc8cc9c(ccc%10cc%11c(ccc%12cc%13c(ccc%14cc%15c(ccc%16cc%17c(ccc%18cc%19c(ccc%20cc%21c(ccc%22cc%23c(ccc%24cc%25c(ccc%26cc%27c(ccc%28cc%29c(ccc%30cc(-c%31ccc(=C)c(=C)c%31)ccc%30%29)cc%28%27)cc%26%25)cc%24%23)cc%22%21)cc%20%19)cc%18%17)cc%16%15)cc%14%13)cc%12%11)cc%109)cc87)cc65)cc43)cc12')
[603.2567257881165] Updated in round 98! max:(0.6490066225165563, 'C=CC=c1cc(-c2ccc3c(ccc4cc5c(ccc6cc7c(ccc8cc9c(ccc%10cc%11c(ccc%12cc%13c(ccc%14cc%15c(ccc%16cc%17c(ccc%18cc%19c(ccc%20cc%21c(ccc%22cc%23c(ccc%24cc%25c(ccc%26cc%27c(ccc%28cc%29c(ccc%30cc%31c(C=C)cccc%31cc%30%29)cc%28%27)cc%26%25)cc%24%23)cc%22%21)cc%20%19)cc%18%17)cc%16%15)cc%14%13)cc%12%11)cc%109)cc87)cc65)cc43)c2)ccc1=C')
[635.0382843017578] Updated in round 99! max:(0.6556291390728477, 'C=Cc1cccc2cc3c(ccc4cc5c(ccc6cc7c(ccc8cc9c(ccc%10cc%11c(ccc%12cc%13c(ccc%14cc%15c(ccc%16cc%17c(ccc%18cc%19c(ccc%20cc%21c(ccc%22cc%23c(ccc%24cc%25c(ccc%26cc%27c(ccc%28cc%29c(ccc%30cc(-c%31ccc%32ccccc%32c%31)ccc%30%29)cc%28%27)cc%26%25)cc%24%23)cc%22%21)cc%20%19)cc%18%17)cc%16%15)cc%14%13)cc%12%11)cc%109)cc87)cc65)cc43)cc12')
[667.7700700759888] Updated in round 100! max:(0.6622516556291391, 'C=Cc1cc2c(ccc3cc4c(ccc5cc6c(ccc7cc8c(ccc9cc%10c(ccc%11cc%12c(ccc%13cc%14c(ccc%15cc%16c(ccc%17cc%18c(ccc%19cc%20c(ccc%21cc%22c(ccc%23cc%24c(ccc%25cc%26c(ccc%27cc%28c(ccc%29cc%30c(C=C)cccc%30cc%29%28)cc%27%26)cc%25%24)cc%23%22)cc%21%20)cc%19%18)cc%17%16)cc%15%14)cc%13%12)cc%11%10)cc98)cc76)cc54)cc32)cc1-c1ccc2ccccc2c1')
[705.2159674167633] Updated in round 101! max:(0.6688741721854304, 'C=Cc1ccc2cc(-c3cc4ccc5cc6c(ccc7cc8c(ccc9cc%10c(ccc%11cc%12c(ccc%13cc%14c(ccc%15cc%16c(ccc%17cc%18c(ccc%19cc%20c(ccc%21cc%22c(ccc%23cc%24c(ccc%25cc%26c(ccc%27cc%28c(ccc%29cc%30c(ccc%31cc%32c(C=C)cccc%32cc%31%30)cc%29%28)cc%27%26)cc%25%24)cc%23%22)cc%21%20)cc%19%18)cc%17%16)cc%15%14)cc%13%12)cc%11%10)cc98)cc76)cc5c4cc3C=C)ccc2c1')
[749.1979930400848] Updated in round 102! max:(0.6754966887417219, 'C=CC=Cc1cccc2cc3c(ccc4cc5c(ccc6cc7c(ccc8cc9c(ccc%10cc%11c(ccc%12cc%13c(ccc%14cc%15c(ccc%16cc%17c(ccc%18cc%19c(ccc%20cc%21c(ccc%22cc%23c(ccc%24cc%25c(ccc%26cc%27c(ccc%28cc%29c(ccc%30cc(-c%31ccc%32cc(C=C)ccc%32c%31)c(C=C)cc%30%29)cc%28%27)cc%26%25)cc%24%23)cc%22%21)cc%20%19)cc%18%17)cc%16%15)cc%14%13)cc%12%11)cc%109)cc87)cc65)cc43)cc12')
[789.8595747947693] Updated in round 103! max:(0.6821192052980133, 'C=CC=Cc1c(C=C)ccc2cc3c(ccc4cc5c(ccc6cc7c(ccc8cc9c(ccc%10cc%11c(ccc%12cc%13c(ccc%14cc%15c(ccc%16cc%17c(ccc%18cc%19c(ccc%20cc%21c(ccc%22cc%23c(ccc%24cc%25c(ccc%26cc%27c(ccc%28cc%29c(ccc%30cc(-c%31ccc%32cc(C=C)ccc%32c%31)c(C=C)cc%30%29)cc%28%27)cc%26%25)cc%24%23)cc%22%21)cc%20%19)cc%18%17)cc%16%15)cc%14%13)cc%12%11)cc%109)cc87)cc65)cc43)cc12')
[831.8010783195496] Updated in round 104! max:(0.6887417218543046, 'C=CC=CC=Cc1c(C=C)ccc2cc3c(ccc4cc5c(ccc6cc7c(ccc8cc9c(ccc%10cc%11c(ccc%12cc%13c(ccc%14cc%15c(ccc%16cc%17c(ccc%18cc%19c(ccc%20cc%21c(ccc%22cc%23c(ccc%24cc%25c(ccc%26cc%27c(ccc%28cc%29c(ccc%30cc(-c%31ccc%32cc(C=C)ccc%32c%31)c(C=C)cc%30%29)cc%28%27)cc%26%25)cc%24%23)cc%22%21)cc%20%19)cc%18%17)cc%16%15)cc%14%13)cc%12%11)cc%109)cc87)cc65)cc43)cc12')
[872.8889558315277] Updated in round 105! max:(0.695364238410596, 'C=CC=CC=Cc1c(C=C)ccc2cc3c(ccc4cc5c(ccc6cc7c(ccc8cc9c(ccc%10cc%11c(ccc%12cc%13c(ccc%14cc%15c(ccc%16cc%17c(ccc%18cc%19c(ccc%20cc%21c(ccc%22cc%23c(ccc%24cc%25c(ccc%26cc%27c(ccc%28cc%29c(ccc%30cc(-c%31ccc%32cc(C=CC=C)ccc%32c%31)c(C=C)cc%30%29)cc%28%27)cc%26%25)cc%24%23)cc%22%21)cc%20%19)cc%18%17)cc%16%15)cc%14%13)cc%12%11)cc%109)cc87)cc65)cc43)cc12')
[917.2689688205719] Updated in round 106! max:(0.7019867549668874, 'C=CC=CC=Cc1ccc2cc(-c3cc4ccc5cc6c(ccc7cc8c(ccc9cc%10c(ccc%11cc%12c(ccc%13cc%14c(ccc%15cc%16c(ccc%17cc%18c(ccc%19cc%20c(ccc%21cc%22c(ccc%23cc%24c(ccc%25cc%26c(ccc%27cc%28c(ccc%29cc%30c(ccc%31cc%32c(C=CC=CC=C)c(C=C)ccc%32cc%31%30)cc%29%28)cc%27%26)cc%25%24)cc%23%22)cc%21%20)cc%19%18)cc%17%16)cc%15%14)cc%13%12)cc%11%10)cc98)cc76)cc5c4cc3C=C)ccc2c1')
[973.4492404460907] Updated in round 107! max:(0.7086092715231788, 'C=CC=CC=Cc1ccc2cc(-c3cc4ccc5cc6c(ccc7cc8c(ccc9cc%10c(ccc%11cc%12c(ccc%13cc%14c(ccc%15cc%16c(ccc%17cc%18c(ccc%19cc%20c(ccc%21cc%22c(ccc%23cc%24c(ccc%25cc%26c(ccc%27cc%28c(ccc%29cc%30c(ccc%31cc%32c(ccc%33ccc(C=CC=C)cc%33%32)cc%31%30)cc%29%28)cc%27%26)cc%25%24)cc%23%22)cc%21%20)cc%19%18)cc%17%16)cc%15%14)cc%13%12)cc%11%10)cc98)cc76)cc5c4cc3C=C)ccc2c1')
[1043.3473856449127] Updated in round 108! max:(0.7152317880794702, 'C=CC=Cc1ccc2ccc3cc4c(ccc5cc6c(ccc7cc8c(ccc9cc%10c(ccc%11cc%12c(ccc%13cc%14c(ccc%15cc%16c(ccc%17cc%18c(ccc%19cc%20c(ccc%21cc%22c(ccc%23cc%24c(ccc%25cc%26c(ccc%27cc%28c(ccc%29cc%30c(ccc%31cc(-c%32ccc%33cc(C=CC(C=C)=CC=C)ccc%33c%32)c(C=C)cc%31%30)cc%29%28)cc%27%26)cc%25%24)cc%23%22)cc%21%20)cc%19%18)cc%17%16)cc%15%14)cc%13%12)cc%11%10)cc98)cc76)cc54)cc3c2c1')
[1095.4396719932556] Updated in round 109! max:(0.7218543046357616, 'C=CC=Cc1ccc2ccc3cc4c(ccc5cc6c(ccc7cc8c(ccc9cc%10c(ccc%11cc%12c(ccc%13cc%14c(ccc%15cc%16c(ccc%17cc%18c(ccc%19cc%20c(ccc%21cc%22c(ccc%23cc%24c(ccc%25cc%26c(ccc%27cc%28c(ccc%29cc%30c(ccc%31cc(-c%32ccc%33cc(C=CC(C=C)=CC(=C)C=C)ccc%33c%32)c(C=C)cc%31%30)cc%29%28)cc%27%26)cc%25%24)cc%23%22)cc%21%20)cc%19%18)cc%17%16)cc%15%14)cc%13%12)cc%11%10)cc98)cc76)cc54)cc3c2c1')
[1153.3019967079163] Updated in round 110! max:(0.7284768211920529, 'C=CC=Cc1ccc2ccc3cc4c(ccc5cc6c(ccc7cc8c(ccc9cc%10c(ccc%11cc%12c(ccc%13cc%14c(ccc%15cc%16c(ccc%17cc%18c(ccc%19cc%20c(ccc%21cc%22c(ccc%23cc%24c(ccc%25cc%26c(ccc%27cc%28c(ccc%29cc%30c(ccc%31cc(-c%32ccc%33cc(C=CC(C=C)=CC(C=C)=CC=C)ccc%33c%32)c(C=C)cc%31%30)cc%29%28)cc%27%26)cc%25%24)cc%23%22)cc%21%20)cc%19%18)cc%17%16)cc%15%14)cc%13%12)cc%11%10)cc98)cc76)cc54)cc3c2c1')
[1213.3726916313171] Updated in round 111! max:(0.7350993377483444, 'C=CC=Cc1ccc2ccc3cc4c(ccc5cc6c(ccc7cc8c(ccc9cc%10c(ccc%11cc%12c(ccc%13cc%14c(ccc%15cc%16c(ccc%17cc%18c(ccc%19cc%20c(ccc%21cc%22c(ccc%23cc%24c(ccc%25cc%26c(ccc%27cc%28c(ccc%29cc%30c(ccc%31cc%32c(ccc%33cc%34cc(C=CC(C=C)=CC(C=C)=CC=C)ccc%34cc%33%32)cc%31%30)cc%29%28)cc%27%26)cc%25%24)cc%23%22)cc%21%20)cc%19%18)cc%17%16)cc%15%14)cc%13%12)cc%11%10)cc98)cc76)cc54)cc3c2c1')
[1313.1391341686249] Updated in round 112! max:(0.7417218543046358, 'C=CC=Cc1ccc2ccc3cc4c(ccc5cc6c(ccc7cc8c(ccc9cc%10c(ccc%11cc%12c(ccc%13cc%14c(ccc%15cc%16c(ccc%17cc%18c(ccc%19cc%20c(ccc%21cc%22c(ccc%23cc%24c(ccc%25cc%26c(ccc%27cc%28c(ccc%29cc%30c(ccc%31cc%32c(ccc%33cc%34cc(C=CC(C=C)=CC(C=C)=CC(=C)C=C)ccc%34cc%33%32)cc%31%30)cc%29%28)cc%27%26)cc%25%24)cc%23%22)cc%21%20)cc%19%18)cc%17%16)cc%15%14)cc%13%12)cc%11%10)cc98)cc76)cc54)cc3c2c1')
[1385.6472780704498] Updated in round 113! max:(0.7483443708609272, 'C=CC=Cc1ccc2ccc3cc4c(ccc5cc6c(ccc7cc8c(ccc9cc%10c(ccc%11cc%12c(ccc%13cc%14c(ccc%15cc%16c(ccc%17cc%18c(ccc%19cc%20c(ccc%21cc%22c(ccc%23cc%24c(ccc%25cc%26c(ccc%27cc%28c(ccc%29cc%30c(ccc%31cc%32c(ccc%33cc%34cc(C=Cc%35ccc(C(=C)C=C)c(C=C)c%35)ccc%34cc%33%32)cc%31%30)cc%29%28)cc%27%26)cc%25%24)cc%23%22)cc%21%20)cc%19%18)cc%17%16)cc%15%14)cc%13%12)cc%11%10)cc98)cc76)cc54)cc3c2c1')
[1466.443508863449] Updated in round 114! max:(0.7549668874172185, 'C=CC(=C)C=Cc1ccc2ccc3cc4c(ccc5cc6c(ccc7cc8c(ccc9cc%10c(ccc%11cc%12c(ccc%13cc%14c(ccc%15cc%16c(ccc%17cc%18c(ccc%19cc%20c(ccc%21cc%22c(ccc%23cc%24c(ccc%25cc%26c(ccc%27cc%28c(ccc%29cc%30c(ccc%31cc%32c(ccc%33cc%34cc(C=Cc%35ccc(C(=C)C=C)c(C=C)c%35)ccc%34cc%33%32)cc%31%30)cc%29%28)cc%27%26)cc%25%24)cc%23%22)cc%21%20)cc%19%18)cc%17%16)cc%15%14)cc%13%12)cc%11%10)cc98)cc76)cc54)cc3c2c1')
[1548.8869881629944] Updated in round 115! max:(0.7615894039735099, 'C=CC=C(C=C)C=Cc1ccc2ccc3cc4c(ccc5cc6c(ccc7cc8c(ccc9cc%10c(ccc%11cc%12c(ccc%13cc%14c(ccc%15cc%16c(ccc%17cc%18c(ccc%19cc%20c(ccc%21cc%22c(ccc%23cc%24c(ccc%25cc%26c(ccc%27cc%28c(ccc%29cc%30c(ccc%31cc%32c(ccc%33cc%34cc(C=Cc%35ccc(C(=C)C=C)c(C=C)c%35)ccc%34cc%33%32)cc%31%30)cc%29%28)cc%27%26)cc%25%24)cc%23%22)cc%21%20)cc%19%18)cc%17%16)cc%15%14)cc%13%12)cc%11%10)cc98)cc76)cc54)cc3c2c1')
[1625.6969878673553] Updated in round 116! max:(0.7682119205298014, 'C=CC=CC=C(C=C)C=Cc1ccc2ccc3cc4c(ccc5cc6c(ccc7cc8c(ccc9cc%10c(ccc%11cc%12c(ccc%13cc%14c(ccc%15cc%16c(ccc%17cc%18c(ccc%19cc%20c(ccc%21cc%22c(ccc%23cc%24c(ccc%25cc%26c(ccc%27cc%28c(ccc%29cc%30c(ccc%31cc%32c(ccc%33cc%34cc(C=Cc%35ccc(C(=C)C=C)c(C=C)c%35)ccc%34cc%33%32)cc%31%30)cc%29%28)cc%27%26)cc%25%24)cc%23%22)cc%21%20)cc%19%18)cc%17%16)cc%15%14)cc%13%12)cc%11%10)cc98)cc76)cc54)cc3c2c1')
[1705.2968797683716] Updated in round 117! max:(0.7748344370860927, 'C=CC=CC=CC=C(C=C)C=Cc1ccc2ccc3cc4c(ccc5cc6c(ccc7cc8c(ccc9cc%10c(ccc%11cc%12c(ccc%13cc%14c(ccc%15cc%16c(ccc%17cc%18c(ccc%19cc%20c(ccc%21cc%22c(ccc%23cc%24c(ccc%25cc%26c(ccc%27cc%28c(ccc%29cc%30c(ccc%31cc%32c(ccc%33cc%34cc(C=Cc%35ccc(C(=C)C=C)c(C=C)c%35)ccc%34cc%33%32)cc%31%30)cc%29%28)cc%27%26)cc%25%24)cc%23%22)cc%21%20)cc%19%18)cc%17%16)cc%15%14)cc%13%12)cc%11%10)cc98)cc76)cc54)cc3c2c1')
[1818.0547223091125] Updated in round 118! max:(0.7814569536423841, 'C=CC=C(C=C)C=CC=C(C=C)C=Cc1ccc2ccc3cc4c(ccc5cc6c(ccc7cc8c(ccc9cc%10c(ccc%11cc%12c(ccc%13cc%14c(ccc%15cc%16c(ccc%17cc%18c(ccc%19cc%20c(ccc%21cc%22c(ccc%23cc%24c(ccc%25cc%26c(ccc%27cc%28c(ccc%29cc%30c(ccc%31cc%32c(ccc%33cc%34cc(C=Cc%35ccc(C(=C)C=C)c(C=C)c%35)ccc%34cc%33%32)cc%31%30)cc%29%28)cc%27%26)cc%25%24)cc%23%22)cc%21%20)cc%19%18)cc%17%16)cc%15%14)cc%13%12)cc%11%10)cc98)cc76)cc54)cc3c2c1')
[1996.7904632091522] Updated in round 119! max:(0.7880794701986755, 'C=CC(=C)c1ccc(C=Cc2ccc3cc4c(ccc5cc6c(ccc7cc8c(ccc9cc%10c(ccc%11cc%12c(ccc%13cc%14c(ccc%15cc%16c(ccc%17cc%18c(ccc%19cc%20c(ccc%21cc%22c(ccc%23cc%24c(ccc%25cc%26c(ccc%27cc%28c(ccc%29cc%30c(ccc%31cc%32c(ccc%33cc%34c(ccc%35ccc(C=Cc%36cccccc(C=C)ccc%36)cc%35%34)cc%33%32)cc%31%30)cc%29%28)cc%27%26)cc%25%24)cc%23%22)cc%21%20)cc%19%18)cc%17%16)cc%15%14)cc%13%12)cc%11%10)cc98)cc76)cc54)cc3c2)cc1C=C')
[2078.1378433704376] Updated in round 120! max:(0.7947019867549668, 'C=CC=CC(=C)c1ccc(C=Cc2ccc3cc4c(ccc5cc6c(ccc7cc8c(ccc9cc%10c(ccc%11cc%12c(ccc%13cc%14c(ccc%15cc%16c(ccc%17cc%18c(ccc%19cc%20c(ccc%21cc%22c(ccc%23cc%24c(ccc%25cc%26c(ccc%27cc%28c(ccc%29cc%30c(ccc%31cc%32c(ccc%33cc%34c(ccc%35ccc(C=Cc%36cccccc(C=C)ccc%36)cc%35%34)cc%33%32)cc%31%30)cc%29%28)cc%27%26)cc%25%24)cc%23%22)cc%21%20)cc%19%18)cc%17%16)cc%15%14)cc%13%12)cc%11%10)cc98)cc76)cc54)cc3c2)cc1C=C')
[2171.1849303245544] Updated in round 121! max:(0.8013245033112583, 'C=Cc1cccccc(C=Cc2ccc3ccc4cc5c(ccc6cc7c(ccc8cc9c(ccc%10cc%11c(ccc%12cc%13c(ccc%14cc%15c(ccc%16cc%17c(ccc%18cc%19c(ccc%20cc%21c(ccc%22cc%23c(ccc%24cc%25c(ccc%26cc%27c(ccc%28cc%29c(ccc%30cc%31c(ccc%32cc%33c(ccc%34cc%35cc(C=Cc%36ccc(-c%37ccccc%37)c(C=C)c%36)ccc%35cc%34%33)cc%32%31)cc%30%29)cc%28%27)cc%26%25)cc%24%23)cc%22%21)cc%20%19)cc%18%17)cc%16%15)cc%14%13)cc%12%11)cc%109)cc87)cc65)cc4c3c2)ccc1')
[2274.2602396011353] Updated in round 122! max:(0.8079470198675497, 'C=Cc1ccc2ccc(C=Cc3ccc4ccc5cc6c(ccc7cc8c(ccc9cc%10c(ccc%11cc%12c(ccc%13cc%14c(ccc%15cc%16c(ccc%17cc%18c(ccc%19cc%20c(ccc%21cc%22c(ccc%23cc%24c(ccc%25cc%26c(ccc%27cc%28c(ccc%29cc%30c(ccc%31cc%32c(ccc%33cc%34c(ccc%35cc%36cc(C=Cc%37ccc(-c%38ccccc%38)c(C=C)c%37)ccc%36cc%35%34)cc%33%32)cc%31%30)cc%29%28)cc%27%26)cc%25%24)cc%23%22)cc%21%20)cc%19%18)cc%17%16)cc%15%14)cc%13%12)cc%11%10)cc98)cc76)cc5c4c3)cc2c1')
[2400.8752064704895] Updated in round 123! max:(0.8145695364238411, 'C=Cc1cc(C=Cc2ccc3cc4c(ccc5cc6c(ccc7cc8c(ccc9cc%10c(ccc%11cc%12c(ccc%13cc%14c(ccc%15cc%16c(ccc%17cc%18c(ccc%19cc%20c(ccc%21cc%22c(ccc%23cc%24c(ccc%25cc%26c(ccc%27cc%28c(ccc%29cc%30c(ccc%31cc%32c(ccc%33cc%34c(ccc%35ccc(C=Cc%36ccc%37ccc(C=C)c(C=C)c%37c%36)cc%35%34)cc%33%32)cc%31%30)cc%29%28)cc%27%26)cc%25%24)cc%23%22)cc%21%20)cc%19%18)cc%17%16)cc%15%14)cc%13%12)cc%11%10)cc98)cc76)cc54)cc3c2)ccc1-c1ccccc1')
[2505.2758495807648] Updated in round 124! max:(0.8211920529801324, 'C=CC(=Cc1ccc2cc3c(ccc4cc5c(ccc6cc7c(ccc8cc9c(ccc%10cc%11c(ccc%12cc%13c(ccc%14cc%15c(ccc%16cc%17c(ccc%18cc%19c(ccc%20cc%21c(ccc%22cc%23c(ccc%24cc%25c(ccc%26cc%27c(ccc%28cc%29c(ccc%30cc%31c(ccc%32cc%33c(ccc%34ccc(C=Cc%35ccc%36ccc(C=C)c(C=C)c%36c%35)cc%34%33)cc%32%31)cc%30%29)cc%28%27)cc%26%25)cc%24%23)cc%22%21)cc%20%19)cc%18%17)cc%16%15)cc%14%13)cc%12%11)cc%109)cc87)cc65)cc43)cc2c1)c1ccc(-c2ccccc2)c(C=C)c1')
[2599.79829454422] Updated in round 125! max:(0.8278145695364238, 'C=CC(=Cc1ccc2cc3c(ccc4cc5c(ccc6cc7c(ccc8cc9c(ccc%10cc%11c(ccc%12cc%13c(ccc%14cc%15c(ccc%16cc%17c(ccc%18cc%19c(ccc%20cc%21c(ccc%22cc%23c(ccc%24cc%25c(ccc%26cc%27c(ccc%28cc%29c(ccc%30cc%31c(ccc%32cc%33c(ccc%34cc%35c(ccc%36cc%37c(C=C)c(C=C)ccc%37cc%36%35)cc%34%33)cc%32%31)cc%30%29)cc%28%27)cc%26%25)cc%24%23)cc%22%21)cc%20%19)cc%18%17)cc%16%15)cc%14%13)cc%12%11)cc%109)cc87)cc65)cc43)cc2c1)c1ccc(-c2ccccc2)c(C=C)c1')
[2735.936736345291] Updated in round 126! max:(0.8344370860927153, 'C=CC=Cc1ccc2cc3c(ccc4cc5c(ccc6cc7c(ccc8cc9c(ccc%10cc%11c(ccc%12cc%13c(ccc%14cc%15c(ccc%16cc%17c(ccc%18cc%19c(ccc%20cc%21c(ccc%22cc%23c(ccc%24cc%25c(ccc%26cc%27c(ccc%28cc%29c(ccc%30cc%31c(ccc%32cc%33c(ccc%34cc%35c(ccc%36cc%37cc(C=C(C=C)c%38ccc(-c%39ccccc%39)c(C=C)c%38)ccc%37cc%36%35)cc%34%33)cc%32%31)cc%30%29)cc%28%27)cc%26%25)cc%24%23)cc%22%21)cc%20%19)cc%18%17)cc%16%15)cc%14%13)cc%12%11)cc%109)cc87)cc65)cc43)cc2c1C=C')
[2894.088951587677] Updated in round 127! max:(0.8410596026490066, 'C=CC(=Cc1ccc2cc3c(ccc4cc5c(ccc6cc7c(ccc8cc9c(ccc%10cc%11c(ccc%12cc%13c(ccc%14cc%15c(ccc%16cc%17c(ccc%18cc%19c(ccc%20cc%21c(ccc%22cc%23c(ccc%24cc%25c(ccc%26cc%27c(ccc%28cc%29c(ccc%30cc%31c(ccc%32cc%33c(ccc%34cc%35c(ccc%36cc%37c(ccc%38cc(C=C)ccc%38%37)cc%36%35)cc%34%33)cc%32%31)cc%30%29)cc%28%27)cc%26%25)cc%24%23)cc%22%21)cc%20%19)cc%18%17)cc%16%15)cc%14%13)cc%12%11)cc%109)cc87)cc65)cc43)cc2c1)c1ccc(-c2ccccc2)c(C=C)c1')
[3066.722640275955] Updated in round 128! max:(0.847682119205298, 'C=CC(=Cc1ccc2cc3c(ccc4cc5c(ccc6cc7c(ccc8cc9c(ccc%10cc%11c(ccc%12cc%13c(ccc%14cc%15c(ccc%16cc%17c(ccc%18cc%19c(ccc%20cc%21c(ccc%22cc%23c(ccc%24cc%25c(ccc%26cc%27c(ccc%28cc%29c(ccc%30cc%31c(ccc%32cc%33c(ccc%34cc%35c(ccc%36cc%37c(ccc%38cc(C=C)ccc%38%37)cc%36%35)cc%34%33)cc%32%31)cc%30%29)cc%28%27)cc%26%25)cc%24%23)cc%22%21)cc%20%19)cc%18%17)cc%16%15)cc%14%13)cc%12%11)cc%109)cc87)cc65)cc43)cc2c1)c1ccc(-c2ccc(C=C)cc2)c(C=C)c1')
[3224.092572450638] Updated in round 129! max:(0.8543046357615894, 'C=CC(=Cc1ccc2cc3c(ccc4cc5c(ccc6cc7c(ccc8cc9c(ccc%10cc%11c(ccc%12cc%13c(ccc%14cc%15c(ccc%16cc%17c(ccc%18cc%19c(ccc%20cc%21c(ccc%22cc%23c(ccc%24cc%25c(ccc%26cc%27c(ccc%28cc%29c(ccc%30cc%31c(ccc%32cc%33c(ccc%34cc%35c(ccc%36cc%37c(ccc%38cc(C=C)ccc%38%37)cc%36%35)cc%34%33)cc%32%31)cc%30%29)cc%28%27)cc%26%25)cc%24%23)cc%22%21)cc%20%19)cc%18%17)cc%16%15)cc%14%13)cc%12%11)cc%109)cc87)cc65)cc43)cc2c1)c1ccc(-c2ccc(C=C)c(C=C)c2)c(C=C)c1')
[3444.562762737274] Updated in round 130! max:(0.8609271523178808, 'C=CC(=C)C(=Cc1ccc2cc3c(ccc4cc5c(ccc6cc7c(ccc8cc9c(ccc%10cc%11c(ccc%12cc%13c(ccc%14cc%15c(ccc%16cc%17c(ccc%18cc%19c(ccc%20cc%21c(ccc%22cc%23c(ccc%24cc%25c(ccc%26cc%27c(ccc%28cc%29c(ccc%30cc%31c(ccc%32cc%33c(ccc%34cc%35c(ccc%36cc%37c(ccc%38cc(C=C)ccc%38%37)cc%36%35)cc%34%33)cc%32%31)cc%30%29)cc%28%27)cc%26%25)cc%24%23)cc%22%21)cc%20%19)cc%18%17)cc%16%15)cc%14%13)cc%12%11)cc%109)cc87)cc65)cc43)cc2c1)c1ccc(-c2ccc(C=C)c(C=C)c2)c(C=C)c1')
[3634.5375299453735] Updated in round 131! max:(0.8675496688741722, 'C=CC(=C)C(=Cc1ccc2cc3c(ccc4cc5c(ccc6cc7c(ccc8cc9c(ccc%10cc%11c(ccc%12cc%13c(ccc%14cc%15c(ccc%16cc%17c(ccc%18cc%19c(ccc%20cc%21c(ccc%22cc%23c(ccc%24cc%25c(ccc%26cc%27c(ccc%28cc%29c(ccc%30cc%31c(ccc%32cc%33c(ccc%34cc%35c(ccc%36cc%37c(ccc%38cc(C=C)ccc%38%37)cc%36%35)cc%34%33)cc%32%31)cc%30%29)cc%28%27)cc%26%25)cc%24%23)cc%22%21)cc%20%19)cc%18%17)cc%16%15)cc%14%13)cc%12%11)cc%109)cc87)cc65)cc43)cc2c1)c1ccc(-c2ccc3ccccc3c2)c(C=C)c1')
[3798.8810789585114] Updated in round 132! max:(0.8741721854304636, 'C=CC=Cc1ccc2c(ccc3cc4c(ccc5cc6c(ccc7cc8c(ccc9cc%10c(ccc%11cc%12c(ccc%13cc%14c(ccc%15cc%16c(ccc%17cc%18c(ccc%19cc%20c(ccc%21cc%22c(ccc%23cc%24c(ccc%25cc%26c(ccc%27cc%28c(ccc%29cc%30c(ccc%31cc%32c(ccc%33cc%34c(ccc%35cc%36c(ccc%37cc%38cc(C=C(C(=C)C=C)c%39ccc(-c%40ccc%41ccccc%41c%40)c(C=C)c%39)ccc%38cc%37%36)cc%35%34)cc%33%32)cc%31%30)cc%29%28)cc%27%26)cc%25%24)cc%23%22)cc%21%20)cc%19%18)cc%17%16)cc%15%14)cc%13%12)cc%11%10)cc98)cc76)cc54)cc32)c1')
[4002.519212245941] Updated in round 133! max:(0.8807947019867549, 'C=CC=Cc1ccc2c(ccc3cc4c(ccc5cc6c(ccc7cc8c(ccc9cc%10c(ccc%11cc%12c(ccc%13cc%14c(ccc%15cc%16c(ccc%17cc%18c(ccc%19cc%20c(ccc%21cc%22c(ccc%23cc%24c(ccc%25cc%26c(ccc%27cc%28c(ccc%29cc%30c(ccc%31cc%32c(ccc%33cc%34c(ccc%35cc%36c(ccc%37cc%38cc(C=C(C(=C)C=C)c%39ccc(-c%40ccc%41c(C=C)cccc%41c%40)c(C=C)c%39)ccc%38cc%37%36)cc%35%34)cc%33%32)cc%31%30)cc%29%28)cc%27%26)cc%25%24)cc%23%22)cc%21%20)cc%19%18)cc%17%16)cc%15%14)cc%13%12)cc%11%10)cc98)cc76)cc54)cc32)c1')
[4175.803340673447] Updated in round 134! max:(0.8874172185430463, 'C=CC(=C)C=Cc1ccc2c(ccc3cc4c(ccc5cc6c(ccc7cc8c(ccc9cc%10c(ccc%11cc%12c(ccc%13cc%14c(ccc%15cc%16c(ccc%17cc%18c(ccc%19cc%20c(ccc%21cc%22c(ccc%23cc%24c(ccc%25cc%26c(ccc%27cc%28c(ccc%29cc%30c(ccc%31cc%32c(ccc%33cc%34c(ccc%35cc%36c(ccc%37cc%38cc(C=C(C(=C)C=C)c%39ccc(-c%40ccc%41c(C=C)cccc%41c%40)c(C=C)c%39)ccc%38cc%37%36)cc%35%34)cc%33%32)cc%31%30)cc%29%28)cc%27%26)cc%25%24)cc%23%22)cc%21%20)cc%19%18)cc%17%16)cc%15%14)cc%13%12)cc%11%10)cc98)cc76)cc54)cc32)c1')
[4362.435888290405] Updated in round 135! max:(0.8940397350993378, 'C=CC(=C)C=Cc1ccc2c(ccc3cc4c(ccc5cc6c(ccc7cc8c(ccc9cc%10c(ccc%11cc%12c(ccc%13cc%14c(ccc%15cc%16c(ccc%17cc%18c(ccc%19cc%20c(ccc%21cc%22c(ccc%23cc%24c(ccc%25cc%26c(ccc%27cc%28c(ccc%29cc%30c(ccc%31cc%32c(ccc%33cc%34c(ccc%35cc%36c(ccc%37cc%38cc(C=c%39c(=C)ccc%40cc(-c%41ccc%42c(C=C)cccc%42c%41)c(C=C)cc%39%40)ccc%38cc%37%36)cc%35%34)cc%33%32)cc%31%30)cc%29%28)cc%27%26)cc%25%24)cc%23%22)cc%21%20)cc%19%18)cc%17%16)cc%15%14)cc%13%12)cc%11%10)cc98)cc76)cc54)cc32)c1')
[4567.5496146678925] Updated in round 136! max:(0.9006622516556292, 'C=CC=CC(=C)C=Cc1ccc2c(ccc3cc4c(ccc5cc6c(ccc7cc8c(ccc9cc%10c(ccc%11cc%12c(ccc%13cc%14c(ccc%15cc%16c(ccc%17cc%18c(ccc%19cc%20c(ccc%21cc%22c(ccc%23cc%24c(ccc%25cc%26c(ccc%27cc%28c(ccc%29cc%30c(ccc%31cc%32c(ccc%33cc%34c(ccc%35cc%36c(ccc%37cc%38cc(C=c%39c(=C)ccc%40cc(-c%41ccc%42c(C=C)cccc%42c%41)c(C=C)cc%39%40)ccc%38cc%37%36)cc%35%34)cc%33%32)cc%31%30)cc%29%28)cc%27%26)cc%25%24)cc%23%22)cc%21%20)cc%19%18)cc%17%16)cc%15%14)cc%13%12)cc%11%10)cc98)cc76)cc54)cc32)c1')
[4778.691665649414] Updated in round 137! max:(0.9072847682119205, 'C=Cc1cc2c(=Cc3ccc4cc5c(ccc6cc7c(ccc8cc9c(ccc%10cc%11c(ccc%12cc%13c(ccc%14cc%15c(ccc%16cc%17c(ccc%18cc%19c(ccc%20cc%21c(ccc%22cc%23c(ccc%24cc%25c(ccc%26cc%27c(ccc%28cc%29c(ccc%30cc%31c(ccc%32cc%33c(ccc%34cc%35c(ccc%36cc%37c(ccc%38cc%39c(ccc%40cc(C=Cc%41ccccc%41)ccc%40%39)cc%38%37)cc%36%35)cc%34%33)cc%32%31)cc%30%29)cc%28%27)cc%26%25)cc%24%23)cc%22%21)cc%20%19)cc%18%17)cc%16%15)cc%14%13)cc%12%11)cc%109)cc87)cc65)cc4c3)c(=C)ccc2cc1-c1ccc2c(C=C)cccc2c1')
[4983.051631689072] Updated in round 138! max:(0.9139072847682119, 'C=Cc1cccc(C=Cc2ccc3c(ccc4cc5c(ccc6cc7c(ccc8cc9c(ccc%10cc%11c(ccc%12cc%13c(ccc%14cc%15c(ccc%16cc%17c(ccc%18cc%19c(ccc%20cc%21c(ccc%22cc%23c(ccc%24cc%25c(ccc%26cc%27c(ccc%28cc%29c(ccc%30cc%31c(ccc%32cc%33c(ccc%34cc%35c(ccc%36cc%37c(ccc%38cc%39cc(C=c%40c(=C)ccc%41cc(-c%42ccc%43c(C=C)cccc%43c%42)c(C=C)cc%40%41)ccc%39cc%38%37)cc%36%35)cc%34%33)cc%32%31)cc%30%29)cc%28%27)cc%26%25)cc%24%23)cc%22%21)cc%20%19)cc%18%17)cc%16%15)cc%14%13)cc%12%11)cc%109)cc87)cc65)cc43)c2)c1')
[5209.1891186237335] Updated in round 139! max:(0.9205298013245033, 'C=Cc1ccc(C=Cc2ccc3c(ccc4cc5c(ccc6cc7c(ccc8cc9c(ccc%10cc%11c(ccc%12cc%13c(ccc%14cc%15c(ccc%16cc%17c(ccc%18cc%19c(ccc%20cc%21c(ccc%22cc%23c(ccc%24cc%25c(ccc%26cc%27c(ccc%28cc%29c(ccc%30cc%31c(ccc%32cc%33c(ccc%34cc%35c(ccc%36cc%37c(ccc%38cc%39cc(C=c%40c(=C)ccc%41cc(-c%42ccc%43c(C=C)cccc%43c%42)c(C=C)cc%40%41)ccc%39cc%38%37)cc%36%35)cc%34%33)cc%32%31)cc%30%29)cc%28%27)cc%26%25)cc%24%23)cc%22%21)cc%20%19)cc%18%17)cc%16%15)cc%14%13)cc%12%11)cc%109)cc87)cc65)cc43)c2)cc1C=C')
[5453.11847615242] Updated in round 140! max:(0.9271523178807947, 'C=Cc1ccc(C=Cc2ccc3c(ccc4cc5c(ccc6cc7c(ccc8cc9c(ccc%10cc%11c(ccc%12cc%13c(ccc%14cc%15c(ccc%16cc%17c(ccc%18cc%19c(ccc%20cc%21c(ccc%22cc%23c(ccc%24cc%25c(ccc%26cc%27c(ccc%28cc%29c(ccc%30cc%31c(ccc%32cc%33c(ccc%34cc%35c(ccc%36cc%37c(ccc%38cc%39cc(C=c%40c(=C)ccc%41cc%42c(ccc%43cc%44c(C=C)cccc%44cc%43%42)cc%40%41)ccc%39cc%38%37)cc%36%35)cc%34%33)cc%32%31)cc%30%29)cc%28%27)cc%26%25)cc%24%23)cc%22%21)cc%20%19)cc%18%17)cc%16%15)cc%14%13)cc%12%11)cc%109)cc87)cc65)cc43)c2)cc1C=C')
[5652.327922821045] Updated in round 141! max:(0.9337748344370861, 'C=Cc1ccc(C=Cc2ccc3c(ccc4cc5c(ccc6cc7c(ccc8cc9c(ccc%10cc%11c(ccc%12cc%13c(ccc%14cc%15c(ccc%16cc%17c(ccc%18cc%19c(ccc%20cc%21c(ccc%22cc%23c(ccc%24cc%25c(ccc%26cc%27c(ccc%28cc%29c(ccc%30cc%31c(ccc%32cc%33c(ccc%34cc%35c(ccc%36cc%37c(ccc%38cc%39cc(C=c%40c(=C)ccc%41cc%42c(ccc%43cc%44c(C=C)c(C=C)ccc%44cc%43%42)cc%40%41)ccc%39cc%38%37)cc%36%35)cc%34%33)cc%32%31)cc%30%29)cc%28%27)cc%26%25)cc%24%23)cc%22%21)cc%20%19)cc%18%17)cc%16%15)cc%14%13)cc%12%11)cc%109)cc87)cc65)cc43)c2)cc1C=C')
[5969.911085605621] Updated in round 142! max:(0.9403973509933775, 'C=CC=Cc1c(C=C)ccc2cc3c(ccc4cc5c(=Cc6ccc7cc8c(ccc9cc%10c(ccc%11cc%12c(ccc%13cc%14c(ccc%15cc%16c(ccc%17cc%18c(ccc%19cc%20c(ccc%21cc%22c(ccc%23cc%24c(ccc%25cc%26c(ccc%27cc%28c(ccc%29cc%30c(ccc%31cc%32c(ccc%33cc%34c(ccc%35cc%36c(ccc%37cc%38c(ccc%39cc%40c(ccc%41cc%42c(ccc%43cc(C=Cc%44ccc(C=C)c(C=C)c%44)ccc%43%42)cc%41%40)cc%39%38)cc%37%36)cc%35%34)cc%33%32)cc%31%30)cc%29%28)cc%27%26)cc%25%24)cc%23%22)cc%21%20)cc%19%18)cc%17%16)cc%15%14)cc%13%12)cc%11%10)cc98)cc7c6)c(=C)ccc5cc43)cc12')
[6245.795978784561] Updated in round 143! max:(0.9470198675496688, 'C=CC=Cc1c2ccc3cc4c(ccc5cc6c(c(=C)ccc6cc54)=Cc4ccc5cc6c(ccc7cc8c(ccc9cc%10c(ccc%11cc%12c(ccc%13cc%14c(ccc%15cc%16c(ccc%17cc%18c(ccc%19cc%20c(ccc%21cc%22c(ccc%23cc%24c(ccc%25cc%26c(ccc%27cc%28c(ccc%29cc%30c(ccc%31cc%32c(ccc%33cc%34c(ccc%35cc%36c(ccc%37cc%38c(ccc%39cc%40c(ccc%41cc(ccc%41%40)C=Cc%40ccc(c(C=C)c%40)C=CC=C2)cc%39%38)cc%37%36)cc%35%34)cc%33%32)cc%31%30)cc%29%28)cc%27%26)cc%25%24)cc%23%22)cc%21%20)cc%19%18)cc%17%16)cc%15%14)cc%13%12)cc%11%10)cc98)cc76)cc5c4)cc13')
[7222.089398622513] Updated in round 144! max:(0.9536423841059603, 'C=CC=Cc1c2ccc3cc4c(ccc5cc6c(c(=C)ccc6cc54)=Cc4ccc5cc6c(ccc7cc8c(ccc9cc%10c(ccc%11cc%12c(ccc%13cc%14c(ccc%15cc%16c(ccc%17cc%18c(ccc%19cc%20c(ccc%21cc%22c(ccc%23cc%24c(ccc%25cc%26c(ccc%27cc%28c(ccc%29cc%30c(ccc%31cc%32c(ccc%33cc%34c(ccc%35cc%36c(ccc%37cc%38c(ccc%39cc%40c(ccc%41cc(ccc%41%40)C=Cc%40ccc%41cc(ccc%41c%40)C=C2)cc%39%38)cc%37%36)cc%35%34)cc%33%32)cc%31%30)cc%29%28)cc%27%26)cc%25%24)cc%23%22)cc%21%20)cc%19%18)cc%17%16)cc%15%14)cc%13%12)cc%11%10)cc98)cc76)cc5c4)cc13')
[8255.579690933228] Updated in round 145! max:(0.9602649006622517, 'C=c1ccc2cc3c4ccc5cc6c(ccc7ccc8cc9ccc(cc9cc8ccccc76)C=Cc6ccc7c(ccc8cc9c(ccc%10cc%11c(ccc%12cc%13c(ccc%14cc%15c(ccc%16cc%17c(ccc%18cc%19c(ccc%20cc%21c(ccc%22cc%23c(ccc%24cc%25c(ccc%26cc%27c(ccc%28cc%29c(ccc%30cc%31c(ccc%32cc%33c(ccc%34cc%35c(ccc%36cc%37c(ccc%38cc%39c(ccc%40cc%41c(ccc%42cc%43cc(ccc%43cc%42%41)C=c1c2c4)cc%40%39)cc%38%37)cc%36%35)cc%34%33)cc%32%31)cc%30%29)cc%28%27)cc%26%25)cc%24%23)cc%22%21)cc%20%19)cc%18%17)cc%16%15)cc%14%13)cc%12%11)cc%109)cc87)c6)cc53')
[9028.001648902893] Updated in round 146! max:(0.9668874172185431, 'C=CC1=Cc2ccc3cc4ccc5ccc6cc7c(ccc8cc9c(c(=C)ccc9cc87)=Cc7ccc8cc9c(ccc%10cc%11c(ccc%12cc%13c(ccc%14cc%15c(ccc%16cc%17c(ccc%18cc%19c(ccc%20cc%21c(ccc%22cc%23c(ccc%24cc%25c(ccc%26cc%27c(ccc%28cc%29c(ccc%30cc%31c(ccc%32cc%33c(ccc%34cc%35c(ccc%36cc%37c(ccc%38cc%39c(ccc%40cc%41c(ccc%42cc%43c(ccc%44cc1ccc%44%43)cc%42%41)cc%40%39)cc%38%37)cc%36%35)cc%34%33)cc%32%31)cc%30%29)cc%28%27)cc%26%25)cc%24%23)cc%22%21)cc%20%19)cc%18%17)cc%16%15)cc%14%13)cc%12%11)cc%109)cc8c7)cc6c5ccccc4cc3c2')
[10011.06015920639] Updated in round 147! max:(0.9735099337748344, 'C=CC1=Cc2ccc3cc4c(ccc5cc6c(ccc7cc8c(ccc9cc%10c(c(=C)ccc%10cc98)=Cc8ccc9cc%10c(ccc%11cc%12c(ccc%13cc%14c(ccc%15cc%16c(ccc%17cc%18c(ccc%19cc%20c(ccc%21cc%22c(ccc%23cc%24c(ccc%25cc%26c(ccc%27cc%28c(ccc%29cc%30c(ccc%31cc%32c(ccc%33cc%34c(ccc%35cc%36c(ccc%37cc%38c(ccc%39cc%40c(ccc%41cc%42c(ccc%43cc%44c(ccc%45cc1ccc%45%44)cc%43%42)cc%41%40)cc%39%38)cc%37%36)cc%35%34)cc%33%32)cc%31%30)cc%29%28)cc%27%26)cc%25%24)cc%23%22)cc%21%20)cc%19%18)cc%17%16)cc%15%14)cc%13%12)cc%11%10)cc9c8)cc76)cc54)cc3c2')
[10810.05262541771] Updated in round 148! max:(0.9801324503311258, 'C=c1ccc2cc3c4ccc5cc6c(ccc7cc8c(ccc9cc%10c(ccc%11cc(ccc%11%10)-c%10ccc%11c(ccc%12cc%13c(ccc%14cc%15c(ccc%16cc%17c(ccc%18cc%19c(ccc%20cc%21c(ccc%22cc%23c(ccc%24cc%25c(ccc%26cc%27c(ccc%28cc%29c(ccc%30cc%31c(ccc%32cc%33c(ccc%34cc%35c(ccc%36cc%37c(ccc%38cc%39c(ccc%40cc%41c(ccc%42cc%43c(ccc%44cc%45c(ccc%46cc%47cc(ccc%47cc%46%45)C=c1c2c4)cc%44%43)cc%42%41)cc%40%39)cc%38%37)cc%36%35)cc%34%33)cc%32%31)cc%30%29)cc%28%27)cc%26%25)cc%24%23)cc%22%21)cc%20%19)cc%18%17)cc%16%15)cc%14%13)cc%12%11)c%10)cc98)cc76)cc53')
[11844.816575527191] Updated in round 149! max:(0.9867549668874173, 'c1cc2c3ccc4cc5c(ccc6cc7c(ccc8cc9c(ccc%10cc%11c(ccc%12cc%13c(ccc%14cc%15c(ccc%16cc%17c(ccc%18cc%19c(ccc%20cc%21c(ccc%22cc%23c(ccc%24cc%25c(ccc%26cc%27c(ccc%28cc%29c(ccc%30cc%31c(ccc%32cc%33c(ccc%34cc%35c(ccc%36cc%37c(ccc%38cc%39c(ccc%40cc%41c(ccc%42cc%43c(ccc%44cc%45c(ccc%46cc%47c(ccc%48cc%49c(ccc%50cc(ccc%50%49)-c1c3)cc%48%47)cc%46%45)cc%44%43)cc%42%41)cc%40%39)cc%38%37)cc%36%35)cc%34%33)cc%32%31)cc%30%29)cc%28%27)cc%26%25)cc%24%23)cc%22%21)cc%20%19)cc%18%17)cc%16%15)cc%14%13)cc%12%11)cc%109)cc87)cc65)cc42')
[14231.502995729446] Updated in round 150! max:(0.9933774834437086, 'C=Cc1cc2c3ccc4cc5c(ccc6cc7c(ccc8cc9c(ccc%10cc%11c(ccc%12cc%13c(ccc%14cc%15c(ccc%16cc%17c(ccc%18cc%19c(ccc%20cc%21c(ccc%22cc%23c(ccc%24cc%25c(ccc%26cc%27c(ccc%28cc%29c(ccc%30cc%31c(ccc%32cc%33c(ccc%34cc%35c(ccc%36cc%37c(ccc%38cc%39c(ccc%40cc%41c(ccc%42cc%43c(ccc%44cc%45c(ccc%46cc%47c(ccc%48cc%49c(ccc%50cc(ccc%50%49)-c1c3)cc%48%47)cc%46%45)cc%44%43)cc%42%41)cc%40%39)cc%38%37)cc%36%35)cc%34%33)cc%32%31)cc%30%29)cc%28%27)cc%26%25)cc%24%23)cc%22%21)cc%20%19)cc%18%17)cc%16%15)cc%14%13)cc%12%11)cc%109)cc87)cc65)cc42')
[16151.150016784668] Updated in round 151! max:(1.0, 'c1cc2cc3c4ccc5cc6c(ccc7cc8c(ccc9cc%10c(ccc%11cc%12c(ccc%13cc%14c(ccc%15cc%16c(ccc%17cc%18c(ccc%19cc%20c(ccc%21cc%22c(ccc%23cc%24c(ccc%25cc%26c(ccc%27cc%28c(ccc%29cc%30c(ccc%31cc%32c(ccc%33cc%34c(ccc%35cc%36c(ccc%37cc%38c(ccc%39cc%40c(ccc%41cc%42c(ccc%43cc%44c(ccc%45cc%46c(ccc%47cc%48c(ccc%49cc%50c(ccc%51cc(c1cc%51%50)c2c4)cc%49%48)cc%47%46)cc%45%44)cc%43%42)cc%41%40)cc%39%38)cc%37%36)cc%35%34)cc%33%32)cc%31%30)cc%29%28)cc%27%26)cc%25%24)cc%23%22)cc%21%20)cc%19%18)cc%17%16)cc%15%14)cc%13%12)cc%11%10)cc98)cc76)cc53')
[16151.150036334991] Reproduced in round 151!!
