[6.4849853515625e-05] Start running HillClimbing from [H][H]...
[0.0002720355987548828] Updated in round 1! max:(0.0, 'C=C')
[0.0007002353668212891] Updated in round 2! max:(0.3111111111111111, 'C=Cc1ccccc1')
[0.004675865173339844] Updated in round 3! max:(0.56, 'C(=Cc1ccccc1)c1ccccc1')
[0.01713705062866211] Updated in round 4! max:(0.56, 'C1=C(c2ccccc2)c2cccc1c2')
[0.029532670974731445] Updated in round 5! max:(0.5737704918032787, 'C1=C(c2ccccc2)c2cc1cc(-c1ccccc1)c2')
[0.05823993682861328] Updated in round 6! max:(0.5737704918032787, 'c1ccc(C2=C3c4cc(-c5ccccc5)cc2c43)cc1')
[0.0820159912109375] No improvement found in round 7. Roll back to (0.5737704918032787, 'C1=C(c2ccccc2)c2cc1cc(-c1ccccc1)c2')
[0.1109926700592041] No improvement found in round 8. Roll back to (0.56, 'C1=C(c2ccccc2)c2cccc1c2')
[0.12449383735656738] No improvement found in round 9. Roll back to (0.56, 'C(=Cc1ccccc1)c1ccccc1')
[0.13643431663513184] Updated in round 10! max:(0.5918367346938775, 'C1=C(c2ccccc2)c2ccccc21')
[0.14974403381347656] No improvement found in round 11. Roll back to (0.56, 'C(=Cc1ccccc1)c1ccccc1')
[0.16206097602844238] Updated in round 12! max:(0.5849056603773585, 'c1ccc(-c2ccc3ccccc3c2)cc1')
[0.18303775787353516] No improvement found in round 13. Roll back to (0.56, 'C(=Cc1ccccc1)c1ccccc1')
[0.19623088836669922] Updated in round 14! max:(0.6071428571428571, 'c1ccc(-c2ccccc2-c2ccccc2)cc1')
[0.21704411506652832] Updated in round 15! max:(0.6071428571428571, 'c1ccc(-c2cc3cc-3c2-c2ccccc2)cc1')
[0.23694515228271484] Updated in round 16! max:(0.6181818181818182, 'c1ccc(-c2c(-c3ccccc3)c3c4c2c34)cc1')
[0.2515451908111572] No improvement found in round 17. Roll back to (0.6071428571428571, 'c1ccc(-c2cc3cc-3c2-c2ccccc2)cc1')
[0.2716178894042969] No improvement found in round 18. Roll back to (0.6071428571428571, 'c1ccc(-c2ccccc2-c2ccccc2)cc1')
[0.2918214797973633] Updated in round 19! max:(0.6071428571428571, 'c1ccc(-c2c3ccc-3c2-c2ccccc2)cc1')
[0.308992862701416] No improvement found in round 20. Roll back to (0.6071428571428571, 'c1ccc(-c2ccccc2-c2ccccc2)cc1')
[0.33036065101623535] No improvement found in round 21. Roll back to (0.56, 'C(=Cc1ccccc1)c1ccccc1')
[0.34421420097351074] No improvement found in round 22. Roll back to (0.3111111111111111, 'C=Cc1ccccc1')
[0.34819626808166504] Updated in round 23! max:(1.0, 'c1ccc(-c2ccccc2)cc1')
[0.3482074737548828] Reproduced in round 23!!
