[0.00010514259338378906] Start running HillClimbing from [H][H]...
[0.00031876564025878906] Updated in round 1! max:(0.2631578947368421, 'c1ccccc1')
[0.003130674362182617] Updated in round 2! max:(0.2702702702702703, 'c1cc2ccc1-2')
[0.005574703216552734] Updated in round 3! max:(0.40425531914893614, 'c1ccc(-c2cc3ccc2-3)cc1')
[0.013153314590454102] Updated in round 4! max:(0.41818181818181815, 'c1ccc2cc(-c3cc4ccc3-4)ccc2c1')
[0.026567935943603516] Updated in round 5! max:(0.41818181818181815, 'c1ccc2cc(-c3c4cc5c-4c3-5)ccc2c1')
[0.0409703254699707] No improvement found in round 6. Roll back to (0.41818181818181815, 'c1ccc2cc(-c3cc4ccc3-4)ccc2c1')
[0.05594515800476074] Updated in round 7! max:(0.42857142857142855, 'c1ccc2cc(-c3cc4c5ccccc5c3-4)ccc2c1')
[0.08719968795776367] No improvement found in round 8. Roll back to (0.41818181818181815, 'c1ccc2cc(-c3cc4ccc3-4)ccc2c1')
[0.10549664497375488] Updated in round 9! max:(0.4339622641509434, 'c1ccc2cc(-c3c4c5cc4c35)ccc2c1')
[0.12201118469238281] No improvement found in round 10. Roll back to (0.41818181818181815, 'c1ccc2cc(-c3cc4ccc3-4)ccc2c1')
[0.1413280963897705] No improvement found in round 11. Roll back to (0.40425531914893614, 'c1ccc(-c2cc3ccc2-3)cc1')
[0.15079116821289062] No improvement found in round 12. Roll back to (0.2702702702702703, 'c1cc2ccc1-2')
[0.15313458442687988] Updated in round 13! max:(0.36363636363636365, 'c1ccc2c3ccc-3c2c1')
[0.15795636177062988] Updated in round 14! max:(0.38461538461538464, 'c1ccc2c(c1)ccc1c3ccc-3c12')
[0.16790008544921875] Updated in round 15! max:(0.4, 'c1ccc2c(c1)ccc1c3c4ccccc4c-3c12')
[0.19067859649658203] No improvement found in round 16. Roll back to (0.38461538461538464, 'c1ccc2c(c1)ccc1c3ccc-3c12')
[0.20360159873962402] No improvement found in round 17. Roll back to (0.36363636363636365, 'c1ccc2c3ccc-3c2c1')
[0.20798945426940918] Updated in round 18! max:(0.39285714285714285, 'c1ccc(-c2cc3c4ccccc4c2-3)cc1')
[0.2220771312713623] Updated in round 19! max:(0.40625, 'c1ccc(-c2cc3c4cc5ccccc5cc4c2-3)cc1')
[0.2484138011932373] Updated in round 20! max:(0.40625, 'c1ccc2cc3c(cc2c1)c1c2c4ccccc4c2c31')
[0.26999378204345703] No improvement found in round 21. Roll back to (0.40625, 'c1ccc(-c2cc3c4cc5ccccc5cc4c2-3)cc1')
[0.2994215488433838] No improvement found in round 22. Roll back to (0.39285714285714285, 'c1ccc(-c2cc3c4ccccc4c2-3)cc1')
[0.3115701675415039] Updated in round 23! max:(0.39285714285714285, 'c1ccc2c(c1)c1c2c2c3ccccc3c12')
[0.3221268653869629] No improvement found in round 24. Roll back to (0.39285714285714285, 'c1ccc(-c2cc3c4ccccc4c2-3)cc1')
[0.33862829208374023] No improvement found in round 25. Roll back to (0.36363636363636365, 'c1ccc2c3ccc-3c2c1')
[0.34336304664611816] Updated in round 26! max:(0.44, 'c1ccc2c3c4ccccc4c-3c2c1')
[0.3519270420074463] Updated in round 27! max:(0.4482758620689655, 'c1ccc2cc3c4c5ccccc5c-4c3cc2c1')
[0.37183356285095215] No improvement found in round 28. Roll back to (0.44, 'c1ccc2c3c4ccccc4c-3c2c1')
[0.38077640533447266] No improvement found in round 29. Roll back to (0.36363636363636365, 'c1ccc2c3ccc-3c2c1')
[0.38557004928588867] Updated in round 30! max:(0.44, 'c1ccc2cc3c4ccc-4c3cc2c1')
[0.397158145904541] No improvement found in round 31. Roll back to (0.36363636363636365, 'c1ccc2c3ccc-3c2c1')
[0.4026217460632324] No improvement found in round 32. Roll back to (0.2702702702702703, 'c1cc2ccc1-2')
[0.40505480766296387] No improvement found in round 33. Roll back to (0.2631578947368421, 'c1ccccc1')
[0.40787410736083984] Updated in round 34! max:(0.325, 'C=Cc1ccccc1')
[0.4117457866668701] Updated in round 35! max:(0.35, 'C1=Cc2ccccc21')
[0.41504549980163574] Updated in round 36! max:(0.43478260869565216, 'C1=Cc2c1ccc1ccccc21')
[0.42308592796325684] Updated in round 37! max:(0.4444444444444444, 'c1ccc2c(c1)-c1ccc3ccccc3c1-2')
[0.4419097900390625] No improvement found in round 38. Roll back to (0.43478260869565216, 'C1=Cc2c1ccc1ccccc21')
[0.4523153305053711] No improvement found in round 39. Roll back to (0.35, 'C1=Cc2ccccc21')
[0.45551443099975586] Updated in round 40! max:(0.3584905660377358, 'C1=Cc2cc(-c3ccccc3)ccc21')
[0.4664769172668457] Updated in round 41! max:(0.3584905660377358, 'c1ccc(-c2cc3c4ccc4c23)cc1')
[0.4771292209625244] Updated in round 42! max:(0.3770491803278688, 'c1ccc2cc(-c3cc4c5ccc5c34)ccc2c1')
[0.49182558059692383] Updated in round 43! max:(0.3770491803278688, 'c1ccc2cc(-c3c4c5cc6c3c4c56)ccc2c1')
[0.5093061923980713] No improvement found in round 44. Roll back to (0.3770491803278688, 'c1ccc2cc(-c3cc4c5ccc5c34)ccc2c1')
[0.5251214504241943] Updated in round 45! max:(0.391304347826087, 'c1ccc2cc(-c3cc4c3c3c5ccccc5c43)ccc2c1')
[0.5599515438079834] No improvement found in round 46. Roll back to (0.3770491803278688, 'c1ccc2cc(-c3cc4c5ccc5c34)ccc2c1')
[0.5798437595367432] Updated in round 47! max:(0.3770491803278688, 'c1ccc2cc(-c3c4c5cc6c5c3c64)ccc2c1')
[0.597937822341919] No improvement found in round 48. Roll back to (0.3770491803278688, 'c1ccc2cc(-c3cc4c5ccc5c34)ccc2c1')
[0.6201343536376953] No improvement found in round 49. Roll back to (0.3584905660377358, 'c1ccc(-c2cc3c4ccc4c23)cc1')
[0.6313602924346924] No improvement found in round 50. Roll back to (0.3584905660377358, 'C1=Cc2cc(-c3ccccc3)ccc21')
[0.6420297622680664] Updated in round 51! max:(0.3584905660377358, 'C1=C2c3c1ccc(-c1ccccc1)c32')
[0.6505224704742432] Updated in round 52! max:(0.3770491803278688, 'C1=C2c3c1ccc(-c1ccc4ccccc4c1)c32')
[0.6637735366821289] Updated in round 53! max:(0.3770491803278688, 'c1ccc2cc(-c3c4c5c-4c4c3cc54)ccc2c1')
[0.6806833744049072] No improvement found in round 54. Roll back to (0.3770491803278688, 'C1=C2c3c1ccc(-c1ccc4ccccc4c1)c32')
[0.6961309909820557] Updated in round 55! max:(0.391304347826087, 'C1=C2c3c2c(-c2ccc4ccccc4c2)c2ccccc2c31')
[0.7302484512329102] No improvement found in round 56. Roll back to (0.3770491803278688, 'C1=C2c3c1ccc(-c1ccc4ccccc4c1)c32')
[0.7439484596252441] Updated in round 57! max:(0.3770491803278688, 'c1ccc2cc(-c3cc4c5c4c4c3c54)ccc2c1')
[0.7627902030944824] No improvement found in round 58. Roll back to (0.3770491803278688, 'C1=C2c3c1ccc(-c1ccc4ccccc4c1)c32')
[0.7836854457855225] No improvement found in round 59. Roll back to (0.3584905660377358, 'C1=C2c3c1ccc(-c1ccccc1)c32')
[0.7919206619262695] Updated in round 60! max:(0.3684210526315789, 'C1=C2c3c1cc1ccc4ccccc4c1c32')
[0.8065392971038818] No improvement found in round 61. Roll back to (0.3584905660377358, 'C1=C2c3c1ccc(-c1ccccc1)c32')
[0.8166201114654541] No improvement found in round 62. Roll back to (0.3584905660377358, 'C1=Cc2cc(-c3ccccc3)ccc21')
[0.8276526927947998] Updated in round 63! max:(0.3584905660377358, 'c1ccc2c(c1)c1ccc3ccc3c21')
[0.8405044078826904] No improvement found in round 64. Roll back to (0.3584905660377358, 'C1=Cc2cc(-c3ccccc3)ccc21')
[0.8509702682495117] Updated in round 65! max:(0.3684210526315789, 'C1=Cc2cc3c(ccc4ccccc43)cc21')
[0.8636226654052734] Updated in round 66! max:(0.38461538461538464, 'c1ccc2c(c1)-c1cc3ccc4ccccc4c3cc1-2')
[0.8965797424316406] No improvement found in round 67. Roll back to (0.3684210526315789, 'C1=Cc2cc3c(ccc4ccccc43)cc21')
[0.9118821620941162] Updated in round 68! max:(0.375, 'C1=c2c3cc4ccc5ccccc5c4c2=C13')
[0.9279758930206299] No improvement found in round 69. Roll back to (0.3684210526315789, 'C1=Cc2cc3c(ccc4ccccc43)cc21')
[0.9479844570159912] No improvement found in round 70. Roll back to (0.3584905660377358, 'C1=Cc2cc(-c3ccccc3)ccc21')
[0.9588370323181152] Updated in round 71! max:(0.36538461538461536, 'C1=c2c3ccc(-c4ccccc4)c2=C13')
[0.9667673110961914] Updated in round 72! max:(0.38333333333333336, 'C1=c2c3ccc(-c4ccc5ccccc5c4)c2=C13')
[0.9834182262420654] Updated in round 73! max:(0.3898305084745763, 'c1ccc2cc(-c3cc4c5c6c3c5c46)ccc2c1')
[1.0037124156951904] No improvement found in round 74. Roll back to (0.38333333333333336, 'C1=c2c3ccc(-c4ccc5ccccc5c4)c2=C13')
[1.0243802070617676] Updated in round 75! max:(0.38333333333333336, 'c1ccc2cc(-c3c4cc5c6c3c5c46)ccc2c1')
[1.0437777042388916] No improvement found in round 76. Roll back to (0.38333333333333336, 'C1=c2c3ccc(-c4ccc5ccccc5c4)c2=C13')
[1.0663936138153076] No improvement found in round 77. Roll back to (0.36538461538461536, 'C1=c2c3ccc(-c4ccccc4)c2=C13')
[1.0774993896484375] No improvement found in round 78. Roll back to (0.3584905660377358, 'C1=Cc2cc(-c3ccccc3)ccc21')
[1.0887153148651123] Updated in round 79! max:(0.3770491803278688, 'C1=Cc2cc(-c3ccc4ccccc4c3)ccc21')
[1.1079294681549072] Updated in round 80! max:(0.391304347826087, 'c1ccc2c(c1)-c1ccc(-c3ccc4ccccc4c3)cc1-2')
[1.1439740657806396] Updated in round 81! max:(0.391304347826087, 'c1ccc2c(c1)-c1cc3c(-c4ccc5ccccc5c4)c-3c1-2')
[1.1786394119262695] No improvement found in round 82. Roll back to (0.391304347826087, 'c1ccc2c(c1)-c1ccc(-c3ccc4ccccc4c3)cc1-2')
[1.222294807434082] No improvement found in round 83. Roll back to (0.3770491803278688, 'C1=Cc2cc(-c3ccc4ccccc4c3)ccc21')
[1.2404894828796387] Updated in round 84! max:(0.3770491803278688, 'c1ccc2cc(-c3cc4cc5c3cc45)ccc2c1')
[1.2651731967926025] No improvement found in round 85. Roll back to (0.3770491803278688, 'C1=Cc2cc(-c3ccc4ccccc4c3)ccc21')
[1.2844183444976807] Updated in round 86! max:(0.3770491803278688, 'C1=C2C=C3C2=CC(c2ccc4ccccc4c2)=C13')
[1.3023576736450195] Updated in round 87! max:(0.3770491803278688, 'c1ccc2cc(-c3cc4c5c3c3c=5c43)ccc2c1')
[1.319640874862671] No improvement found in round 88. Roll back to (0.3770491803278688, 'C1=C2C=C3C2=CC(c2ccc4ccccc4c2)=C13')
[1.3411080837249756] No improvement found in round 89. Roll back to (0.3770491803278688, 'C1=Cc2cc(-c3ccc4ccccc4c3)ccc21')
[1.3600432872772217] Updated in round 90! max:(0.3770491803278688, 'C1=C2c3cc(-c4ccc5ccccc5c4)cc1c32')
[1.3786036968231201] Updated in round 91! max:(0.3770491803278688, 'c1ccc2cc(-c3c4c5cc6c5c6c34)ccc2c1')
[1.3953218460083008] No improvement found in round 92. Roll back to (0.3770491803278688, 'C1=C2c3cc(-c4ccc5ccccc5c4)cc1c32')
[1.4177265167236328] No improvement found in round 93. Roll back to (0.3770491803278688, 'C1=Cc2cc(-c3ccc4ccccc4c3)ccc21')
[1.4351961612701416] Updated in round 94! max:(0.391304347826087, 'C1=Cc2c1cc(-c1ccc3ccccc3c1)c1ccccc21')
[1.466789960861206] Updated in round 95! max:(0.39705882352941174, 'C1=c2c3c(-c4ccc5ccccc5c4)c4ccccc4c2c31')
[1.5052602291107178] No improvement found in round 96. Roll back to (0.391304347826087, 'C1=Cc2c1cc(-c1ccc3ccccc3c1)c1ccccc21')
[1.5460960865020752] No improvement found in round 97. Roll back to (0.3770491803278688, 'C1=Cc2cc(-c3ccc4ccccc4c3)ccc21')
[1.57002854347229] Updated in round 98! max:(0.38333333333333336, 'C1=c2c3cc(-c4ccc5ccccc5c4)cc2c31')
[1.5892720222473145] Updated in round 99! max:(0.38333333333333336, 'c1ccc2cc(-c3c4c3c3c5cc3c54)ccc2c1')
[1.607825517654419] No improvement found in round 100. Roll back to (0.38333333333333336, 'C1=c2c3cc(-c4ccc5ccccc5c4)cc2c31')
[1.6320438385009766] No improvement found in round 101. Roll back to (0.3770491803278688, 'C1=Cc2cc(-c3ccc4ccccc4c3)ccc21')
[1.653989315032959] Updated in round 102! max:(0.3770491803278688, 'C1=Cc2c1cc1c(-c3ccc4ccccc4c3)c2-1')
[1.6747994422912598] No improvement found in round 103. Roll back to (0.3770491803278688, 'C1=Cc2cc(-c3ccc4ccccc4c3)ccc21')
[1.702073335647583] No improvement found in round 104. Roll back to (0.3584905660377358, 'C1=Cc2cc(-c3ccccc3)ccc21')
[1.7128689289093018] Updated in round 105! max:(0.3584905660377358, 'c1cc2cc(c1)c1ccc3cc2-c3c1')
[1.7230241298675537] Updated in round 106! max:(0.36363636363636365, 'c1ccc(-c2c3c4ccc2c2cccc(c2)c-3c4)cc1')
[1.7424516677856445] Updated in round 107! max:(0.36363636363636365, 'c1ccc(-c2c3c4c5cc2c2cccc(c2)c-3c54)cc1')
[1.7651863098144531] No improvement found in round 108. Roll back to (0.36363636363636365, 'c1ccc(-c2c3c4ccc2c2cccc(c2)c-3c4)cc1')
[1.7932484149932861] No improvement found in round 109. Roll back to (0.3584905660377358, 'c1cc2cc(c1)c1ccc3cc2-c3c1')
[1.8032021522521973] Updated in round 110! max:(0.3770491803278688, 'c1cc2cc(c1)c1cc3c(cc2-3)c2ccccc12')
[1.8187651634216309] Updated in round 111! max:(0.38333333333333336, 'c1cc2cc(c1)c1c3c4c5ccccc5c2c-3c14')
[1.839047908782959] No improvement found in round 112. Roll back to (0.3770491803278688, 'c1cc2cc(c1)c1cc3c(cc2-3)c2ccccc12')
[1.8629250526428223] No improvement found in round 113. Roll back to (0.3584905660377358, 'c1cc2cc(c1)c1ccc3cc2-c3c1')
[1.8742461204528809] Updated in round 114! max:(0.36363636363636365, 'c1ccc(-c2cc3cc4c5cccc(c5)c2cc3-4)cc1')
[1.9011428356170654] Updated in round 115! max:(0.36363636363636365, 'c1ccc(-c2c3cc4c5c(c-4c4cccc3c4)c25)cc1')
[1.9236843585968018] No improvement found in round 116. Roll back to (0.36363636363636365, 'c1ccc(-c2cc3cc4c5cccc(c5)c2cc3-4)cc1')
[1.9519505500793457] Updated in round 117! max:(0.36923076923076925, 'c1ccc(-c2cc3c4c5c6cccc(c6)c2c4c35)cc1')
[1.9790136814117432] No improvement found in round 118. Roll back to (0.36363636363636365, 'c1ccc(-c2cc3cc4c5cccc(c5)c2cc3-4)cc1')
[2.008880853652954] No improvement found in round 119. Roll back to (0.3584905660377358, 'c1cc2cc(c1)c1ccc3cc2-c3c1')
[2.0189568996429443] Updated in round 120! max:(0.36363636363636365, 'c1ccc(-c2cc3cc4c2cc-4c2cccc3c2)cc1')
[2.045159101486206] Updated in round 121! max:(0.36923076923076925, 'c1ccc(-c2cc3c4cccc(c4)c4c5c2c4c35)cc1')
[2.073247194290161] No improvement found in round 122. Roll back to (0.36363636363636365, 'c1ccc(-c2cc3cc4c2cc-4c2cccc3c2)cc1')
[2.096343755722046] Updated in round 123! max:(0.36363636363636365, 'c1ccc(-c2c3cc4c5cccc(c5)c5c2c5c34)cc1')
[2.119075298309326] No improvement found in round 124. Roll back to (0.36363636363636365, 'c1ccc(-c2cc3cc4c2cc-4c2cccc3c2)cc1')
[2.142007350921631] Updated in round 125! max:(0.36363636363636365, 'c1ccc(-c2c3c4cc5c2c3c5c2cccc4c2)cc1')
[2.1678924560546875] No improvement found in round 126. Roll back to (0.36363636363636365, 'c1ccc(-c2cc3cc4c2cc-4c2cccc3c2)cc1')
[2.1974384784698486] No improvement found in round 127. Roll back to (0.3584905660377358, 'c1cc2cc(c1)c1ccc3cc2-c3c1')
[2.2075486183166504] Updated in round 128! max:(0.36363636363636365, 'c1ccc(-c2c3c4cccc(c4)c4ccc2c-3c4)cc1')
[2.230541467666626] Updated in round 129! max:(0.36363636363636365, 'c1ccc(-c2c3cc4c5c6cccc(c6)c2c3c45)cc1')
[2.2523300647735596] No improvement found in round 130. Roll back to (0.36363636363636365, 'c1ccc(-c2c3c4cccc(c4)c4ccc2c-3c4)cc1')
[2.281280994415283] No improvement found in round 131. Roll back to (0.3584905660377358, 'c1cc2cc(c1)c1ccc3cc2-c3c1')
[2.295606851577759] No improvement found in round 132. Roll back to (0.3584905660377358, 'C1=Cc2cc(-c3ccccc3)ccc21')
[2.306285858154297] Updated in round 133! max:(0.3584905660377358, 'C1=c2c3cc(ccc31)c1ccccc21')
[2.319868564605713] No improvement found in round 134. Roll back to (0.3584905660377358, 'C1=Cc2cc(-c3ccccc3)ccc21')
[2.3326895236968994] Updated in round 135! max:(0.3584905660377358, 'c1cc2cc(c1)c1ccc3c(cc2-3)c1')
[2.3430750370025635] Updated in round 136! max:(0.36363636363636365, 'c1ccc(-c2c3cc4c5cccc(c5)c2ccc3-4)cc1')
[2.365687847137451] Updated in round 137! max:(0.36363636363636365, 'c1ccc(-c2c3c4cc5c2c2cccc(c2)c-4c3-5)cc1')
[2.3890178203582764] No improvement found in round 138. Roll back to (0.36363636363636365, 'c1ccc(-c2c3cc4c5cccc(c5)c2ccc3-4)cc1')
[2.4115335941314697] Updated in round 139! max:(0.36923076923076925, 'c1ccc(-c2c3cc4c5c2c4c5c2cccc3c2)cc1')
[2.438605308532715] No improvement found in round 140. Roll back to (0.36363636363636365, 'c1ccc(-c2c3cc4c5cccc(c5)c2ccc3-4)cc1')
[2.4686853885650635] No improvement found in round 141. Roll back to (0.3584905660377358, 'c1cc2cc(c1)c1ccc3c(cc2-3)c1')
[2.479151725769043] Updated in round 142! max:(0.36363636363636365, 'c1ccc(-c2cc3c4cc-3c3cccc(c3)c2c4)cc1')
[2.501645088195801] Updated in round 143! max:(0.36363636363636365, 'c1ccc(-c2c3c4cccc(c4)c4cc5c4c2c53)cc1')
[2.52640700340271] No improvement found in round 144. Roll back to (0.36363636363636365, 'c1ccc(-c2cc3c4cc-3c3cccc(c3)c2c4)cc1')
[2.5515761375427246] Updated in round 145! max:(0.36363636363636365, 'c1ccc(-c2cc3c4c5c-3c3cccc(c3)c2c4-5)cc1')
[2.5740678310394287] No improvement found in round 146. Roll back to (0.36363636363636365, 'c1ccc(-c2cc3c4cc-3c3cccc(c3)c2c4)cc1')
[2.6060714721679688] No improvement found in round 147. Roll back to (0.3584905660377358, 'c1cc2cc(c1)c1ccc3c(cc2-3)c1')
[2.6165454387664795] Updated in round 148! max:(0.3770491803278688, 'c1cc2cc(c1)c1cc3cc2-c3c2ccccc21')
[2.6326217651367188] Updated in round 149! max:(0.3770491803278688, 'c1cc2cc(c1)c1c3c4c-3c2-c4c2ccccc21')
[2.6501171588897705] No improvement found in round 150. Roll back to (0.3770491803278688, 'c1cc2cc(c1)c1cc3cc2-c3c2ccccc21')
[2.6753108501434326] No improvement found in round 151. Roll back to (0.3584905660377358, 'c1cc2cc(c1)c1ccc3c(cc2-3)c1')
[2.685375928878784] Updated in round 152! max:(0.36363636363636365, 'c1ccc(-c2c3c4cccc(c4)c4ccc-3c2c4)cc1')
[2.710916519165039] Updated in round 153! max:(0.36363636363636365, 'c1ccc(-c2c3c4cccc(c4)c4c5cc3c2c54)cc1')
[2.7352654933929443] No improvement found in round 154. Roll back to (0.36363636363636365, 'c1ccc(-c2c3c4cccc(c4)c4ccc-3c2c4)cc1')
[2.766469717025757] No improvement found in round 155. Roll back to (0.3584905660377358, 'c1cc2cc(c1)c1ccc3c(cc2-3)c1')
[2.779675245285034] Updated in round 156! max:(0.36363636363636365, 'c1ccc(-c2cc3cc4cc(c5cccc3c5)-c24)cc1')
[2.8029978275299072] Updated in round 157! max:(0.36363636363636365, 'c1ccc(-c2cc3c4c5c2-c(c5-4)c2cccc3c2)cc1')
[2.8260204792022705] No improvement found in round 158. Roll back to (0.36363636363636365, 'c1ccc(-c2cc3cc4cc(c5cccc3c5)-c24)cc1')
[2.8505542278289795] Updated in round 159! max:(0.36363636363636365, 'c1ccc(-c2c3c4cc3c3c2c3c2cccc4c2)cc1')
[2.875714063644409] No improvement found in round 160. Roll back to (0.36363636363636365, 'c1ccc(-c2cc3cc4cc(c5cccc3c5)-c24)cc1')
[2.9052844047546387] Updated in round 161! max:(0.36363636363636365, 'c1ccc(-c2c3c4cc5c2-c4c-3c2cccc5c2)cc1')
[2.929499864578247] No improvement found in round 162. Roll back to (0.36363636363636365, 'c1ccc(-c2cc3cc4cc(c5cccc3c5)-c24)cc1')
[2.9610517024993896] No improvement found in round 163. Roll back to (0.3584905660377358, 'c1cc2cc(c1)c1ccc3c(cc2-3)c1')
[2.976487159729004] No improvement found in round 164. Roll back to (0.3584905660377358, 'C1=Cc2cc(-c3ccccc3)ccc21')
[2.9880216121673584] Updated in round 165! max:(0.38461538461538464, 'c1ccc2c(c1)c1cc3ccc3cc21')
[2.999798059463501] No improvement found in round 166. Roll back to (0.3584905660377358, 'C1=Cc2cc(-c3ccccc3)ccc21')
[3.013935089111328] No improvement found in round 167. Roll back to (0.35, 'C1=Cc2ccccc21')
[3.017575740814209] Updated in round 168! max:(0.5, 'c1ccc2c(c1)-c1ccccc1-2')
[3.0245890617370605] Updated in round 169! max:(0.5, 'c1ccc2c(c1)-c1cc3ccccc3cc1-2')
[3.0411531925201416] No improvement found in round 170. Roll back to (0.5, 'c1ccc2c(c1)-c1ccccc1-2')
[3.04885196685791] No improvement found in round 171. Roll back to (0.35, 'C1=Cc2ccccc21')
[3.0521812438964844] Updated in round 172! max:(0.43478260869565216, 'C1=Cc2cc3ccccc3cc21')
[3.0597920417785645] Updated in round 173! max:(0.4482758620689655, 'C1=C(c2ccccc2)c2cc3ccccc3cc21')
[3.0827271938323975] Updated in round 174! max:(0.4482758620689655, 'c1ccc2cc3c4c5ccccc5c=4c3cc2c1')
[3.102269411087036] No improvement found in round 175. Roll back to (0.4482758620689655, 'C1=C(c2ccccc2)c2cc3ccccc3cc21')
[3.1271564960479736] No improvement found in round 176. Roll back to (0.43478260869565216, 'C1=Cc2cc3ccccc3cc21')
[3.136267900466919] No improvement found in round 177. Roll back to (0.35, 'C1=Cc2ccccc21')
[3.1397221088409424] Updated in round 178! max:(0.44, 'C1=C(c2ccccc2)c2ccccc21')
[3.14992618560791] Updated in round 179! max:(0.47368421052631576, 'C1=C(c2ccc3ccccc3c2)c2ccccc21')
[3.176330804824829] No improvement found in round 180. Roll back to (0.44, 'C1=C(c2ccccc2)c2ccccc21')
[3.187920570373535] Updated in round 181! max:(0.44, 'c1ccc2c3c4ccccc4c=3c2c1')
[3.1967177391052246] No improvement found in round 182. Roll back to (0.44, 'C1=C(c2ccccc2)c2ccccc21')
[3.209974765777588] No improvement found in round 183. Roll back to (0.35, 'C1=Cc2ccccc21')
[3.2133266925811768] Updated in round 184! max:(0.38461538461538464, 'C1=Cc2c1cccc2-c1ccccc1')
[3.222801923751831] Updated in round 185! max:(0.4, 'C1=Cc2c1c(-c1ccccc1)cc1ccccc21')
[3.2388670444488525] Updated in round 186! max:(0.4, 'C1=c2c3cccc(c3)c3cc4ccccc4c2c31')
[3.2628180980682373] No improvement found in round 187. Roll back to (0.4, 'C1=Cc2c1c(-c1ccccc1)cc1ccccc21')
[3.2786130905151367] Updated in round 188! max:(0.4117647058823529, 'C1=Cc2c1c(-c1ccc3ccccc3c1)cc1ccccc21')
[3.3192076683044434] No improvement found in round 189. Roll back to (0.4, 'C1=Cc2c1c(-c1ccccc1)cc1ccccc21')
[3.338310480117798] Updated in round 190! max:(0.4, 'C1=C2c3ccccc3-c3cc4ccccc4c1c32')
[3.3603525161743164] No improvement found in round 191. Roll back to (0.4, 'C1=Cc2c1c(-c1ccccc1)cc1ccccc21')
[3.379044771194458] Updated in round 192! max:(0.4, 'C1=c2c3ccccc3c3cc4ccccc4c2c31')
[3.401067018508911] No improvement found in round 193. Roll back to (0.4, 'C1=Cc2c1c(-c1ccccc1)cc1ccccc21')
[3.423142433166504] Updated in round 194! max:(0.4, 'c1ccc2c(c1)cc1c3cccc(c3)c3cc2c13')
[3.4468703269958496] No improvement found in round 195. Roll back to (0.4, 'C1=Cc2c1c(-c1ccccc1)cc1ccccc21')
[3.469397783279419] No improvement found in round 196. Roll back to (0.38461538461538464, 'C1=Cc2c1cccc2-c1ccccc1')
[3.4800875186920166] Updated in round 197! max:(0.38461538461538464, 'C1=c2c3cccc(c3)c3cccc2c31')
[3.4887540340423584] Updated in round 198! max:(0.4, 'C1=c2c3cccc(c3)c3c1c2cc1ccccc13')
[3.512108325958252] No improvement found in round 199. Roll back to (0.38461538461538464, 'C1=c2c3cccc(c3)c3cccc2c31')
[3.525763750076294] No improvement found in round 200. Roll back to (0.38461538461538464, 'C1=Cc2c1cccc2-c1ccccc1')
[3.5356285572052] Updated in round 201! max:(0.4, 'C1=Cc2c1cc1ccccc1c2-c1ccccc1')
[3.5510969161987305] Updated in round 202! max:(0.4, 'C1=c2c3cc4ccccc4c(c31)c1ccccc21')
[3.572709321975708] No improvement found in round 203. Roll back to (0.4, 'C1=Cc2c1cc1ccccc1c2-c1ccccc1')
[3.5883870124816895] Updated in round 204! max:(0.4, 'C1=C2c3ccccc3-c3c2c1cc1ccccc31')
[3.610154151916504] No improvement found in round 205. Roll back to (0.4, 'C1=Cc2c1cc1ccccc1c2-c1ccccc1')
[3.626237392425537] Updated in round 206! max:(0.4, 'c1ccc2c(c1)cc1cc3c4cccc(c4)c2c13')
[3.6492254734039307] No improvement found in round 207. Roll back to (0.4, 'C1=Cc2c1cc1ccccc1c2-c1ccccc1')
[3.6687257289886475] Updated in round 208! max:(0.4117647058823529, 'C1=Cc2c1cc1ccccc1c2-c1ccc2ccccc2c1')
[3.708871364593506] No improvement found in round 209. Roll back to (0.4, 'C1=Cc2c1cc1ccccc1c2-c1ccccc1')
[3.7312920093536377] No improvement found in round 210. Roll back to (0.38461538461538464, 'C1=Cc2c1cccc2-c1ccccc1')
[3.7410130500793457] Updated in round 211! max:(0.4, 'C1=Cc2c1cccc2-c1ccc2ccccc2c1')
[3.766672134399414] No improvement found in round 212. Roll back to (0.38461538461538464, 'C1=Cc2c1cccc2-c1ccccc1')
[3.7784900665283203] Updated in round 213! max:(0.4117647058823529, 'c1cc2cc(c1)c1cc3cccc2c31')
[3.7919158935546875] No improvement found in round 214. Roll back to (0.38461538461538464, 'C1=Cc2c1cccc2-c1ccccc1')
[3.804203510284424] Updated in round 215! max:(0.38461538461538464, 'c1ccc(-c2c3ccc4cc3c24)cc1')
[3.8156239986419678] No improvement found in round 216. Roll back to (0.38461538461538464, 'C1=Cc2c1cccc2-c1ccccc1')
[3.828277349472046] No improvement found in round 217. Roll back to (0.35, 'C1=Cc2ccccc21')
[3.832146644592285] No improvement found in round 218. Roll back to (0.325, 'C=Cc1ccccc1')
[3.8363680839538574] Updated in round 219! max:(1.0, 'c1ccc2ccccc2c1')
[3.8363800048828125] Reproduced in round 219!!
