[7.033348083496094e-05] Start running HillClimbing from [H][H]...
[0.0002434253692626953] Updated in round 1! max:(0.2631578947368421, 'c1ccccc1')
[0.002895832061767578] Updated in round 2! max:(0.325, 'C#Cc1ccccc1')
[0.005570411682128906] Updated in round 3! max:(0.5116279069767442, 'C#Cc1ccc2ccccc2c1')
[0.014760971069335938] No improvement found in round 4. Roll back to (0.325, 'C#Cc1ccccc1')
[0.017605304718017578] Updated in round 5! max:(0.4772727272727273, 'C#Cc1cccc2ccccc12')
[0.02337169647216797] Updated in round 6! max:(0.5098039215686274, 'C#Cc1c2ccccc2cc2ccccc12')
[0.03691983222961426] No improvement found in round 7. Roll back to (0.4772727272727273, 'C#Cc1cccc2ccccc12')
[0.0456852912902832] No improvement found in round 8. Roll back to (0.325, 'C#Cc1ccccc1')
[0.048825979232788086] Updated in round 9! max:(0.36538461538461536, 'C#Cc1ccc(-c2ccccc2)cc1')
[0.05769705772399902] Updated in round 10! max:(0.375, 'C#Cc1cc2ccc1cc2-c1ccccc1')
[0.0737910270690918] No improvement found in round 11. Roll back to (0.36538461538461536, 'C#Cc1ccc(-c2ccccc2)cc1')
[0.08294057846069336] Updated in round 12! max:(0.38333333333333336, 'C#Cc1ccc(-c2ccc3ccccc3c2)cc1')
[0.10088920593261719] Updated in round 13! max:(0.38333333333333336, 'C#Cc1c2cc(-c3ccc4ccccc4c3)cc1-2')
[0.1195974349975586] No improvement found in round 14. Roll back to (0.38333333333333336, 'C#Cc1ccc(-c2ccc3ccccc3c2)cc1')
[0.13739800453186035] Updated in round 15! max:(0.38333333333333336, 'C#Cc1cc2c(-c3ccc4ccccc4c3)cc1-2')
[0.15657854080200195] No improvement found in round 16. Roll back to (0.38333333333333336, 'C#Cc1ccc(-c2ccc3ccccc3c2)cc1')
[0.1735374927520752] Updated in round 17! max:(0.38333333333333336, 'C#Cc1cc2c(-c3ccc4ccccc4c3)c-2c1')
[0.19101810455322266] No improvement found in round 18. Roll back to (0.38333333333333336, 'C#Cc1ccc(-c2ccc3ccccc3c2)cc1')
[0.20883989334106445] Updated in round 19! max:(0.39705882352941174, 'C#Cc1ccc(-c2ccc3ccccc3c2)c2ccccc12')
[0.2441420555114746] No improvement found in round 20. Roll back to (0.38333333333333336, 'C#Cc1ccc(-c2ccc3ccccc3c2)cc1')
[0.26567673683166504] No improvement found in round 21. Roll back to (0.36538461538461536, 'C#Cc1ccc(-c2ccccc2)cc1')
[0.2747819423675537] Updated in round 22! max:(0.375, 'C#Cc1ccc2c(ccc3ccccc32)c1')
[0.2858848571777344] Updated in round 23! max:(0.390625, 'C#Cc1cc2ccc3ccccc3c2c2ccccc12')
[0.3114321231842041] No improvement found in round 24. Roll back to (0.375, 'C#Cc1ccc2c(ccc3ccccc32)c1')
[0.32750797271728516] No improvement found in round 25. Roll back to (0.36538461538461536, 'C#Cc1ccc(-c2ccccc2)cc1')
[0.33875179290771484] No improvement found in round 26. Roll back to (0.325, 'C#Cc1ccccc1')
[0.34148621559143066] Updated in round 27! max:(0.39215686274509803, 'C#Cc1cccc(-c2ccccc2)c1')
[0.3504824638366699] Updated in round 28! max:(0.4067796610169492, 'C#Cc1cccc(-c2ccc3ccccc3c2)c1')
[0.3676943778991699] Updated in round 29! max:(0.417910447761194, 'C#Cc1cc(-c2ccc3ccccc3c2)c2ccccc2c1')
[0.4028031826019287] No improvement found in round 30. Roll back to (0.4067796610169492, 'C#Cc1cccc(-c2ccc3ccccc3c2)c1')
[0.42409443855285645] Updated in round 31! max:(0.417910447761194, 'C#Cc1cc(-c2ccc3ccccc3c2)cc2ccccc12')
[0.4610779285430908] No improvement found in round 32. Roll back to (0.4067796610169492, 'C#Cc1cccc(-c2ccc3ccccc3c2)c1')
[0.4843912124633789] No improvement found in round 33. Roll back to (0.39215686274509803, 'C#Cc1cccc(-c2ccccc2)c1')
[0.4945247173309326] Updated in round 34! max:(0.4067796610169492, 'C#Cc1cc(-c2ccccc2)c2ccccc2c1')
[0.5109117031097412] Updated in round 35! max:(0.4126984126984127, 'C#Cc1cc2ccccc2c2c1ccc1ccccc12')
[0.5365667343139648] No improvement found in round 36. Roll back to (0.4067796610169492, 'C#Cc1cc(-c2ccccc2)c2ccccc2c1')
[0.5520486831665039] Updated in round 37! max:(0.4067796610169492, 'C#Cc1cc2ccccc2c2c1-c1ccccc1-2')
[0.5700638294219971] No improvement found in round 38. Roll back to (0.4067796610169492, 'C#Cc1cc(-c2ccccc2)c2ccccc2c1')
[0.5897643566131592] No improvement found in round 39. Roll back to (0.39215686274509803, 'C#Cc1cccc(-c2ccccc2)c1')
[0.600924015045166] Updated in round 40! max:(0.4067796610169492, 'C#Cc1cc(-c2ccccc2)cc2ccccc12')
[0.6174123287200928] Updated in round 41! max:(0.4126984126984127, 'C#Cc1c2ccccc2cc2c1ccc1ccccc12')
[0.6440606117248535] No improvement found in round 42. Roll back to (0.4067796610169492, 'C#Cc1cc(-c2ccccc2)cc2ccccc12')
[0.6602873802185059] Updated in round 43! max:(0.4067796610169492, 'C#Cc1c2c(cc3ccccc13)-c1ccccc1-2')
[0.6790921688079834] No improvement found in round 44. Roll back to (0.4067796610169492, 'C#Cc1cc(-c2ccccc2)cc2ccccc12')
[0.6998827457427979] No improvement found in round 45. Roll back to (0.39215686274509803, 'C#Cc1cccc(-c2ccccc2)c1')
[0.711785078048706] No improvement found in round 46. Roll back to (0.325, 'C#Cc1ccccc1')
[0.7147443294525146] Updated in round 47! max:(0.44, 'C(#Cc1ccccc1)c1ccccc1')
[0.7238237857818604] Updated in round 48! max:(0.47368421052631576, 'C(#Cc1ccc2ccccc2c1)c1ccccc1')
[0.7447643280029297] No improvement found in round 49. Roll back to (0.44, 'C(#Cc1ccccc1)c1ccccc1')
[0.753882646560669] Updated in round 50! max:(0.44, 'c1c2ccccc2c2ccccc2c#1')
[0.7609448432922363] Updated in round 51! max:(0.4482758620689655, 'c1c2ccccc2c2cc3ccccc3cc2c#1')
[0.780505895614624] No improvement found in round 52. Roll back to (0.44, 'c1c2ccccc2c2ccccc2c#1')
[0.7892205715179443] No improvement found in round 53. Roll back to (0.44, 'C(#Cc1ccccc1)c1ccccc1')
[0.7984762191772461] No improvement found in round 54. Roll back to (0.325, 'C#Cc1ccccc1')
[0.8014316558837891] Updated in round 55! max:(0.4489795918367347, 'C#Cc1ccccc1-c1ccccc1')
[0.8099784851074219] Updated in round 56! max:(0.48214285714285715, 'C#Cc1ccccc1-c1ccc2ccccc2c1')
[0.8328061103820801] No improvement found in round 57. Roll back to (0.4489795918367347, 'C#Cc1ccccc1-c1ccccc1')
[0.843630313873291] Updated in round 58! max:(0.45614035087719296, 'C#Cc1cc2ccccc2cc1-c1ccccc1')
[0.864346981048584] No improvement found in round 59. Roll back to (0.4489795918367347, 'C#Cc1ccccc1-c1ccccc1')
[0.8758940696716309] No improvement found in round 60. Roll back to (0.325, 'C#Cc1ccccc1')
[0.8791980743408203] No improvement found in round 61. Roll back to (0.2631578947368421, 'c1ccccc1')
[0.8818278312683105] Updated in round 62! max:(1.0, 'c1ccc2ccccc2c1')
[0.8818390369415283] Reproduced in round 62!!
