[9.465217590332031e-05]Start running EvoMol from [H][H]...
[0.0329136848449707] Updated in round 1! max:(0.01639344262295082, 'C=C'), min:(-99999, '')
[0.03374958038330078] Updated in round 2! max:(0.03278688524590164, 'C=CC=C'), min:(-99999, '')
[0.03580951690673828] Updated in round 3! max:(0.04918032786885246, 'C=CC=CC=C'), min:(-99999, '')
[0.03876829147338867] Updated in round 4! max:(0.06557377049180328, 'c1ccccc1'), min:(-99999, '')
[0.04537343978881836] Updated in round 5! max:(0.08196721311475409, 'C=Cc1ccccc1'), min:(-99999, '')
[0.05169963836669922] Updated in round 6! max:(0.09836065573770492, 'C=Cc1cccc(C=C)c1'), min:(-99999, '')
[0.06173896789550781] Updated in round 7! max:(0.11475409836065574, 'C=Cc1cccc(C=C)c1C=C'), min:(-99999, '')
[0.07369017601013184] Updated in round 8! max:(0.13114754098360656, 'C=CC=Cc1cccc(C=C)c1C=C'), min:(-99999, '')
[0.09749436378479004] Updated in round 9! max:(0.14754098360655737, 'C=Cc1ccc2c(c1C=C)C=CC2=C'), min:(-99999, '')
[0.11101508140563965] Updated in round 10! max:(0.16393442622950818, 'C=CC(=C)c1c(C=C)ccc2c1C=CC2=C'), min:(-99999, '')
[0.13195013999938965] Updated in round 11! max:(0.18032786885245902, 'C=CC=Cc1ccc2c(c1C(=C)C=C)C=CC2=C'), min:(-99999, '')
[0.18504595756530762] Updated in round 12! max:(0.19672131147540983, 'C=CC=Cc1ccc2c(c1C(=C)C(=C)C=C)C=CC2=C'), min:(-99999, '')
[0.23235464096069336] Updated in round 13! max:(0.21311475409836064, 'C=CC=Cc1ccc2c3c(cc(C=C)c(=C)c13)=CC2=C'), min:(-99999, '')
[0.46971964836120605] Updated in round 14! max:(0.22950819672131148, 'C=CC=Cc1ccc2c3c(cc(C=C)c(=C)c13)=CC2=CC=C'), min:(-99999, '')
[1.1502163410186768] Updated in round 15! max:(0.2459016393442623, 'C=CC=Cc1cc(C=C)c2c3c(cc(C=C)c(=C)c13)=CC2=CC=C'), min:(-99999, '')
[1.5000813007354736] Updated in round 16! max:(0.2459016393442623, 'C=CC=Cc1cc(C=C)c2c3c(cc(C=C)c(=C)c13)=CC2=CC=C'), min:(-99999, '')
[2.5449113845825195] Updated in round 17! max:(0.26229508196721313, 'C=CC=Cc1cc(C=C)c2c3c(cc(C=C)c(=CC=C)c13)=CC2=CC=C'), min:(-99999, '')
[2.9135053157806396] Updated in round 18! max:(0.2786885245901639, 'C=CC=C1C=c2cc(C=C)c3c4c(cc(C=C)c1c24)C(=CC=C)C=3C=C'), min:(-99999, '')
[3.626775026321411] Updated in round 19! max:(0.29508196721311475, 'C=CC=C1C=c2cc(C(=C)C=C)c3c4c(cc(C=C)c1c24)C(=CC=C)C=3C=C'), min:(-99999, '')
[4.717944860458374] Updated in round 20! max:(0.3114754098360656, 'C=CC=c1c(C=C)c2c(C(=C)C=C)cc3cc4cc(=C)c(=C)c5cc1c2c3c45'), min:(-99999, '')
[7.616182804107666] Updated in round 21! max:(0.3114754098360656, 'C=CC=c1c(C=C)c2c(C(=C)C=C)cc3cc4cc(=C)c(=C)c5cc1c2c3c45'), min:(-99999, '')
[8.994900465011597] Updated in round 22! max:(0.32786885245901637, 'C=CC=c1c(C=C)c2c(C(=C)C(=C)C=C)cc3cc4cc(=C)c(=C)c5cc1c2c3c45'), min:(-99999, '')
[13.555497646331787] Updated in round 23! max:(0.3442622950819672, 'C=CC=c1c(C=C)c2c3c(=C)c(=C)c(=C)c3c3cc4cc(=C)c(=C)c5cc1c2c3c45'), min:(-99999, '')
[15.669048309326172] Updated in round 24! max:(0.3442622950819672, 'C=CC=c1c(C=C)c2c3c(=C)c(=C)c(=C)c3c3cc4cc(=C)c(=C)c5cc1c2c3c45'), min:(-99999, '')
[16.86602783203125] Updated in round 25! max:(0.3442622950819672, 'C=CC=c1c(C=C)c2c3c(=C)c(=C)c(=C)c3c3cc4cc(=C)c(=C)c5cc1c2c3c45'), min:(-99999, '')
[17.4361252784729] Updated in round 26! max:(0.3442622950819672, 'C=CC=c1c(C=C)c2c3c(=C)c(=C)c(=C)c3c3cc4cc(=C)c(=C)c5cc1c2c3c45'), min:(-99999, '')
[18.991064310073853] Updated in round 27! max:(0.36065573770491804, 'C=CC=c1c(C=C)c2c3c(=C)c(=C)c(=CC=C)c3c3cc4cc(=C)c(=C)c5cc1c2c3c45'), min:(-99999, '')
[20.411542892456055] Updated in round 28! max:(0.36065573770491804, 'C=CC=c1c(C=C)c2c3c(=C)c(=C)c(=CC=C)c3c3cc4cc(=C)c(=C)c5cc1c2c3c45'), min:(-99999, '')
[27.55852198600769] Updated in round 29! max:(0.36065573770491804, 'C=CC=c1c(C=C)c2c3c(=C)c(=C)c(=CC=C)c3c3cc4cc(=C)c(=C)c5cc1c2c3c45'), min:(-99999, '')
[29.48324418067932] Updated in round 30! max:(0.36065573770491804, 'C=CC=c1c(C=C)c2c3c(=C)c(=C)c(=CC=C)c3c3cc4cc(=C)c(=C)c5cc1c2c3c45'), min:(-99999, '')
[31.177727460861206] Updated in round 31! max:(0.36065573770491804, 'C=CC=c1c(C=C)c2c3c(=C)c(=C)c(=CC=C)c3c3cc4cc(=C)c(=C)c5cc1c2c3c45'), min:(-99999, '')
[32.13194561004639] Updated in round 32! max:(0.3770491803278688, 'C=CC=c1cc2cc3c4c(=CC=C)c(=C)c(=C)c4c4c(C=C)c(=CC=C)c5cc(c1=C)c2c3c54'), min:(-99999, '')
[34.52037477493286] Updated in round 33! max:(0.39344262295081966, 'C=CC=c1cc2cc3c4c(=CC=C)c(=C)c(=C)c4c4c(C=C)c(=CC=C)c5c(C=C)c(c1=C)c2c3c54'), min:(-99999, '')
[42.15286135673523] Updated in round 34! max:(0.4098360655737705, 'C=CC=c1c(C=C)c2c3c(=C)c(=C)c(=CC=C)c3c3cc4cc5ccccc5c5c(C=C)c1c2c3c45'), min:(-99999, '')
[46.09391117095947] Updated in round 35! max:(0.4098360655737705, 'C=CC=c1c(C=C)c2c3c(=C)c(=C)c(=CC=C)c3c3cc4cc5ccccc5c5c(C=C)c1c2c3c45'), min:(-99999, '')
[54.48983812332153] Updated in round 36! max:(0.4262295081967213, 'C=CC=c1c(C=C)c2c3c(=C)c(=C)c(=CC(=C)C=C)c3c3cc4cc5ccccc5c5c(C=C)c1c2c3c45'), min:(-99999, '')
[62.517868757247925] Updated in round 37! max:(0.4426229508196721, 'C=CC=c1c(=CC(=C)C=C)c2c3cc4cc5ccccc5c5c(C=C)c6c(=CC=C)c(C=C)c(c2c1=C)c6c3c45'), min:(-99999, '')
[64.9984438419342] Updated in round 38! max:(0.45901639344262296, 'C=CC=c1c(=CC(=C)C=C)c2c3cc4cc5cc(C=C)ccc5c5c(C=C)c6c(=CC=C)c(C=C)c(c2c1=C)c6c3c45'), min:(-99999, '')
[70.12632608413696] Updated in round 39! max:(0.45901639344262296, 'C=CC=c1c(=CC(=C)C=C)c2c3cc4cc5cc(C=C)ccc5c5c(C=C)c6c(=CC=C)c(C=C)c(c2c1=C)c6c3c45'), min:(-99999, '')
[93.32711267471313] Updated in round 40! max:(0.45901639344262296, 'C=CC=c1c(=CC(=C)C=C)c2c3cc4cc5cc(C=C)ccc5c5c(C=C)c6c(=CC=C)c(C=C)c(c2c1=C)c6c3c45'), min:(-99999, '')
[98.84428906440735] Updated in round 41! max:(0.45901639344262296, 'C=CC=c1c(=CC(=C)C=C)c2c3cc4cc5cc(C=C)ccc5c5c(C=C)c6c(=CC=C)c(C=C)c(c2c1=C)c6c3c45'), min:(-99999, '')
[159.89266395568848] Updated in round 42! max:(0.47540983606557374, 'C=CC=c1c(C=C)c2c3c(=C)c4c(C=C)c(=C)c(=C)cc4c3c3cc4cc5cc(C=C)ccc5c5c(C=C)c1c2c3c45'), min:(-99999, '')
[162.35978364944458] Updated in round 43! max:(0.4918032786885246, 'C=CC=c1c(C=C)c2c3c(=C)c4c5cccc5c(=C)cc4c3c3cc4cc5cc(C=C)ccc5c5c(C=C)c1c2c3c45'), min:(-99999, '')
[179.30793595314026] Updated in round 44! max:(0.5081967213114754, 'C=CC=Cc1c(=CC=C)c2c(C=C)c3c4ccc(C=C)cc4cc4cc5c6c7cc(=C)c8cccc8c7c(=C)c6c1c2c5c43'), min:(-99999, '')
[245.19057655334473] Updated in round 45! max:(0.5081967213114754, 'C=CC=Cc1c(=CC=C)c2c(C=C)c3c4ccc(C=C)cc4cc4cc5c6c7cc(=C)c8cccc8c7c(=C)c6c1c2c5c43'), min:(-99999, '')
[374.12840962409973] Updated in round 46! max:(0.5081967213114754, 'C=CC=Cc1c(=CC=C)c2c(C=C)c3c4ccc(C=C)cc4cc4cc5c6c7cc(=C)c8cccc8c7c(=C)c6c1c2c5c43'), min:(-99999, '')
[382.91611766815186] Updated in round 47! max:(0.5245901639344263, 'C=CC=Cc1c2c(C=C)ccc3c2c2c1c1c(=C)c4c5cccc5c(=C)cc4c1c1cc4cc5cc(C=C)ccc5c3c4c12'), min:(-99999, '')
[384.4954125881195] Updated in round 48! max:(0.5245901639344263, 'C=CC=Cc1c2c(C=C)ccc3c2c2c1c1c(=C)c4c5cccc5c(=C)cc4c1c1cc4cc5cc(C=C)ccc5c3c4c12'), min:(-99999, '')
[385.2933671474457] Updated in round 49! max:(0.5409836065573771, 'C=CC=Cc1c2c(C=C)ccc3c2c2c1c1c(=C)c4c5cccc5c(=C)c(C=C)c4c1c1cc4cc5cc(C=C)ccc5c3c4c12'), min:(-99999, '')
[388.92380690574646] Updated in round 50! max:(0.5409836065573771, 'C=CC=Cc1c2c(C=C)ccc3c2c2c1c1c(=C)c4c5cccc5c(=C)c(C=C)c4c1c1cc4cc5cc(C=C)ccc5c3c4c12'), min:(-99999, '')
[389.48401713371277] Updated in round 51! max:(0.5409836065573771, 'C=CC=Cc1c2c(C=C)ccc3c2c2c1c1c(=C)c4c5cccc5c(=C)c(C=C)c4c1c1cc4cc5cc(C=C)ccc5c3c4c12'), min:(-99999, '')
[389.82913732528687] Updated in round 52! max:(0.5573770491803278, 'C=CC(=C)C=Cc1c2c(C=C)ccc3c2c2c1c1c(=C)c4c5cccc5c(=C)c(C=C)c4c1c1cc4cc5cc(C=C)ccc5c3c4c12'), min:(-99999, '')
[391.27513551712036] Updated in round 53! max:(0.5737704918032787, 'C=CC(=C)c1cc2c3c(ccc4c5c6ccc(C=C)cc6cc6cc7c8c9c(C=C)c(=C)c%10cccc%10c9c(=C)c8c2c(c43)c7c65)c1=C'), min:(-99999, '')
[426.19107723236084] Updated in round 54! max:(0.5737704918032787, 'C=CC(=C)c1cc2c3c(ccc4c5c6ccc(C=C)cc6cc6cc7c8c9c(C=C)c(=C)c%10cccc%10c9c(=C)c8c2c(c43)c7c65)c1=C'), min:(-99999, '')
[463.8915431499481] Updated in round 55! max:(0.5737704918032787, 'C=CC(=C)c1cc2c3c(ccc4c5c6ccc(C=C)cc6cc6cc7c8c9c(C=C)c(=C)c%10cccc%10c9c(=C)c8c2c(c43)c7c65)c1=C'), min:(-99999, '')
[483.9414620399475] Updated in round 56! max:(0.5737704918032787, 'C=CC(=C)c1cc2c3c(ccc4c5c6ccc(C=C)cc6cc6cc7c8c9c(C=C)c(=C)c%10cccc%10c9c(=C)c8c2c(c43)c7c65)c1=C'), min:(-99999, '')
[499.5819375514984] Updated in round 57! max:(0.5901639344262295, 'C=CC=Cc1c(=C)c2cccc2c2c(=C)c3c(c4cc5cc6cc(C=C)ccc6c6c7ccc8c(=C)c(C(=C)C=C)cc9c8c7c(c93)c4c56)c12'), min:(-99999, '')
[532.4532566070557] Updated in round 58! max:(0.5901639344262295, 'C=CC=Cc1c(=C)c2cccc2c2c(=C)c3c(c4cc5cc6cc(C=C)ccc6c6c7ccc8c(=C)c(C(=C)C=C)cc9c8c7c(c93)c4c56)c12'), min:(-99999, '')
[552.2464373111725] Updated in round 59! max:(0.6065573770491803, 'C=CC(=C)c1cc2c3c(ccc4c5c6ccc(C=C)cc6c6c(=C)ccc7c(=C)c8cccc8c8c(=C)c9c(c%10cc6c5c%10c(c29)c43)c78)c1=C'), min:(-99999, '')
[616.6439735889435] Updated in round 60! max:(0.6229508196721312, 'C=CC(=C)c1cc2c3c(ccc4c5c6ccc(C=C)c7cc8ccc9c(=C)c%10cccc%10c%10c(=C)c%11c(c%12cc(c8c76)c5c%12c(c2%11)c43)c9%10)c1=C'), min:(-99999, '')
[782.6733505725861] Updated in round 61! max:(0.6229508196721312, 'C=CC(=C)c1cc2c3c(ccc4c5c6ccc(C=C)c7cc8ccc9c(=C)c%10cccc%10c%10c(=C)c%11c(c%12cc(c8c76)c5c%12c(c2%11)c43)c9%10)c1=C'), min:(-99999, '')
[911.5440545082092] Updated in round 62! max:(0.639344262295082, 'C=CC(=C)c1cc2c3c(ccc4c5c6ccc(C=C)c7cc8cc9c%10c(=C)c%11cccc%11c%11c(=C)c%12c2c(c43)c2c(c9c(c8c76)c52)c%12c%11%10)c1=C'), min:(-99999, '')
[1452.6221988201141] Updated in round 63! max:(0.6557377049180327, 'C=CC(=C)c1cc2c3c(ccc4c5c6ccc(C=C)c7cc8c9cc%10c%11cccc%11c%11c(=C)c%12c2c(c43)c2c5c(c8c76)c3c9c%10c%11c%12c32)c1=C'), min:(-99999, '')
[1548.6614599227905] Updated in round 64! max:(0.6721311475409836, 'C=CC(=C)c1cc2c3c(ccc4c5c6ccc(C=C)c7c(C=C)c8c9cc%10c%11cccc%11c%11c(=C)c%12c2c(c43)c2c5c(c8c76)c3c9c%10c%11c%12c32)c1=C'), min:(-99999, '')
[1557.3215837478638] Updated in round 65! max:(0.6885245901639344, 'C=CC(=C)c1cc2c3c(ccc4c5c6ccc(C=C)c7c(C=C)c8c9cc%10c%11cc(C=C)cc%11c%11c(=C)c%12c2c(c43)c2c5c(c8c76)c3c9c%10c%11c%12c32)c1=C'), min:(-99999, '')
[1742.2410893440247] Updated in round 66! max:(0.6885245901639344, 'C=CC(=C)c1cc2c3c(ccc4c5c6ccc(C=C)c7c(C=C)c8c9cc%10c%11cc(C=C)cc%11c%11c(=C)c%12c2c(c43)c2c5c(c8c76)c3c9c%10c%11c%12c32)c1=C'), min:(-99999, '')
[1793.1924815177917] Updated in round 67! max:(0.7049180327868853, 'C=CC(=C)c1cc2c3c(c(C=C)cc4c5c6ccc(C=C)c7c(C=C)c8c9cc%10c%11cc(C=C)cc%11c%11c(=C)c%12c2c(c43)c2c5c(c8c76)c3c9c%10c%11c%12c32)c1=C'), min:(-99999, '')
[2054.8716769218445] Updated in round 68! max:(0.7049180327868853, 'C=CC(=C)c1cc2c3c(c(C=C)cc4c5c6ccc(C=C)c7c(C=C)c8c9cc%10c%11cc(C=C)cc%11c%11c(=C)c%12c2c(c43)c2c5c(c8c76)c3c9c%10c%11c%12c32)c1=C'), min:(-99999, '')
[2144.806997537613] Updated in round 69! max:(0.7213114754098361, 'C=Cc1cc2c(C=C)cc3c4cc5c6c(C=C)c7c(C=C)ccc8c7c6c6c7c8c8cc(C=C)c9c(=C)c1cc1c9c8c8c1c1c(=C)c(c23)c2c4c5c6c(c12)c87'), min:(-99999, '')
[2201.8250076770782] Updated in round 70! max:(0.7213114754098361, 'C=Cc1cc2c(C=C)cc3c4cc5c6c(C=C)c7c(C=C)ccc8c7c6c6c7c8c8cc(C=C)c9c(=C)c1cc1c9c8c8c1c1c(=C)c(c23)c2c4c5c6c(c12)c87'), min:(-99999, '')
[2208.925457239151] Updated in round 71! max:(0.7377049180327869, 'C=Cc1cc2c(C=C)cc3c4cc5c6c(C=C)c7c(C=C)cc8c9c(C=C)c%10c(=C)c1cc1c%10c%10c9c9c8c7c6c6c7c5c4c4c(c(=C)c5c1c%10c(c7c54)c96)c23'), min:(-99999, '')
[2210.077579975128] Updated in round 72! max:(0.7377049180327869, 'C=Cc1cc2c(C=C)cc3c4cc5c6c(C=C)c7c(C=C)cc8c9c(C=C)c%10c(=C)c1cc1c%10c%10c9c9c8c7c6c6c7c5c4c4c(c(=C)c5c1c%10c(c7c54)c96)c23'), min:(-99999, '')
[2224.5157685279846] Updated in round 73! max:(0.7377049180327869, 'C=Cc1cc2c(C=C)cc3c4cc5c6c(C=C)c7c(C=C)cc8c9c(C=C)c%10c(=C)c1cc1c%10c%10c9c9c8c7c6c6c7c5c4c4c(c(=C)c5c1c%10c(c7c54)c96)c23'), min:(-99999, '')
[2257.745355606079] Updated in round 74! max:(0.7540983606557377, 'C=Cc1cc2c(C=C)cc3c4cc5c6c(C=C)c7c(C=C)c8ccc9c%10c(=C)c1cc1c%10c%10c%11c1c1c(=C)c(c23)c2c4c5c3c4c6c7c5c8c9c%10c5c4c%11c3c12'), min:(-99999, '')
[2260.8540811538696] Updated in round 75! max:(0.7540983606557377, 'C=Cc1cc2c(C=C)cc3c4cc5c6c(C=C)c7c(C=C)c8ccc9c%10c(=C)c1cc1c%10c%10c%11c1c1c(=C)c(c23)c2c4c5c3c4c6c7c5c8c9c%10c5c4c%11c3c12'), min:(-99999, '')
[2269.4314992427826] Updated in round 76! max:(0.7540983606557377, 'C=Cc1cc2c(C=C)cc3c4cc5c6c(C=C)c7c(C=C)c8ccc9c%10c(=C)c1cc1c%10c%10c%11c1c1c(=C)c(c23)c2c4c5c3c4c6c7c5c8c9c%10c5c4c%11c3c12'), min:(-99999, '')
[2270.061225414276] Updated in round 77! max:(0.7704918032786885, 'C=Cc1cc2c(C=C)cc3c4cc5c6c7c(=C)ccc8c9ccc%10c%11c(=C)c1cc1c%11c%11c%12c1c1c(=C)c(c23)c2c4c5c3c(c12)c%12c1c3c6c(c87)c2c9c%10c%11c21'), min:(-99999, '')
[2321.6460971832275] Updated in round 78! max:(0.7704918032786885, 'C=Cc1cc2c(C=C)cc3c4cc5c6c7c(=C)ccc8c9ccc%10c%11c(=C)c1cc1c%11c%11c%12c1c1c(=C)c(c23)c2c4c5c3c(c12)c%12c1c3c6c(c87)c2c9c%10c%11c21'), min:(-99999, '')
[2338.806559562683] Updated in round 79! max:(0.7704918032786885, 'C=Cc1cc2c(C=C)cc3c4cc5c6c7c(=C)ccc8c9ccc%10c%11c(=C)c1cc1c%11c%11c%12c1c1c(=C)c(c23)c2c4c5c3c(c12)c%12c1c3c6c(c87)c2c9c%10c%11c21'), min:(-99999, '')
[2339.6198399066925] Updated in round 80! max:(0.7868852459016393, 'C=Cc1cc2c3ccc4c5c(=C)c6cc7c5c5c8c7c7c(=C)c9c%10c(cc6C=C)c(C=C)cc%10c6cc%10c%11c(c1=C)c2c1c%11c2c%11c%10c6c9c7c%11c8c2c2c1c3c4c52'), min:(-99999, '')
[2342.9677464962006] Updated in round 81! max:(0.7868852459016393, 'C=Cc1cc2c3ccc4c5c(=C)c6cc7c5c5c8c7c7c(=C)c9c%10c(cc6C=C)c(C=C)cc%10c6cc%10c%11c(c1=C)c2c1c%11c2c%11c%10c6c9c7c%11c8c2c2c1c3c4c52'), min:(-99999, '')
[2372.992905139923] Updated in round 82! max:(0.8032786885245902, 'C=Cc1cc2c3ccc4c5c(=C)c6cc7c5c5c8c7c7c(=C)c9c%10c%11cc6c(=C)c(=C)c%11cc%10c6cc%10c%11c(c1=C)c2c1c%11c2c%11c%10c6c9c7c%11c8c2c2c1c3c4c52'), min:(-99999, '')
[2374.007112264633] Updated in round 83! max:(0.819672131147541, 'C=c1c(=C)c2cc3c4cc5c6c7c8cccc8cc8c9ccc%10c%11c(=C)c%12cc%13c%11c%11c%14c%13c%13c(=C)c(c3c2cc1%12)c1c4c5c2c(c%131)c%14c1c3c%11c%10c9c3c(c87)c6c21'), min:(-99999, '')
[2379.377739429474] Updated in round 84! max:(0.819672131147541, 'C=c1c(=C)c2cc3c4cc5c6c7c8cccc8cc8c9ccc%10c%11c(=C)c%12cc%13c%11c%11c%14c%13c%13c(=C)c(c3c2cc1%12)c1c4c5c2c(c%131)c%14c1c3c%11c%10c9c3c(c87)c6c21'), min:(-99999, '')
[2380.3127496242523] Updated in round 85! max:(0.8360655737704918, 'C=CC=c1c(=C)c2cc3c4cc5c6c7c8cccc8cc8c9ccc%10c%11c(=C)c%12cc%13c%11c%11c%14c%13c%13c(=C)c(c3c2cc1%12)c1c4c5c2c(c%131)c%14c1c3c%11c%10c9c3c(c87)c6c21'), min:(-99999, '')
[2386.870890855789] Updated in round 86! max:(0.8524590163934426, 'C=CC=c1c2cc3c4cc5c6cc7c8c9c%10ccc(cc14)c%10cc1c4ccc%10c%11c(=C)c2cc2c%11c%11c%12c2c2c(=C)c(c35)c3c6c7c5c(c23)c%12c2c3c%11c%10c4c3c(c19)c8c52'), min:(-99999, '')
[2392.68635225296] Updated in round 87! max:(0.8688524590163934, 'C=c1c2cc3c4c1c1ccc5c6c7cccc8c2cc2c9cc%10c%11cc%12c%13c%11c%11c(c(=C)c%14c3c3c4c4c1c5c1c5c6c(c6ccc(cc89)c76)c%12c5c5c%13c(c%14%11)c3c5c41)c2%10'), min:(-99999, '')
[2393.394694328308] Updated in round 88! max:(0.8688524590163934, 'C=c1c2cc3c4c1c1ccc5c6c7cccc8c2cc2c9cc%10c%11cc%12c%13c%11c%11c(c(=C)c%14c3c3c4c4c1c5c1c5c6c(c6ccc(cc89)c76)c%12c5c5c%13c(c%14%11)c3c5c41)c2%10'), min:(-99999, '')
[2393.8072743415833] Updated in round 89! max:(0.8688524590163934, 'C=c1c2cc3c4c1c1ccc5c6c7cccc8c2cc2c9cc%10c%11cc%12c%13c%11c%11c(c(=C)c%14c3c3c4c4c1c5c1c5c6c(c6ccc(cc89)c76)c%12c5c5c%13c(c%14%11)c3c5c41)c2%10'), min:(-99999, '')
[2401.5072660446167] Updated in round 90! max:(0.8852459016393442, 'C=c1c2c3c4cc5c6cccc7c8c9ccc8c8c%10c%11cc(c3cc4c6c9)c3c%11c4c6c(c1c1c9cc5c5cc%11cc%12c7c8c7c%10c4c4c6c1c1c9c5c%11c5c%12c7c4c51)c23'), min:(-99999, '')
[2402.7498252391815] Updated in round 91! max:(0.8852459016393442, 'C=c1c2c3c4cc5c6cccc7c8c9ccc8c8c%10c%11cc(c3cc4c6c9)c3c%11c4c6c(c1c1c9cc5c5cc%11cc%12c7c8c7c%10c4c4c6c1c1c9c5c%11c5c%12c7c4c51)c23'), min:(-99999, '')
[2402.887368440628] Updated in round 92! max:(0.8852459016393442, 'C=c1c2c3c4cc5c6cccc7c8c9ccc8c8c%10c%11cc(c3cc4c6c9)c3c%11c4c6c(c1c1c9cc5c5cc%11cc%12c7c8c7c%10c4c4c6c1c1c9c5c%11c5c%12c7c4c51)c23'), min:(-99999, '')
[2403.035296678543] Updated in round 93! max:(0.9016393442622951, 'C=c1c2c3c4cc5c6cc7c8c1c1c2c2c9cc%10c2c2c1c1c8c8c7c7c6c6c%11ccc%12c%13c(ccc%13c%13c%10c%10c%14c%13c%12c%12cc6c7c6c%12c%14c(c68)c1c2%10)cc(c4cc93)c5%11'), min:(-99999, '')
[2404.6016619205475] Updated in round 94! max:(0.9180327868852459, 'C=c1c2c3c4cc5c6cc7c8c1c1c2c2c9cc%10c2c2c1c1c8c8c7c7c6c6c%11cc%12c%13c%14c(ccc%14c%14c%10c%10c2c1c1c8c2c7c6c%12c6c%13c%14c%10c1c62)cc(c4cc93)c5%11'), min:(-99999, '')
[2405.41619515419] Updated in round 95! max:(0.9344262295081968, 'c1cc2c3c1cc1c4cc5c6cc7c8c6c6c9c%10cc%11c%12c(cc4c59)c1c1cc4c3c3c5c2c7c2c5c5c7c3c4c3c1c%12c1c4c%11c9c%10c6c6c8c2c2c6c9c4c(c7c31)c52'), min:(-99999, '')
[2406.3917298316956] Updated in round 96! max:(0.9344262295081968, 'c1cc2c3c1cc1c4cc5c6cc7c8c6c6c9c%10cc%11c%12c(cc4c59)c1c1cc4c3c3c5c2c7c2c5c5c7c3c4c3c1c%12c1c4c%11c9c%10c6c6c8c2c2c6c9c4c(c7c31)c52'), min:(-99999, '')
[2406.447443008423] Updated in round 97! max:(0.9344262295081968, 'c1cc2c3c1cc1c4cc5c6cc7c8c6c6c9c%10cc%11c%12c(cc4c59)c1c1cc4c3c3c5c2c7c2c5c5c7c3c4c3c1c%12c1c4c%11c9c%10c6c6c8c2c2c6c9c4c(c7c31)c52'), min:(-99999, '')
[2406.542036294937] Updated in round 98! max:(0.9508196721311475, 'c1cc2c3c1cc1c4cc5c6cc7c8c2c2c9c3c3cc%10c1c1c%11c4c5c4c5c6c7c6c7c8c2c2c8c9c3c3c%10c9c1c1c%11c4c4c5c6c5c7c2c2c8c3c9c3c1c4c5c32'), min:(-99999, '')
[2407.5512223243713] Updated in round 99! max:(0.9672131147540983, 'c1cc2c3c1c1c4c5cc6c7cc8c9c2c2c%10c3c3c1c1c4c4c%11c5c6c5c6c7c8c7c8c9c2c2c9c%10c3c3c1c1c4c4c%11c5c5c6c7c6c8c2c2c9c3c1c1c4c5c6c21'), min:(-99999, '')
[2408.6150217056274] Updated in round 100! max:(0.9836065573770492, 'c1c2c3c4c5cc6c7c8c1c1c2c2c9c3c3c4c4c%10c5c6c5c6c7c7c8c8c1c1c2c2c9c9c3c3c4c4c%10c5c5c6c6c7c7c8c1c1c2c2c9c3c3c4c5c4c6c7c1c2c34'), min:(-99999, '')
[2409.663456439972] Reproduced in round 101!!
