[0.009192466735839844]Start running EvoMol from [H][H]...
[0.0100250244140625] Updated in round 1! max:(0.03225806451612903, 'C=C'), min:(-99999, '')
[0.010919570922851562] Updated in round 2! max:(0.06451612903225806, 'C=CC=C'), min:(-99999, '')
[0.013387203216552734] Updated in round 3! max:(0.0967741935483871, 'C=CC=CC=C'), min:(-99999, '')
[0.01597881317138672] Updated in round 4! max:(0.12903225806451613, 'c1ccccc1'), min:(-99999, '')
[0.01930403709411621] Updated in round 5! max:(0.16129032258064516, 'C#Cc1ccccc1'), min:(-99999, '')
[0.02120828628540039] Updated in round 6! max:(0.16129032258064516, 'C#Cc1ccccc1'), min:(-99999, '')
[0.024343252182006836] Updated in round 7! max:(0.1935483870967742, 'C=CC#Cc1ccccc1'), min:(-99999, '')
[0.027490854263305664] Updated in round 8! max:(0.22580645161290322, 'C#Cc1ccc(C#CC=C)cc1'), min:(-99999, '')
[0.03161191940307617] Updated in round 9! max:(0.25806451612903225, 'C=CC#Cc1ccc(C#CC=C)cc1'), min:(-99999, '')
[0.03626370429992676] Updated in round 10! max:(0.2903225806451613, 'C=CC#Cc1ccc(C#CC(=C)C=C)cc1'), min:(-99999, '')
[0.04207634925842285] Updated in round 11! max:(0.3225806451612903, 'C=CC(=C)C#Cc1ccc(C#CC(=C)C=C)cc1'), min:(-99999, '')
[0.04976701736450195] Updated in round 12! max:(0.3548387096774194, 'C=CC=CC(=C)C#Cc1ccc(C#CC(=C)C=C)cc1'), min:(-99999, '')
[0.060141801834106445] Updated in round 13! max:(0.3870967741935484, 'C=CC(=C)C#Cc1ccc(C#Cc2ccccc2)cc1'), min:(-99999, '')
[0.07095861434936523] Updated in round 14! max:(0.3870967741935484, 'C=CC(=C)C#Cc1ccc(C#Cc2ccccc2)cc1'), min:(-99999, '')
[0.07288169860839844] Updated in round 15! max:(0.41935483870967744, 'C=CC=C(C#Cc1ccc(C#Cc2ccccc2)cc1)C=C'), min:(-99999, '')
[0.08805036544799805] Updated in round 16! max:(0.41935483870967744, 'C=CC=C(C#Cc1ccc(C#Cc2ccccc2)cc1)C=C'), min:(-99999, '')
[0.09024357795715332] Updated in round 17! max:(0.45161290322580644, 'C#Cc1ccc(C#Cc2ccc(C#CC(C=C)=CC=C)cc2)cc1'), min:(-99999, '')
[0.10649752616882324] Updated in round 18! max:(0.45161290322580644, 'C#Cc1ccc(C#Cc2ccc(C#CC(C=C)=CC=C)cc2)cc1'), min:(-99999, '')
[0.10868477821350098] Updated in round 19! max:(0.4838709677419355, 'C=CC#Cc1ccc(C#Cc2ccc(C#CC(C=C)=CC=C)cc2)cc1'), min:(-99999, '')
[0.12842965126037598] Updated in round 20! max:(0.5161290322580645, 'C#CC=CC=C(C#Cc1ccc(C#Cc2ccc(C#CC=C)cc2)cc1)C=C'), min:(-99999, '')
[0.151625394821167] Updated in round 21! max:(0.5483870967741935, 'C#CC=CC=C(C#Cc1ccc(C#Cc2ccc(C#CC=CC=C)cc2)cc1)C=C'), min:(-99999, '')
[0.18150115013122559] Updated in round 22! max:(0.5806451612903226, 'C#CC=CC=CC#Cc1ccc(C#Cc2ccc(C#CC(C=C)=CC=CC#C)cc2)cc1'), min:(-99999, '')
[0.2158946990966797] Updated in round 23! max:(0.5806451612903226, 'C#CC=CC=CC#Cc1ccc(C#Cc2ccc(C#CC(C=C)=CC=CC#C)cc2)cc1'), min:(-99999, '')
[0.21821951866149902] Updated in round 24! max:(0.5806451612903226, 'C#CC=CC=CC#Cc1ccc(C#Cc2ccc(C#CC(C=C)=CC=CC#C)cc2)cc1'), min:(-99999, '')
[0.22053170204162598] Updated in round 25! max:(0.5806451612903226, 'C#CC=CC=CC#Cc1ccc(C#Cc2ccc(C#CC(C=C)=CC=CC#C)cc2)cc1'), min:(-99999, '')
[0.22290539741516113] Updated in round 26! max:(0.5806451612903226, 'C#CC=CC=CC#Cc1ccc(C#Cc2ccc(C#CC(C=C)=CC=CC#C)cc2)cc1'), min:(-99999, '')
[0.225571870803833] Updated in round 27! max:(0.6129032258064516, 'C#CC=CC=CC#Cc1ccc(C#Cc2ccc(C#Cc3ccc(C#C)cc3)cc2)cc1'), min:(-99999, '')
[0.2593357563018799] Updated in round 28! max:(0.6129032258064516, 'C#CC=CC=CC#Cc1ccc(C#Cc2ccc(C#Cc3ccc(C#C)cc3)cc2)cc1'), min:(-99999, '')
[0.26259350776672363] Updated in round 29! max:(0.6451612903225806, 'C#Cc1ccc(C#Cc2ccc(C#Cc3ccc(C#CC=CC=CC#CC=C)cc3)cc2)cc1'), min:(-99999, '')
[0.30223512649536133] Updated in round 30! max:(0.6451612903225806, 'C#Cc1ccc(C#Cc2ccc(C#Cc3ccc(C#CC=CC=CC#CC=C)cc3)cc2)cc1'), min:(-99999, '')
[0.30540895462036133] Updated in round 31! max:(0.6774193548387096, 'C#Cc1ccc(C#Cc2ccc(C#Cc3ccc(C#CC=CC=C(C#CC=C)C=C)cc3)cc2)cc1'), min:(-99999, '')
[0.3511838912963867] Updated in round 32! max:(0.6774193548387096, 'C#Cc1ccc(C#Cc2ccc(C#Cc3ccc(C#CC=CC=C(C#CC=C)C=C)cc3)cc2)cc1'), min:(-99999, '')
[0.35384678840637207] Updated in round 33! max:(0.6774193548387096, 'C#Cc1ccc(C#Cc2ccc(C#Cc3ccc(C#CC=CC=C(C#CC=C)C=C)cc3)cc2)cc1'), min:(-99999, '')
[0.3564434051513672] Updated in round 34! max:(0.6774193548387096, 'C#Cc1ccc(C#Cc2ccc(C#Cc3ccc(C#CC=CC=C(C#CC=C)C=C)cc3)cc2)cc1'), min:(-99999, '')
[0.35930776596069336] Updated in round 35! max:(0.6774193548387096, 'C#Cc1ccc(C#Cc2ccc(C#Cc3ccc(C#CC=CC=C(C#CC=C)C=C)cc3)cc2)cc1'), min:(-99999, '')
[0.3621523380279541] Updated in round 36! max:(0.6774193548387096, 'C#Cc1ccc(C#Cc2ccc(C#Cc3ccc(C#CC=CC=C(C#CC=C)C=C)cc3)cc2)cc1'), min:(-99999, '')
[0.36484289169311523] Updated in round 37! max:(0.6774193548387096, 'C#Cc1ccc(C#Cc2ccc(C#Cc3ccc(C#CC=CC=C(C#CC=C)C=C)cc3)cc2)cc1'), min:(-99999, '')
[0.3673553466796875] Updated in round 38! max:(0.6774193548387096, 'C#Cc1ccc(C#Cc2ccc(C#Cc3ccc(C#CC=CC=C(C#CC=C)C=C)cc3)cc2)cc1'), min:(-99999, '')
[0.3706943988800049] Updated in round 39! max:(0.7096774193548387, 'C#Cc1ccc(C#Cc2ccc(C#Cc3ccc(C#CC=CC=C(C#CC(=C)C=C)C=C)cc3)cc2)cc1'), min:(-99999, '')
[0.4226071834564209] Updated in round 40! max:(0.7096774193548387, 'C#Cc1ccc(C#Cc2ccc(C#Cc3ccc(C#CC=CC=C(C#CC(=C)C=C)C=C)cc3)cc2)cc1'), min:(-99999, '')
[0.42536044120788574] Updated in round 41! max:(0.7096774193548387, 'C#Cc1ccc(C#Cc2ccc(C#Cc3ccc(C#CC=CC=C(C#CC(=C)C=C)C=C)cc3)cc2)cc1'), min:(-99999, '')
[0.42818474769592285] Updated in round 42! max:(0.7096774193548387, 'C#Cc1ccc(C#Cc2ccc(C#Cc3ccc(C#CC=CC=C(C#CC(=C)C=C)C=C)cc3)cc2)cc1'), min:(-99999, '')
[0.4316074848175049] Updated in round 43! max:(0.7419354838709677, 'C#Cc1ccc(C#Cc2ccc(C#Cc3ccc(C#Cc4ccc(C#CC(=C)C=C)cc4)cc3)cc2)cc1'), min:(-99999, '')
[0.48323559761047363] Updated in round 44! max:(0.7419354838709677, 'C#Cc1ccc(C#Cc2ccc(C#Cc3ccc(C#Cc4ccc(C#CC(=C)C=C)cc4)cc3)cc2)cc1'), min:(-99999, '')
[0.48667192459106445] Updated in round 45! max:(0.7419354838709677, 'C#Cc1ccc(C#Cc2ccc(C#Cc3ccc(C#Cc4ccc(C#CC(=C)C=C)cc4)cc3)cc2)cc1'), min:(-99999, '')
[0.48944783210754395] Updated in round 46! max:(0.7419354838709677, 'C#Cc1ccc(C#Cc2ccc(C#Cc3ccc(C#Cc4ccc(C#CC(=C)C=C)cc4)cc3)cc2)cc1'), min:(-99999, '')
[0.49273681640625] Updated in round 47! max:(0.7419354838709677, 'C#Cc1ccc(C#Cc2ccc(C#Cc3ccc(C#Cc4ccc(C#CC(=C)C=C)cc4)cc3)cc2)cc1'), min:(-99999, '')
[0.49663519859313965] Updated in round 48! max:(0.7741935483870968, 'C=CC#Cc1ccc(C#Cc2ccc(C#Cc3ccc(C#Cc4ccc(C#CC(=C)C=C)cc4)cc3)cc2)cc1'), min:(-99999, '')
[0.5560710430145264] Updated in round 49! max:(0.7741935483870968, 'C=CC#Cc1ccc(C#Cc2ccc(C#Cc3ccc(C#Cc4ccc(C#CC(=C)C=C)cc4)cc3)cc2)cc1'), min:(-99999, '')
[0.5605988502502441] Updated in round 50! max:(0.8064516129032258, 'C=CC#Cc1ccc(C#Cc2ccc(C#Cc3ccc(C#Cc4ccc(C#CC(C=C)=CC=C)cc4)cc3)cc2)cc1'), min:(-99999, '')
[0.6332170963287354] Updated in round 51! max:(0.8064516129032258, 'C=CC#Cc1ccc(C#Cc2ccc(C#Cc3ccc(C#Cc4ccc(C#CC(C=C)=CC=C)cc4)cc3)cc2)cc1'), min:(-99999, '')
[0.636664628982544] Updated in round 52! max:(0.8064516129032258, 'C=CC#Cc1ccc(C#Cc2ccc(C#Cc3ccc(C#Cc4ccc(C#CC(C=C)=CC=C)cc4)cc3)cc2)cc1'), min:(-99999, '')
[0.6410508155822754] Updated in round 53! max:(0.8064516129032258, 'C=CC#Cc1ccc(C#Cc2ccc(C#Cc3ccc(C#Cc4ccc(C#CC(C=C)=CC=C)cc4)cc3)cc2)cc1'), min:(-99999, '')
[0.6449871063232422] Updated in round 54! max:(0.8064516129032258, 'C=CC#Cc1ccc(C#Cc2ccc(C#Cc3ccc(C#Cc4ccc(C#CC(C=C)=CC=C)cc4)cc3)cc2)cc1'), min:(-99999, '')
[0.6489963531494141] Updated in round 55! max:(0.8064516129032258, 'C=CC#Cc1ccc(C#Cc2ccc(C#Cc3ccc(C#Cc4ccc(C#CC(C=C)=CC=C)cc4)cc3)cc2)cc1'), min:(-99999, '')
[0.6533701419830322] Updated in round 56! max:(0.8387096774193549, 'C=CC=CC#Cc1ccc(C#Cc2ccc(C#Cc3ccc(C#Cc4ccc(C#CC(C=C)=CC=C)cc4)cc3)cc2)cc1'), min:(-99999, '')
[0.7409820556640625] Updated in round 57! max:(0.8387096774193549, 'C=CC=CC#Cc1ccc(C#Cc2ccc(C#Cc3ccc(C#Cc4ccc(C#CC(C=C)=CC=C)cc4)cc3)cc2)cc1'), min:(-99999, '')
[0.7449946403503418] Updated in round 58! max:(0.8387096774193549, 'C=CC=CC#Cc1ccc(C#Cc2ccc(C#Cc3ccc(C#Cc4ccc(C#CC(C=C)=CC=C)cc4)cc3)cc2)cc1'), min:(-99999, '')
[0.7488842010498047] Updated in round 59! max:(0.8387096774193549, 'C=CC=CC#Cc1ccc(C#Cc2ccc(C#Cc3ccc(C#Cc4ccc(C#CC(C=C)=CC=C)cc4)cc3)cc2)cc1'), min:(-99999, '')
[0.7525293827056885] Updated in round 60! max:(0.8387096774193549, 'C=CC=CC#Cc1ccc(C#Cc2ccc(C#Cc3ccc(C#Cc4ccc(C#CC(C=C)=CC=C)cc4)cc3)cc2)cc1'), min:(-99999, '')
[0.7568662166595459] Updated in round 61! max:(0.8387096774193549, 'C=CC=CC#Cc1ccc(C#Cc2ccc(C#Cc3ccc(C#Cc4ccc(C#CC(C=C)=CC=C)cc4)cc3)cc2)cc1'), min:(-99999, '')
[0.7606799602508545] Updated in round 62! max:(0.8387096774193549, 'C=CC=CC#Cc1ccc(C#Cc2ccc(C#Cc3ccc(C#Cc4ccc(C#CC(C=C)=CC=C)cc4)cc3)cc2)cc1'), min:(-99999, '')
[0.7642393112182617] Updated in round 63! max:(0.8387096774193549, 'C=CC=CC#Cc1ccc(C#Cc2ccc(C#Cc3ccc(C#Cc4ccc(C#CC(C=C)=CC=C)cc4)cc3)cc2)cc1'), min:(-99999, '')
[0.7683606147766113] Updated in round 64! max:(0.8387096774193549, 'C=CC=CC#Cc1ccc(C#Cc2ccc(C#Cc3ccc(C#Cc4ccc(C#CC(C=C)=CC=C)cc4)cc3)cc2)cc1'), min:(-99999, '')
[0.7736904621124268] Updated in round 65! max:(0.8709677419354839, 'C=CC=CC=CC#Cc1ccc(C#Cc2ccc(C#Cc3ccc(C#Cc4ccc(C#CC(C=C)=CC=C)cc4)cc3)cc2)cc1'), min:(-99999, '')
[0.8786282539367676] Updated in round 66! max:(0.8709677419354839, 'C=CC=CC=CC#Cc1ccc(C#Cc2ccc(C#Cc3ccc(C#Cc4ccc(C#CC(C=C)=CC=C)cc4)cc3)cc2)cc1'), min:(-99999, '')
[0.8839430809020996] Updated in round 67! max:(0.9032258064516129, 'C=CC=CC=CC#Cc1ccc(C#Cc2ccc(C#Cc3ccc(C#Cc4ccc(C#Cc5ccccc5)cc4)cc3)cc2)cc1'), min:(-99999, '')
[0.995011568069458] Updated in round 68! max:(0.9032258064516129, 'C=CC=CC=CC#Cc1ccc(C#Cc2ccc(C#Cc3ccc(C#Cc4ccc(C#Cc5ccccc5)cc4)cc3)cc2)cc1'), min:(-99999, '')
[1.0001990795135498] Updated in round 69! max:(0.9032258064516129, 'C=CC=CC=CC#Cc1ccc(C#Cc2ccc(C#Cc3ccc(C#Cc4ccc(C#Cc5ccccc5)cc4)cc3)cc2)cc1'), min:(-99999, '')
[1.0044002532958984] Updated in round 70! max:(0.9032258064516129, 'C=CC=CC=CC#Cc1ccc(C#Cc2ccc(C#Cc3ccc(C#Cc4ccc(C#Cc5ccccc5)cc4)cc3)cc2)cc1'), min:(-99999, '')
[1.0091235637664795] Updated in round 71! max:(0.9032258064516129, 'C=CC=CC=CC#Cc1ccc(C#Cc2ccc(C#Cc3ccc(C#Cc4ccc(C#Cc5ccccc5)cc4)cc3)cc2)cc1'), min:(-99999, '')
[1.0150954723358154] Updated in round 72! max:(0.9354838709677419, 'C#Cc1ccc(C#Cc2ccc(C#Cc3ccc(C#Cc4ccc(C#Cc5ccc(C#CC=CC=CC=C)cc5)cc4)cc3)cc2)cc1'), min:(-99999, '')
[1.1306068897247314] Updated in round 73! max:(0.9354838709677419, 'C#Cc1ccc(C#Cc2ccc(C#Cc3ccc(C#Cc4ccc(C#Cc5ccc(C#CC=CC=CC=C)cc5)cc4)cc3)cc2)cc1'), min:(-99999, '')
[1.1342082023620605] Updated in round 74! max:(0.9354838709677419, 'C#Cc1ccc(C#Cc2ccc(C#Cc3ccc(C#Cc4ccc(C#Cc5ccc(C#CC=CC=CC=C)cc5)cc4)cc3)cc2)cc1'), min:(-99999, '')
[1.1376495361328125] Updated in round 75! max:(0.9354838709677419, 'C#Cc1ccc(C#Cc2ccc(C#Cc3ccc(C#Cc4ccc(C#Cc5ccc(C#CC=CC=CC=C)cc5)cc4)cc3)cc2)cc1'), min:(-99999, '')
[1.1417570114135742] Updated in round 76! max:(0.9354838709677419, 'C#Cc1ccc(C#Cc2ccc(C#Cc3ccc(C#Cc4ccc(C#Cc5ccc(C#CC=CC=CC=C)cc5)cc4)cc3)cc2)cc1'), min:(-99999, '')
[1.1453173160552979] Updated in round 77! max:(0.9354838709677419, 'C#Cc1ccc(C#Cc2ccc(C#Cc3ccc(C#Cc4ccc(C#Cc5ccc(C#CC=CC=CC=C)cc5)cc4)cc3)cc2)cc1'), min:(-99999, '')
[1.1502659320831299] Updated in round 78! max:(0.967741935483871, 'C#Cc1ccc(C#Cc2ccc(C#Cc3ccc(C#Cc4ccc(C#Cc5ccc(C#Cc6ccccc6)cc5)cc4)cc3)cc2)cc1'), min:(-99999, '')
[1.2454519271850586] Reproduced in round 79!!
