[6.270408630371094e-05]Start running EvoMol from [H][H]...
[0.0014467239379882812] Updated in round 1! max:(0.1, 'c1ccccc1'), min:(-99999, '')
[0.008262157440185547] Updated in round 2! max:(0.125, 'C#Cc1ccccc1'), min:(-99999, '')
[0.01520395278930664] Updated in round 3! max:(0.15, 'C#Cc1cccc(C#C)c1'), min:(-99999, '')
[0.02229785919189453] Updated in round 4! max:(0.175, 'C#Cc1cccc(C#CC=C)c1'), min:(-99999, '')
[0.03173351287841797] Updated in round 5! max:(0.2, 'C#Cc1cccc(C#CC(=C)C=C)c1'), min:(-99999, '')
[0.04332542419433594] Updated in round 6! max:(0.225, 'C#Cc1cc(C#C)cc(C#CC(=C)C=C)c1'), min:(-99999, '')
[0.054764747619628906] Updated in round 7! max:(0.325, 'C#Cc1cc(C#CC(=C)C=C)cc(C#Cc2ccccc2)c1'), min:(-99999, '')
[0.08332252502441406] Updated in round 8! max:(0.425, 'C=CC(=C)C#Cc1cc(C#Cc2ccccc2)cc(C#Cc2ccccc2)c1'), min:(-99999, '')
[0.14261746406555176] Updated in round 9! max:(0.425, 'C=CC(=C)C#Cc1cc(C#Cc2ccccc2)cc(C#Cc2ccccc2)c1'), min:(-99999, '')
[0.1462249755859375] Updated in round 10! max:(0.45, 'C#Cc1c(C#CC(=C)C=C)cc(C#Cc2ccccc2)cc1C#Cc1ccccc1'), min:(-99999, '')
[0.20715928077697754] Updated in round 11! max:(0.475, 'C#CC=C(C#Cc1cc(C#Cc2ccccc2)cc(C#Cc2ccccc2)c1C#C)C=C'), min:(-99999, '')
[0.27560973167419434] Updated in round 12! max:(0.475, 'C#CC=C(C#Cc1cc(C#Cc2ccccc2)cc(C#Cc2ccccc2)c1C#C)C=C'), min:(-99999, '')
[0.27928900718688965] Updated in round 13! max:(0.575, 'C#CC=C(C#Cc1cc(C#Cc2ccccc2)cc(C#Cc2ccccc2)c1C#Cc1ccccc1)C=C'), min:(-99999, '')
[0.39346790313720703] Updated in round 14! max:(0.625, 'C#Cc1ccccc1C#Cc1cc(C#Cc2ccccc2)cc(C#Cc2ccccc2)c1C#Cc1ccccc1'), min:(-99999, '')
[0.5212762355804443] Updated in round 15! max:(0.625, 'C#Cc1ccccc1C#Cc1cc(C#Cc2ccccc2)cc(C#Cc2ccccc2)c1C#Cc1ccccc1'), min:(-99999, '')
[0.5245723724365234] Updated in round 16! max:(0.625, 'C#Cc1ccccc1C#Cc1cc(C#Cc2ccccc2)cc(C#Cc2ccccc2)c1C#Cc1ccccc1'), min:(-99999, '')
[0.528785228729248] Updated in round 17! max:(0.625, 'C#Cc1ccccc1C#Cc1cc(C#Cc2ccccc2)cc(C#Cc2ccccc2)c1C#Cc1ccccc1'), min:(-99999, '')
[0.5328795909881592] Updated in round 18! max:(0.65, 'C(#Cc1cc(C#Cc2ccccc2)c2c(c1)C#Cc1ccccc1C#Cc1ccccc1C#C2)c1ccccc1'), min:(-99999, '')
[0.665062427520752] Updated in round 19! max:(0.65, 'C(#Cc1cc(C#Cc2ccccc2)c2c(c1)C#Cc1ccccc1C#Cc1ccccc1C#C2)c1ccccc1'), min:(-99999, '')
[0.6699774265289307] Updated in round 20! max:(0.65, 'C(#Cc1cc(C#Cc2ccccc2)c2c(c1)C#Cc1ccccc1C#Cc1ccccc1C#C2)c1ccccc1'), min:(-99999, '')
[0.6753325462341309] Updated in round 21! max:(0.675, 'C#Cc1c(C#Cc2ccccc2)cc2c(c1C#Cc1ccccc1)C#Cc1ccccc1C#Cc1ccccc1C#C2'), min:(-99999, '')
[0.8110601902008057] Updated in round 22! max:(0.675, 'C#Cc1c(C#Cc2ccccc2)cc2c(c1C#Cc1ccccc1)C#Cc1ccccc1C#Cc1ccccc1C#C2'), min:(-99999, '')
[0.8160133361816406] Updated in round 23! max:(0.675, 'C#Cc1c(C#Cc2ccccc2)cc2c(c1C#Cc1ccccc1)C#Cc1ccccc1C#Cc1ccccc1C#C2'), min:(-99999, '')
[0.8204536437988281] Updated in round 24! max:(0.675, 'C#Cc1c(C#Cc2ccccc2)cc2c(c1C#Cc1ccccc1)C#Cc1ccccc1C#Cc1ccccc1C#C2'), min:(-99999, '')
[0.8245587348937988] Updated in round 25! max:(0.675, 'C#Cc1c(C#Cc2ccccc2)cc2c(c1C#Cc1ccccc1)C#Cc1ccccc1C#Cc1ccccc1C#C2'), min:(-99999, '')
[0.8290565013885498] Updated in round 26! max:(0.7, 'C#Cc1c(C#Cc2ccccc2)c(C#C)c2c(c1C#Cc1ccccc1)C#Cc1ccccc1C#Cc1ccccc1C#C2'), min:(-99999, '')
[0.9727432727813721] Updated in round 27! max:(0.8, 'C#Cc1c(C#Cc2ccccc2)c(C#Cc2ccccc2)c(C#Cc2ccccc2)c2c1C#Cc1ccccc1C#Cc1ccccc1C#C2'), min:(-99999, '')
[1.1801650524139404] Updated in round 28! max:(0.8, 'C#Cc1c(C#Cc2ccccc2)c(C#Cc2ccccc2)c(C#Cc2ccccc2)c2c1C#Cc1ccccc1C#Cc1ccccc1C#C2'), min:(-99999, '')
[1.1844782829284668] Updated in round 29! max:(0.8, 'C#Cc1c(C#Cc2ccccc2)c(C#Cc2ccccc2)c(C#Cc2ccccc2)c2c1C#Cc1ccccc1C#Cc1ccccc1C#C2'), min:(-99999, '')
[1.1899240016937256] Updated in round 30! max:(0.8, 'C#Cc1c(C#Cc2ccccc2)c(C#Cc2ccccc2)c(C#Cc2ccccc2)c2c1C#Cc1ccccc1C#Cc1ccccc1C#C2'), min:(-99999, '')
[1.1944141387939453] Updated in round 31! max:(0.8, 'C#Cc1c(C#Cc2ccccc2)c(C#Cc2ccccc2)c(C#Cc2ccccc2)c2c1C#Cc1ccccc1C#Cc1ccccc1C#C2'), min:(-99999, '')
[1.1993751525878906] Updated in round 32! max:(0.8, 'C#Cc1c(C#Cc2ccccc2)c(C#Cc2ccccc2)c(C#Cc2ccccc2)c2c1C#Cc1ccccc1C#Cc1ccccc1C#C2'), min:(-99999, '')
[1.2054433822631836] Updated in round 33! max:(0.8, 'C#Cc1c(C#Cc2ccccc2)c(C#Cc2ccccc2)c(C#Cc2ccccc2)c2c1C#Cc1ccccc1C#Cc1ccccc1C#C2'), min:(-99999, '')
[1.2099666595458984] Updated in round 34! max:(0.8, 'C#Cc1c(C#Cc2ccccc2)c(C#Cc2ccccc2)c(C#Cc2ccccc2)c2c1C#Cc1ccccc1C#Cc1ccccc1C#C2'), min:(-99999, '')
[1.2149195671081543] Updated in round 35! max:(0.9, 'C(#Cc1c(C#Cc2ccccc2)c(C#Cc2ccccc2)c2c(c1C#Cc1ccccc1)C#Cc1ccccc1C#Cc1ccccc1C#C2)c1ccccc1'), min:(-99999, '')
[1.5076191425323486] Updated in round 36! max:(0.9, 'C(#Cc1c(C#Cc2ccccc2)c(C#Cc2ccccc2)c2c(c1C#Cc1ccccc1)C#Cc1ccccc1C#Cc1ccccc1C#C2)c1ccccc1'), min:(-99999, '')
[1.5130548477172852] Updated in round 37! max:(0.9, 'C(#Cc1c(C#Cc2ccccc2)c(C#Cc2ccccc2)c2c(c1C#Cc1ccccc1)C#Cc1ccccc1C#Cc1ccccc1C#C2)c1ccccc1'), min:(-99999, '')
[1.5204100608825684] Updated in round 38! max:(0.9, 'C(#Cc1c(C#Cc2ccccc2)c(C#Cc2ccccc2)c2c(c1C#Cc1ccccc1)C#Cc1ccccc1C#Cc1ccccc1C#C2)c1ccccc1'), min:(-99999, '')
[1.5256879329681396] Updated in round 39! max:(0.925, 'C#Cc1ccccc1C#Cc1c(C#Cc2ccccc2)c(C#Cc2ccccc2)c(C#Cc2ccccc2)c2c1C#Cc1ccccc1C#Cc1ccccc1C#C2'), min:(-99999, '')
[1.819826602935791] Updated in round 40! max:(0.925, 'C#Cc1ccccc1C#Cc1c(C#Cc2ccccc2)c(C#Cc2ccccc2)c(C#Cc2ccccc2)c2c1C#Cc1ccccc1C#Cc1ccccc1C#C2'), min:(-99999, '')
[1.8252007961273193] Updated in round 41! max:(0.925, 'C#Cc1ccccc1C#Cc1c(C#Cc2ccccc2)c(C#Cc2ccccc2)c(C#Cc2ccccc2)c2c1C#Cc1ccccc1C#Cc1ccccc1C#C2'), min:(-99999, '')
[1.8310880661010742] Updated in round 42! max:(0.95, 'C#Cc1ccccc1C#Cc1c(C#Cc2ccccc2)c(C#Cc2ccccc2)c(C#Cc2ccccc2C#C)c2c1C#Cc1ccccc1C#Cc1ccccc1C#C2'), min:(-99999, '')
[2.130432367324829] Updated in round 43! max:(0.95, 'C#Cc1ccccc1C#Cc1c(C#Cc2ccccc2)c(C#Cc2ccccc2)c(C#Cc2ccccc2C#C)c2c1C#Cc1ccccc1C#Cc1ccccc1C#C2'), min:(-99999, '')
[2.1347126960754395] Updated in round 44! max:(0.95, 'C#Cc1ccccc1C#Cc1c(C#Cc2ccccc2)c(C#Cc2ccccc2)c(C#Cc2ccccc2C#C)c2c1C#Cc1ccccc1C#Cc1ccccc1C#C2'), min:(-99999, '')
[2.139486789703369] Updated in round 45! max:(0.95, 'C#Cc1ccccc1C#Cc1c(C#Cc2ccccc2)c(C#Cc2ccccc2)c(C#Cc2ccccc2C#C)c2c1C#Cc1ccccc1C#Cc1ccccc1C#C2'), min:(-99999, '')
[2.1436309814453125] Updated in round 46! max:(0.95, 'C#Cc1ccccc1C#Cc1c(C#Cc2ccccc2)c(C#Cc2ccccc2)c(C#Cc2ccccc2C#C)c2c1C#Cc1ccccc1C#Cc1ccccc1C#C2'), min:(-99999, '')
[2.150017023086548] Updated in round 47! max:(0.975, 'C#Cc1ccccc1C#Cc1c(C#Cc2ccccc2)c2c#cc3ccccc3c#cc3ccccc3c#cc2c2c#cc3ccccc3c#cc3ccccc3c#cc12'), min:(-99999, '')
[2.4577834606170654] Updated in round 48! max:(0.975, 'C#Cc1ccccc1C#Cc1c(C#Cc2ccccc2)c2c#cc3ccccc3c#cc3ccccc3c#cc2c2c#cc3ccccc3c#cc3ccccc3c#cc12'), min:(-99999, '')
[2.462679862976074] Updated in round 49! max:(0.975, 'C#Cc1ccccc1C#Cc1c(C#Cc2ccccc2)c2c#cc3ccccc3c#cc3ccccc3c#cc2c2c#cc3ccccc3c#cc3ccccc3c#cc12'), min:(-99999, '')
[2.469599723815918] Updated in round 50! max:(0.975, 'C#Cc1ccccc1C#Cc1c(C#Cc2ccccc2)c2c#cc3ccccc3c#cc3ccccc3c#cc2c2c#cc3ccccc3c#cc3ccccc3c#cc12'), min:(-99999, '')
[2.476102352142334] Updated in round 51! max:(0.975, 'C#Cc1ccccc1C#Cc1c(C#Cc2ccccc2)c2c#cc3ccccc3c#cc3ccccc3c#cc2c2c#cc3ccccc3c#cc3ccccc3c#cc12'), min:(-99999, '')
[2.481302261352539] Updated in round 52! max:(0.975, 'C#Cc1ccccc1C#Cc1c(C#Cc2ccccc2)c2c#cc3ccccc3c#cc3ccccc3c#cc2c2c#cc3ccccc3c#cc3ccccc3c#cc12'), min:(-99999, '')
[2.486485242843628] Updated in round 53! max:(0.975, 'C#Cc1ccccc1C#Cc1c(C#Cc2ccccc2)c2c#cc3ccccc3c#cc3ccccc3c#cc2c2c#cc3ccccc3c#cc3ccccc3c#cc12'), min:(-99999, '')
[2.4910621643066406] Updated in round 54! max:(0.975, 'C#Cc1ccccc1C#Cc1c(C#Cc2ccccc2)c2c#cc3ccccc3c#cc3ccccc3c#cc2c2c#cc3ccccc3c#cc3ccccc3c#cc12'), min:(-99999, '')
[2.4973371028900146] Updated in round 55! max:(0.975, 'C#Cc1ccccc1C#Cc1c(C#Cc2ccccc2)c2c#cc3ccccc3c#cc3ccccc3c#cc2c2c#cc3ccccc3c#cc3ccccc3c#cc12'), min:(-99999, '')
[2.5023937225341797] Updated in round 56! max:(0.975, 'C#Cc1ccccc1C#Cc1c(C#Cc2ccccc2)c2c#cc3ccccc3c#cc3ccccc3c#cc2c2c#cc3ccccc3c#cc3ccccc3c#cc12'), min:(-99999, '')
[2.508701801300049] Updated in round 57! max:(0.975, 'C#Cc1ccccc1C#Cc1c(C#Cc2ccccc2)c2c#cc3ccccc3c#cc3ccccc3c#cc2c2c#cc3ccccc3c#cc3ccccc3c#cc12'), min:(-99999, '')
[2.5136191844940186] Updated in round 58! max:(0.975, 'C#Cc1ccccc1C#Cc1c(C#Cc2ccccc2)c2c#cc3ccccc3c#cc3ccccc3c#cc2c2c#cc3ccccc3c#cc3ccccc3c#cc12'), min:(-99999, '')
[2.5191056728363037] Updated in round 59! max:(0.975, 'C#Cc1ccccc1C#Cc1c(C#Cc2ccccc2)c2c#cc3ccccc3c#cc3ccccc3c#cc2c2c#cc3ccccc3c#cc3ccccc3c#cc12'), min:(-99999, '')
[2.5248677730560303] Updated in round 60! max:(0.975, 'C#Cc1ccccc1C#Cc1c(C#Cc2ccccc2)c2c#cc3ccccc3c#cc3ccccc3c#cc2c2c#cc3ccccc3c#cc3ccccc3c#cc12'), min:(-99999, '')
[2.531008005142212] Updated in round 61! max:(0.975, 'C#Cc1ccccc1C#Cc1c(C#Cc2ccccc2)c2c#cc3ccccc3c#cc3ccccc3c#cc2c2c#cc3ccccc3c#cc3ccccc3c#cc12'), min:(-99999, '')
[2.5370216369628906] Updated in round 62! max:(0.975, 'C#Cc1ccccc1C#Cc1c(C#Cc2ccccc2)c2c#cc3ccccc3c#cc3ccccc3c#cc2c2c#cc3ccccc3c#cc3ccccc3c#cc12'), min:(-99999, '')
[2.541398763656616] Updated in round 63! max:(0.975, 'C#Cc1ccccc1C#Cc1c(C#Cc2ccccc2)c2c#cc3ccccc3c#cc3ccccc3c#cc2c2c#cc3ccccc3c#cc3ccccc3c#cc12'), min:(-99999, '')
[2.5465469360351562] Updated in round 64! max:(0.975, 'C#Cc1ccccc1C#Cc1c(C#Cc2ccccc2)c2c#cc3ccccc3c#cc3ccccc3c#cc2c2c#cc3ccccc3c#cc3ccccc3c#cc12'), min:(-99999, '')
[2.552342653274536] Updated in round 65! max:(0.975, 'C#Cc1ccccc1C#Cc1c(C#Cc2ccccc2)c2c#cc3ccccc3c#cc3ccccc3c#cc2c2c#cc3ccccc3c#cc3ccccc3c#cc12'), min:(-99999, '')
[2.5578131675720215] Updated in round 66! max:(0.975, 'C#Cc1ccccc1C#Cc1c(C#Cc2ccccc2)c2c#cc3ccccc3c#cc3ccccc3c#cc2c2c#cc3ccccc3c#cc3ccccc3c#cc12'), min:(-99999, '')
[2.563457727432251] Updated in round 67! max:(0.975, 'C#Cc1ccccc1C#Cc1c(C#Cc2ccccc2)c2c#cc3ccccc3c#cc3ccccc3c#cc2c2c#cc3ccccc3c#cc3ccccc3c#cc12'), min:(-99999, '')
[2.5688204765319824] Updated in round 68! max:(0.975, 'C#Cc1ccccc1C#Cc1c(C#Cc2ccccc2)c2c#cc3ccccc3c#cc3ccccc3c#cc2c2c#cc3ccccc3c#cc3ccccc3c#cc12'), min:(-99999, '')
[2.5738236904144287] Updated in round 69! max:(0.975, 'C#Cc1ccccc1C#Cc1c(C#Cc2ccccc2)c2c#cc3ccccc3c#cc3ccccc3c#cc2c2c#cc3ccccc3c#cc3ccccc3c#cc12'), min:(-99999, '')
[2.5794050693511963] Updated in round 70! max:(0.975, 'C#Cc1ccccc1C#Cc1c(C#Cc2ccccc2)c2c#cc3ccccc3c#cc3ccccc3c#cc2c2c#cc3ccccc3c#cc3ccccc3c#cc12'), min:(-99999, '')
[2.5857460498809814] Updated in round 71! max:(0.975, 'C#Cc1ccccc1C#Cc1c(C#Cc2ccccc2)c2c#cc3ccccc3c#cc3ccccc3c#cc2c2c#cc3ccccc3c#cc3ccccc3c#cc12'), min:(-99999, '')
[2.591911554336548] Updated in round 72! max:(0.975, 'C#Cc1ccccc1C#Cc1c(C#Cc2ccccc2)c2c#cc3ccccc3c#cc3ccccc3c#cc2c2c#cc3ccccc3c#cc3ccccc3c#cc12'), min:(-99999, '')
[2.59684157371521] Updated in round 73! max:(0.975, 'C#Cc1ccccc1C#Cc1c(C#Cc2ccccc2)c2c#cc3ccccc3c#cc3ccccc3c#cc2c2c#cc3ccccc3c#cc3ccccc3c#cc12'), min:(-99999, '')
[2.6029555797576904] Updated in round 74! max:(0.975, 'C#Cc1ccccc1C#Cc1c(C#Cc2ccccc2)c2c#cc3ccccc3c#cc3ccccc3c#cc2c2c#cc3ccccc3c#cc3ccccc3c#cc12'), min:(-99999, '')
[2.607426404953003] Updated in round 75! max:(0.975, 'C#Cc1ccccc1C#Cc1c(C#Cc2ccccc2)c2c#cc3ccccc3c#cc3ccccc3c#cc2c2c#cc3ccccc3c#cc3ccccc3c#cc12'), min:(-99999, '')
[2.610656261444092] Reproduced in round 76!!
