[6.4849853515625e-05]Start running EvoMol from [H][H]...
[0.0016012191772460938] Updated in round 1! max:(0.1, 'c1ccccc1'), min:(-99999, '')
[0.0064907073974609375] Updated in round 2! max:(0.125, 'C#Cc1ccccc1'), min:(-99999, '')
[0.011062860488891602] Updated in round 3! max:(0.225, 'C(#Cc1ccccc1)c1ccccc1'), min:(-99999, '')
[0.020450592041015625] Updated in round 4! max:(0.225, 'C(#Cc1ccccc1)c1ccccc1'), min:(-99999, '')
[0.02271127700805664] Updated in round 5! max:(0.25, 'C#Cc1ccccc1C#Cc1ccccc1'), min:(-99999, '')
[0.033620357513427734] Updated in round 6! max:(0.275, 'C#Cc1cccc(C#Cc2ccccc2C#C)c1'), min:(-99999, '')
[0.04440712928771973] Updated in round 7! max:(0.375, 'C#Cc1ccccc1C#Cc1cccc(C#Cc2ccccc2)c1'), min:(-99999, '')
[0.06664133071899414] Updated in round 8! max:(0.4, 'C#Cc1ccccc1C#Cc1cccc(C#Cc2ccccc2)c1C#C'), min:(-99999, '')
[0.08928847312927246] Updated in round 9! max:(0.4, 'C#Cc1ccccc1C#Cc1cccc(C#Cc2ccccc2)c1C#C'), min:(-99999, '')
[0.09162545204162598] Updated in round 10! max:(0.425, 'C#Cc1c(C#Cc2ccccc2)cccc1C#Cc1ccccc1C#CC=C'), min:(-99999, '')
[0.12167024612426758] Updated in round 11! max:(0.425, 'C#Cc1c(C#Cc2ccccc2)cccc1C#Cc1ccccc1C#CC=C'), min:(-99999, '')
[0.12432050704956055] Updated in round 12! max:(0.45, 'C#Cc1c(C#Cc2ccccc2)cccc1C#Cc1ccccc1C#CC(=C)C=C'), min:(-99999, '')
[0.15916013717651367] Updated in round 13! max:(0.45, 'C#Cc1c(C#Cc2ccccc2)cccc1C#Cc1ccccc1C#CC(=C)C=C'), min:(-99999, '')
[0.16251587867736816] Updated in round 14! max:(0.55, 'C=CC(=C)C#Cc1ccccc1C#Cc1cccc(C#Cc2ccccc2)c1C#Cc1ccccc1'), min:(-99999, '')
[0.2240581512451172] Updated in round 15! max:(0.575, 'C=CC=CC(=C)C#Cc1ccccc1C#Cc1cccc(C#Cc2ccccc2)c1C#Cc1ccccc1'), min:(-99999, '')
[0.2982621192932129] Updated in round 16! max:(0.6, 'C(#Cc1ccccc1C#Cc1cccc(C#Cc2ccccc2)c1C#Cc1ccccc1)c1ccccc1'), min:(-99999, '')
[0.36574745178222656] Updated in round 17! max:(0.6, 'C(#Cc1ccccc1C#Cc1cccc(C#Cc2ccccc2)c1C#Cc1ccccc1)c1ccccc1'), min:(-99999, '')
[0.3682544231414795] Updated in round 18! max:(0.6, 'C(#Cc1ccccc1C#Cc1cccc(C#Cc2ccccc2)c1C#Cc1ccccc1)c1ccccc1'), min:(-99999, '')
[0.370711088180542] Updated in round 19! max:(0.6, 'C(#Cc1ccccc1C#Cc1cccc(C#Cc2ccccc2)c1C#Cc1ccccc1)c1ccccc1'), min:(-99999, '')
[0.37329626083374023] Updated in round 20! max:(0.6, 'C(#Cc1ccccc1C#Cc1cccc(C#Cc2ccccc2)c1C#Cc1ccccc1)c1ccccc1'), min:(-99999, '')
[0.3758063316345215] Updated in round 21! max:(0.6, 'C(#Cc1ccccc1C#Cc1cccc(C#Cc2ccccc2)c1C#Cc1ccccc1)c1ccccc1'), min:(-99999, '')
[0.37827324867248535] Updated in round 22! max:(0.6, 'C(#Cc1ccccc1C#Cc1cccc(C#Cc2ccccc2)c1C#Cc1ccccc1)c1ccccc1'), min:(-99999, '')
[0.38074636459350586] Updated in round 23! max:(0.6, 'C(#Cc1ccccc1C#Cc1cccc(C#Cc2ccccc2)c1C#Cc1ccccc1)c1ccccc1'), min:(-99999, '')
[0.384127140045166] Updated in round 24! max:(0.625, 'C#Cc1ccccc1C#Cc1ccccc1C#Cc1cccc(C#Cc2ccccc2)c1C#Cc1ccccc1'), min:(-99999, '')
[0.45381999015808105] Updated in round 25! max:(0.625, 'C#Cc1ccccc1C#Cc1ccccc1C#Cc1cccc(C#Cc2ccccc2)c1C#Cc1ccccc1'), min:(-99999, '')
[0.4565160274505615] Updated in round 26! max:(0.625, 'C#Cc1ccccc1C#Cc1ccccc1C#Cc1cccc(C#Cc2ccccc2)c1C#Cc1ccccc1'), min:(-99999, '')
[0.4591512680053711] Updated in round 27! max:(0.625, 'C#Cc1ccccc1C#Cc1ccccc1C#Cc1cccc(C#Cc2ccccc2)c1C#Cc1ccccc1'), min:(-99999, '')
[0.46191859245300293] Updated in round 28! max:(0.625, 'C#Cc1ccccc1C#Cc1ccccc1C#Cc1cccc(C#Cc2ccccc2)c1C#Cc1ccccc1'), min:(-99999, '')
[0.4649803638458252] Updated in round 29! max:(0.65, 'C#Cc1ccccc1C#Cc1ccccc1C#Cc1cccc(C#Cc2ccccc2C#C)c1C#Cc1ccccc1'), min:(-99999, '')
[0.5380218029022217] Updated in round 30! max:(0.65, 'C#Cc1ccccc1C#Cc1ccccc1C#Cc1cccc(C#Cc2ccccc2C#C)c1C#Cc1ccccc1'), min:(-99999, '')
[0.5411176681518555] Updated in round 31! max:(0.675, 'C#Cc1cc(C#Cc2ccccc2C#C)c(C#Cc2ccccc2)c(C#Cc2ccccc2C#Cc2ccccc2C#C)c1'), min:(-99999, '')
[0.6169955730438232] Updated in round 32! max:(0.675, 'C#Cc1cc(C#Cc2ccccc2C#C)c(C#Cc2ccccc2)c(C#Cc2ccccc2C#Cc2ccccc2C#C)c1'), min:(-99999, '')
[0.6199355125427246] Updated in round 33! max:(0.675, 'C#Cc1cc(C#Cc2ccccc2C#C)c(C#Cc2ccccc2)c(C#Cc2ccccc2C#Cc2ccccc2C#C)c1'), min:(-99999, '')
[0.6227438449859619] Updated in round 34! max:(0.675, 'C#Cc1cc(C#Cc2ccccc2C#C)c(C#Cc2ccccc2)c(C#Cc2ccccc2C#Cc2ccccc2C#C)c1'), min:(-99999, '')
[0.6256124973297119] Updated in round 35! max:(0.675, 'C#Cc1cc(C#Cc2ccccc2C#C)c(C#Cc2ccccc2)c(C#Cc2ccccc2C#Cc2ccccc2C#C)c1'), min:(-99999, '')
[0.6284072399139404] Updated in round 36! max:(0.675, 'C#Cc1cc(C#Cc2ccccc2C#C)c(C#Cc2ccccc2)c(C#Cc2ccccc2C#Cc2ccccc2C#C)c1'), min:(-99999, '')
[0.6317505836486816] Updated in round 37! max:(0.7, 'C#Cc1ccccc1C#Cc1cc(C#C)c2c(c1C#Cc1ccccc1)C#Cc1ccccc1C#Cc1ccccc1C#C2'), min:(-99999, '')
[0.7040436267852783] Updated in round 38! max:(0.7, 'C#Cc1ccccc1C#Cc1cc(C#C)c2c(c1C#Cc1ccccc1)C#Cc1ccccc1C#Cc1ccccc1C#C2'), min:(-99999, '')
[0.7071964740753174] Updated in round 39! max:(0.7, 'C#Cc1ccccc1C#Cc1cc(C#C)c2c(c1C#Cc1ccccc1)C#Cc1ccccc1C#Cc1ccccc1C#C2'), min:(-99999, '')
[0.7107987403869629] Updated in round 40! max:(0.8, 'C#Cc1ccccc1C#Cc1cc(C#Cc2ccccc2)c2c(c1C#Cc1ccccc1)C#Cc1ccccc1C#Cc1ccccc1C#C2'), min:(-99999, '')
[0.8221142292022705] Updated in round 41! max:(0.8, 'C#Cc1ccccc1C#Cc1cc(C#Cc2ccccc2)c2c(c1C#Cc1ccccc1)C#Cc1ccccc1C#Cc1ccccc1C#C2'), min:(-99999, '')
[0.8256738185882568] Updated in round 42! max:(0.8, 'C#Cc1ccccc1C#Cc1cc(C#Cc2ccccc2)c2c(c1C#Cc1ccccc1)C#Cc1ccccc1C#Cc1ccccc1C#C2'), min:(-99999, '')
[0.8292942047119141] Updated in round 43! max:(0.8, 'C#Cc1ccccc1C#Cc1cc(C#Cc2ccccc2)c2c(c1C#Cc1ccccc1)C#Cc1ccccc1C#Cc1ccccc1C#C2'), min:(-99999, '')
[0.832876443862915] Updated in round 44! max:(0.8, 'C#Cc1ccccc1C#Cc1cc(C#Cc2ccccc2)c2c(c1C#Cc1ccccc1)C#Cc1ccccc1C#Cc1ccccc1C#C2'), min:(-99999, '')
[0.8363263607025146] Updated in round 45! max:(0.8, 'C#Cc1ccccc1C#Cc1cc(C#Cc2ccccc2)c2c(c1C#Cc1ccccc1)C#Cc1ccccc1C#Cc1ccccc1C#C2'), min:(-99999, '')
[0.8399546146392822] Updated in round 46! max:(0.8, 'C#Cc1ccccc1C#Cc1cc(C#Cc2ccccc2)c2c(c1C#Cc1ccccc1)C#Cc1ccccc1C#Cc1ccccc1C#C2'), min:(-99999, '')
[0.8435330390930176] Updated in round 47! max:(0.8, 'C#Cc1ccccc1C#Cc1cc(C#Cc2ccccc2)c2c(c1C#Cc1ccccc1)C#Cc1ccccc1C#Cc1ccccc1C#C2'), min:(-99999, '')
[0.8469700813293457] Updated in round 48! max:(0.8, 'C#Cc1ccccc1C#Cc1cc(C#Cc2ccccc2)c2c(c1C#Cc1ccccc1)C#Cc1ccccc1C#Cc1ccccc1C#C2'), min:(-99999, '')
[0.8504648208618164] Updated in round 49! max:(0.8, 'C#Cc1ccccc1C#Cc1cc(C#Cc2ccccc2)c2c(c1C#Cc1ccccc1)C#Cc1ccccc1C#Cc1ccccc1C#C2'), min:(-99999, '')
[0.853961706161499] Updated in round 50! max:(0.8, 'C#Cc1ccccc1C#Cc1cc(C#Cc2ccccc2)c2c(c1C#Cc1ccccc1)C#Cc1ccccc1C#Cc1ccccc1C#C2'), min:(-99999, '')
[0.8574256896972656] Updated in round 51! max:(0.8, 'C#Cc1ccccc1C#Cc1cc(C#Cc2ccccc2)c2c(c1C#Cc1ccccc1)C#Cc1ccccc1C#Cc1ccccc1C#C2'), min:(-99999, '')
[0.8608369827270508] Updated in round 52! max:(0.8, 'C#Cc1ccccc1C#Cc1cc(C#Cc2ccccc2)c2c(c1C#Cc1ccccc1)C#Cc1ccccc1C#Cc1ccccc1C#C2'), min:(-99999, '')
[0.8646507263183594] Updated in round 53! max:(0.825, 'C#Cc1ccccc1C#Cc1cc(C#Cc2ccccc2C#C)c2c(c1C#Cc1ccccc1)C#Cc1ccccc1C#Cc1ccccc1C#C2'), min:(-99999, '')
[0.9793186187744141] Updated in round 54! max:(0.825, 'C#Cc1ccccc1C#Cc1cc(C#Cc2ccccc2C#C)c2c(c1C#Cc1ccccc1)C#Cc1ccccc1C#Cc1ccccc1C#C2'), min:(-99999, '')
[0.9829132556915283] Updated in round 55! max:(0.825, 'C#Cc1ccccc1C#Cc1cc(C#Cc2ccccc2C#C)c2c(c1C#Cc1ccccc1)C#Cc1ccccc1C#Cc1ccccc1C#C2'), min:(-99999, '')
[0.9865243434906006] Updated in round 56! max:(0.825, 'C#Cc1ccccc1C#Cc1cc(C#Cc2ccccc2C#C)c2c(c1C#Cc1ccccc1)C#Cc1ccccc1C#Cc1ccccc1C#C2'), min:(-99999, '')
[0.9900896549224854] Updated in round 57! max:(0.825, 'C#Cc1ccccc1C#Cc1cc(C#Cc2ccccc2C#C)c2c(c1C#Cc1ccccc1)C#Cc1ccccc1C#Cc1ccccc1C#C2'), min:(-99999, '')
[0.993598461151123] Updated in round 58! max:(0.825, 'C#Cc1ccccc1C#Cc1cc(C#Cc2ccccc2C#C)c2c(c1C#Cc1ccccc1)C#Cc1ccccc1C#Cc1ccccc1C#C2'), min:(-99999, '')
[0.9972133636474609] Updated in round 59! max:(0.825, 'C#Cc1ccccc1C#Cc1cc(C#Cc2ccccc2C#C)c2c(c1C#Cc1ccccc1)C#Cc1ccccc1C#Cc1ccccc1C#C2'), min:(-99999, '')
[1.0007715225219727] Updated in round 60! max:(0.825, 'C#Cc1ccccc1C#Cc1cc(C#Cc2ccccc2C#C)c2c(c1C#Cc1ccccc1)C#Cc1ccccc1C#Cc1ccccc1C#C2'), min:(-99999, '')
[1.0042273998260498] Updated in round 61! max:(0.825, 'C#Cc1ccccc1C#Cc1cc(C#Cc2ccccc2C#C)c2c(c1C#Cc1ccccc1)C#Cc1ccccc1C#Cc1ccccc1C#C2'), min:(-99999, '')
[1.0083236694335938] Updated in round 62! max:(0.85, 'C#Cc1ccccc1C#Cc1cc2c#cc3ccccc3c#cc3ccccc3c#cc2c2c#cc3ccccc3c#cc3ccccc3c#cc12'), min:(-99999, '')
[1.1198279857635498] Updated in round 63! max:(0.875, 'C=CC#Cc1ccccc1C#Cc1cc2c#cc3ccccc3c#cc3ccccc3c#cc2c2c#cc3ccccc3c#cc3ccccc3c#cc12'), min:(-99999, '')
[1.2589914798736572] Updated in round 64! max:(0.875, 'C=CC#Cc1ccccc1C#Cc1cc2c#cc3ccccc3c#cc3ccccc3c#cc2c2c#cc3ccccc3c#cc3ccccc3c#cc12'), min:(-99999, '')
[1.2638154029846191] Updated in round 65! max:(0.875, 'C=CC#Cc1ccccc1C#Cc1cc2c#cc3ccccc3c#cc3ccccc3c#cc2c2c#cc3ccccc3c#cc3ccccc3c#cc12'), min:(-99999, '')
[1.2684595584869385] Updated in round 66! max:(0.875, 'C=CC#Cc1ccccc1C#Cc1cc2c#cc3ccccc3c#cc3ccccc3c#cc2c2c#cc3ccccc3c#cc3ccccc3c#cc12'), min:(-99999, '')
[1.273271083831787] Updated in round 67! max:(0.875, 'C=CC#Cc1ccccc1C#Cc1cc2c#cc3ccccc3c#cc3ccccc3c#cc2c2c#cc3ccccc3c#cc3ccccc3c#cc12'), min:(-99999, '')
[1.2778635025024414] Updated in round 68! max:(0.875, 'C=CC#Cc1ccccc1C#Cc1cc2c#cc3ccccc3c#cc3ccccc3c#cc2c2c#cc3ccccc3c#cc3ccccc3c#cc12'), min:(-99999, '')
[1.282531976699829] Updated in round 69! max:(0.875, 'C=CC#Cc1ccccc1C#Cc1cc2c#cc3ccccc3c#cc3ccccc3c#cc2c2c#cc3ccccc3c#cc3ccccc3c#cc12'), min:(-99999, '')
[1.2873551845550537] Updated in round 70! max:(0.875, 'C=CC#Cc1ccccc1C#Cc1cc2c#cc3ccccc3c#cc3ccccc3c#cc2c2c#cc3ccccc3c#cc3ccccc3c#cc12'), min:(-99999, '')
[1.2920641899108887] Updated in round 71! max:(0.875, 'C=CC#Cc1ccccc1C#Cc1cc2c#cc3ccccc3c#cc3ccccc3c#cc2c2c#cc3ccccc3c#cc3ccccc3c#cc12'), min:(-99999, '')
[1.297131061553955] Updated in round 72! max:(0.875, 'C=CC#Cc1ccccc1C#Cc1cc2c#cc3ccccc3c#cc3ccccc3c#cc2c2c#cc3ccccc3c#cc3ccccc3c#cc12'), min:(-99999, '')
[1.3018357753753662] Updated in round 73! max:(0.875, 'C=CC#Cc1ccccc1C#Cc1cc2c#cc3ccccc3c#cc3ccccc3c#cc2c2c#cc3ccccc3c#cc3ccccc3c#cc12'), min:(-99999, '')
[1.306591272354126] Updated in round 74! max:(0.875, 'C=CC#Cc1ccccc1C#Cc1cc2c#cc3ccccc3c#cc3ccccc3c#cc2c2c#cc3ccccc3c#cc3ccccc3c#cc12'), min:(-99999, '')
[1.3111188411712646] Updated in round 75! max:(0.875, 'C=CC#Cc1ccccc1C#Cc1cc2c#cc3ccccc3c#cc3ccccc3c#cc2c2c#cc3ccccc3c#cc3ccccc3c#cc12'), min:(-99999, '')
[1.3158783912658691] Updated in round 76! max:(0.875, 'C=CC#Cc1ccccc1C#Cc1cc2c#cc3ccccc3c#cc3ccccc3c#cc2c2c#cc3ccccc3c#cc3ccccc3c#cc12'), min:(-99999, '')
[1.321089267730713] Updated in round 77! max:(0.9, 'C#Cc1c(C#Cc2ccccc2C#CC=C)c2c#cc3ccccc3c#cc3ccccc3c#cc2c2c#cc3ccccc3c#cc3ccccc3c#cc12'), min:(-99999, '')
[1.463895320892334] Updated in round 78! max:(0.9, 'C#Cc1c(C#Cc2ccccc2C#CC=C)c2c#cc3ccccc3c#cc3ccccc3c#cc2c2c#cc3ccccc3c#cc3ccccc3c#cc12'), min:(-99999, '')
[1.485917091369629] Updated in round 79! max:(0.9, 'C#Cc1c(C#Cc2ccccc2C#CC=C)c2c#cc3ccccc3c#cc3ccccc3c#cc2c2c#cc3ccccc3c#cc3ccccc3c#cc12'), min:(-99999, '')
[1.491227388381958] Updated in round 80! max:(0.9, 'C#Cc1c(C#Cc2ccccc2C#CC=C)c2c#cc3ccccc3c#cc3ccccc3c#cc2c2c#cc3ccccc3c#cc3ccccc3c#cc12'), min:(-99999, '')
[1.4963996410369873] Updated in round 81! max:(0.925, 'c1ccc#cc2c(c#cc3ccccc3c#1)c1c#cc3ccccc3c#cc3ccccc3c#cc1c1c#cc3ccccc3c#cc3ccccc3c#cc21'), min:(-99999, '')
[1.6311016082763672] Updated in round 82! max:(0.925, 'c1ccc#cc2c(c#cc3ccccc3c#1)c1c#cc3ccccc3c#cc3ccccc3c#cc1c1c#cc3ccccc3c#cc3ccccc3c#cc21'), min:(-99999, '')
[1.636138677597046] Updated in round 83! max:(0.925, 'c1ccc#cc2c(c#cc3ccccc3c#1)c1c#cc3ccccc3c#cc3ccccc3c#cc1c1c#cc3ccccc3c#cc3ccccc3c#cc21'), min:(-99999, '')
[1.641451120376587] Updated in round 84! max:(0.925, 'c1ccc#cc2c(c#cc3ccccc3c#1)c1c#cc3ccccc3c#cc3ccccc3c#cc1c1c#cc3ccccc3c#cc3ccccc3c#cc21'), min:(-99999, '')
[1.6465404033660889] Updated in round 85! max:(0.925, 'c1ccc#cc2c(c#cc3ccccc3c#1)c1c#cc3ccccc3c#cc3ccccc3c#cc1c1c#cc3ccccc3c#cc3ccccc3c#cc21'), min:(-99999, '')
[1.6516821384429932] Updated in round 86! max:(0.925, 'c1ccc#cc2c(c#cc3ccccc3c#1)c1c#cc3ccccc3c#cc3ccccc3c#cc1c1c#cc3ccccc3c#cc3ccccc3c#cc21'), min:(-99999, '')
[1.656886339187622] Updated in round 87! max:(0.925, 'c1ccc#cc2c(c#cc3ccccc3c#1)c1c#cc3ccccc3c#cc3ccccc3c#cc1c1c#cc3ccccc3c#cc3ccccc3c#cc21'), min:(-99999, '')
[1.6617615222930908] Updated in round 88! max:(0.925, 'c1ccc#cc2c(c#cc3ccccc3c#1)c1c#cc3ccccc3c#cc3ccccc3c#cc1c1c#cc3ccccc3c#cc3ccccc3c#cc21'), min:(-99999, '')
[1.6666746139526367] Updated in round 89! max:(0.925, 'c1ccc#cc2c(c#cc3ccccc3c#1)c1c#cc3ccccc3c#cc3ccccc3c#cc1c1c#cc3ccccc3c#cc3ccccc3c#cc21'), min:(-99999, '')
[1.6717755794525146] Updated in round 90! max:(0.925, 'c1ccc#cc2c(c#cc3ccccc3c#1)c1c#cc3ccccc3c#cc3ccccc3c#cc1c1c#cc3ccccc3c#cc3ccccc3c#cc21'), min:(-99999, '')
[1.6768698692321777] Updated in round 91! max:(0.925, 'c1ccc#cc2c(c#cc3ccccc3c#1)c1c#cc3ccccc3c#cc3ccccc3c#cc1c1c#cc3ccccc3c#cc3ccccc3c#cc21'), min:(-99999, '')
[1.6820807456970215] Updated in round 92! max:(0.95, 'C=Cc1c#cc2ccccc2c#cc2c(c#cc1)c1c#cc3ccccc3c#cc3ccccc3c#cc1c1c#cc3ccccc3c#cc3ccccc3c#cc21'), min:(-99999, '')
[1.8479394912719727] Updated in round 93! max:(0.95, 'C=Cc1c#cc2ccccc2c#cc2c(c#cc1)c1c#cc3ccccc3c#cc3ccccc3c#cc1c1c#cc3ccccc3c#cc3ccccc3c#cc21'), min:(-99999, '')
[1.8534438610076904] Updated in round 94! max:(0.95, 'C=Cc1c#cc2ccccc2c#cc2c(c#cc1)c1c#cc3ccccc3c#cc3ccccc3c#cc1c1c#cc3ccccc3c#cc3ccccc3c#cc21'), min:(-99999, '')
[1.858799934387207] Updated in round 95! max:(0.95, 'C=Cc1c#cc2ccccc2c#cc2c(c#cc1)c1c#cc3ccccc3c#cc3ccccc3c#cc1c1c#cc3ccccc3c#cc3ccccc3c#cc21'), min:(-99999, '')
[1.864100456237793] Updated in round 96! max:(0.95, 'C=Cc1c#cc2ccccc2c#cc2c(c#cc1)c1c#cc3ccccc3c#cc3ccccc3c#cc1c1c#cc3ccccc3c#cc3ccccc3c#cc21'), min:(-99999, '')
[1.8698945045471191] Updated in round 97! max:(0.975, 'C=CC=Cc1c#cc2ccccc2c#cc2c(c#cc1)c1c#cc3ccccc3c#cc3ccccc3c#cc1c1c#cc3ccccc3c#cc3ccccc3c#cc21'), min:(-99999, '')
[2.0640676021575928] Updated in round 98! max:(0.975, 'C=CC=Cc1c#cc2ccccc2c#cc2c(c#cc1)c1c#cc3ccccc3c#cc3ccccc3c#cc1c1c#cc3ccccc3c#cc3ccccc3c#cc21'), min:(-99999, '')
[2.0695066452026367] Updated in round 99! max:(0.975, 'C=CC=Cc1c#cc2ccccc2c#cc2c(c#cc1)c1c#cc3ccccc3c#cc3ccccc3c#cc1c1c#cc3ccccc3c#cc3ccccc3c#cc21'), min:(-99999, '')
[2.0747485160827637] Updated in round 100! max:(0.975, 'C=CC=Cc1c#cc2ccccc2c#cc2c(c#cc1)c1c#cc3ccccc3c#cc3ccccc3c#cc1c1c#cc3ccccc3c#cc3ccccc3c#cc21'), min:(-99999, '')
[2.1391375064849854] Reproduced in round 101!!
