[7.009506225585938e-05]Start running EvoMol from [H][H]...
[0.0015323162078857422] Updated in round 1! max:(0.1, 'c1ccccc1'), min:(-99999, '')
[0.006500720977783203] Updated in round 2! max:(0.125, 'C#Cc1ccccc1'), min:(-99999, '')
[0.01050567626953125] Updated in round 3! max:(0.15, 'C=CC#Cc1ccccc1'), min:(-99999, '')
[0.01644134521484375] Updated in round 4! max:(0.175, 'C=CC=CC#Cc1ccccc1'), min:(-99999, '')
[0.024387359619140625] Updated in round 5! max:(0.2, 'C#Cc1cccc(C#CC=CC=C)c1'), min:(-99999, '')
[0.0320277214050293] Updated in round 6! max:(0.2, 'C#Cc1cccc(C#CC=CC=C)c1'), min:(-99999, '')
[0.03396272659301758] Updated in round 7! max:(0.225, 'C#Cc1cccc(C#CC(C=C)=CC=C)c1'), min:(-99999, '')
[0.0435025691986084] Updated in round 8! max:(0.225, 'C#Cc1cccc(C#CC(C=C)=CC=C)c1'), min:(-99999, '')
[0.04488229751586914] Updated in round 9! max:(0.225, 'C#Cc1cccc(C#CC(C=C)=CC=C)c1'), min:(-99999, '')
[0.04749250411987305] Updated in round 10! max:(0.25, 'C#Cc1cccc(C#Cc2ccccc2)c1'), min:(-99999, '')
[0.05777573585510254] Updated in round 11! max:(0.25, 'C#Cc1cccc(C#Cc2ccccc2)c1'), min:(-99999, '')
[0.06006169319152832] Updated in round 12! max:(0.275, 'C#Cc1cccc(C#Cc2ccccc2C#C)c1'), min:(-99999, '')
[0.07114696502685547] Updated in round 13! max:(0.375, 'C#Cc1ccccc1C#Cc1cccc(C#Cc2ccccc2)c1'), min:(-99999, '')
[0.09383225440979004] Updated in round 14! max:(0.4, 'C#Cc1ccccc1C#Cc1ccc(C#C)c(C#Cc2ccccc2)c1'), min:(-99999, '')
[0.11734700202941895] Updated in round 15! max:(0.4, 'C#Cc1ccccc1C#Cc1ccc(C#C)c(C#Cc2ccccc2)c1'), min:(-99999, '')
[0.11919760704040527] Updated in round 16! max:(0.4, 'C#Cc1ccccc1C#Cc1ccc(C#C)c(C#Cc2ccccc2)c1'), min:(-99999, '')
[0.12146997451782227] Updated in round 17! max:(0.425, 'C#Cc1ccccc1C#Cc1ccc(C#C)c(C#Cc2ccccc2C#C)c1'), min:(-99999, '')
[0.1459043025970459] Updated in round 18! max:(0.425, 'C#Cc1ccccc1C#Cc1ccc(C#C)c(C#Cc2ccccc2C#C)c1'), min:(-99999, '')
[0.14865541458129883] Updated in round 19! max:(0.45, 'C#Cc1ccccc1C#Cc1ccc(C#C)c(C#Cc2ccccc2C#C)c1C#C'), min:(-99999, '')
[0.17413020133972168] Updated in round 20! max:(0.475, 'C#Cc1ccccc1C#Cc1ccc(C#C)c(C#Cc2ccccc2C#CC=C)c1C#C'), min:(-99999, '')
[0.20720195770263672] Updated in round 21! max:(0.475, 'C#Cc1ccccc1C#Cc1ccc(C#C)c(C#Cc2ccccc2C#CC=C)c1C#C'), min:(-99999, '')
[0.21007180213928223] Updated in round 22! max:(0.5, 'C#Cc1ccccc1C#Cc1cc(C#C)c(C#C)c(C#Cc2ccccc2C#CC=C)c1C#C'), min:(-99999, '')
[0.24553775787353516] Updated in round 23! max:(0.6, 'C#Cc1ccccc1C#Cc1cc(C#C)c(C#C)c(C#Cc2ccccc2C#CC=C)c1C#Cc1ccccc1'), min:(-99999, '')
[0.30530309677124023] Updated in round 24! max:(0.6, 'C#Cc1ccccc1C#Cc1cc(C#C)c(C#C)c(C#Cc2ccccc2C#CC=C)c1C#Cc1ccccc1'), min:(-99999, '')
[0.30855727195739746] Updated in round 25! max:(0.625, 'C#Cc1ccccc1C#Cc1cc(C#C)c(C#CC=C)c(C#Cc2ccccc2C#CC=C)c1C#Cc1ccccc1'), min:(-99999, '')
[0.37694549560546875] Updated in round 26! max:(0.625, 'C#Cc1ccccc1C#Cc1cc(C#C)c(C#CC=C)c(C#Cc2ccccc2C#CC=C)c1C#Cc1ccccc1'), min:(-99999, '')
[0.379941463470459] Updated in round 27! max:(0.625, 'C#Cc1ccccc1C#Cc1cc(C#C)c(C#CC=C)c(C#Cc2ccccc2C#CC=C)c1C#Cc1ccccc1'), min:(-99999, '')
[0.38304829597473145] Updated in round 28! max:(0.625, 'C#Cc1ccccc1C#Cc1cc(C#C)c(C#CC=C)c(C#Cc2ccccc2C#CC=C)c1C#Cc1ccccc1'), min:(-99999, '')
[0.3860599994659424] Updated in round 29! max:(0.625, 'C#Cc1ccccc1C#Cc1cc(C#C)c(C#CC=C)c(C#Cc2ccccc2C#CC=C)c1C#Cc1ccccc1'), min:(-99999, '')
[0.38960814476013184] Updated in round 30! max:(0.65, 'C#Cc1ccccc1C#Cc1c(C#C)c(C#C)c(C#CC=C)c(C#Cc2ccccc2C#CC=C)c1C#Cc1ccccc1'), min:(-99999, '')
[0.4615039825439453] Updated in round 31! max:(0.65, 'C#Cc1ccccc1C#Cc1c(C#C)c(C#C)c(C#CC=C)c(C#Cc2ccccc2C#CC=C)c1C#Cc1ccccc1'), min:(-99999, '')
[0.4651796817779541] Updated in round 32! max:(0.675, 'C#Cc1ccccc1C#Cc1c(C#C)c(C#C)c(C#CC=CC=C)c(C#Cc2ccccc2C#CC=C)c1C#Cc1ccccc1'), min:(-99999, '')
[0.5517027378082275] Updated in round 33! max:(0.675, 'C#Cc1ccccc1C#Cc1c(C#C)c(C#C)c(C#CC=CC=C)c(C#Cc2ccccc2C#CC=C)c1C#Cc1ccccc1'), min:(-99999, '')
[0.5548396110534668] Updated in round 34! max:(0.675, 'C#Cc1ccccc1C#Cc1c(C#C)c(C#C)c(C#CC=CC=C)c(C#Cc2ccccc2C#CC=C)c1C#Cc1ccccc1'), min:(-99999, '')
[0.5585534572601318] Updated in round 35! max:(0.7, 'C#Cc1ccccc1C#Cc1c(C#C)c(C#CC=C)c(C#CC=CC=C)c(C#Cc2ccccc2C#CC=C)c1C#Cc1ccccc1'), min:(-99999, '')
[0.6546611785888672] Updated in round 36! max:(0.7, 'C#Cc1ccccc1C#Cc1c(C#C)c(C#CC=C)c(C#CC=CC=C)c(C#Cc2ccccc2C#CC=C)c1C#Cc1ccccc1'), min:(-99999, '')
[0.6586177349090576] Updated in round 37! max:(0.725, 'C#Cc1ccccc1C#Cc1c(C#C)c(C#CC=C)c2c(c1C#Cc1ccccc1)C#Cc1ccccc1C#CC=CC=CC=CC#C2'), min:(-99999, '')
[0.7637588977813721] Updated in round 38! max:(0.725, 'C#Cc1ccccc1C#Cc1c(C#C)c(C#CC=C)c2c(c1C#Cc1ccccc1)C#Cc1ccccc1C#CC=CC=CC=CC#C2'), min:(-99999, '')
[0.7673118114471436] Updated in round 39! max:(0.725, 'C#Cc1ccccc1C#Cc1c(C#C)c(C#CC=C)c2c(c1C#Cc1ccccc1)C#Cc1ccccc1C#CC=CC=CC=CC#C2'), min:(-99999, '')
[0.7708086967468262] Updated in round 40! max:(0.725, 'C#Cc1ccccc1C#Cc1c(C#C)c(C#CC=C)c2c(c1C#Cc1ccccc1)C#Cc1ccccc1C#CC=CC=CC=CC#C2'), min:(-99999, '')
[0.7743120193481445] Updated in round 41! max:(0.725, 'C#Cc1ccccc1C#Cc1c(C#C)c(C#CC=C)c2c(c1C#Cc1ccccc1)C#Cc1ccccc1C#CC=CC=CC=CC#C2'), min:(-99999, '')
[0.7778763771057129] Updated in round 42! max:(0.725, 'C#Cc1ccccc1C#Cc1c(C#C)c(C#CC=C)c2c(c1C#Cc1ccccc1)C#Cc1ccccc1C#CC=CC=CC=CC#C2'), min:(-99999, '')
[0.7814838886260986] Updated in round 43! max:(0.725, 'C#Cc1ccccc1C#Cc1c(C#C)c(C#CC=C)c2c(c1C#Cc1ccccc1)C#Cc1ccccc1C#CC=CC=CC=CC#C2'), min:(-99999, '')
[0.7849106788635254] Updated in round 44! max:(0.725, 'C#Cc1ccccc1C#Cc1c(C#C)c(C#CC=C)c2c(c1C#Cc1ccccc1)C#Cc1ccccc1C#CC=CC=CC=CC#C2'), min:(-99999, '')
[0.7885024547576904] Updated in round 45! max:(0.725, 'C#Cc1ccccc1C#Cc1c(C#C)c(C#CC=C)c2c(c1C#Cc1ccccc1)C#Cc1ccccc1C#CC=CC=CC=CC#C2'), min:(-99999, '')
[0.7925055027008057] Updated in round 46! max:(0.75, 'C#Cc1ccccc1C#Cc1c(C#C)c(C#CC=CC=C)c2c(c1C#Cc1ccccc1)C#Cc1ccccc1C#CC=CC=CC=CC#C2'), min:(-99999, '')
[0.9166727066040039] Updated in round 47! max:(0.775, 'C#Cc1ccccc1C#Cc1c(C#C)c(C#CC=CC=CC=C)c2c(c1C#Cc1ccccc1)C#Cc1ccccc1C#CC=CC=CC=CC#C2'), min:(-99999, '')
[1.062490463256836] Updated in round 48! max:(0.8, 'C#CC(C=CC=C)=CC#Cc1c(C#C)c(C#Cc2ccccc2C#C)c(C#Cc2ccccc2)c2c1C#CC=CC=CC=CC#Cc1ccccc1C#C2'), min:(-99999, '')
[1.21270751953125] Updated in round 49! max:(0.825, 'C#Cc1ccccc1C#Cc1c(C#C)c(C#CC=C(C#CC=C)C=CC=C)c2c(c1C#Cc1ccccc1)C#Cc1ccccc1C#CC=CC=CC=CC#C2'), min:(-99999, '')
[1.3754680156707764] Updated in round 50! max:(0.85, 'C#Cc1c(C#CC=C(C#CC=C)C=CC=C)c2c#cccccccc#cc3ccccc3c#cc2c2c#cc3ccccc3c#cc3ccccc3c#cc12'), min:(-99999, '')
[1.5353972911834717] Updated in round 51! max:(0.85, 'C#Cc1c(C#CC=C(C#CC=C)C=CC=C)c2c#cccccccc#cc3ccccc3c#cc2c2c#cc3ccccc3c#cc3ccccc3c#cc12'), min:(-99999, '')
[1.5399627685546875] Updated in round 52! max:(0.85, 'C#Cc1c(C#CC=C(C#CC=C)C=CC=C)c2c#cccccccc#cc3ccccc3c#cc2c2c#cc3ccccc3c#cc3ccccc3c#cc12'), min:(-99999, '')
[1.5444746017456055] Updated in round 53! max:(0.85, 'C#Cc1c(C#CC=C(C#CC=C)C=CC=C)c2c#cccccccc#cc3ccccc3c#cc2c2c#cc3ccccc3c#cc3ccccc3c#cc12'), min:(-99999, '')
[1.5488555431365967] Updated in round 54! max:(0.85, 'C#Cc1c(C#CC=C(C#CC=C)C=CC=C)c2c#cccccccc#cc3ccccc3c#cc2c2c#cc3ccccc3c#cc3ccccc3c#cc12'), min:(-99999, '')
[1.5531418323516846] Updated in round 55! max:(0.85, 'C#Cc1c(C#CC=C(C#CC=C)C=CC=C)c2c#cccccccc#cc3ccccc3c#cc2c2c#cc3ccccc3c#cc3ccccc3c#cc12'), min:(-99999, '')
[1.5574672222137451] Updated in round 56! max:(0.85, 'C#Cc1c(C#CC=C(C#CC=C)C=CC=C)c2c#cccccccc#cc3ccccc3c#cc2c2c#cc3ccccc3c#cc3ccccc3c#cc12'), min:(-99999, '')
[1.5618259906768799] Updated in round 57! max:(0.85, 'C#Cc1c(C#CC=C(C#CC=C)C=CC=C)c2c#cccccccc#cc3ccccc3c#cc2c2c#cc3ccccc3c#cc3ccccc3c#cc12'), min:(-99999, '')
[1.5660598278045654] Updated in round 58! max:(0.85, 'C#Cc1c(C#CC=C(C#CC=C)C=CC=C)c2c#cccccccc#cc3ccccc3c#cc2c2c#cc3ccccc3c#cc3ccccc3c#cc12'), min:(-99999, '')
[1.570981502532959] Updated in round 59! max:(0.875, 'C#Cc1c(C#CC=C(C#CC=C)C=CC=C)c2c#cc3ccccc3c#cc3ccccc3c#cc2c2c#cc3ccccc3c#cc3ccccc3c#cc12'), min:(-99999, '')
[1.7161927223205566] Updated in round 60! max:(0.875, 'C#Cc1c(C#CC=C(C#CC=C)C=CC=C)c2c#cc3ccccc3c#cc3ccccc3c#cc2c2c#cc3ccccc3c#cc3ccccc3c#cc12'), min:(-99999, '')
[1.7209155559539795] Updated in round 61! max:(0.875, 'C#Cc1c(C#CC=C(C#CC=C)C=CC=C)c2c#cc3ccccc3c#cc3ccccc3c#cc2c2c#cc3ccccc3c#cc3ccccc3c#cc12'), min:(-99999, '')
[1.7253663539886475] Updated in round 62! max:(0.875, 'C#Cc1c(C#CC=C(C#CC=C)C=CC=C)c2c#cc3ccccc3c#cc3ccccc3c#cc2c2c#cc3ccccc3c#cc3ccccc3c#cc12'), min:(-99999, '')
[1.7299880981445312] Updated in round 63! max:(0.875, 'C#Cc1c(C#CC=C(C#CC=C)C=CC=C)c2c#cc3ccccc3c#cc3ccccc3c#cc2c2c#cc3ccccc3c#cc3ccccc3c#cc12'), min:(-99999, '')
[1.734417200088501] Updated in round 64! max:(0.875, 'C#Cc1c(C#CC=C(C#CC=C)C=CC=C)c2c#cc3ccccc3c#cc3ccccc3c#cc2c2c#cc3ccccc3c#cc3ccccc3c#cc12'), min:(-99999, '')
[1.7388226985931396] Updated in round 65! max:(0.875, 'C#Cc1c(C#CC=C(C#CC=C)C=CC=C)c2c#cc3ccccc3c#cc3ccccc3c#cc2c2c#cc3ccccc3c#cc3ccccc3c#cc12'), min:(-99999, '')
[1.743194341659546] Updated in round 66! max:(0.875, 'C#Cc1c(C#CC=C(C#CC=C)C=CC=C)c2c#cc3ccccc3c#cc3ccccc3c#cc2c2c#cc3ccccc3c#cc3ccccc3c#cc12'), min:(-99999, '')
[1.747713327407837] Updated in round 67! max:(0.875, 'C#Cc1c(C#CC=C(C#CC=C)C=CC=C)c2c#cc3ccccc3c#cc3ccccc3c#cc2c2c#cc3ccccc3c#cc3ccccc3c#cc12'), min:(-99999, '')
[1.752182960510254] Updated in round 68! max:(0.875, 'C#Cc1c(C#CC=C(C#CC=C)C=CC=C)c2c#cc3ccccc3c#cc3ccccc3c#cc2c2c#cc3ccccc3c#cc3ccccc3c#cc12'), min:(-99999, '')
[1.7565233707427979] Updated in round 69! max:(0.875, 'C#Cc1c(C#CC=C(C#CC=C)C=CC=C)c2c#cc3ccccc3c#cc3ccccc3c#cc2c2c#cc3ccccc3c#cc3ccccc3c#cc12'), min:(-99999, '')
[1.7610158920288086] Updated in round 70! max:(0.875, 'C#Cc1c(C#CC=C(C#CC=C)C=CC=C)c2c#cc3ccccc3c#cc3ccccc3c#cc2c2c#cc3ccccc3c#cc3ccccc3c#cc12'), min:(-99999, '')
[1.7654623985290527] Updated in round 71! max:(0.875, 'C#Cc1c(C#CC=C(C#CC=C)C=CC=C)c2c#cc3ccccc3c#cc3ccccc3c#cc2c2c#cc3ccccc3c#cc3ccccc3c#cc12'), min:(-99999, '')
[1.7704720497131348] Updated in round 72! max:(0.9, 'C#Cc1c(C#Cc2ccccc2C#CC=C)c2c#cc3ccccc3c#cc3ccccc3c#cc2c2c#cc3ccccc3c#cc3ccccc3c#cc12'), min:(-99999, '')
[1.9140617847442627] Updated in round 73! max:(0.925, 'C=CC#Cc1ccccc1C#Cc1c(C#CC=C)c2c#cc3ccccc3c#cc3ccccc3c#cc2c2c#cc3ccccc3c#cc3ccccc3c#cc12'), min:(-99999, '')
[2.073093891143799] Updated in round 74! max:(0.95, 'C=c1c#cc2ccccc2c#cc2c(c#cc1=C)c1c#cc3ccccc3c#cc3ccccc3c#cc1c1c#cc3ccccc3c#cc3ccccc3c#cc21'), min:(-99999, '')
[2.2293789386749268] Updated in round 75! max:(0.95, 'C=c1c#cc2ccccc2c#cc2c(c#cc1=C)c1c#cc3ccccc3c#cc3ccccc3c#cc1c1c#cc3ccccc3c#cc3ccccc3c#cc21'), min:(-99999, '')
[2.2345733642578125] Updated in round 76! max:(0.95, 'C=c1c#cc2ccccc2c#cc2c(c#cc1=C)c1c#cc3ccccc3c#cc3ccccc3c#cc1c1c#cc3ccccc3c#cc3ccccc3c#cc21'), min:(-99999, '')
[2.2396037578582764] Updated in round 77! max:(0.95, 'C=c1c#cc2ccccc2c#cc2c(c#cc1=C)c1c#cc3ccccc3c#cc3ccccc3c#cc1c1c#cc3ccccc3c#cc3ccccc3c#cc21'), min:(-99999, '')
[2.2447705268859863] Updated in round 78! max:(0.95, 'C=c1c#cc2ccccc2c#cc2c(c#cc1=C)c1c#cc3ccccc3c#cc3ccccc3c#cc1c1c#cc3ccccc3c#cc3ccccc3c#cc21'), min:(-99999, '')
[2.249828338623047] Updated in round 79! max:(0.95, 'C=c1c#cc2ccccc2c#cc2c(c#cc1=C)c1c#cc3ccccc3c#cc3ccccc3c#cc1c1c#cc3ccccc3c#cc3ccccc3c#cc21'), min:(-99999, '')
[2.2548816204071045] Updated in round 80! max:(0.95, 'C=c1c#cc2ccccc2c#cc2c(c#cc1=C)c1c#cc3ccccc3c#cc3ccccc3c#cc1c1c#cc3ccccc3c#cc3ccccc3c#cc21'), min:(-99999, '')
[2.259991407394409] Updated in round 81! max:(0.95, 'C=c1c#cc2ccccc2c#cc2c(c#cc1=C)c1c#cc3ccccc3c#cc3ccccc3c#cc1c1c#cc3ccccc3c#cc3ccccc3c#cc21'), min:(-99999, '')
[2.2653090953826904] Updated in round 82! max:(0.95, 'C=c1c#cc2ccccc2c#cc2c(c#cc1=C)c1c#cc3ccccc3c#cc3ccccc3c#cc1c1c#cc3ccccc3c#cc3ccccc3c#cc21'), min:(-99999, '')
[2.270871877670288] Updated in round 83! max:(0.95, 'C=c1c#cc2ccccc2c#cc2c(c#cc1=C)c1c#cc3ccccc3c#cc3ccccc3c#cc1c1c#cc3ccccc3c#cc3ccccc3c#cc21'), min:(-99999, '')
[2.2761518955230713] Updated in round 84! max:(0.95, 'C=c1c#cc2ccccc2c#cc2c(c#cc1=C)c1c#cc3ccccc3c#cc3ccccc3c#cc1c1c#cc3ccccc3c#cc3ccccc3c#cc21'), min:(-99999, '')
[2.2814619541168213] Updated in round 85! max:(0.95, 'C=c1c#cc2ccccc2c#cc2c(c#cc1=C)c1c#cc3ccccc3c#cc3ccccc3c#cc1c1c#cc3ccccc3c#cc3ccccc3c#cc21'), min:(-99999, '')
[2.2871744632720947] Updated in round 86! max:(0.975, 'C=CC=c1c#cc2ccccc2c#cc2c(c#cc1=C)c1c#cc3ccccc3c#cc3ccccc3c#cc1c1c#cc3ccccc3c#cc3ccccc3c#cc21'), min:(-99999, '')
[2.469433307647705] Updated in round 87! max:(0.975, 'C=CC=c1c#cc2ccccc2c#cc2c(c#cc1=C)c1c#cc3ccccc3c#cc3ccccc3c#cc1c1c#cc3ccccc3c#cc3ccccc3c#cc21'), min:(-99999, '')
[2.474912166595459] Updated in round 88! max:(0.975, 'C=CC=c1c#cc2ccccc2c#cc2c(c#cc1=C)c1c#cc3ccccc3c#cc3ccccc3c#cc1c1c#cc3ccccc3c#cc3ccccc3c#cc21'), min:(-99999, '')
[2.4801604747772217] Updated in round 89! max:(0.975, 'C=CC=c1c#cc2ccccc2c#cc2c(c#cc1=C)c1c#cc3ccccc3c#cc3ccccc3c#cc1c1c#cc3ccccc3c#cc3ccccc3c#cc21'), min:(-99999, '')
[2.48340106010437] Reproduced in round 90!!
