[0.00011110305786132812]Start running EvoMol from [H][H]...
[0.0007493495941162109] Updated in round 1! max:(0.01639344262295082, 'C=C'), min:(-99999, '')
[0.0015935897827148438] Updated in round 2! max:(0.03278688524590164, 'C=CC=C'), min:(-99999, '')
[0.0036399364471435547] Updated in round 3! max:(0.04918032786885246, 'C=CC=CC=C'), min:(-99999, '')
[0.006799936294555664] Updated in round 4! max:(0.06557377049180328, 'c1ccccc1'), min:(-99999, '')
[0.012846231460571289] Updated in round 5! max:(0.08196721311475409, 'C=Cc1ccccc1'), min:(-99999, '')
[0.01764965057373047] Updated in round 6! max:(0.09836065573770492, 'C=Cc1ccccc1C=C'), min:(-99999, '')
[0.02481222152709961] Updated in round 7! max:(0.11475409836065574, 'c1ccc2ccccc2c1'), min:(-99999, '')
[0.031110525131225586] Updated in round 8! max:(0.13114754098360656, 'C=Cc1cccc2ccccc12'), min:(-99999, '')
[0.045192718505859375] Updated in round 9! max:(0.14754098360655737, 'C=Cc1ccc(C=C)c2ccccc12'), min:(-99999, '')
[0.07254743576049805] Updated in round 10! max:(0.16393442622950818, 'C=Cc1ccc2c(C=C)ccc(C=C)c2c1'), min:(-99999, '')
[0.1247255802154541] Updated in round 11! max:(0.18032786885245902, 'C=Cc1ccc2c(C=C)ccc3c2c1C=C3'), min:(-99999, '')
[0.17021799087524414] Updated in round 12! max:(0.19672131147540983, 'C=CC1=Cc2c(C=C)ccc3c(C=C)ccc1c23'), min:(-99999, '')
[0.2593400478363037] Updated in round 13! max:(0.21311475409836064, 'C=CC1=Cc2c(C=C)c(C=C)cc3c(C=C)ccc1c23'), min:(-99999, '')
[0.3816039562225342] Updated in round 14! max:(0.22950819672131148, 'C=CC=CC1=Cc2c(C=C)c(C=C)cc3c(C=C)ccc1c23'), min:(-99999, '')
[0.8896982669830322] Updated in round 15! max:(0.2459016393442623, 'C=CC=CC1=Cc2c(C=C)c(C=C)cc3c(C=CC=C)ccc1c23'), min:(-99999, '')
[2.0744071006774902] Updated in round 16! max:(0.26229508196721313, 'C=CC=CC1=Cc2c(C=C)c(C=C)c(C=C)c3c(C=CC=C)ccc1c23'), min:(-99999, '')
[3.079308032989502] Updated in round 17! max:(0.2786885245901639, 'C=CC=CC1=Cc2c(C=C)c(C=C)c(C=C)c3c(C=C(C=C)C=C)ccc1c23'), min:(-99999, '')
[5.847555875778198] Updated in round 18! max:(0.29508196721311475, 'C=CC1=Cc2ccc3c4c(c(C=C)c(C=C)c(C=C)c24)C=C3C=CC=CC=C1'), min:(-99999, '')
[13.67863154411316] Updated in round 19! max:(0.3114754098360656, 'C=Cc1ccccc(C=C)cc2ccc3c4c(cc-3c1)c(C=C)c(C=C)c(C=C)c24'), min:(-99999, '')
[25.351696014404297] Updated in round 20! max:(0.3114754098360656, 'C=Cc1ccccc(C=C)cc2ccc3c4c(cc-3c1)c(C=C)c(C=C)c(C=C)c24'), min:(-99999, '')
[31.646952390670776] Updated in round 21! max:(0.32786885245901637, 'C=CC=Cc1ccccc(C=C)cc2ccc3c4c(cc-3c1)c(C=C)c(C=C)c(C=C)c24'), min:(-99999, '')
[41.922380208969116] Updated in round 22! max:(0.32786885245901637, 'C=CC=Cc1ccccc(C=C)cc2ccc3c4c(cc-3c1)c(C=C)c(C=C)c(C=C)c24'), min:(-99999, '')
[69.1183111667633] Updated in round 23! max:(0.32786885245901637, 'C=CC=Cc1ccccc(C=C)cc2ccc3c4c(cc-3c1)c(C=C)c(C=C)c(C=C)c24'), min:(-99999, '')
[116.21121072769165] Updated in round 24! max:(0.3442622950819672, 'C=CC=Cc1ccccc(C=CC=C)cc2ccc3c4c(cc-3c1)c(C=C)c(C=C)c(C=C)c24'), min:(-99999, '')
[159.25703310966492] Updated in round 25! max:(0.36065573770491804, 'C=CC=Cc1ccccc(C=CC(=C)C=C)cc2ccc3c4c(cc-3c1)c(C=C)c(C=C)c(C=C)c24'), min:(-99999, '')
[233.21963548660278] Updated in round 26! max:(0.3770491803278688, 'C=CC=CC=Cc1ccccc(C=CC(=C)C=C)cc2ccc3c4c(cc-3c1)c(C=C)c(C=C)c(C=C)c24'), min:(-99999, '')
[253.91821599006653] Updated in round 27! max:(0.39344262295081966, 'C=CC=CC=Cc1ccccc(C=CC(=C)C=C)cc2ccc3c4c(cc-3c1C=C)c(C=C)c(C=C)c(C=C)c24'), min:(-99999, '')
[433.1408565044403] Updated in round 28! max:(0.39344262295081966, 'C=CC=CC=Cc1ccccc(C=CC(=C)C=C)cc2ccc3c4c(cc-3c1C=C)c(C=C)c(C=C)c(C=C)c24'), min:(-99999, '')
[719.3955931663513] Updated in round 29! max:(0.4098360655737705, 'C=CC=CC=Cc1ccccc2ccc(=C)ccccc3c(C=C)c(C=C)c4cc(c1C=C)-c1ccc(c2)c3c14'), min:(-99999, '')
[1206.7216544151306] Updated in round 30! max:(0.4098360655737705, 'C=CC=CC=Cc1ccccc2ccc(=C)ccccc3c(C=C)c(C=C)c4cc(c1C=C)-c1ccc(c2)c3c14'), min:(-99999, '')
[1428.0361967086792] Updated in round 31! max:(0.4262295081967213, 'C=CC=CC=Cc1ccccc2ccc(=C)ccccc3c(C=CC=C)c(C=C)c4cc(c1C=C)-c1ccc(c2)c3c14'), min:(-99999, '')
[2214.057421207428] Updated in round 32! max:(0.4262295081967213, 'C=CC=CC=Cc1ccccc2ccc(=C)ccccc3c(C=CC=C)c(C=C)c4cc(c1C=C)-c1ccc(c2)c3c14'), min:(-99999, '')
[2564.7677171230316] Updated in round 33! max:(0.4262295081967213, 'C=CC=CC=Cc1ccccc2ccc(=C)ccccc3c(C=CC=C)c(C=C)c4cc(c1C=C)-c1ccc(c2)c3c14'), min:(-99999, '')
[3045.808282136917] Updated in round 34! max:(0.4262295081967213, 'C=CC=CC=Cc1ccccc2ccc(=C)ccccc3c(C=CC=C)c(C=C)c4cc(c1C=C)-c1ccc(c2)c3c14'), min:(-99999, '')
[3433.0278573036194] Updated in round 35! max:(0.4262295081967213, 'C=CC=CC=Cc1ccccc2ccc(=C)ccccc3c(C=CC=C)c(C=C)c4cc(c1C=C)-c1ccc(c2)c3c14'), min:(-99999, '')
[4061.862446784973] Updated in round 36! max:(0.4262295081967213, 'C=CC=CC=Cc1ccccc2ccc(=C)ccccc3c(C=CC=C)c(C=C)c4cc(c1C=C)-c1ccc(c2)c3c14'), min:(-99999, '')
[4788.9422352313995] Updated in round 37! max:(0.4262295081967213, 'C=CC=CC=Cc1ccccc2ccc(=C)ccccc3c(C=CC=C)c(C=C)c4cc(c1C=C)-c1ccc(c2)c3c14'), min:(-99999, '')
[5180.639698028564] Updated in round 38! max:(0.4426229508196721, 'C=CC=CC=Cc1ccccc2ccc(=C)ccccc3c4cc(C=C)c(=C)c4c4cc(c1C=C)c1ccc(c2)c3c14'), min:(-99999, '')
[5375.837555408478] Updated in round 39! max:(0.45901639344262296, 'C=CC=CC=Cc1ccccc2ccc(=C)c(C=C)cccc3c4cc(C=C)c(=C)c4c4cc(c1C=C)c1ccc(c2)c3c14'), min:(-99999, '')
[5625.002732515335] Updated in round 40! max:(0.45901639344262296, 'C=CC=CC=Cc1ccccc2ccc(=C)c(C=C)cccc3c4cc(C=C)c(=C)c4c4cc(c1C=C)c1ccc(c2)c3c14'), min:(-99999, '')
[5761.298191308975] Updated in round 41! max:(0.47540983606557374, 'C=CC=CC=Cc1ccccc2ccc(=C)c(C=C)cccc3c4cc(C=C)c(=CC=C)c4c4cc(c1C=C)c1ccc(c2)c3c14'), min:(-99999, '')
[6248.491456270218] Updated in round 42! max:(0.4918032786885246, 'C=CC=CC=Cc1ccccc2cc3ccc4c(cc5c6c(=CC=C)c(C=C)cc6c(cccc(C=C)c(=C)cc2C=C)c3c45)c1C=C'), min:(-99999, '')
[7104.33484172821] Updated in round 43! max:(0.5081967213114754, 'C=CC=CC=Cc1ccccc2cc3ccc4c(cc5c6c(=CC=C)c(C=C)cc6c(cccc(C=C)c(=CC=C)cc2C=C)c3c45)c1C=C'), min:(-99999, '')
[7888.660635471344] Updated in round 44! max:(0.5245901639344263, 'C=CC=CC=Cc1ccccc2cc3ccc4c(cc5c6c(=CC=C)c(C=C)c7c(ccc(c76)c3c45)c(C=C)c(=CC=C)cc2C=C)c1C=C'), min:(-99999, '')
[9318.402515411377] Updated in round 45! max:(0.5409836065573771, 'C=CC=c1cc2c(=C)ccccccc3ccccc2cc2ccc4c(cc5c6c(=CC=C)c(C=C)c7c(ccc(c76)c2c45)c1C=C)c3C=C'), min:(-99999, '')
[9341.476126670837] Updated in round 46! max:(0.5573770491803278, 'C=CC=c1cc2c(=C)ccccccc3ccccc2cc2ccc4c(c3C=C)c3c(=C)cc5c(C=C)c6c(ccc7c2c4c3c5c76)c1C=C'), min:(-99999, '')
[10216.804968833923] Updated in round 47! max:(0.5573770491803278, 'C=CC=c1cc2c(=C)ccccccc3ccccc2cc2ccc4c(c3C=C)c3c(=C)cc5c(C=C)c6c(ccc7c2c4c3c5c76)c1C=C'), min:(-99999, '')
[10278.769639730453] Updated in round 48! max:(0.5573770491803278, 'C=CC=c1cc2c(=C)ccccccc3ccccc2cc2ccc4c(c3C=C)c3c(=C)cc5c(C=C)c6c(ccc7c2c4c3c5c76)c1C=C'), min:(-99999, '')
[10581.737458467484] Updated in round 49! max:(0.5573770491803278, 'C=CC=c1cc2c(=C)ccccccc3ccccc2cc2ccc4c(c3C=C)c3c(=C)cc5c(C=C)c6c(ccc7c2c4c3c5c76)c1C=C'), min:(-99999, '')
[10603.657898426056] Updated in round 50! max:(0.5573770491803278, 'C=CC=c1cc2c(=C)ccccccc3ccccc2cc2ccc4c(c3C=C)c3c(=C)cc5c(C=C)c6c(ccc7c2c4c3c5c76)c1C=C'), min:(-99999, '')
[10608.865678071976] Updated in round 51! max:(0.5573770491803278, 'C=CC=c1cc2c(=C)ccccccc3ccccc2cc2ccc4c(c3C=C)c3c(=C)cc5c(C=C)c6c(ccc7c2c4c3c5c76)c1C=C'), min:(-99999, '')
[10735.457790136337] Updated in round 52! max:(0.5573770491803278, 'C=CC=c1cc2c(=C)ccccccc3ccccc2cc2ccc4c(c3C=C)c3c(=C)cc5c(C=C)c6c(ccc7c2c4c3c5c76)c1C=C'), min:(-99999, '')
[10747.21082997322] Updated in round 53! max:(0.5737704918032787, 'C=Cc1c2cc3c(=C)c1cccccc1ccccc3cc3ccc4c(c1C=C)c1c(=C)cc5c(C=C)c6c(ccc7c3c4c1c5c76)c2C=C'), min:(-99999, '')
[10751.683375358582] Updated in round 54! max:(0.5737704918032787, 'C=Cc1c2cc3c(=C)c1cccccc1ccccc3cc3ccc4c(c1C=C)c1c(=C)cc5c(C=C)c6c(ccc7c3c4c1c5c76)c2C=C'), min:(-99999, '')
[10759.006410360336] Updated in round 55! max:(0.5737704918032787, 'C=Cc1c2cc3c(=C)c1cccccc1ccccc3cc3ccc4c(c1C=C)c1c(=C)cc5c(C=C)c6c(ccc7c3c4c1c5c76)c2C=C'), min:(-99999, '')
[10766.978329896927] Updated in round 56! max:(0.5901639344262295, 'C=Cc1c2cccccc3ccccc4cc5ccc6c(c3C=C)c3c(=C)cc7c8c(=C)c(=C)c(c1cc4c2=C)c1ccc2c5c6c3c7c2c18'), min:(-99999, '')
[10780.013991832733] Updated in round 57! max:(0.6065573770491803, 'C=Cc1c2cccccc3c(C=C)c4c5c(=C)cc6c7c(=C)c(=C)c8c1cc(c2=C)c1cccc3c2cc(c1)c1c3ccc8c7c3c6c5c1c24'), min:(-99999, '')
[10949.04917049408] Updated in round 58! max:(0.6229508196721312, 'C=CC=Cc1c2cccccc3c(C=C)c4cc(c3=C)c3cccc2c2cc(c3)c3c5ccc6c4c(=C)c(=C)c4c7cc(=C)c8c1c2c3c8c7c5c64'), min:(-99999, '')
[10959.246797084808] Updated in round 59! max:(0.639344262295082, 'C=CC=Cc1c2cccccc3c(C=C)c4cc(c3=C)c3cccc2c2cc(c3)c3c5ccc6c4c(=C)c(=C)c4c7cc(=CC=C)c8c1c2c3c8c7c5c64'), min:(-99999, '')
[11006.11056137085] Updated in round 60! max:(0.639344262295082, 'C=CC=Cc1c2cccccc3c(C=C)c4cc(c3=C)c3cccc2c2cc(c3)c3c5ccc6c4c(=C)c(=C)c4c7cc(=CC=C)c8c1c2c3c8c7c5c64'), min:(-99999, '')
[11044.712737083435] Updated in round 61! max:(0.6557377049180327, 'C=CC=c1cc2c3c(=C)c(=C)c4c5cc6c(=C)c(ccccc7c(C=C)cc8c7c7cccc6cc6cc7c7c8c1c1c2c2c(ccc4c32)c6c71)c5C=C'), min:(-99999, '')
[11075.214228868484] Updated in round 62! max:(0.6721311475409836, 'C=Cc1c2ccccc3c(C=C)cc4c3c3cccc5cc6cc3c3c4c4c7cccc7c7c8c(=C)c(=C)c(c1cc5c2=C)c1ccc2c6c3c4c7c2c18'), min:(-99999, '')
[11095.842611551285] Updated in round 63! max:(0.6721311475409836, 'C=Cc1c2ccccc3c(C=C)cc4c3c3cccc5cc6cc3c3c4c4c7cccc7c7c8c(=C)c(=C)c(c1cc5c2=C)c1ccc2c6c3c4c7c2c18'), min:(-99999, '')
[11097.356835603714] Updated in round 64! max:(0.6721311475409836, 'C=Cc1c2ccccc3c(C=C)cc4c3c3cccc5cc6cc3c3c4c4c7cccc7c7c8c(=C)c(=C)c(c1cc5c2=C)c1ccc2c6c3c4c7c2c18'), min:(-99999, '')
[11101.23466181755] Updated in round 65! max:(0.6885245901639344, 'C=Cc1c2ccccc3c(C=C)c4c5ccc6c5c5c7c8c9cc%10cc(cccc9c3c47)c(cc1c1c(=C)c(=C)c3c4c1ccc1c%10c8c5c(c63)c14)c2=C'), min:(-99999, '')
[11131.24338388443] Updated in round 66! max:(0.6885245901639344, 'C=Cc1c2ccccc3c(C=C)c4c5ccc6c5c5c7c8c9cc%10cc(cccc9c3c47)c(cc1c1c(=C)c(=C)c3c4c1ccc1c%10c8c5c(c63)c14)c2=C'), min:(-99999, '')
[11141.092527627945] Updated in round 67! max:(0.6885245901639344, 'C=Cc1c2ccccc3c(C=C)c4c5ccc6c5c5c7c8c9cc%10cc(cccc9c3c47)c(cc1c1c(=C)c(=C)c3c4c1ccc1c%10c8c5c(c63)c14)c2=C'), min:(-99999, '')
[11149.935069799423] Updated in round 68! max:(0.6885245901639344, 'C=Cc1c2ccccc3c(C=C)c4c5ccc6c5c5c7c8c9cc%10cc(cccc9c3c47)c(cc1c1c(=C)c(=C)c3c4c1ccc1c%10c8c5c(c63)c14)c2=C'), min:(-99999, '')
[11163.948188781738] Updated in round 69! max:(0.7049180327868853, 'C=Cc1ccc2c(C=C)c3cc(c2=C)c2cccc4c5cc(c2)c2c6ccc7c3c(=C)c(=C)c3c7c6c6c3c3ccc7c8c(C=C)c(c1)c4c8c1c5c2c6c1c73'), min:(-99999, '')
[11164.940696954727] Updated in round 70! max:(0.7213114754098361, 'C=Cc1ccc2c(C=C)c3cc4c5cc6cc7c(ccc5cc24)c2c(c1)c(C=C)c1c4ccc5c4c4c(c7c7c6c6ccc8c3c(=C)c(=C)c3c8c6c(c53)c74)c12'), min:(-99999, '')
[11168.3767182827] Updated in round 71! max:(0.7377049180327869, 'C=Cc1cc2c(C=C)c3cc4c5cc6cc7c(ccc5cc24)c2c(cc1C=C)c(C=C)c1c4ccc5c4c4c(c7c7c6c6ccc8c3c(=C)c(=C)c3c8c6c(c53)c74)c12'), min:(-99999, '')
[11172.917035579681] Updated in round 72! max:(0.7377049180327869, 'C=Cc1cc2c(C=C)c3cc4c5cc6cc7c(ccc5cc24)c2c(cc1C=C)c(C=C)c1c4ccc5c4c4c(c7c7c6c6ccc8c3c(=C)c(=C)c3c8c6c(c53)c74)c12'), min:(-99999, '')
[11222.338765859604] Updated in round 73! max:(0.7377049180327869, 'C=Cc1cc2c(C=C)c3cc4c5cc6cc7c(ccc5cc24)c2c(cc1C=C)c(C=C)c1c4ccc5c4c4c(c7c7c6c6ccc8c3c(=C)c(=C)c3c8c6c(c53)c74)c12'), min:(-99999, '')
[11224.207983493805] Updated in round 74! max:(0.7377049180327869, 'C=Cc1cc2c(C=C)c3cc4c5cc6cc7c(ccc5cc24)c2c(cc1C=C)c(C=C)c1c4ccc5c4c4c(c7c7c6c6ccc8c3c(=C)c(=C)c3c8c6c(c53)c74)c12'), min:(-99999, '')
[11227.001031637192] Updated in round 75! max:(0.7377049180327869, 'C=Cc1cc2c(C=C)c3cc4c5cc6cc7c(ccc5cc24)c2c(cc1C=C)c(C=C)c1c4ccc5c4c4c(c7c7c6c6ccc8c3c(=C)c(=C)c3c8c6c(c53)c74)c12'), min:(-99999, '')
[11229.616344213486] Updated in round 76! max:(0.7377049180327869, 'C=Cc1cc2c(C=C)c3cc4c5cc6cc7c(ccc5cc24)c2c(cc1C=C)c(C=C)c1c4ccc5c4c4c(c7c7c6c6ccc8c3c(=C)c(=C)c3c8c6c(c53)c74)c12'), min:(-99999, '')
[11234.541521787643] Updated in round 77! max:(0.7540983606557377, 'C=Cc1cc2c(C=C)c3cc4c5cc6cc7c(ccc5cc24)c2c(cc1C=C)c(C=C)c1c4cc5cc8c(=C)c3c3ccc9c6c6c7c(c12)c1c4c5c2c8c3c9c2c61'), min:(-99999, '')
[11258.315199375153] Updated in round 78! max:(0.7540983606557377, 'C=Cc1cc2c(C=C)c3cc4c5cc6cc7c(ccc5cc24)c2c(cc1C=C)c(C=C)c1c4cc5cc8c(=C)c3c3ccc9c6c6c7c(c12)c1c4c5c2c8c3c9c2c61'), min:(-99999, '')
[11330.735133647919] Updated in round 79! max:(0.7704918032786885, 'C=Cc1cc2c(C=C)c3cc4c2cc2c4cc4c5c2cc2c6c(cc1C=C)c(C=C)c1c7cc8cc9c(=C)c3c3ccc%10c4c4c(c25)c(c16)c1c7c8c2c9c3c%10c2c41'), min:(-99999, '')
[11343.964656114578] Updated in round 80! max:(0.7704918032786885, 'C=Cc1cc2c(C=C)c3cc4c2cc2c4cc4c5c2cc2c6c(cc1C=C)c(C=C)c1c7cc8cc9c(=C)c3c3ccc%10c4c4c(c25)c(c16)c1c7c8c2c9c3c%10c2c41'), min:(-99999, '')
[11360.390898942947] Updated in round 81! max:(0.7704918032786885, 'C=Cc1cc2c(C=C)c3cc4c2cc2c4cc4c5c2cc2c6c(cc1C=C)c(C=C)c1c7cc8cc9c(=C)c3c3ccc%10c4c4c(c25)c(c16)c1c7c8c2c9c3c%10c2c41'), min:(-99999, '')
[11385.370363473892] Updated in round 82! max:(0.7868852459016393, 'C=Cc1cc2c(C=C)c3cc4c2cc2c5cc6c7c(cc1C=C)c(C=C)c1c8cc9cc%10c(=C)c3c3cc%11c(c42)c2c5c6c4c(c17)c1c8c9c5c%10c3c3c%11c2c4c1c53'), min:(-99999, '')
[11387.907184839249] Updated in round 83! max:(0.7868852459016393, 'C=Cc1cc2c(C=C)c3cc4c2cc2c5cc6c7c(cc1C=C)c(C=C)c1c8cc9cc%10c(=C)c3c3cc%11c(c42)c2c5c6c4c(c17)c1c8c9c5c%10c3c3c%11c2c4c1c53'), min:(-99999, '')
[11389.926879882812] Updated in round 84! max:(0.8032786885245902, 'C=Cc1cc2c(C=C)c3cc4c2cc2c5cc6c7c(cc1C=C)c1ccc8c9cc%10c(=C)c3c3cc%11c(c42)c2c5c6c4c5c7c1c8c1c9c6c%10c3c3c%11c2c4c(c63)c15'), min:(-99999, '')
[11397.48402261734] Updated in round 85! max:(0.819672131147541, 'C=Cc1cc2c(C=C)c3cc4c2cc2c5cc6c7c8cc1c(=C)c1cc9c%10cc%11c(=C)c3c3cc%12c(c42)c2c5c6c4c5c7c(c18)c9c1c%10c6c%11c3c3c%12c2c4c(c63)c15'), min:(-99999, '')
[11407.30634713173] Updated in round 86! max:(0.8360655737704918, 'C=Cc1c2cc3c4c(cc5c6cc7c(=C)c8c9cc%10c(cc%11c%12cc%13c3c3c4c5c4c6c5c7c6c8cc7c(c%10%11)c8c%12c%13c%10c3c4c3c5c6c7c8c%103)c3c1ccc93)c2=C'), min:(-99999, '')
[11462.059993982315] Updated in round 87! max:(0.8524590163934426, 'C=c1c2cc3c4c1cc1c5cc6c(=C)c7c8cc9c%10c(c(=C)c2c2ccc8c2%10)c2c8cc%10c3c3c4c1c1c5c4c6c5c7cc6c(c92)c2c8c%10c7c3c1c1c4c5c6c2c71'), min:(-99999, '')
[11464.882584571838] Updated in round 88! max:(0.8688524590163934, 'C=c1c2cc3c4cc5c(=C)c6c7cc8c6c6ccc9c%10cc%11c(c96)c8c6c8cc9c%12c7c5c5c4c4c3c3c2c2c(cc7c(c%116)c6c8c9c8c(c%125)c4c4c3c2c7c6c84)c1%10'), min:(-99999, '')
[11467.095623016357] Updated in round 89! max:(0.8852459016393442, 'C=Cc1c2c(=C)c3c4cc5c6c7c4ccc7c4c7cc8c4c(=C)c4cc9c1c1c%10c2c2c3cc3c%11c5c(c5cc%12c%13c8c4c4c9c1c1c(c%134)c4c%12c5c%11c5c3c2c%10c1c54)c76'), min:(-99999, '')
[11469.253277540207] Updated in round 90! max:(0.9016393442622951, 'C=Cc1c2c(=C)c3c4c5ccc6c7c8cc9c7c(=C)c7cc%10c1c1c%11c2c2c3c3c4c4c(c65)c8c5c6cc8c%12c9c7c7c%10c1c1c(c%127)c7c8c6c6c(c54)c3c3c2c%11c1c7c63'), min:(-99999, '')
[11469.683184862137] Updated in round 91! max:(0.9180327868852459, 'C=c1c2c3c4ccc5c6c7cc8c6c6cccc9c1c1c%10c2c2c3c3c(c54)c7c4c5cc7c%11c8c8c6cc6c9c9c%12c6c8c%11c6c8c7c5c5c(c43)c2c2c%10c(c19)c(c%126)c8c52'), min:(-99999, '')
[11470.640812158585] Updated in round 92! max:(0.9344262295081968, 'C=c1c2c3c4ccc5c6c7cc8c6c6cc9cc%10c1c1c%11c2c2c3c3c(c54)c7c4c5cc7c%12c8c8c6c9c6c%10c9c1c1c%11c%10c%11c(c5c7c5c7c%12c8c6c9c7c1c5%11)c(c43)c2%10'), min:(-99999, '')
[11470.836903572083] Updated in round 93! max:(0.9508196721311475, 'c1c2cc3c4c5cc6cc7c8c9cc%10c8c1c1c2c2c3c3c8c4c4c%11c5c5c6c7c6c9c7c9cc%12c%13c%10c1c1c%13c%10c%13c%12c9c9c%12c7c6c5c%11c%12c5c9c%13c(c%10c3c21)c8c45'), min:(-99999, '')
[11471.030145168304] Updated in round 94! max:(0.9672131147540983, 'c1c2c3c4cc5c6c7c8cc9c3c1c1c3c%10cc%11c%12c2c2c4c5c4c5c6c6c7c7c%13c8c9c1c1c3c3c8c%10c%11c9c%10c%12c2c4c2c%10c4c9c8c8c3c(c%131)c7c1c6c(c52)c4c81'), min:(-99999, '')
[11471.218552350998] Updated in round 95! max:(0.9836065573770492, 'c1c2c3c4cc5c6c7c1c1c8c2c2c9c3c3c%10c4c4c5c5c6c6c%11c7c1c1c7c8c2c2c8c9c3c3c9c%10c4c4c5c5c6c6c%11c1c1c7c2c2c8c3c3c9c4c5c4c6c1c2c34'), min:(-99999, '')
[11471.2455098629] Reproduced in round 96!!
