[5.91278076171875e-05]Start running EvoMol from [H][H]...
[0.0005130767822265625] Updated in round 1! max:(0.04, 'C=C'), min:(-99999, '')
[0.001148223876953125] Updated in round 2! max:(0.08, 'C=CC=C'), min:(-99999, '')
[0.0028717517852783203] Updated in round 3! max:(0.12, 'C=CC=CC=C'), min:(-99999, '')
[0.005221366882324219] Updated in round 4! max:(0.16, 'c1ccccc1'), min:(-99999, '')
[0.012360572814941406] Updated in round 5! max:(0.2, 'C=Cc1ccccc1'), min:(-99999, '')
[0.016997098922729492] Updated in round 6! max:(0.24, 'C=CC=Cc1ccccc1'), min:(-99999, '')
[0.023102283477783203] Updated in round 7! max:(0.28, 'C=CC=Cc1ccc(C=C)cc1'), min:(-99999, '')
[0.030512571334838867] Updated in round 8! max:(0.28, 'C=CC=Cc1ccc(C=C)cc1'), min:(-99999, '')
[0.032651424407958984] Updated in round 9! max:(0.32, 'C=CC=Cc1ccc(C(=C)C=C)cc1'), min:(-99999, '')
[0.0420682430267334] Updated in round 10! max:(0.32, 'C=CC=Cc1ccc(C(=C)C=C)cc1'), min:(-99999, '')
[0.04321646690368652] Updated in round 11! max:(0.32, 'C=CC=Cc1ccc(C(=C)C=C)cc1'), min:(-99999, '')
[0.04519057273864746] Updated in round 12! max:(0.36, 'C=CC=Cc1ccc(C(C=C)=CC=C)cc1'), min:(-99999, '')
[0.057801246643066406] Updated in round 13! max:(0.36, 'C=CC=Cc1ccc(C(C=C)=CC=C)cc1'), min:(-99999, '')
[0.05903816223144531] Updated in round 14! max:(0.36, 'C=CC=Cc1ccc(C(C=C)=CC=C)cc1'), min:(-99999, '')
[0.06036067008972168] Updated in round 15! max:(0.36, 'C=CC=Cc1ccc(C(C=C)=CC=C)cc1'), min:(-99999, '')
[0.06223869323730469] Updated in round 16! max:(0.4, 'C=CC=Cc1ccc(-c2ccccc2)cc1'), min:(-99999, '')
[0.07863688468933105] Updated in round 17! max:(0.44, 'C=CC=C(C=C)c1ccc(-c2ccccc2)cc1'), min:(-99999, '')
[0.09789729118347168] Updated in round 18! max:(0.48, 'C=CC=C(C=C)c1ccc(-c2ccc(C=C)cc2)cc1'), min:(-99999, '')
[0.12058377265930176] Updated in round 19! max:(0.48, 'C=CC=C(C=C)c1ccc(-c2ccc(C=C)cc2)cc1'), min:(-99999, '')
[0.12246394157409668] Updated in round 20! max:(0.48, 'C=CC=C(C=C)c1ccc(-c2ccc(C=C)cc2)cc1'), min:(-99999, '')
[0.12480425834655762] Updated in round 21! max:(0.52, 'C=CC=CC=C(C=C)c1ccc(-c2ccc(C=C)cc2)cc1'), min:(-99999, '')
[0.1538374423980713] Updated in round 22! max:(0.56, 'C=CC=CC=CC=C(C=C)c1ccc(-c2ccc(C=C)cc2)cc1'), min:(-99999, '')
[0.18904876708984375] Updated in round 23! max:(0.56, 'C=CC=CC=CC=C(C=C)c1ccc(-c2ccc(C=C)cc2)cc1'), min:(-99999, '')
[0.1911783218383789] Updated in round 24! max:(0.56, 'C=CC=CC=CC=C(C=C)c1ccc(-c2ccc(C=C)cc2)cc1'), min:(-99999, '')
[0.19378662109375] Updated in round 25! max:(0.6, 'C=CC=Cc1ccc(-c2ccc(-c3ccc(C=C)cc3)cc2)cc1'), min:(-99999, '')
[0.23368430137634277] Updated in round 26! max:(0.64, 'C=CC=Cc1ccc(-c2ccc(-c3ccc(C=CC=C)cc3)cc2)cc1'), min:(-99999, '')
[0.2808959484100342] Updated in round 27! max:(0.64, 'C=CC=Cc1ccc(-c2ccc(-c3ccc(C=CC=C)cc3)cc2)cc1'), min:(-99999, '')
[0.2838759422302246] Updated in round 28! max:(0.64, 'C=CC=Cc1ccc(-c2ccc(-c3ccc(C=CC=C)cc3)cc2)cc1'), min:(-99999, '')
[0.2867698669433594] Updated in round 29! max:(0.64, 'C=CC=Cc1ccc(-c2ccc(-c3ccc(C=CC=C)cc3)cc2)cc1'), min:(-99999, '')
[0.28898024559020996] Updated in round 30! max:(0.64, 'C=CC=Cc1ccc(-c2ccc(-c3ccc(C=CC=C)cc3)cc2)cc1'), min:(-99999, '')
[0.2920236587524414] Updated in round 31! max:(0.64, 'C=CC=Cc1ccc(-c2ccc(-c3ccc(C=CC=C)cc3)cc2)cc1'), min:(-99999, '')
[0.2947845458984375] Updated in round 32! max:(0.68, 'C=CC=Cc1ccc(-c2ccc(-c3ccc(C(C=C)=CC=C)cc3)cc2)cc1'), min:(-99999, '')
[0.3485262393951416] Updated in round 33! max:(0.68, 'C=CC=Cc1ccc(-c2ccc(-c3ccc(C(C=C)=CC=C)cc3)cc2)cc1'), min:(-99999, '')
[0.35128188133239746] Updated in round 34! max:(0.68, 'C=CC=Cc1ccc(-c2ccc(-c3ccc(C(C=C)=CC=C)cc3)cc2)cc1'), min:(-99999, '')
[0.35483717918395996] Updated in round 35! max:(0.72, 'C=CC=C(C=C)c1ccc(-c2ccc(-c3ccc(C(C=C)=CC=C)cc3)cc2)cc1'), min:(-99999, '')
[0.4153556823730469] Updated in round 36! max:(0.72, 'C=CC=C(C=C)c1ccc(-c2ccc(-c3ccc(C(C=C)=CC=C)cc3)cc2)cc1'), min:(-99999, '')
[0.41779232025146484] Updated in round 37! max:(0.72, 'C=CC=C(C=C)c1ccc(-c2ccc(-c3ccc(C(C=C)=CC=C)cc3)cc2)cc1'), min:(-99999, '')
[0.42082977294921875] Updated in round 38! max:(0.76, 'C=CC=C(C=C)c1ccc(-c2ccc(-c3ccc(-c4ccccc4)cc3)cc2)cc1'), min:(-99999, '')
[0.4883427619934082] Updated in round 39! max:(0.76, 'C=CC=C(C=C)c1ccc(-c2ccc(-c3ccc(-c4ccccc4)cc3)cc2)cc1'), min:(-99999, '')
[0.4908013343811035] Updated in round 40! max:(0.76, 'C=CC=C(C=C)c1ccc(-c2ccc(-c3ccc(-c4ccccc4)cc3)cc2)cc1'), min:(-99999, '')
[0.4937407970428467] Updated in round 41! max:(0.76, 'C=CC=C(C=C)c1ccc(-c2ccc(-c3ccc(-c4ccccc4)cc3)cc2)cc1'), min:(-99999, '')
[0.4982891082763672] Updated in round 42! max:(0.76, 'C=CC=C(C=C)c1ccc(-c2ccc(-c3ccc(-c4ccccc4)cc3)cc2)cc1'), min:(-99999, '')
[0.500737190246582] Updated in round 43! max:(0.76, 'C=CC=C(C=C)c1ccc(-c2ccc(-c3ccc(-c4ccccc4)cc3)cc2)cc1'), min:(-99999, '')
[0.5030241012573242] Updated in round 44! max:(0.76, 'C=CC=C(C=C)c1ccc(-c2ccc(-c3ccc(-c4ccccc4)cc3)cc2)cc1'), min:(-99999, '')
[0.5064547061920166] Updated in round 45! max:(0.76, 'C=CC=C(C=C)c1ccc(-c2ccc(-c3ccc(-c4ccccc4)cc3)cc2)cc1'), min:(-99999, '')
[0.509756326675415] Updated in round 46! max:(0.8, 'c1ccc(-c2ccc(-c3ccc(-c4ccc(-c5ccccc5)cc4)cc3)cc2)cc1'), min:(-99999, '')
[0.5812392234802246] Updated in round 47! max:(0.8, 'c1ccc(-c2ccc(-c3ccc(-c4ccc(-c5ccccc5)cc4)cc3)cc2)cc1'), min:(-99999, '')
[0.5841798782348633] Updated in round 48! max:(0.8, 'c1ccc(-c2ccc(-c3ccc(-c4ccc(-c5ccccc5)cc4)cc3)cc2)cc1'), min:(-99999, '')
[0.5866072177886963] Updated in round 49! max:(0.8, 'c1ccc(-c2ccc(-c3ccc(-c4ccc(-c5ccccc5)cc4)cc3)cc2)cc1'), min:(-99999, '')
[0.5918362140655518] Updated in round 50! max:(0.84, 'C=Cc1ccc(-c2ccc(-c3ccc(-c4ccc(-c5ccccc5)cc4)cc3)cc2)cc1'), min:(-99999, '')
[0.6807217597961426] Updated in round 51! max:(0.88, 'C=CC=Cc1ccc(-c2ccc(-c3ccc(-c4ccc(-c5ccccc5)cc4)cc3)cc2)cc1'), min:(-99999, '')
[0.782059907913208] Updated in round 52! max:(0.88, 'C=CC=Cc1ccc(-c2ccc(-c3ccc(-c4ccc(-c5ccccc5)cc4)cc3)cc2)cc1'), min:(-99999, '')
[0.7849521636962891] Updated in round 53! max:(0.88, 'C=CC=Cc1ccc(-c2ccc(-c3ccc(-c4ccc(-c5ccccc5)cc4)cc3)cc2)cc1'), min:(-99999, '')
[0.7904906272888184] Updated in round 54! max:(0.88, 'C=CC=Cc1ccc(-c2ccc(-c3ccc(-c4ccc(-c5ccccc5)cc4)cc3)cc2)cc1'), min:(-99999, '')
[0.7946808338165283] Updated in round 55! max:(0.88, 'C=CC=Cc1ccc(-c2ccc(-c3ccc(-c4ccc(-c5ccccc5)cc4)cc3)cc2)cc1'), min:(-99999, '')
[0.7989053726196289] Updated in round 56! max:(0.88, 'C=CC=Cc1ccc(-c2ccc(-c3ccc(-c4ccc(-c5ccccc5)cc4)cc3)cc2)cc1'), min:(-99999, '')
[0.8036575317382812] Updated in round 57! max:(0.92, 'C=CC=CC=Cc1ccc(-c2ccc(-c3ccc(-c4ccc(-c5ccccc5)cc4)cc3)cc2)cc1'), min:(-99999, '')
[0.9244608879089355] Updated in round 58! max:(0.96, 'c1ccc(-c2ccc(-c3ccc(-c4ccc(-c5ccc(-c6ccccc6)cc5)cc4)cc3)cc2)cc1'), min:(-99999, '')
[1.0401115417480469] Updated in round 59! max:(0.96, 'c1ccc(-c2ccc(-c3ccc(-c4ccc(-c5ccc(-c6ccccc6)cc5)cc4)cc3)cc2)cc1'), min:(-99999, '')
[1.044727087020874] Updated in round 60! max:(0.96, 'c1ccc(-c2ccc(-c3ccc(-c4ccc(-c5ccc(-c6ccccc6)cc5)cc4)cc3)cc2)cc1'), min:(-99999, '')
[1.0473482608795166] Reproduced in round 61!!
