[5.8650970458984375e-05]Start running EvoMol from [H][H]...
[0.00193023681640625] Updated in round 1! max:(0.04, 'C=C'), min:(-99999, '')
[0.008776426315307617] Updated in round 2! max:(0.12, 'C=CC=CC=C'), min:(-99999, '')
[0.017080068588256836] Updated in round 3! max:(0.16, 'C=CC=CC=CC=C'), min:(-99999, '')
[0.024956941604614258] Updated in round 4! max:(0.2, 'C=CC=CC=CC(=C)C=C'), min:(-99999, '')
[0.0327298641204834] Updated in round 5! max:(0.2, 'C=CC=CC=CC(=C)C=C'), min:(-99999, '')
[0.035225629806518555] Updated in round 6! max:(0.2, 'C=CC=CC=CC(=C)C=C'), min:(-99999, '')
[0.046740055084228516] Updated in round 7! max:(0.24, 'C=CC(=C)C=CC=C(C=C)C=C'), min:(-99999, '')
[0.05779743194580078] Updated in round 8! max:(0.28, 'C=CC=C(C=C)C=CC=C(C=C)C=C'), min:(-99999, '')
[0.06868195533752441] Updated in round 9! max:(0.28, 'C=CC=C(C=C)C=CC=C(C=C)C=C'), min:(-99999, '')
[0.07034826278686523] Updated in round 10! max:(0.32, 'C=CC=CC(C=C)=CC=CC(C=C)=CC=C'), min:(-99999, '')
[0.08299875259399414] Updated in round 11! max:(0.32, 'C=CC=CC(C=C)=CC=CC(C=C)=CC=C'), min:(-99999, '')
[0.08589768409729004] Updated in round 12! max:(0.32, 'C=CC=CC(C=C)=CC=CC(C=C)=CC=C'), min:(-99999, '')
[0.09073090553283691] Updated in round 13! max:(0.32, 'C=CC=CC(C=C)=CC=CC(C=C)=CC=C'), min:(-99999, '')
[0.09369969367980957] Updated in round 14! max:(0.32, 'C=CC=CC(C=C)=CC=CC(C=C)=CC=C'), min:(-99999, '')
[0.09845876693725586] Updated in round 15! max:(0.32, 'C=CC=CC(C=C)=CC=CC(C=C)=CC=C'), min:(-99999, '')
[0.09991908073425293] Updated in round 16! max:(0.36, 'C=CC=C(C=C)C=CC=c1ccc(=C)cc1'), min:(-99999, '')
[0.11537003517150879] Updated in round 17! max:(0.36, 'C=CC=C(C=C)C=CC=c1ccc(=C)cc1'), min:(-99999, '')
[0.1172020435333252] Updated in round 18! max:(0.4, 'C=CC(C=C)=C(C=C)C=CC=c1ccc(=C)cc1'), min:(-99999, '')
[0.1353621482849121] Updated in round 19! max:(0.4, 'C=CC(C=C)=C(C=C)C=CC=c1ccc(=C)cc1'), min:(-99999, '')
[0.13709235191345215] Updated in round 20! max:(0.44, 'C=CC(C=C)=c1ccc(=c2ccc(=C)cc2)cc1'), min:(-99999, '')
[0.15685415267944336] Updated in round 21! max:(0.44, 'C=CC(C=C)=c1ccc(=c2ccc(=C)cc2)cc1'), min:(-99999, '')
[0.15871548652648926] Updated in round 22! max:(0.44, 'C=CC(C=C)=c1ccc(=c2ccc(=C)cc2)cc1'), min:(-99999, '')
[0.1602001190185547] Updated in round 23! max:(0.44, 'C=CC(C=C)=c1ccc(=c2ccc(=C)cc2)cc1'), min:(-99999, '')
[0.1624600887298584] Updated in round 24! max:(0.48, 'C=CC=c1ccc(=c2ccc(=C(C=C)C=C)cc2)cc1'), min:(-99999, '')
[0.18844246864318848] Updated in round 25! max:(0.52, 'C=CC=CC=c1ccc(=c2ccc(=C(C=C)C=C)cc2)cc1'), min:(-99999, '')
[0.22065186500549316] Updated in round 26! max:(0.56, 'C=CC(=C)C=CC=c1ccc(=c2ccc(=C(C=C)C=C)cc2)cc1'), min:(-99999, '')
[0.2575044631958008] Updated in round 27! max:(0.56, 'C=CC(=C)C=CC=c1ccc(=c2ccc(=C(C=C)C=C)cc2)cc1'), min:(-99999, '')
[0.28136587142944336] Updated in round 28! max:(0.56, 'C=CC(=C)C=CC=c1ccc(=c2ccc(=C(C=C)C=C)cc2)cc1'), min:(-99999, '')
[0.29308128356933594] Updated in round 29! max:(0.56, 'C=CC(=C)C=CC=c1ccc(=c2ccc(=C(C=C)C=C)cc2)cc1'), min:(-99999, '')
[0.302295446395874] Updated in round 30! max:(0.56, 'C=CC(=C)C=CC=c1ccc(=c2ccc(=C(C=C)C=C)cc2)cc1'), min:(-99999, '')
[0.3054220676422119] Updated in round 31! max:(0.6, 'C=CC=C(C=C)C=CC=c1ccc(=c2ccc(=C(C=C)C=C)cc2)cc1'), min:(-99999, '')
[0.3506460189819336] Updated in round 32! max:(0.6, 'C=CC=C(C=C)C=CC=c1ccc(=c2ccc(=C(C=C)C=C)cc2)cc1'), min:(-99999, '')
[0.35291171073913574] Updated in round 33! max:(0.6, 'C=CC=C(C=C)C=CC=c1ccc(=c2ccc(=C(C=C)C=C)cc2)cc1'), min:(-99999, '')
[0.35513854026794434] Updated in round 34! max:(0.6, 'C=CC=C(C=C)C=CC=c1ccc(=c2ccc(=C(C=C)C=C)cc2)cc1'), min:(-99999, '')
[0.35766172409057617] Updated in round 35! max:(0.6, 'C=CC=C(C=C)C=CC=c1ccc(=c2ccc(=C(C=C)C=C)cc2)cc1'), min:(-99999, '')
[0.36048388481140137] Updated in round 36! max:(0.6, 'C=CC=C(C=C)C=CC=c1ccc(=c2ccc(=C(C=C)C=C)cc2)cc1'), min:(-99999, '')
[0.36269664764404297] Updated in round 37! max:(0.6, 'C=CC=C(C=C)C=CC=c1ccc(=c2ccc(=C(C=C)C=C)cc2)cc1'), min:(-99999, '')
[0.36539340019226074] Updated in round 38! max:(0.6, 'C=CC=C(C=C)C=CC=c1ccc(=c2ccc(=C(C=C)C=C)cc2)cc1'), min:(-99999, '')
[0.36770033836364746] Updated in round 39! max:(0.6, 'C=CC=C(C=C)C=CC=c1ccc(=c2ccc(=C(C=C)C=C)cc2)cc1'), min:(-99999, '')
[0.3701460361480713] Updated in round 40! max:(0.6, 'C=CC=C(C=C)C=CC=c1ccc(=c2ccc(=C(C=C)C=C)cc2)cc1'), min:(-99999, '')
[0.3744781017303467] Updated in round 41! max:(0.64, 'C=CC=CC=C(C=C)C=CC=c1ccc(=c2ccc(=C(C=C)C=C)cc2)cc1'), min:(-99999, '')
[0.43128275871276855] Updated in round 42! max:(0.68, 'C=CC=CC=C(C=C)C=CC=c1ccc(=c2ccc(=C(C=C)C=CC=C)cc2)cc1'), min:(-99999, '')
[0.4960792064666748] Updated in round 43! max:(0.68, 'C=CC=CC=C(C=C)C=CC=c1ccc(=c2ccc(=C(C=C)C=CC=C)cc2)cc1'), min:(-99999, '')
[0.49863314628601074] Updated in round 44! max:(0.68, 'C=CC=CC=C(C=C)C=CC=c1ccc(=c2ccc(=C(C=C)C=CC=C)cc2)cc1'), min:(-99999, '')
[0.5017609596252441] Updated in round 45! max:(0.68, 'C=CC=CC=C(C=C)C=CC=c1ccc(=c2ccc(=C(C=C)C=CC=C)cc2)cc1'), min:(-99999, '')
[0.505202054977417] Updated in round 46! max:(0.72, 'C=CC=CC=CC=C(C=C)C=CC=c1ccc(=c2ccc(=C(C=C)C=CC=C)cc2)cc1'), min:(-99999, '')
[0.5839614868164062] Updated in round 47! max:(0.72, 'C=CC=CC=CC=C(C=C)C=CC=c1ccc(=c2ccc(=C(C=C)C=CC=C)cc2)cc1'), min:(-99999, '')
[0.5882561206817627] Updated in round 48! max:(0.76, 'C=CC=CC(C=C)=c1ccc(=c2ccc(=CC=CC(C=C)=CC=CC=C(C=C)C=C)cc2)cc1'), min:(-99999, '')
[0.6774342060089111] Updated in round 49! max:(0.76, 'C=CC=CC(C=C)=c1ccc(=c2ccc(=CC=CC(C=C)=CC=CC=C(C=C)C=C)cc2)cc1'), min:(-99999, '')
[0.6801295280456543] Updated in round 50! max:(0.76, 'C=CC=CC(C=C)=c1ccc(=c2ccc(=CC=CC(C=C)=CC=CC=C(C=C)C=C)cc2)cc1'), min:(-99999, '')
[0.6835174560546875] Updated in round 51! max:(0.76, 'C=CC=CC(C=C)=c1ccc(=c2ccc(=CC=CC(C=C)=CC=CC=C(C=C)C=C)cc2)cc1'), min:(-99999, '')
[0.6869015693664551] Updated in round 52! max:(0.76, 'C=CC=CC(C=C)=c1ccc(=c2ccc(=CC=CC(C=C)=CC=CC=C(C=C)C=C)cc2)cc1'), min:(-99999, '')
[0.6897761821746826] Updated in round 53! max:(0.76, 'C=CC=CC(C=C)=c1ccc(=c2ccc(=CC=CC(C=C)=CC=CC=C(C=C)C=C)cc2)cc1'), min:(-99999, '')
[0.6933352947235107] Updated in round 54! max:(0.76, 'C=CC=CC(C=C)=c1ccc(=c2ccc(=CC=CC(C=C)=CC=CC=C(C=C)C=C)cc2)cc1'), min:(-99999, '')
[0.6969234943389893] Updated in round 55! max:(0.76, 'C=CC=CC(C=C)=c1ccc(=c2ccc(=CC=CC(C=C)=CC=CC=C(C=C)C=C)cc2)cc1'), min:(-99999, '')
[0.7004730701446533] Updated in round 56! max:(0.76, 'C=CC=CC(C=C)=c1ccc(=c2ccc(=CC=CC(C=C)=CC=CC=C(C=C)C=C)cc2)cc1'), min:(-99999, '')
[0.7031311988830566] Updated in round 57! max:(0.76, 'C=CC=CC(C=C)=c1ccc(=c2ccc(=CC=CC(C=C)=CC=CC=C(C=C)C=C)cc2)cc1'), min:(-99999, '')
[0.7057971954345703] Updated in round 58! max:(0.76, 'C=CC=CC(C=C)=c1ccc(=c2ccc(=CC=CC(C=C)=CC=CC=C(C=C)C=C)cc2)cc1'), min:(-99999, '')
[0.7094159126281738] Updated in round 59! max:(0.76, 'C=CC=CC(C=C)=c1ccc(=c2ccc(=CC=CC(C=C)=CC=CC=C(C=C)C=C)cc2)cc1'), min:(-99999, '')
[0.7119848728179932] Updated in round 60! max:(0.76, 'C=CC=CC(C=C)=c1ccc(=c2ccc(=CC=CC(C=C)=CC=CC=C(C=C)C=C)cc2)cc1'), min:(-99999, '')
[0.7146956920623779] Updated in round 61! max:(0.76, 'C=CC=CC(C=C)=c1ccc(=c2ccc(=CC=CC(C=C)=CC=CC=C(C=C)C=C)cc2)cc1'), min:(-99999, '')
[0.7176623344421387] Updated in round 62! max:(0.76, 'C=CC=CC(C=C)=c1ccc(=c2ccc(=CC=CC(C=C)=CC=CC=C(C=C)C=C)cc2)cc1'), min:(-99999, '')
[0.720552921295166] Updated in round 63! max:(0.76, 'C=CC=CC(C=C)=c1ccc(=c2ccc(=CC=CC(C=C)=CC=CC=C(C=C)C=C)cc2)cc1'), min:(-99999, '')
[0.7232692241668701] Updated in round 64! max:(0.76, 'C=CC=CC(C=C)=c1ccc(=c2ccc(=CC=CC(C=C)=CC=CC=C(C=C)C=C)cc2)cc1'), min:(-99999, '')
[0.7268733978271484] Updated in round 65! max:(0.76, 'C=CC=CC(C=C)=c1ccc(=c2ccc(=CC=CC(C=C)=CC=CC=C(C=C)C=C)cc2)cc1'), min:(-99999, '')
[0.7299940586090088] Updated in round 66! max:(0.76, 'C=CC=CC(C=C)=c1ccc(=c2ccc(=CC=CC(C=C)=CC=CC=C(C=C)C=C)cc2)cc1'), min:(-99999, '')
[0.7334330081939697] Updated in round 67! max:(0.76, 'C=CC=CC(C=C)=c1ccc(=c2ccc(=CC=CC(C=C)=CC=CC=C(C=C)C=C)cc2)cc1'), min:(-99999, '')
[0.7381963729858398] Updated in round 68! max:(0.76, 'C=CC=CC(C=C)=c1ccc(=c2ccc(=CC=CC(C=C)=CC=CC=C(C=C)C=C)cc2)cc1'), min:(-99999, '')
[0.7428092956542969] Updated in round 69! max:(0.8, 'C=CC(C=C)=CC=CC=C(C=C)C=CC=c1ccc(=c2ccc(=c3ccc(=C)cc3)cc2)cc1'), min:(-99999, '')
[0.8372583389282227] Updated in round 70! max:(0.8, 'C=CC(C=C)=CC=CC=C(C=C)C=CC=c1ccc(=c2ccc(=c3ccc(=C)cc3)cc2)cc1'), min:(-99999, '')
[0.8415019512176514] Updated in round 71! max:(0.84, 'C=CC(C=C)=CC=CC(C=C)=C(C=C)C=CC=c1ccc(=c2ccc(=c3ccc(=C)cc3)cc2)cc1'), min:(-99999, '')
[0.9466552734375] Updated in round 72! max:(0.84, 'C=CC(C=C)=CC=CC(C=C)=C(C=C)C=CC=c1ccc(=c2ccc(=c3ccc(=C)cc3)cc2)cc1'), min:(-99999, '')
[0.950981855392456] Updated in round 73! max:(0.84, 'C=CC(C=C)=CC=CC(C=C)=C(C=C)C=CC=c1ccc(=c2ccc(=c3ccc(=C)cc3)cc2)cc1'), min:(-99999, '')
[0.9551291465759277] Updated in round 74! max:(0.84, 'C=CC(C=C)=CC=CC(C=C)=C(C=C)C=CC=c1ccc(=c2ccc(=c3ccc(=C)cc3)cc2)cc1'), min:(-99999, '')
[0.9587888717651367] Updated in round 75! max:(0.84, 'C=CC(C=C)=CC=CC(C=C)=C(C=C)C=CC=c1ccc(=c2ccc(=c3ccc(=C)cc3)cc2)cc1'), min:(-99999, '')
[0.9619204998016357] Updated in round 76! max:(0.84, 'C=CC(C=C)=CC=CC(C=C)=C(C=C)C=CC=c1ccc(=c2ccc(=c3ccc(=C)cc3)cc2)cc1'), min:(-99999, '')
[0.96624755859375] Updated in round 77! max:(0.84, 'C=CC(C=C)=CC=CC(C=C)=C(C=C)C=CC=c1ccc(=c2ccc(=c3ccc(=C)cc3)cc2)cc1'), min:(-99999, '')
[0.9703497886657715] Updated in round 78! max:(0.88, 'C=CC(C=C)=CC=CC(C=C)=c1ccc(=c2ccc(=c3ccc(=c4ccc(=C)cc4)cc3)cc2)cc1'), min:(-99999, '')
[1.0785291194915771] Updated in round 79! max:(0.88, 'C=CC(C=C)=CC=CC(C=C)=c1ccc(=c2ccc(=c3ccc(=c4ccc(=C)cc4)cc3)cc2)cc1'), min:(-99999, '')
[1.0831611156463623] Updated in round 80! max:(0.88, 'C=CC(C=C)=CC=CC(C=C)=c1ccc(=c2ccc(=c3ccc(=c4ccc(=C)cc4)cc3)cc2)cc1'), min:(-99999, '')
[1.086954116821289] Updated in round 81! max:(0.88, 'C=CC(C=C)=CC=CC(C=C)=c1ccc(=c2ccc(=c3ccc(=c4ccc(=C)cc4)cc3)cc2)cc1'), min:(-99999, '')
[1.0917432308197021] Updated in round 82! max:(0.88, 'C=CC(C=C)=CC=CC(C=C)=c1ccc(=c2ccc(=c3ccc(=c4ccc(=C)cc4)cc3)cc2)cc1'), min:(-99999, '')
[1.0949656963348389] Updated in round 83! max:(0.88, 'C=CC(C=C)=CC=CC(C=C)=c1ccc(=c2ccc(=c3ccc(=c4ccc(=C)cc4)cc3)cc2)cc1'), min:(-99999, '')
[1.1005215644836426] Updated in round 84! max:(0.88, 'C=CC(C=C)=CC=CC(C=C)=c1ccc(=c2ccc(=c3ccc(=c4ccc(=C)cc4)cc3)cc2)cc1'), min:(-99999, '')
[1.1044037342071533] Updated in round 85! max:(0.92, 'C=CC(C=C)=c1ccc(=c2ccc(=c3ccc(=c4ccc(=c5ccc(=C)cc5)cc4)cc3)cc2)cc1'), min:(-99999, '')
[1.218940019607544] Updated in round 86! max:(0.92, 'C=CC(C=C)=c1ccc(=c2ccc(=c3ccc(=c4ccc(=c5ccc(=C)cc5)cc4)cc3)cc2)cc1'), min:(-99999, '')
[1.2221906185150146] Updated in round 87! max:(0.92, 'C=CC(C=C)=c1ccc(=c2ccc(=c3ccc(=c4ccc(=c5ccc(=C)cc5)cc4)cc3)cc2)cc1'), min:(-99999, '')
[1.2265269756317139] Updated in round 88! max:(0.92, 'C=CC(C=C)=c1ccc(=c2ccc(=c3ccc(=c4ccc(=c5ccc(=C)cc5)cc4)cc3)cc2)cc1'), min:(-99999, '')
[1.2314424514770508] Updated in round 89! max:(0.92, 'C=CC(C=C)=c1ccc(=c2ccc(=c3ccc(=c4ccc(=c5ccc(=C)cc5)cc4)cc3)cc2)cc1'), min:(-99999, '')
[1.2359602451324463] Updated in round 90! max:(0.92, 'C=CC(C=C)=c1ccc(=c2ccc(=c3ccc(=c4ccc(=c5ccc(=C)cc5)cc4)cc3)cc2)cc1'), min:(-99999, '')
[1.2389872074127197] Updated in round 91! max:(0.92, 'C=CC(C=C)=c1ccc(=c2ccc(=c3ccc(=c4ccc(=c5ccc(=C)cc5)cc4)cc3)cc2)cc1'), min:(-99999, '')
[1.2419650554656982] Updated in round 92! max:(0.92, 'C=CC(C=C)=c1ccc(=c2ccc(=c3ccc(=c4ccc(=c5ccc(=C)cc5)cc4)cc3)cc2)cc1'), min:(-99999, '')
[1.246497392654419] Updated in round 93! max:(0.96, 'C=CC1=c2ccc(cc2)=c2ccc(cc2)=c2ccc(cc2)=c2ccc(cc2)=c2ccc(cc2)=CC=C1'), min:(-99999, '')
[1.4230632781982422] Updated in round 94! max:(0.96, 'C=CC1=c2ccc(cc2)=c2ccc(cc2)=c2ccc(cc2)=c2ccc(cc2)=c2ccc(cc2)=CC=C1'), min:(-99999, '')
[1.4294514656066895] Updated in round 95! max:(0.96, 'C=CC1=c2ccc(cc2)=c2ccc(cc2)=c2ccc(cc2)=c2ccc(cc2)=c2ccc(cc2)=CC=C1'), min:(-99999, '')
[1.4349110126495361] Updated in round 96! max:(0.96, 'C=CC1=c2ccc(cc2)=c2ccc(cc2)=c2ccc(cc2)=c2ccc(cc2)=c2ccc(cc2)=CC=C1'), min:(-99999, '')
[1.4391186237335205] Updated in round 97! max:(0.96, 'C=CC1=c2ccc(cc2)=c2ccc(cc2)=c2ccc(cc2)=c2ccc(cc2)=c2ccc(cc2)=CC=C1'), min:(-99999, '')
[1.4432284832000732] Updated in round 98! max:(0.96, 'C=CC1=c2ccc(cc2)=c2ccc(cc2)=c2ccc(cc2)=c2ccc(cc2)=c2ccc(cc2)=CC=C1'), min:(-99999, '')
[1.4510345458984375] Updated in round 99! max:(0.96, 'C=CC1=c2ccc(cc2)=c2ccc(cc2)=c2ccc(cc2)=c2ccc(cc2)=c2ccc(cc2)=CC=C1'), min:(-99999, '')
[1.4564731121063232] Updated in round 100! max:(0.96, 'C=CC1=c2ccc(cc2)=c2ccc(cc2)=c2ccc(cc2)=c2ccc(cc2)=c2ccc(cc2)=CC=C1'), min:(-99999, '')
[1.4947099685668945] Reproduced in round 101!!
