[0.00016951560974121094]Start running EvoMol from [H][H]...
[0.00060272216796875] Updated in round 1! max:(0.04, 'C=C'), min:(-99999, '')
[0.0012478828430175781] Updated in round 2! max:(0.08, 'C=CC=C'), min:(-99999, '')
[0.002888202667236328] Updated in round 3! max:(0.12, 'C=CC=CC=C'), min:(-99999, '')
[0.0064961910247802734] Updated in round 4! max:(0.16, 'C=CC=CC=CC=C'), min:(-99999, '')
[0.009453296661376953] Updated in round 5! max:(0.2, 'C=CC=CC=C(C=C)C=C'), min:(-99999, '')
[0.013511180877685547] Updated in round 6! max:(0.24, 'C=CC=CC=C(C=C)C=CC=C'), min:(-99999, '')
[0.020150423049926758] Updated in round 7! max:(0.24, 'C=CC=CC=C(C=C)C=CC=C'), min:(-99999, '')
[0.02140355110168457] Updated in round 8! max:(0.28, 'C=CC=CC(C=C)=C(C=C)C=CC=C'), min:(-99999, '')
[0.028455257415771484] Updated in round 9! max:(0.32, 'C=CC=CC=CC(C=C)=C(C=C)C=CC=C'), min:(-99999, '')
[0.03766441345214844] Updated in round 10! max:(0.32, 'C=CC=CC=CC(C=C)=C(C=C)C=CC=C'), min:(-99999, '')
[0.03923630714416504] Updated in round 11! max:(0.36, 'C=CC=CC=CC=CC(C=C)=C(C=C)C=CC=C'), min:(-99999, '')
[0.05257892608642578] Updated in round 12! max:(0.4, 'C=CC=CC=CC=CC(C=C)=C(C=C)C=CC=CC=C'), min:(-99999, '')
[0.07011628150939941] Updated in round 13! max:(0.44, 'C=CC=CC=CC=CC=CC(C=C)=C(C=C)C=CC=CC=C'), min:(-99999, '')
[0.09231233596801758] Updated in round 14! max:(0.44, 'C=CC=CC=CC=CC=CC(C=C)=C(C=C)C=CC=CC=C'), min:(-99999, '')
[0.09570765495300293] Updated in round 15! max:(0.48, 'C=CC=CC=CC=CC=CC=CC(C=C)=C(C=C)C=CC=CC=C'), min:(-99999, '')
[0.12415957450866699] Updated in round 16! max:(0.48, 'C=CC=CC=CC=CC=CC=CC(C=C)=C(C=C)C=CC=CC=C'), min:(-99999, '')
[0.12683868408203125] Updated in round 17! max:(0.48, 'C=CC=CC=CC=CC=CC=CC(C=C)=C(C=C)C=CC=CC=C'), min:(-99999, '')
[0.12890005111694336] Updated in round 18! max:(0.48, 'C=CC=CC=CC=CC=CC=CC(C=C)=C(C=C)C=CC=CC=C'), min:(-99999, '')
[0.13250279426574707] Updated in round 19! max:(0.52, 'C=CC=CC=CC=CC=CC=CC(C=C)=c1ccc(=CC=C)cc1'), min:(-99999, '')
[0.16255807876586914] Updated in round 20! max:(0.52, 'C=CC=CC=CC=CC=CC=CC(C=C)=c1ccc(=CC=C)cc1'), min:(-99999, '')
[0.1654055118560791] Updated in round 21! max:(0.56, 'C=CC=CC(C=C)=CC=CC=CC=CC(C=C)=c1ccc(=CC=C)cc1'), min:(-99999, '')
[0.20029854774475098] Updated in round 22! max:(0.56, 'C=CC=CC(C=C)=CC=CC=CC=CC(C=C)=c1ccc(=CC=C)cc1'), min:(-99999, '')
[0.20293498039245605] Updated in round 23! max:(0.56, 'C=CC=CC(C=C)=CC=CC=CC=CC(C=C)=c1ccc(=CC=C)cc1'), min:(-99999, '')
[0.20634913444519043] Updated in round 24! max:(0.6, 'C=CC=CC=CC(C=C)=CC=CC=CC=CC(C=C)=c1ccc(=CC=C)cc1'), min:(-99999, '')
[0.2499697208404541] Updated in round 25! max:(0.6, 'C=CC=CC=CC(C=C)=CC=CC=CC=CC(C=C)=c1ccc(=CC=C)cc1'), min:(-99999, '')
[0.25327348709106445] Updated in round 26! max:(0.6, 'C=CC=CC=CC(C=C)=CC=CC=CC=CC(C=C)=c1ccc(=CC=C)cc1'), min:(-99999, '')
[0.255643367767334] Updated in round 27! max:(0.6, 'C=CC=CC=CC(C=C)=CC=CC=CC=CC(C=C)=c1ccc(=CC=C)cc1'), min:(-99999, '')
[0.2587006092071533] Updated in round 28! max:(0.6, 'C=CC=CC=CC(C=C)=CC=CC=CC=CC(C=C)=c1ccc(=CC=C)cc1'), min:(-99999, '')
[0.26158761978149414] Updated in round 29! max:(0.6, 'C=CC=CC=CC(C=C)=CC=CC=CC=CC(C=C)=c1ccc(=CC=C)cc1'), min:(-99999, '')
[0.2643406391143799] Updated in round 30! max:(0.6, 'C=CC=CC=CC(C=C)=CC=CC=CC=CC(C=C)=c1ccc(=CC=C)cc1'), min:(-99999, '')
[0.26741981506347656] Updated in round 31! max:(0.6, 'C=CC=CC=CC(C=C)=CC=CC=CC=CC(C=C)=c1ccc(=CC=C)cc1'), min:(-99999, '')
[0.26988697052001953] Updated in round 32! max:(0.6, 'C=CC=CC=CC(C=C)=CC=CC=CC=CC(C=C)=c1ccc(=CC=C)cc1'), min:(-99999, '')
[0.2727785110473633] Updated in round 33! max:(0.6, 'C=CC=CC=CC(C=C)=CC=CC=CC=CC(C=C)=c1ccc(=CC=C)cc1'), min:(-99999, '')
[0.2763676643371582] Updated in round 34! max:(0.64, 'C=CC=CC=CC(C=C)=CC=CC=c1ccc(=c2ccc(=CC=C)cc2)cc1'), min:(-99999, '')
[0.3229513168334961] Updated in round 35! max:(0.68, 'C=CC=CC=CC=CC(C=C)=CC=CC=c1ccc(=c2ccc(=CC=C)cc2)cc1'), min:(-99999, '')
[0.3779642581939697] Updated in round 36! max:(0.68, 'C=CC=CC=CC=CC(C=C)=CC=CC=c1ccc(=c2ccc(=CC=C)cc2)cc1'), min:(-99999, '')
[0.3821980953216553] Updated in round 37! max:(0.68, 'C=CC=CC=CC=CC(C=C)=CC=CC=c1ccc(=c2ccc(=CC=C)cc2)cc1'), min:(-99999, '')
[0.38645005226135254] Updated in round 38! max:(0.68, 'C=CC=CC=CC=CC(C=C)=CC=CC=c1ccc(=c2ccc(=CC=C)cc2)cc1'), min:(-99999, '')
[0.3896214962005615] Updated in round 39! max:(0.68, 'C=CC=CC=CC=CC(C=C)=CC=CC=c1ccc(=c2ccc(=CC=C)cc2)cc1'), min:(-99999, '')
[0.39380383491516113] Updated in round 40! max:(0.72, 'C=CC1=CC=CC=c2ccc(cc2)=c2ccc(cc2)=CC=CC=CC=CC=CC=C1'), min:(-99999, '')
[0.4578361511230469] Updated in round 41! max:(0.72, 'C=CC1=CC=CC=c2ccc(cc2)=c2ccc(cc2)=CC=CC=CC=CC=CC=C1'), min:(-99999, '')
[0.46189165115356445] Updated in round 42! max:(0.76, 'C1=CC=CC=c2ccc(cc2)=c2ccc(cc2)=CC=CC=c2ccc(cc2)=CC=C1'), min:(-99999, '')
[0.5340609550476074] Updated in round 43! max:(0.8, 'C=CC1=c2ccc(cc2)=CC=CC=CC=CC=c2ccc(cc2)=c2ccc(cc2)=CC=C1'), min:(-99999, '')
[0.6143622398376465] Updated in round 44! max:(0.8, 'C=CC1=c2ccc(cc2)=CC=CC=CC=CC=c2ccc(cc2)=c2ccc(cc2)=CC=C1'), min:(-99999, '')
[0.6193666458129883] Updated in round 45! max:(0.84, 'C1=CC=CC=c2ccc(cc2)=c2ccc(cc2)=c2ccc(cc2)=c2ccc(cc2)=CC=C1'), min:(-99999, '')
[0.7044706344604492] Updated in round 46! max:(0.84, 'C1=CC=CC=c2ccc(cc2)=c2ccc(cc2)=c2ccc(cc2)=c2ccc(cc2)=CC=C1'), min:(-99999, '')
[0.7079846858978271] Updated in round 47! max:(0.84, 'C1=CC=CC=c2ccc(cc2)=c2ccc(cc2)=c2ccc(cc2)=c2ccc(cc2)=CC=C1'), min:(-99999, '')
[0.7111408710479736] Updated in round 48! max:(0.84, 'C1=CC=CC=c2ccc(cc2)=c2ccc(cc2)=c2ccc(cc2)=c2ccc(cc2)=CC=C1'), min:(-99999, '')
[0.7152025699615479] Updated in round 49! max:(0.84, 'C1=CC=CC=c2ccc(cc2)=c2ccc(cc2)=c2ccc(cc2)=c2ccc(cc2)=CC=C1'), min:(-99999, '')
[0.7190017700195312] Updated in round 50! max:(0.84, 'C1=CC=CC=c2ccc(cc2)=c2ccc(cc2)=c2ccc(cc2)=c2ccc(cc2)=CC=C1'), min:(-99999, '')
[0.7243266105651855] Updated in round 51! max:(0.88, 'C=CC1=CC=CC=c2ccc(cc2)=c2ccc(cc2)=c2ccc(cc2)=c2ccc(cc2)=CC=C1'), min:(-99999, '')
[0.8225228786468506] Updated in round 52! max:(0.92, 'C=CC1=CC=CC(C=C)=c2ccc(cc2)=c2ccc(cc2)=c2ccc(cc2)=c2ccc(cc2)=CC=C1'), min:(-99999, '')
[0.9304940700531006] Updated in round 53! max:(0.92, 'C=CC1=CC=CC(C=C)=c2ccc(cc2)=c2ccc(cc2)=c2ccc(cc2)=c2ccc(cc2)=CC=C1'), min:(-99999, '')
[0.9351928234100342] Updated in round 54! max:(0.92, 'C=CC1=CC=CC(C=C)=c2ccc(cc2)=c2ccc(cc2)=c2ccc(cc2)=c2ccc(cc2)=CC=C1'), min:(-99999, '')
[0.9395177364349365] Updated in round 55! max:(0.92, 'C=CC1=CC=CC(C=C)=c2ccc(cc2)=c2ccc(cc2)=c2ccc(cc2)=c2ccc(cc2)=CC=C1'), min:(-99999, '')
[0.9435045719146729] Updated in round 56! max:(0.92, 'C=CC1=CC=CC(C=C)=c2ccc(cc2)=c2ccc(cc2)=c2ccc(cc2)=c2ccc(cc2)=CC=C1'), min:(-99999, '')
[0.9482021331787109] Updated in round 57! max:(0.92, 'C=CC1=CC=CC(C=C)=c2ccc(cc2)=c2ccc(cc2)=c2ccc(cc2)=c2ccc(cc2)=CC=C1'), min:(-99999, '')
[0.9523282051086426] Updated in round 58! max:(0.92, 'C=CC1=CC=CC(C=C)=c2ccc(cc2)=c2ccc(cc2)=c2ccc(cc2)=c2ccc(cc2)=CC=C1'), min:(-99999, '')
[0.9571216106414795] Updated in round 59! max:(0.92, 'C=CC1=CC=CC(C=C)=c2ccc(cc2)=c2ccc(cc2)=c2ccc(cc2)=c2ccc(cc2)=CC=C1'), min:(-99999, '')
[0.9616634845733643] Updated in round 60! max:(0.92, 'C=CC1=CC=CC(C=C)=c2ccc(cc2)=c2ccc(cc2)=c2ccc(cc2)=c2ccc(cc2)=CC=C1'), min:(-99999, '')
[0.965949535369873] Updated in round 61! max:(0.92, 'C=CC1=CC=CC(C=C)=c2ccc(cc2)=c2ccc(cc2)=c2ccc(cc2)=c2ccc(cc2)=CC=C1'), min:(-99999, '')
[0.9699687957763672] Updated in round 62! max:(0.92, 'C=CC1=CC=CC(C=C)=c2ccc(cc2)=c2ccc(cc2)=c2ccc(cc2)=c2ccc(cc2)=CC=C1'), min:(-99999, '')
[0.9745492935180664] Updated in round 63! max:(0.92, 'C=CC1=CC=CC(C=C)=c2ccc(cc2)=c2ccc(cc2)=c2ccc(cc2)=c2ccc(cc2)=CC=C1'), min:(-99999, '')
[0.9789483547210693] Updated in round 64! max:(0.92, 'C=CC1=CC=CC(C=C)=c2ccc(cc2)=c2ccc(cc2)=c2ccc(cc2)=c2ccc(cc2)=CC=C1'), min:(-99999, '')
[0.9831032752990723] Updated in round 65! max:(0.92, 'C=CC1=CC=CC(C=C)=c2ccc(cc2)=c2ccc(cc2)=c2ccc(cc2)=c2ccc(cc2)=CC=C1'), min:(-99999, '')
[0.9869298934936523] Updated in round 66! max:(0.92, 'C=CC1=CC=CC(C=C)=c2ccc(cc2)=c2ccc(cc2)=c2ccc(cc2)=c2ccc(cc2)=CC=C1'), min:(-99999, '')
[0.9915981292724609] Updated in round 67! max:(0.92, 'C=CC1=CC=CC(C=C)=c2ccc(cc2)=c2ccc(cc2)=c2ccc(cc2)=c2ccc(cc2)=CC=C1'), min:(-99999, '')
[0.9968876838684082] Updated in round 68! max:(0.96, 'C=CC1=c2ccc(cc2)=c2ccc(cc2)=c2ccc(cc2)=c2ccc(cc2)=c2ccc(cc2)=CC=C1'), min:(-99999, '')
[1.1356563568115234] Updated in round 69! max:(0.96, 'C=CC1=c2ccc(cc2)=c2ccc(cc2)=c2ccc(cc2)=c2ccc(cc2)=c2ccc(cc2)=CC=C1'), min:(-99999, '')
[1.1416304111480713] Updated in round 70! max:(0.96, 'C=CC1=c2ccc(cc2)=c2ccc(cc2)=c2ccc(cc2)=c2ccc(cc2)=c2ccc(cc2)=CC=C1'), min:(-99999, '')
[1.1462669372558594] Updated in round 71! max:(0.96, 'C=CC1=c2ccc(cc2)=c2ccc(cc2)=c2ccc(cc2)=c2ccc(cc2)=c2ccc(cc2)=CC=C1'), min:(-99999, '')
[1.1476991176605225] Reproduced in round 72!!
