[6.151199340820312e-05]Start running EvoMol from [H][H]...
[0.0008068084716796875] Updated in round 1! max:(0.16, 'c1ccccc1'), min:(-99999, '')
[0.006887912750244141] Updated in round 2! max:(0.32, 'c1ccc(-c2ccccc2)cc1'), min:(-99999, '')
[0.023871660232543945] Updated in round 3! max:(0.48, 'c1ccc(-c2ccc(-c3ccccc3)cc2)cc1'), min:(-99999, '')
[0.0585024356842041] Updated in round 4! max:(0.48, 'c1ccc(-c2ccc(-c3ccccc3)cc2)cc1'), min:(-99999, '')
[0.06050682067871094] Updated in round 5! max:(0.48, 'c1ccc(-c2ccc(-c3ccccc3)cc2)cc1'), min:(-99999, '')
[0.06297063827514648] Updated in round 6! max:(0.52, 'C=Cc1ccc(-c2ccc(-c3ccccc3)cc2)cc1'), min:(-99999, '')
[0.10440993309020996] Updated in round 7! max:(0.56, 'C=CC(=C)c1ccc(-c2ccc(-c3ccccc3)cc2)cc1'), min:(-99999, '')
[0.15096521377563477] Updated in round 8! max:(0.6, 'C=CC(=C)c1ccc(-c2ccc(-c3ccc(C=C)cc3)cc2)cc1'), min:(-99999, '')
[0.20306134223937988] Updated in round 9! max:(0.6, 'C=CC(=C)c1ccc(-c2ccc(-c3ccc(C=C)cc3)cc2)cc1'), min:(-99999, '')
[0.20528554916381836] Updated in round 10! max:(0.6, 'C=CC(=C)c1ccc(-c2ccc(-c3ccc(C=C)cc3)cc2)cc1'), min:(-99999, '')
[0.2073202133178711] Updated in round 11! max:(0.6, 'C=CC(=C)c1ccc(-c2ccc(-c3ccc(C=C)cc3)cc2)cc1'), min:(-99999, '')
[0.20931768417358398] Updated in round 12! max:(0.6, 'C=CC(=C)c1ccc(-c2ccc(-c3ccc(C=C)cc3)cc2)cc1'), min:(-99999, '')
[0.21139311790466309] Updated in round 13! max:(0.6, 'C=CC(=C)c1ccc(-c2ccc(-c3ccc(C=C)cc3)cc2)cc1'), min:(-99999, '')
[0.21481871604919434] Updated in round 14! max:(0.72, 'C=CC(=C)c1ccc(-c2ccc(-c3ccc(-c4ccccc4)cc3)cc2)cc1'), min:(-99999, '')
[0.2954258918762207] Updated in round 15! max:(0.72, 'C=CC(=C)c1ccc(-c2ccc(-c3ccc(-c4ccccc4)cc3)cc2)cc1'), min:(-99999, '')
[0.2987544536590576] Updated in round 16! max:(0.72, 'C=CC(=C)c1ccc(-c2ccc(-c3ccc(-c4ccccc4)cc3)cc2)cc1'), min:(-99999, '')
[0.30115389823913574] Updated in round 17! max:(0.72, 'C=CC(=C)c1ccc(-c2ccc(-c3ccc(-c4ccccc4)cc3)cc2)cc1'), min:(-99999, '')
[0.30431365966796875] Updated in round 18! max:(0.76, 'C=CC=C(C=C)c1ccc(-c2ccc(-c3ccc(-c4ccccc4)cc3)cc2)cc1'), min:(-99999, '')
[0.3991830348968506] Updated in round 19! max:(0.76, 'C=CC=C(C=C)c1ccc(-c2ccc(-c3ccc(-c4ccccc4)cc3)cc2)cc1'), min:(-99999, '')
[0.40343236923217773] Updated in round 20! max:(0.76, 'C=CC=C(C=C)c1ccc(-c2ccc(-c3ccc(-c4ccccc4)cc3)cc2)cc1'), min:(-99999, '')
[0.40634632110595703] Updated in round 21! max:(0.76, 'C=CC=C(C=C)c1ccc(-c2ccc(-c3ccc(-c4ccccc4)cc3)cc2)cc1'), min:(-99999, '')
[0.4094657897949219] Updated in round 22! max:(0.76, 'C=CC=C(C=C)c1ccc(-c2ccc(-c3ccc(-c4ccccc4)cc3)cc2)cc1'), min:(-99999, '')
[0.4131510257720947] Updated in round 23! max:(0.8, 'C=CC=C(C=C)c1ccc(-c2ccc(-c3ccc(-c4ccc(C=C)cc4)cc3)cc2)cc1'), min:(-99999, '')
[0.5168571472167969] Updated in round 24! max:(0.84, 'C=CC=CC=C(C=C)c1ccc(-c2ccc(-c3ccc(-c4ccc(C=C)cc4)cc3)cc2)cc1'), min:(-99999, '')
[0.6361203193664551] Updated in round 25! max:(0.84, 'C=CC=CC=C(C=C)c1ccc(-c2ccc(-c3ccc(-c4ccc(C=C)cc4)cc3)cc2)cc1'), min:(-99999, '')
[0.639167070388794] Updated in round 26! max:(0.84, 'C=CC=CC=C(C=C)c1ccc(-c2ccc(-c3ccc(-c4ccc(C=C)cc4)cc3)cc2)cc1'), min:(-99999, '')
[0.643017053604126] Updated in round 27! max:(0.84, 'C=CC=CC=C(C=C)c1ccc(-c2ccc(-c3ccc(-c4ccc(C=C)cc4)cc3)cc2)cc1'), min:(-99999, '')
[0.6463282108306885] Updated in round 28! max:(0.84, 'C=CC=CC=C(C=C)c1ccc(-c2ccc(-c3ccc(-c4ccc(C=C)cc4)cc3)cc2)cc1'), min:(-99999, '')
[0.6517899036407471] Updated in round 29! max:(0.88, 'C=CC1=CC=CC=CC=Cc2ccc(cc2)-c2ccc(cc2)-c2ccc(cc2)-c2ccc1cc2'), min:(-99999, '')
[0.8124401569366455] Updated in round 30! max:(0.88, 'C=CC1=CC=CC=CC=Cc2ccc(cc2)-c2ccc(cc2)-c2ccc(cc2)-c2ccc1cc2'), min:(-99999, '')
[0.816899299621582] Updated in round 31! max:(0.88, 'C=CC1=CC=CC=CC=Cc2ccc(cc2)-c2ccc(cc2)-c2ccc(cc2)-c2ccc1cc2'), min:(-99999, '')
[0.822587251663208] Updated in round 32! max:(0.88, 'C=CC1=CC=CC=CC=Cc2ccc(cc2)-c2ccc(cc2)-c2ccc(cc2)-c2ccc1cc2'), min:(-99999, '')
[0.8278069496154785] Updated in round 33! max:(0.88, 'C=CC1=CC=CC=CC=Cc2ccc(cc2)-c2ccc(cc2)-c2ccc(cc2)-c2ccc1cc2'), min:(-99999, '')
[0.8343489170074463] Updated in round 34! max:(0.88, 'C=CC1=CC=CC=CC=Cc2ccc(cc2)-c2ccc(cc2)-c2ccc(cc2)-c2ccc1cc2'), min:(-99999, '')
[0.838432788848877] Updated in round 35! max:(0.88, 'C=CC1=CC=CC=CC=Cc2ccc(cc2)-c2ccc(cc2)-c2ccc(cc2)-c2ccc1cc2'), min:(-99999, '')
[0.8440518379211426] Updated in round 36! max:(0.88, 'C=CC1=CC=CC=CC=Cc2ccc(cc2)-c2ccc(cc2)-c2ccc(cc2)-c2ccc1cc2'), min:(-99999, '')
[0.8508315086364746] Updated in round 37! max:(0.88, 'C=CC1=CC=CC=CC=Cc2ccc(cc2)-c2ccc(cc2)-c2ccc(cc2)-c2ccc1cc2'), min:(-99999, '')
[0.8557024002075195] Updated in round 38! max:(0.88, 'C=CC1=CC=CC=CC=Cc2ccc(cc2)-c2ccc(cc2)-c2ccc(cc2)-c2ccc1cc2'), min:(-99999, '')
[0.859656810760498] Updated in round 39! max:(0.88, 'C=CC1=CC=CC=CC=Cc2ccc(cc2)-c2ccc(cc2)-c2ccc(cc2)-c2ccc1cc2'), min:(-99999, '')
[0.864405632019043] Updated in round 40! max:(0.88, 'C=CC1=CC=CC=CC=Cc2ccc(cc2)-c2ccc(cc2)-c2ccc(cc2)-c2ccc1cc2'), min:(-99999, '')
[0.8716452121734619] Updated in round 41! max:(0.88, 'C=CC1=CC=CC=CC=Cc2ccc(cc2)-c2ccc(cc2)-c2ccc(cc2)-c2ccc1cc2'), min:(-99999, '')
[0.875999927520752] Updated in round 42! max:(0.88, 'C=CC1=CC=CC=CC=Cc2ccc(cc2)-c2ccc(cc2)-c2ccc(cc2)-c2ccc1cc2'), min:(-99999, '')
[0.8818299770355225] Updated in round 43! max:(0.92, 'C1=Cc2ccc(cc2)-c2ccc(cc2)-c2ccc(cc2)-c2ccc(cc2)-c2ccc(cc2)C=C1'), min:(-99999, '')
[1.0951662063598633] Updated in round 44! max:(0.92, 'C1=Cc2ccc(cc2)-c2ccc(cc2)-c2ccc(cc2)-c2ccc(cc2)-c2ccc(cc2)C=C1'), min:(-99999, '')
[1.1013846397399902] Updated in round 45! max:(0.92, 'C1=Cc2ccc(cc2)-c2ccc(cc2)-c2ccc(cc2)-c2ccc(cc2)-c2ccc(cc2)C=C1'), min:(-99999, '')
[1.1072399616241455] Updated in round 46! max:(0.92, 'C1=Cc2ccc(cc2)-c2ccc(cc2)-c2ccc(cc2)-c2ccc(cc2)-c2ccc(cc2)C=C1'), min:(-99999, '')
[1.1110973358154297] Updated in round 47! max:(0.92, 'C1=Cc2ccc(cc2)-c2ccc(cc2)-c2ccc(cc2)-c2ccc(cc2)-c2ccc(cc2)C=C1'), min:(-99999, '')
[1.116487741470337] Updated in round 48! max:(0.92, 'C1=Cc2ccc(cc2)-c2ccc(cc2)-c2ccc(cc2)-c2ccc(cc2)-c2ccc(cc2)C=C1'), min:(-99999, '')
[1.1213743686676025] Updated in round 49! max:(0.92, 'C1=Cc2ccc(cc2)-c2ccc(cc2)-c2ccc(cc2)-c2ccc(cc2)-c2ccc(cc2)C=C1'), min:(-99999, '')
[1.1266131401062012] Updated in round 50! max:(0.96, 'C=CC1=CC=Cc2ccc(cc2)-c2ccc(cc2)-c2ccc(cc2)-c2ccc(cc2)-c2ccc1cc2'), min:(-99999, '')
[1.3549630641937256] Updated in round 51! max:(0.96, 'C=CC1=CC=Cc2ccc(cc2)-c2ccc(cc2)-c2ccc(cc2)-c2ccc(cc2)-c2ccc1cc2'), min:(-99999, '')
[1.3617122173309326] Updated in round 52! max:(0.96, 'C=CC1=CC=Cc2ccc(cc2)-c2ccc(cc2)-c2ccc(cc2)-c2ccc(cc2)-c2ccc1cc2'), min:(-99999, '')
[1.3689908981323242] Updated in round 53! max:(0.96, 'C=CC1=CC=Cc2ccc(cc2)-c2ccc(cc2)-c2ccc(cc2)-c2ccc(cc2)-c2ccc1cc2'), min:(-99999, '')
[1.3760414123535156] Updated in round 54! max:(0.96, 'C=CC1=CC=Cc2ccc(cc2)-c2ccc(cc2)-c2ccc(cc2)-c2ccc(cc2)-c2ccc1cc2'), min:(-99999, '')
[1.3817870616912842] Updated in round 55! max:(0.96, 'C=CC1=CC=Cc2ccc(cc2)-c2ccc(cc2)-c2ccc(cc2)-c2ccc(cc2)-c2ccc1cc2'), min:(-99999, '')
[1.3858723640441895] Updated in round 56! max:(0.96, 'C=CC1=CC=Cc2ccc(cc2)-c2ccc(cc2)-c2ccc(cc2)-c2ccc(cc2)-c2ccc1cc2'), min:(-99999, '')
[1.3909902572631836] Updated in round 57! max:(0.96, 'C=CC1=CC=Cc2ccc(cc2)-c2ccc(cc2)-c2ccc(cc2)-c2ccc(cc2)-c2ccc1cc2'), min:(-99999, '')
[1.3957908153533936] Reproduced in round 58!!
