[5.173683166503906e-05]Start running EvoMol from [H][H]...
[0.00048089027404785156] Updated in round 1! max:(0.08333333333333333, 'C=C'), min:(-99999, '')
[0.0042476654052734375] Updated in round 2! max:(0.16666666666666666, 'C=CC=C'), min:(-99999, '')
[0.011202573776245117] Updated in round 3! max:(0.25, 'C=CC=CC=C'), min:(-99999, '')
[0.013445138931274414] Updated in round 4! max:(0.25, 'C=CC=CC=C'), min:(-99999, '')
[0.014335393905639648] Updated in round 5! max:(0.3333333333333333, 'C=CC=CC=CC=C'), min:(-99999, '')
[0.017913341522216797] Updated in round 6! max:(0.4166666666666667, 'C=CC=CC=CC=CC=C'), min:(-99999, '')
[0.023125171661376953] Updated in round 7! max:(0.4166666666666667, 'C=CC=CC=CC=CC=C'), min:(-99999, '')
[0.023934125900268555] Updated in round 8! max:(0.4166666666666667, 'C=CC=CC=CC=CC=C'), min:(-99999, '')
[0.024618864059448242] Updated in round 9! max:(0.4166666666666667, 'C=CC=CC=CC=CC=C'), min:(-99999, '')
[0.02546095848083496] Updated in round 10! max:(0.5, 'C=CC=CC=CC=CC=CC=C'), min:(-99999, '')
[0.03301858901977539] Updated in round 11! max:(0.5833333333333334, 'C=CC=CC=CC=CC=CC=CC=C'), min:(-99999, '')
[0.0433344841003418] Updated in round 12! max:(0.5833333333333334, 'C=CC=CC=CC=CC=CC=CC=C'), min:(-99999, '')
[0.0442352294921875] Updated in round 13! max:(0.5833333333333334, 'C=CC=CC=CC=CC=CC=CC=C'), min:(-99999, '')
[0.04517841339111328] Updated in round 14! max:(0.5833333333333334, 'C=CC=CC=CC=CC=CC=CC=C'), min:(-99999, '')
[0.04604744911193848] Updated in round 15! max:(0.5833333333333334, 'C=CC=CC=CC=CC=CC=CC=C'), min:(-99999, '')
[0.04697084426879883] Updated in round 16! max:(0.5833333333333334, 'C=CC=CC=CC=CC=CC=CC=C'), min:(-99999, '')
[0.04799246788024902] Updated in round 17! max:(0.6666666666666666, 'C=CC=CC=CC=CC=CC=CC=CC=C'), min:(-99999, '')
[0.062062978744506836] Updated in round 18! max:(0.6666666666666666, 'C=CC=CC=CC=CC=CC=CC=CC=C'), min:(-99999, '')
[0.06322836875915527] Updated in round 19! max:(0.75, 'C=CC=CC=CC=CC=CC=CC=CC=CC=C'), min:(-99999, '')
[0.08220577239990234] Updated in round 20! max:(0.8333333333333334, 'C=CC=CC=CC=CC=CC=CC=CC=CC=CC=C'), min:(-99999, '')
[0.1064152717590332] Updated in round 21! max:(0.8333333333333334, 'C=CC=CC=CC=CC=CC=CC=CC=CC=CC=C'), min:(-99999, '')
[0.1075890064239502] Updated in round 22! max:(0.8333333333333334, 'C=CC=CC=CC=CC=CC=CC=CC=CC=CC=C'), min:(-99999, '')
[0.10873293876647949] Updated in round 23! max:(0.8333333333333334, 'C=CC=CC=CC=CC=CC=CC=CC=CC=CC=C'), min:(-99999, '')
[0.10989189147949219] Updated in round 24! max:(0.8333333333333334, 'C=CC=CC=CC=CC=CC=CC=CC=CC=CC=C'), min:(-99999, '')
[0.11104059219360352] Updated in round 25! max:(0.8333333333333334, 'C=CC=CC=CC=CC=CC=CC=CC=CC=CC=C'), min:(-99999, '')
[0.11220979690551758] Updated in round 26! max:(0.8333333333333334, 'C=CC=CC=CC=CC=CC=CC=CC=CC=CC=C'), min:(-99999, '')
[0.11331868171691895] Updated in round 27! max:(0.8333333333333334, 'C=CC=CC=CC=CC=CC=CC=CC=CC=CC=C'), min:(-99999, '')
[0.11444735527038574] Updated in round 28! max:(0.8333333333333334, 'C=CC=CC=CC=CC=CC=CC=CC=CC=CC=C'), min:(-99999, '')
[0.11558032035827637] Updated in round 29! max:(0.8333333333333334, 'C=CC=CC=CC=CC=CC=CC=CC=CC=CC=C'), min:(-99999, '')
[0.11669349670410156] Updated in round 30! max:(0.8333333333333334, 'C=CC=CC=CC=CC=CC=CC=CC=CC=CC=C'), min:(-99999, '')
[0.11781096458435059] Updated in round 31! max:(0.8333333333333334, 'C=CC=CC=CC=CC=CC=CC=CC=CC=CC=C'), min:(-99999, '')
[0.11913537979125977] Updated in round 32! max:(0.9166666666666666, 'C=CC=CC=CC=CC=CC=CC=CC=CC=CC=CC=C'), min:(-99999, '')
[0.15014886856079102] Updated in round 33! max:(0.9166666666666666, 'C=CC=CC=CC=CC=CC=CC=CC=CC=CC=CC=C'), min:(-99999, '')
[0.1514265537261963] Updated in round 34! max:(0.9166666666666666, 'C=CC=CC=CC=CC=CC=CC=CC=CC=CC=CC=C'), min:(-99999, '')
[0.152662992477417] Updated in round 35! max:(0.9166666666666666, 'C=CC=CC=CC=CC=CC=CC=CC=CC=CC=CC=C'), min:(-99999, '')
[0.15392255783081055] Updated in round 36! max:(0.9166666666666666, 'C=CC=CC=CC=CC=CC=CC=CC=CC=CC=CC=C'), min:(-99999, '')
[0.15514516830444336] Updated in round 37! max:(0.9166666666666666, 'C=CC=CC=CC=CC=CC=CC=CC=CC=CC=CC=C'), min:(-99999, '')
[0.15636014938354492] Updated in round 38! max:(0.9166666666666666, 'C=CC=CC=CC=CC=CC=CC=CC=CC=CC=CC=C'), min:(-99999, '')
[0.15759873390197754] Updated in round 39! max:(0.9166666666666666, 'C=CC=CC=CC=CC=CC=CC=CC=CC=CC=CC=C'), min:(-99999, '')
[0.15879464149475098] Updated in round 40! max:(0.9166666666666666, 'C=CC=CC=CC=CC=CC=CC=CC=CC=CC=CC=C'), min:(-99999, '')
[0.16008234024047852] Updated in round 41! max:(0.9166666666666666, 'C=CC=CC=CC=CC=CC=CC=CC=CC=CC=CC=C'), min:(-99999, '')
[0.16126751899719238] Updated in round 42! max:(0.9166666666666666, 'C=CC=CC=CC=CC=CC=CC=CC=CC=CC=CC=C'), min:(-99999, '')
[0.16242265701293945] Reproduced in round 43!!
