[6.532669067382812e-05]Start running EvoMol from [H][H]...
[0.0013287067413330078] Updated in round 1! max:(0.1, 'c1ccccc1'), min:(-99999, '')
[0.006159543991088867] Updated in round 2! max:(0.125, 'C#Cc1ccccc1'), min:(-99999, '')
[0.009705543518066406] Updated in round 3! max:(0.125, 'C#Cc1ccccc1'), min:(-99999, '')
[0.01169586181640625] Updated in round 4! max:(0.15, 'C=CC#Cc1ccccc1'), min:(-99999, '')
[0.01736164093017578] Updated in round 5! max:(0.225, 'C(#Cc1ccccc1)c1ccccc1'), min:(-99999, '')
[0.0272824764251709] Updated in round 6! max:(0.25, 'C#Cc1cccc(C#Cc2ccccc2)c1'), min:(-99999, '')
[0.0372462272644043] Updated in round 7! max:(0.25, 'C#Cc1cccc(C#Cc2ccccc2)c1'), min:(-99999, '')
[0.039228200912475586] Updated in round 8! max:(0.275, 'C=CC#Cc1cccc(C#Cc2ccccc2)c1'), min:(-99999, '')
[0.05347943305969238] Updated in round 9! max:(0.3, 'C=CC(=C)C#Cc1cccc(C#Cc2ccccc2)c1'), min:(-99999, '')
[0.07020950317382812] Updated in round 10! max:(0.325, 'C#Cc1ccc(C#CC(=C)C=C)cc1C#Cc1ccccc1'), min:(-99999, '')
[0.08776640892028809] Updated in round 11! max:(0.35, 'C=CC#Cc1ccc(C#CC(=C)C=C)cc1C#Cc1ccccc1'), min:(-99999, '')
[0.10820412635803223] Updated in round 12! max:(0.35, 'C=CC#Cc1ccc(C#CC(=C)C=C)cc1C#Cc1ccccc1'), min:(-99999, '')
[0.11021208763122559] Updated in round 13! max:(0.35, 'C=CC#Cc1ccc(C#CC(=C)C=C)cc1C#Cc1ccccc1'), min:(-99999, '')
[0.11283755302429199] Updated in round 14! max:(0.375, 'C#Cc1cc(C#CC(=C)C=C)cc(C#Cc2ccccc2)c1C#CC=C'), min:(-99999, '')
[0.1349928379058838] Updated in round 15! max:(0.4, 'C#Cc1cc(C#CC(=C)C=C)c(C#C)c(C#Cc2ccccc2)c1C#CC=C'), min:(-99999, '')
[0.15730500221252441] Updated in round 16! max:(0.4, 'C#Cc1cc(C#CC(=C)C=C)c(C#C)c(C#Cc2ccccc2)c1C#CC=C'), min:(-99999, '')
[0.16003108024597168] Updated in round 17! max:(0.5, 'C#Cc1c(C#CC(=C)C=C)cc(C#Cc2ccccc2)c(C#CC=C)c1C#Cc1ccccc1'), min:(-99999, '')
[0.2024996280670166] Updated in round 18! max:(0.5, 'C#Cc1c(C#CC(=C)C=C)cc(C#Cc2ccccc2)c(C#CC=C)c1C#Cc1ccccc1'), min:(-99999, '')
[0.20642685890197754] Updated in round 19! max:(0.55, 'C#Cc1c(C#Cc2ccccc2)cc(C#Cc2ccccc2)c(C#CC=C)c1C#Cc1ccccc1'), min:(-99999, '')
[0.26340627670288086] Updated in round 20! max:(0.55, 'C#Cc1c(C#Cc2ccccc2)cc(C#Cc2ccccc2)c(C#CC=C)c1C#Cc1ccccc1'), min:(-99999, '')
[0.2664334774017334] Updated in round 21! max:(0.55, 'C#Cc1c(C#Cc2ccccc2)cc(C#Cc2ccccc2)c(C#CC=C)c1C#Cc1ccccc1'), min:(-99999, '')
[0.26918482780456543] Updated in round 22! max:(0.55, 'C#Cc1c(C#Cc2ccccc2)cc(C#Cc2ccccc2)c(C#CC=C)c1C#Cc1ccccc1'), min:(-99999, '')
[0.2720673084259033] Updated in round 23! max:(0.55, 'C#Cc1c(C#Cc2ccccc2)cc(C#Cc2ccccc2)c(C#CC=C)c1C#Cc1ccccc1'), min:(-99999, '')
[0.2750086784362793] Updated in round 24! max:(0.55, 'C#Cc1c(C#Cc2ccccc2)cc(C#Cc2ccccc2)c(C#CC=C)c1C#Cc1ccccc1'), min:(-99999, '')
[0.2789022922515869] Updated in round 25! max:(0.575, 'C#Cc1ccccc1C#Cc1cc(C#Cc2ccccc2)c(C#CC=C)c(C#Cc2ccccc2)c1C#C'), min:(-99999, '')
[0.3378574848175049] Updated in round 26! max:(0.575, 'C#Cc1ccccc1C#Cc1cc(C#Cc2ccccc2)c(C#CC=C)c(C#Cc2ccccc2)c1C#C'), min:(-99999, '')
[0.34125280380249023] Updated in round 27! max:(0.6, 'C#Cc1ccccc1C#Cc1cc(C#Cc2ccccc2)c(C#CC=C)c(C#Cc2ccccc2C#C)c1C#C'), min:(-99999, '')
[0.40238285064697266] Updated in round 28! max:(0.625, 'C#Cc1ccccc1C#Cc1c(C#C)c(C#Cc2ccccc2C#CC=C)cc(C#Cc2ccccc2)c1C#CC=C'), min:(-99999, '')
[0.47046780586242676] Updated in round 29! max:(0.65, 'C#Cc1ccccc1C#Cc1c(C#C)c(C#Cc2ccccc2C#CC=CC=C)cc(C#Cc2ccccc2)c1C#CC=C'), min:(-99999, '')
[0.5528371334075928] Updated in round 30! max:(0.675, 'C#Cc1c(C#Cc2ccccc2C#CC=CC=C)cc(C#Cc2ccccc2)c2c1C#Cc1ccccc1C#CC=CC#C2'), min:(-99999, '')
[0.6496767997741699] Updated in round 31! max:(0.7, 'C#Cc1c(C#Cc2ccccc2C#CC=CC=C)cc(C#Cc2ccccc2)c2c1C#Cc1ccccc1C#CC=C(C=C)C#C2'), min:(-99999, '')
[0.7422263622283936] Updated in round 32! max:(0.7, 'C#Cc1c(C#Cc2ccccc2C#CC=CC=C)cc(C#Cc2ccccc2)c2c1C#Cc1ccccc1C#CC=C(C=C)C#C2'), min:(-99999, '')
[0.745769739151001] Updated in round 33! max:(0.7, 'C#Cc1c(C#Cc2ccccc2C#CC=CC=C)cc(C#Cc2ccccc2)c2c1C#Cc1ccccc1C#CC=C(C=C)C#C2'), min:(-99999, '')
[0.7492556571960449] Updated in round 34! max:(0.7, 'C#Cc1c(C#Cc2ccccc2C#CC=CC=C)cc(C#Cc2ccccc2)c2c1C#Cc1ccccc1C#CC=C(C=C)C#C2'), min:(-99999, '')
[0.7532234191894531] Updated in round 35! max:(0.75, 'C#Cc1c(C#Cc2ccccc2C#Cc2ccccc2)cc(C#Cc2ccccc2)c2c1C#Cc1ccccc1C#CC=C(C=C)C#C2'), min:(-99999, '')
[0.8633999824523926] Updated in round 36! max:(0.8, 'C#Cc1c(C#Cc2ccccc2C#Cc2ccccc2)cc(C#Cc2ccccc2)c2c1C#Cc1ccccc1C#Cc1ccccc1C#C2'), min:(-99999, '')
[0.9736578464508057] Updated in round 37! max:(0.825, 'C(#Cc1cc2c#cc3ccccc3c#cc3ccccc3c#cc2c2c#cc3ccccc3c#cc3ccccc3c#cc12)c1ccccc1'), min:(-99999, '')
[1.0822110176086426] Updated in round 38! max:(0.825, 'C(#Cc1cc2c#cc3ccccc3c#cc3ccccc3c#cc2c2c#cc3ccccc3c#cc3ccccc3c#cc12)c1ccccc1'), min:(-99999, '')
[1.0860240459442139] Updated in round 39! max:(0.825, 'C(#Cc1cc2c#cc3ccccc3c#cc3ccccc3c#cc2c2c#cc3ccccc3c#cc3ccccc3c#cc12)c1ccccc1'), min:(-99999, '')
[1.0899221897125244] Updated in round 40! max:(0.825, 'C(#Cc1cc2c#cc3ccccc3c#cc3ccccc3c#cc2c2c#cc3ccccc3c#cc3ccccc3c#cc12)c1ccccc1'), min:(-99999, '')
[1.0935730934143066] Updated in round 41! max:(0.825, 'C(#Cc1cc2c#cc3ccccc3c#cc3ccccc3c#cc2c2c#cc3ccccc3c#cc3ccccc3c#cc12)c1ccccc1'), min:(-99999, '')
[1.0973618030548096] Updated in round 42! max:(0.825, 'C(#Cc1cc2c#cc3ccccc3c#cc3ccccc3c#cc2c2c#cc3ccccc3c#cc3ccccc3c#cc12)c1ccccc1'), min:(-99999, '')
[1.101217269897461] Updated in round 43! max:(0.825, 'C(#Cc1cc2c#cc3ccccc3c#cc3ccccc3c#cc2c2c#cc3ccccc3c#cc3ccccc3c#cc12)c1ccccc1'), min:(-99999, '')
[1.104992151260376] Updated in round 44! max:(0.825, 'C(#Cc1cc2c#cc3ccccc3c#cc3ccccc3c#cc2c2c#cc3ccccc3c#cc3ccccc3c#cc12)c1ccccc1'), min:(-99999, '')
[1.1092736721038818] Updated in round 45! max:(0.85, 'C#Cc1c(C#Cc2ccccc2)c2c#cc3ccccc3c#cc3ccccc3c#cc2c2c#cc3ccccc3c#cc3ccccc3c#cc12'), min:(-99999, '')
[1.219818115234375] Updated in round 46! max:(0.85, 'C#Cc1c(C#Cc2ccccc2)c2c#cc3ccccc3c#cc3ccccc3c#cc2c2c#cc3ccccc3c#cc3ccccc3c#cc12'), min:(-99999, '')
[1.2238526344299316] Updated in round 47! max:(0.85, 'C#Cc1c(C#Cc2ccccc2)c2c#cc3ccccc3c#cc3ccccc3c#cc2c2c#cc3ccccc3c#cc3ccccc3c#cc12'), min:(-99999, '')
[1.227921724319458] Updated in round 48! max:(0.85, 'C#Cc1c(C#Cc2ccccc2)c2c#cc3ccccc3c#cc3ccccc3c#cc2c2c#cc3ccccc3c#cc3ccccc3c#cc12'), min:(-99999, '')
[1.232421875] Updated in round 49! max:(0.95, 'C(#Cc1c(C#Cc2ccccc2)c2c#cc3ccccc3c#cc3ccccc3c#cc2c2c#cc3ccccc3c#cc3ccccc3c#cc12)c1ccccc1'), min:(-99999, '')
[1.3981916904449463] Updated in round 50! max:(0.95, 'C(#Cc1c(C#Cc2ccccc2)c2c#cc3ccccc3c#cc3ccccc3c#cc2c2c#cc3ccccc3c#cc3ccccc3c#cc12)c1ccccc1'), min:(-99999, '')
[1.4023699760437012] Updated in round 51! max:(0.95, 'C(#Cc1c(C#Cc2ccccc2)c2c#cc3ccccc3c#cc3ccccc3c#cc2c2c#cc3ccccc3c#cc3ccccc3c#cc12)c1ccccc1'), min:(-99999, '')
[1.4066526889801025] Updated in round 52! max:(0.95, 'C(#Cc1c(C#Cc2ccccc2)c2c#cc3ccccc3c#cc3ccccc3c#cc2c2c#cc3ccccc3c#cc3ccccc3c#cc12)c1ccccc1'), min:(-99999, '')
[1.41086745262146] Updated in round 53! max:(0.95, 'C(#Cc1c(C#Cc2ccccc2)c2c#cc3ccccc3c#cc3ccccc3c#cc2c2c#cc3ccccc3c#cc3ccccc3c#cc12)c1ccccc1'), min:(-99999, '')
[1.4151623249053955] Updated in round 54! max:(0.95, 'C(#Cc1c(C#Cc2ccccc2)c2c#cc3ccccc3c#cc3ccccc3c#cc2c2c#cc3ccccc3c#cc3ccccc3c#cc12)c1ccccc1'), min:(-99999, '')
[1.4193956851959229] Updated in round 55! max:(0.95, 'C(#Cc1c(C#Cc2ccccc2)c2c#cc3ccccc3c#cc3ccccc3c#cc2c2c#cc3ccccc3c#cc3ccccc3c#cc12)c1ccccc1'), min:(-99999, '')
[1.4236888885498047] Updated in round 56! max:(0.95, 'C(#Cc1c(C#Cc2ccccc2)c2c#cc3ccccc3c#cc3ccccc3c#cc2c2c#cc3ccccc3c#cc3ccccc3c#cc12)c1ccccc1'), min:(-99999, '')
[1.4282138347625732] Updated in round 57! max:(0.95, 'C(#Cc1c(C#Cc2ccccc2)c2c#cc3ccccc3c#cc3ccccc3c#cc2c2c#cc3ccccc3c#cc3ccccc3c#cc12)c1ccccc1'), min:(-99999, '')
[1.432305097579956] Updated in round 58! max:(0.95, 'C(#Cc1c(C#Cc2ccccc2)c2c#cc3ccccc3c#cc3ccccc3c#cc2c2c#cc3ccccc3c#cc3ccccc3c#cc12)c1ccccc1'), min:(-99999, '')
[1.4363884925842285] Updated in round 59! max:(0.95, 'C(#Cc1c(C#Cc2ccccc2)c2c#cc3ccccc3c#cc3ccccc3c#cc2c2c#cc3ccccc3c#cc3ccccc3c#cc12)c1ccccc1'), min:(-99999, '')
[1.44107985496521] Updated in round 60! max:(0.975, 'C#Cc1ccccc1C#Cc1c(C#Cc2ccccc2)c2c#cc3ccccc3c#cc3ccccc3c#cc2c2c#cc3ccccc3c#cc3ccccc3c#cc12'), min:(-99999, '')
[1.6077258586883545] Updated in round 61! max:(0.975, 'C#Cc1ccccc1C#Cc1c(C#Cc2ccccc2)c2c#cc3ccccc3c#cc3ccccc3c#cc2c2c#cc3ccccc3c#cc3ccccc3c#cc12'), min:(-99999, '')
[1.6123485565185547] Updated in round 62! max:(0.975, 'C#Cc1ccccc1C#Cc1c(C#Cc2ccccc2)c2c#cc3ccccc3c#cc3ccccc3c#cc2c2c#cc3ccccc3c#cc3ccccc3c#cc12'), min:(-99999, '')
[1.6167609691619873] Updated in round 63! max:(0.975, 'C#Cc1ccccc1C#Cc1c(C#Cc2ccccc2)c2c#cc3ccccc3c#cc3ccccc3c#cc2c2c#cc3ccccc3c#cc3ccccc3c#cc12'), min:(-99999, '')
[1.6213855743408203] Updated in round 64! max:(0.975, 'C#Cc1ccccc1C#Cc1c(C#Cc2ccccc2)c2c#cc3ccccc3c#cc3ccccc3c#cc2c2c#cc3ccccc3c#cc3ccccc3c#cc12'), min:(-99999, '')
[1.6258172988891602] Updated in round 65! max:(0.975, 'C#Cc1ccccc1C#Cc1c(C#Cc2ccccc2)c2c#cc3ccccc3c#cc3ccccc3c#cc2c2c#cc3ccccc3c#cc3ccccc3c#cc12'), min:(-99999, '')
[1.6302073001861572] Updated in round 66! max:(0.975, 'C#Cc1ccccc1C#Cc1c(C#Cc2ccccc2)c2c#cc3ccccc3c#cc3ccccc3c#cc2c2c#cc3ccccc3c#cc3ccccc3c#cc12'), min:(-99999, '')
[1.6346337795257568] Updated in round 67! max:(0.975, 'C#Cc1ccccc1C#Cc1c(C#Cc2ccccc2)c2c#cc3ccccc3c#cc3ccccc3c#cc2c2c#cc3ccccc3c#cc3ccccc3c#cc12'), min:(-99999, '')
[1.6389763355255127] Updated in round 68! max:(0.975, 'C#Cc1ccccc1C#Cc1c(C#Cc2ccccc2)c2c#cc3ccccc3c#cc3ccccc3c#cc2c2c#cc3ccccc3c#cc3ccccc3c#cc12'), min:(-99999, '')
[1.6432414054870605] Updated in round 69! max:(0.975, 'C#Cc1ccccc1C#Cc1c(C#Cc2ccccc2)c2c#cc3ccccc3c#cc3ccccc3c#cc2c2c#cc3ccccc3c#cc3ccccc3c#cc12'), min:(-99999, '')
[1.6476221084594727] Updated in round 70! max:(0.975, 'C#Cc1ccccc1C#Cc1c(C#Cc2ccccc2)c2c#cc3ccccc3c#cc3ccccc3c#cc2c2c#cc3ccccc3c#cc3ccccc3c#cc12'), min:(-99999, '')
[1.6519503593444824] Updated in round 71! max:(0.975, 'C#Cc1ccccc1C#Cc1c(C#Cc2ccccc2)c2c#cc3ccccc3c#cc3ccccc3c#cc2c2c#cc3ccccc3c#cc3ccccc3c#cc12'), min:(-99999, '')
[1.6561164855957031] Updated in round 72! max:(0.975, 'C#Cc1ccccc1C#Cc1c(C#Cc2ccccc2)c2c#cc3ccccc3c#cc3ccccc3c#cc2c2c#cc3ccccc3c#cc3ccccc3c#cc12'), min:(-99999, '')
[1.660367488861084] Updated in round 73! max:(0.975, 'C#Cc1ccccc1C#Cc1c(C#Cc2ccccc2)c2c#cc3ccccc3c#cc3ccccc3c#cc2c2c#cc3ccccc3c#cc3ccccc3c#cc12'), min:(-99999, '')
[1.664780855178833] Updated in round 74! max:(0.975, 'C#Cc1ccccc1C#Cc1c(C#Cc2ccccc2)c2c#cc3ccccc3c#cc3ccccc3c#cc2c2c#cc3ccccc3c#cc3ccccc3c#cc12'), min:(-99999, '')
[1.6693360805511475] Updated in round 75! max:(0.975, 'C#Cc1ccccc1C#Cc1c(C#Cc2ccccc2)c2c#cc3ccccc3c#cc3ccccc3c#cc2c2c#cc3ccccc3c#cc3ccccc3c#cc12'), min:(-99999, '')
[1.6735539436340332] Updated in round 76! max:(0.975, 'C#Cc1ccccc1C#Cc1c(C#Cc2ccccc2)c2c#cc3ccccc3c#cc3ccccc3c#cc2c2c#cc3ccccc3c#cc3ccccc3c#cc12'), min:(-99999, '')
[1.6778483390808105] Updated in round 77! max:(0.975, 'C#Cc1ccccc1C#Cc1c(C#Cc2ccccc2)c2c#cc3ccccc3c#cc3ccccc3c#cc2c2c#cc3ccccc3c#cc3ccccc3c#cc12'), min:(-99999, '')
[1.6822967529296875] Updated in round 78! max:(0.975, 'C#Cc1ccccc1C#Cc1c(C#Cc2ccccc2)c2c#cc3ccccc3c#cc3ccccc3c#cc2c2c#cc3ccccc3c#cc3ccccc3c#cc12'), min:(-99999, '')
[1.6866388320922852] Updated in round 79! max:(0.975, 'C#Cc1ccccc1C#Cc1c(C#Cc2ccccc2)c2c#cc3ccccc3c#cc3ccccc3c#cc2c2c#cc3ccccc3c#cc3ccccc3c#cc12'), min:(-99999, '')
[1.690976858139038] Updated in round 80! max:(0.975, 'C#Cc1ccccc1C#Cc1c(C#Cc2ccccc2)c2c#cc3ccccc3c#cc3ccccc3c#cc2c2c#cc3ccccc3c#cc3ccccc3c#cc12'), min:(-99999, '')
[1.6954433917999268] Updated in round 81! max:(0.975, 'C#Cc1ccccc1C#Cc1c(C#Cc2ccccc2)c2c#cc3ccccc3c#cc3ccccc3c#cc2c2c#cc3ccccc3c#cc3ccccc3c#cc12'), min:(-99999, '')
[1.6997182369232178] Updated in round 82! max:(0.975, 'C#Cc1ccccc1C#Cc1c(C#Cc2ccccc2)c2c#cc3ccccc3c#cc3ccccc3c#cc2c2c#cc3ccccc3c#cc3ccccc3c#cc12'), min:(-99999, '')
[1.7041826248168945] Updated in round 83! max:(0.975, 'C#Cc1ccccc1C#Cc1c(C#Cc2ccccc2)c2c#cc3ccccc3c#cc3ccccc3c#cc2c2c#cc3ccccc3c#cc3ccccc3c#cc12'), min:(-99999, '')
[1.70829439163208] Updated in round 84! max:(0.975, 'C#Cc1ccccc1C#Cc1c(C#Cc2ccccc2)c2c#cc3ccccc3c#cc3ccccc3c#cc2c2c#cc3ccccc3c#cc3ccccc3c#cc12'), min:(-99999, '')
[1.7126741409301758] Updated in round 85! max:(0.975, 'C#Cc1ccccc1C#Cc1c(C#Cc2ccccc2)c2c#cc3ccccc3c#cc3ccccc3c#cc2c2c#cc3ccccc3c#cc3ccccc3c#cc12'), min:(-99999, '')
[1.716935157775879] Updated in round 86! max:(0.975, 'C#Cc1ccccc1C#Cc1c(C#Cc2ccccc2)c2c#cc3ccccc3c#cc3ccccc3c#cc2c2c#cc3ccccc3c#cc3ccccc3c#cc12'), min:(-99999, '')
[1.7212111949920654] Updated in round 87! max:(0.975, 'C#Cc1ccccc1C#Cc1c(C#Cc2ccccc2)c2c#cc3ccccc3c#cc3ccccc3c#cc2c2c#cc3ccccc3c#cc3ccccc3c#cc12'), min:(-99999, '')
[1.725534439086914] Updated in round 88! max:(0.975, 'C#Cc1ccccc1C#Cc1c(C#Cc2ccccc2)c2c#cc3ccccc3c#cc3ccccc3c#cc2c2c#cc3ccccc3c#cc3ccccc3c#cc12'), min:(-99999, '')
[1.729872226715088] Updated in round 89! max:(0.975, 'C#Cc1ccccc1C#Cc1c(C#Cc2ccccc2)c2c#cc3ccccc3c#cc3ccccc3c#cc2c2c#cc3ccccc3c#cc3ccccc3c#cc12'), min:(-99999, '')
[1.7342240810394287] Updated in round 90! max:(0.975, 'C#Cc1ccccc1C#Cc1c(C#Cc2ccccc2)c2c#cc3ccccc3c#cc3ccccc3c#cc2c2c#cc3ccccc3c#cc3ccccc3c#cc12'), min:(-99999, '')
[1.7385303974151611] Updated in round 91! max:(0.975, 'C#Cc1ccccc1C#Cc1c(C#Cc2ccccc2)c2c#cc3ccccc3c#cc3ccccc3c#cc2c2c#cc3ccccc3c#cc3ccccc3c#cc12'), min:(-99999, '')
[1.7412710189819336] Reproduced in round 92!!
