[5.030632019042969e-05]Start running EvoMol from [H][H]...
[0.0007779598236083984] Updated in round 1! max:(0.17391304347826086, 'c1ccccc1'), min:(-99999, '')
[0.005221128463745117] Updated in round 2! max:(0.30434782608695654, 'c1ccc2ccccc2c1'), min:(-99999, '')
[0.012081623077392578] Updated in round 3! max:(0.34782608695652173, 'C=Cc1ccc2ccccc2c1'), min:(-99999, '')
[0.021022558212280273] Updated in round 4! max:(0.34782608695652173, 'C=Cc1ccc2ccccc2c1'), min:(-99999, '')
[0.022808074951171875] Updated in round 5! max:(0.4782608695652174, 'C=Cc1ccc2cc3ccccc3cc2c1'), min:(-99999, '')
[0.03783082962036133] Updated in round 6! max:(0.4782608695652174, 'C=Cc1ccc2cc3ccccc3cc2c1'), min:(-99999, '')
[0.03947186470031738] Updated in round 7! max:(0.4782608695652174, 'C=Cc1ccc2cc3ccccc3cc2c1'), min:(-99999, '')
[0.04100465774536133] Updated in round 8! max:(0.4782608695652174, 'C=Cc1ccc2cc3ccccc3cc2c1'), min:(-99999, '')
[0.042514801025390625] Updated in round 9! max:(0.4782608695652174, 'C=Cc1ccc2cc3ccccc3cc2c1'), min:(-99999, '')
[0.04402494430541992] Updated in round 10! max:(0.4782608695652174, 'C=Cc1ccc2cc3ccccc3cc2c1'), min:(-99999, '')
[0.04558229446411133] Updated in round 11! max:(0.4782608695652174, 'C=Cc1ccc2cc3ccccc3cc2c1'), min:(-99999, '')
[0.047629356384277344] Updated in round 12! max:(0.5217391304347826, 'C=Cc1cc2cc3ccccc3cc2cc1C=C'), min:(-99999, '')
[0.06531238555908203] Updated in round 13! max:(0.5217391304347826, 'C=Cc1cc2cc3ccccc3cc2cc1C=C'), min:(-99999, '')
[0.06754636764526367] Updated in round 14! max:(0.6956521739130435, 'C=Cc1cc2cc3ccccc3cc2cc1C=Cc1ccccc1'), min:(-99999, '')
[0.10502266883850098] Updated in round 15! max:(0.6956521739130435, 'C=Cc1cc2cc3ccccc3cc2cc1C=Cc1ccccc1'), min:(-99999, '')
[0.10704851150512695] Updated in round 16! max:(0.6956521739130435, 'C=Cc1cc2cc3ccccc3cc2cc1C=Cc1ccccc1'), min:(-99999, '')
[0.1093900203704834] Updated in round 17! max:(0.7391304347826086, 'C1=Cc2cc3cc4ccccc4cc3cc2C=Cc2ccccc21'), min:(-99999, '')
[0.1485733985900879] Updated in round 18! max:(0.7391304347826086, 'C1=Cc2cc3cc4ccccc4cc3cc2C=Cc2ccccc21'), min:(-99999, '')
[0.15077495574951172] Updated in round 19! max:(0.7391304347826086, 'C1=Cc2cc3cc4ccccc4cc3cc2C=Cc2ccccc21'), min:(-99999, '')
[0.15311861038208008] Updated in round 20! max:(0.7391304347826086, 'C1=Cc2cc3cc4ccccc4cc3cc2C=Cc2ccccc21'), min:(-99999, '')
[0.15530133247375488] Updated in round 21! max:(0.7391304347826086, 'C1=Cc2cc3cc4ccccc4cc3cc2C=Cc2ccccc21'), min:(-99999, '')
[0.15754246711730957] Updated in round 22! max:(0.7391304347826086, 'C1=Cc2cc3cc4ccccc4cc3cc2C=Cc2ccccc21'), min:(-99999, '')
[0.15998077392578125] Updated in round 23! max:(0.7391304347826086, 'C1=Cc2cc3cc4ccccc4cc3cc2C=Cc2ccccc21'), min:(-99999, '')
[0.16262340545654297] Updated in round 24! max:(0.782608695652174, 'C=Cc1ccc2c(c1)C=Cc1cc3cc4ccccc4cc3cc1C=C2'), min:(-99999, '')
[0.20845937728881836] Updated in round 25! max:(0.8260869565217391, 'C=CC=Cc1ccc2c(c1)C=Cc1cc3cc4ccccc4cc3cc1C=C2'), min:(-99999, '')
[0.26487278938293457] Updated in round 26! max:(0.8260869565217391, 'C=CC=Cc1ccc2c(c1)C=Cc1cc3cc4ccccc4cc3cc1C=C2'), min:(-99999, '')
[0.2680191993713379] Updated in round 27! max:(0.8695652173913043, 'C=CC=CC=Cc1ccc2c(c1)C=Cc1cc3cc4ccccc4cc3cc1C=C2'), min:(-99999, '')
[0.3360097408294678] Updated in round 28! max:(0.8695652173913043, 'C=CC=CC=Cc1ccc2c(c1)C=Cc1cc3cc4ccccc4cc3cc1C=C2'), min:(-99999, '')
[0.33896493911743164] Updated in round 29! max:(0.8695652173913043, 'C=CC=CC=Cc1ccc2c(c1)C=Cc1cc3cc4ccccc4cc3cc1C=C2'), min:(-99999, '')
[0.341900110244751] Updated in round 30! max:(0.8695652173913043, 'C=CC=CC=Cc1ccc2c(c1)C=Cc1cc3cc4ccccc4cc3cc1C=C2'), min:(-99999, '')
[0.3449258804321289] Updated in round 31! max:(0.8695652173913043, 'C=CC=CC=Cc1ccc2c(c1)C=Cc1cc3cc4ccccc4cc3cc1C=C2'), min:(-99999, '')
[0.34780097007751465] Updated in round 32! max:(0.8695652173913043, 'C=CC=CC=Cc1ccc2c(c1)C=Cc1cc3cc4ccccc4cc3cc1C=C2'), min:(-99999, '')
[0.3509044647216797] Updated in round 33! max:(0.8695652173913043, 'C=CC=CC=Cc1ccc2c(c1)C=Cc1cc3cc4ccccc4cc3cc1C=C2'), min:(-99999, '')
[0.35381388664245605] Updated in round 34! max:(0.8695652173913043, 'C=CC=CC=Cc1ccc2c(c1)C=Cc1cc3cc4ccccc4cc3cc1C=C2'), min:(-99999, '')
[0.3566250801086426] Updated in round 35! max:(0.8695652173913043, 'C=CC=CC=Cc1ccc2c(c1)C=Cc1cc3cc4ccccc4cc3cc1C=C2'), min:(-99999, '')
[0.35941028594970703] Updated in round 36! max:(0.8695652173913043, 'C=CC=CC=Cc1ccc2c(c1)C=Cc1cc3cc4ccccc4cc3cc1C=C2'), min:(-99999, '')
[0.362746000289917] Updated in round 37! max:(0.9130434782608695, 'C=CC=CC=CC=Cc1ccc2c(c1)C=Cc1cc3cc4ccccc4cc3cc1C=C2'), min:(-99999, '')
[0.4437711238861084] Updated in round 38! max:(0.9130434782608695, 'C=CC=CC=CC=Cc1ccc2c(c1)C=Cc1cc3cc4ccccc4cc3cc1C=C2'), min:(-99999, '')
[0.44693589210510254] Updated in round 39! max:(0.9130434782608695, 'C=CC=CC=CC=Cc1ccc2c(c1)C=Cc1cc3cc4ccccc4cc3cc1C=C2'), min:(-99999, '')
[0.4500396251678467] Updated in round 40! max:(0.9130434782608695, 'C=CC=CC=CC=Cc1ccc2c(c1)C=Cc1cc3cc4ccccc4cc3cc1C=C2'), min:(-99999, '')
[0.45359182357788086] Updated in round 41! max:(0.9130434782608695, 'C=CC=CC=CC=Cc1ccc2c(c1)C=Cc1cc3cc4ccccc4cc3cc1C=C2'), min:(-99999, '')
[0.456951379776001] Updated in round 42! max:(0.9130434782608695, 'C=CC=CC=CC=Cc1ccc2c(c1)C=Cc1cc3cc4ccccc4cc3cc1C=C2'), min:(-99999, '')
[0.4604015350341797] Updated in round 43! max:(0.9130434782608695, 'C=CC=CC=CC=Cc1ccc2c(c1)C=Cc1cc3cc4ccccc4cc3cc1C=C2'), min:(-99999, '')
[0.4638960361480713] Updated in round 44! max:(0.9130434782608695, 'C=CC=CC=CC=Cc1ccc2c(c1)C=Cc1cc3cc4ccccc4cc3cc1C=C2'), min:(-99999, '')
[0.46747398376464844] Updated in round 45! max:(0.9130434782608695, 'C=CC=CC=CC=Cc1ccc2c(c1)C=Cc1cc3cc4ccccc4cc3cc1C=C2'), min:(-99999, '')
[0.4706406593322754] Updated in round 46! max:(0.9130434782608695, 'C=CC=CC=CC=Cc1ccc2c(c1)C=Cc1cc3cc4ccccc4cc3cc1C=C2'), min:(-99999, '')
[0.473768949508667] Updated in round 47! max:(0.9130434782608695, 'C=CC=CC=CC=Cc1ccc2c(c1)C=Cc1cc3cc4ccccc4cc3cc1C=C2'), min:(-99999, '')
[0.4765920639038086] Updated in round 48! max:(0.9130434782608695, 'C=CC=CC=CC=Cc1ccc2c(c1)C=Cc1cc3cc4ccccc4cc3cc1C=C2'), min:(-99999, '')
[0.4799168109893799] Updated in round 49! max:(0.9130434782608695, 'C=CC=CC=CC=Cc1ccc2c(c1)C=Cc1cc3cc4ccccc4cc3cc1C=C2'), min:(-99999, '')
[0.4828224182128906] Updated in round 50! max:(0.9130434782608695, 'C=CC=CC=CC=Cc1ccc2c(c1)C=Cc1cc3cc4ccccc4cc3cc1C=C2'), min:(-99999, '')
[0.4859886169433594] Updated in round 51! max:(0.9130434782608695, 'C=CC=CC=CC=Cc1ccc2c(c1)C=Cc1cc3cc4ccccc4cc3cc1C=C2'), min:(-99999, '')
[0.48877787590026855] Updated in round 52! max:(0.9130434782608695, 'C=CC=CC=CC=Cc1ccc2c(c1)C=Cc1cc3cc4ccccc4cc3cc1C=C2'), min:(-99999, '')
[0.49218058586120605] Updated in round 53! max:(0.9130434782608695, 'C=CC=CC=CC=Cc1ccc2c(c1)C=Cc1cc3cc4ccccc4cc3cc1C=C2'), min:(-99999, '')
[0.4955332279205322] Updated in round 54! max:(0.9130434782608695, 'C=CC=CC=CC=Cc1ccc2c(c1)C=Cc1cc3cc4ccccc4cc3cc1C=C2'), min:(-99999, '')
[0.4983484745025635] Updated in round 55! max:(0.9130434782608695, 'C=CC=CC=CC=Cc1ccc2c(c1)C=Cc1cc3cc4ccccc4cc3cc1C=C2'), min:(-99999, '')
[0.5010366439819336] Updated in round 56! max:(0.9130434782608695, 'C=CC=CC=CC=Cc1ccc2c(c1)C=Cc1cc3cc4ccccc4cc3cc1C=C2'), min:(-99999, '')
[0.5044426918029785] Updated in round 57! max:(0.9565217391304348, 'C1=Cc2cc3cc4ccccc4cc3cc2C=Cc2cc3ccccccccc3cc21'), min:(-99999, '')
[0.5912442207336426] Updated in round 58! max:(0.9565217391304348, 'C1=Cc2cc3cc4ccccc4cc3cc2C=Cc2cc3ccccccccc3cc21'), min:(-99999, '')
[0.5941779613494873] Updated in round 59! max:(0.9565217391304348, 'C1=Cc2cc3cc4ccccc4cc3cc2C=Cc2cc3ccccccccc3cc21'), min:(-99999, '')
[0.5971102714538574] Updated in round 60! max:(0.9565217391304348, 'C1=Cc2cc3cc4ccccc4cc3cc2C=Cc2cc3ccccccccc3cc21'), min:(-99999, '')
[0.6000645160675049] Updated in round 61! max:(0.9565217391304348, 'C1=Cc2cc3cc4ccccc4cc3cc2C=Cc2cc3ccccccccc3cc21'), min:(-99999, '')
[0.6029541492462158] Updated in round 62! max:(0.9565217391304348, 'C1=Cc2cc3cc4ccccc4cc3cc2C=Cc2cc3ccccccccc3cc21'), min:(-99999, '')
[0.6059360504150391] Updated in round 63! max:(0.9565217391304348, 'C1=Cc2cc3cc4ccccc4cc3cc2C=Cc2cc3ccccccccc3cc21'), min:(-99999, '')
[0.6089837551116943] Updated in round 64! max:(0.9565217391304348, 'C1=Cc2cc3cc4ccccc4cc3cc2C=Cc2cc3ccccccccc3cc21'), min:(-99999, '')
[0.6120643615722656] Updated in round 65! max:(0.9565217391304348, 'C1=Cc2cc3cc4ccccc4cc3cc2C=Cc2cc3ccccccccc3cc21'), min:(-99999, '')
[0.6146774291992188] Reproduced in round 66!!
