[6.246566772460938e-05]Start running EvoMol from [H][H]...
[0.0011851787567138672] Updated in round 1! max:(0.12903225806451613, 'c1ccccc1'), min:(-99999, '')
[0.007700204849243164] Updated in round 2! max:(0.16129032258064516, 'C#Cc1ccccc1'), min:(-99999, '')
[0.014522790908813477] Updated in round 3! max:(0.2903225806451613, 'C(#Cc1ccccc1)c1ccccc1'), min:(-99999, '')
[0.03312230110168457] Updated in round 4! max:(0.3225806451612903, 'C#Cc1ccc(C#Cc2ccccc2)cc1'), min:(-99999, '')
[0.052837371826171875] Updated in round 5! max:(0.3548387096774194, 'C=CC#Cc1ccc(C#Cc2ccccc2)cc1'), min:(-99999, '')
[0.07649111747741699] Updated in round 6! max:(0.45161290322580644, 'C(#Cc1ccc(C#Cc2ccccc2)cc1)c1ccccc1'), min:(-99999, '')
[0.11727213859558105] Updated in round 7! max:(0.4838709677419355, 'C#Cc1ccc(C#Cc2ccc(C#Cc3ccccc3)cc2)cc1'), min:(-99999, '')
[0.15861821174621582] Updated in round 8! max:(0.4838709677419355, 'C#Cc1ccc(C#Cc2ccc(C#Cc3ccccc3)cc2)cc1'), min:(-99999, '')
[0.16147756576538086] Updated in round 9! max:(0.4838709677419355, 'C#Cc1ccc(C#Cc2ccc(C#Cc3ccccc3)cc2)cc1'), min:(-99999, '')
[0.1638338565826416] Updated in round 10! max:(0.4838709677419355, 'C#Cc1ccc(C#Cc2ccc(C#Cc3ccccc3)cc2)cc1'), min:(-99999, '')
[0.16628646850585938] Updated in round 11! max:(0.4838709677419355, 'C#Cc1ccc(C#Cc2ccc(C#Cc3ccccc3)cc2)cc1'), min:(-99999, '')
[0.16888713836669922] Updated in round 12! max:(0.5161290322580645, 'C=CC#Cc1ccc(C#Cc2ccc(C#Cc3ccccc3)cc2)cc1'), min:(-99999, '')
[0.21839332580566406] Updated in round 13! max:(0.5161290322580645, 'C=CC#Cc1ccc(C#Cc2ccc(C#Cc3ccccc3)cc2)cc1'), min:(-99999, '')
[0.22216582298278809] Updated in round 14! max:(0.5161290322580645, 'C=CC#Cc1ccc(C#Cc2ccc(C#Cc3ccccc3)cc2)cc1'), min:(-99999, '')
[0.22444367408752441] Updated in round 15! max:(0.5161290322580645, 'C=CC#Cc1ccc(C#Cc2ccc(C#Cc3ccccc3)cc2)cc1'), min:(-99999, '')
[0.22742819786071777] Updated in round 16! max:(0.5161290322580645, 'C=CC#Cc1ccc(C#Cc2ccc(C#Cc3ccccc3)cc2)cc1'), min:(-99999, '')
[0.2306201457977295] Updated in round 17! max:(0.5483870967741935, 'C#Cc1ccc(C#Cc2ccc(C#Cc3ccc(C#CC=C)cc3)cc2)cc1'), min:(-99999, '')
[0.28069281578063965] Updated in round 18! max:(0.5483870967741935, 'C#Cc1ccc(C#Cc2ccc(C#Cc3ccc(C#CC=C)cc3)cc2)cc1'), min:(-99999, '')
[0.2833073139190674] Updated in round 19! max:(0.5483870967741935, 'C#Cc1ccc(C#Cc2ccc(C#Cc3ccc(C#CC=C)cc3)cc2)cc1'), min:(-99999, '')
[0.2868502140045166] Updated in round 20! max:(0.6774193548387096, 'C=CC#Cc1ccc(C#Cc2ccc(C#Cc3ccc(C#Cc4ccccc4)cc3)cc2)cc1'), min:(-99999, '')
[0.3793601989746094] Updated in round 21! max:(0.6774193548387096, 'C=CC#Cc1ccc(C#Cc2ccc(C#Cc3ccc(C#Cc4ccccc4)cc3)cc2)cc1'), min:(-99999, '')
[0.38324737548828125] Updated in round 22! max:(0.6774193548387096, 'C=CC#Cc1ccc(C#Cc2ccc(C#Cc3ccc(C#Cc4ccccc4)cc3)cc2)cc1'), min:(-99999, '')
[0.3865489959716797] Updated in round 23! max:(0.6774193548387096, 'C=CC#Cc1ccc(C#Cc2ccc(C#Cc3ccc(C#Cc4ccccc4)cc3)cc2)cc1'), min:(-99999, '')
[0.39040565490722656] Updated in round 24! max:(0.6774193548387096, 'C=CC#Cc1ccc(C#Cc2ccc(C#Cc3ccc(C#Cc4ccccc4)cc3)cc2)cc1'), min:(-99999, '')
[0.3953981399536133] Updated in round 25! max:(0.7096774193548387, 'C=CC=CC#Cc1ccc(C#Cc2ccc(C#Cc3ccc(C#Cc4ccccc4)cc3)cc2)cc1'), min:(-99999, '')
[0.5024106502532959] Updated in round 26! max:(0.7096774193548387, 'C=CC=CC#Cc1ccc(C#Cc2ccc(C#Cc3ccc(C#Cc4ccccc4)cc3)cc2)cc1'), min:(-99999, '')
[0.5068175792694092] Updated in round 27! max:(0.7096774193548387, 'C=CC=CC#Cc1ccc(C#Cc2ccc(C#Cc3ccc(C#Cc4ccccc4)cc3)cc2)cc1'), min:(-99999, '')
[0.5114006996154785] Updated in round 28! max:(0.7096774193548387, 'C=CC=CC#Cc1ccc(C#Cc2ccc(C#Cc3ccc(C#Cc4ccccc4)cc3)cc2)cc1'), min:(-99999, '')
[0.5154051780700684] Updated in round 29! max:(0.7741935483870968, 'C(#Cc1ccc(C#Cc2ccc(C#Cc3ccc(C#Cc4ccccc4)cc3)cc2)cc1)c1ccccc1'), min:(-99999, '')
[0.6389899253845215] Updated in round 30! max:(0.7741935483870968, 'C(#Cc1ccc(C#Cc2ccc(C#Cc3ccc(C#Cc4ccccc4)cc3)cc2)cc1)c1ccccc1'), min:(-99999, '')
[0.643146276473999] Updated in round 31! max:(0.7741935483870968, 'C(#Cc1ccc(C#Cc2ccc(C#Cc3ccc(C#Cc4ccccc4)cc3)cc2)cc1)c1ccccc1'), min:(-99999, '')
[0.6472616195678711] Updated in round 32! max:(0.7741935483870968, 'C(#Cc1ccc(C#Cc2ccc(C#Cc3ccc(C#Cc4ccccc4)cc3)cc2)cc1)c1ccccc1'), min:(-99999, '')
[0.6512835025787354] Updated in round 33! max:(0.8064516129032258, 'C#Cc1ccc(C#Cc2ccc(C#Cc3ccc(C#Cc4ccc(C#Cc5ccccc5)cc4)cc3)cc2)cc1'), min:(-99999, '')
[0.777918815612793] Updated in round 34! max:(0.9354838709677419, 'C(#Cc1ccc(C#Cc2ccc(C#Cc3ccc(C#Cc4ccc(C#Cc5ccccc5)cc4)cc3)cc2)cc1)c1ccccc1'), min:(-99999, '')
[0.9704225063323975] Updated in round 35! max:(0.9354838709677419, 'C(#Cc1ccc(C#Cc2ccc(C#Cc3ccc(C#Cc4ccc(C#Cc5ccccc5)cc4)cc3)cc2)cc1)c1ccccc1'), min:(-99999, '')
[0.9749972820281982] Updated in round 36! max:(0.9354838709677419, 'C(#Cc1ccc(C#Cc2ccc(C#Cc3ccc(C#Cc4ccc(C#Cc5ccccc5)cc4)cc3)cc2)cc1)c1ccccc1'), min:(-99999, '')
[0.9793808460235596] Updated in round 37! max:(0.9354838709677419, 'C(#Cc1ccc(C#Cc2ccc(C#Cc3ccc(C#Cc4ccc(C#Cc5ccccc5)cc4)cc3)cc2)cc1)c1ccccc1'), min:(-99999, '')
[0.9841141700744629] Updated in round 38! max:(0.9354838709677419, 'C(#Cc1ccc(C#Cc2ccc(C#Cc3ccc(C#Cc4ccc(C#Cc5ccccc5)cc4)cc3)cc2)cc1)c1ccccc1'), min:(-99999, '')
[0.9887335300445557] Updated in round 39! max:(0.9354838709677419, 'C(#Cc1ccc(C#Cc2ccc(C#Cc3ccc(C#Cc4ccc(C#Cc5ccccc5)cc4)cc3)cc2)cc1)c1ccccc1'), min:(-99999, '')
[0.998162031173706] Updated in round 40! max:(0.9354838709677419, 'C(#Cc1ccc(C#Cc2ccc(C#Cc3ccc(C#Cc4ccc(C#Cc5ccccc5)cc4)cc3)cc2)cc1)c1ccccc1'), min:(-99999, '')
[1.0038542747497559] Updated in round 41! max:(0.9354838709677419, 'C(#Cc1ccc(C#Cc2ccc(C#Cc3ccc(C#Cc4ccc(C#Cc5ccccc5)cc4)cc3)cc2)cc1)c1ccccc1'), min:(-99999, '')
[1.0096240043640137] Updated in round 42! max:(0.9354838709677419, 'C(#Cc1ccc(C#Cc2ccc(C#Cc3ccc(C#Cc4ccc(C#Cc5ccccc5)cc4)cc3)cc2)cc1)c1ccccc1'), min:(-99999, '')
[1.0150375366210938] Updated in round 43! max:(0.967741935483871, 'C#Cc1ccc(C#Cc2ccc(C#Cc3ccc(C#Cc4ccc(C#Cc5ccc(C#Cc6ccccc6)cc5)cc4)cc3)cc2)cc1'), min:(-99999, '')
[1.2107014656066895] Updated in round 44! max:(0.967741935483871, 'C#Cc1ccc(C#Cc2ccc(C#Cc3ccc(C#Cc4ccc(C#Cc5ccc(C#Cc6ccccc6)cc5)cc4)cc3)cc2)cc1'), min:(-99999, '')
[1.215329647064209] Updated in round 45! max:(0.967741935483871, 'C#Cc1ccc(C#Cc2ccc(C#Cc3ccc(C#Cc4ccc(C#Cc5ccc(C#Cc6ccccc6)cc5)cc4)cc3)cc2)cc1'), min:(-99999, '')
[1.2212233543395996] Updated in round 46! max:(0.967741935483871, 'C#Cc1ccc(C#Cc2ccc(C#Cc3ccc(C#Cc4ccc(C#Cc5ccc(C#Cc6ccccc6)cc5)cc4)cc3)cc2)cc1'), min:(-99999, '')
[1.2275047302246094] Updated in round 47! max:(0.967741935483871, 'C#Cc1ccc(C#Cc2ccc(C#Cc3ccc(C#Cc4ccc(C#Cc5ccc(C#Cc6ccccc6)cc5)cc4)cc3)cc2)cc1'), min:(-99999, '')
[1.231074333190918] Updated in round 48! max:(0.967741935483871, 'C#Cc1ccc(C#Cc2ccc(C#Cc3ccc(C#Cc4ccc(C#Cc5ccc(C#Cc6ccccc6)cc5)cc4)cc3)cc2)cc1'), min:(-99999, '')
[1.235283374786377] Updated in round 49! max:(0.967741935483871, 'C#Cc1ccc(C#Cc2ccc(C#Cc3ccc(C#Cc4ccc(C#Cc5ccc(C#Cc6ccccc6)cc5)cc4)cc3)cc2)cc1'), min:(-99999, '')
[1.2421164512634277] Updated in round 50! max:(0.967741935483871, 'C#Cc1ccc(C#Cc2ccc(C#Cc3ccc(C#Cc4ccc(C#Cc5ccc(C#Cc6ccccc6)cc5)cc4)cc3)cc2)cc1'), min:(-99999, '')
[1.2455849647521973] Updated in round 51! max:(0.967741935483871, 'C#Cc1ccc(C#Cc2ccc(C#Cc3ccc(C#Cc4ccc(C#Cc5ccc(C#Cc6ccccc6)cc5)cc4)cc3)cc2)cc1'), min:(-99999, '')
[1.2510826587677002] Updated in round 52! max:(0.967741935483871, 'C#Cc1ccc(C#Cc2ccc(C#Cc3ccc(C#Cc4ccc(C#Cc5ccc(C#Cc6ccccc6)cc5)cc4)cc3)cc2)cc1'), min:(-99999, '')
[1.2549099922180176] Updated in round 53! max:(0.967741935483871, 'C#Cc1ccc(C#Cc2ccc(C#Cc3ccc(C#Cc4ccc(C#Cc5ccc(C#Cc6ccccc6)cc5)cc4)cc3)cc2)cc1'), min:(-99999, '')
[1.2603554725646973] Updated in round 54! max:(0.967741935483871, 'C#Cc1ccc(C#Cc2ccc(C#Cc3ccc(C#Cc4ccc(C#Cc5ccc(C#Cc6ccccc6)cc5)cc4)cc3)cc2)cc1'), min:(-99999, '')
[1.2670903205871582] Updated in round 55! max:(0.967741935483871, 'C#Cc1ccc(C#Cc2ccc(C#Cc3ccc(C#Cc4ccc(C#Cc5ccc(C#Cc6ccccc6)cc5)cc4)cc3)cc2)cc1'), min:(-99999, '')
[1.2744786739349365] Updated in round 56! max:(0.967741935483871, 'C#Cc1ccc(C#Cc2ccc(C#Cc3ccc(C#Cc4ccc(C#Cc5ccc(C#Cc6ccccc6)cc5)cc4)cc3)cc2)cc1'), min:(-99999, '')
[1.278672456741333] Reproduced in round 57!!
