[7.677078247070312e-05]Start running EvoMol from [H][H]...
[0.001247406005859375] Updated in round 1! max:(0.0136986301369863, 'C=C'), min:(-99999, '')
[0.002206087112426758] Updated in round 2! max:(0.0273972602739726, 'C=CC=C'), min:(-99999, '')
[0.0054438114166259766] Updated in round 3! max:(0.0410958904109589, 'C=CC=CC=C'), min:(-99999, '')
[0.010369062423706055] Updated in round 4! max:(0.0547945205479452, 'c1ccccc1'), min:(-99999, '')
[0.016705751419067383] Updated in round 5! max:(0.0684931506849315, 'C=c1ccccc1=C'), min:(-99999, '')
[0.02611231803894043] Updated in round 6! max:(0.0821917808219178, 'C=Cc1cccc(=C)c1=C'), min:(-99999, '')
[0.0320894718170166] Updated in round 7! max:(0.0821917808219178, 'C=Cc1cccc(=C)c1=C'), min:(-99999, '')
[0.0381922721862793] Updated in round 8! max:(0.0958904109589041, 'C=Cc1ccc(=C)c(=C)c1C=C'), min:(-99999, '')
[0.04658699035644531] Updated in round 9! max:(0.1095890410958904, 'C=CC=c1ccc(C=C)c(C=C)c1=C'), min:(-99999, '')
[0.05849814414978027] Updated in round 10! max:(0.1232876712328767, 'C=Cc1ccc2ccccc2c1C=C'), min:(-99999, '')
[0.07253551483154297] Updated in round 11! max:(0.136986301369863, 'C=CC=Cc1ccc2ccccc2c1C=C'), min:(-99999, '')
[0.08985638618469238] Updated in round 12! max:(0.136986301369863, 'C=CC=Cc1ccc2ccccc2c1C=C'), min:(-99999, '')
[0.0953214168548584] Updated in round 13! max:(0.1506849315068493, 'C=CC=CC=Cc1ccc2ccccc2c1C=C'), min:(-99999, '')
[0.12072420120239258] Updated in round 14! max:(0.1643835616438356, 'c1ccccc2c(ccc1)ccc1ccccc12'), min:(-99999, '')
[0.1475980281829834] Updated in round 15! max:(0.1780821917808219, 'C=Cc1cccccc2ccc3ccccc3c2cc1'), min:(-99999, '')
[0.18152713775634766] Updated in round 16! max:(0.1780821917808219, 'C=Cc1cccccc2ccc3ccccc3c2cc1'), min:(-99999, '')
[0.18979167938232422] Updated in round 17! max:(0.1917808219178082, 'C=Cc1cccccc2ccc3cc(C=C)ccc3c2cc1'), min:(-99999, '')
[0.2302718162536621] Updated in round 18! max:(0.1917808219178082, 'C=Cc1cccccc2ccc3cc(C=C)ccc3c2cc1'), min:(-99999, '')
[0.2373058795928955] Updated in round 19! max:(0.2054794520547945, 'C=Cc1ccc2c(ccc3cc4cccc(C=C)c4cc32)c1'), min:(-99999, '')
[0.27385449409484863] Updated in round 20! max:(0.2054794520547945, 'C=Cc1ccc2c(ccc3cc4cccc(C=C)c4cc32)c1'), min:(-99999, '')
[0.27864837646484375] Updated in round 21! max:(0.2054794520547945, 'C=Cc1ccc2c(ccc3cc4cccc(C=C)c4cc32)c1'), min:(-99999, '')
[0.28585004806518555] Updated in round 22! max:(0.2054794520547945, 'C=Cc1ccc2c(ccc3cc4cccc(C=C)c4cc32)c1'), min:(-99999, '')
[0.29319024085998535] Updated in round 23! max:(0.2191780821917808, 'C=Cc1cc2ccc3cc4cccc(C=C)c4cc3c2cc1C=C'), min:(-99999, '')
[0.3340623378753662] Updated in round 24! max:(0.2191780821917808, 'C=Cc1cc2ccc3cc4cccc(C=C)c4cc3c2cc1C=C'), min:(-99999, '')
[0.34011054039001465] Updated in round 25! max:(0.2328767123287671, 'C=Cc1cccc2cc3ccc4cc5ccccc5cc4c3cc12'), min:(-99999, '')
[0.38623571395874023] Updated in round 26! max:(0.2328767123287671, 'C=Cc1cccc2cc3ccc4cc5ccccc5cc4c3cc12'), min:(-99999, '')
[0.39508867263793945] Updated in round 27! max:(0.2328767123287671, 'C=Cc1cccc2cc3ccc4cc5ccccc5cc4c3cc12'), min:(-99999, '')
[0.4010004997253418] Updated in round 28! max:(0.2328767123287671, 'C=Cc1cccc2cc3ccc4cc5ccccc5cc4c3cc12'), min:(-99999, '')
[0.40885019302368164] Updated in round 29! max:(0.2465753424657534, 'C=Cc1cccc2cc3c(ccc4cc5cccc(C=C)c5cc43)cc12'), min:(-99999, '')
[0.46270227432250977] Updated in round 30! max:(0.2465753424657534, 'C=Cc1cccc2cc3c(ccc4cc5cccc(C=C)c5cc43)cc12'), min:(-99999, '')
[0.4694817066192627] Updated in round 31! max:(0.2465753424657534, 'C=Cc1cccc2cc3c(ccc4cc5cccc(C=C)c5cc43)cc12'), min:(-99999, '')
[0.4750704765319824] Updated in round 32! max:(0.2465753424657534, 'C=Cc1cccc2cc3c(ccc4cc5cccc(C=C)c5cc43)cc12'), min:(-99999, '')
[0.4826383590698242] Updated in round 33! max:(0.2465753424657534, 'C=Cc1cccc2cc3c(ccc4cc5cccc(C=C)c5cc43)cc12'), min:(-99999, '')
[0.49120116233825684] Updated in round 34! max:(0.2465753424657534, 'C=Cc1cccc2cc3c(ccc4cc5cccc(C=C)c5cc43)cc12'), min:(-99999, '')
[0.4983024597167969] Updated in round 35! max:(0.2602739726027397, 'C=Cc1ccc2cc3c(ccc4cc5cccc(C=C)c5cc43)cc2c1C=C'), min:(-99999, '')
[0.5589914321899414] Updated in round 36! max:(0.273972602739726, 'C=CC=Cc1ccc2cc3c(ccc4cc5cccc(C=C)c5cc43)cc2c1C=C'), min:(-99999, '')
[0.6290590763092041] Updated in round 37! max:(0.273972602739726, 'C=CC=Cc1ccc2cc3c(ccc4cc5cccc(C=C)c5cc43)cc2c1C=C'), min:(-99999, '')
[0.6365420818328857] Updated in round 38! max:(0.273972602739726, 'C=CC=Cc1ccc2cc3c(ccc4cc5cccc(C=C)c5cc43)cc2c1C=C'), min:(-99999, '')
[0.6420602798461914] Updated in round 39! max:(0.273972602739726, 'C=CC=Cc1ccc2cc3c(ccc4cc5cccc(C=C)c5cc43)cc2c1C=C'), min:(-99999, '')
[0.6500508785247803] Updated in round 40! max:(0.273972602739726, 'C=CC=Cc1ccc2cc3c(ccc4cc5cccc(C=C)c5cc43)cc2c1C=C'), min:(-99999, '')
[0.6594903469085693] Updated in round 41! max:(0.273972602739726, 'C=CC=Cc1ccc2cc3c(ccc4cc5cccc(C=C)c5cc43)cc2c1C=C'), min:(-99999, '')
[0.6675262451171875] Updated in round 42! max:(0.273972602739726, 'C=CC=Cc1ccc2cc3c(ccc4cc5cccc(C=C)c5cc43)cc2c1C=C'), min:(-99999, '')
[0.6759746074676514] Updated in round 43! max:(0.273972602739726, 'C=CC=Cc1ccc2cc3c(ccc4cc5cccc(C=C)c5cc43)cc2c1C=C'), min:(-99999, '')
[0.6837637424468994] Updated in round 44! max:(0.273972602739726, 'C=CC=Cc1ccc2cc3c(ccc4cc5cccc(C=C)c5cc43)cc2c1C=C'), min:(-99999, '')
[0.6923778057098389] Updated in round 45! max:(0.273972602739726, 'C=CC=Cc1ccc2cc3c(ccc4cc5cccc(C=C)c5cc43)cc2c1C=C'), min:(-99999, '')
[0.7018759250640869] Updated in round 46! max:(0.273972602739726, 'C=CC=Cc1ccc2cc3c(ccc4cc5cccc(C=C)c5cc43)cc2c1C=C'), min:(-99999, '')
[0.710080623626709] Updated in round 47! max:(0.273972602739726, 'C=CC=Cc1ccc2cc3c(ccc4cc5cccc(C=C)c5cc43)cc2c1C=C'), min:(-99999, '')
[0.7191128730773926] Updated in round 48! max:(0.2876712328767123, 'C=CC=CC=Cc1ccc2cc3c(ccc4cc5cccc(C=C)c5cc43)cc2c1C=C'), min:(-99999, '')
[0.8080933094024658] Updated in round 49! max:(0.2876712328767123, 'C=CC=CC=Cc1ccc2cc3c(ccc4cc5cccc(C=C)c5cc43)cc2c1C=C'), min:(-99999, '')
[0.8206741809844971] Updated in round 50! max:(0.3013698630136986, 'C=CC=CC=CC=Cc1ccc2cc3c(ccc4cc5cccc(C=C)c5cc43)cc2c1C=C'), min:(-99999, '')
[0.9225893020629883] Updated in round 51! max:(0.3013698630136986, 'C=CC=CC=CC=Cc1ccc2cc3c(ccc4cc5cccc(C=C)c5cc43)cc2c1C=C'), min:(-99999, '')
[0.9440054893493652] Updated in round 52! max:(0.3150684931506849, 'C=CC=CC=Cc1ccc2c(ccc3cc4c(ccc5cc6cccc(C=C)c6cc54)cc32)c1'), min:(-99999, '')
[1.0575637817382812] Updated in round 53! max:(0.3150684931506849, 'C=CC=CC=Cc1ccc2c(ccc3cc4c(ccc5cc6cccc(C=C)c6cc54)cc32)c1'), min:(-99999, '')
[1.0806992053985596] Updated in round 54! max:(0.3150684931506849, 'C=CC=CC=Cc1ccc2c(ccc3cc4c(ccc5cc6cccc(C=C)c6cc54)cc32)c1'), min:(-99999, '')
[1.1011724472045898] Updated in round 55! max:(0.3287671232876712, 'C=CC=C(C=C)C=Cc1ccc2c(ccc3cc4c(ccc5cc6cccc(C=C)c6cc54)cc32)c1'), min:(-99999, '')
[1.239292860031128] Updated in round 56! max:(0.3287671232876712, 'C=CC=C(C=C)C=Cc1ccc2c(ccc3cc4c(ccc5cc6cccc(C=C)c6cc54)cc32)c1'), min:(-99999, '')
[1.253706693649292] Updated in round 57! max:(0.3287671232876712, 'C=CC=C(C=C)C=Cc1ccc2c(ccc3cc4c(ccc5cc6cccc(C=C)c6cc54)cc32)c1'), min:(-99999, '')
[1.2658166885375977] Updated in round 58! max:(0.3287671232876712, 'C=CC=C(C=C)C=Cc1ccc2c(ccc3cc4c(ccc5cc6cccc(C=C)c6cc54)cc32)c1'), min:(-99999, '')
[1.281397819519043] Updated in round 59! max:(0.3287671232876712, 'C=CC=C(C=C)C=Cc1ccc2c(ccc3cc4c(ccc5cc6cccc(C=C)c6cc54)cc32)c1'), min:(-99999, '')
[1.2963335514068604] Updated in round 60! max:(0.3287671232876712, 'C=CC=C(C=C)C=Cc1ccc2c(ccc3cc4c(ccc5cc6cccc(C=C)c6cc54)cc32)c1'), min:(-99999, '')
[1.3084137439727783] Updated in round 61! max:(0.3287671232876712, 'C=CC=C(C=C)C=Cc1ccc2c(ccc3cc4c(ccc5cc6cccc(C=C)c6cc54)cc32)c1'), min:(-99999, '')
[1.3298752307891846] Updated in round 62! max:(0.3287671232876712, 'C=CC=C(C=C)C=Cc1ccc2c(ccc3cc4c(ccc5cc6cccc(C=C)c6cc54)cc32)c1'), min:(-99999, '')
[1.3462119102478027] Updated in round 63! max:(0.3424657534246575, 'C=CC=C(C=C)C=Cc1ccc2c(ccc3cc4c(ccc5cc6ccc(C=C)c(C=C)c6cc54)cc32)c1'), min:(-99999, '')
[1.4818220138549805] Updated in round 64! max:(0.3424657534246575, 'C=CC=C(C=C)C=Cc1ccc2c(ccc3cc4c(ccc5cc6ccc(C=C)c(C=C)c6cc54)cc32)c1'), min:(-99999, '')
[1.4988009929656982] Updated in round 65! max:(0.3561643835616438, 'C=CC(=C)C=C(C=C)C=Cc1ccc2c(ccc3cc4c(ccc5cc6ccc(C=C)c(C=C)c6cc54)cc32)c1'), min:(-99999, '')
[1.6437110900878906] Updated in round 66! max:(0.3561643835616438, 'C=CC(=C)C=C(C=C)C=Cc1ccc2c(ccc3cc4c(ccc5cc6ccc(C=C)c(C=C)c6cc54)cc32)c1'), min:(-99999, '')
[1.6576652526855469] Updated in round 67! max:(0.3561643835616438, 'C=CC(=C)C=C(C=C)C=Cc1ccc2c(ccc3cc4c(ccc5cc6ccc(C=C)c(C=C)c6cc54)cc32)c1'), min:(-99999, '')
[1.669403314590454] Updated in round 68! max:(0.3561643835616438, 'C=CC(=C)C=C(C=C)C=Cc1ccc2c(ccc3cc4c(ccc5cc6ccc(C=C)c(C=C)c6cc54)cc32)c1'), min:(-99999, '')
[1.6836388111114502] Updated in round 69! max:(0.3561643835616438, 'C=CC(=C)C=C(C=C)C=Cc1ccc2c(ccc3cc4c(ccc5cc6ccc(C=C)c(C=C)c6cc54)cc32)c1'), min:(-99999, '')
[1.7023930549621582] Updated in round 70! max:(0.3698630136986301, 'C=CC=CC(=C)C=C(C=C)C=Cc1ccc2c(ccc3cc4c(ccc5cc6ccc(C=C)c(C=C)c6cc54)cc32)c1'), min:(-99999, '')
[1.8715283870697021] Updated in round 71! max:(0.3698630136986301, 'C=CC=CC(=C)C=C(C=C)C=Cc1ccc2c(ccc3cc4c(ccc5cc6ccc(C=C)c(C=C)c6cc54)cc32)c1'), min:(-99999, '')
[1.8933701515197754] Updated in round 72! max:(0.3835616438356164, 'C=CC=CC(=C)C=C(C=C)C=Cc1ccc2c(ccc3cc4c(ccc5cc6ccc(C=C)c(C=CC=C)c6cc54)cc32)c1'), min:(-99999, '')
[2.08201265335083] Updated in round 73! max:(0.3835616438356164, 'C=CC=CC(=C)C=C(C=C)C=Cc1ccc2c(ccc3cc4c(ccc5cc6ccc(C=C)c(C=CC=C)c6cc54)cc32)c1'), min:(-99999, '')
[2.095216751098633] Updated in round 74! max:(0.3835616438356164, 'C=CC=CC(=C)C=C(C=C)C=Cc1ccc2c(ccc3cc4c(ccc5cc6ccc(C=C)c(C=CC=C)c6cc54)cc32)c1'), min:(-99999, '')
[2.115715742111206] Updated in round 75! max:(0.3835616438356164, 'C=CC=CC(=C)C=C(C=C)C=Cc1ccc2c(ccc3cc4c(ccc5cc6ccc(C=C)c(C=CC=C)c6cc54)cc32)c1'), min:(-99999, '')
[2.1417641639709473] Updated in round 76! max:(0.3835616438356164, 'C=CC=CC(=C)C=C(C=C)C=Cc1ccc2c(ccc3cc4c(ccc5cc6ccc(C=C)c(C=CC=C)c6cc54)cc32)c1'), min:(-99999, '')
[2.171298027038574] Updated in round 77! max:(0.3835616438356164, 'C=CC=CC(=C)C=C(C=C)C=Cc1ccc2c(ccc3cc4c(ccc5cc6ccc(C=C)c(C=CC=C)c6cc54)cc32)c1'), min:(-99999, '')
[2.198507308959961] Updated in round 78! max:(0.3835616438356164, 'C=CC=CC(=C)C=C(C=C)C=Cc1ccc2c(ccc3cc4c(ccc5cc6ccc(C=C)c(C=CC=C)c6cc54)cc32)c1'), min:(-99999, '')
[2.220475196838379] Updated in round 79! max:(0.3835616438356164, 'C=CC=CC(=C)C=C(C=C)C=Cc1ccc2c(ccc3cc4c(ccc5cc6ccc(C=C)c(C=CC=C)c6cc54)cc32)c1'), min:(-99999, '')
[2.241506338119507] Updated in round 80! max:(0.3835616438356164, 'C=CC=CC(=C)C=C(C=C)C=Cc1ccc2c(ccc3cc4c(ccc5cc6ccc(C=C)c(C=CC=C)c6cc54)cc32)c1'), min:(-99999, '')
[2.2585811614990234] Updated in round 81! max:(0.3835616438356164, 'C=CC=CC(=C)C=C(C=C)C=Cc1ccc2c(ccc3cc4c(ccc5cc6ccc(C=C)c(C=CC=C)c6cc54)cc32)c1'), min:(-99999, '')
[2.2795870304107666] Updated in round 82! max:(0.3835616438356164, 'C=CC=CC(=C)C=C(C=C)C=Cc1ccc2c(ccc3cc4c(ccc5cc6ccc(C=C)c(C=CC=C)c6cc54)cc32)c1'), min:(-99999, '')
[2.3039634227752686] Updated in round 83! max:(0.3835616438356164, 'C=CC=CC(=C)C=C(C=C)C=Cc1ccc2c(ccc3cc4c(ccc5cc6ccc(C=C)c(C=CC=C)c6cc54)cc32)c1'), min:(-99999, '')
[2.3254268169403076] Updated in round 84! max:(0.3835616438356164, 'C=CC=CC(=C)C=C(C=C)C=Cc1ccc2c(ccc3cc4c(ccc5cc6ccc(C=C)c(C=CC=C)c6cc54)cc32)c1'), min:(-99999, '')
[2.3498318195343018] Updated in round 85! max:(0.3835616438356164, 'C=CC=CC(=C)C=C(C=C)C=Cc1ccc2c(ccc3cc4c(ccc5cc6ccc(C=C)c(C=CC=C)c6cc54)cc32)c1'), min:(-99999, '')
[2.3740622997283936] Updated in round 86! max:(0.3972602739726027, 'C=CC=CC(=C)C=C(C=C)C=Cc1ccc2c(ccc3cc4c(ccc5cc6ccc(C=C)c(C=CC(=C)C=C)c6cc54)cc32)c1'), min:(-99999, '')
[2.584920644760132] Updated in round 87! max:(0.3972602739726027, 'C=CC=CC(=C)C=C(C=C)C=Cc1ccc2c(ccc3cc4c(ccc5cc6ccc(C=C)c(C=CC(=C)C=C)c6cc54)cc32)c1'), min:(-99999, '')
[2.607356309890747] Updated in round 88! max:(0.3972602739726027, 'C=CC=CC(=C)C=C(C=C)C=Cc1ccc2c(ccc3cc4c(ccc5cc6ccc(C=C)c(C=CC(=C)C=C)c6cc54)cc32)c1'), min:(-99999, '')
[2.6424431800842285] Updated in round 89! max:(0.410958904109589, 'C=CC=CC(=C)C=C(C=C)C=Cc1ccc2c(ccc3cc4c(ccc5cc6ccc(C=CC=C)c(C=CC(=C)C=C)c6cc54)cc32)c1'), min:(-99999, '')
[2.896040439605713] Updated in round 90! max:(0.410958904109589, 'C=CC=CC(=C)C=C(C=C)C=Cc1ccc2c(ccc3cc4c(ccc5cc6ccc(C=CC=C)c(C=CC(=C)C=C)c6cc54)cc32)c1'), min:(-99999, '')
[2.92865252494812] Updated in round 91! max:(0.4246575342465753, 'C=CC=Cc1ccc2cc3ccc4cc5c(ccc6cc(C=CC(C=C)=CC(=C)C=C(C=C)C=C)ccc65)cc4c3cc2c1C=CC(=C)C=C'), min:(-99999, '')
[3.1776797771453857] Updated in round 92! max:(0.4246575342465753, 'C=CC=Cc1ccc2cc3ccc4cc5c(ccc6cc(C=CC(C=C)=CC(=C)C=C(C=C)C=C)ccc65)cc4c3cc2c1C=CC(=C)C=C'), min:(-99999, '')
[3.1896302700042725] Updated in round 93! max:(0.4246575342465753, 'C=CC=Cc1ccc2cc3ccc4cc5c(ccc6cc(C=CC(C=C)=CC(=C)C=C(C=C)C=C)ccc65)cc4c3cc2c1C=CC(=C)C=C'), min:(-99999, '')
[3.2077548503875732] Updated in round 94! max:(0.4246575342465753, 'C=CC=Cc1ccc2cc3ccc4cc5c(ccc6cc(C=CC(C=C)=CC(=C)C=C(C=C)C=C)ccc65)cc4c3cc2c1C=CC(=C)C=C'), min:(-99999, '')
[3.2335004806518555] Updated in round 95! max:(0.4383561643835616, 'C=CC=Cc1ccc2cc3ccc4cc5c(ccc6cc(C=Cc7ccc(=C(C=C)C=C)c(=C)c7)ccc65)cc4c3cc2c1C=CC(=C)C=C'), min:(-99999, '')
[3.507230758666992] Updated in round 96! max:(0.4383561643835616, 'C=CC=Cc1ccc2cc3ccc4cc5c(ccc6cc(C=Cc7ccc(=C(C=C)C=C)c(=C)c7)ccc65)cc4c3cc2c1C=CC(=C)C=C'), min:(-99999, '')
[3.5329720973968506] Updated in round 97! max:(0.4383561643835616, 'C=CC=Cc1ccc2cc3ccc4cc5c(ccc6cc(C=Cc7ccc(=C(C=C)C=C)c(=C)c7)ccc65)cc4c3cc2c1C=CC(=C)C=C'), min:(-99999, '')
[3.5536928176879883] Updated in round 98! max:(0.4383561643835616, 'C=CC=Cc1ccc2cc3ccc4cc5c(ccc6cc(C=Cc7ccc(=C(C=C)C=C)c(=C)c7)ccc65)cc4c3cc2c1C=CC(=C)C=C'), min:(-99999, '')
[3.5701229572296143] Updated in round 99! max:(0.4383561643835616, 'C=CC=Cc1ccc2cc3ccc4cc5c(ccc6cc(C=Cc7ccc(=C(C=C)C=C)c(=C)c7)ccc65)cc4c3cc2c1C=CC(=C)C=C'), min:(-99999, '')
[3.6045398712158203] Updated in round 100! max:(0.4383561643835616, 'C=CC=Cc1ccc2cc3ccc4cc5c(ccc6cc(C=Cc7ccc(=C(C=C)C=C)c(=C)c7)ccc65)cc4c3cc2c1C=CC(=C)C=C'), min:(-99999, '')
[3.6278347969055176] Updated in round 101! max:(0.4383561643835616, 'C=CC=Cc1ccc2cc3ccc4cc5c(ccc6cc(C=Cc7ccc(=C(C=C)C=C)c(=C)c7)ccc65)cc4c3cc2c1C=CC(=C)C=C'), min:(-99999, '')
[3.9477176666259766] Updated in round 102! max:(0.4520547945205479, 'C=CC=Cc1ccc2cc3ccc4cc5c(ccc6cc(C=Cc7ccc8c(C=C)cccc8c7)ccc65)cc4c3cc2c1C=CC(=C)C=C'), min:(-1.0, 'C=CC=Cc1ccc2cc3ccc4cc5c6ccc7cc(ccc8ccc(=C(C=C)C=C)c(c8)cc(c2c1C=CC(=C)C=C)c3c4c6)ccc75')
[4.437446594238281] Updated in round 103! max:(0.4657534246575342, 'C=Cc1cccc2cc(C=Cc3ccc4c(ccc5cc6c(ccc7cc8ccc9ccccc(=C)c(=C)ccc9c8cc76)cc54)c3)ccc12'), min:(-1.0, 'C=CC=Cc1ccc2cc3ccc4cc5c6ccc7cc(ccc8ccc(c(C=C)ccccc(=C)ccc1c2cc3c4c6)c(=C)c8)ccc75')
[5.072100400924683] Updated in round 104! max:(0.4794520547945205, 'C=Cc1cccc2cc(C=Cc3ccc4c(ccc5cc6c(ccc7cc8ccc9cc%10ccc(=C)c(=C)c%10cc9c8cc76)cc54)c3)ccc12'), min:(-1.0, 'C=CC=c1c(=Cc2ccc(=C(C=C)C=C)c(=C)c2)c2ccc3c(ccc4cc5c(ccc6cc7ccc1c(C=CC(=C)C=C)c7cc65)cc43)c2')
[5.518535137176514] Updated in round 105! max:(0.4931506849315068, 'C=Cc1ccc2cc(C=Cc3ccc4c(ccc5cc6c(ccc7cc8ccc9cc%10ccc(=C)c(=C)c%10cc9c8cc76)cc54)c3)ccc2c1C=C'), min:(-1.0, 'C=CC=Cc1ccc2cc3ccc4cc5c6ccc7cc(ccc75)C=Cc5cc(=C)c(=C(C=C)C=C)cc5-c6c4c3cc2c1C=CC(=C)C=C')
[6.128316640853882] Updated in round 106! max:(0.5068493150684932, 'C=c1ccc2cc3ccc4cc5ccc6cc7c(ccc8cc(C=Cc9ccc%10c(ccc%11ccccc%11%10)c9)ccc87)cc6c5cc4c3cc2c1=C'), min:(-1.0, 'C=CC=Cc1ccc2cc3ccc4cc5c6ccc7cc(ccc8ccc(=C(C=C)C=C)c(cc(C(=C)C=C)cc1c2cc3c4c6)c8)ccc75')
[6.740499496459961] Updated in round 107! max:(0.5068493150684932, 'C=c1ccc2cc3ccc4cc5ccc6cc7c(ccc8cc(C=Cc9ccc%10c(ccc%11ccccc%11%10)c9)ccc87)cc6c5cc4c3cc2c1=C'), min:(-1.0, 'C=CC=Cc1ccc2cc3ccc4cc5c6ccc(C=Cc7ccc(=C(C=C)C=C)c(=C)c7)cc6cc6c(=CC(=C)C=C)c1c2cc3c4cc65')
[6.946571111679077] Updated in round 108! max:(0.5205479452054794, 'C=CC=c1c(=C)ccc2cc3ccc4cc5ccc6cc7c(ccc8cc(C=Cc9ccc%10c(ccc%11ccccc%11%10)c9)ccc87)cc6c5cc4c3cc12'), min:(-1.0, 'C#Cc1cc(C=CC(C=C)=CC(=C)C=C(C=C)C=C)cc2ccc3cc4c(ccc5cc6ccc(C=CC=C)c(C=CC(=C)C=C)c6cc54)cc3c12')
[7.675973176956177] Updated in round 109! max:(0.5205479452054794, 'C=CC=c1c(=C)ccc2cc3ccc4cc5ccc6cc7c(ccc8cc(C=Cc9ccc%10c(ccc%11ccccc%11%10)c9)ccc87)cc6c5cc4c3cc12'), min:(-1.0, 'C#Cc1c2ccc3cc(C=CC(C=C)=CC(=C)C=C(C=C)C=C)ccc3c2cc2ccc3cc4ccc(C=CC=C)c(C=CC(=C)C=C)c4cc3c12')
[7.9068520069122314] Updated in round 110! max:(0.5342465753424658, 'C=CC=c1c(=C)ccc2cc3ccc4cc5ccc6cc7c(ccc8cc9ccc%10cc%11ccc%12ccccc%12c%11cc%10c9cc87)cc6c5cc4c3cc12'), min:(-1.0, 'C=CC(=C)C=Cc1c2ccc3cc4cc(c(C=C)c2)c2cc5c(ccc6cc(C=CC(C=C)=CC(=C)C=C(C=C)C=C)ccc65)cc2c4cc13')
[8.447566509246826] Updated in round 111! max:(0.5342465753424658, 'C=CC=c1c(=C)ccc2cc3ccc4cc5ccc6cc7c(ccc8cc9ccc%10cc%11ccc%12ccccc%12c%11cc%10c9cc87)cc6c5cc4c3cc12'), min:(-1.0, 'C=CC=CC(=C)C=C(C=C)C=Cc1ccc2c(ccc3c(C=C)c4c(ccc5cc6ccc(C=CC=C)c(C=CC(=C)C=C)c6cc54)cc32)c1')
[8.67158055305481] Updated in round 112! max:(0.5342465753424658, 'C=CC=c1c(=C)ccc2cc3ccc4cc5ccc6cc7c(ccc8cc9ccc%10cc%11ccc%12ccccc%12c%11cc%10c9cc87)cc6c5cc4c3cc12'), min:(-1.0, 'C=CC=Cc1c(C=CC(=C)C=C)c2cc3c4ccc5cc6c(ccc7cc(ccc(C=C)cc(=C)ccc(=C)c1cc2c4)ccc76)cc53')
[8.920019388198853] Updated in round 113! max:(0.547945205479452, 'C=CC=c1ccc2cc3ccc4cc5ccc6cc7c(ccc8cc9ccc%10cc%11ccc%12ccccc%12c%11cc%10c9cc87)cc6c5cc4c3cc2c1=CC=C'), min:(-1.0, 'C=CC=CC(=C)C=C(C=C)C=Cc1ccc2c(ccc3cc4c(ccc5cc6c7cc(C=C)c(cc7C(=C)C=C)c6cc54)cc32)c1')
[9.71875810623169] Updated in round 114! max:(0.5616438356164384, 'C=c1cc2ccc3cc4ccc5cc6ccc7cc8c(ccc9cc%10ccc%11cc%12ccc%13ccccc%13c%12cc%11c%10cc98)cc7c6cc5c4cc3c2cc1=C'), min:(-1.0, 'C=CC=CC(=C)C=C(C=C)C=Cc1ccc2c3cc4ccc5cc6ccc(C=C)c7ccc(=C)ccc1c2ccc3cc4c5cc67')
[11.029613494873047] Updated in round 115! max:(0.5753424657534246, 'C=CC=c1cc2ccc3cc4ccc5cc6ccc7cc8c(ccc9cc%10ccc%11cc%12ccc%13ccccc%13c%12cc%11c%10cc98)cc7c6cc5c4cc3c2cc1=C'), min:(-1.0, 'C=CC=CC(=C)C=C(C=C)C=Cc1ccc2c(ccc3cc4c(ccc5cc6ccc(C=C)c(C7=CC(C=C)=C7)c6cc54)cc32)c1')
[11.86068081855774] Updated in round 116! max:(0.589041095890411, 'C=CC=c1cc2ccc3cc4ccc5cc6ccc7cc8c(ccc9cc%10ccc%11cc%12ccc%13ccccc%13c%12cc%11c%10cc98)cc7c6cc5c4cc3c2cc1=CC=C'), min:(-1.0, 'C=CC=Cc1c2ccc(C=C)cc(=C)cc(C=C)ccc3ccc4c(ccc5cc6c(ccc7cc(cc2)c1cc76)cc54)c3')
[12.800997018814087] Updated in round 117! max:(0.6027397260273972, 'C=CC=c1cc2ccc3cc4ccc5cc6ccc7cc8c(ccc9cc%10ccc%11cc%12ccc%13cc(C=C)ccc%13c%12cc%11c%10cc98)cc7c6cc5c4cc3c2cc1=CC=C'), min:(-1.0, 'C=CC=Cc1c(C=C)ccc2cc3ccc4cc5c(ccc6cc(C=CC(C=C)=C7C(=C)C=CC7=C)ccc65)cc4c3cc12')
[13.858040571212769] Updated in round 118! max:(0.6164383561643836, 'C=CC=c1cc2ccc3cc4ccc5cc6ccc7cc8c(ccc9cc%10ccc%11cc%12ccc%13cc(C=C)c(C=C)cc%13c%12cc%11c%10cc98)cc7c6cc5c4cc3c2cc1=CC=C'), min:(-1.0, 'C=CC=Cc1c(C=C)ccc2cc3ccc4cc5c6ccc7ccc(C=C)cc(=C)ccccc(cc6c7)c5cc4c3cc12')
[14.988014698028564] Updated in round 119! max:(0.6301369863013698, 'C=CC=Cc1cc2ccc3cc4ccc5cc6ccc7cc8c(ccc9cc%10ccc%11cc%12ccc%13cc(=CC=C)c(=CC=C)cc%13c%12cc%11c%10cc98)cc7c6cc5c4cc3c2cc1C=C'), min:(-1.0, 'C=CC=Cc1c(C=C)ccc2cc3ccc4cc5c(ccc6cc7ccc(C=C)cc(=C)ccc(=C)c7cc65)cc4c3cc12')
[17.12611436843872] Updated in round 120! max:(0.6438356164383562, 'C=CC=c1cc2ccc3cc4ccc5cc6ccc7cc8c(ccc9cc%10ccc%11cc%12ccc%13cc(C=C)c(C=C)cc%13c%12cc%11c%10cc98)cc7c6cc5c4cc3c2cc1=CC=CC(=C)C=C'), min:(-1.0, 'C=CC=Cc1c2ccc(=CC=C)c(=C)cc(C=C)ccc3ccc4c(ccc5cc6c(ccc7cc(cc2)c1cc76)cc54)c3')
[18.54266929626465] Updated in round 121! max:(0.6438356164383562, 'C=CC=c1cc2ccc3cc4ccc5cc6ccc7cc8c(ccc9cc%10ccc%11cc%12ccc%13cc(C=C)c(C=C)cc%13c%12cc%11c%10cc98)cc7c6cc5c4cc3c2cc1=CC=CC(=C)C=C'), min:(-1.0, 'C#CC(=CC=C)C(=C)C=C(C=C)C=Cc1ccc2c(ccc3cc4c(ccc5cc6ccc(C=C)c(C=CC=C)c6cc54)cc32)c1')
[19.118292331695557] Updated in round 122! max:(0.6438356164383562, 'C=CC=c1cc2ccc3cc4ccc5cc6ccc7cc8c(ccc9cc%10ccc%11cc%12ccc%13cc(C=C)c(C=C)cc%13c%12cc%11c%10cc98)cc7c6cc5c4cc3c2cc1=CC=CC(=C)C=C'), min:(-1.0, 'C#CC(=Cc1ccc2c(ccc3cc4c(ccc5cc6ccc(C=C)c(C=CC=C)c6cc54)cc32)c1)C(C=C)=CC(=C)C=CC=C')
[19.399946212768555] Updated in round 123! max:(0.6575342465753424, 'C=CC=c1cc2ccc3cc4ccc5cc6ccc7cc8c(ccc9cc%10ccc%11cc%12ccc%13cc%14ccccc%14cc%13c%12cc%11c%10cc98)cc7c6cc5c4cc3c2cc1=CC=CC(=C)C=C'), min:(-1.0, 'C=CC=CC(=C)C1=C(C=C)C=Cc2ccc3c(c2)cc1c1cc2c(ccc4cc5ccc(C=C)c(C=CC=C)c5cc42)cc13')
[20.58162212371826] Updated in round 124! max:(0.6712328767123288, 'C=CC=c1cc2ccc3cc4ccc5cc6ccc7cc8c(ccc9cc%10ccc%11cc%12ccc%13cc%14cccc(C=C)c%14cc%13c%12cc%11c%10cc98)cc7c6cc5c4cc3c2cc1=CC=CC(=C)C=C'), min:(-1.0, 'C=CC=CC(=C)C=C(C=C)C=Cc1ccc2c(ccc3cc4c(ccc5cc6c7c(c54)C(=C(C=C)C=7C=CC=C)C=6)cc32)c1')
[22.011120080947876] Updated in round 125! max:(0.684931506849315, 'C=Cc1ccccc2cc3ccc4cc5ccc6cc7ccc8cc9c(ccc%10cc%11ccc%12cc%13ccc%14cc%15cccc(C=C)c%15cc%14c%13cc%12c%11cc%109)cc8c7cc6c5cc4c3cc2ccc1'), min:(-1.0, 'C=CC=CC(=C)C=C(C=C)C=Cc1ccc2c3cc4c5cc3cc(c2c1)c4cc1cc2ccc(C=C)c(C=CC=C)c2cc15')
[23.889724731445312] Updated in round 126! max:(0.684931506849315, 'C=Cc1ccccc2cc3ccc4cc5ccc6cc7ccc8cc9c(ccc%10cc%11ccc%12cc%13ccc%14cc%15cccc(C=C)c%15cc%14c%13cc%12c%11cc%109)cc8c7cc6c5cc4c3cc2ccc1'), min:(-1.0, 'C=CC=CC(=C)C=C(C=C)c1ccc2ccc3cc4ccc5cc6c(ccc7cc(ccc76)c1)cc5c4cc3c2C=CC=C')
[26.655081748962402] Updated in round 127! max:(0.6986301369863014, 'C=CC=Cc1ccccc2cc3ccc4cc5ccc6cc7ccc8cc9c(ccc%10cc%11ccc%12cc%13ccc%14cc%15cccc(C=C)c%15cc%14c%13cc%12c%11cc%109)cc8c7cc6c5cc4c3cc2ccc1'), min:(-1.0, 'C=CC=CC(=C)C=C(C=C)C=Cc1cc2ccc3cc4c5ccc6cc7ccc(C=C)c(c(=CC=C)c(c1)c2c3c5)c7cc64')
[29.582296133041382] Updated in round 128! max:(0.6986301369863014, 'C=CC=Cc1ccccc2cc3ccc4cc5ccc6cc7ccc8cc9c(ccc%10cc%11ccc%12cc%13ccc%14cc%15cccc(C=C)c%15cc%14c%13cc%12c%11cc%109)cc8c7cc6c5cc4c3cc2ccc1'), min:(-1.0, 'C=CC=CC(=C)C=C(C=C)C=Cc1ccc2c3cc4ccc5cc6ccc(C=C)c7ccc(=C)c1c2ccc3cc4c5cc67')
[36.09011459350586] Updated in round 129! max:(0.6986301369863014, 'C=CC=Cc1ccccc2cc3ccc4cc5ccc6cc7ccc8cc9c(ccc%10cc%11ccc%12cc%13ccc%14cc%15cccc(C=C)c%15cc%14c%13cc%12c%11cc%109)cc8c7cc6c5cc4c3cc2ccc1'), min:(-1.0, 'C=CC=CC(=C)C=c1ccc2ccc3c(ccc4cc5c(ccc6cc7ccc(c(C=C)c7cc65)c(=C)c1=C)cc43)c2')
[37.375956773757935] Updated in round 130! max:(0.7123287671232876, 'C=Cc1cccc2cc3ccc4cc5ccc6cc7ccc8cc9c(ccc%10cc%11ccc%12cc%13ccc%14cc%15ccccc%16ccccc%16ccc%15cc%14c%13cc%12c%11cc%109)cc8c7cc6c5cc4c3cc12'), min:(-1.0, 'C=CC=CC(=C)C=C(C=C)C=Cc1ccc2c(c1)cc1c3cc4cc5ccc6cc2c1cc6c5cc4c(C=C)c3C=C')
[39.5705361366272] Updated in round 131! max:(0.726027397260274, 'C=Cc1cccc2cc3ccc4cc5ccc6cc7ccc8cc9c(ccc%10cc%11ccc%12cc%13ccc%14cc%15ccc%16cc%17ccccc%17cc%16c%15cc%14c%13cc%12c%11cc%109)cc8c7cc6c5cc4c3cc12'), min:(-1.0, 'C=Cc1ccc2ccc3c(ccc4cc5c(ccc6cc7ccc(C=C)c(ccc(=C)c(=C)c1)c7cc65)cc43)c2')
[41.66685914993286] Updated in round 132! max:(0.7397260273972602, 'C=Cc1cccc2cc3c(ccc4cc5ccc6cc7ccc8cc9ccc%10cc%11c(ccc%12cc%13ccc%14cc%15ccc%16cc%17cccc(C=C)c%17cc%16c%15cc%14c%13cc%12%11)cc%10c9cc8c7cc6c5cc43)cc12'), min:(-1.0, 'C=CC(=C)C=c1ccc2ccc3c(ccc4cc5c6cc7c(C=C)c(C=C)ccc7cc6cc(c1=C)c5cc43)c2')
[45.51953482627869] Updated in round 133! max:(0.7534246575342466, 'C=CC=Cc1cccc2cc3c(ccc4cc5ccc6cc7ccc8cc9ccc%10cc%11c(ccc%12cc%13ccc%14cc%15ccc%16cc%17cccc(C=C)c%17cc%16c%15cc%14c%13cc%12%11)cc%10c9cc8c7cc6c5cc43)cc12'), min:(-1.0, 'C=Cc1ccc2ccc3c(ccc4cc5c(ccc6c5cc5c(C=C)c(C=C)ccc5c6c(=C)c(=C)c1)cc43)c2')
[48.43777108192444] Updated in round 134! max:(0.7671232876712328, 'C=CC=Cc1cccc2cc3c(ccc4cc5ccc6cc7ccc8cc9ccc%10cc%11c(ccc%12cc%13ccc%14cc%15ccc%16cc%17cccc(C=CC=C)c%17cc%16c%15cc%14c%13cc%12%11)cc%10c9cc8c7cc6c5cc43)cc12'), min:(-1.0, 'C=CC(=C)C=C(C=C)C1=Cc2cc1c1c(ccc3cc4c(ccc5cc6ccc(C=C)c(C=C)c6cc54)cc31)c2')
[51.99661612510681] Updated in round 135! max:(0.7808219178082192, 'C=CC=Cc1cccc2cc3ccc4cc5ccc6cc7ccc8cc9c(ccc%10cc%11ccc%12cc%13ccc%14cc%15ccc%16cc%17c(C=C(C=C)C=C)cccc%17cc%16c%15cc%14c%13cc%12c%11cc%109)cc8c7cc6c5cc4c3cc12'), min:(-1.0, 'C=CC=C(C=C)C=C1c2cc3ccc4cc5c(ccc6cc7ccc(C=C)c(C=C)c7cc65)cc4c3cc21')
[55.35540223121643] Updated in round 136! max:(0.7945205479452054, 'C=CC=Cc1cccc2cc3ccc4cc5ccc6cc7ccc8cc9c(ccc%10cc%11ccc%12cc%13ccc%14cc%15ccc%16cc%17c(C=C(C=C)C(=C)C=C)cccc%17cc%16c%15cc%14c%13cc%12c%11cc%109)cc8c7cc6c5cc4c3cc12'), min:(-1.0, 'C=CC=C(C=C)C=Cc1ccc2c(ccc3cc4c(ccc5c4cc4c6ccc5c4ccc6C=C)cc32)c1')
[58.61925482749939] Updated in round 137! max:(0.8082191780821918, 'C=CC=Cc1cccc2cc3ccc4cc5ccc6cc7ccc8cc9c(ccc%10cc%11ccc%12cc%13ccc%14cc%15ccc%16cc%17c(ccc%18ccc(C(=C)C=C)cc%18%17)cc%16c%15cc%14c%13cc%12c%11cc%109)cc8c7cc6c5cc4c3cc12'), min:(-1.0, 'C=CC=C(C=C)C=Cc1ccc2c(ccc3cc4c(cc32)c2cc3cc5cccc(c5cc34)C2=C)c1')
[61.949368715286255] Updated in round 138! max:(0.8082191780821918, 'C=CC=Cc1cccc2cc3ccc4cc5ccc6cc7ccc8cc9c(ccc%10cc%11ccc%12cc%13ccc%14cc%15ccc%16cc%17c(ccc%18ccc(C(=C)C=C)cc%18%17)cc%16c%15cc%14c%13cc%12c%11cc%109)cc8c7cc6c5cc4c3cc12'), min:(-1.0, 'C=CC=C(C=C)C=Cc1ccc2c(ccc3cc4c5ccc6cc7c(ccc(C=C)c7cc64)-c5c32)c1')
[65.89500069618225] Updated in round 139! max:(0.821917808219178, 'C=CC=CC=Cc1cccc2cc3ccc4cc5ccc6cc7ccc8cc9c(ccc%10cc%11ccc%12cc%13ccc%14cc%15ccc%16cc%17c(ccc%18ccc(C(=C)C=C)cc%18%17)cc%16c%15cc%14c%13cc%12c%11cc%109)cc8c7cc6c5cc4c3cc12'), min:(-1.0, 'C=CC=C(C=C)C=Cc1ccc2c3cc4ccc5cc6cc7cc(C=C)c6cc5c4cc3cc7c2c1')
[69.77422332763672] Updated in round 140! max:(0.8356164383561644, 'C=CC=CC=Cc1cccc2cc3ccc4cc5ccc6cc7ccc8cc9c(ccc%10cc%11ccc%12cc%13ccc%14cc%15ccc%16cc%17c(ccc%18cc(C=C)c(C(=C)C=C)cc%18%17)cc%16c%15cc%14c%13cc%12c%11cc%109)cc8c7cc6c5cc4c3cc12'), min:(-1.0, 'C=CC=C1C=C(c2ccc3c(ccc4cc5c(ccc6cc7cccc(C=C)c7cc65)cc43)c2)C1=C')
[75.13573813438416] Updated in round 141! max:(0.8493150684931506, 'C=CC=CC=Cc1cccc2cc3ccc4cc5ccc6cc7ccc8cc9c(ccc%10cc%11ccc%12cc%13ccc%14cc%15ccc%16cc%17c(ccc%18cc%19cccc(C=C)c%19cc%18%17)cc%16c%15cc%14c%13cc%12c%11cc%109)cc8c7cc6c5cc4c3cc12'), min:(-1.0, 'C=CC=C(C=C)C=Cc1ccc2c3cc4ccc5cc6cc7cc(C=C)c6cc5c4cc3ccc2c17')
[81.6345112323761] Updated in round 142! max:(0.8493150684931506, 'C=CC=CC=Cc1cccc2cc3ccc4cc5ccc6cc7ccc8cc9c(ccc%10cc%11ccc%12cc%13ccc%14cc%15ccc%16cc%17c(ccc%18cc%19cccc(C=C)c%19cc%18%17)cc%16c%15cc%14c%13cc%12c%11cc%109)cc8c7cc6c5cc4c3cc12'), min:(-1.0, 'C=Cc1ccc2ccc3c(ccc4cc5c(ccc6cc7cccc(ccc1C=C)c7cc65)cc43)c2')
[84.86709856987] Updated in round 143! max:(0.863013698630137, 'C=CC=CC=Cc1cccc2cc3ccc4cc5ccc6cc7ccc8cc9c(ccc%10cc%11ccc%12cc%13ccc%14cc%15ccc%16cc%17c(ccc%18cc%19cccc(C=CC=C)c%19cc%18%17)cc%16c%15cc%14c%13cc%12c%11cc%109)cc8c7cc6c5cc4c3cc12'), min:(-1.0, 'C=CC=C(C=C)C=Cc1ccc2c(ccc3cc4c(cc(C=C)c5cc6cccc(C=C)c6cc54)cc32)c1')
[97.54894471168518] Updated in round 144! max:(0.8767123287671232, 'C=Cc1cccc2cc3ccc4cc5c(ccc6cc7ccc8cc9ccc%10cc%11ccc%12cc%13c(ccc%14cc%15ccc%16cc%17ccc%18cc%19ccc%20ccccccccc%20c%19cc%18c%17cc%16c%15cc%14%13)cc%12c%11cc%10c9cc8c7cc65)cc4c3cc12'), min:(-1.0, 'C=CC=CC=Cc1ccc2c(ccc3cc4c5ccc6cc7cccc(C=C)c7c(c64)c5c32)c1')
[110.01798725128174] Updated in round 145! max:(0.8904109589041096, 'C=Cc1ccccc2c(ccc1)ccc1cc3ccc4cc5ccc6cc7ccc8cc9c(ccc%10cc%11ccc%12cc%13ccc%14cc%15ccc%16cc%17c(ccc%18cc%19cccc(C=C)c%19cc%18%17)cc%16c%15cc%14c%13cc%12c%11cc%109)cc8c7cc6c5cc4c3cc12'), min:(-1.0, 'C=CC=c1ccc2ccc3c(ccc4cc5c(ccc6cc7cccc(cc1)c7cc65)cc43)c2')
[118.32141327857971] Updated in round 146! max:(0.9041095890410958, 'C=CC=Cc1ccccc2c(ccc1)ccc1cc3ccc4cc5ccc6cc7ccc8cc9c(ccc%10cc%11ccc%12cc%13ccc%14cc%15ccc%16cc%17c(ccc%18cc%19cccc(C=C)c%19cc%18%17)cc%16c%15cc%14c%13cc%12c%11cc%109)cc8c7cc6c5cc4c3cc12'), min:(-1.0, 'C=Cc1cccc2cc3ccc4cc5c(ccc6c7c(ccc65)C=CC=CC=C7)cc4c3cc12')
[123.17247009277344] Updated in round 147! max:(0.9041095890410958, 'C=CC=Cc1ccccc2c(ccc1)ccc1cc3ccc4cc5ccc6cc7ccc8cc9c(ccc%10cc%11ccc%12cc%13ccc%14cc%15ccc%16cc%17c(ccc%18cc%19cccc(C=C)c%19cc%18%17)cc%16c%15cc%14c%13cc%12c%11cc%109)cc8c7cc6c5cc4c3cc12'), min:(-1.0, 'C=CC1=CC=CC=Cc2ccc3cc4c(ccc5cc6cccc(C=C)c6cc54)cc3c2C1=C')
[128.13201093673706] Updated in round 148! max:(0.9041095890410958, 'C=CC=Cc1ccccc2c(ccc1)ccc1cc3ccc4cc5ccc6cc7ccc8cc9c(ccc%10cc%11ccc%12cc%13ccc%14cc%15ccc%16cc%17c(ccc%18cc%19cccc(C=C)c%19cc%18%17)cc%16c%15cc%14c%13cc%12c%11cc%109)cc8c7cc6c5cc4c3cc12'), min:(-1.0, 'C=CC=CC1=Cc2ccc3cc4c(ccc5c1c1cccc(C=C)c1cc54)cc3c2C=C')
[130.40516066551208] Updated in round 149! max:(0.9178082191780822, 'C=Cc1cccc2cc3ccc4cc5c(ccc6cc7ccc8cc9ccc%10cc%11ccc%12cc%13c(ccc%14cc%15ccc%16cc%17ccc%18cc%19ccc%20ccc%21ccccc%21ccccc%20c%19cc%18c%17cc%16c%15cc%14%13)cc%12c%11cc%10c9cc8c7cc65)cc4c3cc12'), min:(-1.0, 'C=CC=CC=Cc1c(C=C)c2cc3ccc4cc5cccc6c(=C)c1cc2cc3c4cc56')
[136.42456912994385] Updated in round 150! max:(0.9315068493150684, 'C=Cc1ccc2ccc3ccc4cc5ccc6cc7ccc8cc9ccc%10cc%11c(ccc%12cc%13ccc%14cc%15ccc%16cc%17ccc%18cc%19c(ccc%20cc%21cccc(C=C)c%21cc%20%19)cc%18c%17cc%16c%15cc%14c%13cc%12%11)cc%10c9cc8c7cc6c5cc4c3ccccc2c1'), min:(-1.0, 'C=CC=Cc1ccc2cc3c(ccc4cc5c6cc-6c(C=C)c5cc43)cc2c1C=C')
[148.88678979873657] Updated in round 151! max:(0.9315068493150684, 'C=Cc1ccc2ccc3ccc4cc5ccc6cc7ccc8cc9ccc%10cc%11c(ccc%12cc%13ccc%14cc%15ccc%16cc%17ccc%18cc%19c(ccc%20cc%21cccc(C=C)c%21cc%20%19)cc%18c%17cc%16c%15cc%14c%13cc%12%11)cc%10c9cc8c7cc6c5cc4c3ccccc2c1'), min:(-1.0, 'C=CC=c1c(=C)c2cccc3cc4ccc5cc6c(C=C)c1ccc6cc5c4cc32')
[151.05510449409485] Updated in round 152! max:(0.9315068493150684, 'C=Cc1ccc2ccc3ccc4cc5ccc6cc7ccc8cc9ccc%10cc%11c(ccc%12cc%13ccc%14cc%15ccc%16cc%17ccc%18cc%19c(ccc%20cc%21cccc(C=C)c%21cc%20%19)cc%18c%17cc%16c%15cc%14c%13cc%12%11)cc%10c9cc8c7cc6c5cc4c3ccccc2c1'), min:(-1.0, 'C=Cc1c2ccccc3ccc(C=C)c4cc5c(ccc6cc1c(cc2)cc65)cc34')
[156.6247947216034] Updated in round 153! max:(0.9452054794520548, 'C=Cc1ccc2c(ccc3cc4c(ccc5cc6ccc7cc8ccc9cc%10ccc%11cc%12c(ccc%13cc%14ccc%15cc%16ccc%17cc%18ccc%19cc%20c(ccc%21cc%22cccc(C=C)c%22cc%21%20)cc%19c%18cc%17c%16cc%15c%14cc%13%12)cc%11c%10cc9c8cc7c6cc54)cc32)c1'), min:(-1.0, 'C=Cc1cccc2cc3ccc4cc5c6c(ccc5cc4c3cc12)C=CC(=C)C=C6')
[162.28612112998962] Updated in round 154! max:(0.9452054794520548, 'C=Cc1ccc2c(ccc3cc4c(ccc5cc6ccc7cc8ccc9cc%10ccc%11cc%12c(ccc%13cc%14ccc%15cc%16ccc%17cc%18ccc%19cc%20c(ccc%21cc%22cccc(C=C)c%22cc%21%20)cc%19c%18cc%17c%16cc%15c%14cc%13%12)cc%11c%10cc9c8cc7c6cc54)cc32)c1'), min:(-1.0, 'C=CC=C1c2ccc3cc4c(cc1c1cc5cccc(C=C)c5cc14)cc3c2C=C')
[163.81897449493408] Updated in round 155! max:(0.958904109589041, 'C=Cc1cc2ccc3cc4c5ccc6cc7ccc8cc9ccc%10cc%11ccc%12cc%13c(ccc%14cc%15ccc%16cc%17ccc%18cc%19ccc%20cc%21c(ccc%22cc%23cccc(c%23cc%22%21)C=Cc1cc2c3c5)cc%20c%19cc%18c%17cc%16c%15cc%14%13)cc%12c%11cc%10c9cc8c7cc64'), min:(-1.0, 'C=CC=Cc1ccc2cc3c(ccc4cc5c6ccc(cc6)c5cc43)cc2c1C=C')
[171.69746613502502] Updated in round 156! max:(0.958904109589041, 'C=Cc1cc2ccc3cc4c5ccc6cc7ccc8cc9ccc%10cc%11ccc%12cc%13c(ccc%14cc%15ccc%16cc%17ccc%18cc%19ccc%20cc%21c(ccc%22cc%23cccc(c%23cc%22%21)C=Cc1cc2c3c5)cc%20c%19cc%18c%17cc%16c%15cc%14%13)cc%12c%11cc%10c9cc8c7cc64'), min:(-1.0, 'C=CC=Cc1ccc2c(cc3ccc4cc5cccc6ccc2c3c4cc65)c1C=C')
[172.73972630500793] Updated in round 157! max:(0.9726027397260274, 'C=CC=Cc1cc2ccc3cc4c5ccc6cc7ccc8cc9ccc%10cc%11ccc%12cc%13c(ccc%14cc%15ccc%16cc%17ccc%18cc%19ccc%20cc%21c(ccc%22cc%23cccc(c%23cc%22%21)C=Cc1cc2c3c5)cc%20c%19cc%18c%17cc%16c%15cc%14%13)cc%12c%11cc%10c9cc8c7cc64'), min:(-1.0, 'C=CC=Cc1ccc2cc3c4cc5c(C=C)c6ccc5cc4cc6c3cc2c1C=C')
[180.74407863616943] Updated in round 158! max:(0.9726027397260274, 'C=CC=Cc1cc2ccc3cc4c5ccc6cc7ccc8cc9ccc%10cc%11ccc%12cc%13c(ccc%14cc%15ccc%16cc%17ccc%18cc%19ccc%20cc%21c(ccc%22cc%23cccc(c%23cc%22%21)C=Cc1cc2c3c5)cc%20c%19cc%18c%17cc%16c%15cc%14%13)cc%12c%11cc%10c9cc8c7cc64'), min:(-1.0, 'C=CC=Cc1ccc2c(cc3ccc4cc5cccc(C=C)c5c5c4c3c25)c1C=C')
[181.8167986869812] Updated in round 159! max:(0.9726027397260274, 'C=CC=Cc1cc2ccc3cc4c5ccc6cc7ccc8cc9ccc%10cc%11ccc%12cc%13c(ccc%14cc%15ccc%16cc%17ccc%18cc%19ccc%20cc%21c(ccc%22cc%23cccc(c%23cc%22%21)C=Cc1cc2c3c5)cc%20c%19cc%18c%17cc%16c%15cc%14%13)cc%12c%11cc%10c9cc8c7cc64'), min:(-1.0, 'C=Cc1c2ccc(=C)ccc3cccc4cc5ccc6cc1c(cc2)cc6c5cc34')
[182.49362540245056] Updated in round 160! max:(0.9726027397260274, 'C=CC=Cc1cc2ccc3cc4c5ccc6cc7ccc8cc9ccc%10cc%11ccc%12cc%13c(ccc%14cc%15ccc%16cc%17ccc%18cc%19ccc%20cc%21c(ccc%22cc%23cccc(c%23cc%22%21)C=Cc1cc2c3c5)cc%20c%19cc%18c%17cc%16c%15cc%14%13)cc%12c%11cc%10c9cc8c7cc64'), min:(-1.0, 'C=CC=Cc1ccc2cc3c4c(c(c5cc6cccc(C=C)c6cc35)=C4)c2c1C=C')
[183.7010064125061] Updated in round 161! max:(0.9863013698630136, 'c1ccc2ccc3cc4ccc5cc6c7ccc8cc9ccc%10cc%11ccc%12cc%13ccc%14cc%15c(ccc%16cc%17ccc%18cc%19ccc%20cc%21ccc%22cc%23c(ccc%24cc(c1)c(ccc2c3cc4c5c7)cc%24%23)cc%22c%21cc%20c%19cc%18c%17cc%16%15)cc%14c%13cc%12c%11cc%10c9cc86'), min:(-1.0, 'C=Cc1ccc2cc3c(ccc4cc5ccc6c(C=C)c5c6c43)cc2c1C=C')
[191.5236918926239] Updated in round 162! max:(0.9863013698630136, 'c1ccc2ccc3cc4ccc5cc6c7ccc8cc9ccc%10cc%11ccc%12cc%13ccc%14cc%15c(ccc%16cc%17ccc%18cc%19ccc%20cc%21ccc%22cc%23c(ccc%24cc(c1)c(ccc2c3cc4c5c7)cc%24%23)cc%22c%21cc%20c%19cc%18c%17cc%16%15)cc%14c%13cc%12c%11cc%10c9cc86'), min:(-1.0, 'C=Cc1cccc2cc3ccc4cc5c(C=C)ccc(C=C)c5cc4c3cc12')
[192.56456470489502] Updated in round 163! max:(0.9863013698630136, 'c1ccc2ccc3cc4ccc5cc6c7ccc8cc9ccc%10cc%11ccc%12cc%13ccc%14cc%15c(ccc%16cc%17ccc%18cc%19ccc%20cc%21ccc%22cc%23c(ccc%24cc(c1)c(ccc2c3cc4c5c7)cc%24%23)cc%22c%21cc%20c%19cc%18c%17cc%16%15)cc%14c%13cc%12c%11cc%10c9cc86'), min:(-1.0, 'C=Cc1ccc2c3cc4c(ccc5cc6cccc(C=C)c6c2c54)cc13')
[193.783940076828] Updated in round 164! max:(0.9863013698630136, 'c1ccc2ccc3cc4ccc5cc6c7ccc8cc9ccc%10cc%11ccc%12cc%13ccc%14cc%15c(ccc%16cc%17ccc%18cc%19ccc%20cc%21ccc%22cc%23c(ccc%24cc(c1)c(ccc2c3cc4c5c7)cc%24%23)cc%22c%21cc%20c%19cc%18c%17cc%16%15)cc%14c%13cc%12c%11cc%10c9cc86'), min:(-1.0, 'C=Cc1cccc2c1cc1c3cc4ccc5c(C=C)c4cc3ccc1c52')
[194.72857570648193] Updated in round 165! max:(0.9863013698630136, 'c1ccc2ccc3cc4ccc5cc6c7ccc8cc9ccc%10cc%11ccc%12cc%13ccc%14cc%15c(ccc%16cc%17ccc%18cc%19ccc%20cc%21ccc%22cc%23c(ccc%24cc(c1)c(ccc2c3cc4c5c7)cc%24%23)cc%22c%21cc%20c%19cc%18c%17cc%16%15)cc%14c%13cc%12c%11cc%10c9cc86'), min:(-1.0, 'C=Cc1cccc2cc3c(ccc4c3cc3c5cccc3c4cc5)cc12')
[195.5573332309723] Updated in round 166! max:(0.9863013698630136, 'c1ccc2ccc3cc4ccc5cc6c7ccc8cc9ccc%10cc%11ccc%12cc%13ccc%14cc%15c(ccc%16cc%17ccc%18cc%19ccc%20cc%21ccc%22cc%23c(ccc%24cc(c1)c(ccc2c3cc4c5c7)cc%24%23)cc%22c%21cc%20c%19cc%18c%17cc%16%15)cc%14c%13cc%12c%11cc%10c9cc86'), min:(-1.0, 'C=Cc1cccc2cc3c(ccc4c(C=C)c5cccc(C=C)c5cc43)cc12')
[196.38921737670898] Updated in round 167! max:(0.9863013698630136, 'c1ccc2ccc3cc4ccc5cc6c7ccc8cc9ccc%10cc%11ccc%12cc%13ccc%14cc%15c(ccc%16cc%17ccc%18cc%19ccc%20cc%21ccc%22cc%23c(ccc%24cc(c1)c(ccc2c3cc4c5c7)cc%24%23)cc%22c%21cc%20c%19cc%18c%17cc%16%15)cc%14c%13cc%12c%11cc%10c9cc86'), min:(-1.0, 'C=Cc1cccc2cc3ccc4cc5cc6ccc5cc4c3c6c12')
[197.36291766166687] Updated in round 168! max:(0.9863013698630136, 'c1ccc2ccc3cc4ccc5cc6c7ccc8cc9ccc%10cc%11ccc%12cc%13ccc%14cc%15c(ccc%16cc%17ccc%18cc%19ccc%20cc%21ccc%22cc%23c(ccc%24cc(c1)c(ccc2c3cc4c5c7)cc%24%23)cc%22c%21cc%20c%19cc%18c%17cc%16%15)cc%14c%13cc%12c%11cc%10c9cc86'), min:(-1.0, 'C#Cc1c2ccccc2cc2ccc3cc4cccc(C=C)c4cc3c12')
[198.54133796691895] Updated in round 169! max:(0.9863013698630136, 'c1ccc2ccc3cc4ccc5cc6c7ccc8cc9ccc%10cc%11ccc%12cc%13ccc%14cc%15c(ccc%16cc%17ccc%18cc%19ccc%20cc%21ccc%22cc%23c(ccc%24cc(c1)c(ccc2c3cc4c5c7)cc%24%23)cc%22c%21cc%20c%19cc%18c%17cc%16%15)cc%14c%13cc%12c%11cc%10c9cc86'), min:(-1.0, 'C#Cc1cccc2cc3ccc4cc5cccc(C=C)c5cc4c3cc12')
[199.55659770965576] Updated in round 170! max:(0.9863013698630136, 'c1ccc2ccc3cc4ccc5cc6c7ccc8cc9ccc%10cc%11ccc%12cc%13ccc%14cc%15c(ccc%16cc%17ccc%18cc%19ccc%20cc%21ccc%22cc%23c(ccc%24cc(c1)c(ccc2c3cc4c5c7)cc%24%23)cc%22c%21cc%20c%19cc%18c%17cc%16%15)cc%14c%13cc%12c%11cc%10c9cc86'), min:(-1.0, 'C=Cc1cc2ccc3c(cc4c5cccc4c3cc5)c2cc1C=C')
[201.46229672431946] Updated in round 171! max:(0.9863013698630136, 'c1ccc2ccc3cc4ccc5cc6c7ccc8cc9ccc%10cc%11ccc%12cc%13ccc%14cc%15c(ccc%16cc%17ccc%18cc%19ccc%20cc%21ccc%22cc%23c(ccc%24cc(c1)c(ccc2c3cc4c5c7)cc%24%23)cc%22c%21cc%20c%19cc%18c%17cc%16%15)cc%14c%13cc%12c%11cc%10c9cc86'), min:(-1.0, 'C=Cc1cc2c3ccc4cc5cccc(C=C)c5c(ccc1c3)c42')
[202.52847743034363] Updated in round 172! max:(0.9863013698630136, 'c1ccc2ccc3cc4ccc5cc6c7ccc8cc9ccc%10cc%11ccc%12cc%13ccc%14cc%15c(ccc%16cc%17ccc%18cc%19ccc%20cc%21ccc%22cc%23c(ccc%24cc(c1)c(ccc2c3cc4c5c7)cc%24%23)cc%22c%21cc%20c%19cc%18c%17cc%16%15)cc%14c%13cc%12c%11cc%10c9cc86'), min:(-1.0, 'C=Cc1cccc2cc3ccc4cc5ccc4c3c(c12)C5=C')
[203.8010311126709] Reproduced in round 173!!
