[7.581710815429688e-05]Start running EvoMol from [H][H]...
[0.01257634162902832] Updated in round 1! max:(0.018867924528301886, 'C=C'), min:(-99999, '')
[0.013406991958618164] Updated in round 2! max:(0.03773584905660377, 'C=CC=C'), min:(-99999, '')
[0.015577077865600586] Updated in round 3! max:(0.05660377358490566, 'C=CC=CC=C'), min:(-99999, '')
[0.01810908317565918] Updated in round 4! max:(0.07547169811320754, 'c1ccccc1'), min:(-99999, '')
[0.03681778907775879] Updated in round 5! max:(0.09433962264150944, 'C=c1ccccc1=C'), min:(-99999, '')
[0.04071307182312012] Updated in round 6! max:(0.11320754716981132, 'C=Cc1cccc(=C)c1=C'), min:(-99999, '')
[0.04587197303771973] Updated in round 7! max:(0.1320754716981132, 'C=Cc1ccc(=C)c(=C)c1C=C'), min:(-99999, '')
[0.05126190185546875] Updated in round 8! max:(0.1509433962264151, 'C=CC=Cc1c(C=C)ccc(=C)c1=C'), min:(-99999, '')
[0.05873608589172363] Updated in round 9! max:(0.16981132075471697, 'C=CC=Cc1c(C=C)ccc(=C)c1=CC=C'), min:(-99999, '')
[0.06827712059020996] Updated in round 10! max:(0.16981132075471697, 'C=CC=Cc1c(C=C)ccc(=C)c1=CC=C'), min:(-99999, '')
[0.06993913650512695] Updated in round 11! max:(0.16981132075471697, 'C=CC=Cc1c(C=C)ccc(=C)c1=CC=C'), min:(-99999, '')
[0.07253623008728027] Updated in round 12! max:(0.18867924528301888, 'C=CC=CC=c1c(C=CC=C)c(C=C)ccc1=C'), min:(-99999, '')
[0.08597445487976074] Updated in round 13! max:(0.18867924528301888, 'C=CC=CC=c1c(C=CC=C)c(C=C)ccc1=C'), min:(-99999, '')
[0.08855509757995605] Updated in round 14! max:(0.20754716981132076, 'C=CC=CC=c1c(=C)ccc2c(=C)c(=C)ccc12'), min:(-99999, '')
[0.10033631324768066] Updated in round 15! max:(0.20754716981132076, 'C=CC=CC=c1c(=C)ccc2c(=C)c(=C)ccc12'), min:(-99999, '')
[0.10264039039611816] Updated in round 16! max:(0.20754716981132076, 'C=CC=CC=c1c(=C)ccc2c(=C)c(=C)ccc12'), min:(-99999, '')
[0.10506868362426758] Updated in round 17! max:(0.20754716981132076, 'C=CC=CC=c1c(=C)ccc2c(=C)c(=C)ccc12'), min:(-99999, '')
[0.10769081115722656] Updated in round 18! max:(0.20754716981132076, 'C=CC=CC=c1c(=C)ccc2c(=C)c(=C)ccc12'), min:(-99999, '')
[0.11257743835449219] Updated in round 19! max:(0.22641509433962265, 'C=Cc1ccc2c(ccc3c(=C)c(=C)ccc32)c1'), min:(-99999, '')
[0.12535977363586426] Updated in round 20! max:(0.24528301886792453, 'C=CC=Cc1ccc2c(ccc3c(=C)c(=C)ccc32)c1'), min:(-99999, '')
[0.14104223251342773] Updated in round 21! max:(0.24528301886792453, 'C=CC=Cc1ccc2c(ccc3c(=C)c(=C)ccc32)c1'), min:(-99999, '')
[0.1438446044921875] Updated in round 22! max:(0.24528301886792453, 'C=CC=Cc1ccc2c(ccc3c(=C)c(=C)ccc32)c1'), min:(-99999, '')
[0.14699220657348633] Updated in round 23! max:(0.2641509433962264, 'C=CC=Cc1ccc2c(ccc3c(=CC=C)c(=C)ccc32)c1'), min:(-99999, '')
[0.16840410232543945] Updated in round 24! max:(0.2641509433962264, 'C=CC=Cc1ccc2c(ccc3c(=CC=C)c(=C)ccc32)c1'), min:(-99999, '')
[0.17132878303527832] Updated in round 25! max:(0.2641509433962264, 'C=CC=Cc1ccc2c(ccc3c(=CC=C)c(=C)ccc32)c1'), min:(-99999, '')
[0.17453622817993164] Updated in round 26! max:(0.2641509433962264, 'C=CC=Cc1ccc2c(ccc3c(=CC=C)c(=C)ccc32)c1'), min:(-99999, '')
[0.17695927619934082] Updated in round 27! max:(0.2641509433962264, 'C=CC=Cc1ccc2c(ccc3c(=CC=C)c(=C)ccc32)c1'), min:(-99999, '')
[0.18089032173156738] Updated in round 28! max:(0.2830188679245283, 'C=CC=CC=Cc1ccc2c(ccc3c(=CC=C)c(=C)ccc32)c1'), min:(-99999, '')
[0.2101879119873047] Updated in round 29! max:(0.3018867924528302, 'C=CC=CC=CC=Cc1ccc2c(ccc3c(=CC=C)c(=C)ccc32)c1'), min:(-99999, '')
[0.24601054191589355] Updated in round 30! max:(0.3018867924528302, 'C=CC=CC=CC=Cc1ccc2c(ccc3c(=CC=C)c(=C)ccc32)c1'), min:(-99999, '')
[0.25202465057373047] Updated in round 31! max:(0.3018867924528302, 'C=CC=CC=CC=Cc1ccc2c(ccc3c(=CC=C)c(=C)ccc32)c1'), min:(-99999, '')
[0.2589445114135742] Updated in round 32! max:(0.3018867924528302, 'C=CC=CC=CC=Cc1ccc2c(ccc3c(=CC=C)c(=C)ccc32)c1'), min:(-99999, '')
[0.2645084857940674] Updated in round 33! max:(0.3018867924528302, 'C=CC=CC=CC=Cc1ccc2c(ccc3c(=CC=C)c(=C)ccc32)c1'), min:(-99999, '')
[0.26995301246643066] Updated in round 34! max:(0.32075471698113206, 'C=CC=c1c(=C)ccc2c1ccc1cc(C=CC=CC=CC(=C)C=C)ccc12'), min:(-99999, '')
[0.31070685386657715] Updated in round 35! max:(0.32075471698113206, 'C=CC=c1c(=C)ccc2c1ccc1cc(C=CC=CC=CC(=C)C=C)ccc12'), min:(-99999, '')
[0.3148958683013916] Updated in round 36! max:(0.33962264150943394, 'C=CC=c1c(=C)ccc2c1ccc1cc(C=CC=CC=CC(=C)C(=C)C=C)ccc12'), min:(-99999, '')
[0.36002659797668457] Updated in round 37! max:(0.33962264150943394, 'C=CC=c1c(=C)ccc2c1ccc1cc(C=CC=CC=CC(=C)C(=C)C=C)ccc12'), min:(-99999, '')
[0.36366796493530273] Updated in round 38! max:(0.33962264150943394, 'C=CC=c1c(=C)ccc2c1ccc1cc(C=CC=CC=CC(=C)C(=C)C=C)ccc12'), min:(-99999, '')
[0.3672196865081787] Updated in round 39! max:(0.33962264150943394, 'C=CC=c1c(=C)ccc2c1ccc1cc(C=CC=CC=CC(=C)C(=C)C=C)ccc12'), min:(-99999, '')
[0.3706393241882324] Updated in round 40! max:(0.33962264150943394, 'C=CC=c1c(=C)ccc2c1ccc1cc(C=CC=CC=CC(=C)C(=C)C=C)ccc12'), min:(-99999, '')
[0.37357401847839355] Updated in round 41! max:(0.33962264150943394, 'C=CC=c1c(=C)ccc2c1ccc1cc(C=CC=CC=CC(=C)C(=C)C=C)ccc12'), min:(-99999, '')
[0.37806200981140137] Updated in round 42! max:(0.3584905660377358, 'C=CC=c1c(=C)ccc2c1ccc1cc(C=CC=CC=C(C=C)C(=C)C(=C)C=C)ccc12'), min:(-99999, '')
[0.42909884452819824] Updated in round 43! max:(0.3584905660377358, 'C=CC=c1c(=C)ccc2c1ccc1cc(C=CC=CC=C(C=C)C(=C)C(=C)C=C)ccc12'), min:(-99999, '')
[0.432448148727417] Updated in round 44! max:(0.3584905660377358, 'C=CC=c1c(=C)ccc2c1ccc1cc(C=CC=CC=C(C=C)C(=C)C(=C)C=C)ccc12'), min:(-99999, '')
[0.4358210563659668] Updated in round 45! max:(0.3584905660377358, 'C=CC=c1c(=C)ccc2c1ccc1cc(C=CC=CC=C(C=C)C(=C)C(=C)C=C)ccc12'), min:(-99999, '')
[0.43982863426208496] Updated in round 46! max:(0.3584905660377358, 'C=CC=c1c(=C)ccc2c1ccc1cc(C=CC=CC=C(C=C)C(=C)C(=C)C=C)ccc12'), min:(-99999, '')
[0.44398045539855957] Updated in round 47! max:(0.37735849056603776, 'C=CC=C(C=C)C(=C)C(C=C)=CC=CC=Cc1ccc2c(ccc3c(=CC=C)c(=C)ccc32)c1'), min:(-99999, '')
[0.5080244541168213] Updated in round 48! max:(0.37735849056603776, 'C=CC=C(C=C)C(=C)C(C=C)=CC=CC=Cc1ccc2c(ccc3c(=CC=C)c(=C)ccc32)c1'), min:(-99999, '')
[0.5117204189300537] Updated in round 49! max:(0.37735849056603776, 'C=CC=C(C=C)C(=C)C(C=C)=CC=CC=Cc1ccc2c(ccc3c(=CC=C)c(=C)ccc32)c1'), min:(-99999, '')
[0.5152559280395508] Updated in round 50! max:(0.37735849056603776, 'C=CC=C(C=C)C(=C)C(C=C)=CC=CC=Cc1ccc2c(ccc3c(=CC=C)c(=C)ccc32)c1'), min:(-99999, '')
[0.5196514129638672] Updated in round 51! max:(0.39622641509433965, 'C=CC=C(C=C)C(=C)C(C=C)=CC(C=C)=CC=Cc1ccc2c(ccc3c(=CC=C)c(=C)ccc32)c1'), min:(-99999, '')
[0.5916354656219482] Updated in round 52! max:(0.39622641509433965, 'C=CC=C(C=C)C(=C)C(C=C)=CC(C=C)=CC=Cc1ccc2c(ccc3c(=CC=C)c(=C)ccc32)c1'), min:(-99999, '')
[0.5960574150085449] Updated in round 53! max:(0.41509433962264153, 'C=CC=C(C=C)C(=C)C(C=C)=Cc1ccc(-c2ccc3c(ccc4c(=CC=C)c(=C)ccc43)c2)cc1'), min:(-99999, '')
[0.6702744960784912] Updated in round 54! max:(0.41509433962264153, 'C=CC=C(C=C)C(=C)C(C=C)=Cc1ccc(-c2ccc3c(ccc4c(=CC=C)c(=C)ccc43)c2)cc1'), min:(-99999, '')
[0.6742396354675293] Updated in round 55! max:(0.41509433962264153, 'C=CC=C(C=C)C(=C)C(C=C)=Cc1ccc(-c2ccc3c(ccc4c(=CC=C)c(=C)ccc43)c2)cc1'), min:(-99999, '')
[0.6846346855163574] Updated in round 56! max:(0.41509433962264153, 'C=CC=C(C=C)C(=C)C(C=C)=Cc1ccc(-c2ccc3c(ccc4c(=CC=C)c(=C)ccc43)c2)cc1'), min:(-99999, '')
[0.6888906955718994] Updated in round 57! max:(0.41509433962264153, 'C=CC=C(C=C)C(=C)C(C=C)=Cc1ccc(-c2ccc3c(ccc4c(=CC=C)c(=C)ccc43)c2)cc1'), min:(-99999, '')
[0.6933836936950684] Updated in round 58! max:(0.4339622641509434, 'C=CC=c1c(=C)ccc2c1ccc1cc(-c3ccc(C=C(C=C)c4ccccc4C=C)cc3)ccc12'), min:(-99999, '')
[0.7733097076416016] Updated in round 59! max:(0.4339622641509434, 'C=CC=c1c(=C)ccc2c1ccc1cc(-c3ccc(C=C(C=C)c4ccccc4C=C)cc3)ccc12'), min:(-99999, '')
[0.7770142555236816] Updated in round 60! max:(0.4339622641509434, 'C=CC=c1c(=C)ccc2c1ccc1cc(-c3ccc(C=C(C=C)c4ccccc4C=C)cc3)ccc12'), min:(-99999, '')
[0.7810461521148682] Updated in round 61! max:(0.4339622641509434, 'C=CC=c1c(=C)ccc2c1ccc1cc(-c3ccc(C=C(C=C)c4ccccc4C=C)cc3)ccc12'), min:(-99999, '')
[0.7850906848907471] Updated in round 62! max:(0.4339622641509434, 'C=CC=c1c(=C)ccc2c1ccc1cc(-c3ccc(C=C(C=C)c4ccccc4C=C)cc3)ccc12'), min:(-99999, '')
[0.7886314392089844] Updated in round 63! max:(0.4339622641509434, 'C=CC=c1c(=C)ccc2c1ccc1cc(-c3ccc(C=C(C=C)c4ccccc4C=C)cc3)ccc12'), min:(-99999, '')
[0.7924201488494873] Updated in round 64! max:(0.4339622641509434, 'C=CC=c1c(=C)ccc2c1ccc1cc(-c3ccc(C=C(C=C)c4ccccc4C=C)cc3)ccc12'), min:(-99999, '')
[0.7973282337188721] Updated in round 65! max:(0.4528301886792453, 'C=CC=CC=c1c(=C)ccc2c1ccc1cc(-c3ccc(C=C(C=C)c4ccccc4C=C)cc3)ccc12'), min:(-99999, '')
[0.8939957618713379] Updated in round 66! max:(0.4528301886792453, 'C=CC=CC=c1c(=C)ccc2c1ccc1cc(-c3ccc(C=C(C=C)c4ccccc4C=C)cc3)ccc12'), min:(-99999, '')
[0.8993730545043945] Updated in round 67! max:(0.4528301886792453, 'C=CC=CC=c1c(=C)ccc2c1ccc1cc(-c3ccc(C=C(C=C)c4ccccc4C=C)cc3)ccc12'), min:(-99999, '')
[0.9051334857940674] Updated in round 68! max:(0.4528301886792453, 'C=CC=CC=c1c(=C)ccc2c1ccc1cc(-c3ccc(C=C(C=C)c4ccccc4C=C)cc3)ccc12'), min:(-99999, '')
[0.9093844890594482] Updated in round 69! max:(0.4528301886792453, 'C=CC=CC=c1c(=C)ccc2c1ccc1cc(-c3ccc(C=C(C=C)c4ccccc4C=C)cc3)ccc12'), min:(-99999, '')
[0.9137701988220215] Updated in round 70! max:(0.4528301886792453, 'C=CC=CC=c1c(=C)ccc2c1ccc1cc(-c3ccc(C=C(C=C)c4ccccc4C=C)cc3)ccc12'), min:(-99999, '')
[0.9183177947998047] Updated in round 71! max:(0.4528301886792453, 'C=CC=CC=c1c(=C)ccc2c1ccc1cc(-c3ccc(C=C(C=C)c4ccccc4C=C)cc3)ccc12'), min:(-99999, '')
[0.9232144355773926] Updated in round 72! max:(0.4716981132075472, 'C=CC(=Cc1ccc(-c2ccc3c(ccc4c5ccc(C=C)cc5ccc34)c2)cc1)c1ccccc1C=C'), min:(-99999, '')
[1.0234906673431396] Updated in round 73! max:(0.4716981132075472, 'C=CC(=Cc1ccc(-c2ccc3c(ccc4c5ccc(C=C)cc5ccc34)c2)cc1)c1ccccc1C=C'), min:(-99999, '')
[1.0287933349609375] Updated in round 74! max:(0.4716981132075472, 'C=CC(=Cc1ccc(-c2ccc3c(ccc4c5ccc(C=C)cc5ccc34)c2)cc1)c1ccccc1C=C'), min:(-99999, '')
[1.0344057083129883] Updated in round 75! max:(0.4716981132075472, 'C=CC(=Cc1ccc(-c2ccc3c(ccc4c5ccc(C=C)cc5ccc34)c2)cc1)c1ccccc1C=C'), min:(-99999, '')
[1.0392918586730957] Updated in round 76! max:(0.4716981132075472, 'C=CC(=Cc1ccc(-c2ccc3c(ccc4c5ccc(C=C)cc5ccc34)c2)cc1)c1ccccc1C=C'), min:(-99999, '')
[1.045689344406128] Updated in round 77! max:(0.49056603773584906, 'C=CC=Cc1ccc2c(ccc3c4ccc(-c5ccc(C=C(C=C)c6ccccc6C=C)cc5)cc4ccc23)c1'), min:(-99999, '')
[1.1698353290557861] Updated in round 78! max:(0.49056603773584906, 'C=CC=Cc1ccc2c(ccc3c4ccc(-c5ccc(C=C(C=C)c6ccccc6C=C)cc5)cc4ccc23)c1'), min:(-99999, '')
[1.1778144836425781] Updated in round 79! max:(0.49056603773584906, 'C=CC=Cc1ccc2c(ccc3c4ccc(-c5ccc(C=C(C=C)c6ccccc6C=C)cc5)cc4ccc23)c1'), min:(-99999, '')
[1.1863248348236084] Updated in round 80! max:(0.5094339622641509, 'C=CC=Cc1ccc2c(ccc3c4ccc(-c5ccc(C=C(C=C)c6ccc(C=C)cc6C=C)cc5)cc4ccc23)c1'), min:(-99999, '')
[1.3279671669006348] Updated in round 81! max:(0.5094339622641509, 'C=CC=Cc1ccc2c(ccc3c4ccc(-c5ccc(C=C(C=C)c6ccc(C=C)cc6C=C)cc5)cc4ccc23)c1'), min:(-99999, '')
[1.3363652229309082] Updated in round 82! max:(0.5283018867924528, 'C=CC(=C)C=Cc1ccc2c(ccc3c4ccc(-c5ccc(C=C(C=C)c6ccc(C=C)cc6C=C)cc5)cc4ccc23)c1'), min:(-99999, '')
[1.491194725036621] Updated in round 83! max:(0.5283018867924528, 'C=CC(=C)C=Cc1ccc2c(ccc3c4ccc(-c5ccc(C=C(C=C)c6ccc(C=C)cc6C=C)cc5)cc4ccc23)c1'), min:(-99999, '')
[1.498889446258545] Updated in round 84! max:(0.5471698113207547, 'C=CC(=C)C=Cc1ccc2c(ccc3c4ccc(-c5ccc(C=C(C=C)c6ccc(C(=C)C=C)cc6C=C)cc5)cc4ccc23)c1'), min:(-99999, '')
[1.6660065650939941] Updated in round 85! max:(0.5660377358490566, 'C=CC(=C)C=C(C=C)c1ccc2c(ccc3c4ccc(-c5ccc(C=C(C=C)c6ccc(C(=C)C=C)cc6C=C)cc5)cc4ccc23)c1'), min:(-99999, '')
[1.8448853492736816] Updated in round 86! max:(0.5660377358490566, 'C=CC(=C)C=C(C=C)c1ccc2c(ccc3c4ccc(-c5ccc(C=C(C=C)c6ccc(C(=C)C=C)cc6C=C)cc5)cc4ccc23)c1'), min:(-99999, '')
[1.850848913192749] Updated in round 87! max:(0.5660377358490566, 'C=CC(=C)C=C(C=C)c1ccc2c(ccc3c4ccc(-c5ccc(C=C(C=C)c6ccc(C(=C)C=C)cc6C=C)cc5)cc4ccc23)c1'), min:(-99999, '')
[1.856407642364502] Updated in round 88! max:(0.5660377358490566, 'C=CC(=C)C=C(C=C)c1ccc2c(ccc3c4ccc(-c5ccc(C=C(C=C)c6ccc(C(=C)C=C)cc6C=C)cc5)cc4ccc23)c1'), min:(-99999, '')
[1.8627009391784668] Updated in round 89! max:(0.5660377358490566, 'C=CC(=C)C=C(C=C)c1ccc2c(ccc3c4ccc(-c5ccc(C=C(C=C)c6ccc(C(=C)C=C)cc6C=C)cc5)cc4ccc23)c1'), min:(-99999, '')
[1.8687770366668701] Updated in round 90! max:(0.5660377358490566, 'C=CC(=C)C=C(C=C)c1ccc2c(ccc3c4ccc(-c5ccc(C=C(C=C)c6ccc(C(=C)C=C)cc6C=C)cc5)cc4ccc23)c1'), min:(-99999, '')
[1.8747527599334717] Updated in round 91! max:(0.5660377358490566, 'C=CC(=C)C=C(C=C)c1ccc2c(ccc3c4ccc(-c5ccc(C=C(C=C)c6ccc(C(=C)C=C)cc6C=C)cc5)cc4ccc23)c1'), min:(-99999, '')
[1.8806936740875244] Updated in round 92! max:(0.5660377358490566, 'C=CC(=C)C=C(C=C)c1ccc2c(ccc3c4ccc(-c5ccc(C=C(C=C)c6ccc(C(=C)C=C)cc6C=C)cc5)cc4ccc23)c1'), min:(-99999, '')
[1.8863985538482666] Updated in round 93! max:(0.5660377358490566, 'C=CC(=C)C=C(C=C)c1ccc2c(ccc3c4ccc(-c5ccc(C=C(C=C)c6ccc(C(=C)C=C)cc6C=C)cc5)cc4ccc23)c1'), min:(-99999, '')
[1.891158103942871] Updated in round 94! max:(0.5660377358490566, 'C=CC(=C)C=C(C=C)c1ccc2c(ccc3c4ccc(-c5ccc(C=C(C=C)c6ccc(C(=C)C=C)cc6C=C)cc5)cc4ccc23)c1'), min:(-99999, '')
[1.8987014293670654] Updated in round 95! max:(0.5849056603773585, 'C=CC=C(C=C)c1ccc(C(C=C)=Cc2ccc(-c3ccc4c(ccc5c6ccc(C(C=C)=CC(=C)C=C)cc6ccc45)c3)cc2)c(C=C)c1'), min:(-99999, '')
[2.1131272315979004] Updated in round 96! max:(0.6037735849056604, 'C=CC=C(C=C)c1ccc(C(C=C)=Cc2ccc(-c3ccc4c(ccc5c6ccc(-c7ccc(=C)c(=C)c7)cc6ccc45)c3)cc2)c(C=C)c1'), min:(-99999, '')
[2.3513152599334717] Updated in round 97! max:(0.6037735849056604, 'C=CC=C(C=C)c1ccc(C(C=C)=Cc2ccc(-c3ccc4c(ccc5c6ccc(-c7ccc(=C)c(=C)c7)cc6ccc45)c3)cc2)c(C=C)c1'), min:(-99999, '')
[2.3607559204101562] Updated in round 98! max:(0.6037735849056604, 'C=CC=C(C=C)c1ccc(C(C=C)=Cc2ccc(-c3ccc4c(ccc5c6ccc(-c7ccc(=C)c(=C)c7)cc6ccc45)c3)cc2)c(C=C)c1'), min:(-99999, '')
[2.370025157928467] Updated in round 99! max:(0.6037735849056604, 'C=CC=C(C=C)c1ccc(C(C=C)=Cc2ccc(-c3ccc4c(ccc5c6ccc(-c7ccc(=C)c(=C)c7)cc6ccc45)c3)cc2)c(C=C)c1'), min:(-99999, '')
[2.3795974254608154] Updated in round 100! max:(0.6037735849056604, 'C=CC=C(C=C)c1ccc(C(C=C)=Cc2ccc(-c3ccc4c(ccc5c6ccc(-c7ccc(=C)c(=C)c7)cc6ccc45)c3)cc2)c(C=C)c1'), min:(-99999, '')
[2.389179229736328] Updated in round 101! max:(0.6037735849056604, 'C=CC=C(C=C)c1ccc(C(C=C)=Cc2ccc(-c3ccc4c(ccc5c6ccc(-c7ccc(=C)c(=C)c7)cc6ccc45)c3)cc2)c(C=C)c1'), min:(-99999, '')
[2.6416056156158447] Updated in round 102! max:(0.6226415094339622, 'C=CC=C(C=C)c1ccc(-c2ccc3cc(-c4ccc5c(ccc6c7ccc(-c8ccc(=C)c(=C)c8)cc7ccc56)c4)ccc3c2)c(C=C)c1'), min:(-1.0, 'C=CC=C(C=C)c1ccc(C(C=C)=Cc2ccc(-c3ccc4c(ccc5c6ccc(-c7ccc(=C)c(=C)c7)c7c(c45)C=c76)c3)cc2)c(C=C)c1')
[3.8150153160095215] Updated in round 103! max:(0.6415094339622641, 'C=CC=C(C=C)c1ccc(-c2ccc3cc(-c4ccc5c(ccc6c7ccc(-c8ccc(=CC=C)c(=C)c8)cc7ccc56)c4)ccc3c2)c(C=C)c1'), min:(-1.0, 'C=CC=C(C=C)c1ccc(C(C=C)=Cc2ccc(-c3ccc4c(c3)cc(C=C)c3c5ccc(-c6ccc(=C)c(=C)c6)cc5ccc43)cc2)c(C=C)c1')
[6.253988981246948] Updated in round 104! max:(0.660377358490566, 'C=CC=CC=C(C=C)c1ccc(-c2ccc3cc(-c4ccc5c(ccc6c7ccc(-c8ccc(=CC=C)c(=C)c8)cc7ccc56)c4)ccc3c2)c(C=C)c1'), min:(-1.0, 'C=CC=C(C=C)c1ccc(C(C=C)=Cc2ccc(-c3ccc4c(ccc5c6ccc(-c7cc(=C)c8cc7c8)cc6ccc45)c3)cc2)c(C=C)c1')
[8.70551061630249] Updated in round 105! max:(0.6792452830188679, 'C=CC=c1ccc(-c2ccc3c(ccc4c5ccc(-c6ccc7cc(-c8ccc(C(C=C)=CC=CC(=C)C=C)cc8C=C)ccc7c6)cc5ccc34)c2)cc1=C'), min:(-1.0, 'C=CC=C(C=C)c1ccc(C(C=C)=Cc2ccc(-c3cc4c5c(ccc6c7ccc(-c8ccc(=C)c(=C)c8)c-4c7ccc65)c3)cc2)c(C=C)c1')
[11.441063404083252] Updated in round 106! max:(0.6981132075471698, 'C=CC=CC=C(C=C)c1ccc2c(ccc3c4ccc(-c5ccc6c(ccc7c8ccc(-c9ccc(=CC=C)c(=CC=C)c9)cc8ccc67)c5)cc4ccc23)c1'), min:(-1.0, 'C=CC=C(C=C)c1cc(C=C)c2c(C=C)cc3ccc(cc3)c3ccc4c(ccc5c4ccc4c5ccc(-c5ccc(=C)c(=C)c5)c4c2c1)c3')
[14.065099477767944] Updated in round 107! max:(0.7169811320754716, 'C=CC=CC=C(C=C)c1ccc2c(ccc3c4ccc(-c5ccc6c(ccc7c8ccc(-c9ccc(=CC=CC=C)c(=CC=C)c9)cc8ccc67)c5)cc4ccc23)c1'), min:(-1.0, 'C=CC=C(C=C)c1ccc(-c2cc3ccc(cc3)c3ccc4c(ccc5c4ccc4c(c(C(C=C)=CC(=C)C=C)ccc45)c2=C)c3)c(C=C)c1')
[18.853318691253662] Updated in round 108! max:(0.7358490566037735, 'C=CC=CC=CC=c1ccc(-c2ccc3c(ccc4c5ccc(-c6ccc7cc(-c8ccc(C(C=C)=CC=CC=C)cc8C=C)ccc7c6)cc5ccc34)c2)cc1=CC=CC=C'), min:(-1.0, 'C=CC(=C)C=C(C=C)c1ccc2c(ccc3c2ccc2c4cc(C=C)c5ccc(c(C=C)cc6ccc(cc6)c4ccc32)c(C=C)c5)c1')
[23.792129039764404] Updated in round 109! max:(0.7547169811320755, 'C=CC=CC=c1ccc(-c2ccc3c(ccc4c5ccc(-c6ccc7cc(-c8ccc(-c9ccc(C=CC=C)cc9)cc8C=C)ccc7c6)cc5ccc34)c2)cc1=CC=CC=C'), min:(-1.0, 'C=CC(=C)C=C(C=C)c1ccc2c(c1)cc1c3cc(C=C(C=C)c4ccc(C(=C)C=C)cc4C=C)ccc3c3ccc4c(ccc2c41)c3')
[27.605082035064697] Updated in round 110! max:(0.7735849056603774, 'C=CC=CC=c1ccc(-c2ccc3c(ccc4c5ccc(-c6ccc7cc(-c8ccc(-c9ccc(C=C(C=C)C=C)cc9)cc8C=C)ccc7c6)cc5ccc34)c2)cc1=CC=CC=C'), min:(-1.0, 'C=CC(=C)C=C(C=C)c1ccc2c(ccc3c4ccc(-c5ccc(C=C(C=C)c6cc7ccc6cc7C(=C)C=C)cc5)cc4ccc23)c1')
[34.92502975463867] Updated in round 111! max:(0.7735849056603774, 'C=CC=CC=c1ccc(-c2ccc3c(ccc4c5ccc(-c6ccc7cc(-c8ccc(-c9ccc(C=C(C=C)C=C)cc9)cc8C=C)ccc7c6)cc5ccc34)c2)cc1=CC=CC=C'), min:(-1.0, 'C=CC(=C)C=C(C=C)c1ccc2c(ccc3c4ccc5cc4cc(c23)-c2cc(C=C(C=C)c3ccc(C(=C)C=C)cc3C=C)ccc2-5)c1')
[42.95036172866821] Updated in round 112! max:(0.7924528301886793, 'C=CC=Cc1ccc(-c2ccc3c(ccc4c5ccc(-c6ccc7c(ccc8c9ccc(-c%10ccc%11cccc(C=C)ccccc%11c%10)cc9ccc78)c6)cc5ccc34)c2)cc1'), min:(-1.0, 'C=CC(=C)C=C(C=C)c1ccc2c(ccc3c4ccc(-c5ccc(C=C(C=C)c6ccc(C(=C)C=C)cc6C(=C)C=C)cc5)cc4ccc23)c1')
[52.017258644104004] Updated in round 113! max:(0.8113207547169812, 'C=CC=CC=c1ccc(-c2ccc3c(ccc4c5ccc(-c6ccc7c(ccc8c9ccc(-c%10ccc(C=C(C=C)C=CC=C)cc%10)cc9ccc78)c6)cc5ccc34)c2)cc1=CC=CC=C'), min:(-1.0, 'C=CC(=C)C=C(C=C)c1ccc2c(ccc3c4ccc5cc4c(cc23)C=C(C=C)c2ccc(c(C=C)c2)C(C=C)=Cc2ccc-5cc2)c1')
[58.9901556968689] Updated in round 114! max:(0.8301886792452831, 'C=CC=CC=c1ccc(-c2ccc3c(ccc4c5ccc(-c6ccc7c(ccc8c9ccc(-c%10ccc(C=C(C=C)C(C=C)=CC=C)cc%10)cc9ccc78)c6)cc5ccc34)c2)cc1=CC=CC=C'), min:(-1.0, 'C=CC(=C)C=C(C=C)c1ccc2c(ccc3c4ccc(-c5ccc(C=C(C=C)c6cc7c(cc6C=C)C(C=C)=C7)cc5)cc4ccc23)c1')
[70.31465220451355] Updated in round 115! max:(0.8301886792452831, 'C=CC=CC=c1ccc(-c2ccc3c(ccc4c5ccc(-c6ccc7c(ccc8c9ccc(-c%10ccc(C=C(C=C)C(C=C)=CC=C)cc%10)cc9ccc78)c6)cc5ccc34)c2)cc1=CC=CC=C'), min:(-1.0, 'C=CC(=C)C=C(C=C)c1ccc2c(ccc3c4ccc5cc4cc(c23)-c2cc-5ccc2C=C(C=C)c2ccc(C(=C)C=C)cc2C=C)c1')
[75.68189358711243] Updated in round 116! max:(0.8490566037735849, 'C=CC=Cc1ccc(-c2ccc3c(ccc4c5ccc(-c6ccc7c(ccc8c9ccc(-c%10ccc%11cccccc(C(=C)C=C)ccccccc%11c%10)cc9ccc78)c6)cc5ccc34)c2)cc1'), min:(-1.0, 'C=CC(=C)C=C(C=C)c1ccc2c(ccc3c4ccc(-c5ccc(C=C(C=C)c6ccc(C(=C)C=C)cc6C=C)c(C=C)c5)cc4ccc23)c1')
[86.67676711082458] Updated in round 117! max:(0.8679245283018868, 'C=CC=CC(C=C)=C(C=CC=C)c1ccc(-c2ccc(-c3ccc4cc(-c5ccc6c(ccc7c8ccc(-c9ccc%10cccc(=C)c(=CC=C)cccc%10c9)cc8ccc67)c5)ccc4c3)c(C=C)c2)cc1'), min:(-1.0, 'C=CC(=C)C=C(C=C)c1ccc2c(ccc3c2ccc2cc4cc(c23)-c2cc(C(=C)C=C)cc(C=C)c2C(C=C)=Cc2ccc-4cc2)c1')
[92.1818618774414] Updated in round 118! max:(0.8867924528301887, 'C=Cc1ccccc2c(ccc1)ccc1cc(-c3ccc4c(ccc5c6ccc(-c7ccc8cc(-c9ccc(-c%10ccc(-c%11ccc(=C)c(=C)c%11)cc%10)cc9C=C)ccc8c7)cc6ccc45)c3)ccc12'), min:(-1.0, 'C=CC(=C)C=Cc1ccc2c(ccc3c4cc5c(cc4ccc23)c2ccc(cc2)cc(C=C)c2c(C=C)cc(C(=C)C=C)cc25)c1')
[102.6874315738678] Updated in round 119! max:(0.9056603773584906, 'C=Cc1ccc2c(ccc3c4ccc(-c5ccc6c(ccc7c8ccc(-c9ccc%10cc(-c%11ccc(-c%12ccc(-c%13ccc(=C)c(=C)c%13)cc%12)cc%11C=C)ccc%10c9)cc8ccc67)c5)cc4ccc23)c1'), min:(-1.0, 'C=CC(=C)C=Cc1ccc2c(ccc3c4ccc5cc4cc(c4c(C=C)ccc(c(C=C)cc6ccc5cc6)c4C=C)c23)c1')
[116.44748997688293] Updated in round 120! max:(0.9245283018867925, 'C=c1ccc2cc1=CC=Cc1ccccc3c(ccc1)ccc1cc(ccc13)-c1ccc3c(ccc4c5ccc(cc5ccc34)-c3ccc4c(ccc5c6ccc(cc6ccc45)-c4ccc-2cc4)c3)c1'), min:(-1.0, 'C=CC(=C)C=c1c2ccc3c(ccc4c5ccc(cc5ccc34)c3ccc(C=C(C=C)c4ccc(C=C)cc4C=C)c1c3)c2')
[130.06202745437622] Updated in round 121! max:(0.9433962264150944, 'C=Cc1cc2ccc1-c1ccc(=C)c(c1)=CC=Cc1ccccc3c(ccc1)ccc1cc(ccc13)-c1ccc3c(ccc4c5ccc(cc5ccc34)-c3ccc4c(ccc5c6ccc-2cc6ccc45)c3)c1'), min:(-1.0, 'C=CC=Cc1ccc2c(ccc3c4ccc5cc4cc(c4cc(c(C=C)cc4C=C)c(C=C)cc4ccc5cc4)c23)c1')
[147.15621829032898] Updated in round 122! max:(0.9433962264150944, 'C=Cc1cc2ccc1-c1ccc(=C)c(c1)=CC=Cc1ccccc3c(ccc1)ccc1cc(ccc13)-c1ccc3c(ccc4c5ccc(cc5ccc34)-c3ccc4c(ccc5c6ccc-2cc6ccc45)c3)c1'), min:(-1.0, 'C=CC=Cc1ccc2c(ccc3c4ccc(-c5ccc6cc5-c5cc(c(C=C)cc5C=C)C(C=C)=C6)cc4ccc23)c1')
[156.92966747283936] Updated in round 123! max:(0.9433962264150944, 'C=Cc1cc2ccc1-c1ccc(=C)c(c1)=CC=Cc1ccccc3c(ccc1)ccc1cc(ccc13)-c1ccc3c(ccc4c5ccc(cc5ccc34)-c3ccc4c(ccc5c6ccc-2cc6ccc45)c3)c1'), min:(-1.0, 'C=CC=Cc1ccc2c(ccc3c4ccc5cc4c(ccc4ccccc4c(C=C)cc4ccc5cc4)cc23)c1')
[180.68006491661072] Updated in round 124! max:(0.9622641509433962, 'C=Cc1c2ccc3cc(ccc13)C(=C)C=c1ccc3c(ccc4cc(ccc43)-c3ccc4c(ccc5c6ccc(cc6ccc45)-c4ccc5c(ccc6c7ccc(cc7ccc56)-c5ccc-2cc5)c4)c3)c1=C'), min:(-1.0, 'C=CC=Cc1ccc2c3ccc4c5ccc(cc5ccc24)-c2ccc(cc2)C=C(c2ccccc2C=C)C=Cc13')
[209.65618133544922] Updated in round 125! max:(0.9622641509433962, 'C=Cc1c2ccc3cc(ccc13)C(=C)C=c1ccc3c(ccc4cc(ccc43)-c3ccc4c(ccc5c6ccc(cc6ccc45)-c4ccc5c(ccc6c7ccc(cc7ccc56)-c5ccc-2cc5)c4)c3)c1=C'), min:(-1.0, 'C=CC=Cc1ccc2c(ccc3c2ccc2cc4cc(c23)-c2ccc(C=C)c(c2)C(C=C)=Cc2ccc-4cc2)c1')
[236.90861701965332] Updated in round 126! max:(0.9622641509433962, 'C=Cc1c2ccc3cc(ccc13)C(=C)C=c1ccc3c(ccc4cc(ccc43)-c3ccc4c(ccc5c6ccc(cc6ccc45)-c4ccc5c(ccc6c7ccc(cc7ccc56)-c5ccc-2cc5)c4)c3)c1=C'), min:(-1.0, 'C=Cc1ccc2c(ccc3c4ccc(-c5ccc(-c6c(C=C)c7ccc6cc7C=C)cc5)cc4ccc23)c1')
[274.26897716522217] Updated in round 127! max:(0.9811320754716981, 'C=C1C=c2ccc3c(ccc4cc(ccc43)-c3ccc4c(ccc5c6ccc(cc6ccc45)-c4ccc5c(ccc6c7ccc(cc7ccc56)-c5ccc6c(ccc7c8ccc1cc8ccc67)c5)c4)c3)c2=C'), min:(-1.0, 'C=Cc1ccc2c(ccc3c4ccc(-c5ccc6cc5C=CC(c5ccccc5C=C)=C6)cc4ccc23)c1')
[298.98956537246704] Updated in round 128! max:(0.9811320754716981, 'C=C1C=c2ccc3c(ccc4cc(ccc43)-c3ccc4c(ccc5c6ccc(cc6ccc45)-c4ccc5c(ccc6c7ccc(cc7ccc56)-c5ccc6c(ccc7c8ccc1cc8ccc67)c5)c4)c3)c2=C'), min:(-1.0, 'C=Cc1ccc2c(ccc3c4ccc(-c5ccc(C=c6c(=C)c7ccc6c(C=C)c7)cc5)cc4ccc23)c1')
[347.66994547843933] Updated in round 129! max:(0.9811320754716981, 'C=C1C=c2ccc3c(ccc4cc(ccc43)-c3ccc4c(ccc5c6ccc(cc6ccc45)-c4ccc5c(ccc6c7ccc(cc7ccc56)-c5ccc6c(ccc7c8ccc1cc8ccc67)c5)c4)c3)c2=C'), min:(-1.0, 'C=Cc1ccc2cc1c(C=C)cc1ccc(cc1)c1ccc3c(ccc4c5cc2c(C=C)cc5ccc34)c1')
[390.6363847255707] Updated in round 130! max:(0.9811320754716981, 'C=C1C=c2ccc3c(ccc4cc(ccc43)-c3ccc4c(ccc5c6ccc(cc6ccc45)-c4ccc5c(ccc6c7ccc(cc7ccc56)-c5ccc6c(ccc7c8ccc1cc8ccc67)c5)c4)c3)c2=C'), min:(-1.0, 'C=Cc1ccccc1C1=Cc2ccc(cc2)-c2ccc3c(ccc4c5ccc(C=C)c(c5ccc34)C=C1)c2')
[431.1918077468872] Updated in round 131! max:(0.9811320754716981, 'C=C1C=c2ccc3c(ccc4cc(ccc43)-c3ccc4c(ccc5c6ccc(cc6ccc45)-c4ccc5c(ccc6c7ccc(cc7ccc56)-c5ccc6c(ccc7c8ccc1cc8ccc67)c5)c4)c3)c2=C'), min:(-1.0, 'C#CC(=CC=C)C=c1c(=C)ccc2c1ccc1cc(-c3ccc(C=C(C=C)c4ccccc4C=C)cc3)ccc12')
[479.4673466682434] Updated in round 132! max:(0.9811320754716981, 'C=C1C=c2ccc3c(ccc4cc(ccc43)-c3ccc4c(ccc5c6ccc(cc6ccc45)-c4ccc5c(ccc6c7ccc(cc7ccc56)-c5ccc6c(ccc7c8ccc1cc8ccc67)c5)c4)c3)c2=C'), min:(-1.0, 'C=CC(=Cc1ccc(-c2cc3ccc4c5cccc(=C)c(c2)c3c4ccc5=C)cc1)c1ccccc1C=C')
[530.417759180069] Updated in round 133! max:(0.9811320754716981, 'C=C1C=c2ccc3c(ccc4cc(ccc43)-c3ccc4c(ccc5c6ccc(cc6ccc45)-c4ccc5c(ccc6c7ccc(cc7ccc56)-c5ccc6c(ccc7c8ccc1cc8ccc67)c5)c4)c3)c2=C'), min:(-1.0, 'C#CC(C=C)=CC=c1c(=C)ccc2c1ccc1cc(-c3ccc(C=C(C=C)c4ccccc4C=C)cc3)ccc12')
[564.7368006706238] Updated in round 134! max:(0.9811320754716981, 'C=C1C=c2ccc3c(ccc4cc(ccc43)-c3ccc4c(ccc5c6ccc(cc6ccc45)-c4ccc5c(ccc6c7ccc(cc7ccc56)-c5ccc6c(ccc7c8ccc1cc8ccc67)c5)c4)c3)c2=C'), min:(-1.0, 'C=CC(=Cc1ccc(-c2ccc3c4ccc5c(c(=C)ccc53)=CC=CC=Cc24)cc1)c1ccccc1C=C')
[622.513174533844] Updated in round 135! max:(0.9811320754716981, 'C=C1C=c2ccc3c(ccc4cc(ccc43)-c3ccc4c(ccc5c6ccc(cc6ccc45)-c4ccc5c(ccc6c7ccc(cc7ccc56)-c5ccc6c(ccc7c8ccc1cc8ccc67)c5)c4)c3)c2=C'), min:(-1.0, 'C#Cc1cc2cc(-c3ccc(C=C(C=C)c4ccccc4C=C)cc3)ccc2c2ccc(=C)c(=CC=CC=C)c12')
[622.5201516151428] Reproduced in round 136!!
