[9.369850158691406e-05]Start running EvoMol from [H][H]...
[0.0232241153717041] Updated in round 1! max:(0.06557377049180328, 'c1ccccc1'), min:(-99999, '')
[0.030319690704345703] Updated in round 2! max:(0.13114754098360656, 'c1ccc(-c2ccccc2)cc1'), min:(-99999, '')
[0.052614450454711914] Updated in round 3! max:(0.19672131147540983, 'c1ccc(-c2cccc(-c3ccccc3)c2)cc1'), min:(-99999, '')
[0.130357027053833] Updated in round 4! max:(0.26229508196721313, 'c1ccc(-c2ccc(-c3ccccc3)c(-c3ccccc3)c2)cc1'), min:(-99999, '')
[0.29279065132141113] Updated in round 5! max:(0.26229508196721313, 'c1ccc(-c2ccc(-c3ccccc3)c(-c3ccccc3)c2)cc1'), min:(-99999, '')
[0.3468141555786133] Updated in round 6! max:(0.3114754098360656, 'c1ccc(-c2ccc(-c3ccc4ccccc4c3)c(-c3ccccc3)c2)cc1'), min:(-99999, '')
[0.916309118270874] Updated in round 7! max:(0.3114754098360656, 'c1ccc(-c2ccc(-c3ccc4ccccc4c3)c(-c3ccccc3)c2)cc1'), min:(-99999, '')
[1.2903470993041992] Updated in round 8! max:(0.3770491803278688, 'c1ccc(-c2cccc(-c3ccc(-c4ccc5ccccc5c4)c(-c4ccccc4)c3)c2)cc1'), min:(-99999, '')
[9.048751831054688] Updated in round 9! max:(0.39344262295081966, 'C=Cc1cc2ccccc2cc1-c1ccc(-c2cccc(-c3ccccc3)c2)cc1-c1ccccc1'), min:(-99999, '')
[9.74273133277893] Updated in round 10! max:(0.4098360655737705, 'C=Cc1ccc(-c2cc(-c3cccc(-c4ccccc4)c3)ccc2-c2cc3ccccc3cc2C=C)cc1'), min:(-99999, '')
[13.747844457626343] Updated in round 11! max:(0.4262295081967213, 'C=Cc1cc2ccc3cc2cc1-c1ccc(-c2cccc(-c4ccccc4)c2)cc1-c1ccc(cc1)C=C3'), min:(-99999, '')
[29.205375909805298] Updated in round 12! max:(0.4426229508196721, 'C=Cc1cc2c(cc1-c1cccc(-c3ccccc3)c1)-c1ccc(cc1)C=Cc1ccc3cc(C=C)c-2cc3c1'), min:(-99999, '')
[32.78930187225342] Updated in round 13! max:(0.5081967213114754, 'C=Cc1cc2c(cc1-c1cccc(-c3ccccc3)c1)-c1ccc(cc1)C=Cc1ccc3c(-c4ccccc4)c(C=C)c-2cc3c1'), min:(-99999, '')
[36.07639670372009] Updated in round 14! max:(0.5245901639344263, 'C=Cc1c2cc3cc(ccc3c1-c1ccccc1)C=Cc1ccc(cc1)-c1cc3c(cc1-2)C(=C)c1ccc(-c2ccccc2)cc1-3'), min:(-99999, '')
[42.239808559417725] Updated in round 15! max:(0.5409836065573771, 'C=CC=C1c2ccc(-c3ccccc3)cc2-c2cc3c(cc21)-c1cc2cc(ccc2c(-c2ccccc2)c1C=C)C=Cc1ccc-3cc1'), min:(-99999, '')
[46.3622088432312] Updated in round 16! max:(0.5573770491803278, 'C=CC=CC=C1c2ccc(-c3ccccc3)cc2-c2cc3c(cc21)-c1cc2cc(ccc2c(-c2ccccc2)c1C=C)C=Cc1ccc-3cc1'), min:(-99999, '')
[86.84801411628723] Updated in round 17! max:(0.5737704918032787, 'C=CC=CC=c1c2ccc(-c3ccccc3)cc2c2cc3c4ccc5ccc6ccc7c(-c8ccccc8)c(C=C)c(cc7c6c5c4)c3cc12'), min:(-99999, '')
[137.02355813980103] Updated in round 18! max:(0.639344262295082, 'C=Cc1c(-c2ccccc2)c2ccc3ccc4ccc5cc4c3c2cc1c1cc2c(=CC=CC=Cc3ccccc3)c3ccc(-c4ccccc4)cc3c2cc51'), min:(-99999, '')
[138.52810096740723] Updated in round 19! max:(0.6557377049180327, 'C=Cc1c2cc3c4ccc5ccc6ccc(cc6c53)c3cc5c6cc(-c7ccccc7)ccc6c(cc(=CC=Cc6ccccc6)c6cccc(c6)c14)c5cc23'), min:(-99999, '')
[141.31794714927673] Updated in round 20! max:(0.6557377049180327, 'C=Cc1c2cc3c4ccc5ccc6ccc(cc6c53)c3cc5c6cc(-c7ccccc7)ccc6c(cc(=CC=Cc6ccccc6)c6cccc(c6)c14)c5cc23'), min:(-99999, '')
[242.40544271469116] Updated in round 21! max:(0.6557377049180327, 'C=Cc1c2cc3c4ccc5ccc6ccc(cc6c53)c3cc5c6cc(-c7ccccc7)ccc6c(cc(=CC=Cc6ccccc6)c6cccc(c6)c14)c5cc23'), min:(-99999, '')
[246.3236951828003] Updated in round 22! max:(0.6721311475409836, 'C=Cc1c2cc3c4ccc5ccc6ccc(cc6c53)c3c(C=C)c5c6cc(-c7ccccc7)ccc6c(cc(=CC=Cc6ccccc6)c6cccc(c6)c14)c5cc23'), min:(-99999, '')
[328.74298453330994] Updated in round 23! max:(0.6721311475409836, 'C=Cc1c2cc3c4ccc5ccc6ccc(cc6c53)c3c(C=C)c5c6cc(-c7ccccc7)ccc6c(cc(=CC=Cc6ccccc6)c6cccc(c6)c14)c5cc23'), min:(-99999, '')
[410.56527304649353] Updated in round 24! max:(0.6721311475409836, 'C=Cc1c2cc3c4ccc5ccc6ccc(cc6c53)c3c(C=C)c5c6cc(-c7ccccc7)ccc6c(cc(=CC=Cc6ccccc6)c6cccc(c6)c14)c5cc23'), min:(-99999, '')
[548.7940125465393] Updated in round 25! max:(0.6721311475409836, 'C=Cc1c2cc3c4ccc5ccc6ccc(cc6c53)c3c(C=C)c5c6cc(-c7ccccc7)ccc6c(cc(=CC=Cc6ccccc6)c6cccc(c6)c14)c5cc23'), min:(-99999, '')
[572.2369749546051] Updated in round 26! max:(0.6885245901639344, 'C=Cc1c2cc3c4ccc5ccc6cc7c(=C)c8c(c2cc2c(cc(=CC=Cc9ccccc9)c9cccc(c9)c14)c1ccc(-c4ccccc4)cc1c28)c7cc6c53'), min:(-99999, '')
[634.9742543697357] Updated in round 27! max:(0.6885245901639344, 'C=Cc1c2cc3c4ccc5ccc6cc7c(=C)c8c(c2cc2c(cc(=CC=Cc9ccccc9)c9cccc(c9)c14)c1ccc(-c4ccccc4)cc1c28)c7cc6c53'), min:(-99999, '')
[844.3737316131592] Updated in round 28! max:(0.6885245901639344, 'C=Cc1c2cc3c4ccc5ccc6cc7c(=C)c8c(c2cc2c(cc(=CC=Cc9ccccc9)c9cccc(c9)c14)c1ccc(-c4ccccc4)cc1c28)c7cc6c53'), min:(-99999, '')
[995.9827010631561] Updated in round 29! max:(0.6885245901639344, 'C=Cc1c2cc3c4ccc5ccc6cc7c(=C)c8c(c2cc2c(cc(=CC=Cc9ccccc9)c9cccc(c9)c14)c1ccc(-c4ccccc4)cc1c28)c7cc6c53'), min:(-99999, '')
[3775.476079940796] Updated in round 30! max:(0.6885245901639344, 'C=Cc1c2cc3c4ccc5ccc6cc7c(=C)c8c(c2cc2c(cc(=CC=Cc9ccccc9)c9cccc(c9)c14)c1ccc(-c4ccccc4)cc1c28)c7cc6c53'), min:(-99999, '')
[3787.9841015338898] Updated in round 31! max:(0.6885245901639344, 'C=Cc1c2cc3c4ccc5ccc6cc7c(=C)c8c(c2cc2c(cc(=CC=Cc9ccccc9)c9cccc(c9)c14)c1ccc(-c4ccccc4)cc1c28)c7cc6c53'), min:(-99999, '')
[4316.793409109116] Updated in round 32! max:(0.6885245901639344, 'C=Cc1c2cc3c4ccc5ccc6cc7c(=C)c8c(c2cc2c(cc(=CC=Cc9ccccc9)c9cccc(c9)c14)c1ccc(-c4ccccc4)cc1c28)c7cc6c53'), min:(-99999, '')
[4427.4127542972565] Updated in round 33! max:(0.6885245901639344, 'C=Cc1c2cc3c4ccc5ccc6cc7c(=C)c8c(c2cc2c(cc(=CC=Cc9ccccc9)c9cccc(c9)c14)c1ccc(-c4ccccc4)cc1c28)c7cc6c53'), min:(-99999, '')
[5212.348646402359] Updated in round 34! max:(0.6885245901639344, 'C=Cc1c2cc3c4ccc5ccc6cc7c(=C)c8c(c2cc2c(cc(=CC=Cc9ccccc9)c9cccc(c9)c14)c1ccc(-c4ccccc4)cc1c28)c7cc6c53'), min:(-99999, '')
[5317.536038160324] Updated in round 35! max:(0.7049180327868853, 'C=Cc1ccccc1C=CC=c1cc2c3ccc(-c4ccccc4)cc3c3c2cc2c4cc5c(ccc6ccc7cc8c(=C)c3c2c8cc7c65)c(c4C=C)c2cccc1c2'), min:(-99999, '')
[5326.5807201862335] Updated in round 36! max:(0.7049180327868853, 'C=Cc1ccccc1C=CC=c1cc2c3ccc(-c4ccccc4)cc3c3c2cc2c4cc5c(ccc6ccc7cc8c(=C)c3c2c8cc7c65)c(c4C=C)c2cccc1c2'), min:(-99999, '')
[5337.961357355118] Updated in round 37! max:(0.7049180327868853, 'C=Cc1ccccc1C=CC=c1cc2c3ccc(-c4ccccc4)cc3c3c2cc2c4cc5c(ccc6ccc7cc8c(=C)c3c2c8cc7c65)c(c4C=C)c2cccc1c2'), min:(-99999, '')
[5342.977607727051] Updated in round 38! max:(0.7213114754098361, 'C=Cc1ccccc1C=CC=c1cc2c3ccc(-c4ccccc4)cc3c3c4c(=C)c5cc6ccc7ccc8c9cc%10c(c(=C)c(c23)c%10c4c5cc6c79)c8c2cccc1c2'), min:(-99999, '')
[5395.378803014755] Updated in round 39! max:(0.7213114754098361, 'C=Cc1ccccc1C=CC=c1cc2c3ccc(-c4ccccc4)cc3c3c4c(=C)c5cc6ccc7ccc8c9cc%10c(c(=C)c(c23)c%10c4c5cc6c79)c8c2cccc1c2'), min:(-99999, '')
[5583.295422077179] Updated in round 40! max:(0.7213114754098361, 'C=Cc1ccccc1C=CC=c1cc2c3ccc(-c4ccccc4)cc3c3c4c(=C)c5cc6ccc7ccc8c9cc%10c(c(=C)c(c23)c%10c4c5cc6c79)c8c2cccc1c2'), min:(-99999, '')
[5617.628642320633] Updated in round 41! max:(0.7213114754098361, 'C=Cc1ccccc1C=CC=c1cc2c3ccc(-c4ccccc4)cc3c3c4c(=C)c5cc6ccc7ccc8c9cc%10c(c(=C)c(c23)c%10c4c5cc6c79)c8c2cccc1c2'), min:(-99999, '')
[5734.9491193294525] Updated in round 42! max:(0.7213114754098361, 'C=Cc1ccccc1C=CC=c1cc2c3ccc(-c4ccccc4)cc3c3c4c(=C)c5cc6ccc7ccc8c9cc%10c(c(=C)c(c23)c%10c4c5cc6c79)c8c2cccc1c2'), min:(-99999, '')
[5799.751580476761] Updated in round 43! max:(0.7213114754098361, 'C=Cc1ccccc1C=CC=c1cc2c3ccc(-c4ccccc4)cc3c3c4c(=C)c5cc6ccc7ccc8c9cc%10c(c(=C)c(c23)c%10c4c5cc6c79)c8c2cccc1c2'), min:(-99999, '')
[5847.990491628647] Updated in round 44! max:(0.7213114754098361, 'C=Cc1ccccc1C=CC=c1cc2c3ccc(-c4ccccc4)cc3c3c4c(=C)c5cc6ccc7ccc8c9cc%10c(c(=C)c(c23)c%10c4c5cc6c79)c8c2cccc1c2'), min:(-99999, '')
[5979.923325777054] Updated in round 45! max:(0.7213114754098361, 'C=Cc1ccccc1C=CC=c1cc2c3ccc(-c4ccccc4)cc3c3c4c(=C)c5cc6ccc7ccc8c9cc%10c(c(=C)c(c23)c%10c4c5cc6c79)c8c2cccc1c2'), min:(-99999, '')
[5986.487563371658] Updated in round 46! max:(0.7213114754098361, 'C=Cc1ccccc1C=CC=c1cc2c3ccc(-c4ccccc4)cc3c3c4c(=C)c5cc6ccc7ccc8c9cc%10c(c(=C)c(c23)c%10c4c5cc6c79)c8c2cccc1c2'), min:(-99999, '')
[6106.609426736832] Updated in round 47! max:(0.7377049180327869, 'C=Cc1ccccc1C=CC=c1cc2c3ccc(-c4ccccc4)c4cc5c6cc7ccc8ccc9c%10cc%11c(c(=C)c%12c%11c(c6cc7c8%10)c5c(c43)c2%12)c9c2cccc1c2'), min:(-99999, '')
[6519.094183206558] Updated in round 48! max:(0.7377049180327869, 'C=Cc1ccccc1C=CC=c1cc2c3ccc(-c4ccccc4)c4cc5c6cc7ccc8ccc9c%10cc%11c(c(=C)c%12c%11c(c6cc7c8%10)c5c(c43)c2%12)c9c2cccc1c2'), min:(-99999, '')
[6579.773557424545] Updated in round 49! max:(0.7377049180327869, 'C=Cc1ccccc1C=CC=c1cc2c3ccc(-c4ccccc4)c4cc5c6cc7ccc8ccc9c%10cc%11c(c(=C)c%12c%11c(c6cc7c8%10)c5c(c43)c2%12)c9c2cccc1c2'), min:(-99999, '')
[6779.97757267952] Updated in round 50! max:(0.7377049180327869, 'C=Cc1ccccc1C=CC=c1cc2c3ccc(-c4ccccc4)c4cc5c6cc7ccc8ccc9c%10cc%11c(c(=C)c%12c%11c(c6cc7c8%10)c5c(c43)c2%12)c9c2cccc1c2'), min:(-99999, '')
[7027.431724786758] Updated in round 51! max:(0.7540983606557377, 'C=c1c2ccccc2cccc2cc3c4ccc(c5ccccc15)c1cc5c6cc7ccc8ccc9c%10cc%11c(c(=C)c%12c%11c(c6cc7c8%10)c5c(c14)c3%12)c9c1cccc2c1'), min:(-99999, '')
[7793.446402311325] Updated in round 52! max:(0.7540983606557377, 'C=c1c2ccccc2cccc2cc3c4ccc(c5ccccc15)c1cc5c6cc7ccc8ccc9c%10cc%11c(c(=C)c%12c%11c(c6cc7c8%10)c5c(c14)c3%12)c9c1cccc2c1'), min:(-99999, '')
[7795.025033950806] Updated in round 53! max:(0.7540983606557377, 'C=c1c2ccccc2cccc2cc3c4ccc(c5ccccc15)c1cc5c6cc7ccc8ccc9c%10cc%11c(c(=C)c%12c%11c(c6cc7c8%10)c5c(c14)c3%12)c9c1cccc2c1'), min:(-99999, '')
[7795.987759590149] Updated in round 54! max:(0.7540983606557377, 'C=c1c2ccccc2cccc2cc3c4ccc(c5ccccc15)c1cc5c6cc7ccc8ccc9c%10cc%11c(c(=C)c%12c%11c(c6cc7c8%10)c5c(c14)c3%12)c9c1cccc2c1'), min:(-99999, '')
[7797.627854347229] Updated in round 55! max:(0.7540983606557377, 'C=c1c2ccccc2cccc2cc3c4ccc(c5ccccc15)c1cc5c6cc7ccc8ccc9c%10cc%11c(c(=C)c%12c%11c(c6cc7c8%10)c5c(c14)c3%12)c9c1cccc2c1'), min:(-99999, '')
[8144.682261228561] Updated in round 56! max:(0.7540983606557377, 'C=c1c2ccccc2cccc2cc3c4ccc(c5ccccc15)c1cc5c6cc7ccc8ccc9c%10cc%11c(c(=C)c%12c%11c(c6cc7c8%10)c5c(c14)c3%12)c9c1cccc2c1'), min:(-99999, '')
[8145.908432483673] Updated in round 57! max:(0.7540983606557377, 'C=c1c2ccccc2cccc2cc3c4ccc(c5ccccc15)c1cc5c6cc7ccc8ccc9c%10cc%11c(c(=C)c%12c%11c(c6cc7c8%10)c5c(c14)c3%12)c9c1cccc2c1'), min:(-99999, '')
[8146.805981874466] Updated in round 58! max:(0.7540983606557377, 'C=c1c2ccccc2cccc2cc3c4ccc(c5ccccc15)c1cc5c6cc7ccc8ccc9c%10cc%11c(c(=C)c%12c%11c(c6cc7c8%10)c5c(c14)c3%12)c9c1cccc2c1'), min:(-99999, '')
[8154.058682203293] Updated in round 59! max:(0.7704918032786885, 'C=c1c2ccccc2cccc2cc3c4ccc5c6c1cccc6c1c5c4c4c3c3c(=C)c5c6cc7c(ccc8ccc9cc%10c(cc9c87)c(c63)c4c%101)c5c1cccc2c1'), min:(-99999, '')
[8155.694625854492] Updated in round 60! max:(0.7704918032786885, 'C=c1c2ccccc2cccc2cc3c4ccc5c6c1cccc6c1c5c4c4c3c3c(=C)c5c6cc7c(ccc8ccc9cc%10c(cc9c87)c(c63)c4c%101)c5c1cccc2c1'), min:(-99999, '')
[8218.35702419281] Updated in round 61! max:(0.7704918032786885, 'C=c1c2ccccc2cccc2cc3c4ccc5c6c1cccc6c1c5c4c4c3c3c(=C)c5c6cc7c(ccc8ccc9cc%10c(cc9c87)c(c63)c4c%101)c5c1cccc2c1'), min:(-99999, '')
[8218.746179819107] Updated in round 62! max:(0.7704918032786885, 'C=c1c2ccccc2cccc2cc3c4ccc5c6c1cccc6c1c5c4c4c3c3c(=C)c5c6cc7c(ccc8ccc9cc%10c(cc9c87)c(c63)c4c%101)c5c1cccc2c1'), min:(-99999, '')
[8219.031630277634] Updated in round 63! max:(0.7704918032786885, 'C=c1c2ccccc2cccc2cc3c4ccc5c6c1cccc6c1c5c4c4c3c3c(=C)c5c6cc7c(ccc8ccc9cc%10c(cc9c87)c(c63)c4c%101)c5c1cccc2c1'), min:(-99999, '')
[8253.637485742569] Updated in round 64! max:(0.7704918032786885, 'C=c1c2ccccc2cccc2cc3c4ccc5c6c1cccc6c1c5c4c4c3c3c(=C)c5c6cc7c(ccc8ccc9cc%10c(cc9c87)c(c63)c4c%101)c5c1cccc2c1'), min:(-99999, '')
[8254.779497146606] Updated in round 65! max:(0.7704918032786885, 'C=c1c2ccccc2cccc2cc3c4ccc5c6c1cccc6c1c5c4c4c3c3c(=C)c5c6cc7c(ccc8ccc9cc%10c(cc9c87)c(c63)c4c%101)c5c1cccc2c1'), min:(-99999, '')
[8267.070896863937] Updated in round 66! max:(0.7868852459016393, 'C=c1c2ccc3cc2cccc2cc4c5ccc6c7c1cccc7c1c6c5c5c4c4c(=C)c6c7cc8c(cc3c3ccc9cc%10c(cc9c38)c(c74)c5c%101)c6c1cccc2c1'), min:(-99999, '')
[8268.000123262405] Updated in round 67! max:(0.7868852459016393, 'C=c1c2ccc3cc2cccc2cc4c5ccc6c7c1cccc7c1c6c5c5c4c4c(=C)c6c7cc8c(cc3c3ccc9cc%10c(cc9c38)c(c74)c5c%101)c6c1cccc2c1'), min:(-99999, '')
[8268.266950130463] Updated in round 68! max:(0.7868852459016393, 'C=c1c2ccc3cc2cccc2cc4c5ccc6c7c1cccc7c1c6c5c5c4c4c(=C)c6c7cc8c(cc3c3ccc9cc%10c(cc9c38)c(c74)c5c%101)c6c1cccc2c1'), min:(-99999, '')
[8268.542402744293] Updated in round 69! max:(0.7868852459016393, 'C=c1c2ccc3cc2cccc2cc4c5ccc6c7c1cccc7c1c6c5c5c4c4c(=C)c6c7cc8c(cc3c3ccc9cc%10c(cc9c38)c(c74)c5c%101)c6c1cccc2c1'), min:(-99999, '')
[8268.752676010132] Updated in round 70! max:(0.8032786885245902, 'C=c1c2ccc3cc2c2ccc4cc5c6ccc7c8c1cccc8c1c7c6c6c5c5c(=C)c7c8cc9c(cc3c3ccc%10cc%11c(cc%10c39)c(c85)c6c%111)c7c1ccc2c4c1'), min:(-99999, '')
[8269.504791498184] Updated in round 71! max:(0.819672131147541, 'C=c1c2cccc3c2c2ccc4c5cc6ccc7c8c6cc6cc8c8c(ccc1c78)c1cc7c8cc9c(c(=C)c%10c9c9c%11cc%12c(ccc1c%128)cc%11c1c3c2c4c(c5%10)c91)c67'), min:(-99999, '')
[8270.099113702774] Updated in round 72! max:(0.8360655737704918, 'C=c1c2cccc3c2c2ccc4c5cc6ccc7c8c6cc6cc8c8c7c1cc1c7cc9cc%10c%11cc9c9c%12cc%13c(c(=C)c%14c%13c%11c%11c%10c3c2c4c%11c5%14)c6c%12cc(c79)c18'), min:(-99999, '')
[8270.975216627121] Updated in round 73! max:(0.8524590163934426, 'C=c1c2c3ccc4c2c2ccc5c6cc7ccc8c9c7cc7cc9c9c8c1c3c1c3cc8cc%10c%11cc8c8c%12cc%13c(c(=C)c%14c%13c%11c%11c%10c4c2c5c%11c6%14)c7c%12cc(c38)c91'), min:(-99999, '')
[8319.71760392189] Updated in round 74! max:(0.8524590163934426, 'C=c1c2c3ccc4c2c2ccc5c6cc7ccc8c9c7cc7cc9c9c8c1c3c1c3cc8cc%10c%11cc8c8c%12cc%13c(c(=C)c%14c%13c%11c%11c%10c4c2c5c%11c6%14)c7c%12cc(c38)c91'), min:(-99999, '')
[8325.932873249054] Updated in round 75! max:(0.8524590163934426, 'C=c1c2c3ccc4c2c2ccc5c6cc7ccc8c9c7cc7cc9c9c8c1c3c1c3cc8cc%10c%11cc8c8c%12cc%13c(c(=C)c%14c%13c%11c%11c%10c4c2c5c%11c6%14)c7c%12cc(c38)c91'), min:(-99999, '')
[8350.208943843842] Updated in round 76! max:(0.8688524590163934, 'C=c1c2c3cc4c5cc6c7c8cc9cc%10c(cc9c47)c4c3c1c1c3cc7ccc9c%11c7cc(cc%11c7c9c9c%11cc%12cc3c3c%13c%12c%12c(ccc(c%11%12)c9c8c67)c%13c%10c4c13)c52'), min:(-99999, '')
[8709.234696149826] Updated in round 77! max:(0.8852459016393442, 'C=c1c2c3cc4c5c6cc7c8cc6cc6c5c5c9c4c2c2cc4c%10ccc%11c4c(c29)c2c%11c4c9cc%11cc%12c(c%10)c%10c1c3c7c1c8c3c7ccc(c9c7c%11c3c%12c%101)c4c6c25'), min:(-99999, '')
[8717.077874422073] Updated in round 78! max:(0.8852459016393442, 'C=c1c2c3cc4c5c6cc7c8cc6cc6c5c5c9c4c2c2cc4c%10ccc%11c4c(c29)c2c%11c4c9cc%11cc%12c(c%10)c%10c1c3c7c1c8c3c7ccc(c9c7c%11c3c%12c%101)c4c6c25'), min:(-99999, '')
[8717.615270137787] Updated in round 79! max:(0.9016393442622951, 'c1cc2c3c4c1cc1c5cc6cc7c8c9ccc%10c8c6c6c%10c8c%10cc%11cc%12c%13c%14c%11cc%10c%10c%11c%15cc%14c%14c%16c%15c(cc4c%16c4c3c3c2c7c9c%12c3c%13c%144)c%11c1c(c56)c%108'), min:(-99999, '')
[8718.62231683731] Updated in round 80! max:(0.9016393442622951, 'c1cc2c3c4c1cc1c5cc6cc7c8c9ccc%10c8c6c6c%10c8c%10cc%11cc%12c%13c%14c%11cc%10c%10c%11c%15cc%14c%14c%16c%15c(cc4c%16c4c3c3c2c7c9c%12c3c%13c%144)c%11c1c(c56)c%108'), min:(-99999, '')
[8718.66452884674] Updated in round 81! max:(0.9016393442622951, 'c1cc2c3c4c1cc1c5cc6cc7c8c9ccc%10c8c6c6c%10c8c%10cc%11cc%12c%13c%14c%11cc%10c%10c%11c%15cc%14c%14c%16c%15c(cc4c%16c4c3c3c2c7c9c%12c3c%13c%144)c%11c1c(c56)c%108'), min:(-99999, '')
[8718.707666158676] Updated in round 82! max:(0.9016393442622951, 'c1cc2c3c4c1cc1c5cc6cc7c8c9ccc%10c8c6c6c%10c8c%10cc%11cc%12c%13c%14c%11cc%10c%10c%11c%15cc%14c%14c%16c%15c(cc4c%16c4c3c3c2c7c9c%12c3c%13c%144)c%11c1c(c56)c%108'), min:(-99999, '')
[8718.942184448242] Updated in round 83! max:(0.9016393442622951, 'c1cc2c3c4c1cc1c5cc6cc7c8c9ccc%10c8c6c6c%10c8c%10cc%11cc%12c%13c%14c%11cc%10c%10c%11c%15cc%14c%14c%16c%15c(cc4c%16c4c3c3c2c7c9c%12c3c%13c%144)c%11c1c(c56)c%108'), min:(-99999, '')
[8719.013551950455] Updated in round 84! max:(0.9016393442622951, 'c1cc2c3c4c1cc1c5cc6cc7c8c9ccc%10c8c6c6c%10c8c%10cc%11cc%12c%13c%14c%11cc%10c%10c%11c%15cc%14c%14c%16c%15c(cc4c%16c4c3c3c2c7c9c%12c3c%13c%144)c%11c1c(c56)c%108'), min:(-99999, '')
[8719.473114967346] Updated in round 85! max:(0.9016393442622951, 'c1cc2c3c4c1cc1c5cc6cc7c8c9ccc%10c8c6c6c%10c8c%10cc%11cc%12c%13c%14c%11cc%10c%10c%11c%15cc%14c%14c%16c%15c(cc4c%16c4c3c3c2c7c9c%12c3c%13c%144)c%11c1c(c56)c%108'), min:(-99999, '')
[8719.795680046082] Updated in round 86! max:(0.9180327868852459, 'c1cc2c3c4c1cc1c5cc6cc7c8c9c%10cc%11c%12c%13cc%14c%15cc%13c%13c%16cc%17c%18c(cc4c4c%18c%16c%16c4c3c3c2c7c(c%118)c2c%12c%13c%16c32)c2c%17c%15c3c%14c%10c(c69)c5c3c12'), min:(-99999, '')
[8720.664548397064] Updated in round 87! max:(0.9180327868852459, 'c1cc2c3c4c1cc1c5cc6cc7c8c9c%10cc%11c%12c%13cc%14c%15cc%13c%13c%16cc%17c%18c(cc4c4c%18c%16c%16c4c3c3c2c7c(c%118)c2c%12c%13c%16c32)c2c%17c%15c3c%14c%10c(c69)c5c3c12'), min:(-99999, '')
[8720.723481178284] Updated in round 88! max:(0.9180327868852459, 'c1cc2c3c4c1cc1c5cc6cc7c8c9c%10cc%11c%12c%13cc%14c%15cc%13c%13c%16cc%17c%18c(cc4c4c%18c%16c%16c4c3c3c2c7c(c%118)c2c%12c%13c%16c32)c2c%17c%15c3c%14c%10c(c69)c5c3c12'), min:(-99999, '')
[8720.798577308655] Updated in round 89! max:(0.9180327868852459, 'c1cc2c3c4c1cc1c5cc6cc7c8c9c%10cc%11c%12c%13cc%14c%15cc%13c%13c%16cc%17c%18c(cc4c4c%18c%16c%16c4c3c3c2c7c(c%118)c2c%12c%13c%16c32)c2c%17c%15c3c%14c%10c(c69)c5c3c12'), min:(-99999, '')
[8721.355182886124] Updated in round 90! max:(0.9180327868852459, 'c1cc2c3c4c1cc1c5cc6cc7c8c9c%10cc%11c%12c%13cc%14c%15cc%13c%13c%16cc%17c%18c(cc4c4c%18c%16c%16c4c3c3c2c7c(c%118)c2c%12c%13c%16c32)c2c%17c%15c3c%14c%10c(c69)c5c3c12'), min:(-99999, '')
[8721.755123615265] Updated in round 91! max:(0.9180327868852459, 'c1cc2c3c4c1cc1c5cc6cc7c8c9c%10cc%11c%12c%13cc%14c%15cc%13c%13c%16cc%17c%18c(cc4c4c%18c%16c%16c4c3c3c2c7c(c%118)c2c%12c%13c%16c32)c2c%17c%15c3c%14c%10c(c69)c5c3c12'), min:(-99999, '')
[8721.844789743423] Updated in round 92! max:(0.9344262295081968, 'c1cc2c3c4c1cc1c5cc6cc7c8c9c6c6c5c5c1c1c%10cc4c4c%11c%10c%10cc%12c%13c%14cc%15c(c%101)c5c1c%15c5c%14c%10c%14c%13c%13c(c%12%11)c4c3c3c2c7c(c8c%10c5c9c61)c%14c3%13'), min:(-99999, '')
[8722.665532827377] Updated in round 93! max:(0.9344262295081968, 'c1cc2c3c4c1cc1c5cc6cc7c8c9c6c6c5c5c1c1c%10cc4c4c%11c%10c%10cc%12c%13c%14cc%15c(c%101)c5c1c%15c5c%14c%10c%14c%13c%13c(c%12%11)c4c3c3c2c7c(c8c%10c5c9c61)c%14c3%13'), min:(-99999, '')
[8722.729689359665] Updated in round 94! max:(0.9344262295081968, 'c1cc2c3c4c1cc1c5cc6cc7c8c9c6c6c5c5c1c1c%10cc4c4c%11c%10c%10cc%12c%13c%14cc%15c(c%101)c5c1c%15c5c%14c%10c%14c%13c%13c(c%12%11)c4c3c3c2c7c(c8c%10c5c9c61)c%14c3%13'), min:(-99999, '')
[8722.788844585419] Updated in round 95! max:(0.9508196721311475, 'c1c2cc3c4c5c2c2c6c1c1c7c8ccc9c%10c8c8c7c7c%11c%12cc%13c%14c%15cc%16c%17c%12c7c1c6c%17c1c%16c6c%15c7c%12c%14c%14c%15c%13c%11c8c%15c%10c8c9c3c(c4c7c6c5c21)c%12c8%14'), min:(-99999, '')
[8723.632758617401] Updated in round 96! max:(0.9508196721311475, 'c1c2cc3c4c5c2c2c6c1c1c7c8ccc9c%10c8c8c7c7c%11c%12cc%13c%14c%15cc%16c%17c%12c7c1c6c%17c1c%16c6c%15c7c%12c%14c%14c%15c%13c%11c8c%15c%10c8c9c3c(c4c7c6c5c21)c%12c8%14'), min:(-99999, '')
[8723.687179088593] Updated in round 97! max:(0.9508196721311475, 'c1c2cc3c4c5c2c2c6c1c1c7c8ccc9c%10c8c8c7c7c%11c%12cc%13c%14c%15cc%16c%17c%12c7c1c6c%17c1c%16c6c%15c7c%12c%14c%14c%15c%13c%11c8c%15c%10c8c9c3c(c4c7c6c5c21)c%12c8%14'), min:(-99999, '')
[8723.74697136879] Updated in round 98! max:(0.9672131147540983, 'c1c2c3c4cc5c6c7c4c4c8c3c3c9c2c2c%10c1c1c5c5c6c6c%11c%12c%13cc%14c%15c%12c6c7c4c%15c4c%14c6c7cc%12c%13c%13c%14c%15c%12c%12c7c(c6c3c48)c9c2c%12c%15c%10c1c%14c5c%13%11'), min:(-99999, '')
[8724.593404769897] Updated in round 99! max:(0.9836065573770492, 'c1c2c3c4cc5c6c7c1c1c8c2c2c9c3c3c%10c4c4c5c5c6c6c%11c7c1c1c7c8c2c2c8c9c3c3c9c%10c4c4c5c5c6c6c%11c1c1c7c2c2c8c3c3c9c4c5c4c6c1c2c34'), min:(-99999, '')
[8725.528737545013] Updated in round 100! max:(0.9836065573770492, 'c1c2c3c4cc5c6c7c1c1c8c2c2c9c3c3c%10c4c4c5c5c6c6c%11c7c1c1c7c8c2c2c8c9c3c3c9c%10c4c4c5c5c6c6c%11c1c1c7c2c2c8c3c3c9c4c5c4c6c1c2c34'), min:(-99999, '')
[8725.586549520493] Updated in round 101! max:(0.9836065573770492, 'c1c2c3c4cc5c6c7c1c1c8c2c2c9c3c3c%10c4c4c5c5c6c6c%11c7c1c1c7c8c2c2c8c9c3c3c9c%10c4c4c5c5c6c6c%11c1c1c7c2c2c8c3c3c9c4c5c4c6c1c2c34'), min:(-1.0, 'c1ccc(-c2cc3c4c5c2c2c6c7cc8cc9c%10c%11c8c8c7c7c6c6c%12c%13cc%14c%15c%16cc%17c%12c7c7c%17c%12c%16c%16c%17c%15c%15c%18c%14c%14c%13c6c2c5c%14c%18c4c2c3c9c(c%10c%16c%12c%11c87)c%17c2%15)cc1')
[8725.63885974884] Reproduced in round 102!!
