[8.726119995117188e-05]Start running EvoMol from [H][H]...
[0.002131223678588867] Updated in round 1! max:(0.07547169811320754, 'c1ccccc1'), min:(-99999, '')
[0.010153770446777344] Updated in round 2! max:(0.1509433962264151, 'c1ccc(-c2ccccc2)cc1'), min:(-99999, '')
[0.02950119972229004] Updated in round 3! max:(0.16981132075471697, 'C=Cc1cccc(-c2ccccc2)c1'), min:(-99999, '')
[0.051955223083496094] Updated in round 4! max:(0.20754716981132076, 'c1ccc(-c2ccc3ccccc3c2)cc1'), min:(-99999, '')
[0.08300566673278809] Updated in round 5! max:(0.24528301886792453, 'c1ccc2c(c1)ccc1c3ccccc3ccc21'), min:(-99999, '')
[0.12037301063537598] Updated in round 6! max:(0.24528301886792453, 'c1ccc2c(c1)ccc1c3ccccc3ccc21'), min:(-99999, '')
[0.12399983406066895] Updated in round 7! max:(0.32075471698113206, 'c1ccc(-c2ccc3c(ccc4c5ccccc5ccc34)c2)cc1'), min:(-99999, '')
[0.1910557746887207] Updated in round 8! max:(0.39622641509433965, 'c1ccc(-c2ccc3c(ccc4c5ccc(-c6ccccc6)cc5ccc34)c2)cc1'), min:(-99999, '')
[0.3080615997314453] Updated in round 9! max:(0.39622641509433965, 'c1ccc(-c2ccc3c(ccc4c5ccc(-c6ccccc6)cc5ccc34)c2)cc1'), min:(-99999, '')
[0.31210970878601074] Updated in round 10! max:(0.39622641509433965, 'c1ccc(-c2ccc3c(ccc4c5ccc(-c6ccccc6)cc5ccc34)c2)cc1'), min:(-99999, '')
[0.3158833980560303] Updated in round 11! max:(0.39622641509433965, 'c1ccc(-c2ccc3c(ccc4c5ccc(-c6ccccc6)cc5ccc34)c2)cc1'), min:(-99999, '')
[0.32146453857421875] Updated in round 12! max:(0.4716981132075472, 'c1ccc(-c2ccc(-c3ccc4c(ccc5c6ccc(-c7ccccc7)cc6ccc45)c3)cc2)cc1'), min:(-99999, '')
[0.5237243175506592] Updated in round 13! max:(0.4716981132075472, 'c1ccc(-c2ccc(-c3ccc4c(ccc5c6ccc(-c7ccccc7)cc6ccc45)c3)cc2)cc1'), min:(-99999, '')
[0.527838945388794] Updated in round 14! max:(0.4716981132075472, 'c1ccc(-c2ccc(-c3ccc4c(ccc5c6ccc(-c7ccccc7)cc6ccc45)c3)cc2)cc1'), min:(-99999, '')
[0.540151834487915] Updated in round 15! max:(0.4716981132075472, 'c1ccc(-c2ccc(-c3ccc4c(ccc5c6ccc(-c7ccccc7)cc6ccc45)c3)cc2)cc1'), min:(-99999, '')
[0.5457863807678223] Updated in round 16! max:(0.4716981132075472, 'c1ccc(-c2ccc(-c3ccc4c(ccc5c6ccc(-c7ccccc7)cc6ccc45)c3)cc2)cc1'), min:(-99999, '')
[0.5517745018005371] Updated in round 17! max:(0.49056603773584906, 'C=Cc1cccc(-c2ccc(-c3ccc4c(ccc5c6ccc(-c7ccccc7)cc6ccc45)c3)cc2)c1'), min:(-99999, '')
[0.77490234375] Updated in round 18! max:(0.49056603773584906, 'C=Cc1cccc(-c2ccc(-c3ccc4c(ccc5c6ccc(-c7ccccc7)cc6ccc45)c3)cc2)c1'), min:(-99999, '')
[0.7827122211456299] Updated in round 19! max:(0.49056603773584906, 'C=Cc1cccc(-c2ccc(-c3ccc4c(ccc5c6ccc(-c7ccccc7)cc6ccc45)c3)cc2)c1'), min:(-99999, '')
[0.7926661968231201] Updated in round 20! max:(0.49056603773584906, 'C=Cc1cccc(-c2ccc(-c3ccc4c(ccc5c6ccc(-c7ccccc7)cc6ccc45)c3)cc2)c1'), min:(-99999, '')
[0.8022952079772949] Updated in round 21! max:(0.5283018867924528, 'c1ccc(-c2ccc3c(ccc4c5ccc(-c6ccc(-c7ccc8ccccc8c7)cc6)cc5ccc34)c2)cc1'), min:(-99999, '')
[1.0516119003295898] Updated in round 22! max:(0.5660377358490566, 'c1ccc(-c2ccc3c(ccc4c5ccc(-c6ccc7c(ccc8c9ccccc9ccc78)c6)cc5ccc34)c2)cc1'), min:(-99999, '')
[1.3508305549621582] Updated in round 23! max:(0.5660377358490566, 'c1ccc(-c2ccc3c(ccc4c5ccc(-c6ccc7c(ccc8c9ccccc9ccc78)c6)cc5ccc34)c2)cc1'), min:(-99999, '')
[1.3564400672912598] Updated in round 24! max:(0.5660377358490566, 'c1ccc(-c2ccc3c(ccc4c5ccc(-c6ccc7c(ccc8c9ccccc9ccc78)c6)cc5ccc34)c2)cc1'), min:(-99999, '')
[1.3644084930419922] Updated in round 25! max:(0.5660377358490566, 'c1ccc(-c2ccc3c(ccc4c5ccc(-c6ccc7c(ccc8c9ccccc9ccc78)c6)cc5ccc34)c2)cc1'), min:(-99999, '')
[1.3715484142303467] Updated in round 26! max:(0.5660377358490566, 'c1ccc(-c2ccc3c(ccc4c5ccc(-c6ccc7c(ccc8c9ccccc9ccc78)c6)cc5ccc34)c2)cc1'), min:(-99999, '')
[1.377291202545166] Updated in round 27! max:(0.5660377358490566, 'c1ccc(-c2ccc3c(ccc4c5ccc(-c6ccc7c(ccc8c9ccccc9ccc78)c6)cc5ccc34)c2)cc1'), min:(-99999, '')
[1.3870105743408203] Updated in round 28! max:(0.5660377358490566, 'c1ccc(-c2ccc3c(ccc4c5ccc(-c6ccc7c(ccc8c9ccccc9ccc78)c6)cc5ccc34)c2)cc1'), min:(-99999, '')
[1.3953931331634521] Updated in round 29! max:(0.5660377358490566, 'c1ccc(-c2ccc3c(ccc4c5ccc(-c6ccc7c(ccc8c9ccccc9ccc78)c6)cc5ccc34)c2)cc1'), min:(-99999, '')
[1.4022634029388428] Updated in round 30! max:(0.5660377358490566, 'c1ccc(-c2ccc3c(ccc4c5ccc(-c6ccc7c(ccc8c9ccccc9ccc78)c6)cc5ccc34)c2)cc1'), min:(-99999, '')
[1.409325361251831] Updated in round 31! max:(0.5660377358490566, 'c1ccc(-c2ccc3c(ccc4c5ccc(-c6ccc7c(ccc8c9ccccc9ccc78)c6)cc5ccc34)c2)cc1'), min:(-99999, '')
[1.4166576862335205] Updated in round 32! max:(0.5660377358490566, 'c1ccc(-c2ccc3c(ccc4c5ccc(-c6ccc7c(ccc8c9ccccc9ccc78)c6)cc5ccc34)c2)cc1'), min:(-99999, '')
[1.4223313331604004] Updated in round 33! max:(0.5660377358490566, 'c1ccc(-c2ccc3c(ccc4c5ccc(-c6ccc7c(ccc8c9ccccc9ccc78)c6)cc5ccc34)c2)cc1'), min:(-99999, '')
[1.431523323059082] Updated in round 34! max:(0.5849056603773585, 'C=Cc1cccc(-c2ccc3c(ccc4c5ccc(-c6ccc7c(ccc8c9ccccc9ccc78)c6)cc5ccc34)c2)c1'), min:(-99999, '')
[1.772113561630249] Updated in round 35! max:(0.5849056603773585, 'C=Cc1cccc(-c2ccc3c(ccc4c5ccc(-c6ccc7c(ccc8c9ccccc9ccc78)c6)cc5ccc34)c2)c1'), min:(-99999, '')
[1.7853777408599854] Updated in round 36! max:(0.6226415094339622, 'c1ccc2cc(-c3ccc4c(ccc5c6ccc(-c7ccc8c(ccc9c%10ccccc%10ccc89)c7)cc6ccc45)c3)ccc2c1'), min:(-99999, '')
[2.175297498703003] Updated in round 37! max:(0.6226415094339622, 'c1ccc2cc(-c3ccc4c(ccc5c6ccc(-c7ccc8c(ccc9c%10ccccc%10ccc89)c7)cc6ccc45)c3)ccc2c1'), min:(-99999, '')
[2.1824915409088135] Updated in round 38! max:(0.6226415094339622, 'c1ccc2cc(-c3ccc4c(ccc5c6ccc(-c7ccc8c(ccc9c%10ccccc%10ccc89)c7)cc6ccc45)c3)ccc2c1'), min:(-99999, '')
[2.1923329830169678] Updated in round 39! max:(0.6226415094339622, 'c1ccc2cc(-c3ccc4c(ccc5c6ccc(-c7ccc8c(ccc9c%10ccccc%10ccc89)c7)cc6ccc45)c3)ccc2c1'), min:(-99999, '')
[2.197803258895874] Updated in round 40! max:(0.6226415094339622, 'c1ccc2cc(-c3ccc4c(ccc5c6ccc(-c7ccc8c(ccc9c%10ccccc%10ccc89)c7)cc6ccc45)c3)ccc2c1'), min:(-99999, '')
[2.202954053878784] Updated in round 41! max:(0.6226415094339622, 'c1ccc2cc(-c3ccc4c(ccc5c6ccc(-c7ccc8c(ccc9c%10ccccc%10ccc89)c7)cc6ccc45)c3)ccc2c1'), min:(-99999, '')
[2.2110984325408936] Updated in round 42! max:(0.6226415094339622, 'c1ccc2cc(-c3ccc4c(ccc5c6ccc(-c7ccc8c(ccc9c%10ccccc%10ccc89)c7)cc6ccc45)c3)ccc2c1'), min:(-99999, '')
[2.221079111099243] Updated in round 43! max:(0.6226415094339622, 'c1ccc2cc(-c3ccc4c(ccc5c6ccc(-c7ccc8c(ccc9c%10ccccc%10ccc89)c7)cc6ccc45)c3)ccc2c1'), min:(-99999, '')
[2.228198289871216] Updated in round 44! max:(0.6226415094339622, 'c1ccc2cc(-c3ccc4c(ccc5c6ccc(-c7ccc8c(ccc9c%10ccccc%10ccc89)c7)cc6ccc45)c3)ccc2c1'), min:(-99999, '')
[2.2415788173675537] Updated in round 45! max:(0.6226415094339622, 'c1ccc2cc(-c3ccc4c(ccc5c6ccc(-c7ccc8c(ccc9c%10ccccc%10ccc89)c7)cc6ccc45)c3)ccc2c1'), min:(-99999, '')
[2.2496020793914795] Updated in round 46! max:(0.6226415094339622, 'c1ccc2cc(-c3ccc4c(ccc5c6ccc(-c7ccc8c(ccc9c%10ccccc%10ccc89)c7)cc6ccc45)c3)ccc2c1'), min:(-99999, '')
[2.2589197158813477] Updated in round 47! max:(0.6226415094339622, 'c1ccc2cc(-c3ccc4c(ccc5c6ccc(-c7ccc8c(ccc9c%10ccccc%10ccc89)c7)cc6ccc45)c3)ccc2c1'), min:(-99999, '')
[2.2661802768707275] Updated in round 48! max:(0.6981132075471698, 'c1ccc(-c2ccc3cc(-c4ccc5c(ccc6c7ccc(-c8ccc9c(ccc%10c%11ccccc%11ccc9%10)c8)cc7ccc56)c4)ccc3c2)cc1'), min:(-99999, '')
[2.8263978958129883] Updated in round 49! max:(0.6981132075471698, 'c1ccc(-c2ccc3cc(-c4ccc5c(ccc6c7ccc(-c8ccc9c(ccc%10c%11ccccc%11ccc9%10)c8)cc7ccc56)c4)ccc3c2)cc1'), min:(-99999, '')
[2.834928035736084] Updated in round 50! max:(0.6981132075471698, 'c1ccc(-c2ccc3cc(-c4ccc5c(ccc6c7ccc(-c8ccc9c(ccc%10c%11ccccc%11ccc9%10)c8)cc7ccc56)c4)ccc3c2)cc1'), min:(-99999, '')
[2.8469226360321045] Updated in round 51! max:(0.6981132075471698, 'c1ccc(-c2ccc3cc(-c4ccc5c(ccc6c7ccc(-c8ccc9c(ccc%10c%11ccccc%11ccc9%10)c8)cc7ccc56)c4)ccc3c2)cc1'), min:(-99999, '')
[2.8588035106658936] Updated in round 52! max:(0.6981132075471698, 'c1ccc(-c2ccc3cc(-c4ccc5c(ccc6c7ccc(-c8ccc9c(ccc%10c%11ccccc%11ccc9%10)c8)cc7ccc56)c4)ccc3c2)cc1'), min:(-99999, '')
[2.896545886993408] Updated in round 53! max:(0.6981132075471698, 'c1ccc(-c2ccc3cc(-c4ccc5c(ccc6c7ccc(-c8ccc9c(ccc%10c%11ccccc%11ccc9%10)c8)cc7ccc56)c4)ccc3c2)cc1'), min:(-99999, '')
[2.9041213989257812] Updated in round 54! max:(0.7169811320754716, 'C=Cc1ccccc1-c1ccc2cc(-c3ccc4c(ccc5c6ccc(-c7ccc8c(ccc9c%10ccccc%10ccc89)c7)cc6ccc45)c3)ccc2c1'), min:(-99999, '')
[3.5322635173797607] Updated in round 55! max:(0.7169811320754716, 'C=Cc1ccccc1-c1ccc2cc(-c3ccc4c(ccc5c6ccc(-c7ccc8c(ccc9c%10ccccc%10ccc89)c7)cc6ccc45)c3)ccc2c1'), min:(-99999, '')
[3.5381884574890137] Updated in round 56! max:(0.7169811320754716, 'C=Cc1ccccc1-c1ccc2cc(-c3ccc4c(ccc5c6ccc(-c7ccc8c(ccc9c%10ccccc%10ccc89)c7)cc6ccc45)c3)ccc2c1'), min:(-99999, '')
[3.5434982776641846] Updated in round 57! max:(0.7169811320754716, 'C=Cc1ccccc1-c1ccc2cc(-c3ccc4c(ccc5c6ccc(-c7ccc8c(ccc9c%10ccccc%10ccc89)c7)cc6ccc45)c3)ccc2c1'), min:(-99999, '')
[3.551750898361206] Updated in round 58! max:(0.7169811320754716, 'C=Cc1ccccc1-c1ccc2cc(-c3ccc4c(ccc5c6ccc(-c7ccc8c(ccc9c%10ccccc%10ccc89)c7)cc6ccc45)c3)ccc2c1'), min:(-99999, '')
[3.558152198791504] Updated in round 59! max:(0.7169811320754716, 'C=Cc1ccccc1-c1ccc2cc(-c3ccc4c(ccc5c6ccc(-c7ccc8c(ccc9c%10ccccc%10ccc89)c7)cc6ccc45)c3)ccc2c1'), min:(-99999, '')
[3.5662167072296143] Updated in round 60! max:(0.7169811320754716, 'C=Cc1ccccc1-c1ccc2cc(-c3ccc4c(ccc5c6ccc(-c7ccc8c(ccc9c%10ccccc%10ccc89)c7)cc6ccc45)c3)ccc2c1'), min:(-99999, '')
[3.575568437576294] Updated in round 61! max:(0.7169811320754716, 'C=Cc1ccccc1-c1ccc2cc(-c3ccc4c(ccc5c6ccc(-c7ccc8c(ccc9c%10ccccc%10ccc89)c7)cc6ccc45)c3)ccc2c1'), min:(-99999, '')
[3.5886247158050537] Updated in round 62! max:(0.7169811320754716, 'C=Cc1ccccc1-c1ccc2cc(-c3ccc4c(ccc5c6ccc(-c7ccc8c(ccc9c%10ccccc%10ccc89)c7)cc6ccc45)c3)ccc2c1'), min:(-99999, '')
[3.5963001251220703] Updated in round 63! max:(0.7169811320754716, 'C=Cc1ccccc1-c1ccc2cc(-c3ccc4c(ccc5c6ccc(-c7ccc8c(ccc9c%10ccccc%10ccc89)c7)cc6ccc45)c3)ccc2c1'), min:(-99999, '')
[3.6037819385528564] Updated in round 64! max:(0.7924528301886793, 'C=Cc1cc(-c2ccccc2)ccc1-c1ccc2cc(-c3ccc4c(ccc5c6ccc(-c7ccc8c(ccc9c%10ccccc%10ccc89)c7)cc6ccc45)c3)ccc2c1'), min:(-99999, '')
[4.480570554733276] Updated in round 65! max:(0.7924528301886793, 'C=Cc1cc(-c2ccccc2)ccc1-c1ccc2cc(-c3ccc4c(ccc5c6ccc(-c7ccc8c(ccc9c%10ccccc%10ccc89)c7)cc6ccc45)c3)ccc2c1'), min:(-99999, '')
[4.487778902053833] Updated in round 66! max:(0.7924528301886793, 'C=Cc1cc(-c2ccccc2)ccc1-c1ccc2cc(-c3ccc4c(ccc5c6ccc(-c7ccc8c(ccc9c%10ccccc%10ccc89)c7)cc6ccc45)c3)ccc2c1'), min:(-99999, '')
[4.495927095413208] Updated in round 67! max:(0.7924528301886793, 'C=Cc1cc(-c2ccccc2)ccc1-c1ccc2cc(-c3ccc4c(ccc5c6ccc(-c7ccc8c(ccc9c%10ccccc%10ccc89)c7)cc6ccc45)c3)ccc2c1'), min:(-99999, '')
[4.503461837768555] Updated in round 68! max:(0.7924528301886793, 'C=Cc1cc(-c2ccccc2)ccc1-c1ccc2cc(-c3ccc4c(ccc5c6ccc(-c7ccc8c(ccc9c%10ccccc%10ccc89)c7)cc6ccc45)c3)ccc2c1'), min:(-99999, '')
[4.516692638397217] Updated in round 69! max:(0.8113207547169812, 'C=Cc1ccc(-c2ccc(-c3ccc4cc(-c5ccc6c(ccc7c8ccc(-c9ccc%10c(ccc%11c%12ccccc%12ccc%10%11)c9)cc8ccc67)c5)ccc4c3)c(C=C)c2)cc1'), min:(-99999, '')
[5.421838045120239] Updated in round 70! max:(0.8301886792452831, 'C=CC=Cc1ccc(-c2ccc(-c3ccc4cc(-c5ccc6c(ccc7c8ccc(-c9ccc%10c(ccc%11c%12ccccc%12ccc%10%11)c9)cc8ccc67)c5)ccc4c3)c(C=C)c2)cc1'), min:(-99999, '')
[6.382099866867065] Updated in round 71! max:(0.8301886792452831, 'C=CC=Cc1ccc(-c2ccc(-c3ccc4cc(-c5ccc6c(ccc7c8ccc(-c9ccc%10c(ccc%11c%12ccccc%12ccc%10%11)c9)cc8ccc67)c5)ccc4c3)c(C=C)c2)cc1'), min:(-99999, '')
[6.414287328720093] Updated in round 72! max:(0.8301886792452831, 'C=CC=Cc1ccc(-c2ccc(-c3ccc4cc(-c5ccc6c(ccc7c8ccc(-c9ccc%10c(ccc%11c%12ccccc%12ccc%10%11)c9)cc8ccc67)c5)ccc4c3)c(C=C)c2)cc1'), min:(-99999, '')
[6.450695991516113] Updated in round 73! max:(0.8301886792452831, 'C=CC=Cc1ccc(-c2ccc(-c3ccc4cc(-c5ccc6c(ccc7c8ccc(-c9ccc%10c(ccc%11c%12ccccc%12ccc%10%11)c9)cc8ccc67)c5)ccc4c3)c(C=C)c2)cc1'), min:(-99999, '')
[6.474002122879028] Updated in round 74! max:(0.8301886792452831, 'C=CC=Cc1ccc(-c2ccc(-c3ccc4cc(-c5ccc6c(ccc7c8ccc(-c9ccc%10c(ccc%11c%12ccccc%12ccc%10%11)c9)cc8ccc67)c5)ccc4c3)c(C=C)c2)cc1'), min:(-99999, '')
[6.49834418296814] Updated in round 75! max:(0.8301886792452831, 'C=CC=Cc1ccc(-c2ccc(-c3ccc4cc(-c5ccc6c(ccc7c8ccc(-c9ccc%10c(ccc%11c%12ccccc%12ccc%10%11)c9)cc8ccc67)c5)ccc4c3)c(C=C)c2)cc1'), min:(-99999, '')
[6.5231852531433105] Updated in round 76! max:(0.8301886792452831, 'C=CC=Cc1ccc(-c2ccc(-c3ccc4cc(-c5ccc6c(ccc7c8ccc(-c9ccc%10c(ccc%11c%12ccccc%12ccc%10%11)c9)cc8ccc67)c5)ccc4c3)c(C=C)c2)cc1'), min:(-99999, '')
[6.542654514312744] Updated in round 77! max:(0.8301886792452831, 'C=CC=Cc1ccc(-c2ccc(-c3ccc4cc(-c5ccc6c(ccc7c8ccc(-c9ccc%10c(ccc%11c%12ccccc%12ccc%10%11)c9)cc8ccc67)c5)ccc4c3)c(C=C)c2)cc1'), min:(-99999, '')
[6.586382150650024] Updated in round 78! max:(0.8490566037735849, 'C=CC=Cc1ccc(-c2ccc(-c3ccc4cc(-c5ccc6c(ccc7c8ccc(-c9ccc%10c(ccc%11c%12ccccc%12ccc%10%11)c9)cc8ccc67)c5)ccc4c3)c(C=C)c2)cc1C=C'), min:(-99999, '')
[7.58005690574646] Updated in round 79! max:(0.8490566037735849, 'C=CC=Cc1ccc(-c2ccc(-c3ccc4cc(-c5ccc6c(ccc7c8ccc(-c9ccc%10c(ccc%11c%12ccccc%12ccc%10%11)c9)cc8ccc67)c5)ccc4c3)c(C=C)c2)cc1C=C'), min:(-99999, '')
[7.606664657592773] Updated in round 80! max:(0.8490566037735849, 'C=CC=Cc1ccc(-c2ccc(-c3ccc4cc(-c5ccc6c(ccc7c8ccc(-c9ccc%10c(ccc%11c%12ccccc%12ccc%10%11)c9)cc8ccc67)c5)ccc4c3)c(C=C)c2)cc1C=C'), min:(-99999, '')
[7.6198952198028564] Updated in round 81! max:(0.8490566037735849, 'C=CC=Cc1ccc(-c2ccc(-c3ccc4cc(-c5ccc6c(ccc7c8ccc(-c9ccc%10c(ccc%11c%12ccccc%12ccc%10%11)c9)cc8ccc67)c5)ccc4c3)c(C=C)c2)cc1C=C'), min:(-99999, '')
[7.631226062774658] Updated in round 82! max:(0.8490566037735849, 'C=CC=Cc1ccc(-c2ccc(-c3ccc4cc(-c5ccc6c(ccc7c8ccc(-c9ccc%10c(ccc%11c%12ccccc%12ccc%10%11)c9)cc8ccc67)c5)ccc4c3)c(C=C)c2)cc1C=C'), min:(-99999, '')
[7.6521217823028564] Updated in round 83! max:(0.8490566037735849, 'C=CC=Cc1ccc(-c2ccc(-c3ccc4cc(-c5ccc6c(ccc7c8ccc(-c9ccc%10c(ccc%11c%12ccccc%12ccc%10%11)c9)cc8ccc67)c5)ccc4c3)c(C=C)c2)cc1C=C'), min:(-99999, '')
[7.6768999099731445] Updated in round 84! max:(0.8490566037735849, 'C=CC=Cc1ccc(-c2ccc(-c3ccc4cc(-c5ccc6c(ccc7c8ccc(-c9ccc%10c(ccc%11c%12ccccc%12ccc%10%11)c9)cc8ccc67)c5)ccc4c3)c(C=C)c2)cc1C=C'), min:(-99999, '')
[7.6884870529174805] Updated in round 85! max:(0.8490566037735849, 'C=CC=Cc1ccc(-c2ccc(-c3ccc4cc(-c5ccc6c(ccc7c8ccc(-c9ccc%10c(ccc%11c%12ccccc%12ccc%10%11)c9)cc8ccc67)c5)ccc4c3)c(C=C)c2)cc1C=C'), min:(-99999, '')
[7.730756759643555] Updated in round 86! max:(0.8490566037735849, 'C=CC=Cc1ccc(-c2ccc(-c3ccc4cc(-c5ccc6c(ccc7c8ccc(-c9ccc%10c(ccc%11c%12ccccc%12ccc%10%11)c9)cc8ccc67)c5)ccc4c3)c(C=C)c2)cc1C=C'), min:(-99999, '')
[7.748982191085815] Updated in round 87! max:(0.8490566037735849, 'C=CC=Cc1ccc(-c2ccc(-c3ccc4cc(-c5ccc6c(ccc7c8ccc(-c9ccc%10c(ccc%11c%12ccccc%12ccc%10%11)c9)cc8ccc67)c5)ccc4c3)c(C=C)c2)cc1C=C'), min:(-99999, '')
[7.787355184555054] Updated in round 88! max:(0.8490566037735849, 'C=CC=Cc1ccc(-c2ccc(-c3ccc4cc(-c5ccc6c(ccc7c8ccc(-c9ccc%10c(ccc%11c%12ccccc%12ccc%10%11)c9)cc8ccc67)c5)ccc4c3)c(C=C)c2)cc1C=C'), min:(-99999, '')
[7.812736988067627] Updated in round 89! max:(0.8490566037735849, 'C=CC=Cc1ccc(-c2ccc(-c3ccc4cc(-c5ccc6c(ccc7c8ccc(-c9ccc%10c(ccc%11c%12ccccc%12ccc%10%11)c9)cc8ccc67)c5)ccc4c3)c(C=C)c2)cc1C=C'), min:(-99999, '')
[7.836354732513428] Updated in round 90! max:(0.8490566037735849, 'C=CC=Cc1ccc(-c2ccc(-c3ccc4cc(-c5ccc6c(ccc7c8ccc(-c9ccc%10c(ccc%11c%12ccccc%12ccc%10%11)c9)cc8ccc67)c5)ccc4c3)c(C=C)c2)cc1C=C'), min:(-99999, '')
[7.856410026550293] Updated in round 91! max:(0.8490566037735849, 'C=CC=Cc1ccc(-c2ccc(-c3ccc4cc(-c5ccc6c(ccc7c8ccc(-c9ccc%10c(ccc%11c%12ccccc%12ccc%10%11)c9)cc8ccc67)c5)ccc4c3)c(C=C)c2)cc1C=C'), min:(-99999, '')
[7.875479698181152] Updated in round 92! max:(0.8490566037735849, 'C=CC=Cc1ccc(-c2ccc(-c3ccc4cc(-c5ccc6c(ccc7c8ccc(-c9ccc%10c(ccc%11c%12ccccc%12ccc%10%11)c9)cc8ccc67)c5)ccc4c3)c(C=C)c2)cc1C=C'), min:(-99999, '')
[7.902899980545044] Updated in round 93! max:(0.8490566037735849, 'C=CC=Cc1ccc(-c2ccc(-c3ccc4cc(-c5ccc6c(ccc7c8ccc(-c9ccc%10c(ccc%11c%12ccccc%12ccc%10%11)c9)cc8ccc67)c5)ccc4c3)c(C=C)c2)cc1C=C'), min:(-99999, '')
[7.924810886383057] Updated in round 94! max:(0.8490566037735849, 'C=CC=Cc1ccc(-c2ccc(-c3ccc4cc(-c5ccc6c(ccc7c8ccc(-c9ccc%10c(ccc%11c%12ccccc%12ccc%10%11)c9)cc8ccc67)c5)ccc4c3)c(C=C)c2)cc1C=C'), min:(-99999, '')
[7.945335388183594] Updated in round 95! max:(0.8490566037735849, 'C=CC=Cc1ccc(-c2ccc(-c3ccc4cc(-c5ccc6c(ccc7c8ccc(-c9ccc%10c(ccc%11c%12ccccc%12ccc%10%11)c9)cc8ccc67)c5)ccc4c3)c(C=C)c2)cc1C=C'), min:(-99999, '')
[7.960847616195679] Updated in round 96! max:(0.8490566037735849, 'C=CC=Cc1ccc(-c2ccc(-c3ccc4cc(-c5ccc6c(ccc7c8ccc(-c9ccc%10c(ccc%11c%12ccccc%12ccc%10%11)c9)cc8ccc67)c5)ccc4c3)c(C=C)c2)cc1C=C'), min:(-99999, '')
[7.995272874832153] Updated in round 97! max:(0.8490566037735849, 'C=CC=Cc1ccc(-c2ccc(-c3ccc4cc(-c5ccc6c(ccc7c8ccc(-c9ccc%10c(ccc%11c%12ccccc%12ccc%10%11)c9)cc8ccc67)c5)ccc4c3)c(C=C)c2)cc1C=C'), min:(-99999, '')
[8.028510093688965] Updated in round 98! max:(0.8490566037735849, 'C=CC=Cc1ccc(-c2ccc(-c3ccc4cc(-c5ccc6c(ccc7c8ccc(-c9ccc%10c(ccc%11c%12ccccc%12ccc%10%11)c9)cc8ccc67)c5)ccc4c3)c(C=C)c2)cc1C=C'), min:(-99999, '')
[8.07741665840149] Updated in round 99! max:(0.8490566037735849, 'C=CC=Cc1ccc(-c2ccc(-c3ccc4cc(-c5ccc6c(ccc7c8ccc(-c9ccc%10c(ccc%11c%12ccccc%12ccc%10%11)c9)cc8ccc67)c5)ccc4c3)c(C=C)c2)cc1C=C'), min:(-99999, '')
[8.094477653503418] Updated in round 100! max:(0.8490566037735849, 'C=CC=Cc1ccc(-c2ccc(-c3ccc4cc(-c5ccc6c(ccc7c8ccc(-c9ccc%10c(ccc%11c%12ccccc%12ccc%10%11)c9)cc8ccc67)c5)ccc4c3)c(C=C)c2)cc1C=C'), min:(-99999, '')
[9.515122175216675] Updated in round 101! max:(0.8490566037735849, 'C=CC=Cc1ccc(-c2ccc(-c3ccc4cc(-c5ccc6c(ccc7c8ccc(-c9ccc%10c(ccc%11c%12ccccc%12ccc%10%11)c9)cc8ccc67)c5)ccc4c3)c(C=C)c2)cc1C=C'), min:(-1.0, 'C=CC=Cc1ccc(-c2ccc(-c3ccc4cc5c6ccc7c(ccc8c7ccc7cc(-c9ccc%10c(ccc%11c%12ccccc%12ccc%10%11)c9)cc(c5cc4c3)c78)c6)c(C=C)c2)cc1C=C')
[9.866486310958862] Updated in round 102! max:(0.9056603773584906, 'C=Cc1cc(-c2ccc(-c3ccc4cc(-c5ccc6c(ccc7c8ccc(-c9ccc%10c(ccc%11c%12ccccc%12ccc%10%11)c9)cc8ccc67)c5)ccc4c3)c(C=C)c2)ccc1C=Cc1ccccc1'), min:(-1.0, 'C=CC=Cc1ccc(-c2ccc(-c3ccc4cc(-c5ccc6c(ccc7c8ccc(-c9ccc%10c%11c%12c(cc%10c9)C(=c9ccccc9=%12)C=%11)cc8ccc67)c5)ccc4c3)c(C=C)c2)cc1C=C')
[12.397348165512085] Updated in round 103! max:(0.9056603773584906, 'C=Cc1cc(-c2ccc(-c3ccc4cc(-c5ccc6c(ccc7c8ccc(-c9ccc%10c(ccc%11c%12ccccc%12ccc%10%11)c9)cc8ccc67)c5)ccc4c3)c(C=C)c2)ccc1C=Cc1ccccc1'), min:(-1.0, 'C=CC=Cc1ccc(-c2ccc(-c3ccc4cc(-c5ccc6c(ccc7c8ccc(-c9ccc%10c(c9)cc9c%11cccc%12ccc%10c9c%12%11)cc8ccc67)c5)ccc4c3)c(C=C)c2)cc1C=C')
[12.559869527816772] Updated in round 104! max:(0.9056603773584906, 'C=Cc1cc(-c2ccc(-c3ccc4cc(-c5ccc6c(ccc7c8ccc(-c9ccc%10c(ccc%11c%12ccccc%12ccc%10%11)c9)cc8ccc67)c5)ccc4c3)c(C=C)c2)ccc1C=Cc1ccccc1'), min:(-1.0, 'C=CC=Cc1ccc(-c2ccc(-c3ccc4c(ccc5c6ccc7c(ccc8c9ccc(cc9ccc78)c7ccc8c(ccc9c8ccc8cccc(c89)c45)c7)c6)c3)c(C=C)c2)cc1C=C')
[12.760117292404175] Updated in round 105! max:(0.9056603773584906, 'C=Cc1cc(-c2ccc(-c3ccc4cc(-c5ccc6c(ccc7c8ccc(-c9ccc%10c(ccc%11c%12ccccc%12ccc%10%11)c9)cc8ccc67)c5)ccc4c3)c(C=C)c2)ccc1C=Cc1ccccc1'), min:(-1.0, 'C=CC=Cc1ccc(-c2ccc(-c3ccc4c(ccc5c6ccc7c(ccc8c9ccc(cc9ccc78)c7ccc8c(ccc9c%10ccc(cc%10ccc89)c45)c7)c6)c3)c(C=C)c2)cc1C=C')
[12.9818115234375] Updated in round 106! max:(0.9056603773584906, 'C=Cc1cc(-c2ccc(-c3ccc4cc(-c5ccc6c(ccc7c8ccc(-c9ccc%10c(ccc%11c%12ccccc%12ccc%10%11)c9)cc8ccc67)c5)ccc4c3)c(C=C)c2)ccc1C=Cc1ccccc1'), min:(-1.0, 'C=CC=Cc1ccc(-c2ccc(-c3ccc4cc(-c5ccc6c(ccc7c8ccc(-c9cc%10ccc%11c%12ccccc%12ccc%11c%10c%10ccccc9%10)cc8ccc67)c5)ccc4c3)c(C=C)c2)cc1C=C')
[13.104568481445312] Updated in round 107! max:(0.9245283018867925, 'C=Cc1cc(-c2ccc3cc(-c4ccccc4)ccc3c2)ccc1-c1ccc2cc(-c3ccc4c(ccc5c6ccc(-c7ccc8c(ccc9c%10ccccc%10ccc89)c7)cc6ccc45)c3)ccc2c1'), min:(-1.0, 'C=CC=Cc1ccc(-c2ccc(-c3ccc4cc5cc(c4c3)c3cc4cc(ccc4c4ccc6ccccc6c43)c3ccc4c(ccc6c7ccc5cc7ccc46)c3)c(C=C)c2)cc1C=C')
[14.572488784790039] Updated in round 108! max:(0.9245283018867925, 'C=Cc1cc(-c2ccc3cc(-c4ccccc4)ccc3c2)ccc1-c1ccc2cc(-c3ccc4c(ccc5c6ccc(-c7ccc8c(ccc9c%10ccccc%10ccc89)c7)cc6ccc45)c3)ccc2c1'), min:(-1.0, 'C=CC=Cc1ccc(-c2ccc3c(ccc4cc5cc(-c6ccc7c(ccc8c9ccccc9ccc78)c6)ccc5c5ccc6cc(ccc6c45)c4ccc5cc3ccc5c4)c2)cc1C=C')
[14.69247055053711] Updated in round 109! max:(0.9433962264150944, 'C=Cc1cc2ccc1-c1ccc3cc(ccc3c1)-c1ccc3c(ccc4c5ccc(cc5ccc34)-c3ccc4c(ccc5c6ccc(cc6ccc45)-c4ccc(cc4)-c4ccc5cc-2ccc5c4)c3)c1'), min:(-1.0, 'C=CC=Cc1ccc(-c2ccc(-c3ccc4cc(-c5ccc6c(ccc7c8ccc(-c9ccc%10c%11ccc%12ccc%13cc%12c%11ccc%10c9%13)cc8ccc67)c5)ccc4c3)c(C=C)c2)cc1C=C')
[18.79579520225525] Updated in round 110! max:(0.9433962264150944, 'C=Cc1cc2ccc1-c1ccc3cc(ccc3c1)-c1ccc3c(ccc4c5ccc(cc5ccc34)-c3ccc4c(ccc5c6ccc(cc6ccc45)-c4ccc(cc4)-c4ccc5cc-2ccc5c4)c3)c1'), min:(-1.0, 'C=CC=Cc1ccc(-c2ccc3c(C=C)c2-c2cc4cc(-c5ccc6c(ccc7c8ccc(-c9ccc%10c(ccc%11c%12ccccc%12ccc%10%11)c9)cc8ccc67)c5)ccc4cc2-3)cc1C=C')
[19.40577530860901] Updated in round 111! max:(0.9433962264150944, 'C=Cc1cc2ccc1-c1ccc3cc(ccc3c1)-c1ccc3c(ccc4c5ccc(cc5ccc34)-c3ccc4c(ccc5c6ccc(cc6ccc45)-c4ccc(cc4)-c4ccc5cc-2ccc5c4)c3)c1'), min:(-1.0, 'C=CC=Cc1ccc(-c2ccc3c(c2)C(=C)c2ccc4c(ccc5c6ccc(cc6ccc45)-c4ccc5c(ccc6c7ccc(cc7ccc56)-c5ccc6cc-3ccc6c5)c4)c2)cc1C=C')
[19.631529808044434] Updated in round 112! max:(0.9433962264150944, 'C=Cc1cc2ccc1-c1ccc3cc(ccc3c1)-c1ccc3c(ccc4c5ccc(cc5ccc34)-c3ccc4c(ccc5c6ccc(cc6ccc45)-c4ccc(cc4)-c4ccc5cc-2ccc5c4)c3)c1'), min:(-1.0, 'C=CC=Cc1ccc2c(c1C=C)-c1cc(cc3ccc(-c4ccc5c(ccc6c7ccc(-c8ccc9c(ccc%10c%11ccccc%11ccc9%10)c8)cc7ccc56)c4)cc13)-c1ccc-2cc1C=C')
[20.00385332107544] Updated in round 113! max:(0.9433962264150944, 'C=Cc1cc2ccc1-c1ccc3cc(ccc3c1)-c1ccc3c(ccc4c5ccc(cc5ccc34)-c3ccc4c(ccc5c6ccc(cc6ccc45)-c4ccc(cc4)-c4ccc5cc-2ccc5c4)c3)c1'), min:(-1.0, 'C=CC=Cc1ccc(-c2ccc(-c3ccc4cc(-c5ccc6c(ccc7c8ccc(-c9cc%10ccc%11c%12ccc%13cccc(c9cc%10%12)c%13%11)cc8ccc67)c5)ccc4c3)c(C=C)c2)cc1C=C')
[20.22122097015381] Updated in round 114! max:(0.9433962264150944, 'C=Cc1cc2ccc1-c1ccc3cc(ccc3c1)-c1ccc3c(ccc4c5ccc(cc5ccc34)-c3ccc4c(ccc5c6ccc(cc6ccc45)-c4ccc(cc4)-c4ccc5cc-2ccc5c4)c3)c1'), min:(-1.0, 'C=CC1=Cc2ccc(cc2C=C)-c2ccc(c(C=C)c2)-c2ccc3cc(ccc3c2)-c2ccc3c(ccc4c5ccc(cc5ccc34)-c3ccc4c(ccc5c6ccccc6c1cc45)c3)c2')
[20.437602281570435] Updated in round 115! max:(0.9811320754716981, 'C=Cc1cc2ccc1-c1ccc3cc(ccc3c1)-c1ccc3c(ccc4c5ccc(cc5ccc34)-c3ccc4c(ccc5c6ccc(cc6ccc45)-c4ccc5c(ccc6c7ccc-2cc7ccc56)c4)c3)c1'), min:(-1.0, 'C=CC=Cc1ccc(-c2ccc(-c3cc4ccc5cc4cc3c3c(-c4ccc6c(ccc7c8ccccc8ccc67)c4)ccc4c6ccc7cc5ccc7c6ccc43)c(C=C)c2)cc1C=C')
[27.662183046340942] Updated in round 116! max:(0.9811320754716981, 'C=Cc1cc2ccc1-c1ccc3cc(ccc3c1)-c1ccc3c(ccc4c5ccc(cc5ccc34)-c3ccc4c(ccc5c6ccc(cc6ccc45)-c4ccc5c(ccc6c7ccc-2cc7ccc56)c4)c3)c1'), min:(-1.0, 'C=CC=Cc1ccc(-c2ccc(-c3ccc4cc(-c5ccc6c(c5)cc5ccc7cc(-c8ccc9c(ccc%10c%11ccccc%11ccc9%10)c8)cc8ccc6c5c78)ccc4c3)c(C=C)c2)cc1C=C')
[28.396102905273438] Updated in round 117! max:(0.9811320754716981, 'C=Cc1cc2ccc1-c1ccc3cc(ccc3c1)-c1ccc3c(ccc4c5ccc(cc5ccc34)-c3ccc4c(ccc5c6ccc(cc6ccc45)-c4ccc5c(ccc6c7ccc-2cc7ccc56)c4)c3)c1'), min:(-1.0, 'C=CC=Cc1ccc(-c2ccc(-c3cc4ccc5cc4c(c3)c3cc4c(ccc6c7ccc5cc7ccc46)cc3-c3ccc4c(ccc5c6ccccc6ccc45)c3)c(C=C)c2)cc1C=C')
[28.850374460220337] Updated in round 118! max:(0.9811320754716981, 'C=Cc1cc2ccc1-c1ccc3cc(ccc3c1)-c1ccc3c(ccc4c5ccc(cc5ccc34)-c3ccc4c(ccc5c6ccc(cc6ccc45)-c4ccc5c(ccc6c7ccc-2cc7ccc56)c4)c3)c1'), min:(-1.0, 'C=CC=Cc1ccc(-c2cc(C=C)c3cc2c2cc(-c4ccc5c(ccc6c7ccccc7ccc56)c4)cc4ccc5c6ccc(cc6ccc5c42)c2ccc4cc3ccc4c2)cc1C=C')
[29.56785535812378] Updated in round 119! max:(0.9811320754716981, 'C=Cc1cc2ccc1-c1ccc3cc(ccc3c1)-c1ccc3c(ccc4c5ccc(cc5ccc34)-c3ccc4c(ccc5c6ccc(cc6ccc45)-c4ccc5c(ccc6c7ccc-2cc7ccc56)c4)c3)c1'), min:(-1.0, 'C=CC=Cc1ccc(-c2ccc(-c3ccc4cc(-c5ccc6c(c5)c5cc7c8ccc(cc8ccc76)c6ccc7c(ccc8c9ccc5cc9ccc78)c6)ccc4c3)c(C=C)c2)cc1C=C')
[29.627366065979004] Updated in round 120! max:(0.9811320754716981, 'C=Cc1cc2ccc1-c1ccc3cc(ccc3c1)-c1ccc3c(ccc4c5ccc(cc5ccc34)-c3ccc4c(ccc5c6ccc(cc6ccc45)-c4ccc5c(ccc6c7ccc-2cc7ccc56)c4)c3)c1'), min:(-1.0, 'C=CC=Cc1ccc(-c2ccc(-c3ccc4cc(-c5ccc6c(ccc7c8ccc(-c9ccc%10c(ccc%11c%12cccc%13ccc(cc%13%12)c%10%11)c9)cc8ccc67)c5)ccc4c3)c(C=C)c2)cc1C=C')
[30.526692152023315] Updated in round 121! max:(0.9811320754716981, 'C=Cc1cc2ccc1-c1ccc3cc(ccc3c1)-c1ccc3c(ccc4c5ccc(cc5ccc34)-c3ccc4c(ccc5c6ccc(cc6ccc45)-c4ccc5c(ccc6c7ccc-2cc7ccc56)c4)c3)c1'), min:(-1.0, 'C=CC=Cc1ccc(-c2ccc(-c3ccc4cc(-c5ccc6c(ccc7c6ccc6c8c(-c9ccc%10c(ccc%11c%12ccccc%12ccc%10%11)c9)cc-8c67)c5)ccc4c3)c(C=C)c2)cc1C=C')
[31.068464517593384] Updated in round 122! max:(0.9811320754716981, 'C=Cc1cc2ccc1-c1ccc3cc(ccc3c1)-c1ccc3c(ccc4c5ccc(cc5ccc34)-c3ccc4c(ccc5c6ccc(cc6ccc45)-c4ccc5c(ccc6c7ccc-2cc7ccc56)c4)c3)c1'), min:(-1.0, 'C=CC=Cc1ccc(-c2ccc(-c3ccc4cc5c(cc4c3)-c3c(-c4ccc6c(ccc7c8ccccc8ccc67)c4)ccc4c3ccc3c6ccc-5cc6ccc43)c(C=C)c2)cc1')
[31.425275802612305] Updated in round 123! max:(0.9811320754716981, 'C=Cc1cc2ccc1-c1ccc3cc(ccc3c1)-c1ccc3c(ccc4c5ccc(cc5ccc34)-c3ccc4c(ccc5c6ccc(cc6ccc45)-c4ccc5c(ccc6c7ccc-2cc7ccc56)c4)c3)c1'), min:(-1.0, 'C=CC=Cc1ccc2c(c1)-c1cccc3c1ccc1c4ccc(cc4ccc31)-c1ccc3c(ccc4c5ccc(cc5ccc34)-c3ccc4cc(ccc4c3)-c3ccc-2cc3C=C)c1')
[31.68080711364746] Reproduced in round 124!!
