[6.246566772460938e-05]Start running EvoMol from [H][H]...
[0.036701202392578125] Updated in round 1! max:(0.02702702702702703, 'C=C'), min:(-99999, '')
[0.07362031936645508] Updated in round 2! max:(0.05405405405405406, 'C=CC=C'), min:(-99999, '')
[0.1336679458618164] Updated in round 3! max:(0.08108108108108109, 'C=CC=CC=C'), min:(-99999, '')
[0.21730875968933105] Updated in round 4! max:(0.10810810810810811, 'C=CC=CC=CC=C'), min:(-99999, '')
[0.24181199073791504] Updated in round 5! max:(0.10810810810810811, 'C=CC=CC=CC=C'), min:(-99999, '')
[0.37818026542663574] Updated in round 6! max:(0.13513513513513514, 'C=c1ccccc1=C'), min:(-99999, '')
[0.4026510715484619] Updated in round 7! max:(0.16216216216216217, 'C=Cc1ccc(=C)c(=C)c1'), min:(-99999, '')
[0.40839529037475586] Updated in round 8! max:(0.1891891891891892, 'C=CC=c1ccc(C=C)cc1=C'), min:(-99999, '')
[0.4157285690307617] Updated in round 9! max:(0.1891891891891892, 'C=CC=c1ccc(C=C)cc1=C'), min:(-99999, '')
[0.4174964427947998] Updated in round 10! max:(0.21621621621621623, 'C=CC=c1ccc(C=C)cc1=CC=C'), min:(-99999, '')
[0.42830967903137207] Updated in round 11! max:(0.24324324324324326, 'C=CC=c1cc(C=C)c(C=C)cc1=CC=C'), min:(-99999, '')
[0.4407331943511963] Updated in round 12! max:(0.2702702702702703, 'C=CC=Cc1cc(=CC=C)c(=CC=C)cc1C=C'), min:(-99999, '')
[0.4569711685180664] Updated in round 13! max:(0.2702702702702703, 'C=CC=Cc1cc(=CC=C)c(=CC=C)cc1C=C'), min:(-99999, '')
[0.4590151309967041] Updated in round 14! max:(0.2702702702702703, 'C=CC=Cc1cc(=CC=C)c(=CC=C)cc1C=C'), min:(-99999, '')
[0.4775581359863281] Updated in round 15! max:(0.2702702702702703, 'C=CC=Cc1cc(=CC=C)c(=CC=C)cc1C=C'), min:(-99999, '')
[0.479766845703125] Updated in round 16! max:(0.2702702702702703, 'C=CC=Cc1cc(=CC=C)c(=CC=C)cc1C=C'), min:(-99999, '')
[0.48238515853881836] Updated in round 17! max:(0.2972972972972973, 'C=CC=CC=Cc1cc(=CC=C)c(=CC=C)cc1C=C'), min:(-99999, '')
[0.5043997764587402] Updated in round 18! max:(0.2972972972972973, 'C=CC=CC=Cc1cc(=CC=C)c(=CC=C)cc1C=C'), min:(-99999, '')
[0.5070140361785889] Updated in round 19! max:(0.2972972972972973, 'C=CC=CC=Cc1cc(=CC=C)c(=CC=C)cc1C=C'), min:(-99999, '')
[0.5098133087158203] Updated in round 20! max:(0.32432432432432434, 'C=CC=CC=Cc1cc(=CC=C)c(=CC=C)cc1C=CC=C'), min:(-99999, '')
[0.5377540588378906] Updated in round 21! max:(0.32432432432432434, 'C=CC=CC=Cc1cc(=CC=C)c(=CC=C)cc1C=CC=C'), min:(-99999, '')
[0.541480541229248] Updated in round 22! max:(0.32432432432432434, 'C=CC=CC=Cc1cc(=CC=C)c(=CC=C)cc1C=CC=C'), min:(-99999, '')
[0.5458142757415771] Updated in round 23! max:(0.35135135135135137, 'C=CC=CC=Cc1cc2cc(=C)c(=C)cc2cc1C=CC=C'), min:(-99999, '')
[0.5715024471282959] Updated in round 24! max:(0.35135135135135137, 'C=CC=CC=Cc1cc2cc(=C)c(=C)cc2cc1C=CC=C'), min:(-99999, '')
[0.5757694244384766] Updated in round 25! max:(0.3783783783783784, 'C=CC=CC=Cc1cc2cc(=CC=C)c(=C)cc2cc1C=CC=C'), min:(-99999, '')
[0.6099143028259277] Updated in round 26! max:(0.40540540540540543, 'C=CC=CC=Cc1cc2cc(=CC(=C)C=C)c(=C)cc2cc1C=CC=C'), min:(-99999, '')
[0.6480715274810791] Updated in round 27! max:(0.40540540540540543, 'C=CC=CC=Cc1cc2cc(=CC(=C)C=C)c(=C)cc2cc1C=CC=C'), min:(-99999, '')
[0.6522228717803955] Updated in round 28! max:(0.40540540540540543, 'C=CC=CC=Cc1cc2cc(=CC(=C)C=C)c(=C)cc2cc1C=CC=C'), min:(-99999, '')
[0.6563310623168945] Updated in round 29! max:(0.40540540540540543, 'C=CC=CC=Cc1cc2cc(=CC(=C)C=C)c(=C)cc2cc1C=CC=C'), min:(-99999, '')
[0.6601665019989014] Updated in round 30! max:(0.40540540540540543, 'C=CC=CC=Cc1cc2cc(=CC(=C)C=C)c(=C)cc2cc1C=CC=C'), min:(-99999, '')
[0.6638753414154053] Updated in round 31! max:(0.40540540540540543, 'C=CC=CC=Cc1cc2cc(=CC(=C)C=C)c(=C)cc2cc1C=CC=C'), min:(-99999, '')
[0.6680045127868652] Updated in round 32! max:(0.40540540540540543, 'C=CC=CC=Cc1cc2cc(=CC(=C)C=C)c(=C)cc2cc1C=CC=C'), min:(-99999, '')
[0.6719634532928467] Updated in round 33! max:(0.40540540540540543, 'C=CC=CC=Cc1cc2cc(=CC(=C)C=C)c(=C)cc2cc1C=CC=C'), min:(-99999, '')
[0.6757473945617676] Updated in round 34! max:(0.40540540540540543, 'C=CC=CC=Cc1cc2cc(=CC(=C)C=C)c(=C)cc2cc1C=CC=C'), min:(-99999, '')
[0.6791176795959473] Updated in round 35! max:(0.40540540540540543, 'C=CC=CC=Cc1cc2cc(=CC(=C)C=C)c(=C)cc2cc1C=CC=C'), min:(-99999, '')
[0.6832001209259033] Updated in round 36! max:(0.43243243243243246, 'C=CC(=C)C=c1cc2cc3cccc(C=C)ccccc3cc2cc1=C'), min:(-99999, '')
[0.7220830917358398] Updated in round 37! max:(0.43243243243243246, 'C=CC(=C)C=c1cc2cc3cccc(C=C)ccccc3cc2cc1=C'), min:(-99999, '')
[0.7254965305328369] Updated in round 38! max:(0.43243243243243246, 'C=CC(=C)C=c1cc2cc3cccc(C=C)ccccc3cc2cc1=C'), min:(-99999, '')
[0.7433114051818848] Updated in round 39! max:(0.43243243243243246, 'C=CC(=C)C=c1cc2cc3cccc(C=C)ccccc3cc2cc1=C'), min:(-99999, '')
[0.7467043399810791] Updated in round 40! max:(0.43243243243243246, 'C=CC(=C)C=c1cc2cc3cccc(C=C)ccccc3cc2cc1=C'), min:(-99999, '')
[0.7504539489746094] Updated in round 41! max:(0.4594594594594595, 'C=CC=C(C=C)C=c1cc2cc3cccc(C=C)ccccc3cc2cc1=C'), min:(-99999, '')
[0.7990610599517822] Updated in round 42! max:(0.4594594594594595, 'C=CC=C(C=C)C=c1cc2cc3cccc(C=C)ccccc3cc2cc1=C'), min:(-99999, '')
[0.8171417713165283] Updated in round 43! max:(0.4594594594594595, 'C=CC=C(C=C)C=c1cc2cc3cccc(C=C)ccccc3cc2cc1=C'), min:(-99999, '')
[0.8207411766052246] Updated in round 44! max:(0.4594594594594595, 'C=CC=C(C=C)C=c1cc2cc3cccc(C=C)ccccc3cc2cc1=C'), min:(-99999, '')
[0.8261570930480957] Updated in round 45! max:(0.4864864864864865, 'C=CC=C(C=C)C=c1cc2cc3cc4cc(C=C)ccc4cc3cc2cc1=C'), min:(-99999, '')
[0.884009838104248] Updated in round 46! max:(0.4864864864864865, 'C=CC=C(C=C)C=c1cc2cc3cc4cc(C=C)ccc4cc3cc2cc1=C'), min:(-99999, '')
[0.8883285522460938] Updated in round 47! max:(0.5135135135135135, 'C=CC=CC(=CC=C)C=c1cc2cc3cc4cc(C=C)ccc4cc3cc2cc1=C'), min:(-99999, '')
[0.9433345794677734] Updated in round 48! max:(0.5405405405405406, 'C=CC=CC(=CC=C)C=c1cc2cc3cc4cc(C=C)c(C=C)cc4cc3cc2cc1=C'), min:(-99999, '')
[1.0048503875732422] Updated in round 49! max:(0.5675675675675675, 'C=Cc1cc2cc3cc4cc(=C)c(=Cc5ccc(=C)c(=C)c5)cc4cc3cc2cc1C=C'), min:(-99999, '')
[1.062551498413086] Updated in round 50! max:(0.5675675675675675, 'C=Cc1cc2cc3cc4cc(=C)c(=Cc5ccc(=C)c(=C)c5)cc4cc3cc2cc1C=C'), min:(-99999, '')
[1.0662667751312256] Updated in round 51! max:(0.5675675675675675, 'C=Cc1cc2cc3cc4cc(=C)c(=Cc5ccc(=C)c(=C)c5)cc4cc3cc2cc1C=C'), min:(-99999, '')
[1.0696196556091309] Updated in round 52! max:(0.5675675675675675, 'C=Cc1cc2cc3cc4cc(=C)c(=Cc5ccc(=C)c(=C)c5)cc4cc3cc2cc1C=C'), min:(-99999, '')
[1.0729923248291016] Updated in round 53! max:(0.5675675675675675, 'C=Cc1cc2cc3cc4cc(=C)c(=Cc5ccc(=C)c(=C)c5)cc4cc3cc2cc1C=C'), min:(-99999, '')
[1.0764176845550537] Updated in round 54! max:(0.5675675675675675, 'C=Cc1cc2cc3cc4cc(=C)c(=Cc5ccc(=C)c(=C)c5)cc4cc3cc2cc1C=C'), min:(-99999, '')
[1.0936923027038574] Updated in round 55! max:(0.5945945945945946, 'C=Cc1cc2cc3cc4cc5cc6cc(=C)c(=C)cc6cc5cc4cc3cc2cc1C=C'), min:(-99999, '')
[1.152092456817627] Updated in round 56! max:(0.5945945945945946, 'C=Cc1cc2cc3cc4cc5cc6cc(=C)c(=C)cc6cc5cc4cc3cc2cc1C=C'), min:(-99999, '')
[1.1556191444396973] Updated in round 57! max:(0.5945945945945946, 'C=Cc1cc2cc3cc4cc5cc6cc(=C)c(=C)cc6cc5cc4cc3cc2cc1C=C'), min:(-99999, '')
[1.1589221954345703] Updated in round 58! max:(0.5945945945945946, 'C=Cc1cc2cc3cc4cc5cc6cc(=C)c(=C)cc6cc5cc4cc3cc2cc1C=C'), min:(-99999, '')
[1.162557601928711] Updated in round 59! max:(0.5945945945945946, 'C=Cc1cc2cc3cc4cc5cc6cc(=C)c(=C)cc6cc5cc4cc3cc2cc1C=C'), min:(-99999, '')
[1.1659388542175293] Updated in round 60! max:(0.5945945945945946, 'C=Cc1cc2cc3cc4cc5cc6cc(=C)c(=C)cc6cc5cc4cc3cc2cc1C=C'), min:(-99999, '')
[1.1696546077728271] Updated in round 61! max:(0.5945945945945946, 'C=Cc1cc2cc3cc4cc5cc6cc(=C)c(=C)cc6cc5cc4cc3cc2cc1C=C'), min:(-99999, '')
[1.1740851402282715] Updated in round 62! max:(0.6216216216216216, 'C=CC=Cc1cc2cc3cc4cc5cc6cc(=C)c(=C)cc6cc5cc4cc3cc2cc1C=C'), min:(-99999, '')
[1.2458786964416504] Updated in round 63! max:(0.6216216216216216, 'C=CC=Cc1cc2cc3cc4cc5cc6cc(=C)c(=C)cc6cc5cc4cc3cc2cc1C=C'), min:(-99999, '')
[1.2502360343933105] Updated in round 64! max:(0.6216216216216216, 'C=CC=Cc1cc2cc3cc4cc5cc6cc(=C)c(=C)cc6cc5cc4cc3cc2cc1C=C'), min:(-99999, '')
[1.2611148357391357] Updated in round 65! max:(0.6216216216216216, 'C=CC=Cc1cc2cc3cc4cc5cc6cc(=C)c(=C)cc6cc5cc4cc3cc2cc1C=C'), min:(-99999, '')
[1.265364170074463] Updated in round 66! max:(0.6216216216216216, 'C=CC=Cc1cc2cc3cc4cc5cc6cc(=C)c(=C)cc6cc5cc4cc3cc2cc1C=C'), min:(-99999, '')
[1.270819902420044] Updated in round 67! max:(0.6486486486486487, 'C=CC=Cc1cc2cc3cc4cc5cc6cc(=C)c(=C)cc6cc5cc4cc3cc2cc1C=CC=C'), min:(-99999, '')
[1.358140468597412] Updated in round 68! max:(0.6486486486486487, 'C=CC=Cc1cc2cc3cc4cc5cc6cc(=C)c(=C)cc6cc5cc4cc3cc2cc1C=CC=C'), min:(-99999, '')
[1.3635375499725342] Updated in round 69! max:(0.6486486486486487, 'C=CC=Cc1cc2cc3cc4cc5cc6cc(=C)c(=C)cc6cc5cc4cc3cc2cc1C=CC=C'), min:(-99999, '')
[1.367765188217163] Updated in round 70! max:(0.6486486486486487, 'C=CC=Cc1cc2cc3cc4cc5cc6cc(=C)c(=C)cc6cc5cc4cc3cc2cc1C=CC=C'), min:(-99999, '')
[1.372431755065918] Updated in round 71! max:(0.6486486486486487, 'C=CC=Cc1cc2cc3cc4cc5cc6cc(=C)c(=C)cc6cc5cc4cc3cc2cc1C=CC=C'), min:(-99999, '')
[1.384434700012207] Updated in round 72! max:(0.6756756756756757, 'C=c1cc2cc3cc4cc5cc6cc7ccccccccc7cc6cc5cc4cc3cc2cc1=C'), min:(-99999, '')
[1.4865658283233643] Updated in round 73! max:(0.6756756756756757, 'C=c1cc2cc3cc4cc5cc6cc7ccccccccc7cc6cc5cc4cc3cc2cc1=C'), min:(-99999, '')
[1.490844964981079] Updated in round 74! max:(0.6756756756756757, 'C=c1cc2cc3cc4cc5cc6cc7ccccccccc7cc6cc5cc4cc3cc2cc1=C'), min:(-99999, '')
[1.495116949081421] Updated in round 75! max:(0.6756756756756757, 'C=c1cc2cc3cc4cc5cc6cc7ccccccccc7cc6cc5cc4cc3cc2cc1=C'), min:(-99999, '')
[1.4999001026153564] Updated in round 76! max:(0.6756756756756757, 'C=c1cc2cc3cc4cc5cc6cc7ccccccccc7cc6cc5cc4cc3cc2cc1=C'), min:(-99999, '')
[1.5050694942474365] Updated in round 77! max:(0.6756756756756757, 'C=c1cc2cc3cc4cc5cc6cc7ccccccccc7cc6cc5cc4cc3cc2cc1=C'), min:(-99999, '')
[1.5099008083343506] Updated in round 78! max:(0.6756756756756757, 'C=c1cc2cc3cc4cc5cc6cc7ccccccccc7cc6cc5cc4cc3cc2cc1=C'), min:(-99999, '')
[1.5149810314178467] Updated in round 79! max:(0.6756756756756757, 'C=c1cc2cc3cc4cc5cc6cc7ccccccccc7cc6cc5cc4cc3cc2cc1=C'), min:(-99999, '')
[1.5198290348052979] Updated in round 80! max:(0.6756756756756757, 'C=c1cc2cc3cc4cc5cc6cc7ccccccccc7cc6cc5cc4cc3cc2cc1=C'), min:(-99999, '')
[1.5374681949615479] Updated in round 81! max:(0.6756756756756757, 'C=c1cc2cc3cc4cc5cc6cc7ccccccccc7cc6cc5cc4cc3cc2cc1=C'), min:(-99999, '')
[1.5423259735107422] Updated in round 82! max:(0.7027027027027027, 'C=CC=c1cc2cc3cc4cc5cc6cc7ccccccccc7cc6cc5cc4cc3cc2cc1=C'), min:(-99999, '')
[1.6564977169036865] Updated in round 83! max:(0.7297297297297297, 'C=CC=CC=c1cc2cc3cc4cc5cc6cc7ccccccccc7cc6cc5cc4cc3cc2cc1=C'), min:(-99999, '')
[1.7928166389465332] Updated in round 84! max:(0.7297297297297297, 'C=CC=CC=c1cc2cc3cc4cc5cc6cc7ccccccccc7cc6cc5cc4cc3cc2cc1=C'), min:(-99999, '')
[1.8003933429718018] Updated in round 85! max:(0.7297297297297297, 'C=CC=CC=c1cc2cc3cc4cc5cc6cc7ccccccccc7cc6cc5cc4cc3cc2cc1=C'), min:(-99999, '')
[1.8070266246795654] Updated in round 86! max:(0.7567567567567568, 'C=CC=CC=c1cc2cc3cc4cc5cc6cc7cc8ccccc8cc7cc6cc5cc4cc3cc2cc1=C'), min:(-99999, '')
[1.9351322650909424] Updated in round 87! max:(0.7567567567567568, 'C=CC=CC=c1cc2cc3cc4cc5cc6cc7cc8ccccc8cc7cc6cc5cc4cc3cc2cc1=C'), min:(-99999, '')
[1.9540002346038818] Updated in round 88! max:(0.7567567567567568, 'C=CC=CC=c1cc2cc3cc4cc5cc6cc7cc8ccccc8cc7cc6cc5cc4cc3cc2cc1=C'), min:(-99999, '')
[1.9614109992980957] Updated in round 89! max:(0.7567567567567568, 'C=CC=CC=c1cc2cc3cc4cc5cc6cc7cc8ccccc8cc7cc6cc5cc4cc3cc2cc1=C'), min:(-99999, '')
[1.9676446914672852] Updated in round 90! max:(0.7837837837837838, 'C=CC=CC=c1cc2cc3cc4cc5cc6cc7cc8cc(C=C)ccc8cc7cc6cc5cc4cc3cc2cc1=C'), min:(-99999, '')
[2.1084940433502197] Updated in round 91! max:(0.7837837837837838, 'C=CC=CC=c1cc2cc3cc4cc5cc6cc7cc8cc(C=C)ccc8cc7cc6cc5cc4cc3cc2cc1=C'), min:(-99999, '')
[2.115020751953125] Updated in round 92! max:(0.7837837837837838, 'C=CC=CC=c1cc2cc3cc4cc5cc6cc7cc8cc(C=C)ccc8cc7cc6cc5cc4cc3cc2cc1=C'), min:(-99999, '')
[2.1217446327209473] Updated in round 93! max:(0.7837837837837838, 'C=CC=CC=c1cc2cc3cc4cc5cc6cc7cc8cc(C=C)ccc8cc7cc6cc5cc4cc3cc2cc1=C'), min:(-99999, '')
[2.129086494445801] Updated in round 94! max:(0.8108108108108109, 'C=CC=CC=c1cc2cc3cc4cc5cc6cc7cc8cc(C=C)c(C=C)cc8cc7cc6cc5cc4cc3cc2cc1=C'), min:(-99999, '')
[2.2849984169006348] Updated in round 95! max:(0.8378378378378378, 'C=CC=CC=c1cc2cc3cc4cc5cc6cc7cc8cc(C=C)c(C=CC=C)cc8cc7cc6cc5cc4cc3cc2cc1=C'), min:(-99999, '')
[2.465029239654541] Updated in round 96! max:(0.8378378378378378, 'C=CC=CC=c1cc2cc3cc4cc5cc6cc7cc8cc(C=C)c(C=CC=C)cc8cc7cc6cc5cc4cc3cc2cc1=C'), min:(-99999, '')
[2.47217059135437] Updated in round 97! max:(0.8378378378378378, 'C=CC=CC=c1cc2cc3cc4cc5cc6cc7cc8cc(C=C)c(C=CC=C)cc8cc7cc6cc5cc4cc3cc2cc1=C'), min:(-99999, '')
[2.478602409362793] Updated in round 98! max:(0.8378378378378378, 'C=CC=CC=c1cc2cc3cc4cc5cc6cc7cc8cc(C=C)c(C=CC=C)cc8cc7cc6cc5cc4cc3cc2cc1=C'), min:(-99999, '')
[2.4854636192321777] Updated in round 99! max:(0.8378378378378378, 'C=CC=CC=c1cc2cc3cc4cc5cc6cc7cc8cc(C=C)c(C=CC=C)cc8cc7cc6cc5cc4cc3cc2cc1=C'), min:(-99999, '')
[2.4921038150787354] Updated in round 100! max:(0.8648648648648649, 'C=Cc1cc2cc3cc4cc5cc6cc7cc8cc9cccc(=C)ccccc1cc2cc3cc4cc5cc6cc7cc8cc9=C'), min:(-99999, '')
[2.9685394763946533] Updated in round 101! max:(0.8918918918918919, 'C=c1cc2cc3cc4cc5cc6cc7cc8cc9ccccc%10cccc9cc8cc7cc6cc5cc4cc3cc2cc1=CC=C%10'), min:(-1.0, 'C=Cc1cc2cc3c4cc2cc1ccccc(=C)c1ccc2cc5cc6cc7cc8cc(c(cc8cc7cc6cc5cc2=C)c4)c13')
[4.106905460357666] Updated in round 102! max:(0.8918918918918919, 'C=c1cc2cc3cc4cc5cc6cc7cc8cc9ccccc%10cccc9cc8cc7cc6cc5cc4cc3cc2cc1=CC=C%10'), min:(-1.0, 'C=CC=CC=c1cc2cc3cc4cc5c(cc4cc3cc2cc1=C)cc1cc2cc3cc4c(C=C)cc3cc2cc1c5c4=CC=C')
[7.197517156600952] Updated in round 103! max:(0.918918918918919, 'C=CC1=Cc2ccccc3cc4cc5cc6cc7cc8cc9cc%10cc(=C)c(cc%10cc9cc8cc7cc6cc5cc4cc3ccc2)=C1'), min:(-1.0, 'C=CC=CC=c1cc2cc3cc4c5ccc(c4cc3cc2cc1=C)c1cc2cc3cc4cc(C=CC=C)c(C=C)cc4cc3cc2cc51')
[8.874303340911865] Updated in round 104! max:(0.918918918918919, 'C=CC1=Cc2ccccc3cc4cc5cc6cc7cc8cc9cc%10cc(=C)c(cc%10cc9cc8cc7cc6cc5cc4cc3ccc2)=C1'), min:(-1.0, 'C=CC=CC=c1cc2cc3c(cc2cc1=C)cc1cc2cc4cc5cc6cc7cc(C=C)c3c1cc2cc4cc5cc6cc7C=C')
[10.955929279327393] Updated in round 105! max:(0.9459459459459459, 'C=c1cccc2cc3cc4cc5cc6cc7cc8cc9cc%10ccc%11cc%10cc9cc8cc7cc6cc5cc4cc3cc2cccc1=C%11'), min:(-1.0, 'C=CC=CC=c1cc2cc3cc4cc5c6cc4cc3cc2c(c1=C)c5c1cc2cc3cc(C=C)c(C=CC=C)cc3cc2cc1c6')
[14.240852117538452] Updated in round 106! max:(0.972972972972973, 'C=c1cc2cc3cc4cc5cc6cc7cc8cc9cc%10cc%11ccc%12cc%11cc%10cc9cc8cc7cc6cc5cc4cc3cc2cc1=C%12'), min:(-1.0, 'C=CC=CC=c1cc2c(cc1=C)cc1cc3cc4cc5cc6cc7c8cc(C=C)c(C=C)c7c2c1cc3cc4cc5cc6c8')
[18.678632259368896] Updated in round 107! max:(0.972972972972973, 'C=c1cc2cc3cc4cc5cc6cc7cc8cc9cc%10cc%11ccc%12cc%11cc%10cc9cc8cc7cc6cc5cc4cc3cc2cc1=C%12'), min:(-1.0, 'C=CC=CC=c1cc2cc3cc4cc5cc6cc7cc8c(-c9ccccc9)c(C=C)ccc8cc7cc6cc5cc4cc3cc2cc1=C')
[18.946473360061646] Reproduced in round 108!!
