[6.628036499023438e-05]Start running EvoMol from [H][H]...
[0.001710653305053711] Updated in round 1! max:(0.08163265306122448, 'c1ccccc1'), min:(-99999, '')
[0.009464740753173828] Updated in round 2! max:(0.16326530612244897, 'c1ccc(-c2ccccc2)cc1'), min:(-99999, '')
[0.028603076934814453] Updated in round 3! max:(0.1836734693877551, 'C=Cc1cccc(-c2ccccc2)c1'), min:(-99999, '')
[0.05014657974243164] Updated in round 4! max:(0.20408163265306123, 'C=Cc1cccc(-c2ccccc2)c1C=C'), min:(-99999, '')
[0.07509398460388184] Updated in round 5! max:(0.2857142857142857, 'C=Cc1cccc(-c2ccccc2)c1C(=C)c1ccccc1'), min:(-99999, '')
[0.12417364120483398] Updated in round 6! max:(0.3469387755102041, 'C=Cc1cccc(-c2ccccc2)c1C(=C)c1cccc2ccccc12'), min:(-99999, '')
[0.19258832931518555] Updated in round 7! max:(0.40816326530612246, 'C=Cc1cccc(-c2cccc3ccccc23)c1C(=C)c1cccc2ccccc12'), min:(-99999, '')
[0.28388404846191406] Updated in round 8! max:(0.42857142857142855, 'C=Cc1ccc(C=C)c(-c2cccc3ccccc23)c1C(=C)c1cccc2ccccc12'), min:(-99999, '')
[0.3839864730834961] Updated in round 9! max:(0.42857142857142855, 'C=Cc1ccc(C=C)c(-c2cccc3ccccc23)c1C(=C)c1cccc2ccccc12'), min:(-99999, '')
[0.3898158073425293] Updated in round 10! max:(0.42857142857142855, 'C=Cc1ccc(C=C)c(-c2cccc3ccccc23)c1C(=C)c1cccc2ccccc12'), min:(-99999, '')
[0.39572954177856445] Updated in round 11! max:(0.42857142857142855, 'C=Cc1ccc(C=C)c(-c2cccc3ccccc23)c1C(=C)c1cccc2ccccc12'), min:(-99999, '')
[0.4042389392852783] Updated in round 12! max:(0.4897959183673469, 'C=Cc1ccc(C=C)c(-c2cccc3ccc4ccccc4c23)c1C(=C)c1cccc2ccccc12'), min:(-99999, '')
[0.5408933162689209] Updated in round 13! max:(0.5510204081632653, 'C=Cc1ccc(C=C)c(-c2cccc3ccc4ccc5ccccc5c4c23)c1C(=C)c1cccc2ccccc12'), min:(-99999, '')
[0.7121350765228271] Updated in round 14! max:(0.5510204081632653, 'C=Cc1ccc(C=C)c(-c2cccc3ccc4ccc5ccccc5c4c23)c1C(=C)c1cccc2ccccc12'), min:(-99999, '')
[0.7241098880767822] Updated in round 15! max:(0.5510204081632653, 'C=Cc1ccc(C=C)c(-c2cccc3ccc4ccc5ccccc5c4c23)c1C(=C)c1cccc2ccccc12'), min:(-99999, '')
[0.735903263092041] Updated in round 16! max:(0.5510204081632653, 'C=Cc1ccc(C=C)c(-c2cccc3ccc4ccc5ccccc5c4c23)c1C(=C)c1cccc2ccccc12'), min:(-99999, '')
[0.744168758392334] Updated in round 17! max:(0.5510204081632653, 'C=Cc1ccc(C=C)c(-c2cccc3ccc4ccc5ccccc5c4c23)c1C(=C)c1cccc2ccccc12'), min:(-99999, '')
[0.7580838203430176] Updated in round 18! max:(0.5714285714285714, 'C=Cc1ccc(C=C)c(-c2cccc3ccc4ccc5ccccc5c4c23)c1C(=C)c1c(C=C)ccc2ccccc12'), min:(-99999, '')
[0.9491791725158691] Updated in round 19! max:(0.5714285714285714, 'C=Cc1ccc(C=C)c(-c2cccc3ccc4ccc5ccccc5c4c23)c1C(=C)c1c(C=C)ccc2ccccc12'), min:(-99999, '')
[0.9612092971801758] Updated in round 20! max:(0.5918367346938775, 'C=Cc1ccc(C=C)c(-c2cccc3ccc4ccc5ccccc5c4c23)c1-c1cccc2ccc3ccccc3c12'), min:(-99999, '')
[1.1619277000427246] Updated in round 21! max:(0.5918367346938775, 'C=Cc1ccc(C=C)c(-c2cccc3ccc4ccc5ccccc5c4c23)c1-c1cccc2ccc3ccccc3c12'), min:(-99999, '')
[1.171220302581787] Updated in round 22! max:(0.5918367346938775, 'C=Cc1ccc(C=C)c(-c2cccc3ccc4ccc5ccccc5c4c23)c1-c1cccc2ccc3ccccc3c12'), min:(-99999, '')
[1.1828489303588867] Updated in round 23! max:(0.5918367346938775, 'C=Cc1ccc(C=C)c(-c2cccc3ccc4ccc5ccccc5c4c23)c1-c1cccc2ccc3ccccc3c12'), min:(-99999, '')
[1.1946048736572266] Updated in round 24! max:(0.673469387755102, 'C=Cc1ccc(C=C)c(-c2cccc3ccc4ccc5ccccc5c4c23)c1-c1cccc2ccc3cccc(-c4ccccc4)c3c12'), min:(-99999, '')
[1.4835519790649414] Updated in round 25! max:(0.6938775510204082, 'C=Cc1ccc(C=C)c(-c2cccc3ccc4ccc5cccc(C=C)c5c4c23)c1-c1cccc2ccc3cccc(-c4ccccc4)c3c12'), min:(-99999, '')
[1.7866270542144775] Updated in round 26! max:(0.6938775510204082, 'C=Cc1ccc(C=C)c(-c2cccc3ccc4ccc5cccc(C=C)c5c4c23)c1-c1cccc2ccc3cccc(-c4ccccc4)c3c12'), min:(-99999, '')
[1.8017091751098633] Updated in round 27! max:(0.6938775510204082, 'C=Cc1ccc(C=C)c(-c2cccc3ccc4ccc5cccc(C=C)c5c4c23)c1-c1cccc2ccc3cccc(-c4ccccc4)c3c12'), min:(-99999, '')
[1.8104908466339111] Updated in round 28! max:(0.6938775510204082, 'C=Cc1ccc(C=C)c(-c2cccc3ccc4ccc5cccc(C=C)c5c4c23)c1-c1cccc2ccc3cccc(-c4ccccc4)c3c12'), min:(-99999, '')
[1.8249058723449707] Updated in round 29! max:(0.6938775510204082, 'C=Cc1ccc(C=C)c(-c2cccc3ccc4ccc5cccc(C=C)c5c4c23)c1-c1cccc2ccc3cccc(-c4ccccc4)c3c12'), min:(-99999, '')
[1.8419666290283203] Updated in round 30! max:(0.6938775510204082, 'C=Cc1ccc(C=C)c(-c2cccc3ccc4ccc5cccc(C=C)c5c4c23)c1-c1cccc2ccc3cccc(-c4ccccc4)c3c12'), min:(-99999, '')
[1.856900691986084] Updated in round 31! max:(0.6938775510204082, 'C=Cc1ccc(C=C)c(-c2cccc3ccc4ccc5cccc(C=C)c5c4c23)c1-c1cccc2ccc3cccc(-c4ccccc4)c3c12'), min:(-99999, '')
[1.8749592304229736] Updated in round 32! max:(0.6938775510204082, 'C=Cc1ccc(C=C)c(-c2cccc3ccc4ccc5cccc(C=C)c5c4c23)c1-c1cccc2ccc3cccc(-c4ccccc4)c3c12'), min:(-99999, '')
[1.9012761116027832] Updated in round 33! max:(0.7142857142857143, 'C=CC=Cc1cccc2ccc3ccc4cccc(-c5c(C=C)ccc(C=C)c5-c5cccc6ccc7cccc(-c8ccccc8)c7c56)c4c3c12'), min:(-99999, '')
[2.2474539279937744] Updated in round 34! max:(0.7142857142857143, 'C=CC=Cc1cccc2ccc3ccc4cccc(-c5c(C=C)ccc(C=C)c5-c5cccc6ccc7cccc(-c8ccccc8)c7c56)c4c3c12'), min:(-99999, '')
[2.268622398376465] Updated in round 35! max:(0.7142857142857143, 'C=CC=Cc1cccc2ccc3ccc4cccc(-c5c(C=C)ccc(C=C)c5-c5cccc6ccc7cccc(-c8ccccc8)c7c56)c4c3c12'), min:(-99999, '')
[2.293200969696045] Updated in round 36! max:(0.7551020408163265, 'C=Cc1ccc(C=C)c(-c2cccc3ccc4ccc5cccc(-c6ccccc6)c5c4c23)c1-c1cccc2ccc3cccc(-c4ccccc4)c3c12'), min:(-99999, '')
[2.685068130493164] Updated in round 37! max:(0.7551020408163265, 'C=Cc1ccc(C=C)c(-c2cccc3ccc4ccc5cccc(-c6ccccc6)c5c4c23)c1-c1cccc2ccc3cccc(-c4ccccc4)c3c12'), min:(-99999, '')
[2.702274799346924] Updated in round 38! max:(0.7551020408163265, 'C=Cc1ccc(C=C)c(-c2cccc3ccc4ccc5cccc(-c6ccccc6)c5c4c23)c1-c1cccc2ccc3cccc(-c4ccccc4)c3c12'), min:(-99999, '')
[2.7177886962890625] Updated in round 39! max:(0.7551020408163265, 'C=Cc1ccc(C=C)c(-c2cccc3ccc4ccc5cccc(-c6ccccc6)c5c4c23)c1-c1cccc2ccc3cccc(-c4ccccc4)c3c12'), min:(-99999, '')
[2.7342722415924072] Updated in round 40! max:(0.7551020408163265, 'C=Cc1ccc(C=C)c(-c2cccc3ccc4ccc5cccc(-c6ccccc6)c5c4c23)c1-c1cccc2ccc3cccc(-c4ccccc4)c3c12'), min:(-99999, '')
[2.750694751739502] Updated in round 41! max:(0.7551020408163265, 'C=Cc1ccc(C=C)c(-c2cccc3ccc4ccc5cccc(-c6ccccc6)c5c4c23)c1-c1cccc2ccc3cccc(-c4ccccc4)c3c12'), min:(-99999, '')
[2.7698702812194824] Updated in round 42! max:(0.7551020408163265, 'C=Cc1ccc(C=C)c(-c2cccc3ccc4ccc5cccc(-c6ccccc6)c5c4c23)c1-c1cccc2ccc3cccc(-c4ccccc4)c3c12'), min:(-99999, '')
[2.7879891395568848] Updated in round 43! max:(0.7551020408163265, 'C=Cc1ccc(C=C)c(-c2cccc3ccc4ccc5cccc(-c6ccccc6)c5c4c23)c1-c1cccc2ccc3cccc(-c4ccccc4)c3c12'), min:(-99999, '')
[2.8052303791046143] Updated in round 44! max:(0.7551020408163265, 'C=Cc1ccc(C=C)c(-c2cccc3ccc4ccc5cccc(-c6ccccc6)c5c4c23)c1-c1cccc2ccc3cccc(-c4ccccc4)c3c12'), min:(-99999, '')
[2.8225839138031006] Updated in round 45! max:(0.7551020408163265, 'C=Cc1ccc(C=C)c(-c2cccc3ccc4ccc5cccc(-c6ccccc6)c5c4c23)c1-c1cccc2ccc3cccc(-c4ccccc4)c3c12'), min:(-99999, '')
[2.837618827819824] Updated in round 46! max:(0.7551020408163265, 'C=Cc1ccc(C=C)c(-c2cccc3ccc4ccc5cccc(-c6ccccc6)c5c4c23)c1-c1cccc2ccc3cccc(-c4ccccc4)c3c12'), min:(-99999, '')
[2.8510122299194336] Updated in round 47! max:(0.7551020408163265, 'C=Cc1ccc(C=C)c(-c2cccc3ccc4ccc5cccc(-c6ccccc6)c5c4c23)c1-c1cccc2ccc3cccc(-c4ccccc4)c3c12'), min:(-99999, '')
[2.864915609359741] Updated in round 48! max:(0.7551020408163265, 'C=Cc1ccc(C=C)c(-c2cccc3ccc4ccc5cccc(-c6ccccc6)c5c4c23)c1-c1cccc2ccc3cccc(-c4ccccc4)c3c12'), min:(-99999, '')
[2.8818535804748535] Updated in round 49! max:(0.7551020408163265, 'C=Cc1ccc(C=C)c(-c2cccc3ccc4ccc5cccc(-c6ccccc6)c5c4c23)c1-c1cccc2ccc3cccc(-c4ccccc4)c3c12'), min:(-99999, '')
[2.8999533653259277] Updated in round 50! max:(0.7551020408163265, 'C=Cc1ccc(C=C)c(-c2cccc3ccc4ccc5cccc(-c6ccccc6)c5c4c23)c1-c1cccc2ccc3cccc(-c4ccccc4)c3c12'), min:(-99999, '')
[2.91894268989563] Updated in round 51! max:(0.7551020408163265, 'C=Cc1ccc(C=C)c(-c2cccc3ccc4ccc5cccc(-c6ccccc6)c5c4c23)c1-c1cccc2ccc3cccc(-c4ccccc4)c3c12'), min:(-99999, '')
[2.936811685562134] Updated in round 52! max:(0.7755102040816326, 'C=Cc1cccc(-c2cccc3ccc4ccc5cccc(-c6c(C=C)ccc(C=C)c6-c6cccc7ccc8cccc(-c9ccccc9)c8c67)c5c4c23)c1'), min:(-99999, '')
[3.351595640182495] Updated in round 53! max:(0.7755102040816326, 'C=Cc1cccc(-c2cccc3ccc4ccc5cccc(-c6c(C=C)ccc(C=C)c6-c6cccc7ccc8cccc(-c9ccccc9)c8c67)c5c4c23)c1'), min:(-99999, '')
[3.3640060424804688] Updated in round 54! max:(0.7755102040816326, 'C=Cc1cccc(-c2cccc3ccc4ccc5cccc(-c6c(C=C)ccc(C=C)c6-c6cccc7ccc8cccc(-c9ccccc9)c8c67)c5c4c23)c1'), min:(-99999, '')
[3.384716749191284] Updated in round 55! max:(0.7755102040816326, 'C=Cc1cccc(-c2cccc3ccc4ccc5cccc(-c6c(C=C)ccc(C=C)c6-c6cccc7ccc8cccc(-c9ccccc9)c8c67)c5c4c23)c1'), min:(-99999, '')
[3.3999791145324707] Updated in round 56! max:(0.7959183673469388, 'C=Cc1cccc(-c2c(C=C)ccc3ccc4ccc5cccc(-c6c(C=C)ccc(C=C)c6-c6cccc7ccc8cccc(-c9ccccc9)c8c67)c5c4c23)c1'), min:(-99999, '')
[3.8388724327087402] Updated in round 57! max:(0.7959183673469388, 'C=Cc1cccc(-c2c(C=C)ccc3ccc4ccc5cccc(-c6c(C=C)ccc(C=C)c6-c6cccc7ccc8cccc(-c9ccccc9)c8c67)c5c4c23)c1'), min:(-99999, '')
[3.864330291748047] Updated in round 58! max:(0.7959183673469388, 'C=Cc1cccc(-c2c(C=C)ccc3ccc4ccc5cccc(-c6c(C=C)ccc(C=C)c6-c6cccc7ccc8cccc(-c9ccccc9)c8c67)c5c4c23)c1'), min:(-99999, '')
[3.8810670375823975] Updated in round 59! max:(0.7959183673469388, 'C=Cc1cccc(-c2c(C=C)ccc3ccc4ccc5cccc(-c6c(C=C)ccc(C=C)c6-c6cccc7ccc8cccc(-c9ccccc9)c8c67)c5c4c23)c1'), min:(-99999, '')
[3.89975643157959] Updated in round 60! max:(0.7959183673469388, 'C=Cc1cccc(-c2c(C=C)ccc3ccc4ccc5cccc(-c6c(C=C)ccc(C=C)c6-c6cccc7ccc8cccc(-c9ccccc9)c8c67)c5c4c23)c1'), min:(-99999, '')
[3.9167397022247314] Updated in round 61! max:(0.7959183673469388, 'C=Cc1cccc(-c2c(C=C)ccc3ccc4ccc5cccc(-c6c(C=C)ccc(C=C)c6-c6cccc7ccc8cccc(-c9ccccc9)c8c67)c5c4c23)c1'), min:(-99999, '')
[3.937133312225342] Updated in round 62! max:(0.7959183673469388, 'C=Cc1cccc(-c2c(C=C)ccc3ccc4ccc5cccc(-c6c(C=C)ccc(C=C)c6-c6cccc7ccc8cccc(-c9ccccc9)c8c67)c5c4c23)c1'), min:(-99999, '')
[3.951831340789795] Updated in round 63! max:(0.7959183673469388, 'C=Cc1cccc(-c2c(C=C)ccc3ccc4ccc5cccc(-c6c(C=C)ccc(C=C)c6-c6cccc7ccc8cccc(-c9ccccc9)c8c67)c5c4c23)c1'), min:(-99999, '')
[3.970219612121582] Updated in round 64! max:(0.7959183673469388, 'C=Cc1cccc(-c2c(C=C)ccc3ccc4ccc5cccc(-c6c(C=C)ccc(C=C)c6-c6cccc7ccc8cccc(-c9ccccc9)c8c67)c5c4c23)c1'), min:(-99999, '')
[3.9851372241973877] Updated in round 65! max:(0.7959183673469388, 'C=Cc1cccc(-c2c(C=C)ccc3ccc4ccc5cccc(-c6c(C=C)ccc(C=C)c6-c6cccc7ccc8cccc(-c9ccccc9)c8c67)c5c4c23)c1'), min:(-99999, '')
[4.005998611450195] Updated in round 66! max:(0.7959183673469388, 'C=Cc1cccc(-c2c(C=C)ccc3ccc4ccc5cccc(-c6c(C=C)ccc(C=C)c6-c6cccc7ccc8cccc(-c9ccccc9)c8c67)c5c4c23)c1'), min:(-99999, '')
[4.029562950134277] Updated in round 67! max:(0.7959183673469388, 'C=Cc1cccc(-c2c(C=C)ccc3ccc4ccc5cccc(-c6c(C=C)ccc(C=C)c6-c6cccc7ccc8cccc(-c9ccccc9)c8c67)c5c4c23)c1'), min:(-99999, '')
[4.048150300979614] Updated in round 68! max:(0.7959183673469388, 'C=Cc1cccc(-c2c(C=C)ccc3ccc4ccc5cccc(-c6c(C=C)ccc(C=C)c6-c6cccc7ccc8cccc(-c9ccccc9)c8c67)c5c4c23)c1'), min:(-99999, '')
[4.068843603134155] Updated in round 69! max:(0.7959183673469388, 'C=Cc1cccc(-c2c(C=C)ccc3ccc4ccc5cccc(-c6c(C=C)ccc(C=C)c6-c6cccc7ccc8cccc(-c9ccccc9)c8c67)c5c4c23)c1'), min:(-99999, '')
[4.094569206237793] Updated in round 70! max:(0.8163265306122449, 'C=CC=Cc1cccc(-c2c(C=C)ccc3ccc4ccc5cccc(-c6c(C=C)ccc(C=C)c6-c6cccc7ccc8cccc(-c9ccccc9)c8c67)c5c4c23)c1'), min:(-99999, '')
[4.584598541259766] Updated in round 71! max:(0.8367346938775511, 'C=CC(=C)C=Cc1cccc(-c2c(C=C)ccc3ccc4ccc5cccc(-c6c(C=C)ccc(C=C)c6-c6cccc7ccc8cccc(-c9ccccc9)c8c67)c5c4c23)c1'), min:(-99999, '')
[5.09363579750061] Updated in round 72! max:(0.8571428571428571, 'C=Cc1ccc2cccc(-c3c(C=C)ccc4ccc5ccc6cccc(-c7c(C=C)ccc(C=C)c7-c7cccc8ccc9cccc(-c%10ccccc%10)c9c78)c6c5c34)c2c1'), min:(-99999, '')
[5.605587005615234] Updated in round 73! max:(0.8571428571428571, 'C=Cc1ccc2cccc(-c3c(C=C)ccc4ccc5ccc6cccc(-c7c(C=C)ccc(C=C)c7-c7cccc8ccc9cccc(-c%10ccccc%10)c9c78)c6c5c34)c2c1'), min:(-99999, '')
[5.632059097290039] Updated in round 74! max:(0.8571428571428571, 'C=Cc1ccc2cccc(-c3c(C=C)ccc4ccc5ccc6cccc(-c7c(C=C)ccc(C=C)c7-c7cccc8ccc9cccc(-c%10ccccc%10)c9c78)c6c5c34)c2c1'), min:(-99999, '')
[5.660479784011841] Updated in round 75! max:(0.8571428571428571, 'C=Cc1ccc2cccc(-c3c(C=C)ccc4ccc5ccc6cccc(-c7c(C=C)ccc(C=C)c7-c7cccc8ccc9cccc(-c%10ccccc%10)c9c78)c6c5c34)c2c1'), min:(-99999, '')
[5.682055473327637] Updated in round 76! max:(0.8571428571428571, 'C=Cc1ccc2cccc(-c3c(C=C)ccc4ccc5ccc6cccc(-c7c(C=C)ccc(C=C)c7-c7cccc8ccc9cccc(-c%10ccccc%10)c9c78)c6c5c34)c2c1'), min:(-99999, '')
[5.710490703582764] Updated in round 77! max:(0.8571428571428571, 'C=Cc1ccc2cccc(-c3c(C=C)ccc4ccc5ccc6cccc(-c7c(C=C)ccc(C=C)c7-c7cccc8ccc9cccc(-c%10ccccc%10)c9c78)c6c5c34)c2c1'), min:(-99999, '')
[5.733061790466309] Updated in round 78! max:(0.8571428571428571, 'C=Cc1ccc2cccc(-c3c(C=C)ccc4ccc5ccc6cccc(-c7c(C=C)ccc(C=C)c7-c7cccc8ccc9cccc(-c%10ccccc%10)c9c78)c6c5c34)c2c1'), min:(-99999, '')
[5.76322865486145] Updated in round 79! max:(0.8571428571428571, 'C=Cc1ccc2cccc(-c3c(C=C)ccc4ccc5ccc6cccc(-c7c(C=C)ccc(C=C)c7-c7cccc8ccc9cccc(-c%10ccccc%10)c9c78)c6c5c34)c2c1'), min:(-99999, '')
[5.7883429527282715] Updated in round 80! max:(0.8571428571428571, 'C=Cc1ccc2cccc(-c3c(C=C)ccc4ccc5ccc6cccc(-c7c(C=C)ccc(C=C)c7-c7cccc8ccc9cccc(-c%10ccccc%10)c9c78)c6c5c34)c2c1'), min:(-99999, '')
[5.814741611480713] Updated in round 81! max:(0.8775510204081632, 'C=Cc1ccc2cccc(-c3c(C=C)ccc4ccc5ccc6ccc7ccc8ccc(C=C)c(-c9cccc%10ccc%11cccc(-c%12ccccc%12)c%11c9%10)c8c7c6c5c34)c2c1'), min:(-99999, '')
[6.3536176681518555] Updated in round 82! max:(0.8775510204081632, 'C=Cc1ccc2cccc(-c3c(C=C)ccc4ccc5ccc6ccc7ccc8ccc(C=C)c(-c9cccc%10ccc%11cccc(-c%12ccccc%12)c%11c9%10)c8c7c6c5c34)c2c1'), min:(-99999, '')
[6.390560150146484] Updated in round 83! max:(0.8775510204081632, 'C=Cc1ccc2cccc(-c3c(C=C)ccc4ccc5ccc6ccc7ccc8ccc(C=C)c(-c9cccc%10ccc%11cccc(-c%12ccccc%12)c%11c9%10)c8c7c6c5c34)c2c1'), min:(-99999, '')
[6.41336727142334] Updated in round 84! max:(0.8775510204081632, 'C=Cc1ccc2cccc(-c3c(C=C)ccc4ccc5ccc6ccc7ccc8ccc(C=C)c(-c9cccc%10ccc%11cccc(-c%12ccccc%12)c%11c9%10)c8c7c6c5c34)c2c1'), min:(-99999, '')
[6.449025869369507] Updated in round 85! max:(0.8775510204081632, 'C=Cc1ccc2cccc(-c3c(C=C)ccc4ccc5ccc6ccc7ccc8ccc(C=C)c(-c9cccc%10ccc%11cccc(-c%12ccccc%12)c%11c9%10)c8c7c6c5c34)c2c1'), min:(-99999, '')
[6.467817306518555] Updated in round 86! max:(0.8775510204081632, 'C=Cc1ccc2cccc(-c3c(C=C)ccc4ccc5ccc6ccc7ccc8ccc(C=C)c(-c9cccc%10ccc%11cccc(-c%12ccccc%12)c%11c9%10)c8c7c6c5c34)c2c1'), min:(-99999, '')
[6.516045808792114] Updated in round 87! max:(0.8775510204081632, 'C=Cc1ccc2cccc(-c3c(C=C)ccc4ccc5ccc6ccc7ccc8ccc(C=C)c(-c9cccc%10ccc%11cccc(-c%12ccccc%12)c%11c9%10)c8c7c6c5c34)c2c1'), min:(-99999, '')
[6.553909778594971] Updated in round 88! max:(0.8775510204081632, 'C=Cc1ccc2cccc(-c3c(C=C)ccc4ccc5ccc6ccc7ccc8ccc(C=C)c(-c9cccc%10ccc%11cccc(-c%12ccccc%12)c%11c9%10)c8c7c6c5c34)c2c1'), min:(-99999, '')
[6.579176187515259] Updated in round 89! max:(0.8775510204081632, 'C=Cc1ccc2cccc(-c3c(C=C)ccc4ccc5ccc6ccc7ccc8ccc(C=C)c(-c9cccc%10ccc%11cccc(-c%12ccccc%12)c%11c9%10)c8c7c6c5c34)c2c1'), min:(-99999, '')
[6.61540961265564] Updated in round 90! max:(0.8775510204081632, 'C=Cc1ccc2cccc(-c3c(C=C)ccc4ccc5ccc6ccc7ccc8ccc(C=C)c(-c9cccc%10ccc%11cccc(-c%12ccccc%12)c%11c9%10)c8c7c6c5c34)c2c1'), min:(-99999, '')
[6.641088247299194] Updated in round 91! max:(0.8775510204081632, 'C=Cc1ccc2cccc(-c3c(C=C)ccc4ccc5ccc6ccc7ccc8ccc(C=C)c(-c9cccc%10ccc%11cccc(-c%12ccccc%12)c%11c9%10)c8c7c6c5c34)c2c1'), min:(-99999, '')
[6.674021482467651] Updated in round 92! max:(0.8775510204081632, 'C=Cc1ccc2cccc(-c3c(C=C)ccc4ccc5ccc6ccc7ccc8ccc(C=C)c(-c9cccc%10ccc%11cccc(-c%12ccccc%12)c%11c9%10)c8c7c6c5c34)c2c1'), min:(-99999, '')
[6.709043264389038] Updated in round 93! max:(0.8979591836734694, 'C=Cc1ccc2cccc(-c3c(C=C)ccc4ccc5ccc6ccc7ccc8ccc(C=C)c(-c9cccc%10ccc%11cccc(-c%12ccccc%12C=C)c%11c9%10)c8c7c6c5c34)c2c1'), min:(-99999, '')
[7.28042459487915] Updated in round 94! max:(0.8979591836734694, 'C=Cc1ccc2cccc(-c3c(C=C)ccc4ccc5ccc6ccc7ccc8ccc(C=C)c(-c9cccc%10ccc%11cccc(-c%12ccccc%12C=C)c%11c9%10)c8c7c6c5c34)c2c1'), min:(-99999, '')
[7.311357498168945] Updated in round 95! max:(0.8979591836734694, 'C=Cc1ccc2cccc(-c3c(C=C)ccc4ccc5ccc6ccc7ccc8ccc(C=C)c(-c9cccc%10ccc%11cccc(-c%12ccccc%12C=C)c%11c9%10)c8c7c6c5c34)c2c1'), min:(-99999, '')
[7.345705509185791] Updated in round 96! max:(0.8979591836734694, 'C=Cc1ccc2cccc(-c3c(C=C)ccc4ccc5ccc6ccc7ccc8ccc(C=C)c(-c9cccc%10ccc%11cccc(-c%12ccccc%12C=C)c%11c9%10)c8c7c6c5c34)c2c1'), min:(-99999, '')
[7.377113580703735] Updated in round 97! max:(0.8979591836734694, 'C=Cc1ccc2cccc(-c3c(C=C)ccc4ccc5ccc6ccc7ccc8ccc(C=C)c(-c9cccc%10ccc%11cccc(-c%12ccccc%12C=C)c%11c9%10)c8c7c6c5c34)c2c1'), min:(-99999, '')
[7.399933815002441] Updated in round 98! max:(0.8979591836734694, 'C=Cc1ccc2cccc(-c3c(C=C)ccc4ccc5ccc6ccc7ccc8ccc(C=C)c(-c9cccc%10ccc%11cccc(-c%12ccccc%12C=C)c%11c9%10)c8c7c6c5c34)c2c1'), min:(-99999, '')
[7.424752712249756] Updated in round 99! max:(0.8979591836734694, 'C=Cc1ccc2cccc(-c3c(C=C)ccc4ccc5ccc6ccc7ccc8ccc(C=C)c(-c9cccc%10ccc%11cccc(-c%12ccccc%12C=C)c%11c9%10)c8c7c6c5c34)c2c1'), min:(-99999, '')
[7.4434709548950195] Updated in round 100! max:(0.8979591836734694, 'C=Cc1ccc2cccc(-c3c(C=C)ccc4ccc5ccc6ccc7ccc8ccc(C=C)c(-c9cccc%10ccc%11cccc(-c%12ccccc%12C=C)c%11c9%10)c8c7c6c5c34)c2c1'), min:(-99999, '')
[7.6256444454193115] Updated in round 101! max:(0.9183673469387755, 'C=Cc1ccccc1-c1cccc2ccc3cccc(-c4c(C=C)ccc5ccc6ccc7ccc8ccc9ccc(C=C)c(-c%10cccc%11ccc(C=C)c(C=C)c%10%11)c9c8c7c6c45)c3c12'), min:(-1.0, 'C=Cc1ccc2cccc(-c3c(C=C)ccc4ccc5ccc6ccc7ccc8c9cc(C=C)c(c%10cccc%11ccc%12cc9cc(-c9ccccc9C=C)c%12c%11%10)c8c7c6c5c34)c2c1')
[8.410022258758545] Updated in round 102! max:(0.9183673469387755, 'C=Cc1ccccc1-c1cccc2ccc3cccc(-c4c(C=C)ccc5ccc6ccc7ccc8ccc9ccc(C=C)c(-c%10cccc%11ccc(C=C)c(C=C)c%10%11)c9c8c7c6c45)c3c12'), min:(-1.0, 'C=Cc1ccc2cccc(-c3c(C=C)ccc4ccc5c(C=C)cc6ccc7ccc8ccc(C=C)c(-c9cccc%10ccc%11cccc(-c%12ccccc%12C=C)c%11c9%10)c8c7c6c5c34)c2c1')
[8.687162399291992] Updated in round 103! max:(0.9183673469387755, 'C=Cc1ccccc1-c1cccc2ccc3cccc(-c4c(C=C)ccc5ccc6ccc7ccc8ccc9ccc(C=C)c(-c%10cccc%11ccc(C=C)c(C=C)c%10%11)c9c8c7c6c45)c3c12'), min:(-1.0, 'C#Cc1ccc(-c2c(C=C)ccc3ccc4ccc5ccc6ccc7ccc(C=C)c(-c8cccc9ccc%10cccc(-c%11ccccc%11C=C)c%10c89)c7c6c5c4c23)c2cc(C=C)ccc12')
[9.035486698150635] Updated in round 104! max:(0.9183673469387755, 'C=Cc1ccccc1-c1cccc2ccc3cccc(-c4c(C=C)ccc5ccc6ccc7ccc8ccc9ccc(C=C)c(-c%10cccc%11ccc(C=C)c(C=C)c%10%11)c9c8c7c6c45)c3c12'), min:(-1.0, 'C=Cc1ccc2ccc3ccc4ccc5ccc6ccc7ccc8ccc9ccc(C=C)c(c3c2c1)c9c8c7c6c5c4-c1cccc2ccc3cccc(-c4ccccc4C=C)c3c12')
[9.205525636672974] Updated in round 105! max:(0.9387755102040817, 'C=Cc1ccccc1-c1cccc2ccc3cccc(-c4c(C=C)ccc5ccc6ccc7ccc8ccc9ccc(C=C)c(-c%10cccc%11ccc%12ccccc%12c%10%11)c9c8c7c6c45)c3c12'), min:(-1.0, 'C=Cc1ccc2cccc(-c3c(C=C)ccc4cc5c6ccc7ccc8c-5cc5ccc(C=C)c(-c9cccc%10ccc%11cccc(-c%12ccccc%12C=C)c%11c9%10)c5c8c7c6c34)c2c1')
[10.010270118713379] Updated in round 106! max:(0.9387755102040817, 'C=Cc1ccccc1-c1cccc2ccc3cccc(-c4c(C=C)ccc5ccc6ccc7ccc8ccc9ccc(C=C)c(-c%10cccc%11ccc%12ccccc%12c%10%11)c9c8c7c6c45)c3c12'), min:(-1.0, 'C=Cc1ccc2cccc(-c3c(C=C)c4cc5ccc6ccc7c4cc4ccc8ccc(C=C)c(-c9cccc%10ccc%11cccc(-c%12ccccc%12C=C)c%11c9%10)c8c4c7c6c35)c2c1')
[10.179788827896118] Updated in round 107! max:(0.9387755102040817, 'C=Cc1ccccc1-c1cccc2ccc3cccc(-c4c(C=C)ccc5ccc6ccc7ccc8ccc9ccc(C=C)c(-c%10cccc%11ccc%12ccccc%12c%10%11)c9c8c7c6c45)c3c12'), min:(-1.0, 'C=Cc1ccc2cccc(-c3c(C=C)ccc4ccc5ccc6ccc7ccc8cc9c(C=C)c(c8c7c6c5c34)-c3cccc4ccc5cccc(c5c34)-c3ccccc3C=C9)c2c1')
[11.06840705871582] Updated in round 108! max:(0.9591836734693877, 'C=Cc1ccccc1-c1cccc2ccc3cccc(-c4c(C=C)ccc5ccc6ccc7ccc8ccc9ccc%10ccc%11ccc%12ccc%13ccccc%13c%12c%11c%10c9c8c7c6c45)c3c12'), min:(-1.0, 'C=Cc1ccc(-c2cccc3ccc4cccc(-c5c(C=C)ccc6ccc7ccc8ccc9ccc%10ccc(C=C)c(-c%11cccc%12ccc(C=C)cc%11%12)c%10c9c8c7c56)c4c23)cc1')
[11.966553688049316] Updated in round 109! max:(0.9591836734693877, 'C=Cc1ccccc1-c1cccc2ccc3cccc(-c4c(C=C)ccc5ccc6ccc7ccc8ccc9ccc%10ccc%11ccc%12ccc%13ccccc%13c%12c%11c%10c9c8c7c6c45)c3c12'), min:(-1.0, 'C#Cc1cc(-c2c(C=C)ccc3ccc4ccc5ccc6ccc7ccc(C=C)c(-c8cccc9ccc(C=C)cc89)c7c6c5c4c23)c2c(ccc3cccc(-c4ccccc4)c32)c1')
[12.12631893157959] Updated in round 110! max:(0.9591836734693877, 'C=Cc1ccccc1-c1cccc2ccc3cccc(-c4c(C=C)ccc5ccc6ccc7ccc8ccc9ccc%10ccc%11ccc%12ccc%13ccccc%13c%12c%11c%10c9c8c7c6c45)c3c12'), min:(-1.0, 'C=Cc1ccc2c(C=C)ccc(-c3c(C=C)ccc4ccc5ccc6ccc7ccc8ccc(C=C)c(-c9cccc%10ccc%11cccc(-c%12ccccc%12)c%11c9%10)c8c7c6c5c34)c2c1')
[12.534487247467041] Updated in round 111! max:(0.9591836734693877, 'C=Cc1ccccc1-c1cccc2ccc3cccc(-c4c(C=C)ccc5ccc6ccc7ccc8ccc9ccc%10ccc%11ccc%12ccc%13ccccc%13c%12c%11c%10c9c8c7c6c45)c3c12'), min:(-1.0, 'C#Cc1cc2ccc3ccc4ccc5ccc6ccc(C=C)c(-c7cccc8ccc(C=C)cc78)c6c5c4c3c2c(-c2cccc3ccc4cccc(-c5ccccc5)c4c23)c1C=C')
[12.772111654281616] Updated in round 112! max:(0.9795918367346939, 'C=Cc1ccc2ccc3ccc4ccc5ccc6ccc7ccc8ccc9ccc%10ccccc%10c9c8c7c6c5c4c3c2c1-c1cccc2ccc3ccc4ccc5ccccc5c4c3c12'), min:(-1.0, 'C=Cc1cc2ccc3ccc4ccc5ccc6ccc7ccc8ccc(C=C)c(c9cccc2c9c1)c8c7c6c5c4c3-c1cccc2ccc3cccc(-c4ccccc4)c3c12')
[13.776906728744507] Updated in round 113! max:(0.9795918367346939, 'C=Cc1ccc2ccc3ccc4ccc5ccc6ccc7ccc8ccc9ccc%10ccccc%10c9c8c7c6c5c4c3c2c1-c1cccc2ccc3ccc4ccc5ccccc5c4c3c12'), min:(-1.0, 'C=Cc1ccc2cccc(-c3c(C=C)ccc4c5ccccc5c5ccc6ccc7ccc8ccc(C=C)c(-c9cccc%10ccc%11cccc(-c%12ccccc%12)c%11c9%10)c8c7c6c5c34)c2c1')
[14.265185832977295] Updated in round 114! max:(0.9795918367346939, 'C=Cc1ccc2ccc3ccc4ccc5ccc6ccc7ccc8ccc9ccc%10ccccc%10c9c8c7c6c5c4c3c2c1-c1cccc2ccc3ccc4ccc5ccccc5c4c3c12'), min:(-1.0, 'C=Cc1ccc2cccc(-c3c(C=C)ccc4cc5c6ccc7ccc8cccc(c9c(C=C)ccc%10ccc%11ccc%12ccc5c(c34)c%12c%11c%109)c8c7c6-c3ccccc3)c2c1')
[14.740261316299438] Updated in round 115! max:(0.9795918367346939, 'C=Cc1ccc2ccc3ccc4ccc5ccc6ccc7ccc8ccc9ccc%10ccccc%10c9c8c7c6c5c4c3c2c1-c1cccc2ccc3ccc4ccc5ccccc5c4c3c12'), min:(-1.0, 'C=Cc1ccc2cccc(-c3c(C=C)ccc4ccc5ccc6ccc7ccc8ccc(C=C)c(-c9c%10ccc%11ccc%12cccc(c%13ccc%10cc%13)c%12c9%11)c8c7c6c5c34)c2c1')
[15.207839012145996] Updated in round 116! max:(0.9795918367346939, 'C=Cc1ccc2ccc3ccc4ccc5ccc6ccc7ccc8ccc9ccc%10ccccc%10c9c8c7c6c5c4c3c2c1-c1cccc2ccc3ccc4ccc5ccccc5c4c3c12'), min:(-1.0, 'C=Cc1ccc2cccc(-c3c4ccc5ccc6ccc7ccc8ccc9ccc(c(-c%10cccc%11ccc%12cccc(-c%13ccccc%13)c%12c%10%11)c9c8c7c6c35)c(=C)c4=C)c2c1')
[15.649364709854126] Updated in round 117! max:(0.9795918367346939, 'C=Cc1ccc2ccc3ccc4ccc5ccc6ccc7ccc8ccc9ccc%10ccccc%10c9c8c7c6c5c4c3c2c1-c1cccc2ccc3ccc4ccc5ccccc5c4c3c12'), min:(-1.0, 'C#Cc1cc2cccc(-c3c(C=C)ccc4ccc5ccc6ccc7ccc8ccc(C=C)c(-c9cccc%10ccc%11cccc(-c%12ccccc%12)c%11c9%10)c8c7c6c5c34)c2cc1C=C')
[15.693219661712646] Reproduced in round 118!!
