[5.602836608886719e-05]Start running EvoMol from [H][H]...
[0.0019075870513916016] Updated in round 1! max:(0.04, 'C=C'), min:(-99999, '')
[0.009601116180419922] Updated in round 2! max:(0.12, 'C=CC=CC=C'), min:(-99999, '')
[0.01641058921813965] Updated in round 3! max:(0.16, 'C=CC=CC=CC=C'), min:(-99999, '')
[0.026719331741333008] Updated in round 4! max:(0.2, 'C=CC=CC=CC=CC=C'), min:(-99999, '')
[0.03387308120727539] Updated in round 5! max:(0.2, 'C=CC=CC=CC=CC=C'), min:(-99999, '')
[0.04039883613586426] Updated in round 6! max:(0.24, 'C=CC=CC=CC=CC=CC=C'), min:(-99999, '')
[0.06207704544067383] Updated in round 7! max:(0.24, 'C=CC=CC=CC=CC=CC=C'), min:(-99999, '')
[0.0727226734161377] Updated in round 8! max:(0.28, 'C=CC=CC=CC=CC=CC(=C)C=C'), min:(-99999, '')
[0.08299946784973145] Updated in round 9! max:(0.28, 'C=CC=CC=CC=CC=CC(=C)C=C'), min:(-99999, '')
[0.10533452033996582] Updated in round 10! max:(0.32, 'C=CC=C(C=C)C=CC=CC=CC(=C)C=C'), min:(-99999, '')
[0.1180729866027832] Updated in round 11! max:(0.32, 'C=CC=C(C=C)C=CC=CC=CC(=C)C=C'), min:(-99999, '')
[0.12843036651611328] Updated in round 12! max:(0.32, 'C=CC=C(C=C)C=CC=CC=CC(=C)C=C'), min:(-99999, '')
[0.1392366886138916] Updated in round 13! max:(0.32, 'C=CC=C(C=C)C=CC=CC=CC(=C)C=C'), min:(-99999, '')
[0.14085054397583008] Updated in round 14! max:(0.36, 'C=CC=c1ccc(=CC=CC(=C)C=C)cc1'), min:(-99999, '')
[0.1567990779876709] Updated in round 15! max:(0.4, 'C=CC=c1ccc(=c2ccc(=C)cc2)cc1'), min:(-99999, '')
[0.17371535301208496] Updated in round 16! max:(0.4, 'C=CC=c1ccc(=c2ccc(=C)cc2)cc1'), min:(-99999, '')
[0.17537355422973633] Updated in round 17! max:(0.4, 'C=CC=c1ccc(=c2ccc(=C)cc2)cc1'), min:(-99999, '')
[0.17757511138916016] Updated in round 18! max:(0.44, 'C=CC=c1ccc(=c2ccc(=CC=C)cc2)cc1'), min:(-99999, '')
[0.19929981231689453] Updated in round 19! max:(0.44, 'C=CC=c1ccc(=c2ccc(=CC=C)cc2)cc1'), min:(-99999, '')
[0.2012348175048828] Updated in round 20! max:(0.48, 'C=CC=c1ccc(=c2ccc(=C(C=C)C=C)cc2)cc1'), min:(-99999, '')
[0.22664356231689453] Updated in round 21! max:(0.48, 'C=CC=c1ccc(=c2ccc(=C(C=C)C=C)cc2)cc1'), min:(-99999, '')
[0.22883391380310059] Updated in round 22! max:(0.52, 'C=CC(C=C)=c1ccc(=c2ccc(=C(C=C)C=C)cc2)cc1'), min:(-99999, '')
[0.25826478004455566] Updated in round 23! max:(0.52, 'C=CC(C=C)=c1ccc(=c2ccc(=C(C=C)C=C)cc2)cc1'), min:(-99999, '')
[0.26073384284973145] Updated in round 24! max:(0.56, 'C=CC=CC(C=C)=c1ccc(=c2ccc(=C(C=C)C=C)cc2)cc1'), min:(-99999, '')
[0.29755377769470215] Updated in round 25! max:(0.56, 'C=CC=CC(C=C)=c1ccc(=c2ccc(=C(C=C)C=C)cc2)cc1'), min:(-99999, '')
[0.2997286319732666] Updated in round 26! max:(0.56, 'C=CC=CC(C=C)=c1ccc(=c2ccc(=C(C=C)C=C)cc2)cc1'), min:(-99999, '')
[0.3018052577972412] Updated in round 27! max:(0.56, 'C=CC=CC(C=C)=c1ccc(=c2ccc(=C(C=C)C=C)cc2)cc1'), min:(-99999, '')
[0.30414390563964844] Updated in round 28! max:(0.6, 'C=CC(C=C)=c1ccc(=c2ccc(=c3ccc(=C)cc3)cc2)cc1'), min:(-99999, '')
[0.3441445827484131] Updated in round 29! max:(0.64, 'C=CC=c1ccc(=c2ccc(=c3ccc(=C(C=C)C=C)cc3)cc2)cc1'), min:(-99999, '')
[0.3929579257965088] Updated in round 30! max:(0.64, 'C=CC=c1ccc(=c2ccc(=c3ccc(=C(C=C)C=C)cc3)cc2)cc1'), min:(-99999, '')
[0.3954319953918457] Updated in round 31! max:(0.64, 'C=CC=c1ccc(=c2ccc(=c3ccc(=C(C=C)C=C)cc3)cc2)cc1'), min:(-99999, '')
[0.39769887924194336] Updated in round 32! max:(0.64, 'C=CC=c1ccc(=c2ccc(=c3ccc(=C(C=C)C=C)cc3)cc2)cc1'), min:(-99999, '')
[0.4007108211517334] Updated in round 33! max:(0.64, 'C=CC=c1ccc(=c2ccc(=c3ccc(=C(C=C)C=C)cc3)cc2)cc1'), min:(-99999, '')
[0.40344691276550293] Updated in round 34! max:(0.68, 'C=CC(C=C)=c1ccc(=c2ccc(=c3ccc(=C(C=C)C=C)cc3)cc2)cc1'), min:(-99999, '')
[0.4584324359893799] Updated in round 35! max:(0.68, 'C=CC(C=C)=c1ccc(=c2ccc(=c3ccc(=C(C=C)C=C)cc3)cc2)cc1'), min:(-99999, '')
[0.46152520179748535] Updated in round 36! max:(0.72, 'C=CC=CC(C=C)=c1ccc(=c2ccc(=c3ccc(=C(C=C)C=C)cc3)cc2)cc1'), min:(-99999, '')
[0.5269522666931152] Updated in round 37! max:(0.72, 'C=CC=CC(C=C)=c1ccc(=c2ccc(=c3ccc(=C(C=C)C=C)cc3)cc2)cc1'), min:(-99999, '')
[0.5296084880828857] Updated in round 38! max:(0.72, 'C=CC=CC(C=C)=c1ccc(=c2ccc(=c3ccc(=C(C=C)C=C)cc3)cc2)cc1'), min:(-99999, '')
[0.5321314334869385] Updated in round 39! max:(0.72, 'C=CC=CC(C=C)=c1ccc(=c2ccc(=c3ccc(=C(C=C)C=C)cc3)cc2)cc1'), min:(-99999, '')
[0.5349678993225098] Updated in round 40! max:(0.76, 'C=CC=CC(C=C)=c1ccc(=c2ccc(=c3ccc(=C(C=C)C=CC=C)cc3)cc2)cc1'), min:(-99999, '')
[0.6135556697845459] Updated in round 41! max:(0.8, 'C=CC=CC=CC(C=C)=c1ccc(=c2ccc(=c3ccc(=C(C=C)C=CC=C)cc3)cc2)cc1'), min:(-99999, '')
[0.7080051898956299] Updated in round 42! max:(0.8, 'C=CC=CC=CC(C=C)=c1ccc(=c2ccc(=c3ccc(=C(C=C)C=CC=C)cc3)cc2)cc1'), min:(-99999, '')
[0.711367130279541] Updated in round 43! max:(0.8, 'C=CC=CC=CC(C=C)=c1ccc(=c2ccc(=c3ccc(=C(C=C)C=CC=C)cc3)cc2)cc1'), min:(-99999, '')
[0.7140629291534424] Updated in round 44! max:(0.8, 'C=CC=CC=CC(C=C)=c1ccc(=c2ccc(=c3ccc(=C(C=C)C=CC=C)cc3)cc2)cc1'), min:(-99999, '')
[0.7181823253631592] Updated in round 45! max:(0.84, 'C=CC1=c2ccc(cc2)=c2ccc(cc2)=c2ccc(cc2)=C(C=C)C=CC=CC=CC=CC=C1'), min:(-99999, '')
[0.8312680721282959] Updated in round 46! max:(0.84, 'C=CC1=c2ccc(cc2)=c2ccc(cc2)=c2ccc(cc2)=C(C=C)C=CC=CC=CC=CC=C1'), min:(-99999, '')
[0.8380095958709717] Updated in round 47! max:(0.88, 'C=CC1=c2ccc(cc2)=c2ccc(cc2)=c2ccc(cc2)=c2ccc(cc2)=CC=CC=CC=C1'), min:(-99999, '')
[0.9667706489562988] Updated in round 48! max:(0.88, 'C=CC1=c2ccc(cc2)=c2ccc(cc2)=c2ccc(cc2)=c2ccc(cc2)=CC=CC=CC=C1'), min:(-99999, '')
[0.9731752872467041] Updated in round 49! max:(0.92, 'C=CC1=c2ccc(cc2)=c2ccc(cc2)=c2ccc(cc2)=c2ccc(cc2)=C(C=C)C=CC=CC=C1'), min:(-99999, '')
[1.1137619018554688] Updated in round 50! max:(0.92, 'C=CC1=c2ccc(cc2)=c2ccc(cc2)=c2ccc(cc2)=c2ccc(cc2)=C(C=C)C=CC=CC=C1'), min:(-99999, '')
[1.1180510520935059] Updated in round 51! max:(0.92, 'C=CC1=c2ccc(cc2)=c2ccc(cc2)=c2ccc(cc2)=c2ccc(cc2)=C(C=C)C=CC=CC=C1'), min:(-99999, '')
[1.123321771621704] Updated in round 52! max:(0.92, 'C=CC1=c2ccc(cc2)=c2ccc(cc2)=c2ccc(cc2)=c2ccc(cc2)=C(C=C)C=CC=CC=C1'), min:(-99999, '')
[1.1271462440490723] Updated in round 53! max:(0.92, 'C=CC1=c2ccc(cc2)=c2ccc(cc2)=c2ccc(cc2)=c2ccc(cc2)=C(C=C)C=CC=CC=C1'), min:(-99999, '')
[1.1314506530761719] Updated in round 54! max:(0.92, 'C=CC1=c2ccc(cc2)=c2ccc(cc2)=c2ccc(cc2)=c2ccc(cc2)=C(C=C)C=CC=CC=C1'), min:(-99999, '')
[1.1355597972869873] Updated in round 55! max:(0.92, 'C=CC1=c2ccc(cc2)=c2ccc(cc2)=c2ccc(cc2)=c2ccc(cc2)=C(C=C)C=CC=CC=C1'), min:(-99999, '')
[1.1396279335021973] Updated in round 56! max:(0.92, 'C=CC1=c2ccc(cc2)=c2ccc(cc2)=c2ccc(cc2)=c2ccc(cc2)=C(C=C)C=CC=CC=C1'), min:(-99999, '')
[1.1442456245422363] Updated in round 57! max:(0.92, 'C=CC1=c2ccc(cc2)=c2ccc(cc2)=c2ccc(cc2)=c2ccc(cc2)=C(C=C)C=CC=CC=C1'), min:(-99999, '')
[1.1478536128997803] Updated in round 58! max:(0.92, 'C=CC1=c2ccc(cc2)=c2ccc(cc2)=c2ccc(cc2)=c2ccc(cc2)=C(C=C)C=CC=CC=C1'), min:(-99999, '')
[1.1515960693359375] Updated in round 59! max:(0.92, 'C=CC1=c2ccc(cc2)=c2ccc(cc2)=c2ccc(cc2)=c2ccc(cc2)=C(C=C)C=CC=CC=C1'), min:(-99999, '')
[1.156707525253296] Updated in round 60! max:(0.92, 'C=CC1=c2ccc(cc2)=c2ccc(cc2)=c2ccc(cc2)=c2ccc(cc2)=C(C=C)C=CC=CC=C1'), min:(-99999, '')
[1.1633832454681396] Updated in round 61! max:(0.96, 'C=CC1=c2ccc(cc2)=c2ccc(cc2)=c2ccc(cc2)=c2ccc(cc2)=c2ccc(cc2)=CC=C1'), min:(-99999, '')
[1.340179443359375] Updated in round 62! max:(0.96, 'C=CC1=c2ccc(cc2)=c2ccc(cc2)=c2ccc(cc2)=c2ccc(cc2)=c2ccc(cc2)=CC=C1'), min:(-99999, '')
[1.3451869487762451] Updated in round 63! max:(0.96, 'C=CC1=c2ccc(cc2)=c2ccc(cc2)=c2ccc(cc2)=c2ccc(cc2)=c2ccc(cc2)=CC=C1'), min:(-99999, '')
[1.3522169589996338] Updated in round 64! max:(0.96, 'C=CC1=c2ccc(cc2)=c2ccc(cc2)=c2ccc(cc2)=c2ccc(cc2)=c2ccc(cc2)=CC=C1'), min:(-99999, '')
[1.3580515384674072] Updated in round 65! max:(0.96, 'C=CC1=c2ccc(cc2)=c2ccc(cc2)=c2ccc(cc2)=c2ccc(cc2)=c2ccc(cc2)=CC=C1'), min:(-99999, '')
[1.36305570602417] Updated in round 66! max:(0.96, 'C=CC1=c2ccc(cc2)=c2ccc(cc2)=c2ccc(cc2)=c2ccc(cc2)=c2ccc(cc2)=CC=C1'), min:(-99999, '')
[1.3688418865203857] Updated in round 67! max:(0.96, 'C=CC1=c2ccc(cc2)=c2ccc(cc2)=c2ccc(cc2)=c2ccc(cc2)=c2ccc(cc2)=CC=C1'), min:(-99999, '')
[1.3738842010498047] Updated in round 68! max:(0.96, 'C=CC1=c2ccc(cc2)=c2ccc(cc2)=c2ccc(cc2)=c2ccc(cc2)=c2ccc(cc2)=CC=C1'), min:(-99999, '')
[1.3804023265838623] Updated in round 69! max:(0.96, 'C=CC1=c2ccc(cc2)=c2ccc(cc2)=c2ccc(cc2)=c2ccc(cc2)=c2ccc(cc2)=CC=C1'), min:(-99999, '')
[1.384728193283081] Updated in round 70! max:(0.96, 'C=CC1=c2ccc(cc2)=c2ccc(cc2)=c2ccc(cc2)=c2ccc(cc2)=c2ccc(cc2)=CC=C1'), min:(-99999, '')
[1.3888304233551025] Updated in round 71! max:(0.96, 'C=CC1=c2ccc(cc2)=c2ccc(cc2)=c2ccc(cc2)=c2ccc(cc2)=c2ccc(cc2)=CC=C1'), min:(-99999, '')
[1.3930964469909668] Updated in round 72! max:(0.96, 'C=CC1=c2ccc(cc2)=c2ccc(cc2)=c2ccc(cc2)=c2ccc(cc2)=c2ccc(cc2)=CC=C1'), min:(-99999, '')
[1.3978877067565918] Updated in round 73! max:(0.96, 'C=CC1=c2ccc(cc2)=c2ccc(cc2)=c2ccc(cc2)=c2ccc(cc2)=c2ccc(cc2)=CC=C1'), min:(-99999, '')
[1.4035923480987549] Updated in round 74! max:(0.96, 'C=CC1=c2ccc(cc2)=c2ccc(cc2)=c2ccc(cc2)=c2ccc(cc2)=c2ccc(cc2)=CC=C1'), min:(-99999, '')
[1.404963731765747] Reproduced in round 75!!
