[9.083747863769531e-05]Start running EvoMol from [H][H]...
[0.027843952178955078] Updated in round 1! max:(0.0547945205479452, 'c1ccccc1'), min:(-99999, '')
[0.034035682678222656] Updated in round 2! max:(0.1095890410958904, 'c1ccc(-c2ccccc2)cc1'), min:(-99999, '')
[0.044963836669921875] Updated in round 3! max:(0.1643835616438356, 'c1ccc(-c2cccc(-c3ccccc3)c2)cc1'), min:(-99999, '')
[0.0653984546661377] Updated in round 4! max:(0.1643835616438356, 'c1ccc(-c2cccc(-c3ccccc3)c2)cc1'), min:(-99999, '')
[0.06981277465820312] Updated in round 5! max:(0.2191780821917808, 'c1ccc(-c2ccc(-c3cccc(-c4ccccc4)c3)cc2)cc1'), min:(-99999, '')
[0.11043953895568848] Updated in round 6! max:(0.2328767123287671, 'C=Cc1ccccc1-c1cccc(-c2ccc(-c3ccccc3)cc2)c1'), min:(-99999, '')
[0.15746402740478516] Updated in round 7! max:(0.2328767123287671, 'C=Cc1ccccc1-c1cccc(-c2ccc(-c3ccccc3)cc2)c1'), min:(-99999, '')
[0.1619880199432373] Updated in round 8! max:(0.273972602739726, 'C=Cc1cc2ccccc2cc1-c1cccc(-c2ccc(-c3ccccc3)cc2)c1'), min:(-99999, '')
[0.22786188125610352] Updated in round 9! max:(0.273972602739726, 'C=Cc1cc2ccccc2cc1-c1cccc(-c2ccc(-c3ccccc3)cc2)c1'), min:(-99999, '')
[0.23145294189453125] Updated in round 10! max:(0.273972602739726, 'C=Cc1cc2ccccc2cc1-c1cccc(-c2ccc(-c3ccccc3)cc2)c1'), min:(-99999, '')
[0.23618674278259277] Updated in round 11! max:(0.3013698630136986, 'C=Cc1cc2ccccc2cc1-c1ccc2ccc3cc(-c4ccccc4)ccc3c2c1'), min:(-99999, '')
[0.31215739250183105] Updated in round 12! max:(0.3150684931506849, 'C=Cc1ccc2cc(C=C)c(-c3ccc4ccc5cc(-c6ccccc6)ccc5c4c3)cc2c1'), min:(-99999, '')
[0.398756742477417] Updated in round 13! max:(0.3287671232876712, 'C=Cc1ccc(-c2ccc3c(ccc4ccc(-c5cc6cc(C=C)ccc6cc5C=C)cc43)c2)cc1'), min:(-99999, '')
[0.498319149017334] Updated in round 14! max:(0.3287671232876712, 'C=Cc1ccc(-c2ccc3c(ccc4ccc(-c5cc6cc(C=C)ccc6cc5C=C)cc43)c2)cc1'), min:(-99999, '')
[0.5078279972076416] Updated in round 15! max:(0.3287671232876712, 'C=Cc1ccc(-c2ccc3c(ccc4ccc(-c5cc6cc(C=C)ccc6cc5C=C)cc43)c2)cc1'), min:(-99999, '')
[0.5152840614318848] Updated in round 16! max:(0.3287671232876712, 'C=Cc1ccc(-c2ccc3c(ccc4ccc(-c5cc6cc(C=C)ccc6cc5C=C)cc43)c2)cc1'), min:(-99999, '')
[0.5248098373413086] Updated in round 17! max:(0.3287671232876712, 'C=Cc1ccc(-c2ccc3c(ccc4ccc(-c5cc6cc(C=C)ccc6cc5C=C)cc43)c2)cc1'), min:(-99999, '')
[0.5353953838348389] Updated in round 18! max:(0.3287671232876712, 'C=Cc1ccc(-c2ccc3c(ccc4ccc(-c5cc6cc(C=C)ccc6cc5C=C)cc43)c2)cc1'), min:(-99999, '')
[0.5448548793792725] Updated in round 19! max:(0.3287671232876712, 'C=Cc1ccc(-c2ccc3c(ccc4ccc(-c5cc6cc(C=C)ccc6cc5C=C)cc43)c2)cc1'), min:(-99999, '')
[0.5531558990478516] Updated in round 20! max:(0.3287671232876712, 'C=Cc1ccc(-c2ccc3c(ccc4ccc(-c5cc6cc(C=C)ccc6cc5C=C)cc43)c2)cc1'), min:(-99999, '')
[0.5635945796966553] Updated in round 21! max:(0.3424657534246575, 'C=CC=Cc1ccc(-c2ccc3c(ccc4ccc(-c5cc6cc(C=C)ccc6cc5C=C)cc43)c2)cc1'), min:(-99999, '')
[0.6839168071746826] Updated in round 22! max:(0.3424657534246575, 'C=CC=Cc1ccc(-c2ccc3c(ccc4ccc(-c5cc6cc(C=C)ccc6cc5C=C)cc43)c2)cc1'), min:(-99999, '')
[0.6986346244812012] Updated in round 23! max:(0.3424657534246575, 'C=CC=Cc1ccc(-c2ccc3c(ccc4ccc(-c5cc6cc(C=C)ccc6cc5C=C)cc43)c2)cc1'), min:(-99999, '')
[0.718402624130249] Updated in round 24! max:(0.3561643835616438, 'C=Cc1ccc2cc(C=C)c(-c3ccc4ccc5cc(-c6ccc7ccccc7c6)ccc5c4c3)cc2c1'), min:(-99999, '')
[0.8359155654907227] Updated in round 25! max:(0.3698630136986301, 'C=Cc1cc2ccc(C=C)c(C=C)c2cc1-c1ccc2ccc3cc(-c4ccc5ccccc5c4)ccc3c2c1'), min:(-99999, '')
[0.9609854221343994] Updated in round 26! max:(0.3698630136986301, 'C=Cc1cc2ccc(C=C)c(C=C)c2cc1-c1ccc2ccc3cc(-c4ccc5ccccc5c4)ccc3c2c1'), min:(-99999, '')
[0.967212438583374] Updated in round 27! max:(0.3698630136986301, 'C=Cc1cc2ccc(C=C)c(C=C)c2cc1-c1ccc2ccc3cc(-c4ccc5ccccc5c4)ccc3c2c1'), min:(-99999, '')
[0.9727542400360107] Updated in round 28! max:(0.3698630136986301, 'C=Cc1cc2ccc(C=C)c(C=C)c2cc1-c1ccc2ccc3cc(-c4ccc5ccccc5c4)ccc3c2c1'), min:(-99999, '')
[0.9801023006439209] Updated in round 29! max:(0.3698630136986301, 'C=Cc1cc2ccc(C=C)c(C=C)c2cc1-c1ccc2ccc3cc(-c4ccc5ccccc5c4)ccc3c2c1'), min:(-99999, '')
[0.9861950874328613] Updated in round 30! max:(0.3698630136986301, 'C=Cc1cc2ccc(C=C)c(C=C)c2cc1-c1ccc2ccc3cc(-c4ccc5ccccc5c4)ccc3c2c1'), min:(-99999, '')
[0.9915244579315186] Updated in round 31! max:(0.3698630136986301, 'C=Cc1cc2ccc(C=C)c(C=C)c2cc1-c1ccc2ccc3cc(-c4ccc5ccccc5c4)ccc3c2c1'), min:(-99999, '')
[0.9988980293273926] Updated in round 32! max:(0.3698630136986301, 'C=Cc1cc2ccc(C=C)c(C=C)c2cc1-c1ccc2ccc3cc(-c4ccc5ccccc5c4)ccc3c2c1'), min:(-99999, '')
[1.004533052444458] Updated in round 33! max:(0.3698630136986301, 'C=Cc1cc2ccc(C=C)c(C=C)c2cc1-c1ccc2ccc3cc(-c4ccc5ccccc5c4)ccc3c2c1'), min:(-99999, '')
[1.0100042819976807] Updated in round 34! max:(0.3698630136986301, 'C=Cc1cc2ccc(C=C)c(C=C)c2cc1-c1ccc2ccc3cc(-c4ccc5ccccc5c4)ccc3c2c1'), min:(-99999, '')
[1.0163288116455078] Updated in round 35! max:(0.3698630136986301, 'C=Cc1cc2ccc(C=C)c(C=C)c2cc1-c1ccc2ccc3cc(-c4ccc5ccccc5c4)ccc3c2c1'), min:(-99999, '')
[1.0222768783569336] Updated in round 36! max:(0.3698630136986301, 'C=Cc1cc2ccc(C=C)c(C=C)c2cc1-c1ccc2ccc3cc(-c4ccc5ccccc5c4)ccc3c2c1'), min:(-99999, '')
[1.0285594463348389] Updated in round 37! max:(0.3698630136986301, 'C=Cc1cc2ccc(C=C)c(C=C)c2cc1-c1ccc2ccc3cc(-c4ccc5ccccc5c4)ccc3c2c1'), min:(-99999, '')
[1.0342352390289307] Updated in round 38! max:(0.3698630136986301, 'C=Cc1cc2ccc(C=C)c(C=C)c2cc1-c1ccc2ccc3cc(-c4ccc5ccccc5c4)ccc3c2c1'), min:(-99999, '')
[1.040235996246338] Updated in round 39! max:(0.3698630136986301, 'C=Cc1cc2ccc(C=C)c(C=C)c2cc1-c1ccc2ccc3cc(-c4ccc5ccccc5c4)ccc3c2c1'), min:(-99999, '')
[1.045837163925171] Updated in round 40! max:(0.3698630136986301, 'C=Cc1cc2ccc(C=C)c(C=C)c2cc1-c1ccc2ccc3cc(-c4ccc5ccccc5c4)ccc3c2c1'), min:(-99999, '')
[1.0518462657928467] Updated in round 41! max:(0.3835616438356164, 'C=Cc1cc2c(ccc3ccc(-c4cc5c(C=C)c(C=C)ccc5cc4C=C)cc32)cc1-c1ccc2ccccc2c1'), min:(-99999, '')
[1.1891107559204102] Updated in round 42! max:(0.3835616438356164, 'C=Cc1cc2c(ccc3ccc(-c4cc5c(C=C)c(C=C)ccc5cc4C=C)cc32)cc1-c1ccc2ccccc2c1'), min:(-99999, '')
[1.1961848735809326] Updated in round 43! max:(0.3972602739726027, 'C=Cc1cc2ccc(C=C)c(C=C)c2cc1-c1ccc2ccc3cc4c(ccc5cc6ccccc6cc54)cc3c2c1'), min:(-99999, '')
[1.3429527282714844] Updated in round 44! max:(0.3972602739726027, 'C=Cc1cc2ccc(C=C)c(C=C)c2cc1-c1ccc2ccc3cc4c(ccc5cc6ccccc6cc54)cc3c2c1'), min:(-99999, '')
[1.3538587093353271] Updated in round 45! max:(0.3972602739726027, 'C=Cc1cc2ccc(C=C)c(C=C)c2cc1-c1ccc2ccc3cc4c(ccc5cc6ccccc6cc54)cc3c2c1'), min:(-99999, '')
[1.3643896579742432] Updated in round 46! max:(0.3972602739726027, 'C=Cc1cc2ccc(C=C)c(C=C)c2cc1-c1ccc2ccc3cc4c(ccc5cc6ccccc6cc54)cc3c2c1'), min:(-99999, '')
[1.3701701164245605] Updated in round 47! max:(0.3972602739726027, 'C=Cc1cc2ccc(C=C)c(C=C)c2cc1-c1ccc2ccc3cc4c(ccc5cc6ccccc6cc54)cc3c2c1'), min:(-99999, '')
[1.3771467208862305] Updated in round 48! max:(0.3972602739726027, 'C=Cc1cc2ccc(C=C)c(C=C)c2cc1-c1ccc2ccc3cc4c(ccc5cc6ccccc6cc54)cc3c2c1'), min:(-99999, '')
[1.383491039276123] Updated in round 49! max:(0.3972602739726027, 'C=Cc1cc2ccc(C=C)c(C=C)c2cc1-c1ccc2ccc3cc4c(ccc5cc6ccccc6cc54)cc3c2c1'), min:(-99999, '')
[1.3909215927124023] Updated in round 50! max:(0.3972602739726027, 'C=Cc1cc2ccc(C=C)c(C=C)c2cc1-c1ccc2ccc3cc4c(ccc5cc6ccccc6cc54)cc3c2c1'), min:(-99999, '')
[1.3970434665679932] Updated in round 51! max:(0.3972602739726027, 'C=Cc1cc2ccc(C=C)c(C=C)c2cc1-c1ccc2ccc3cc4c(ccc5cc6ccccc6cc54)cc3c2c1'), min:(-99999, '')
[1.403459072113037] Updated in round 52! max:(0.3972602739726027, 'C=Cc1cc2ccc(C=C)c(C=C)c2cc1-c1ccc2ccc3cc4c(ccc5cc6ccccc6cc54)cc3c2c1'), min:(-99999, '')
[1.4103517532348633] Updated in round 53! max:(0.3972602739726027, 'C=Cc1cc2ccc(C=C)c(C=C)c2cc1-c1ccc2ccc3cc4c(ccc5cc6ccccc6cc54)cc3c2c1'), min:(-99999, '')
[1.4199752807617188] Updated in round 54! max:(0.3972602739726027, 'C=Cc1cc2ccc(C=C)c(C=C)c2cc1-c1ccc2ccc3cc4c(ccc5cc6ccccc6cc54)cc3c2c1'), min:(-99999, '')
[1.4255211353302002] Updated in round 55! max:(0.3972602739726027, 'C=Cc1cc2ccc(C=C)c(C=C)c2cc1-c1ccc2ccc3cc4c(ccc5cc6ccccc6cc54)cc3c2c1'), min:(-99999, '')
[1.4337012767791748] Updated in round 56! max:(0.410958904109589, 'C=Cc1cc2ccc(C=C)c(C=C)c2cc1-c1ccc2ccc3cc4c(ccc5cc6cccc(C=C)c6cc54)cc3c2c1'), min:(-99999, '')
[1.593949317932129] Updated in round 57! max:(0.4246575342465753, 'C=CC=Cc1ccc2cc(C=C)c(-c3ccc4ccc5cc6c(ccc7cc8cccc(C=C)c8cc76)cc5c4c3)cc2c1C=C'), min:(-99999, '')
[1.7809176445007324] Updated in round 58! max:(0.4246575342465753, 'C=CC=Cc1ccc2cc(C=C)c(-c3ccc4ccc5cc6c(ccc7cc8cccc(C=C)c8cc76)cc5c4c3)cc2c1C=C'), min:(-99999, '')
[1.7933471202850342] Updated in round 59! max:(0.4246575342465753, 'C=CC=Cc1ccc2cc(C=C)c(-c3ccc4ccc5cc6c(ccc7cc8cccc(C=C)c8cc76)cc5c4c3)cc2c1C=C'), min:(-99999, '')
[1.8048925399780273] Updated in round 60! max:(0.4246575342465753, 'C=CC=Cc1ccc2cc(C=C)c(-c3ccc4ccc5cc6c(ccc7cc8cccc(C=C)c8cc76)cc5c4c3)cc2c1C=C'), min:(-99999, '')
[1.8205058574676514] Updated in round 61! max:(0.4383561643835616, 'C=Cc1ccc2c(ccc3cc(C=C)c(-c4ccc5ccc6cc7c(ccc8cc9cccc(C=C)c9cc87)cc6c5c4)cc32)c1'), min:(-99999, '')
[2.0280981063842773] Updated in round 62! max:(0.4931506849315068, 'C=Cc1ccc2c(ccc3cc(C=C)c(-c4ccc5ccc6cc7c(ccc8cc9cccc(C=Cc%10ccccc%10)c9cc87)cc6c5c4)cc32)c1'), min:(-99999, '')
[2.3259775638580322] Updated in round 63! max:(0.5068493150684932, 'C=Cc1ccc(C=Cc2cccc3cc4ccc5cc6c(ccc7ccc(-c8cc9c(ccc%10cc(C=C)ccc%109)cc8C=C)cc76)cc5c4cc23)cc1'), min:(-99999, '')
[2.6530568599700928] Updated in round 64! max:(0.5068493150684932, 'C=Cc1ccc(C=Cc2cccc3cc4ccc5cc6c(ccc7ccc(-c8cc9c(ccc%10cc(C=C)ccc%109)cc8C=C)cc76)cc5c4cc23)cc1'), min:(-99999, '')
[2.6825110912323] Updated in round 65! max:(0.5068493150684932, 'C=Cc1ccc(C=Cc2cccc3cc4ccc5cc6c(ccc7ccc(-c8cc9c(ccc%10cc(C=C)ccc%109)cc8C=C)cc76)cc5c4cc23)cc1'), min:(-99999, '')
[2.711010694503784] Updated in round 66! max:(0.5342465753424658, 'C=Cc1ccc2c(ccc3cc(C=C)c(-c4ccc5ccc6cc7c(ccc8cc9cccc(C=Cc%10ccc%11ccccc%11c%10)c9cc87)cc6c5c4)cc32)c1'), min:(-99999, '')
[3.065676212310791] Updated in round 67! max:(0.5342465753424658, 'C=Cc1ccc2c(ccc3cc(C=C)c(-c4ccc5ccc6cc7c(ccc8cc9cccc(C=Cc%10ccc%11ccccc%11c%10)c9cc87)cc6c5c4)cc32)c1'), min:(-99999, '')
[3.0758731365203857] Updated in round 68! max:(0.5342465753424658, 'C=Cc1ccc2c(ccc3cc(C=C)c(-c4ccc5ccc6cc7c(ccc8cc9cccc(C=Cc%10ccc%11ccccc%11c%10)c9cc87)cc6c5c4)cc32)c1'), min:(-99999, '')
[3.1140694618225098] Updated in round 69! max:(0.5342465753424658, 'C=Cc1ccc2c(ccc3cc(C=C)c(-c4ccc5ccc6cc7c(ccc8cc9cccc(C=Cc%10ccc%11ccccc%11c%10)c9cc87)cc6c5c4)cc32)c1'), min:(-99999, '')
[3.125002861022949] Updated in round 70! max:(0.5342465753424658, 'C=Cc1ccc2c(ccc3cc(C=C)c(-c4ccc5ccc6cc7c(ccc8cc9cccc(C=Cc%10ccc%11ccccc%11c%10)c9cc87)cc6c5c4)cc32)c1'), min:(-99999, '')
[3.1696910858154297] Updated in round 71! max:(0.5342465753424658, 'C=Cc1ccc2c(ccc3cc(C=C)c(-c4ccc5ccc6cc7c(ccc8cc9cccc(C=Cc%10ccc%11ccccc%11c%10)c9cc87)cc6c5c4)cc32)c1'), min:(-99999, '')
[3.188565492630005] Updated in round 72! max:(0.5342465753424658, 'C=Cc1ccc2c(ccc3cc(C=C)c(-c4ccc5ccc6cc7c(ccc8cc9cccc(C=Cc%10ccc%11ccccc%11c%10)c9cc87)cc6c5c4)cc32)c1'), min:(-99999, '')
[3.2095870971679688] Updated in round 73! max:(0.5342465753424658, 'C=Cc1ccc2c(ccc3cc(C=C)c(-c4ccc5ccc6cc7c(ccc8cc9cccc(C=Cc%10ccc%11ccccc%11c%10)c9cc87)cc6c5c4)cc32)c1'), min:(-99999, '')
[3.229910373687744] Updated in round 74! max:(0.5342465753424658, 'C=Cc1ccc2c(ccc3cc(C=C)c(-c4ccc5ccc6cc7c(ccc8cc9cccc(C=Cc%10ccc%11ccccc%11c%10)c9cc87)cc6c5c4)cc32)c1'), min:(-99999, '')
[3.25938081741333] Updated in round 75! max:(0.5342465753424658, 'C=Cc1ccc2c(ccc3cc(C=C)c(-c4ccc5ccc6cc7c(ccc8cc9cccc(C=Cc%10ccc%11ccccc%11c%10)c9cc87)cc6c5c4)cc32)c1'), min:(-99999, '')
[3.290628671646118] Updated in round 76! max:(0.5342465753424658, 'C=Cc1ccc2c(ccc3cc(C=C)c(-c4ccc5ccc6cc7c(ccc8cc9cccc(C=Cc%10ccc%11ccccc%11c%10)c9cc87)cc6c5c4)cc32)c1'), min:(-99999, '')
[3.304738998413086] Updated in round 77! max:(0.5342465753424658, 'C=Cc1ccc2c(ccc3cc(C=C)c(-c4ccc5ccc6cc7c(ccc8cc9cccc(C=Cc%10ccc%11ccccc%11c%10)c9cc87)cc6c5c4)cc32)c1'), min:(-99999, '')
[3.3252363204956055] Updated in round 78! max:(0.547945205479452, 'C=Cc1ccc2c(ccc3cc(C=C)c(-c4ccc5ccc6cc7c(ccc8cc9cccc(C=Cc%10cc%11ccccc%11cc%10C=C)c9cc87)cc6c5c4)cc32)c1'), min:(-99999, '')
[3.7030887603759766] Updated in round 79! max:(0.547945205479452, 'C=Cc1ccc2c(ccc3cc(C=C)c(-c4ccc5ccc6cc7c(ccc8cc9cccc(C=Cc%10cc%11ccccc%11cc%10C=C)c9cc87)cc6c5c4)cc32)c1'), min:(-99999, '')
[3.728001832962036] Updated in round 80! max:(0.589041095890411, 'C=Cc1ccc2c(ccc3cc(C=C)c(-c4ccc5ccc6cc7c(ccc8cc9cccc(C=Cc%10cc%11c(ccc%12ccccc%12%11)cc%10C=C)c9cc87)cc6c5c4)cc32)c1'), min:(-99999, '')
[4.179299831390381] Updated in round 81! max:(0.589041095890411, 'C=Cc1ccc2c(ccc3cc(C=C)c(-c4ccc5ccc6cc7c(ccc8cc9cccc(C=Cc%10cc%11c(ccc%12ccccc%12%11)cc%10C=C)c9cc87)cc6c5c4)cc32)c1'), min:(-99999, '')
[4.204165458679199] Updated in round 82! max:(0.589041095890411, 'C=Cc1ccc2c(ccc3cc(C=C)c(-c4ccc5ccc6cc7c(ccc8cc9cccc(C=Cc%10cc%11c(ccc%12ccccc%12%11)cc%10C=C)c9cc87)cc6c5c4)cc32)c1'), min:(-99999, '')
[4.234264850616455] Updated in round 83! max:(0.6027397260273972, 'C=Cc1ccc2c(ccc3cc(C=C)c(-c4ccc5ccc6cc7c(ccc8cc9cccc(C=Cc%10cc%11c(ccc%12ccc(C=C)cc%12%11)cc%10C=C)c9cc87)cc6c5c4)cc32)c1'), min:(-99999, '')
[4.722884178161621] Updated in round 84! max:(0.6027397260273972, 'C=Cc1ccc2c(ccc3cc(C=C)c(-c4ccc5ccc6cc7c(ccc8cc9cccc(C=Cc%10cc%11c(ccc%12ccc(C=C)cc%12%11)cc%10C=C)c9cc87)cc6c5c4)cc32)c1'), min:(-99999, '')
[4.750076055526733] Updated in round 85! max:(0.6027397260273972, 'C=Cc1ccc2c(ccc3cc(C=C)c(-c4ccc5ccc6cc7c(ccc8cc9cccc(C=Cc%10cc%11c(ccc%12ccc(C=C)cc%12%11)cc%10C=C)c9cc87)cc6c5c4)cc32)c1'), min:(-99999, '')
[4.796299695968628] Updated in round 86! max:(0.6027397260273972, 'C=Cc1ccc2c(ccc3cc(C=C)c(-c4ccc5ccc6cc7c(ccc8cc9cccc(C=Cc%10cc%11c(ccc%12ccc(C=C)cc%12%11)cc%10C=C)c9cc87)cc6c5c4)cc32)c1'), min:(-99999, '')
[4.825202941894531] Updated in round 87! max:(0.6027397260273972, 'C=Cc1ccc2c(ccc3cc(C=C)c(-c4ccc5ccc6cc7c(ccc8cc9cccc(C=Cc%10cc%11c(ccc%12ccc(C=C)cc%12%11)cc%10C=C)c9cc87)cc6c5c4)cc32)c1'), min:(-99999, '')
[4.8643059730529785] Updated in round 88! max:(0.6164383561643836, 'C=CC=Cc1ccc2c(ccc3cc(C=C)c(-c4ccc5ccc6cc7c(ccc8cc9cccc(C=Cc%10cc%11c(ccc%12ccc(C=C)cc%12%11)cc%10C=C)c9cc87)cc6c5c4)cc32)c1'), min:(-99999, '')
[5.424722909927368] Updated in round 89! max:(0.6164383561643836, 'C=CC=Cc1ccc2c(ccc3cc(C=C)c(-c4ccc5ccc6cc7c(ccc8cc9cccc(C=Cc%10cc%11c(ccc%12ccc(C=C)cc%12%11)cc%10C=C)c9cc87)cc6c5c4)cc32)c1'), min:(-99999, '')
[5.498718738555908] Updated in round 90! max:(0.6164383561643836, 'C=CC=Cc1ccc2c(ccc3cc(C=C)c(-c4ccc5ccc6cc7c(ccc8cc9cccc(C=Cc%10cc%11c(ccc%12ccc(C=C)cc%12%11)cc%10C=C)c9cc87)cc6c5c4)cc32)c1'), min:(-99999, '')
[5.5387701988220215] Updated in round 91! max:(0.6712328767123288, 'C=CC=Cc1ccc2c(ccc3cc(C=C)c(-c4ccc5ccc6cc7c(ccc8cc9cccc(C=Cc%10cc%11c(ccc%12ccc(C=Cc%13ccccc%13)cc%12%11)cc%10C=C)c9cc87)cc6c5c4)cc32)c1'), min:(-99999, '')
[6.258317708969116] Updated in round 92! max:(0.726027397260274, 'C=CC=Cc1ccc2c(ccc3cc(C=C)c(-c4ccc5ccc6cc7c(ccc8cc9cccc(C=Cc%10cc%11c(ccc%12ccc(C=Cc%13ccc(-c%14ccccc%14)cc%13)cc%12%11)cc%10C=C)c9cc87)cc6c5c4)cc32)c1'), min:(-99999, '')
[7.1886937618255615] Updated in round 93! max:(0.726027397260274, 'C=CC=Cc1ccc2c(ccc3cc(C=C)c(-c4ccc5ccc6cc7c(ccc8cc9cccc(C=Cc%10cc%11c(ccc%12ccc(C=Cc%13ccc(-c%14ccccc%14)cc%13)cc%12%11)cc%10C=C)c9cc87)cc6c5c4)cc32)c1'), min:(-99999, '')
[7.237384796142578] Updated in round 94! max:(0.726027397260274, 'C=CC=Cc1ccc2c(ccc3cc(C=C)c(-c4ccc5ccc6cc7c(ccc8cc9cccc(C=Cc%10cc%11c(ccc%12ccc(C=Cc%13ccc(-c%14ccccc%14)cc%13)cc%12%11)cc%10C=C)c9cc87)cc6c5c4)cc32)c1'), min:(-99999, '')
[7.263605117797852] Updated in round 95! max:(0.726027397260274, 'C=CC=Cc1ccc2c(ccc3cc(C=C)c(-c4ccc5ccc6cc7c(ccc8cc9cccc(C=Cc%10cc%11c(ccc%12ccc(C=Cc%13ccc(-c%14ccccc%14)cc%13)cc%12%11)cc%10C=C)c9cc87)cc6c5c4)cc32)c1'), min:(-99999, '')
[7.322235345840454] Updated in round 96! max:(0.726027397260274, 'C=CC=Cc1ccc2c(ccc3cc(C=C)c(-c4ccc5ccc6cc7c(ccc8cc9cccc(C=Cc%10cc%11c(ccc%12ccc(C=Cc%13ccc(-c%14ccccc%14)cc%13)cc%12%11)cc%10C=C)c9cc87)cc6c5c4)cc32)c1'), min:(-99999, '')
[7.3878631591796875] Updated in round 97! max:(0.726027397260274, 'C=CC=Cc1ccc2c(ccc3cc(C=C)c(-c4ccc5ccc6cc7c(ccc8cc9cccc(C=Cc%10cc%11c(ccc%12ccc(C=Cc%13ccc(-c%14ccccc%14)cc%13)cc%12%11)cc%10C=C)c9cc87)cc6c5c4)cc32)c1'), min:(-99999, '')
[7.436161518096924] Updated in round 98! max:(0.726027397260274, 'C=CC=Cc1ccc2c(ccc3cc(C=C)c(-c4ccc5ccc6cc7c(ccc8cc9cccc(C=Cc%10cc%11c(ccc%12ccc(C=Cc%13ccc(-c%14ccccc%14)cc%13)cc%12%11)cc%10C=C)c9cc87)cc6c5c4)cc32)c1'), min:(-99999, '')
[7.527579307556152] Updated in round 99! max:(0.726027397260274, 'C=CC=Cc1ccc2c(ccc3cc(C=C)c(-c4ccc5ccc6cc7c(ccc8cc9cccc(C=Cc%10cc%11c(ccc%12ccc(C=Cc%13ccc(-c%14ccccc%14)cc%13)cc%12%11)cc%10C=C)c9cc87)cc6c5c4)cc32)c1'), min:(-99999, '')
[7.561967134475708] Updated in round 100! max:(0.726027397260274, 'C=CC=Cc1ccc2c(ccc3cc(C=C)c(-c4ccc5ccc6cc7c(ccc8cc9cccc(C=Cc%10cc%11c(ccc%12ccc(C=Cc%13ccc(-c%14ccccc%14)cc%13)cc%12%11)cc%10C=C)c9cc87)cc6c5c4)cc32)c1'), min:(-99999, '')
[9.155050992965698] Updated in round 101! max:(0.7397260273972602, 'C=Cc1cc2ccc3ccc(C=Cc4ccc(-c5ccccc5)cc4)cc3c2cc1C=Cc1cccc2cc3ccc4cc5c(ccc6ccc(-c7cc8c(ccc9cc%10ccccc%10cc98)cc7C=C)cc65)cc4c3cc12'), min:(-1.0, 'C=CC=Cc1ccc2c(ccc3cc(C=C)c4c5ccc6ccc7cc8c(ccc9cc%10cccc(ccc%11cc%12c(ccc%13ccc(cc%13%12)c(=Cc%12ccc(-c%13ccccc%13)cc%12)c4c32)cc%11C=C)c%10cc98)cc7c6c5)c1')
[14.694799661636353] Updated in round 102! max:(0.7671232876712328, 'C=Cc1cc2ccc3ccc(C=Cc4ccc(-c5ccccc5)cc4)cc3c2cc1C=Cc1cccc2cc3ccc4cc5c(ccc6ccc(-c7cc8c(ccc9cc(C=Cc%10ccccc%10)ccc98)cc7C=C)cc65)cc4c3cc12'), min:(-1.0, 'C=CC=Cc1ccc2c(ccc3cc(C=C)c(-c4ccc5cc(C=C)c6cc7c(ccc8cc9cccc(C=Cc%10cc%11c(ccc%12ccc(C=Cc%13ccc(-c%14ccccc%14)cc%13)cc%12%11)cc%10C=C)c9cc87)cc6c5c4)cc32)c1')
[24.816001892089844] Updated in round 103! max:(0.7671232876712328, 'C=Cc1cc2ccc3ccc(C=Cc4ccc(-c5ccccc5)cc4)cc3c2cc1C=Cc1cccc2cc3ccc4cc5c(ccc6ccc(-c7cc8c(ccc9cc(C=Cc%10ccccc%10)ccc98)cc7C=C)cc65)cc4c3cc12'), min:(-1.0, 'C=CC=Cc1ccc2c(ccc3c(C=C)c(C=C)c(-c4ccc5ccc6cc7c(ccc8cc9cccc(C=Cc%10cc%11c(ccc%12ccc(C=Cc%13ccc(-c%14ccccc%14)cc%13)cc%12%11)cc%10C=C)c9cc87)cc6c5c4)cc32)c1')
[28.05774164199829] Updated in round 104! max:(0.7945205479452054, 'C=Cc1cc2ccc3ccc(C=Cc4ccc(-c5cc6ccccc6cc5C=C)cc4)cc3c2cc1C=Cc1cccc2cc3ccc4cc5c(ccc6ccc(-c7cc8c(ccc9cc%10ccccc%10cc98)cc7C=C)cc65)cc4c3cc12'), min:(-1.0, 'C=CC=Cc1ccc2c(ccc3cc(C=C)c(-c4ccc5ccc6cc7c(cc8c9cc%10cccc(c%10cc97)C=Cc7cc9c(ccc%10ccc(C=Cc%11ccc(-c%12ccccc%12)cc%11)cc%109)cc7C8=C)cc6c5c4)cc32)c1')
[42.7530632019043] Updated in round 105! max:(0.8082191780821918, 'C=Cc1cccc(-c2ccc(C=Cc3ccc4ccc5cc(C=C)c(-c6ccc7ccc8cc9ccc%10cc%11c(ccc%12ccc(-c%13cc%14c(ccc%15cc(C=Cc%16ccccc%16)ccc%15%14)cc%13C=C)cc%12%11)cc%10c9cc8c7c6)cc5c4c3)cc2)c1'), min:(-1.0, 'C=CC=Cc1ccc2c(ccc3cc(C=C)c(-c4cc5c6cc7ccc8cc9cccc%10ccc%11cc%12c(cc%11C=C)cc(c%11ccc(C=Cc%13ccc(-c%14ccccc%14)cc%13)cc%12%11)c(c4)c5ccc6cc7c8cc%109)cc32)c1')
[54.3507604598999] Updated in round 106! max:(0.8356164383561644, 'C=Cc1cc2ccc3cc(C=Cc4ccccc4)ccc3c2cc1-c1ccc2ccc3cc4c(ccc5cc6ccc7ccc(-c8cc9c(ccc%10ccc(C=Cc%11ccc(-c%12ccc%13ccccc%13c%12)cc%11)cc%109)cc8C=C)cc7c6cc54)cc3c2c1'), min:(-1.0, 'C=CC=Cc1ccc2c(c1)c1cc3cc(C=C)c(cc32)-c2ccc3ccc4cc5c(ccc6cc7cccc(c7cc65)C=Cc5cc6c(ccc7ccc(cc76)C=Cc6ccc(-c7ccccc7)cc6-1)cc5C=C)cc4c3c2')
[70.33099937438965] Updated in round 107! max:(0.8493150684931506, 'C=Cc1cc2ccc3cc4c(ccc5ccc(-c6cc(-c7ccccc7)ccc6C=C)cc54)cc3c2cc1C=Cc1cccc2cc3ccc4cc5c(ccc6cc7ccc8cc9ccc%10cc%11cccc(C=C)c%11cc%10c9cc8c7cc65)cc4c3cc12'), min:(-1.0, 'C=CC=Cc1ccc2c(c1)c1cc3cc(C=C)c(cc32)-c2ccc3ccc4cc5c(ccc6cc7cccc(c7cc65)C=Cc5cc6c(ccc7ccc(cc76)C=C1c1ccc(-c6ccccc6)cc1)cc5C=C)cc4c3c2')
[85.78476929664612] Updated in round 108! max:(0.8493150684931506, 'C=Cc1cc2ccc3cc4c(ccc5ccc(-c6cc(-c7ccccc7)ccc6C=C)cc54)cc3c2cc1C=Cc1cccc2cc3ccc4cc5c(ccc6cc7ccc8cc9ccc%10cc%11cccc(C=C)c%11cc%10c9cc8c7cc65)cc4c3cc12'), min:(-1.0, 'C=CC=C1c2ccc3c(ccc4cc(C=C)c(-c5ccc6ccc7cc8c(ccc9cc%10cccc(C=Cc%11cc%12c(ccc%13ccc(C=Cc%14ccc(-c%15ccccc%15)cc%14)cc%13%12)cc%11C=C)c%10cc98)cc7c6c5)cc43)c21')
[100.89936137199402] Updated in round 109! max:(0.8493150684931506, 'C=Cc1cc2ccc3cc4c(ccc5ccc(-c6cc(-c7ccccc7)ccc6C=C)cc54)cc3c2cc1C=Cc1cccc2cc3ccc4cc5c(ccc6cc7ccc8cc9ccc%10cc%11cccc(C=C)c%11cc%10c9cc8c7cc65)cc4c3cc12'), min:(-1.0, 'C=CC=Cc1ccc2c(c1)c1cc3cc(C=C)c(cc32)-c2ccc3ccc4cc5c(ccc6cc7cccc(C=Cc8cc9c(ccc%10ccc(C=Cc%11ccccc%11)cc%109)cc8C=C)c7cc65)cc4c3c2-1')
[123.79757499694824] Updated in round 110! max:(0.863013698630137, 'C=Cc1ccc2ccc3cc(C=Cc4ccc5ccc6cc(C=C)c(-c7ccc8ccc9cc%10ccc%11cc%12c(ccc%13ccc(-c%14cc%15c(ccc%16cc(C=Cc%17ccc(C=C)c(C=C)c%17)ccc%16%15)cc%14C=C)cc%13%12)cc%11c%10cc9c8c7)cc6c5c4)ccc3c2c1'), min:(-1.0, 'C=CC=Cc1cc2ccc3cc(C=C)c4cc3c2c(c1)c1cc2ccc4cc2c2cc3ccc4cc5cccc(C=Cc6cc7c(ccc8ccc(C=C)cc87)cc6C=C)c5cc4c3cc21')
[138.38342118263245] Updated in round 111! max:(0.8904109589041096, 'C=Cc1ccc2ccc3cc(C=Cc4ccc5ccc6cc7ccc8cc9ccc%10cc%11ccc%12cc%13c(ccc%14ccc(-c%15cc%16c(ccc%17cc(C=Cc%18ccc%19ccccc%19c%18)ccc%17%16)cc%15C=C)cc%14%13)cc%12c%11cc%10c9cc8c7cc6c5c4)ccc3c2c1'), min:(-1.0, 'C=CC=Cc1ccc2c(ccc3cc(C=C)c(-c4ccc5ccc6cc7c8cc9c%10cccc9cc8ccc7c(c6c5c4)c4c(cc%10)c(C=C)cc5ccc6ccc(C=C)cc6c54)cc32)c1')
[165.22477555274963] Updated in round 112! max:(0.9041095890410958, 'C=Cc1cc2ccc3cc4ccc5cc(C=C)c(-c6ccc7ccc8cc9c(ccc%10cc%11ccc%12ccc(-c%13cc%14c(ccc%15ccc(C=Cc%16ccc%17c(ccc%18cc%19ccccc%19cc%18%17)c%16)cc%15%14)cc%13C=C)cc%12c%11cc%109)cc8c7c6)cc5c4cc3c2cc1C=C'), min:(-1.0, 'C=CC=Cc1ccc2c(ccc3cc(C=C)c(-c4ccc5ccc6cc7c(ccc8cc9cccc(C%10=Cc%11cc%12c(cc%11C=C)cc%10c%10ccc(C=C)cc%10%12)c9cc87)cc6c5c4)cc32)c1')
[193.2029721736908] Updated in round 113! max:(0.9041095890410958, 'C=Cc1cc2ccc3cc4ccc5cc(C=C)c(-c6ccc7ccc8cc9c(ccc%10cc%11ccc%12ccc(-c%13cc%14c(ccc%15ccc(C=Cc%16ccc%17c(ccc%18cc%19ccccc%19cc%18%17)c%16)cc%15%14)cc%13C=C)cc%12c%11cc%109)cc8c7c6)cc5c4cc3c2cc1C=C'), min:(-1.0, 'C=Cc1ccc2c(ccc3cc(C=C)c(-c4ccc5ccc6cc7c(ccc8cc9cccc%10ccc%11cc%12c(ccc%13ccc(ccc(c%109)c87)cc%13%12)cc%11C=C)cc6c5c4)cc32)c1')
[221.7577486038208] Updated in round 114! max:(0.9041095890410958, 'C=Cc1cc2ccc3cc4ccc5cc(C=C)c(-c6ccc7ccc8cc9c(ccc%10cc%11ccc%12ccc(-c%13cc%14c(ccc%15ccc(C=Cc%16ccc%17c(ccc%18cc%19ccccc%19cc%18%17)c%16)cc%15%14)cc%13C=C)cc%12c%11cc%109)cc8c7c6)cc5c4cc3c2cc1C=C'), min:(-1.0, 'C=Cc1ccc2c(ccc3cc(C=C)c(-c4ccc5ccc6cc7c8cc9c%10cccc9cc8ccc7c(c7c(C=C)ccc8ccc9cc(C=C)c(cc%10)cc9c87)c6c5c4)cc32)c1')
[251.80629324913025] Updated in round 115! max:(0.9178082191780822, 'C=Cc1cc2ccc3cc4ccc3c2cc1-c1ccc2ccc3cc5c(ccc6cc7ccc8cc9ccc%10cc%11ccc%12cc%13c(ccc%14cc%15ccc%16ccc(cc%16c%15cc%14%13)-c%13cccc(c%13)-c%13cccc(c%13)C=C4)cc%12c%11cc%10c9cc8c7cc65)cc3c2c1'), min:(-1.0, 'C=Cc1ccc2c(ccc3cc4c(cc32)-c2ccc3ccc5cc6c(ccc7cc8cccc(C=Cc9cc%10c(ccc%11ccc(C=C)cc%11%10)cc9C=C)c8cc76)cc5c3c2C4=C)c1')
[281.6653070449829] Updated in round 116! max:(0.9178082191780822, 'C=Cc1cc2ccc3cc4ccc3c2cc1-c1ccc2ccc3cc5c(ccc6cc7ccc8cc9ccc%10cc%11ccc%12cc%13c(ccc%14cc%15ccc%16ccc(cc%16c%15cc%14%13)-c%13cccc(c%13)-c%13cccc(c%13)C=C4)cc%12c%11cc%10c9cc8c7cc65)cc3c2c1'), min:(-1.0, 'C=Cc1ccc2c(ccc3cc(C=C)c(-c4ccc5ccc6cc7c(ccc8cc9ccc(-c%10ccccc%10)c(C=Cc%10cc%11c(ccc%12ccc(C=C)cc%12%11)cc%10C=C)c9cc87)cc6c5c4)cc32)c1')
[324.72135972976685] Updated in round 117! max:(0.9178082191780822, 'C=Cc1cc2ccc3cc4ccc3c2cc1-c1ccc2ccc3cc5c(ccc6cc7ccc8cc9ccc%10cc%11ccc%12cc%13c(ccc%14cc%15ccc%16ccc(cc%16c%15cc%14%13)-c%13cccc(c%13)-c%13cccc(c%13)C=C4)cc%12c%11cc%10c9cc8c7cc65)cc3c2c1'), min:(-1.0, 'C=Cc1ccc2c(ccc3cc(C=C)c(-c4ccc5ccc6cc7c8ccc9cc%10c(ccc(C=Cc%11cc%12c(ccc%13ccc(C=C)cc%13%12)cc%11C=C)c%10cc97)-c8c6c5c4)cc32)c1')
[356.27922201156616] Updated in round 118! max:(0.9178082191780822, 'C=Cc1cc2ccc3cc4ccc3c2cc1-c1ccc2ccc3cc5c(ccc6cc7ccc8cc9ccc%10cc%11ccc%12cc%13c(ccc%14cc%15ccc%16ccc(cc%16c%15cc%14%13)-c%13cccc(c%13)-c%13cccc(c%13)C=C4)cc%12c%11cc%10c9cc8c7cc65)cc3c2c1'), min:(-1.0, 'C=Cc1ccc2c(ccc3cc(C=C)c(-c4ccc5c6cc7cc8c(ccc9cc%10cccc(ccc%11cc%12c(ccc%13ccccc%13%12)cc%11c6=C)c%10cc98)cc7c5c4)cc32)c1')
[387.39803981781006] Updated in round 119! max:(0.9178082191780822, 'C=Cc1cc2ccc3cc4ccc3c2cc1-c1ccc2ccc3cc5c(ccc6cc7ccc8cc9ccc%10cc%11ccc%12cc%13c(ccc%14cc%15ccc%16ccc(cc%16c%15cc%14%13)-c%13cccc(c%13)-c%13cccc(c%13)C=C4)cc%12c%11cc%10c9cc8c7cc65)cc3c2c1'), min:(-1.0, 'C=Cc1ccc2c(ccc3cc(C=C)c(-c4ccc5ccc6cc7c(ccc8cc9cccc(C=Cc%10cc%11c(ccc%12ccccc%12%11)c%11c%10C%11=C)c9cc87)cc6c5c4)cc32)c1')
[424.18702387809753] Updated in round 120! max:(0.9178082191780822, 'C=Cc1cc2ccc3cc4ccc3c2cc1-c1ccc2ccc3cc5c(ccc6cc7ccc8cc9ccc%10cc%11ccc%12cc%13c(ccc%14cc%15ccc%16ccc(cc%16c%15cc%14%13)-c%13cccc(c%13)-c%13cccc(c%13)C=C4)cc%12c%11cc%10c9cc8c7cc65)cc3c2c1'), min:(-1.0, 'C=Cc1ccc2c(ccc3cc(C=C)c(-c4ccc5ccc6cc7c(ccc8cc9cccc(C=Cc%10cc%11c(cc%10C=C)cc%10c%12c-%10cccc%12%11)c9cc87)cc6c5c4)cc32)c1')
[449.16630721092224] Updated in round 121! max:(0.9315068493150684, 'C=Cc1ccc2cc3c4ccc5cc6ccc7cc8ccc9cc%10ccc%11cc%12c(ccc%13cc%14cccc(c%14cc%13%12)C=c%12c(=C)ccc%13cc%14ccc%15ccc(cc%15c%14cc%12%13)C=Cc%12ccc%13c(ccc%14ccc(cc%14%13)C=Cc1c2c4)c%12)cc%11c%10cc9c8cc7c6cc53'), min:(-1.0, 'C=Cc1ccc2c(ccc3cc(C=C)c(-c4ccc5ccc6c(cc7ccc8cc9ccc%10c(C=Cc%11cc%12ccccc%12cc%11C=C)c9cc8c7c%106)c5c4)cc32)c1')
[480.8475751876831] Updated in round 122! max:(0.9452054794520548, 'C=Cc1cc2ccc3cc4ccc3c2cc1-c1ccc2ccc3cc5c(ccc6cc7ccc8ccc(cc8c7cc65)-c5cc6c(ccc7cc8c(ccc9cc%10ccc%11cc(C=C)c(cc%11c%10cc98)-c8ccc9ccc%10ccc(cc%10c9c8)C=C4)cc76)cc5C=C)cc3c2c1'), min:(-1.0, 'C=Cc1ccc2c(ccc3cc(C=C)c(-c4ccc5ccc6cc7c8ccc9cc%10cccc(C=Cc%11cc%12ccccc%12cc%11C=C)c%10c(c4c5c6c8)c97)cc32)c1')
[519.7917354106903] Updated in round 123! max:(0.9452054794520548, 'C=Cc1cc2ccc3cc4ccc3c2cc1-c1ccc2ccc3cc5c(ccc6cc7ccc8ccc(cc8c7cc65)-c5cc6c(ccc7cc8c(ccc9cc%10ccc%11cc(C=C)c(cc%11c%10cc98)-c8ccc9ccc%10ccc(cc%10c9c8)C=C4)cc76)cc5C=C)cc3c2c1'), min:(-1.0, 'C=Cc1ccc2c(ccc3cc(C=C)c(-c4ccc5ccc6cc7c(ccc8cc9ccc(-c%10ccccc%10)c(C=Cc%10ccc%11ccccc%11c%10)c9cc87)cc6c5c4)cc32)c1')
[562.4489948749542] Updated in round 124! max:(0.958904109589041, 'C=CC=Cc1cc2c3ccc4cc5ccc6cc7ccc8cc9ccc%10cc%11c(ccc%12cc%13ccc%14ccc(cc%14c%13cc%12%11)-c%11cc%12c(ccc%13cc%14c(ccc%15cc%16ccc%17cc%18cccc(c%18cc%17c%16cc%15%14)C=Cc1c3)cc%13%12)cc%11C=C)cc%10c9cc8c7cc6c5cc42'), min:(-1.0, 'C=Cc1ccc2c(ccc3cc(C=C)c(-c4ccc5ccc6cc7c(ccc8cc9cccc%10c(=Cc%11ccc%12ccccc%12c%11)c(c9%10)c87)cc6c5c4)cc32)c1')
[601.8720810413361] Updated in round 125! max:(0.958904109589041, 'C=CC=Cc1cc2c3ccc4cc5ccc6cc7ccc8cc9ccc%10cc%11c(ccc%12cc%13ccc%14ccc(cc%14c%13cc%12%11)-c%11cc%12c(ccc%13cc%14c(ccc%15cc%16ccc%17cc%18cccc(c%18cc%17c%16cc%15%14)C=Cc1c3)cc%13%12)cc%11C=C)cc%10c9cc8c7cc6c5cc42'), min:(-1.0, 'C=Cc1ccc2c(ccc3cc(C=C)c4c5ccc6ccc7cc8c(ccc9cc%10ccc(c(C=Cc%11ccc%12ccccc%12c%11)c%10cc98)c4c32)cc7c6c5)c1')
[645.6557259559631] Updated in round 126! max:(0.958904109589041, 'C=CC=Cc1cc2c3ccc4cc5ccc6cc7ccc8cc9ccc%10cc%11c(ccc%12cc%13ccc%14ccc(cc%14c%13cc%12%11)-c%11cc%12c(ccc%13cc%14c(ccc%15cc%16ccc%17cc%18cccc(c%18cc%17c%16cc%15%14)C=Cc1c3)cc%13%12)cc%11C=C)cc%10c9cc8c7cc6c5cc42'), min:(-1.0, 'C=Cc1ccc2c(ccc3cc(C=C)c(-c4ccc5ccc6cc7c8ccc9cc%10c(ccc(C=Cc%11ccc%12ccccc%12c%11)c%10cc97)-c8c6c5c4)cc32)c1')
[691.481294631958] Updated in round 127! max:(0.958904109589041, 'C=CC=Cc1cc2c3ccc4cc5ccc6cc7ccc8cc9ccc%10cc%11c(ccc%12cc%13ccc%14ccc(cc%14c%13cc%12%11)-c%11cc%12c(ccc%13cc%14c(ccc%15cc%16ccc%17cc%18cccc(c%18cc%17c%16cc%15%14)C=Cc1c3)cc%13%12)cc%11C=C)cc%10c9cc8c7cc6c5cc42'), min:(-1.0, 'C=Cc1ccc2c(ccc3cc(C=C)c(-c4ccc5ccc6cc7c8cc9c(C=Cc%10ccc%11ccccc%11c%10)ccc%10c9cc8cc%10c7cc6c5c4)cc32)c1')
[739.5794680118561] Updated in round 128! max:(0.958904109589041, 'C=CC=Cc1cc2c3ccc4cc5ccc6cc7ccc8cc9ccc%10cc%11c(ccc%12cc%13ccc%14ccc(cc%14c%13cc%12%11)-c%11cc%12c(ccc%13cc%14c(ccc%15cc%16ccc%17cc%18cccc(c%18cc%17c%16cc%15%14)C=Cc1c3)cc%13%12)cc%11C=C)cc%10c9cc8c7cc6c5cc42'), min:(-1.0, 'C=Cc1ccc2c(ccc3cc(C=C)c4c5ccc6ccc7cc8c(ccc9cc%10cccc(ccc%11cc%12ccccc%12c(c%11)c4c32)c%10cc98)cc7c6c5)c1')
[793.5307269096375] Updated in round 129! max:(0.958904109589041, 'C=CC=Cc1cc2c3ccc4cc5ccc6cc7ccc8cc9ccc%10cc%11c(ccc%12cc%13ccc%14ccc(cc%14c%13cc%12%11)-c%11cc%12c(ccc%13cc%14c(ccc%15cc%16ccc%17cc%18cccc(c%18cc%17c%16cc%15%14)C=Cc1c3)cc%13%12)cc%11C=C)cc%10c9cc8c7cc6c5cc42'), min:(-1.0, 'C=Cc1ccc2c(ccc3cc(C=C)c(-c4ccc5ccc6cc7c8ccc9cc%10cccc(c(=Cc%11ccc%12ccccc%12c%11)c4c5c6c8)c%10cc97)cc32)c1')
[830.8354890346527] Updated in round 130! max:(0.9726027397260274, 'C=Cc1cc2ccc3cc4ccc3c2cc1-c1ccc2ccc3cc5c(ccc6cc7ccc8cc9ccc%10cc%11ccc%12cc%13c(ccc%14cc%15ccc%16cc%17ccc%18cc%19ccc%20ccc(cc%20c%19cc%18c%17cc%16c%15cc%14%13)C=C4)cc%12c%11cc%10c9cc8c7cc65)cc3c2c1'), min:(-1.0, 'C=Cc1ccc2c(ccc3cc4c(cc32)-c2ccc3ccc5c(c6c(ccc7cc8cccc(C=Cc9ccc%10ccccc%10c9)c8cc76)cc5c3c2)C4=C)c1')
[908.3405117988586] Updated in round 131! max:(0.9726027397260274, 'C=Cc1cc2ccc3cc4ccc3c2cc1-c1ccc2ccc3cc5c(ccc6cc7ccc8cc9ccc%10cc%11ccc%12cc%13c(ccc%14cc%15ccc%16cc%17ccc%18cc%19ccc%20ccc(cc%20c%19cc%18c%17cc%16c%15cc%14%13)C=C4)cc%12c%11cc%10c9cc8c7cc65)cc3c2c1'), min:(-1.0, 'C=Cc1ccc2c(ccc3cc4c(cc32)-c2cc(c3ccc5cc6c(ccc7cc8cccc(C=Cc9ccc%10ccccc%10c9)c8cc76)cc5c3c2)C=C4)c1')
[957.8392112255096] Updated in round 132! max:(0.9726027397260274, 'C=Cc1cc2ccc3cc4ccc3c2cc1-c1ccc2ccc3cc5c(ccc6cc7ccc8cc9ccc%10cc%11ccc%12cc%13c(ccc%14cc%15ccc%16cc%17ccc%18cc%19ccc%20ccc(cc%20c%19cc%18c%17cc%16c%15cc%14%13)C=C4)cc%12c%11cc%10c9cc8c7cc65)cc3c2c1'), min:(-1.0, 'C=Cc1ccc2c(ccc3cc4ccc5cc6ccc(cc6c6cc7ccc8cc9cccc(C=Cc%10ccc%11ccccc%11c%10)c9cc8c7cc56)c4cc32)c1')
[1039.303206205368] Updated in round 133! max:(0.9726027397260274, 'C=Cc1cc2ccc3cc4ccc3c2cc1-c1ccc2ccc3cc5c(ccc6cc7ccc8cc9ccc%10cc%11ccc%12cc%13c(ccc%14cc%15ccc%16cc%17ccc%18cc%19ccc%20ccc(cc%20c%19cc%18c%17cc%16c%15cc%14%13)C=C4)cc%12c%11cc%10c9cc8c7cc65)cc3c2c1'), min:(-1.0, 'C=Cc1ccc2c(ccc3cc(C=C)c(-c4ccc5ccc6cc7c(ccc8cc9ccc%10ccc(c9c%10C=Cc9ccc%10ccccc%10c9)c87)cc6c5c4)cc32)c1')
[1099.0456142425537] Updated in round 134! max:(0.9863013698630136, 'C=Cc1cc2ccc3cc4ccc5cc6c7ccc8cc9ccc%10cc%11ccc%12cc%13ccc%14cc%15c(ccc%16cc%17ccc%18cc%19ccc%20cc%21ccc%22cc%23c(ccc%24ccc(cc%24%23)-c1cc2c3cc4c5c7)cc%22c%21cc%20c%19cc%18c%17cc%16%15)cc%14c%13cc%12c%11cc%10c9cc86'), min:(-1.0, 'C=Cc1ccc2c(ccc3cc4c(=C)c5ccc6cc(ccc6c5)ccc5cccc6cc7ccc8cc9c(ccc%10ccc(cc%109)c4cc32)cc8c7cc56)c1')
[1167.6995933055878] Updated in round 135! max:(0.9863013698630136, 'C=Cc1cc2ccc3cc4ccc5cc6c7ccc8cc9ccc%10cc%11ccc%12cc%13ccc%14cc%15c(ccc%16cc%17ccc%18cc%19ccc%20cc%21ccc%22cc%23c(ccc%24ccc(cc%24%23)-c1cc2c3cc4c5c7)cc%22c%21cc%20c%19cc%18c%17cc%16%15)cc%14c%13cc%12c%11cc%10c9cc86'), min:(-1.0, 'C=Cc1ccc2c(ccc3c2cc2c(C=C)c3c3cc(C=C)ccc3ccc3cccc4cc5ccc6cc7c(ccc8ccc2cc87)cc6c5cc34)c1')
[1244.568431377411] Updated in round 136! max:(0.9863013698630136, 'C=Cc1cc2ccc3cc4ccc5cc6c7ccc8cc9ccc%10cc%11ccc%12cc%13ccc%14cc%15c(ccc%16cc%17ccc%18cc%19ccc%20cc%21ccc%22cc%23c(ccc%24ccc(cc%24%23)-c1cc2c3cc4c5c7)cc%22c%21cc%20c%19cc%18c%17cc%16%15)cc%14c%13cc%12c%11cc%10c9cc86'), min:(-1.0, 'C=Cc1ccc2c(ccc3cc4c(=C)ccc5ccc(cc5)ccc5cccc6cc7ccc8cc9c(ccc%10ccc(cc%109)c4cc32)cc8c7cc56)c1')
[1323.2653141021729] Updated in round 137! max:(0.9863013698630136, 'C=Cc1cc2ccc3cc4ccc5cc6c7ccc8cc9ccc%10cc%11ccc%12cc%13ccc%14cc%15c(ccc%16cc%17ccc%18cc%19ccc%20cc%21ccc%22cc%23c(ccc%24ccc(cc%24%23)-c1cc2c3cc4c5c7)cc%22c%21cc%20c%19cc%18c%17cc%16%15)cc%14c%13cc%12c%11cc%10c9cc86'), min:(-1.0, 'C=Cc1ccc2c(ccc3cc4c(=C)c5cc(ccc5C=C)ccc5cccc6cc7ccc8cc9c(ccc%10ccc(cc%109)c4cc32)cc8c7cc56)c1')
[1381.8164212703705] Updated in round 138! max:(0.9863013698630136, 'C=Cc1cc2ccc3cc4ccc5cc6c7ccc8cc9ccc%10cc%11ccc%12cc%13ccc%14cc%15c(ccc%16cc%17ccc%18cc%19ccc%20cc%21ccc%22cc%23c(ccc%24ccc(cc%24%23)-c1cc2c3cc4c5c7)cc%22c%21cc%20c%19cc%18c%17cc%16%15)cc%14c%13cc%12c%11cc%10c9cc86'), min:(-1.0, 'C=Cc1cc2ccc3c4ccc(cc4C=C)c3c2cc1-c1ccc2ccc3cc4c(ccc5cc6cccc(C=C)c6cc54)cc3c2c1')
[1458.8485162258148] Updated in round 139! max:(0.9863013698630136, 'C=Cc1cc2ccc3cc4ccc5cc6c7ccc8cc9ccc%10cc%11ccc%12cc%13ccc%14cc%15c(ccc%16cc%17ccc%18cc%19ccc%20cc%21ccc%22cc%23c(ccc%24ccc(cc%24%23)-c1cc2c3cc4c5c7)cc%22c%21cc%20c%19cc%18c%17cc%16%15)cc%14c%13cc%12c%11cc%10c9cc86'), min:(-1.0, 'C#Cc1ccc(C=C)c2cc3c(ccc4cc5c(ccc6ccc(-c7cc8c(C=C)c(C=CC=C)ccc8cc7C=C)cc65)cc43)cc12')
[1562.019050359726] Updated in round 140! max:(0.9863013698630136, 'C=Cc1cc2ccc3cc4ccc5cc6c7ccc8cc9ccc%10cc%11ccc%12cc%13ccc%14cc%15c(ccc%16cc%17ccc%18cc%19ccc%20cc%21ccc%22cc%23c(ccc%24ccc(cc%24%23)-c1cc2c3cc4c5c7)cc%22c%21cc%20c%19cc%18c%17cc%16%15)cc%14c%13cc%12c%11cc%10c9cc86'), min:(-1.0, 'C=CC=Cc1ccc2cc(C=C)c(-c3ccc4cc5c6cc(C=C)c7cc8c(ccc9cc(c4c3)c5cc98)cc7c6)cc2c1C=C')
[1638.1985683441162] Updated in round 141! max:(0.9863013698630136, 'C=Cc1cc2ccc3cc4ccc5cc6c7ccc8cc9ccc%10cc%11ccc%12cc%13ccc%14cc%15c(ccc%16cc%17ccc%18cc%19ccc%20cc%21ccc%22cc%23c(ccc%24ccc(cc%24%23)-c1cc2c3cc4c5c7)cc%22c%21cc%20c%19cc%18c%17cc%16%15)cc%14c%13cc%12c%11cc%10c9cc86'), min:(-1.0, 'C=CC=Cc1ccc2c(cc3c(C=C)c2c(=C)c2cccc4cc5ccc6cc7c(ccc8ccc3cc87)cc6c5cc42)c1C=C')
[1737.6876785755157] Updated in round 142! max:(0.9863013698630136, 'C=Cc1cc2ccc3cc4ccc5cc6c7ccc8cc9ccc%10cc%11ccc%12cc%13ccc%14cc%15c(ccc%16cc%17ccc%18cc%19ccc%20cc%21ccc%22cc%23c(ccc%24ccc(cc%24%23)-c1cc2c3cc4c5c7)cc%22c%21cc%20c%19cc%18c%17cc%16%15)cc%14c%13cc%12c%11cc%10c9cc86'), min:(-1.0, 'C=CC=Cc1cc2ccc1c1cc(-c3ccc4ccc5cc6c(ccc7cc8cccc(C=C)c8cc76)cc5c4c3)c(C=C)cc21')
[1739.2230336666107] Reproduced in round 143!!
