[5.5789947509765625e-05]Start running EvoMol from [H][H]...
[0.0005319118499755859] Updated in round 1! max:(0.03571428571428571, 'C=C'), min:(-99999, '')
[0.001239776611328125] Updated in round 2! max:(0.07142857142857142, 'C=CC=C'), min:(-99999, '')
[0.00298309326171875] Updated in round 3! max:(0.10714285714285714, 'C=CC=CC=C'), min:(-99999, '')
[0.0056095123291015625] Updated in round 4! max:(0.14285714285714285, 'c1ccccc1'), min:(-99999, '')
[0.00955653190612793] Updated in round 5! max:(0.17857142857142858, 'C=Cc1ccccc1'), min:(-99999, '')
[0.012366771697998047] Updated in round 6! max:(0.21428571428571427, 'C=Cc1ccc(C=C)cc1'), min:(-99999, '')
[0.016224384307861328] Updated in round 7! max:(0.25, 'C=CC=Cc1ccc(C=C)cc1'), min:(-99999, '')
[0.022815465927124023] Updated in round 8! max:(0.2857142857142857, 'C=CC=Cc1ccc(C=CC=C)cc1'), min:(-99999, '')
[0.030935287475585938] Updated in round 9! max:(0.32142857142857145, 'C=CC=Cc1ccc(C=C(C=C)C=C)cc1'), min:(-99999, '')
[0.04106783866882324] Updated in round 10! max:(0.35714285714285715, 'C=CC(C=C)=Cc1ccc(C=C(C=C)C=C)cc1'), min:(-99999, '')
[0.05370330810546875] Updated in round 11! max:(0.39285714285714285, 'C=CC=CC(C=C)=Cc1ccc(C=C(C=C)C=C)cc1'), min:(-99999, '')
[0.07067394256591797] Updated in round 12! max:(0.42857142857142855, 'C=CC(C=C)=Cc1ccc(C=c2ccc(=C)cc2)cc1'), min:(-99999, '')
[0.08771872520446777] Updated in round 13! max:(0.4642857142857143, 'C=CC=c1ccc(=Cc2ccc(C=C(C=C)C=C)cc2)cc1'), min:(-99999, '')
[0.10971236228942871] Updated in round 14! max:(0.4642857142857143, 'C=CC=c1ccc(=Cc2ccc(C=C(C=C)C=C)cc2)cc1'), min:(-99999, '')
[0.11232590675354004] Updated in round 15! max:(0.5, 'C=CC=CC=c1ccc(=Cc2ccc(C=C(C=C)C=C)cc2)cc1'), min:(-99999, '')
[0.14136886596679688] Updated in round 16! max:(0.5357142857142857, 'C=CC=C(C=C)C=c1ccc(=Cc2ccc(C=C(C=C)C=C)cc2)cc1'), min:(-99999, '')
[0.17479276657104492] Updated in round 17! max:(0.5357142857142857, 'C=CC=C(C=C)C=c1ccc(=Cc2ccc(C=C(C=C)C=C)cc2)cc1'), min:(-99999, '')
[0.1769883632659912] Updated in round 18! max:(0.5357142857142857, 'C=CC=C(C=C)C=c1ccc(=Cc2ccc(C=C(C=C)C=C)cc2)cc1'), min:(-99999, '')
[0.17906451225280762] Updated in round 19! max:(0.5357142857142857, 'C=CC=C(C=C)C=c1ccc(=Cc2ccc(C=C(C=C)C=C)cc2)cc1'), min:(-99999, '')
[0.1810321807861328] Updated in round 20! max:(0.5357142857142857, 'C=CC=C(C=C)C=c1ccc(=Cc2ccc(C=C(C=C)C=C)cc2)cc1'), min:(-99999, '')
[0.1838538646697998] Updated in round 21! max:(0.5714285714285714, 'C=CC=CC=C(C=C)C=c1ccc(=Cc2ccc(C=C(C=C)C=C)cc2)cc1'), min:(-99999, '')
[0.2256312370300293] Updated in round 22! max:(0.5714285714285714, 'C=CC=CC=C(C=C)C=c1ccc(=Cc2ccc(C=C(C=C)C=C)cc2)cc1'), min:(-99999, '')
[0.22838044166564941] Updated in round 23! max:(0.6071428571428571, 'C=CC(C=C)=Cc1ccc(C=c2ccc(=Cc3ccc(C=C)cc3)cc2)cc1'), min:(-99999, '')
[0.271381139755249] Updated in round 24! max:(0.6428571428571429, 'C=CC=CC(C=C)=Cc1ccc(C=c2ccc(=Cc3ccc(C=C)cc3)cc2)cc1'), min:(-99999, '')
[0.3240940570831299] Updated in round 25! max:(0.6428571428571429, 'C=CC=CC(C=C)=Cc1ccc(C=c2ccc(=Cc3ccc(C=C)cc3)cc2)cc1'), min:(-99999, '')
[0.32659292221069336] Updated in round 26! max:(0.6428571428571429, 'C=CC=CC(C=C)=Cc1ccc(C=c2ccc(=Cc3ccc(C=C)cc3)cc2)cc1'), min:(-99999, '')
[0.3290584087371826] Updated in round 27! max:(0.6428571428571429, 'C=CC=CC(C=C)=Cc1ccc(C=c2ccc(=Cc3ccc(C=C)cc3)cc2)cc1'), min:(-99999, '')
[0.3315401077270508] Updated in round 28! max:(0.6428571428571429, 'C=CC=CC(C=C)=Cc1ccc(C=c2ccc(=Cc3ccc(C=C)cc3)cc2)cc1'), min:(-99999, '')
[0.3340270519256592] Updated in round 29! max:(0.6428571428571429, 'C=CC=CC(C=C)=Cc1ccc(C=c2ccc(=Cc3ccc(C=C)cc3)cc2)cc1'), min:(-99999, '')
[0.33733487129211426] Updated in round 30! max:(0.6785714285714286, 'C=CC=CC=CC(C=C)=Cc1ccc(C=c2ccc(=Cc3ccc(C=C)cc3)cc2)cc1'), min:(-99999, '')
[0.4006998538970947] Updated in round 31! max:(0.6785714285714286, 'C=CC=CC=CC(C=C)=Cc1ccc(C=c2ccc(=Cc3ccc(C=C)cc3)cc2)cc1'), min:(-99999, '')
[0.4034888744354248] Updated in round 32! max:(0.6785714285714286, 'C=CC=CC=CC(C=C)=Cc1ccc(C=c2ccc(=Cc3ccc(C=C)cc3)cc2)cc1'), min:(-99999, '')
[0.40694189071655273] Updated in round 33! max:(0.6785714285714286, 'C=CC=CC=CC(C=C)=Cc1ccc(C=c2ccc(=Cc3ccc(C=C)cc3)cc2)cc1'), min:(-99999, '')
[0.41118669509887695] Updated in round 34! max:(0.7142857142857143, 'C=CC=c1ccc(=Cc2ccc(C=c3ccc(=Cc4ccc(C=C)cc4)cc3)cc2)cc1'), min:(-99999, '')
[0.47585129737854004] Updated in round 35! max:(0.7142857142857143, 'C=CC=c1ccc(=Cc2ccc(C=c3ccc(=Cc4ccc(C=C)cc4)cc3)cc2)cc1'), min:(-99999, '')
[0.4791221618652344] Updated in round 36! max:(0.7142857142857143, 'C=CC=c1ccc(=Cc2ccc(C=c3ccc(=Cc4ccc(C=C)cc4)cc3)cc2)cc1'), min:(-99999, '')
[0.48203492164611816] Updated in round 37! max:(0.7142857142857143, 'C=CC=c1ccc(=Cc2ccc(C=c3ccc(=Cc4ccc(C=C)cc4)cc3)cc2)cc1'), min:(-99999, '')
[0.48490333557128906] Updated in round 38! max:(0.7142857142857143, 'C=CC=c1ccc(=Cc2ccc(C=c3ccc(=Cc4ccc(C=C)cc4)cc3)cc2)cc1'), min:(-99999, '')
[0.487962007522583] Updated in round 39! max:(0.7142857142857143, 'C=CC=c1ccc(=Cc2ccc(C=c3ccc(=Cc4ccc(C=C)cc4)cc3)cc2)cc1'), min:(-99999, '')
[0.4908590316772461] Updated in round 40! max:(0.7142857142857143, 'C=CC=c1ccc(=Cc2ccc(C=c3ccc(=Cc4ccc(C=C)cc4)cc3)cc2)cc1'), min:(-99999, '')
[0.49358153343200684] Updated in round 41! max:(0.7142857142857143, 'C=CC=c1ccc(=Cc2ccc(C=c3ccc(=Cc4ccc(C=C)cc4)cc3)cc2)cc1'), min:(-99999, '')
[0.4968831539154053] Updated in round 42! max:(0.75, 'C=CC=CC=c1ccc(=Cc2ccc(C=c3ccc(=Cc4ccc(C=C)cc4)cc3)cc2)cc1'), min:(-99999, '')
[0.5762903690338135] Updated in round 43! max:(0.75, 'C=CC=CC=c1ccc(=Cc2ccc(C=c3ccc(=Cc4ccc(C=C)cc4)cc3)cc2)cc1'), min:(-99999, '')
[0.5794131755828857] Updated in round 44! max:(0.75, 'C=CC=CC=c1ccc(=Cc2ccc(C=c3ccc(=Cc4ccc(C=C)cc4)cc3)cc2)cc1'), min:(-99999, '')
[0.5821743011474609] Updated in round 45! max:(0.75, 'C=CC=CC=c1ccc(=Cc2ccc(C=c3ccc(=Cc4ccc(C=C)cc4)cc3)cc2)cc1'), min:(-99999, '')
[0.5853481292724609] Updated in round 46! max:(0.75, 'C=CC=CC=c1ccc(=Cc2ccc(C=c3ccc(=Cc4ccc(C=C)cc4)cc3)cc2)cc1'), min:(-99999, '')
[0.5886688232421875] Updated in round 47! max:(0.75, 'C=CC=CC=c1ccc(=Cc2ccc(C=c3ccc(=Cc4ccc(C=C)cc4)cc3)cc2)cc1'), min:(-99999, '')
[0.5919194221496582] Updated in round 48! max:(0.75, 'C=CC=CC=c1ccc(=Cc2ccc(C=c3ccc(=Cc4ccc(C=C)cc4)cc3)cc2)cc1'), min:(-99999, '')
[0.5953426361083984] Updated in round 49! max:(0.75, 'C=CC=CC=c1ccc(=Cc2ccc(C=c3ccc(=Cc4ccc(C=C)cc4)cc3)cc2)cc1'), min:(-99999, '')
[0.5980696678161621] Updated in round 50! max:(0.75, 'C=CC=CC=c1ccc(=Cc2ccc(C=c3ccc(=Cc4ccc(C=C)cc4)cc3)cc2)cc1'), min:(-99999, '')
[0.601527214050293] Updated in round 51! max:(0.75, 'C=CC=CC=c1ccc(=Cc2ccc(C=c3ccc(=Cc4ccc(C=C)cc4)cc3)cc2)cc1'), min:(-99999, '')
[0.6043622493743896] Updated in round 52! max:(0.75, 'C=CC=CC=c1ccc(=Cc2ccc(C=c3ccc(=Cc4ccc(C=C)cc4)cc3)cc2)cc1'), min:(-99999, '')
[0.6075787544250488] Updated in round 53! max:(0.75, 'C=CC=CC=c1ccc(=Cc2ccc(C=c3ccc(=Cc4ccc(C=C)cc4)cc3)cc2)cc1'), min:(-99999, '')
[0.610846757888794] Updated in round 54! max:(0.75, 'C=CC=CC=c1ccc(=Cc2ccc(C=c3ccc(=Cc4ccc(C=C)cc4)cc3)cc2)cc1'), min:(-99999, '')
[0.6138753890991211] Updated in round 55! max:(0.75, 'C=CC=CC=c1ccc(=Cc2ccc(C=c3ccc(=Cc4ccc(C=C)cc4)cc3)cc2)cc1'), min:(-99999, '')
[0.616668701171875] Updated in round 56! max:(0.75, 'C=CC=CC=c1ccc(=Cc2ccc(C=c3ccc(=Cc4ccc(C=C)cc4)cc3)cc2)cc1'), min:(-99999, '')
[0.6193687915802002] Updated in round 57! max:(0.75, 'C=CC=CC=c1ccc(=Cc2ccc(C=c3ccc(=Cc4ccc(C=C)cc4)cc3)cc2)cc1'), min:(-99999, '')
[0.6233282089233398] Updated in round 58! max:(0.7857142857142857, 'C=CC=CC=c1ccc(=Cc2ccc(C=c3ccc(=Cc4ccc(C=CC=C)cc4)cc3)cc2)cc1'), min:(-99999, '')
[0.71921706199646] Updated in round 59! max:(0.7857142857142857, 'C=CC=CC=c1ccc(=Cc2ccc(C=c3ccc(=Cc4ccc(C=CC=C)cc4)cc3)cc2)cc1'), min:(-99999, '')
[0.7224946022033691] Updated in round 60! max:(0.7857142857142857, 'C=CC=CC=c1ccc(=Cc2ccc(C=c3ccc(=Cc4ccc(C=CC=C)cc4)cc3)cc2)cc1'), min:(-99999, '')
[0.7261176109313965] Updated in round 61! max:(0.7857142857142857, 'C=CC=CC=c1ccc(=Cc2ccc(C=c3ccc(=Cc4ccc(C=CC=C)cc4)cc3)cc2)cc1'), min:(-99999, '')
[0.7290503978729248] Updated in round 62! max:(0.7857142857142857, 'C=CC=CC=c1ccc(=Cc2ccc(C=c3ccc(=Cc4ccc(C=CC=C)cc4)cc3)cc2)cc1'), min:(-99999, '')
[0.7334744930267334] Updated in round 63! max:(0.8214285714285714, 'C=CC=Cc1ccc(C=c2ccc(=Cc3ccc(C=c4ccc(=CC(C=C)=CC=C)cc4)cc3)cc2)cc1'), min:(-99999, '')
[0.8406474590301514] Updated in round 64! max:(0.8214285714285714, 'C=CC=Cc1ccc(C=c2ccc(=Cc3ccc(C=c4ccc(=CC(C=C)=CC=C)cc4)cc3)cc2)cc1'), min:(-99999, '')
[0.844491720199585] Updated in round 65! max:(0.8214285714285714, 'C=CC=Cc1ccc(C=c2ccc(=Cc3ccc(C=c4ccc(=CC(C=C)=CC=C)cc4)cc3)cc2)cc1'), min:(-99999, '')
[0.8487443923950195] Updated in round 66! max:(0.8571428571428571, 'C=CC=Cc1ccc(C=c2ccc(=Cc3ccc(C=c4ccc(=Cc5ccccc5)cc4)cc3)cc2)cc1'), min:(-99999, '')
[0.961798906326294] Updated in round 67! max:(0.8571428571428571, 'C=CC=Cc1ccc(C=c2ccc(=Cc3ccc(C=c4ccc(=Cc5ccccc5)cc4)cc3)cc2)cc1'), min:(-99999, '')
[0.9654810428619385] Updated in round 68! max:(0.8571428571428571, 'C=CC=Cc1ccc(C=c2ccc(=Cc3ccc(C=c4ccc(=Cc5ccccc5)cc4)cc3)cc2)cc1'), min:(-99999, '')
[0.9690399169921875] Updated in round 69! max:(0.8571428571428571, 'C=CC=Cc1ccc(C=c2ccc(=Cc3ccc(C=c4ccc(=Cc5ccccc5)cc4)cc3)cc2)cc1'), min:(-99999, '')
[0.9732322692871094] Updated in round 70! max:(0.8571428571428571, 'C=CC=Cc1ccc(C=c2ccc(=Cc3ccc(C=c4ccc(=Cc5ccccc5)cc4)cc3)cc2)cc1'), min:(-99999, '')
[0.9771220684051514] Updated in round 71! max:(0.8571428571428571, 'C=CC=Cc1ccc(C=c2ccc(=Cc3ccc(C=c4ccc(=Cc5ccccc5)cc4)cc3)cc2)cc1'), min:(-99999, '')
[0.9815988540649414] Updated in round 72! max:(0.8928571428571429, 'C=CC=Cc1ccc(C=c2ccc(=Cc3ccc(C=c4ccc(=Cc5ccc(C=C)cc5)cc4)cc3)cc2)cc1'), min:(-99999, '')
[1.1092865467071533] Updated in round 73! max:(0.8928571428571429, 'C=CC=Cc1ccc(C=c2ccc(=Cc3ccc(C=c4ccc(=Cc5ccc(C=C)cc5)cc4)cc3)cc2)cc1'), min:(-99999, '')
[1.112691879272461] Updated in round 74! max:(0.8928571428571429, 'C=CC=Cc1ccc(C=c2ccc(=Cc3ccc(C=c4ccc(=Cc5ccc(C=C)cc5)cc4)cc3)cc2)cc1'), min:(-99999, '')
[1.1178972721099854] Updated in round 75! max:(0.9285714285714286, 'c1cccc2ccc(cc2)cc2ccc(cc2)cc2ccc(cc2)cc2ccc(cc2)cc2ccc(cc1)cc2'), min:(-99999, '')
[1.302464485168457] Updated in round 76! max:(0.9285714285714286, 'c1cccc2ccc(cc2)cc2ccc(cc2)cc2ccc(cc2)cc2ccc(cc2)cc2ccc(cc1)cc2'), min:(-99999, '')
[1.3085041046142578] Updated in round 77! max:(0.9642857142857143, 'C=Cc1ccccc2ccc(cc2)cc2ccc(cc2)cc2ccc(cc2)cc2ccc(cc2)cc2ccc(cc2)c1'), min:(-99999, '')
[1.5164430141448975] Updated in round 78! max:(0.9642857142857143, 'C=Cc1ccccc2ccc(cc2)cc2ccc(cc2)cc2ccc(cc2)cc2ccc(cc2)cc2ccc(cc2)c1'), min:(-99999, '')
[1.5230231285095215] Updated in round 79! max:(0.9642857142857143, 'C=Cc1ccccc2ccc(cc2)cc2ccc(cc2)cc2ccc(cc2)cc2ccc(cc2)cc2ccc(cc2)c1'), min:(-99999, '')
[1.5283310413360596] Updated in round 80! max:(0.9642857142857143, 'C=Cc1ccccc2ccc(cc2)cc2ccc(cc2)cc2ccc(cc2)cc2ccc(cc2)cc2ccc(cc2)c1'), min:(-99999, '')
[1.5355653762817383] Updated in round 81! max:(0.9642857142857143, 'C=Cc1ccccc2ccc(cc2)cc2ccc(cc2)cc2ccc(cc2)cc2ccc(cc2)cc2ccc(cc2)c1'), min:(-99999, '')
[1.540562629699707] Updated in round 82! max:(0.9642857142857143, 'C=Cc1ccccc2ccc(cc2)cc2ccc(cc2)cc2ccc(cc2)cc2ccc(cc2)cc2ccc(cc2)c1'), min:(-99999, '')
[1.5459790229797363] Updated in round 83! max:(0.9642857142857143, 'C=Cc1ccccc2ccc(cc2)cc2ccc(cc2)cc2ccc(cc2)cc2ccc(cc2)cc2ccc(cc2)c1'), min:(-99999, '')
[1.5521578788757324] Updated in round 84! max:(0.9642857142857143, 'C=Cc1ccccc2ccc(cc2)cc2ccc(cc2)cc2ccc(cc2)cc2ccc(cc2)cc2ccc(cc2)c1'), min:(-99999, '')
[1.5587809085845947] Updated in round 85! max:(0.9642857142857143, 'C=Cc1ccccc2ccc(cc2)cc2ccc(cc2)cc2ccc(cc2)cc2ccc(cc2)cc2ccc(cc2)c1'), min:(-99999, '')
[1.5640828609466553] Updated in round 86! max:(0.9642857142857143, 'C=Cc1ccccc2ccc(cc2)cc2ccc(cc2)cc2ccc(cc2)cc2ccc(cc2)cc2ccc(cc2)c1'), min:(-99999, '')
[1.569779872894287] Updated in round 87! max:(0.9642857142857143, 'C=Cc1ccccc2ccc(cc2)cc2ccc(cc2)cc2ccc(cc2)cc2ccc(cc2)cc2ccc(cc2)c1'), min:(-99999, '')
[1.5747640132904053] Updated in round 88! max:(0.9642857142857143, 'C=Cc1ccccc2ccc(cc2)cc2ccc(cc2)cc2ccc(cc2)cc2ccc(cc2)cc2ccc(cc2)c1'), min:(-99999, '')
[1.5794615745544434] Updated in round 89! max:(0.9642857142857143, 'C=Cc1ccccc2ccc(cc2)cc2ccc(cc2)cc2ccc(cc2)cc2ccc(cc2)cc2ccc(cc2)c1'), min:(-99999, '')
[1.5852835178375244] Updated in round 90! max:(0.9642857142857143, 'C=Cc1ccccc2ccc(cc2)cc2ccc(cc2)cc2ccc(cc2)cc2ccc(cc2)cc2ccc(cc2)c1'), min:(-99999, '')
[1.590731143951416] Updated in round 91! max:(0.9642857142857143, 'C=Cc1ccccc2ccc(cc2)cc2ccc(cc2)cc2ccc(cc2)cc2ccc(cc2)cc2ccc(cc2)c1'), min:(-99999, '')
[1.596313238143921] Updated in round 92! max:(0.9642857142857143, 'C=Cc1ccccc2ccc(cc2)cc2ccc(cc2)cc2ccc(cc2)cc2ccc(cc2)cc2ccc(cc2)c1'), min:(-99999, '')
[1.6016700267791748] Updated in round 93! max:(0.9642857142857143, 'C=Cc1ccccc2ccc(cc2)cc2ccc(cc2)cc2ccc(cc2)cc2ccc(cc2)cc2ccc(cc2)c1'), min:(-99999, '')
[1.6067612171173096] Updated in round 94! max:(0.9642857142857143, 'C=Cc1ccccc2ccc(cc2)cc2ccc(cc2)cc2ccc(cc2)cc2ccc(cc2)cc2ccc(cc2)c1'), min:(-99999, '')
[1.613128900527954] Updated in round 95! max:(0.9642857142857143, 'C=Cc1ccccc2ccc(cc2)cc2ccc(cc2)cc2ccc(cc2)cc2ccc(cc2)cc2ccc(cc2)c1'), min:(-99999, '')
[1.6187376976013184] Updated in round 96! max:(0.9642857142857143, 'C=Cc1ccccc2ccc(cc2)cc2ccc(cc2)cc2ccc(cc2)cc2ccc(cc2)cc2ccc(cc2)c1'), min:(-99999, '')
[1.6218924522399902] Reproduced in round 97!!
