[6.67572021484375e-05]Start running EvoMol from [H][H]...
[0.0016531944274902344] Updated in round 1! max:(0.02702702702702703, 'C=C'), min:(-99999, '')
[0.0023505687713623047] Updated in round 2! max:(0.05405405405405406, 'C=CC=C'), min:(-99999, '')
[0.004410505294799805] Updated in round 3! max:(0.08108108108108109, 'C=CC=CC=C'), min:(-99999, '')
[0.00722193717956543] Updated in round 4! max:(0.10810810810810811, 'C=CC=CC=CC=C'), min:(-99999, '')
[0.011531591415405273] Updated in round 5! max:(0.13513513513513514, 'C=c1ccccc1=C'), min:(-99999, '')
[0.015068531036376953] Updated in round 6! max:(0.16216216216216217, 'C=Cc1cccc(=C)c1=C'), min:(-99999, '')
[0.019526004791259766] Updated in round 7! max:(0.1891891891891892, 'C=CC=c1cccc(C=C)c1=C'), min:(-99999, '')
[0.025353670120239258] Updated in round 8! max:(0.21621621621621623, 'C=CC=c1c(C=C)ccc(C=C)c1=C'), min:(-99999, '')
[0.03268933296203613] Updated in round 9! max:(0.24324324324324326, 'C=CC=Cc1ccc(C=C)c(=C)c1=CC=C'), min:(-99999, '')
[0.04307961463928223] Updated in round 10! max:(0.2702702702702703, 'C=CC=CC=Cc1ccc(C=C)c(=C)c1=CC=C'), min:(-99999, '')
[0.05779671669006348] Updated in round 11! max:(0.2972972972972973, 'C=CC=CC=Cc1ccc(C=CC=C)c(=C)c1=CC=C'), min:(-99999, '')
[0.07542991638183594] Updated in round 12! max:(0.2972972972972973, 'C=CC=CC=Cc1ccc(C=CC=C)c(=C)c1=CC=C'), min:(-99999, '')
[0.07960224151611328] Updated in round 13! max:(0.2972972972972973, 'C=CC=CC=Cc1ccc(C=CC=C)c(=C)c1=CC=C'), min:(-99999, '')
[0.08599495887756348] Updated in round 14! max:(0.32432432432432434, 'C=CC=CC=Cc1ccc(C=CC=C)c(=C)c1=CC=CC=C'), min:(-99999, '')
[0.11088299751281738] Updated in round 15! max:(0.35135135135135137, 'C=CC=CC=Cc1ccc(C=CC=C)c(=CC=C)c1=CC=CC=C'), min:(-99999, '')
[0.14028120040893555] Updated in round 16! max:(0.35135135135135137, 'C=CC=CC=Cc1ccc(C=CC=C)c(=CC=C)c1=CC=CC=C'), min:(-99999, '')
[0.144606351852417] Updated in round 17! max:(0.35135135135135137, 'C=CC=CC=Cc1ccc(C=CC=C)c(=CC=C)c1=CC=CC=C'), min:(-99999, '')
[0.14894676208496094] Updated in round 18! max:(0.3783783783783784, 'C=CC=CC=Cc1ccc2cc(C=C)c(=C)cc2c1=CC=CC=C'), min:(-99999, '')
[0.17780804634094238] Updated in round 19! max:(0.40540540540540543, 'C=CC=CC=Cc1ccc2cc(C(=C)C=C)c(=C)cc2c1=CC=CC=C'), min:(-99999, '')
[0.21020841598510742] Updated in round 20! max:(0.40540540540540543, 'C=CC=CC=Cc1ccc2cc(C(=C)C=C)c(=C)cc2c1=CC=CC=C'), min:(-99999, '')
[0.21380853652954102] Updated in round 21! max:(0.40540540540540543, 'C=CC=CC=Cc1ccc2cc(C(=C)C=C)c(=C)cc2c1=CC=CC=C'), min:(-99999, '')
[0.21748781204223633] Updated in round 22! max:(0.40540540540540543, 'C=CC=CC=Cc1ccc2cc(C(=C)C=C)c(=C)cc2c1=CC=CC=C'), min:(-99999, '')
[0.22217583656311035] Updated in round 23! max:(0.43243243243243246, 'C=CC=CC=Cc1ccc2cc(C(=C)C(=C)C=C)c(=C)cc2c1=CC=CC=C'), min:(-99999, '')
[0.25902295112609863] Updated in round 24! max:(0.4594594594594595, 'C=CC=CC=c1c(C=CC=CC(=C)C=C)ccc2cc(C(=C)C(=C)C=C)c(=C)cc12'), min:(-99999, '')
[0.2999560832977295] Updated in round 25! max:(0.4594594594594595, 'C=CC=CC=c1c(C=CC=CC(=C)C=C)ccc2cc(C(=C)C(=C)C=C)c(=C)cc12'), min:(-99999, '')
[0.30407238006591797] Updated in round 26! max:(0.4594594594594595, 'C=CC=CC=c1c(C=CC=CC(=C)C=C)ccc2cc(C(=C)C(=C)C=C)c(=C)cc12'), min:(-99999, '')
[0.3085293769836426] Updated in round 27! max:(0.4594594594594595, 'C=CC=CC=c1c(C=CC=CC(=C)C=C)ccc2cc(C(=C)C(=C)C=C)c(=C)cc12'), min:(-99999, '')
[0.31299471855163574] Updated in round 28! max:(0.4594594594594595, 'C=CC=CC=c1c(C=CC=CC(=C)C=C)ccc2cc(C(=C)C(=C)C=C)c(=C)cc12'), min:(-99999, '')
[0.31728291511535645] Updated in round 29! max:(0.4594594594594595, 'C=CC=CC=c1c(C=CC=CC(=C)C=C)ccc2cc(C(=C)C(=C)C=C)c(=C)cc12'), min:(-99999, '')
[0.320340633392334] Updated in round 30! max:(0.4594594594594595, 'C=CC=CC=c1c(C=CC=CC(=C)C=C)ccc2cc(C(=C)C(=C)C=C)c(=C)cc12'), min:(-99999, '')
[0.3257887363433838] Updated in round 31! max:(0.4864864864864865, 'C=CC=c1cc2c(ccc3cc(C(=C)C(=C)C=C)c(=C)cc32)cc1C=CC(=C)C=C'), min:(-99999, '')
[0.36455464363098145] Updated in round 32! max:(0.5135135135135135, 'C=CC(=C)C=c1cccc2cc3c(ccc4cc(C(=C)C(=C)C=C)c(=C)cc43)cc12'), min:(-99999, '')
[0.4031364917755127] Updated in round 33! max:(0.5135135135135135, 'C=CC(=C)C=c1cccc2cc3c(ccc4cc(C(=C)C(=C)C=C)c(=C)cc43)cc12'), min:(-99999, '')
[0.40647220611572266] Updated in round 34! max:(0.5135135135135135, 'C=CC(=C)C=c1cccc2cc3c(ccc4cc(C(=C)C(=C)C=C)c(=C)cc43)cc12'), min:(-99999, '')
[0.40987491607666016] Updated in round 35! max:(0.5135135135135135, 'C=CC(=C)C=c1cccc2cc3c(ccc4cc(C(=C)C(=C)C=C)c(=C)cc43)cc12'), min:(-99999, '')
[0.41370224952697754] Updated in round 36! max:(0.5135135135135135, 'C=CC(=C)C=c1cccc2cc3c(ccc4cc(C(=C)C(=C)C=C)c(=C)cc43)cc12'), min:(-99999, '')
[0.4173874855041504] Updated in round 37! max:(0.5405405405405406, 'C=CC(=C)C(=C)C=c1cccc2cc3c(ccc4cc(C(=C)C(=C)C=C)c(=C)cc43)cc12'), min:(-99999, '')
[0.4606645107269287] Updated in round 38! max:(0.5405405405405406, 'C=CC(=C)C(=C)C=c1cccc2cc3c(ccc4cc(C(=C)C(=C)C=C)c(=C)cc43)cc12'), min:(-99999, '')
[0.4643101692199707] Updated in round 39! max:(0.5405405405405406, 'C=CC(=C)C(=C)C=c1cccc2cc3c(ccc4cc(C(=C)C(=C)C=C)c(=C)cc43)cc12'), min:(-99999, '')
[0.46773791313171387] Updated in round 40! max:(0.5405405405405406, 'C=CC(=C)C(=C)C=c1cccc2cc3c(ccc4cc(C(=C)C(=C)C=C)c(=C)cc43)cc12'), min:(-99999, '')
[0.471050500869751] Updated in round 41! max:(0.5405405405405406, 'C=CC(=C)C(=C)C=c1cccc2cc3c(ccc4cc(C(=C)C(=C)C=C)c(=C)cc43)cc12'), min:(-99999, '')
[0.47497010231018066] Updated in round 42! max:(0.5675675675675675, 'C=CC=C(C(=C)C=C)c1cc2ccc3cc4c(=CC(=C)C(=C)C=C)cccc4cc3c2cc1=C'), min:(-99999, '')
[0.5293970108032227] Updated in round 43! max:(0.5675675675675675, 'C=CC=C(C(=C)C=C)c1cc2ccc3cc4c(=CC(=C)C(=C)C=C)cccc4cc3c2cc1=C'), min:(-99999, '')
[0.5332069396972656] Updated in round 44! max:(0.5675675675675675, 'C=CC=C(C(=C)C=C)c1cc2ccc3cc4c(=CC(=C)C(=C)C=C)cccc4cc3c2cc1=C'), min:(-99999, '')
[0.5365252494812012] Updated in round 45! max:(0.5675675675675675, 'C=CC=C(C(=C)C=C)c1cc2ccc3cc4c(=CC(=C)C(=C)C=C)cccc4cc3c2cc1=C'), min:(-99999, '')
[0.541266679763794] Updated in round 46! max:(0.5945945945945946, 'C=CC=C(C=c1cccc2cc3c(ccc4cc(C(=CC=C)C(=C)C=C)c(=C)cc43)cc12)C(=C)C=C'), min:(-99999, '')
[0.6096749305725098] Updated in round 47! max:(0.6216216216216216, 'C=CC=C(C(=C)C=C)c1cc2ccc3cc4c(ccc5cc(C=C)c(=CC=C)cc54)cc3c2cc1=C'), min:(-99999, '')
[0.6792731285095215] Updated in round 48! max:(0.6216216216216216, 'C=CC=C(C(=C)C=C)c1cc2ccc3cc4c(ccc5cc(C=C)c(=CC=C)cc54)cc3c2cc1=C'), min:(-99999, '')
[0.6839525699615479] Updated in round 49! max:(0.6216216216216216, 'C=CC=C(C(=C)C=C)c1cc2ccc3cc4c(ccc5cc(C=C)c(=CC=C)cc54)cc3c2cc1=C'), min:(-99999, '')
[0.6881203651428223] Updated in round 50! max:(0.6216216216216216, 'C=CC=C(C(=C)C=C)c1cc2ccc3cc4c(ccc5cc(C=C)c(=CC=C)cc54)cc3c2cc1=C'), min:(-99999, '')
[0.6933972835540771] Updated in round 51! max:(0.6486486486486487, 'C=CC=c1cc2c(ccc3cc4c(ccc5cc6c(=CC=C)c(C=C)ccc6cc54)cc32)cc1C=C'), min:(-99999, '')
[0.7726056575775146] Updated in round 52! max:(0.6486486486486487, 'C=CC=c1cc2c(ccc3cc4c(ccc5cc6c(=CC=C)c(C=C)ccc6cc54)cc32)cc1C=C'), min:(-99999, '')
[0.7781047821044922] Updated in round 53! max:(0.6486486486486487, 'C=CC=c1cc2c(ccc3cc4c(ccc5cc6c(=CC=C)c(C=C)ccc6cc54)cc32)cc1C=C'), min:(-99999, '')
[0.7842617034912109] Updated in round 54! max:(0.6756756756756757, 'C=CC=Cc1ccc2cc3c(ccc4cc5c(ccc6cc(C=C)c(=CC=C)cc65)cc43)cc2c1=CC=C'), min:(-99999, '')
[0.8838214874267578] Updated in round 55! max:(0.6756756756756757, 'C=CC=Cc1ccc2cc3c(ccc4cc5c(ccc6cc(C=C)c(=CC=C)cc65)cc43)cc2c1=CC=C'), min:(-99999, '')
[0.8899657726287842] Updated in round 56! max:(0.6756756756756757, 'C=CC=Cc1ccc2cc3c(ccc4cc5c(ccc6cc(C=C)c(=CC=C)cc65)cc43)cc2c1=CC=C'), min:(-99999, '')
[0.8975207805633545] Updated in round 57! max:(0.7027027027027027, 'C=CC=c1cc2c(ccc3cc4c(ccc5cc6c(=CC=C)c(C=CC(=C)C=C)ccc6cc54)cc32)cc1C=C'), min:(-99999, '')
[1.004136085510254] Updated in round 58! max:(0.7027027027027027, 'C=CC=c1cc2c(ccc3cc4c(ccc5cc6c(=CC=C)c(C=CC(=C)C=C)ccc6cc54)cc32)cc1C=C'), min:(-99999, '')
[1.009861707687378] Updated in round 59! max:(0.7027027027027027, 'C=CC=c1cc2c(ccc3cc4c(ccc5cc6c(=CC=C)c(C=CC(=C)C=C)ccc6cc54)cc32)cc1C=C'), min:(-99999, '')
[1.0178897380828857] Updated in round 60! max:(0.7297297297297297, 'C=CC=c1cc2c(ccc3cc4c(ccc5cc6c(=CC=C)c(C=CC(=C)C(=C)C=C)ccc6cc54)cc32)cc1C=C'), min:(-99999, '')
[1.136484146118164] Updated in round 61! max:(0.7297297297297297, 'C=CC=c1cc2c(ccc3cc4c(ccc5cc6c(=CC=C)c(C=CC(=C)C(=C)C=C)ccc6cc54)cc32)cc1C=C'), min:(-99999, '')
[1.1429803371429443] Updated in round 62! max:(0.7297297297297297, 'C=CC=c1cc2c(ccc3cc4c(ccc5cc6c(=CC=C)c(C=CC(=C)C(=C)C=C)ccc6cc54)cc32)cc1C=C'), min:(-99999, '')
[1.149646520614624] Updated in round 63! max:(0.7567567567567568, 'C=CC=c1cc2c(ccc3cc4c(ccc5cc6c(ccc7cc(C(=C)C(=C)C=C)c(=C)cc76)cc54)cc32)cc1C=C'), min:(-99999, '')
[1.2683918476104736] Updated in round 64! max:(0.7837837837837838, 'C=CC(=C)C(=C)c1cc2ccc3cc4c(ccc5cc6c(ccc7cc8c(=C)cccc8cc76)cc54)cc3c2cc1=C'), min:(-99999, '')
[1.382864236831665] Updated in round 65! max:(0.7837837837837838, 'C=CC(=C)C(=C)c1cc2ccc3cc4c(ccc5cc6c(ccc7cc8c(=C)cccc8cc76)cc54)cc3c2cc1=C'), min:(-99999, '')
[1.3884904384613037] Updated in round 66! max:(0.7837837837837838, 'C=CC(=C)C(=C)c1cc2ccc3cc4c(ccc5cc6c(ccc7cc8c(=C)cccc8cc76)cc54)cc3c2cc1=C'), min:(-99999, '')
[1.3941078186035156] Updated in round 67! max:(0.7837837837837838, 'C=CC(=C)C(=C)c1cc2ccc3cc4c(ccc5cc6c(ccc7cc8c(=C)cccc8cc76)cc54)cc3c2cc1=C'), min:(-99999, '')
[1.4006860256195068] Updated in round 68! max:(0.7837837837837838, 'C=CC(=C)C(=C)c1cc2ccc3cc4c(ccc5cc6c(ccc7cc8c(=C)cccc8cc76)cc54)cc3c2cc1=C'), min:(-99999, '')
[1.407015085220337] Updated in round 69! max:(0.7837837837837838, 'C=CC(=C)C(=C)c1cc2ccc3cc4c(ccc5cc6c(ccc7cc8c(=C)cccc8cc76)cc54)cc3c2cc1=C'), min:(-99999, '')
[1.411985158920288] Updated in round 70! max:(0.7837837837837838, 'C=CC(=C)C(=C)c1cc2ccc3cc4c(ccc5cc6c(ccc7cc8c(=C)cccc8cc76)cc54)cc3c2cc1=C'), min:(-99999, '')
[1.417161226272583] Updated in round 71! max:(0.7837837837837838, 'C=CC(=C)C(=C)c1cc2ccc3cc4c(ccc5cc6c(ccc7cc8c(=C)cccc8cc76)cc54)cc3c2cc1=C'), min:(-99999, '')
[1.4228408336639404] Updated in round 72! max:(0.7837837837837838, 'C=CC(=C)C(=C)c1cc2ccc3cc4c(ccc5cc6c(ccc7cc8c(=C)cccc8cc76)cc54)cc3c2cc1=C'), min:(-99999, '')
[1.4281284809112549] Updated in round 73! max:(0.7837837837837838, 'C=CC(=C)C(=C)c1cc2ccc3cc4c(ccc5cc6c(ccc7cc8c(=C)cccc8cc76)cc54)cc3c2cc1=C'), min:(-99999, '')
[1.4343616962432861] Updated in round 74! max:(0.7837837837837838, 'C=CC(=C)C(=C)c1cc2ccc3cc4c(ccc5cc6c(ccc7cc8c(=C)cccc8cc76)cc54)cc3c2cc1=C'), min:(-99999, '')
[1.4394118785858154] Updated in round 75! max:(0.7837837837837838, 'C=CC(=C)C(=C)c1cc2ccc3cc4c(ccc5cc6c(ccc7cc8c(=C)cccc8cc76)cc54)cc3c2cc1=C'), min:(-99999, '')
[1.4445774555206299] Updated in round 76! max:(0.7837837837837838, 'C=CC(=C)C(=C)c1cc2ccc3cc4c(ccc5cc6c(ccc7cc8c(=C)cccc8cc76)cc54)cc3c2cc1=C'), min:(-99999, '')
[1.4502668380737305] Updated in round 77! max:(0.7837837837837838, 'C=CC(=C)C(=C)c1cc2ccc3cc4c(ccc5cc6c(ccc7cc8c(=C)cccc8cc76)cc54)cc3c2cc1=C'), min:(-99999, '')
[1.455275297164917] Updated in round 78! max:(0.7837837837837838, 'C=CC(=C)C(=C)c1cc2ccc3cc4c(ccc5cc6c(ccc7cc8c(=C)cccc8cc76)cc54)cc3c2cc1=C'), min:(-99999, '')
[1.4604179859161377] Updated in round 79! max:(0.7837837837837838, 'C=CC(=C)C(=C)c1cc2ccc3cc4c(ccc5cc6c(ccc7cc8c(=C)cccc8cc76)cc54)cc3c2cc1=C'), min:(-99999, '')
[1.4666807651519775] Updated in round 80! max:(0.7837837837837838, 'C=CC(=C)C(=C)c1cc2ccc3cc4c(ccc5cc6c(ccc7cc8c(=C)cccc8cc76)cc54)cc3c2cc1=C'), min:(-99999, '')
[1.471212387084961] Updated in round 81! max:(0.7837837837837838, 'C=CC(=C)C(=C)c1cc2ccc3cc4c(ccc5cc6c(ccc7cc8c(=C)cccc8cc76)cc54)cc3c2cc1=C'), min:(-99999, '')
[1.476628303527832] Updated in round 82! max:(0.7837837837837838, 'C=CC(=C)C(=C)c1cc2ccc3cc4c(ccc5cc6c(ccc7cc8c(=C)cccc8cc76)cc54)cc3c2cc1=C'), min:(-99999, '')
[1.4832215309143066] Updated in round 83! max:(0.8108108108108109, 'C=CC=C(C(=C)C=C)c1cc2ccc3cc4c(ccc5cc6c(ccc7cc8c(=C)cccc8cc76)cc54)cc3c2cc1=C'), min:(-99999, '')
[1.6231763362884521] Updated in round 84! max:(0.8108108108108109, 'C=CC=C(C(=C)C=C)c1cc2ccc3cc4c(ccc5cc6c(ccc7cc8c(=C)cccc8cc76)cc54)cc3c2cc1=C'), min:(-99999, '')
[1.6287546157836914] Updated in round 85! max:(0.8108108108108109, 'C=CC=C(C(=C)C=C)c1cc2ccc3cc4c(ccc5cc6c(ccc7cc8c(=C)cccc8cc76)cc54)cc3c2cc1=C'), min:(-99999, '')
[1.6348192691802979] Updated in round 86! max:(0.8108108108108109, 'C=CC=C(C(=C)C=C)c1cc2ccc3cc4c(ccc5cc6c(ccc7cc8c(=C)cccc8cc76)cc54)cc3c2cc1=C'), min:(-99999, '')
[1.6404688358306885] Updated in round 87! max:(0.8108108108108109, 'C=CC=C(C(=C)C=C)c1cc2ccc3cc4c(ccc5cc6c(ccc7cc8c(=C)cccc8cc76)cc54)cc3c2cc1=C'), min:(-99999, '')
[1.6465177536010742] Updated in round 88! max:(0.8378378378378378, 'C=c1ccc(=C)c(-c2cc3ccc4cc5c(ccc6cc7c(ccc8cc9c(=C)cccc9cc87)cc65)cc4c3cc2=C)c1'), min:(-99999, '')
[1.7884106636047363] Updated in round 89! max:(0.8648648648648649, 'C=Cc1cc(=C)c(-c2cc3ccc4cc5c(ccc6cc7c(ccc8cc9c(=C)cccc9cc87)cc65)cc4c3cc2=C)cc1=C'), min:(-99999, '')
[2.043900728225708] Updated in round 90! max:(0.8648648648648649, 'C=Cc1cc(=C)c(-c2cc3ccc4cc5c(ccc6cc7c(ccc8cc9c(=C)cccc9cc87)cc65)cc4c3cc2=C)cc1=C'), min:(-99999, '')
[2.0504560470581055] Updated in round 91! max:(0.8648648648648649, 'C=Cc1cc(=C)c(-c2cc3ccc4cc5c(ccc6cc7c(ccc8cc9c(=C)cccc9cc87)cc65)cc4c3cc2=C)cc1=C'), min:(-99999, '')
[2.0564589500427246] Updated in round 92! max:(0.8648648648648649, 'C=Cc1cc(=C)c(-c2cc3ccc4cc5c(ccc6cc7c(ccc8cc9c(=C)cccc9cc87)cc65)cc4c3cc2=C)cc1=C'), min:(-99999, '')
[2.062066078186035] Updated in round 93! max:(0.8648648648648649, 'C=Cc1cc(=C)c(-c2cc3ccc4cc5c(ccc6cc7c(ccc8cc9c(=C)cccc9cc87)cc65)cc4c3cc2=C)cc1=C'), min:(-99999, '')
[2.0678980350494385] Updated in round 94! max:(0.8648648648648649, 'C=Cc1cc(=C)c(-c2cc3ccc4cc5c(ccc6cc7c(ccc8cc9c(=C)cccc9cc87)cc65)cc4c3cc2=C)cc1=C'), min:(-99999, '')
[2.0736775398254395] Updated in round 95! max:(0.8648648648648649, 'C=Cc1cc(=C)c(-c2cc3ccc4cc5c(ccc6cc7c(ccc8cc9c(=C)cccc9cc87)cc65)cc4c3cc2=C)cc1=C'), min:(-99999, '')
[2.079805612564087] Updated in round 96! max:(0.8648648648648649, 'C=Cc1cc(=C)c(-c2cc3ccc4cc5c(ccc6cc7c(ccc8cc9c(=C)cccc9cc87)cc65)cc4c3cc2=C)cc1=C'), min:(-99999, '')
[2.0864429473876953] Updated in round 97! max:(0.8648648648648649, 'C=Cc1cc(=C)c(-c2cc3ccc4cc5c(ccc6cc7c(ccc8cc9c(=C)cccc9cc87)cc65)cc4c3cc2=C)cc1=C'), min:(-99999, '')
[2.091864585876465] Updated in round 98! max:(0.8648648648648649, 'C=Cc1cc(=C)c(-c2cc3ccc4cc5c(ccc6cc7c(ccc8cc9c(=C)cccc9cc87)cc65)cc4c3cc2=C)cc1=C'), min:(-99999, '')
[2.1535637378692627] Updated in round 99! max:(0.8648648648648649, 'C=Cc1cc(=C)c(-c2cc3ccc4cc5c(ccc6cc7c(ccc8cc9c(=C)cccc9cc87)cc65)cc4c3cc2=C)cc1=C'), min:(-99999, '')
[2.1636545658111572] Updated in round 100! max:(0.8648648648648649, 'C=Cc1cc(=C)c(-c2cc3ccc4cc5c(ccc6cc7c(ccc8cc9c(=C)cccc9cc87)cc65)cc4c3cc2=C)cc1=C'), min:(-99999, '')
[2.170142889022827] Updated in round 101! max:(0.8648648648648649, 'C=Cc1cc(=C)c(-c2cc3ccc4cc5c(ccc6cc7c(ccc8cc9c(=C)cccc9cc87)cc65)cc4c3cc2=C)cc1=C'), min:(-99999, '')
[2.796278715133667] Updated in round 102! max:(0.8918918918918919, 'C=CC=c1cc(-c2cc3ccc4cc5c(ccc6cc7c(ccc8cc9c(=C)cccc9cc87)cc65)cc4c3cc2=C)c(=C)cc1C=C'), min:(-1.0, 'C=Cc1cc(=C)c2c(c1=C)C=c1cc3c(ccc4cc5c(ccc6cc7c(ccc8cc9c(=C)cccc9cc87)cc65)cc43)cc1-2')
[3.9588654041290283] Updated in round 103! max:(0.918918918918919, 'C=c1cc2c(=C)cccc2cc1-c1cc2ccc3cc4c(ccc5cc6c(ccc7cc8c(=C)cccc8cc76)cc54)cc3c2cc1=C'), min:(-1.0, 'C=Cc1cc(=C)c2c(c1=C)-c1cc3cc4c(ccc5cc-2c(=C)cc54)cc3c2cc3ccc4cc5c(=C)cccc5cc4c3cc12')
[7.5720202922821045] Updated in round 104! max:(0.918918918918919, 'C=c1cc2c(=C)cccc2cc1-c1cc2ccc3cc4c(ccc5cc6c(ccc7cc8c(=C)cccc8cc76)cc54)cc3c2cc1=C'), min:(-1.0, 'C=Cc1cc(=C)c(-c2cc3ccc4cc5c6ccc7cc8c(ccc9cc%10c(=C)cccc%10c(c(c2=C)c3c4c6)c98)cc75)cc1=C')
[12.027306318283081] Updated in round 105! max:(0.918918918918919, 'C=c1cc2c(=C)cccc2cc1-c1cc2ccc3cc4c(ccc5cc6c(ccc7cc8c(=C)cccc8cc76)cc54)cc3c2cc1=C'), min:(-1.0, 'C=Cc1cc2cc3c4cccc(=C)c4cc4ccc5cc6c(ccc7cc8c(ccc9cc(c(=C)cc98)c2cc1=C)cc76)cc5c43')
[15.318342924118042] Updated in round 106! max:(0.918918918918919, 'C=c1cc2c(=C)cccc2cc1-c1cc2ccc3cc4c(ccc5cc6c(ccc7cc8c(=C)cccc8cc76)cc54)cc3c2cc1=C'), min:(-1.0, 'C=Cc1cc(=C)c(-c2cc3ccc4cc5c6cc7ccc8cc9c(=C)cc%10cc9cc8c7cc6cc%10c5cc4c3cc2=C)cc1=C')
[22.152440786361694] Updated in round 107! max:(0.9459459459459459, 'C=c1c2ccc3cc(c(=C)cc13)c1cc3ccc4cc5c(ccc6cc7c(ccc8cc9c(cccc9cc87)c2)cc65)cc4c3cc1=C'), min:(-1.0, 'C=Cc1cc(=C)c(-c2cc3ccc4cc5c6cc7ccc8cc9c(=C)cccc9cc8c7cc6cc6cc2cc3c4cc65)cc1=C')
[28.658848524093628] Updated in round 108! max:(0.9459459459459459, 'C=c1c2ccc3cc(c(=C)cc13)c1cc3ccc4cc5c(ccc6cc7c(ccc8cc9c(cccc9cc87)c2)cc65)cc4c3cc1=C'), min:(-1.0, 'C=Cc1cc(=C)c(-c2cc3ccc4cc5c(ccc6cc7c(ccc8c7cc7c9c(=C)ccc=7c98)cc65)cc4c3cc2=C)cc1=C')
[39.55823874473572] Updated in round 109! max:(0.972972972972973, 'c1ccc2c3ccc4cc5ccc6cc7c(ccc8cc9c(ccc%10cc%11c(ccc%12cc2c(cc3)cc%12%11)cc%109)cc87)cc6c5cc4c1'), min:(-1.0, 'C=Cc1cc(=C)c2c3cc4ccc5c(cc6ccc7cc8c(ccc9cc%10c(=C)cccc%10cc98)cc7c6c5c2c1=C)c4cc3=C')
[50.648833990097046] Updated in round 110! max:(0.972972972972973, 'c1ccc2c3ccc4cc5ccc6cc7c(ccc8cc9c(ccc%10cc%11c(ccc%12cc2c(cc3)cc%12%11)cc%109)cc87)cc6c5cc4c1'), min:(-1.0, 'C=Cc1cc(=C)c2c3cc4c(cc3=C)c3cc5ccc6cc7c(ccc8cc9c(=C)cccc9cc87)cc6c5cc3cc4c2c1=C')
[59.72612690925598] Updated in round 111! max:(0.972972972972973, 'c1ccc2c3ccc4cc5ccc6cc7c(ccc8cc9c(ccc%10cc%11c(ccc%12cc2c(cc3)cc%12%11)cc%109)cc87)cc6c5cc4c1'), min:(-1.0, 'C=Cc1cc(=C)c(-c2cc3ccc4cc5c(ccc6cc7c(ccc8c9c%10ccc(cc78)c9C%10=C)cc65)cc4c3cc2=C)cc1=C')
[59.787761211395264] Reproduced in round 112!!
