[6.198883056640625e-05]Start running EvoMol from [H][H]...
[0.0009298324584960938] Updated in round 1! max:(0.14285714285714285, 'c1ccccc1'), min:(-99999, '')
[0.007391929626464844] Updated in round 2! max:(0.17857142857142858, 'C=Cc1ccccc1'), min:(-99999, '')
[0.015135765075683594] Updated in round 3! max:(0.17857142857142858, 'C=Cc1ccccc1'), min:(-99999, '')
[0.016902685165405273] Updated in round 4! max:(0.21428571428571427, 'C=Cc1ccc(C=C)cc1'), min:(-99999, '')
[0.025371074676513672] Updated in round 5! max:(0.21428571428571427, 'C=Cc1ccc(C=C)cc1'), min:(-99999, '')
[0.027293920516967773] Updated in round 6! max:(0.25, 'C=CC=Cc1ccc(C=C)cc1'), min:(-99999, '')
[0.0400693416595459] Updated in round 7! max:(0.2857142857142857, 'C=CC=CC=Cc1ccc(C=C)cc1'), min:(-99999, '')
[0.05678510665893555] Updated in round 8! max:(0.32142857142857145, 'C=CC=CC=Cc1ccc(C=CC=C)cc1'), min:(-99999, '')
[0.07692813873291016] Updated in round 9! max:(0.4642857142857143, 'C=CC=Cc1ccc(C=CC=CC=Cc2ccccc2)cc1'), min:(-99999, '')
[0.12429141998291016] Updated in round 10! max:(0.4642857142857143, 'C=CC=Cc1ccc(C=CC=CC=Cc2ccccc2)cc1'), min:(-99999, '')
[0.12633919715881348] Updated in round 11! max:(0.4642857142857143, 'C=CC=Cc1ccc(C=CC=CC=Cc2ccccc2)cc1'), min:(-99999, '')
[0.1283855438232422] Updated in round 12! max:(0.4642857142857143, 'C=CC=Cc1ccc(C=CC=CC=Cc2ccccc2)cc1'), min:(-99999, '')
[0.13019108772277832] Updated in round 13! max:(0.4642857142857143, 'C=CC=Cc1ccc(C=CC=CC=Cc2ccccc2)cc1'), min:(-99999, '')
[0.1329951286315918] Updated in round 14! max:(0.4642857142857143, 'C=CC=Cc1ccc(C=CC=CC=Cc2ccccc2)cc1'), min:(-99999, '')
[0.13478875160217285] Updated in round 15! max:(0.4642857142857143, 'C=CC=Cc1ccc(C=CC=CC=Cc2ccccc2)cc1'), min:(-99999, '')
[0.1377713680267334] Updated in round 16! max:(0.5, 'C=CC=Cc1ccc(C=C(C=C)C=CC=Cc2ccccc2)cc1'), min:(-99999, '')
[0.19106078147888184] Updated in round 17! max:(0.5, 'C=CC=Cc1ccc(C=C(C=C)C=CC=Cc2ccccc2)cc1'), min:(-99999, '')
[0.19417500495910645] Updated in round 18! max:(0.5357142857142857, 'C=CC=Cc1ccc(C=c2ccc(=Cc3ccccc3)cc2)cc1'), min:(-99999, '')
[0.25229573249816895] Updated in round 19! max:(0.5714285714285714, 'C=CC=Cc1ccc(C=c2ccc(=Cc3ccc(C=C)cc3)cc2)cc1'), min:(-99999, '')
[0.3157041072845459] Updated in round 20! max:(0.5714285714285714, 'C=CC=Cc1ccc(C=c2ccc(=Cc3ccc(C=C)cc3)cc2)cc1'), min:(-99999, '')
[0.3182196617126465] Updated in round 21! max:(0.5714285714285714, 'C=CC=Cc1ccc(C=c2ccc(=Cc3ccc(C=C)cc3)cc2)cc1'), min:(-99999, '')
[0.3215367794036865] Updated in round 22! max:(0.5714285714285714, 'C=CC=Cc1ccc(C=c2ccc(=Cc3ccc(C=C)cc3)cc2)cc1'), min:(-99999, '')
[0.3240025043487549] Updated in round 23! max:(0.5714285714285714, 'C=CC=Cc1ccc(C=c2ccc(=Cc3ccc(C=C)cc3)cc2)cc1'), min:(-99999, '')
[0.3264913558959961] Updated in round 24! max:(0.5714285714285714, 'C=CC=Cc1ccc(C=c2ccc(=Cc3ccc(C=C)cc3)cc2)cc1'), min:(-99999, '')
[0.32917022705078125] Updated in round 25! max:(0.6071428571428571, 'C=CC=Cc1ccc(C=c2ccc(=Cc3ccc(C=CC=C)cc3)cc2)cc1'), min:(-99999, '')
[0.4047374725341797] Updated in round 26! max:(0.6428571428571429, 'C=CC=Cc1ccc(C=c2ccc(=Cc3ccc(C=C(C=C)C=C)cc3)cc2)cc1'), min:(-99999, '')
[0.48918962478637695] Updated in round 27! max:(0.6428571428571429, 'C=CC=Cc1ccc(C=c2ccc(=Cc3ccc(C=C(C=C)C=C)cc3)cc2)cc1'), min:(-99999, '')
[0.49195027351379395] Updated in round 28! max:(0.6428571428571429, 'C=CC=Cc1ccc(C=c2ccc(=Cc3ccc(C=C(C=C)C=C)cc3)cc2)cc1'), min:(-99999, '')
[0.4947328567504883] Updated in round 29! max:(0.6428571428571429, 'C=CC=Cc1ccc(C=c2ccc(=Cc3ccc(C=C(C=C)C=C)cc3)cc2)cc1'), min:(-99999, '')
[0.4978291988372803] Updated in round 30! max:(0.6428571428571429, 'C=CC=Cc1ccc(C=c2ccc(=Cc3ccc(C=C(C=C)C=C)cc3)cc2)cc1'), min:(-99999, '')
[0.5076987743377686] Updated in round 31! max:(0.6785714285714286, 'C=CC=CC=Cc1ccc(C=c2ccc(=Cc3ccc(C=C(C=C)C=C)cc3)cc2)cc1'), min:(-99999, '')
[0.607140064239502] Updated in round 32! max:(0.7142857142857143, 'C=CC=CC(C=C)=Cc1ccc(C=c2ccc(=Cc3ccc(C=C(C=C)C=C)cc3)cc2)cc1'), min:(-99999, '')
[0.7183704376220703] Updated in round 33! max:(0.75, 'C=CC=CC(C=C)=Cc1ccc(C=c2ccc(=Cc3ccc(C=C(C=C)C=CC=C)cc3)cc2)cc1'), min:(-99999, '')
[0.8543093204498291] Updated in round 34! max:(0.75, 'C=CC=CC(C=C)=Cc1ccc(C=c2ccc(=Cc3ccc(C=C(C=C)C=CC=C)cc3)cc2)cc1'), min:(-99999, '')
[0.8586099147796631] Updated in round 35! max:(0.7857142857142857, 'C=CC=CC=CC(C=C)=Cc1ccc(C=c2ccc(=Cc3ccc(C=C(C=C)C=CC=C)cc3)cc2)cc1'), min:(-99999, '')
[1.0084490776062012] Updated in round 36! max:(0.7857142857142857, 'C=CC=CC=CC(C=C)=Cc1ccc(C=c2ccc(=Cc3ccc(C=C(C=C)C=CC=C)cc3)cc2)cc1'), min:(-99999, '')
[1.0117313861846924] Updated in round 37! max:(0.7857142857142857, 'C=CC=CC=CC(C=C)=Cc1ccc(C=c2ccc(=Cc3ccc(C=C(C=C)C=CC=C)cc3)cc2)cc1'), min:(-99999, '')
[1.0158376693725586] Updated in round 38! max:(0.7857142857142857, 'C=CC=CC=CC(C=C)=Cc1ccc(C=c2ccc(=Cc3ccc(C=C(C=C)C=CC=C)cc3)cc2)cc1'), min:(-99999, '')
[1.0211710929870605] Updated in round 39! max:(0.7857142857142857, 'C=CC=CC=CC(C=C)=Cc1ccc(C=c2ccc(=Cc3ccc(C=C(C=C)C=CC=C)cc3)cc2)cc1'), min:(-99999, '')
[1.026122808456421] Updated in round 40! max:(0.7857142857142857, 'C=CC=CC=CC(C=C)=Cc1ccc(C=c2ccc(=Cc3ccc(C=C(C=C)C=CC=C)cc3)cc2)cc1'), min:(-99999, '')
[1.0300250053405762] Updated in round 41! max:(0.7857142857142857, 'C=CC=CC=CC(C=C)=Cc1ccc(C=c2ccc(=Cc3ccc(C=C(C=C)C=CC=C)cc3)cc2)cc1'), min:(-99999, '')
[1.0356488227844238] Updated in round 42! max:(0.8928571428571429, 'C=CC=CC(C=C)=Cc1ccc(C=c2ccc(=Cc3ccc(C=C(C=C)C=CC=Cc4ccccc4)cc3)cc2)cc1'), min:(-99999, '')
[1.2458386421203613] Updated in round 43! max:(0.8928571428571429, 'C=CC=CC(C=C)=Cc1ccc(C=c2ccc(=Cc3ccc(C=C(C=C)C=CC=Cc4ccccc4)cc3)cc2)cc1'), min:(-99999, '')
[1.2497973442077637] Updated in round 44! max:(0.8928571428571429, 'C=CC=CC(C=C)=Cc1ccc(C=c2ccc(=Cc3ccc(C=C(C=C)C=CC=Cc4ccccc4)cc3)cc2)cc1'), min:(-99999, '')
[1.2537615299224854] Updated in round 45! max:(0.8928571428571429, 'C=CC=CC(C=C)=Cc1ccc(C=c2ccc(=Cc3ccc(C=C(C=C)C=CC=Cc4ccccc4)cc3)cc2)cc1'), min:(-99999, '')
[1.2581164836883545] Updated in round 46! max:(0.8928571428571429, 'C=CC=CC(C=C)=Cc1ccc(C=c2ccc(=Cc3ccc(C=C(C=C)C=CC=Cc4ccccc4)cc3)cc2)cc1'), min:(-99999, '')
[1.2650859355926514] Updated in round 47! max:(0.8928571428571429, 'C=CC=CC(C=C)=Cc1ccc(C=c2ccc(=Cc3ccc(C=C(C=C)C=CC=Cc4ccccc4)cc3)cc2)cc1'), min:(-99999, '')
[1.2687487602233887] Updated in round 48! max:(0.8928571428571429, 'C=CC=CC(C=C)=Cc1ccc(C=c2ccc(=Cc3ccc(C=C(C=C)C=CC=Cc4ccccc4)cc3)cc2)cc1'), min:(-99999, '')
[1.272160530090332] Updated in round 49! max:(0.8928571428571429, 'C=CC=CC(C=C)=Cc1ccc(C=c2ccc(=Cc3ccc(C=C(C=C)C=CC=Cc4ccccc4)cc3)cc2)cc1'), min:(-99999, '')
[1.2758655548095703] Updated in round 50! max:(0.8928571428571429, 'C=CC=CC(C=C)=Cc1ccc(C=c2ccc(=Cc3ccc(C=C(C=C)C=CC=Cc4ccccc4)cc3)cc2)cc1'), min:(-99999, '')
[1.281299114227295] Updated in round 51! max:(0.9285714285714286, 'C=Cc1ccccc2ccc(ccccc(C=C)cc3ccc(cc3)cc3ccc(cc3)cc3ccc(cc3)c1)cc2'), min:(-99999, '')
[1.582186222076416] Updated in round 52! max:(0.9285714285714286, 'C=Cc1ccccc2ccc(ccccc(C=C)cc3ccc(cc3)cc3ccc(cc3)cc3ccc(cc3)c1)cc2'), min:(-99999, '')
[1.589367389678955] Updated in round 53! max:(0.9285714285714286, 'C=Cc1ccccc2ccc(ccccc(C=C)cc3ccc(cc3)cc3ccc(cc3)cc3ccc(cc3)c1)cc2'), min:(-99999, '')
[1.594280481338501] Updated in round 54! max:(0.9285714285714286, 'C=Cc1ccccc2ccc(ccccc(C=C)cc3ccc(cc3)cc3ccc(cc3)cc3ccc(cc3)c1)cc2'), min:(-99999, '')
[1.5998687744140625] Updated in round 55! max:(0.9285714285714286, 'C=Cc1ccccc2ccc(ccccc(C=C)cc3ccc(cc3)cc3ccc(cc3)cc3ccc(cc3)c1)cc2'), min:(-99999, '')
[1.6051461696624756] Updated in round 56! max:(0.9285714285714286, 'C=Cc1ccccc2ccc(ccccc(C=C)cc3ccc(cc3)cc3ccc(cc3)cc3ccc(cc3)c1)cc2'), min:(-99999, '')
[1.6094212532043457] Updated in round 57! max:(0.9285714285714286, 'C=Cc1ccccc2ccc(ccccc(C=C)cc3ccc(cc3)cc3ccc(cc3)cc3ccc(cc3)c1)cc2'), min:(-99999, '')
[1.6139507293701172] Updated in round 58! max:(0.9285714285714286, 'C=Cc1ccccc2ccc(ccccc(C=C)cc3ccc(cc3)cc3ccc(cc3)cc3ccc(cc3)c1)cc2'), min:(-99999, '')
[1.6194918155670166] Updated in round 59! max:(0.9285714285714286, 'C=Cc1ccccc2ccc(ccccc(C=C)cc3ccc(cc3)cc3ccc(cc3)cc3ccc(cc3)c1)cc2'), min:(-99999, '')
[1.6262681484222412] Updated in round 60! max:(0.9642857142857143, 'C=Cc1ccccc2ccc(cc2)cc2ccc(cc2)cc2ccc(cc2)cc2ccc(cc2)cc2ccc(cc2)c1'), min:(-99999, '')
[1.9631381034851074] Updated in round 61! max:(0.9642857142857143, 'C=Cc1ccccc2ccc(cc2)cc2ccc(cc2)cc2ccc(cc2)cc2ccc(cc2)cc2ccc(cc2)c1'), min:(-99999, '')
[1.9700863361358643] Updated in round 62! max:(0.9642857142857143, 'C=Cc1ccccc2ccc(cc2)cc2ccc(cc2)cc2ccc(cc2)cc2ccc(cc2)cc2ccc(cc2)c1'), min:(-99999, '')
[1.9765605926513672] Updated in round 63! max:(0.9642857142857143, 'C=Cc1ccccc2ccc(cc2)cc2ccc(cc2)cc2ccc(cc2)cc2ccc(cc2)cc2ccc(cc2)c1'), min:(-99999, '')
[1.9827871322631836] Updated in round 64! max:(0.9642857142857143, 'C=Cc1ccccc2ccc(cc2)cc2ccc(cc2)cc2ccc(cc2)cc2ccc(cc2)cc2ccc(cc2)c1'), min:(-99999, '')
[1.9880852699279785] Updated in round 65! max:(0.9642857142857143, 'C=Cc1ccccc2ccc(cc2)cc2ccc(cc2)cc2ccc(cc2)cc2ccc(cc2)cc2ccc(cc2)c1'), min:(-99999, '')
[1.995053768157959] Updated in round 66! max:(0.9642857142857143, 'C=Cc1ccccc2ccc(cc2)cc2ccc(cc2)cc2ccc(cc2)cc2ccc(cc2)cc2ccc(cc2)c1'), min:(-99999, '')
[2.0009560585021973] Updated in round 67! max:(0.9642857142857143, 'C=Cc1ccccc2ccc(cc2)cc2ccc(cc2)cc2ccc(cc2)cc2ccc(cc2)cc2ccc(cc2)c1'), min:(-99999, '')
[2.005791664123535] Updated in round 68! max:(0.9642857142857143, 'C=Cc1ccccc2ccc(cc2)cc2ccc(cc2)cc2ccc(cc2)cc2ccc(cc2)cc2ccc(cc2)c1'), min:(-99999, '')
[2.012598991394043] Updated in round 69! max:(0.9642857142857143, 'C=Cc1ccccc2ccc(cc2)cc2ccc(cc2)cc2ccc(cc2)cc2ccc(cc2)cc2ccc(cc2)c1'), min:(-99999, '')
[2.0176658630371094] Updated in round 70! max:(0.9642857142857143, 'C=Cc1ccccc2ccc(cc2)cc2ccc(cc2)cc2ccc(cc2)cc2ccc(cc2)cc2ccc(cc2)c1'), min:(-99999, '')
[2.0240306854248047] Updated in round 71! max:(0.9642857142857143, 'C=Cc1ccccc2ccc(cc2)cc2ccc(cc2)cc2ccc(cc2)cc2ccc(cc2)cc2ccc(cc2)c1'), min:(-99999, '')
[2.030611276626587] Updated in round 72! max:(0.9642857142857143, 'C=Cc1ccccc2ccc(cc2)cc2ccc(cc2)cc2ccc(cc2)cc2ccc(cc2)cc2ccc(cc2)c1'), min:(-99999, '')
[2.0357494354248047] Updated in round 73! max:(0.9642857142857143, 'C=Cc1ccccc2ccc(cc2)cc2ccc(cc2)cc2ccc(cc2)cc2ccc(cc2)cc2ccc(cc2)c1'), min:(-99999, '')
[2.040910005569458] Updated in round 74! max:(0.9642857142857143, 'C=Cc1ccccc2ccc(cc2)cc2ccc(cc2)cc2ccc(cc2)cc2ccc(cc2)cc2ccc(cc2)c1'), min:(-99999, '')
[2.0460805892944336] Updated in round 75! max:(0.9642857142857143, 'C=Cc1ccccc2ccc(cc2)cc2ccc(cc2)cc2ccc(cc2)cc2ccc(cc2)cc2ccc(cc2)c1'), min:(-99999, '')
[2.051701068878174] Updated in round 76! max:(0.9642857142857143, 'C=Cc1ccccc2ccc(cc2)cc2ccc(cc2)cc2ccc(cc2)cc2ccc(cc2)cc2ccc(cc2)c1'), min:(-99999, '')
[2.0573713779449463] Updated in round 77! max:(0.9642857142857143, 'C=Cc1ccccc2ccc(cc2)cc2ccc(cc2)cc2ccc(cc2)cc2ccc(cc2)cc2ccc(cc2)c1'), min:(-99999, '')
[2.0637807846069336] Updated in round 78! max:(0.9642857142857143, 'C=Cc1ccccc2ccc(cc2)cc2ccc(cc2)cc2ccc(cc2)cc2ccc(cc2)cc2ccc(cc2)c1'), min:(-99999, '')
[2.0716450214385986] Updated in round 79! max:(0.9642857142857143, 'C=Cc1ccccc2ccc(cc2)cc2ccc(cc2)cc2ccc(cc2)cc2ccc(cc2)cc2ccc(cc2)c1'), min:(-99999, '')
[2.077580690383911] Updated in round 80! max:(0.9642857142857143, 'C=Cc1ccccc2ccc(cc2)cc2ccc(cc2)cc2ccc(cc2)cc2ccc(cc2)cc2ccc(cc2)c1'), min:(-99999, '')
[2.083164691925049] Updated in round 81! max:(0.9642857142857143, 'C=Cc1ccccc2ccc(cc2)cc2ccc(cc2)cc2ccc(cc2)cc2ccc(cc2)cc2ccc(cc2)c1'), min:(-99999, '')
[2.0886104106903076] Updated in round 82! max:(0.9642857142857143, 'C=Cc1ccccc2ccc(cc2)cc2ccc(cc2)cc2ccc(cc2)cc2ccc(cc2)cc2ccc(cc2)c1'), min:(-99999, '')
[2.095979928970337] Updated in round 83! max:(0.9642857142857143, 'C=Cc1ccccc2ccc(cc2)cc2ccc(cc2)cc2ccc(cc2)cc2ccc(cc2)cc2ccc(cc2)c1'), min:(-99999, '')
[2.103829860687256] Updated in round 84! max:(0.9642857142857143, 'C=Cc1ccccc2ccc(cc2)cc2ccc(cc2)cc2ccc(cc2)cc2ccc(cc2)cc2ccc(cc2)c1'), min:(-99999, '')
[2.1095783710479736] Updated in round 85! max:(0.9642857142857143, 'C=Cc1ccccc2ccc(cc2)cc2ccc(cc2)cc2ccc(cc2)cc2ccc(cc2)cc2ccc(cc2)c1'), min:(-99999, '')
[2.1154935359954834] Updated in round 86! max:(0.9642857142857143, 'C=Cc1ccccc2ccc(cc2)cc2ccc(cc2)cc2ccc(cc2)cc2ccc(cc2)cc2ccc(cc2)c1'), min:(-99999, '')
[2.1236515045166016] Updated in round 87! max:(0.9642857142857143, 'C=Cc1ccccc2ccc(cc2)cc2ccc(cc2)cc2ccc(cc2)cc2ccc(cc2)cc2ccc(cc2)c1'), min:(-99999, '')
[2.130472421646118] Updated in round 88! max:(0.9642857142857143, 'C=Cc1ccccc2ccc(cc2)cc2ccc(cc2)cc2ccc(cc2)cc2ccc(cc2)cc2ccc(cc2)c1'), min:(-99999, '')
[2.1335320472717285] Reproduced in round 89!!
