[9.298324584960938e-05]Start running EvoMol from [H][H]...
[0.059607505798339844] Updated in round 1! max:(0.01639344262295082, 'C=C'), min:(-99999, '')
[0.06042885780334473] Updated in round 2! max:(0.03278688524590164, 'C=CC=C'), min:(-99999, '')
[0.06238365173339844] Updated in round 3! max:(0.04918032786885246, 'C=CC=CC=C'), min:(-99999, '')
[0.06536221504211426] Updated in round 4! max:(0.06557377049180328, 'C=CC=CC=CC=C'), min:(-99999, '')
[0.07013368606567383] Updated in round 5! max:(0.08196721311475409, 'C=c1ccccc1=C'), min:(-99999, '')
[0.07538390159606934] Updated in round 6! max:(0.09836065573770492, 'C=Cc1cccc(=C)c1=C'), min:(-99999, '')
[0.08271956443786621] Updated in round 7! max:(0.11475409836065574, 'C=c1cccc2c1=CC=C2'), min:(-99999, '')
[0.09007596969604492] Updated in round 8! max:(0.13114754098360656, 'C=Cc1ccc2c(c1=C)=CC=C2'), min:(-99999, '')
[0.10229969024658203] Updated in round 9! max:(0.14754098360655737, 'C=CC=c1c(C=C)ccc2c1=CC=C2'), min:(-99999, '')
[0.11859893798828125] Updated in round 10! max:(0.16393442622950818, 'C=CC=c1c(C=C)ccc2c1=CC=C2C=C'), min:(-99999, '')
[0.15064716339111328] Updated in round 11! max:(0.18032786885245902, 'C=CC=c1c(C(=C)C=C)ccc2c1=CC=C2C=C'), min:(-99999, '')
[0.21196508407592773] Updated in round 12! max:(0.18032786885245902, 'C=CC=c1c(C(=C)C=C)ccc2c1=CC=C2C=C'), min:(-99999, '')
[0.2430419921875] Updated in round 13! max:(0.19672131147540983, 'C=CC=CC1=CC=c2c1ccc(C(=C)C=C)c2=CC=C'), min:(-99999, '')
[0.3511049747467041] Updated in round 14! max:(0.21311475409836064, 'C=CC=CC1=CC=c2c1ccc1c2=C(C=C)C=C1C=C'), min:(-99999, '')
[0.47015857696533203] Updated in round 15! max:(0.21311475409836064, 'C=CC=CC1=CC=c2c1ccc1c2=C(C=C)C=C1C=C'), min:(-99999, '')
[0.5385434627532959] Updated in round 16! max:(0.22950819672131148, 'C=CC=CC1=Cc2ccc3c4c(ccc1c24)C(C=C)=C3'), min:(-99999, '')
[0.7730660438537598] Updated in round 17! max:(0.22950819672131148, 'C=CC=CC1=Cc2ccc3c4c(ccc1c24)C(C=C)=C3'), min:(-99999, '')
[1.0321004390716553] Updated in round 18! max:(0.2459016393442623, 'C=CC=CC1=C(C=C)c2ccc3c4c(ccc1c24)C(C=C)=C3'), min:(-99999, '')
[1.401489019393921] Updated in round 19! max:(0.26229508196721313, 'C=Cc1cc2ccc3c(C=C)c4ccc(=C)c5cc1c2c3c45'), min:(-99999, '')
[1.6498165130615234] Updated in round 20! max:(0.2786885245901639, 'C=Cc1cc2c(C=C)c3ccc(=C)c4cc5c(C=C)cc1c5c2c34'), min:(-99999, '')
[2.191348075866699] Updated in round 21! max:(0.29508196721311475, 'C=CC=Cc1cc2c(C=C)c3ccc(=C)c4cc5c(C=C)cc1c5c2c34'), min:(-99999, '')
[4.043880462646484] Updated in round 22! max:(0.3114754098360656, 'C=CC=Cc1cc2c(C=C)c3c(C=C)cc(=C)c4cc5c(C=C)cc1c5c2c34'), min:(-99999, '')
[7.056349754333496] Updated in round 23! max:(0.32786885245901637, 'C=CC=Cc1cc2c(C=C)c3c(C=C)c(C=C)c(=C)c4cc5c(C=C)cc1c5c2c34'), min:(-99999, '')
[10.139636278152466] Updated in round 24! max:(0.32786885245901637, 'C=CC=Cc1cc2c(C=C)c3c(C=C)c(C=C)c(=C)c4cc5c(C=C)cc1c5c2c34'), min:(-99999, '')
[11.408466815948486] Updated in round 25! max:(0.3442622950819672, 'C=CC=Cc1cc2c(C=C)c3c(C=C)c(C(=C)C=C)c(=C)c4cc5c(C=C)cc1c5c2c34'), min:(-99999, '')
[12.50384259223938] Updated in round 26! max:(0.36065573770491804, 'C=CC(=C)c1c(C=C)c2c(C=C)c3cc(C=C(C=C)C=C)c4cc(C=C)c5cc(c1=C)c2c3c45'), min:(-99999, '')
[16.931401014328003] Updated in round 27! max:(0.3770491803278688, 'C=CC=Cc1c(C(=C)C=C)c(=C)c2cc3c(C=C)cc4c(C=C(C=C)C=C)cc5c(C=C)c1c2c5c43'), min:(-99999, '')
[24.414998292922974] Updated in round 28! max:(0.39344262295081966, 'C=CC=Cc1c(C(=C)C=C)c(=C)c2cc3c(C=C)cc4c(C=C(C=C)C=C)c(C=C)c5c(C=C)c1c2c5c34'), min:(-99999, '')
[52.80302095413208] Updated in round 29! max:(0.39344262295081966, 'C=CC=Cc1c(C(=C)C=C)c(=C)c2cc3c(C=C)cc4c(C=C(C=C)C=C)c(C=C)c5c(C=C)c1c2c5c34'), min:(-99999, '')
[70.21517014503479] Updated in round 30! max:(0.39344262295081966, 'C=CC=Cc1c(C(=C)C=C)c(=C)c2cc3c(C=C)cc4c(C=C(C=C)C=C)c(C=C)c5c(C=C)c1c2c5c34'), min:(-99999, '')
[91.23353409767151] Updated in round 31! max:(0.4098360655737705, 'C=CC=Cc1c(C(=C)C=C)c(=C)c2cc3c(C=C)cc4c5c(=C(C=C)C=C)ccc5c5c(C=C)c1c2c5c34'), min:(-99999, '')
[96.23738074302673] Updated in round 32! max:(0.4098360655737705, 'C=CC=Cc1c(C(=C)C=C)c(=C)c2cc3c(C=C)cc4c5c(=C(C=C)C=C)ccc5c5c(C=C)c1c2c5c34'), min:(-99999, '')
[114.17148995399475] Updated in round 33! max:(0.4098360655737705, 'C=CC=Cc1c(C(=C)C=C)c(=C)c2cc3c(C=C)cc4c5c(=C(C=C)C=C)ccc5c5c(C=C)c1c2c5c34'), min:(-99999, '')
[126.80020713806152] Updated in round 34! max:(0.4262295081967213, 'C=CC=c1c(=C)c(=C)c2c(=C)c3cc4c(C=C)cc5c6c(=C(C=C)C=C)ccc6c6c(C=C)c(c12)c3c6c45'), min:(-99999, '')
[167.9402289390564] Updated in round 35! max:(0.4262295081967213, 'C=CC=c1c(=C)c(=C)c2c(=C)c3cc4c(C=C)cc5c6c(=C(C=C)C=C)ccc6c6c(C=C)c(c12)c3c6c45'), min:(-99999, '')
[173.89893174171448] Updated in round 36! max:(0.4426229508196721, 'C=CC=c1c(=C)c(=C)c2c(=C)c3cc4c(C=C)cc5c6c(=C7C=CC=C7)ccc6c6c(C=C)c(c12)c3c6c45'), min:(-99999, '')
[177.81948828697205] Updated in round 37! max:(0.4426229508196721, 'C=CC=c1c(=C)c(=C)c2c(=C)c3cc4c(C=C)cc5c6c(=C7C=CC=C7)ccc6c6c(C=C)c(c12)c3c6c45'), min:(-99999, '')
[179.82768511772156] Updated in round 38! max:(0.45901639344262296, 'C=CC=Cc1cc2c3c(=C4C=CC=C4)ccc3c3c(C=C)c4c5c(=CC=C)c(=C)c(=C)c5c(=C)c5cc1c2c3c54'), min:(-99999, '')
[189.0403938293457] Updated in round 39! max:(0.45901639344262296, 'C=CC=Cc1cc2c3c(=C4C=CC=C4)ccc3c3c(C=C)c4c5c(=CC=C)c(=C)c(=C)c5c(=C)c5cc1c2c3c54'), min:(-99999, '')
[191.98178219795227] Updated in round 40! max:(0.47540983606557374, 'C=CC=Cc1cc2c3c(=C4C=CC=C4)ccc3c3c(C=C)c4c5c(=CC=C)c(=C)c(=CC=C)c5c(=C)c5cc1c2c3c54'), min:(-99999, '')
[193.4726424217224] Updated in round 41! max:(0.4918032786885246, 'C=CC=Cc1cc2c3c(=C4C=CC=C4)cc4ccc5c6c7c(=CC=C)c(=C)c(=CC=C)c7c(=C)c7cc1c2c(c76)c5c43'), min:(-99999, '')
[210.49420762062073] Updated in round 42! max:(0.4918032786885246, 'C=CC=Cc1cc2c3c(=C4C=CC=C4)cc4ccc5c6c7c(=CC=C)c(=C)c(=CC=C)c7c(=C)c7cc1c2c(c76)c5c43'), min:(-99999, '')
[223.2911434173584] Updated in round 43! max:(0.4918032786885246, 'C=CC=Cc1cc2c3c(=C4C=CC=C4)cc4ccc5c6c7c(=CC=C)c(=C)c(=CC=C)c7c(=C)c7cc1c2c(c76)c5c43'), min:(-99999, '')
[232.7761914730072] Updated in round 44! max:(0.4918032786885246, 'C=CC=Cc1cc2c3c(=C4C=CC=C4)cc4ccc5c6c7c(=CC=C)c(=C)c(=CC=C)c7c(=C)c7cc1c2c(c76)c5c43'), min:(-99999, '')
[248.414897441864] Updated in round 45! max:(0.4918032786885246, 'C=CC=Cc1cc2c3c(=C4C=CC=C4)cc4ccc5c6c7c(=CC=C)c(=C)c(=CC=C)c7c(=C)c7cc1c2c(c76)c5c43'), min:(-99999, '')
[267.6419484615326] Updated in round 46! max:(0.5081967213114754, 'C=CC=Cc1cc2c3c(=C4C=CC=C4)cc4ccc5c6c7c(=CC=C)c(=C)c(=C(C=C)C=C)c7c(=C)c7cc1c2c(c76)c5c43'), min:(-99999, '')
[287.57003712654114] Updated in round 47! max:(0.5081967213114754, 'C=CC=Cc1cc2c3c(=C4C=CC=C4)cc4ccc5c6c7c(=CC=C)c(=C)c(=C(C=C)C=C)c7c(=C)c7cc1c2c(c76)c5c43'), min:(-99999, '')
[310.282066822052] Updated in round 48! max:(0.5245901639344263, 'C=CC=Cc1cc2c3c(=C4C=CC=C4)cc4ccc5c6c7c(=CC=C)c(=C)c(=C8C=CC=C8)c7c(=C)c7cc1c2c(c76)c5c43'), min:(-99999, '')
[314.16856932640076] Updated in round 49! max:(0.5245901639344263, 'C=CC=Cc1cc2c3c(=C4C=CC=C4)cc4ccc5c6c7c(=CC=C)c(=C)c(=C8C=CC=C8)c7c(=C)c7cc1c2c(c76)c5c43'), min:(-99999, '')
[335.69114923477173] Updated in round 50! max:(0.5245901639344263, 'C=CC=Cc1cc2c3c(=C4C=CC=C4)cc4ccc5c6c7c(=CC=C)c(=C)c(=C8C=CC=C8)c7c(=C)c7cc1c2c(c76)c5c43'), min:(-99999, '')
[370.3922436237335] Updated in round 51! max:(0.5409836065573771, 'C=CC=Cc1cc2c3c(=C4C=CC=C4)cc4ccc5c6c7c(=CC=C)c(=CC=C)c(=C8C=CC=C8)c7c(=C)c7cc1c2c(c76)c5c43'), min:(-99999, '')
[384.00023674964905] Updated in round 52! max:(0.5409836065573771, 'C=CC=Cc1cc2c3c(=C4C=CC=C4)cc4ccc5c6c7c(=CC=C)c(=CC=C)c(=C8C=CC=C8)c7c(=C)c7cc1c2c(c76)c5c43'), min:(-99999, '')
[428.96443819999695] Updated in round 53! max:(0.5573770491803278, 'C=CC=Cc1cc2c3c(=C4C=CC=C4)cc4ccc5c6c7c(=CC=C)c(=CC=C)c8c9cccc9cc(c9cc1c2c(c5c43)c96)c87'), min:(-99999, '')
[500.08262491226196] Updated in round 54! max:(0.5573770491803278, 'C=CC=Cc1cc2c3c(=C4C=CC=C4)cc4ccc5c6c7c(=CC=C)c(=CC=C)c8c9cccc9cc(c9cc1c2c(c5c43)c96)c87'), min:(-99999, '')
[555.4109091758728] Updated in round 55! max:(0.5573770491803278, 'C=CC=Cc1cc2c3c(=C4C=CC=C4)cc4ccc5c6c7c(=CC=C)c(=CC=C)c8c9cccc9cc(c9cc1c2c(c5c43)c96)c87'), min:(-99999, '')
[604.0353116989136] Updated in round 56! max:(0.5573770491803278, 'C=CC=Cc1cc2c3c(=C4C=CC=C4)cc4ccc5c6c7c(=CC=C)c(=CC=C)c8c9cccc9cc(c9cc1c2c(c5c43)c96)c87'), min:(-99999, '')
[652.6318426132202] Updated in round 57! max:(0.5573770491803278, 'C=CC=Cc1cc2c3c(=C4C=CC=C4)cc4ccc5c6c7c(=CC=C)c(=CC=C)c8c9cccc9cc(c9cc1c2c(c5c43)c96)c87'), min:(-99999, '')
[718.2605156898499] Updated in round 58! max:(0.5573770491803278, 'C=CC=Cc1cc2c3c(=C4C=CC=C4)cc4ccc5c6c7c(=CC=C)c(=CC=C)c8c9cccc9cc(c9cc1c2c(c5c43)c96)c87'), min:(-99999, '')
[751.3194043636322] Updated in round 59! max:(0.5573770491803278, 'C=CC=Cc1cc2c3c(=C4C=CC=C4)cc4ccc5c6c7c(=CC=C)c(=CC=C)c8c9cccc9cc(c9cc1c2c(c5c43)c96)c87'), min:(-99999, '')
[862.5036818981171] Updated in round 60! max:(0.5737704918032787, 'C=CC=c1c(=CC=C)c2c3c(cc4cccc4c13)c1cc3c4cc(C=C)c5cc(c6cc7ccc8c2c1c1c3c(c4)c6c7c81)C=C5'), min:(-99999, '')
[959.9221141338348] Updated in round 61! max:(0.5737704918032787, 'C=CC=c1c(=CC=C)c2c3c(cc4cccc4c13)c1cc3c4cc(C=C)c5cc(c6cc7ccc8c2c1c1c3c(c4)c6c7c81)C=C5'), min:(-99999, '')
[975.4580862522125] Updated in round 62! max:(0.5901639344262295, 'C=Cc1cc2cc3c4c(cc5ccc6c7c8c9cc(=C)c(=C)cc9c9c%10cccc%10cc(c%10cc2c3c(c6c54)c%107)c98)c2cc1C=C2'), min:(-99999, '')
[978.861695766449] Updated in round 63! max:(0.5901639344262295, 'C=Cc1cc2cc3c4c(cc5ccc6c7c8c9cc(=C)c(=C)cc9c9c%10cccc%10cc(c%10cc2c3c(c6c54)c%107)c98)c2cc1C=C2'), min:(-99999, '')
[1000.9963710308075] Updated in round 64! max:(0.6065573770491803, 'C=Cc1c2cc(c3cc4ccc5c6c7c8cc(=C)c(=C)cc8c8c9cccc9cc(c9cc%10c(cc%11c3c4c5c(c%10%11)c96)c1C=C)c87)C=C2'), min:(-99999, '')
[1161.050929069519] Updated in round 65! max:(0.6065573770491803, 'C=Cc1c2cc(c3cc4ccc5c6c7c8cc(=C)c(=C)cc8c8c9cccc9cc(c9cc%10c(cc%11c3c4c5c(c%10%11)c96)c1C=C)c87)C=C2'), min:(-99999, '')
[1178.7044479846954] Updated in round 66! max:(0.6065573770491803, 'C=Cc1c2cc(c3cc4ccc5c6c7c8cc(=C)c(=C)cc8c8c9cccc9cc(c9cc%10c(cc%11c3c4c5c(c%10%11)c96)c1C=C)c87)C=C2'), min:(-99999, '')
[1180.495343208313] Updated in round 67! max:(0.6065573770491803, 'C=Cc1c2cc(c3cc4ccc5c6c7c8cc(=C)c(=C)cc8c8c9cccc9cc(c9cc%10c(cc%11c3c4c5c(c%10%11)c96)c1C=C)c87)C=C2'), min:(-99999, '')
[1314.40171957016] Updated in round 68! max:(0.6229508196721312, 'C=c1cc2c(cc1=C)c1c3c(cc4cccc4c23)c2cc3c4cc5c6c(cc7ccc8c1c2c(c35)c8c76)c1cc(c2ccc(=C)c24)C=C1'), min:(-99999, '')
[1314.7460501194] Updated in round 69! max:(0.639344262295082, 'C=c1cc2c(cc1=C)c1c3c(cc4cccc4c23)c2cc3c4c5c(=C)ccc5c5ccc6c7cc8ccc9c1c2c1c9c8c7c(c31)c4c56'), min:(-99999, '')
[1318.7273061275482] Updated in round 70! max:(0.6557377049180327, 'C=c1cc2c3c4cccc4cc4c5cc6c7c8c(=C)ccc8c8ccc9c%10cc%11cc%12c(c1=C)c2c(c43)c1c%12c2c%11c%10c(c6c2c51)c7c89'), min:(-99999, '')
[1319.1194732189178] Updated in round 71! max:(0.6721311475409836, 'C=c1cc2c3c4cccc4c4cc5ccc6c7ccc8c9cc%10cc%11c(c1=C)c2c1c3c4c2cc3c(c56)c(c78)c4c9c%10c5c%11c1c2c5c34'), min:(-99999, '')
[1320.066906929016] Updated in round 72! max:(0.6885245901639344, 'C=c1cc2c3c4cccc4c4cc5ccc6c7ccc8c9cc%10c%11cc1c1c2c2c3c4c3cc4c(c56)c(c78)c5c9c%10c6c(c45)c3c2c6c%111'), min:(-99999, '')
[1322.3704628944397] Updated in round 73! max:(0.6885245901639344, 'C=c1cc2c3c4cccc4c4cc5ccc6c7ccc8c9cc%10c%11cc1c1c2c2c3c4c3cc4c(c56)c(c78)c5c9c%10c6c(c45)c3c2c6c%111'), min:(-99999, '')
[1326.705189704895] Updated in round 74! max:(0.7049180327868853, 'C=c1cc2c3c4cccc4c4c5c6ccc7c8ccc9c%10cc%11c%12cc1c1c2c2c3c4c3c5c4c(c76)c(c89)c5c%10c%11c6c(c%121)c2c3c6c54'), min:(-99999, '')
[1328.2422337532043] Updated in round 75! max:(0.7049180327868853, 'C=c1cc2c3c4cccc4c4c5c6ccc7c8ccc9c%10cc%11c%12cc1c1c2c2c3c4c3c5c4c(c76)c(c89)c5c%10c%11c6c(c%121)c2c3c6c54'), min:(-99999, '')
[1329.5492253303528] Updated in round 76! max:(0.7049180327868853, 'C=c1cc2c3c4cccc4c4c5c6ccc7c8ccc9c%10cc%11c%12cc1c1c2c2c3c4c3c5c4c(c76)c(c89)c5c%10c%11c6c(c%121)c2c3c6c54'), min:(-99999, '')
[1330.3368673324585] Updated in round 77! max:(0.7049180327868853, 'C=c1cc2c3c4cccc4c4c5c6ccc7c8ccc9c%10cc%11c%12cc1c1c2c2c3c4c3c5c4c(c76)c(c89)c5c%10c%11c6c(c%121)c2c3c6c54'), min:(-99999, '')
[1330.489589691162] Updated in round 78! max:(0.7049180327868853, 'C=c1cc2c3c4cccc4c4c5c6ccc7c8ccc9c%10cc%11c%12cc1c1c2c2c3c4c3c5c4c(c76)c(c89)c5c%10c%11c6c(c%121)c2c3c6c54'), min:(-99999, '')
[1330.8051459789276] Updated in round 79! max:(0.7213114754098361, 'C=c1cc2c3c4ccc5c6cc7c8ccc9c%10cc%11c%12cc1c1c2c2c3c3c(c54)c4c6c7c5c(c89)c6c%10c%11c7c(c%121)c2c1c7c6c5c4c31'), min:(-99999, '')
[1331.2442419528961] Updated in round 80! max:(0.7377049180327869, 'C=CC=c1cc2c3c4ccc5c6cc7c8ccc9c%10cc%11c%12cc1c1c2c2c3c3c(c54)c4c6c7c5c(c89)c6c%10c%11c7c(c%121)c2c1c7c6c5c4c31'), min:(-99999, '')
[1335.538093805313] Updated in round 81! max:(0.7540983606557377, 'c1cc2cc3c4c5c(c1)cc1c6cc7c8ccc9c%10cc%11c%12cc2c2c3c3c4c4c(c15)c1c6c7c5c(c89)c6c%10c%11c7c(c%122)c3c2c7c6c5c1c42'), min:(-99999, '')
[1337.316160917282] Updated in round 82! max:(0.7540983606557377, 'c1cc2cc3c4c5c(c1)cc1c6cc7c8ccc9c%10cc%11c%12cc2c2c3c3c4c4c(c15)c1c6c7c5c(c89)c6c%10c%11c7c(c%122)c3c2c7c6c5c1c42'), min:(-99999, '')
[1337.6243705749512] Updated in round 83! max:(0.7540983606557377, 'c1cc2cc3c4c5c(c1)cc1c6cc7c8ccc9c%10cc%11c%12cc2c2c3c3c4c4c(c15)c1c6c7c5c(c89)c6c%10c%11c7c(c%122)c3c2c7c6c5c1c42'), min:(-99999, '')
[1337.6860885620117] Updated in round 84! max:(0.7704918032786885, 'C=Cc1c2c3cccc4cc5c6cc7c8ccc9c%10cc%11c1c1c2c2c(c3)c3c4c5c4c5c6c7c6c(c89)c7c%10c%11c8c1c1c2c3c4c2c5c6c7c8c12'), min:(-99999, '')
[1341.0968925952911] Updated in round 85! max:(0.7868852459016393, 'C=Cc1c2c3cccc4cc5c6c(C=C)c7c8ccc9c%10cc%11c1c1c2c2c(c3)c3c4c5c4c5c6c7c6c(c98)c7c%10c%11c8c1c1c2c3c4c2c5c6c7c8c12'), min:(-99999, '')
[1349.3335809707642] Updated in round 86! max:(0.7868852459016393, 'C=Cc1c2c3cccc4cc5c6c(C=C)c7c8ccc9c%10cc%11c1c1c2c2c(c3)c3c4c5c4c5c6c7c6c(c98)c7c%10c%11c8c1c1c2c3c4c2c5c6c7c8c12'), min:(-99999, '')
[1351.7937285900116] Updated in round 87! max:(0.8032786885245902, 'C=Cc1c2c3cccc4c(C=C)c5c6c(C=C)c7c8ccc9c%10cc%11c1c1c2c2c(c3)c3c4c5c4c5c6c7c6c(c98)c7c%10c%11c8c1c1c2c3c4c2c5c6c7c8c12'), min:(-99999, '')
[1361.6867833137512] Updated in round 88! max:(0.8032786885245902, 'C=Cc1c2c3cccc4c(C=C)c5c6c(C=C)c7c8ccc9c%10cc%11c1c1c2c2c(c3)c3c4c5c4c5c6c7c6c(c98)c7c%10c%11c8c1c1c2c3c4c2c5c6c7c8c12'), min:(-99999, '')
[1379.5558564662933] Updated in round 89! max:(0.819672131147541, 'C=Cc1c2ccc3ccc4c5c3cc3c6c2c2c1c1c(C=C)c7c8ccc9c%10cc%11c4c4c5c3c3c6c5c2c2c1c7c1c(c98)c6c%10c%11c7c4c3c3c7c6c1c2c53'), min:(-99999, '')
[1388.0530180931091] Updated in round 90! max:(0.8360655737704918, 'C=Cc1c2ccc3ccc4c5c3cc3c6c2c2c1c1c7ccc8cc9c%10cc%11c4c4c5c3c3c6c5c2c2c1c1c7c8c9c6c7c%10c%11c8c4c3c3c8c7c(c16)c2c53'), min:(-99999, '')
[1395.2366733551025] Updated in round 91! max:(0.8360655737704918, 'C=Cc1c2ccc3ccc4c5c3cc3c6c2c2c1c1c7ccc8cc9c%10cc%11c4c4c5c3c3c6c5c2c2c1c1c7c8c9c6c7c%10c%11c8c4c3c3c8c7c(c16)c2c53'), min:(-99999, '')
[1395.3602366447449] Updated in round 92! max:(0.8360655737704918, 'C=Cc1c2ccc3ccc4c5c3cc3c6c2c2c1c1c7ccc8cc9c%10cc%11c4c4c5c3c3c6c5c2c2c1c1c7c8c9c6c7c%10c%11c8c4c3c3c8c7c(c16)c2c53'), min:(-99999, '')
[1400.051346063614] Updated in round 93! max:(0.8360655737704918, 'C=Cc1c2ccc3ccc4c5c3cc3c6c2c2c1c1c7ccc8cc9c%10cc%11c4c4c5c3c3c6c5c2c2c1c1c7c8c9c6c7c%10c%11c8c4c3c3c8c7c(c16)c2c53'), min:(-99999, '')
[1402.2519493103027] Updated in round 94! max:(0.8524590163934426, 'C=Cc1cc2ccc3c(C=C)c4c5c6ccc7cc8c9cc%10c%11c1c1c2cc2c%12c3c4c3c4c5c5c6c7c8c6c7c9c%10c8c9c%11c1c2c1c%12c3c2c(c19)c8c7c(c56)c42'), min:(-99999, '')
[1404.3585534095764] Updated in round 95! max:(0.8688524590163934, 'C=Cc1cc2ccc3c4c(=C)c5cc6cc7c8cc9c%10c1c1c2cc2c%11c1c%10c1c%10c9c8c8c9c7c6c6c5c5c4c4c3c2c2c%11c1c1c%10c8c3c9c6c5c5c4c2c1c53'), min:(-99999, '')
[1407.3431551456451] Updated in round 96! max:(0.8852459016393442, 'C=Cc1cc2c3cc4c5cc6cc7c8cc9c%10c1c1c2cc2c%11c1c%10c1c%10c9c8c8c9c7c6c6c5c5c7c4c(c3)c3c2c2c%11c1c1c%10c8c4c9c6c5c5c(c37)c2c1c45'), min:(-99999, '')
[1409.0828692913055] Updated in round 97! max:(0.8852459016393442, 'C=Cc1cc2c3cc4c5cc6cc7c8cc9c%10c1c1c2cc2c%11c1c%10c1c%10c9c8c8c9c7c6c6c5c5c7c4c(c3)c3c2c2c%11c1c1c%10c8c4c9c6c5c5c(c37)c2c1c45'), min:(-99999, '')
[1409.7959382534027] Updated in round 98! max:(0.8852459016393442, 'C=Cc1cc2c3cc4c5cc6cc7c8cc9c%10c1c1c2cc2c%11c1c%10c1c%10c9c8c8c9c7c6c6c5c5c7c4c(c3)c3c2c2c%11c1c1c%10c8c4c9c6c5c5c(c37)c2c1c45'), min:(-99999, '')
[1410.0667083263397] Updated in round 99! max:(0.8852459016393442, 'C=Cc1cc2c3cc4c5cc6cc7c8cc9c%10c1c1c2cc2c%11c1c%10c1c%10c9c8c8c9c7c6c6c5c5c7c4c(c3)c3c2c2c%11c1c1c%10c8c4c9c6c5c5c(c37)c2c1c45'), min:(-99999, '')
[1410.2503607273102] Updated in round 100! max:(0.9016393442622951, 'C=CC=Cc1cc2c3cc4c5cc6cc7c8cc9c%10c1c1c2cc2c%11c1c%10c1c%10c9c8c8c9c7c6c6c5c5c7c4c(c3)c3c2c2c%11c1c1c%10c8c4c9c6c5c5c(c37)c2c1c45'), min:(-99999, '')
[1411.7769503593445] Updated in round 101! max:(0.9016393442622951, 'C=CC=Cc1cc2c3cc4c5cc6cc7c8cc9c%10c1c1c2cc2c%11c1c%10c1c%10c9c8c8c9c7c6c6c5c5c7c4c(c3)c3c2c2c%11c1c1c%10c8c4c9c6c5c5c(c37)c2c1c45'), min:(-99999, '')
[1414.3283984661102] Updated in round 102! max:(0.9180327868852459, 'C=c1ccc2c1c1c3cc4c5cc6cc7c8cc9c%10c2c2c1cc1c%11c2c%10c2c%10c9c8c8c9c7c6c6c5c5c7c4c(c3)c3c1c1c%11c2c2c%10c8c4c9c6c5c5c(c37)c1c2c45'), min:(-1.0, 'C=Cc1c2c3c4cc5c6c7c4c1c1c4cc8c9cc%10cc%11c%12cc3c2c2c%12c3c%12c%11c%11c%10c9c9c%10c8c4c4c(c17)c1c6c6c5c2c3c2c6c3c1c4c%10c1c9c%11c%12c2c13')
[1415.1993749141693] Updated in round 103! max:(0.9344262295081968, 'c1cc2c3c1cc1c4cc5c6c1c1cc7cc8c9cc%10c%11c2c2c(cc%12c%13c2c%11c2c%11c%10c9c9c%10c8c7c7c1c1c6c6c5c%12c5c%13c2c2c%11c9c8c%10c7c1c1c6c5c2c81)c43'), min:(-1.0, 'C=CC(=C)c1c2c3cc4cc5c6cc7cc8c9cc%10c1c1c2c2c(c3)c3c%11c(c4)c5c4c5c6c6c7c8c7c8c9c%10c9c1c1c2c3c2c(c%114)c3c5c6c7c4c8c9c1c2c43')
[1416.1582181453705] Updated in round 104! max:(0.9508196721311475, 'c1cc2c3c1cc1c4c5cc6cc7c8cc9c%10c2c2c%11c3c1c1c3c4c4c%12c5c5c6c7c6c7c8c9c8c9c%10c2c2c(c1%11)c1c3c4c3c4c%12c5c6c5c7c8c6c9c2c1c3c6c54'), min:(-1.0, 'C=Cc1c2ccc3cc4ccc5cc6c7c1c1c2c2c8cc3c3c4c4c9cc%10c%11cc5c5c6c6c7c7c1c1c2c2c8c3c4c3c4c9c%10c8c(c%115)c6c5c8c4c(c23)c1c75')
[1417.1115963459015] Updated in round 105! max:(0.9508196721311475, 'c1cc2c3c1cc1c4c5cc6cc7c8cc9c%10c2c2c%11c3c1c1c3c4c4c%12c5c5c6c7c6c7c8c9c8c9c%10c2c2c(c1%11)c1c3c4c3c4c%12c5c6c5c7c8c6c9c2c1c3c6c54'), min:(-1.0, 'C=Cc1cc2cc3c4cc5c6c7ccc8ccc9c(C=C)c%10c%11c1c1c2c3c2c3c4c5c4c5c6c6c7c8cc7c8c9c%10c9c%10c%11c1c2c1c3c4c2c5c(c76)c8c9c2c%101')
[1417.226324558258] Updated in round 106! max:(0.9672131147540983, 'c1cc2c3c1c1c4c5cc6c7cc8c9c2c2c%10c3c3c1c1c4c4c%11c5c6c5c6c7c8c7c8c9c2c2c9c%10c3c3c1c1c4c4c%11c5c5c6c7c6c8c2c2c9c3c1c1c4c5c6c21'), min:(-1.0, 'C=c1c2cc3c4c5c2cc2c6cc7c8c9ccc%10ccc%11c1c1c3c3c4c4c(c25)c2c6c7c5c6c8c7c9c%10cc8c7c7c9c8c%11c1c1c3c3c4c2c5c(c76)c3c91')
[1418.22217130661] Updated in round 107! max:(0.9672131147540983, 'c1cc2c3c1c1c4c5cc6c7cc8c9c2c2c%10c3c3c1c1c4c4c%11c5c6c5c6c7c8c7c8c9c2c2c9c%10c3c3c1c1c4c4c%11c5c5c6c7c6c8c2c2c9c3c1c1c4c5c6c21'), min:(-1.0, 'C=Cc1c2c3ccc4cc5c6c2c2c1c1c(C=C)c7c8ccc9c8c8c%10c7c1c1c2c2c6c6c5c5c4c(C=C)c4c7c3c9c3c7c7c(c45)c6c4c2c1c%10c(c83)c74')
[1418.3182721138] Updated in round 108! max:(0.9672131147540983, 'c1cc2c3c1c1c4c5cc6c7cc8c9c2c2c%10c3c3c1c1c4c4c%11c5c6c5c6c7c8c7c8c9c2c2c9c%10c3c3c1c1c4c4c%11c5c5c6c7c6c8c2c2c9c3c1c1c4c5c6c21'), min:(-1.0, 'C=Cc1c2c3cccc4c5ccc6cc7c8cc9c1c1c2c2c(c3)c3c4c4c5c5c(C=C)c%10c6c7c6c7c8c9c8c1c1c2c3c2c4c3c5c%10c6c4c7c8c1c2c34')
[1418.3987963199615] Updated in round 109! max:(0.9672131147540983, 'c1cc2c3c1c1c4c5cc6c7cc8c9c2c2c%10c3c3c1c1c4c4c%11c5c6c5c6c7c8c7c8c9c2c2c9c%10c3c3c1c1c4c4c%11c5c5c6c7c6c8c2c2c9c3c1c1c4c5c6c21'), min:(-1.0, 'C#CC(=C)c1c2c3cccc4cc5c6c(C=C)c7c8ccc9c%10cc%11c1c1c2c2c(c3)c3c4c5c4c5c6c7c6c(c98)c7c%10c%11c8c1c1c2c3c4c2c5c6c7c8c12')
[1418.4868755340576] Updated in round 110! max:(0.9836065573770492, 'c1c2c3c4c5cc6c7c8c1c1c2c2c9c3c3c4c4c%10c5c6c5c6c7c7c8c8c1c1c2c2c9c9c3c3c4c4c%10c5c5c6c6c7c7c8c1c1c2c2c9c3c3c4c5c4c6c7c1c2c34'), min:(-1.0, 'C=Cc1c2c3cccc4cc5c6c7c8cc9c7c7c6c6c%10c5c4c4c(c3)c3c2c2c1c1cc5c8c9c8c9c5c1c1c2c2c3c4c%10c3c2c1c9c(c78)c63')
[1419.5088455677032] Updated in round 111! max:(0.9836065573770492, 'c1c2c3c4c5cc6c7c8c1c1c2c2c9c3c3c4c4c%10c5c6c5c6c7c7c8c8c1c1c2c2c9c9c3c3c4c4c%10c5c5c6c6c7c7c8c1c1c2c2c9c3c3c4c5c4c6c7c1c2c34'), min:(-1.0, 'c1cc2cc3c4c5c(c1)c1c6c7cc8c9ccc%10c%11cc%12c%13c1c2c1c3c2c4c3c(c65)c4c7c8c5c(c9%10)c6c%11c%12c7c(c%131)c2c1c7c6c5c4c31')
[1419.5928964614868] Updated in round 112! max:(0.9836065573770492, 'c1c2c3c4c5cc6c7c8c1c1c2c2c9c3c3c4c4c%10c5c6c5c6c7c7c8c8c1c1c2c2c9c9c3c3c4c4c%10c5c5c6c6c7c7c8c1c1c2c2c9c3c3c4c5c4c6c7c1c2c34'), min:(-1.0, 'C=c1cc2cc3c4c5c1cc1c6cc7c8ccc9c%10cc%11c%12cc2c2c3c3c4c4c(c15)c1c6c7c5c(c89)c6c%10c%11c7c(c%122)c3c2c7c6c5c1c42')
[1419.6127717494965] Reproduced in round 113!!
