[6.246566772460938e-05]Start running EvoMol from [H][H]...
[0.012504339218139648] Updated in round 1! max:(0.025, 'C=C'), min:(-99999, '')
[0.013532400131225586] Updated in round 2! max:(0.05, 'C=CC=C'), min:(-99999, '')
[0.01841902732849121] Updated in round 3! max:(0.075, 'C=CC=CC=C'), min:(-99999, '')
[0.022670507431030273] Updated in round 4! max:(0.1, 'c1ccccc1'), min:(-99999, '')
[0.026578903198242188] Updated in round 5! max:(0.125, 'C#Cc1ccccc1'), min:(-99999, '')
[0.029747486114501953] Updated in round 6! max:(0.15, 'C=CC#Cc1ccccc1'), min:(-99999, '')
[0.03409075736999512] Updated in round 7! max:(0.175, 'C=CC=CC#Cc1ccccc1'), min:(-99999, '')
[0.0393824577331543] Updated in round 8! max:(0.2, 'C#Cc1ccccc1C#CC=CC=C'), min:(-99999, '')
[0.04452681541442871] Updated in round 9! max:(0.2, 'C#Cc1ccccc1C#CC=CC=C'), min:(-99999, '')
[0.047966718673706055] Updated in round 10! max:(0.225, 'C=CC#Cc1ccccc1C#CC=CC=C'), min:(-99999, '')
[0.057706594467163086] Updated in round 11! max:(0.25, 'C#CC(C=C)=CC#Cc1ccccc1C#CC=C'), min:(-99999, '')
[0.06635451316833496] Updated in round 12! max:(0.275, 'C#CC=CC(C#C)=CC#Cc1ccccc1C#CC=C'), min:(-99999, '')
[0.0756521224975586] Updated in round 13! max:(0.3, 'C#CC=C(C#C)C(C#C)=CC#Cc1ccccc1C#CC=C'), min:(-99999, '')
[0.08548092842102051] Updated in round 14! max:(0.3, 'C#CC=C(C#C)C(C#C)=CC#Cc1ccccc1C#CC=C'), min:(-99999, '')
[0.08738923072814941] Updated in round 15! max:(0.325, 'C#CC=C(C#C)C(C#CC=C)=CC#Cc1ccccc1C#CC=C'), min:(-99999, '')
[0.09930181503295898] Updated in round 16! max:(0.325, 'C#CC=C(C#C)C(C#CC=C)=CC#Cc1ccccc1C#CC=C'), min:(-99999, '')
[0.10222244262695312] Updated in round 17! max:(0.35, 'C#CC=C(C#CC=C)C(C#CC=C)=CC#Cc1ccccc1C#CC=C'), min:(-99999, '')
[0.11699247360229492] Updated in round 18! max:(0.375, 'C#CC=C(C#CC=C)C1=CC#Cc2ccccc2C#CC(=C)C(=C)C#C1'), min:(-99999, '')
[0.1303703784942627] Updated in round 19! max:(0.4, 'C=CC#CC=C(C#CC=C)C1=CC#Cc2ccccc2C#CC(=C)C(=C)C#C1'), min:(-99999, '')
[0.14603185653686523] Updated in round 20! max:(0.425, 'C=CC#CC=C(C#CC(=C)C=C)C1=CC#Cc2ccccc2C#CC(=C)C(=C)C#C1'), min:(-99999, '')
[0.16538476943969727] Updated in round 21! max:(0.45, 'C=CC=CC#CC=C(C#CC(=C)C=C)C1=CC#Cc2ccccc2C#CC(=C)C(=C)C#C1'), min:(-99999, '')
[0.1898646354675293] Updated in round 22! max:(0.475, 'C=CC=CC#CC=C(C#CC(=C)C=C)C1=CC#Cc2ccccc2C#CC(=C)C(=CC=C)C#C1'), min:(-99999, '')
[0.22095870971679688] Updated in round 23! max:(0.475, 'C=CC=CC#CC=C(C#CC(=C)C=C)C1=CC#Cc2ccccc2C#CC(=C)C(=CC=C)C#C1'), min:(-99999, '')
[0.2236185073852539] Updated in round 24! max:(0.475, 'C=CC=CC#CC=C(C#CC(=C)C=C)C1=CC#Cc2ccccc2C#CC(=C)C(=CC=C)C#C1'), min:(-99999, '')
[0.2267322540283203] Updated in round 25! max:(0.5, 'C=CC=C(C#CC=C(C#CC(=C)C=C)C1=CC#Cc2ccccc2C#CC(=C)C(=CC=C)C#C1)C=C'), min:(-99999, '')
[0.26285862922668457] Updated in round 26! max:(0.5, 'C=CC=C(C#CC=C(C#CC(=C)C=C)C1=CC#Cc2ccccc2C#CC(=C)C(=CC=C)C#C1)C=C'), min:(-99999, '')
[0.26593923568725586] Updated in round 27! max:(0.525, 'C#CC(=C)C(C#CC=C(C#CC(=C)C=C)C1=CC#Cc2ccccc2C#CC(=C)C(=CC=C)C#C1)=CC=C'), min:(-99999, '')
[0.3033931255340576] Updated in round 28! max:(0.525, 'C#CC(=C)C(C#CC=C(C#CC(=C)C=C)C1=CC#Cc2ccccc2C#CC(=C)C(=CC=C)C#C1)=CC=C'), min:(-99999, '')
[0.30638670921325684] Updated in round 29! max:(0.55, 'C=CC=C1C#CC=C(C2=CC#Cc3ccccc3C#CC(=C)C(=CC=C)C#C2)C#CC(=C)C(=C)C#CC1=C'), min:(-99999, '')
[0.3400592803955078] Updated in round 30! max:(0.55, 'C=CC=C1C#CC=C(C2=CC#Cc3ccccc3C#CC(=C)C(=CC=C)C#C2)C#CC(=C)C(=C)C#CC1=C'), min:(-99999, '')
[0.3433051109313965] Updated in round 31! max:(0.575, 'C=CC=C1C#CC=C(C2=CC#Cc3ccccc3C#Cc3ccccc3C#C2)C#CC(=C)C(=C)C#CC1=C'), min:(-99999, '')
[0.38009214401245117] Updated in round 32! max:(0.6, 'C=CC=C1C#CC=C(C2=CC#Cc3ccccc3C#Cc3ccccc3C#C2)C#CC(=C)C(=CC=C)C#CC1=C'), min:(-99999, '')
[0.4265940189361572] Updated in round 33! max:(0.625, 'C=CC=C1C#Cc2ccccc2C#CC=C(C2=CC#Cc3ccccc3C#Cc3ccccc3C#C2)C#CC1=C'), min:(-99999, '')
[0.4744417667388916] Updated in round 34! max:(0.625, 'C=CC=C1C#Cc2ccccc2C#CC=C(C2=CC#Cc3ccccc3C#Cc3ccccc3C#C2)C#CC1=C'), min:(-99999, '')
[0.47763729095458984] Updated in round 35! max:(0.625, 'C=CC=C1C#Cc2ccccc2C#CC=C(C2=CC#Cc3ccccc3C#Cc3ccccc3C#C2)C#CC1=C'), min:(-99999, '')
[0.48100805282592773] Updated in round 36! max:(0.625, 'C=CC=C1C#Cc2ccccc2C#CC=C(C2=CC#Cc3ccccc3C#Cc3ccccc3C#C2)C#CC1=C'), min:(-99999, '')
[0.48429417610168457] Updated in round 37! max:(0.625, 'C=CC=C1C#Cc2ccccc2C#CC=C(C2=CC#Cc3ccccc3C#Cc3ccccc3C#C2)C#CC1=C'), min:(-99999, '')
[0.4874606132507324] Updated in round 38! max:(0.625, 'C=CC=C1C#Cc2ccccc2C#CC=C(C2=CC#Cc3ccccc3C#Cc3ccccc3C#C2)C#CC1=C'), min:(-99999, '')
[0.4906015396118164] Updated in round 39! max:(0.625, 'C=CC=C1C#Cc2ccccc2C#CC=C(C2=CC#Cc3ccccc3C#Cc3ccccc3C#C2)C#CC1=C'), min:(-99999, '')
[0.4937174320220947] Updated in round 40! max:(0.625, 'C=CC=C1C#Cc2ccccc2C#CC=C(C2=CC#Cc3ccccc3C#Cc3ccccc3C#C2)C#CC1=C'), min:(-99999, '')
[0.4968845844268799] Updated in round 41! max:(0.625, 'C=CC=C1C#Cc2ccccc2C#CC=C(C2=CC#Cc3ccccc3C#Cc3ccccc3C#C2)C#CC1=C'), min:(-99999, '')
[0.500136137008667] Updated in round 42! max:(0.625, 'C=CC=C1C#Cc2ccccc2C#CC=C(C2=CC#Cc3ccccc3C#Cc3ccccc3C#C2)C#CC1=C'), min:(-99999, '')
[0.5033812522888184] Updated in round 43! max:(0.625, 'C=CC=C1C#Cc2ccccc2C#CC=C(C2=CC#Cc3ccccc3C#Cc3ccccc3C#C2)C#CC1=C'), min:(-99999, '')
[0.5064957141876221] Updated in round 44! max:(0.625, 'C=CC=C1C#Cc2ccccc2C#CC=C(C2=CC#Cc3ccccc3C#Cc3ccccc3C#C2)C#CC1=C'), min:(-99999, '')
[0.5099549293518066] Updated in round 45! max:(0.65, 'C1#Cc2ccccc2C#Cc2ccccc2C#CC(C2=CC#Cc3ccccc3C#Cc3ccccc3C#C2)=C1'), min:(-99999, '')
[0.5604848861694336] Updated in round 46! max:(0.65, 'C1#Cc2ccccc2C#Cc2ccccc2C#CC(C2=CC#Cc3ccccc3C#Cc3ccccc3C#C2)=C1'), min:(-99999, '')
[0.5635848045349121] Updated in round 47! max:(0.65, 'C1#Cc2ccccc2C#Cc2ccccc2C#CC(C2=CC#Cc3ccccc3C#Cc3ccccc3C#C2)=C1'), min:(-99999, '')
[0.5667867660522461] Updated in round 48! max:(0.65, 'C1#Cc2ccccc2C#Cc2ccccc2C#CC(C2=CC#Cc3ccccc3C#Cc3ccccc3C#C2)=C1'), min:(-99999, '')
[0.5699067115783691] Updated in round 49! max:(0.65, 'C1#Cc2ccccc2C#Cc2ccccc2C#CC(C2=CC#Cc3ccccc3C#Cc3ccccc3C#C2)=C1'), min:(-99999, '')
[0.5730559825897217] Updated in round 50! max:(0.65, 'C1#Cc2ccccc2C#Cc2ccccc2C#CC(C2=CC#Cc3ccccc3C#Cc3ccccc3C#C2)=C1'), min:(-99999, '')
[0.5763082504272461] Updated in round 51! max:(0.65, 'C1#Cc2ccccc2C#Cc2ccccc2C#CC(C2=CC#Cc3ccccc3C#Cc3ccccc3C#C2)=C1'), min:(-99999, '')
[0.5794882774353027] Updated in round 52! max:(0.65, 'C1#Cc2ccccc2C#Cc2ccccc2C#CC(C2=CC#Cc3ccccc3C#Cc3ccccc3C#C2)=C1'), min:(-99999, '')
[0.5832068920135498] Updated in round 53! max:(0.675, 'C=CC1=C(C2=CC#Cc3ccccc3C#Cc3ccccc3C#C2)C#Cc2ccccc2C#Cc2ccccc2C#C1'), min:(-99999, '')
[0.6401410102844238] Updated in round 54! max:(0.675, 'C=CC1=C(C2=CC#Cc3ccccc3C#Cc3ccccc3C#C2)C#Cc2ccccc2C#Cc2ccccc2C#C1'), min:(-99999, '')
[0.6435606479644775] Updated in round 55! max:(0.675, 'C=CC1=C(C2=CC#Cc3ccccc3C#Cc3ccccc3C#C2)C#Cc2ccccc2C#Cc2ccccc2C#C1'), min:(-99999, '')
[0.6469380855560303] Updated in round 56! max:(0.675, 'C=CC1=C(C2=CC#Cc3ccccc3C#Cc3ccccc3C#C2)C#Cc2ccccc2C#Cc2ccccc2C#C1'), min:(-99999, '')
[0.6503527164459229] Updated in round 57! max:(0.675, 'C=CC1=C(C2=CC#Cc3ccccc3C#Cc3ccccc3C#C2)C#Cc2ccccc2C#Cc2ccccc2C#C1'), min:(-99999, '')
[0.653714656829834] Updated in round 58! max:(0.675, 'C=CC1=C(C2=CC#Cc3ccccc3C#Cc3ccccc3C#C2)C#Cc2ccccc2C#Cc2ccccc2C#C1'), min:(-99999, '')
[0.6571667194366455] Updated in round 59! max:(0.675, 'C=CC1=C(C2=CC#Cc3ccccc3C#Cc3ccccc3C#C2)C#Cc2ccccc2C#Cc2ccccc2C#C1'), min:(-99999, '')
[0.6605160236358643] Updated in round 60! max:(0.675, 'C=CC1=C(C2=CC#Cc3ccccc3C#Cc3ccccc3C#C2)C#Cc2ccccc2C#Cc2ccccc2C#C1'), min:(-99999, '')
[0.6643383502960205] Updated in round 61! max:(0.7, 'c1c2ccccc2c#cc2ccc3c#cc4ccccc4c#cc4ccccc4c#cc3c2c#cc2ccccc2c#1'), min:(-99999, '')
[0.7161645889282227] Updated in round 62! max:(0.7, 'c1c2ccccc2c#cc2ccc3c#cc4ccccc4c#cc4ccccc4c#cc3c2c#cc2ccccc2c#1'), min:(-99999, '')
[0.7196187973022461] Updated in round 63! max:(0.7, 'c1c2ccccc2c#cc2ccc3c#cc4ccccc4c#cc4ccccc4c#cc3c2c#cc2ccccc2c#1'), min:(-99999, '')
[0.7235023975372314] Updated in round 64! max:(0.725, 'C#Cc1cc2c#cc3ccccc3c#cc3ccccc3c#cc2c2c#cc3ccccc3c#cc3ccccc3c#cc12'), min:(-99999, '')
[0.7762160301208496] Updated in round 65! max:(0.725, 'C#Cc1cc2c#cc3ccccc3c#cc3ccccc3c#cc2c2c#cc3ccccc3c#cc3ccccc3c#cc12'), min:(-99999, '')
[0.7795898914337158] Updated in round 66! max:(0.725, 'C#Cc1cc2c#cc3ccccc3c#cc3ccccc3c#cc2c2c#cc3ccccc3c#cc3ccccc3c#cc12'), min:(-99999, '')
[0.782895565032959] Updated in round 67! max:(0.725, 'C#Cc1cc2c#cc3ccccc3c#cc3ccccc3c#cc2c2c#cc3ccccc3c#cc3ccccc3c#cc12'), min:(-99999, '')
[0.7861266136169434] Updated in round 68! max:(0.725, 'C#Cc1cc2c#cc3ccccc3c#cc3ccccc3c#cc2c2c#cc3ccccc3c#cc3ccccc3c#cc12'), min:(-99999, '')
[0.789405107498169] Updated in round 69! max:(0.725, 'C#Cc1cc2c#cc3ccccc3c#cc3ccccc3c#cc2c2c#cc3ccccc3c#cc3ccccc3c#cc12'), min:(-99999, '')
[0.7927570343017578] Updated in round 70! max:(0.725, 'C#Cc1cc2c#cc3ccccc3c#cc3ccccc3c#cc2c2c#cc3ccccc3c#cc3ccccc3c#cc12'), min:(-99999, '')
[0.7961390018463135] Updated in round 71! max:(0.725, 'C#Cc1cc2c#cc3ccccc3c#cc3ccccc3c#cc2c2c#cc3ccccc3c#cc3ccccc3c#cc12'), min:(-99999, '')
[0.7995052337646484] Updated in round 72! max:(0.725, 'C#Cc1cc2c#cc3ccccc3c#cc3ccccc3c#cc2c2c#cc3ccccc3c#cc3ccccc3c#cc12'), min:(-99999, '')
[0.8026132583618164] Updated in round 73! max:(0.725, 'C#Cc1cc2c#cc3ccccc3c#cc3ccccc3c#cc2c2c#cc3ccccc3c#cc3ccccc3c#cc12'), min:(-99999, '')
[0.8060050010681152] Updated in round 74! max:(0.725, 'C#Cc1cc2c#cc3ccccc3c#cc3ccccc3c#cc2c2c#cc3ccccc3c#cc3ccccc3c#cc12'), min:(-99999, '')
[0.8092601299285889] Updated in round 75! max:(0.725, 'C#Cc1cc2c#cc3ccccc3c#cc3ccccc3c#cc2c2c#cc3ccccc3c#cc3ccccc3c#cc12'), min:(-99999, '')
[0.8131978511810303] Updated in round 76! max:(0.75, 'C=CC#Cc1cc2c#cc3ccccc3c#cc3ccccc3c#cc2c2c#cc3ccccc3c#cc3ccccc3c#cc12'), min:(-99999, '')
[0.880340576171875] Updated in round 77! max:(0.75, 'C=CC#Cc1cc2c#cc3ccccc3c#cc3ccccc3c#cc2c2c#cc3ccccc3c#cc3ccccc3c#cc12'), min:(-99999, '')
[0.8843104839324951] Updated in round 78! max:(0.75, 'C=CC#Cc1cc2c#cc3ccccc3c#cc3ccccc3c#cc2c2c#cc3ccccc3c#cc3ccccc3c#cc12'), min:(-99999, '')
[0.8882145881652832] Updated in round 79! max:(0.75, 'C=CC#Cc1cc2c#cc3ccccc3c#cc3ccccc3c#cc2c2c#cc3ccccc3c#cc3ccccc3c#cc12'), min:(-99999, '')
[0.8920633792877197] Updated in round 80! max:(0.75, 'C=CC#Cc1cc2c#cc3ccccc3c#cc3ccccc3c#cc2c2c#cc3ccccc3c#cc3ccccc3c#cc12'), min:(-99999, '')
[0.8968353271484375] Updated in round 81! max:(0.75, 'C=CC#Cc1cc2c#cc3ccccc3c#cc3ccccc3c#cc2c2c#cc3ccccc3c#cc3ccccc3c#cc12'), min:(-99999, '')
[0.9008736610412598] Updated in round 82! max:(0.75, 'C=CC#Cc1cc2c#cc3ccccc3c#cc3ccccc3c#cc2c2c#cc3ccccc3c#cc3ccccc3c#cc12'), min:(-99999, '')
[0.9047272205352783] Updated in round 83! max:(0.75, 'C=CC#Cc1cc2c#cc3ccccc3c#cc3ccccc3c#cc2c2c#cc3ccccc3c#cc3ccccc3c#cc12'), min:(-99999, '')
[0.9086675643920898] Updated in round 84! max:(0.75, 'C=CC#Cc1cc2c#cc3ccccc3c#cc3ccccc3c#cc2c2c#cc3ccccc3c#cc3ccccc3c#cc12'), min:(-99999, '')
[0.9130632877349854] Updated in round 85! max:(0.775, 'C#Cc1c(C#CC=C)c2c#cc3ccccc3c#cc3ccccc3c#cc2c2c#cc3ccccc3c#cc3ccccc3c#cc12'), min:(-99999, '')
[0.9829025268554688] Updated in round 86! max:(0.775, 'C#Cc1c(C#CC=C)c2c#cc3ccccc3c#cc3ccccc3c#cc2c2c#cc3ccccc3c#cc3ccccc3c#cc12'), min:(-99999, '')
[0.9870157241821289] Updated in round 87! max:(0.775, 'C#Cc1c(C#CC=C)c2c#cc3ccccc3c#cc3ccccc3c#cc2c2c#cc3ccccc3c#cc3ccccc3c#cc12'), min:(-99999, '')
[0.9910457134246826] Updated in round 88! max:(0.775, 'C#Cc1c(C#CC=C)c2c#cc3ccccc3c#cc3ccccc3c#cc2c2c#cc3ccccc3c#cc3ccccc3c#cc12'), min:(-99999, '')
[0.9950675964355469] Updated in round 89! max:(0.775, 'C#Cc1c(C#CC=C)c2c#cc3ccccc3c#cc3ccccc3c#cc2c2c#cc3ccccc3c#cc3ccccc3c#cc12'), min:(-99999, '')
[0.9990768432617188] Updated in round 90! max:(0.775, 'C#Cc1c(C#CC=C)c2c#cc3ccccc3c#cc3ccccc3c#cc2c2c#cc3ccccc3c#cc3ccccc3c#cc12'), min:(-99999, '')
[1.0036580562591553] Updated in round 91! max:(0.8, 'C#CC=CC#Cc1c(C#C)c2c#cc3ccccc3c#cc3ccccc3c#cc2c2c#cc3ccccc3c#cc3ccccc3c#cc12'), min:(-99999, '')
[1.0813968181610107] Updated in round 92! max:(0.8, 'C#CC=CC#Cc1c(C#C)c2c#cc3ccccc3c#cc3ccccc3c#cc2c2c#cc3ccccc3c#cc3ccccc3c#cc12'), min:(-99999, '')
[1.0854320526123047] Updated in round 93! max:(0.8, 'C#CC=CC#Cc1c(C#C)c2c#cc3ccccc3c#cc3ccccc3c#cc2c2c#cc3ccccc3c#cc3ccccc3c#cc12'), min:(-99999, '')
[1.089402675628662] Updated in round 94! max:(0.8, 'C#CC=CC#Cc1c(C#C)c2c#cc3ccccc3c#cc3ccccc3c#cc2c2c#cc3ccccc3c#cc3ccccc3c#cc12'), min:(-99999, '')
[1.093395709991455] Updated in round 95! max:(0.8, 'C#CC=CC#Cc1c(C#C)c2c#cc3ccccc3c#cc3ccccc3c#cc2c2c#cc3ccccc3c#cc3ccccc3c#cc12'), min:(-99999, '')
[1.097440481185913] Updated in round 96! max:(0.8, 'C#CC=CC#Cc1c(C#C)c2c#cc3ccccc3c#cc3ccccc3c#cc2c2c#cc3ccccc3c#cc3ccccc3c#cc12'), min:(-99999, '')
[1.1013374328613281] Updated in round 97! max:(0.8, 'C#CC=CC#Cc1c(C#C)c2c#cc3ccccc3c#cc3ccccc3c#cc2c2c#cc3ccccc3c#cc3ccccc3c#cc12'), min:(-99999, '')
[1.105938196182251] Updated in round 98! max:(0.825, 'C#CC=CC#Cc1c(C#CC=C)c2c#cc3ccccc3c#cc3ccccc3c#cc2c2c#cc3ccccc3c#cc3ccccc3c#cc12'), min:(-99999, '')
[1.2004380226135254] Updated in round 99! max:(0.825, 'C#CC=CC#Cc1c(C#CC=C)c2c#cc3ccccc3c#cc3ccccc3c#cc2c2c#cc3ccccc3c#cc3ccccc3c#cc12'), min:(-99999, '')
[1.204646348953247] Updated in round 100! max:(0.825, 'C#CC=CC#Cc1c(C#CC=C)c2c#cc3ccccc3c#cc3ccccc3c#cc2c2c#cc3ccccc3c#cc3ccccc3c#cc12'), min:(-99999, '')
[1.2088043689727783] Updated in round 101! max:(0.825, 'C#CC=CC#Cc1c(C#CC=C)c2c#cc3ccccc3c#cc3ccccc3c#cc2c2c#cc3ccccc3c#cc3ccccc3c#cc12'), min:(-99999, '')
[1.3042256832122803] Updated in round 102! max:(0.85, 'C=CC#CC=CC#Cc1c(C#CC=C)c2c#cc3ccccc3c#cc3ccccc3c#cc2c2c#cc3ccccc3c#cc3ccccc3c#cc12'), min:(-1.0, 'C#CC=CC#Cc1c(C#CC=C)c2c#cc3ccccc3c#cc3ccccc3c#cc2c2c#cc3cc4ccc3c#cc3c(c#cc12)cccc43')
[2.3387529850006104] Updated in round 103! max:(0.875, 'C=c1c#cccc#cc2c(c#cc1=C)c1c#cc3ccccc3c#cc3ccccc3c#cc1c1c#cc3ccccc3c#cc3ccccc3c#cc21'), min:(-1.0, 'C#CC=CC#Cc1c(C#CC=C)c2c#cc3cccc4c3c#cc3ccccc3c#cc2c2c#cc3cc-4ccc3c#cc3ccccc3c#cc12')
[3.254023313522339] Updated in round 104! max:(0.9, 'C#CC(C=C)=CC#Cc1c(C#CC(=C)C=CC=C)c2c#cc3ccccc3c#cc3ccccc3c#cc2c2c#cc3ccccc3c#cc3ccccc3c#cc12'), min:(-1.0, 'C#CC=CC#Cc1c(C#CC=C)c2c#cc3ccccc3c#cc3ccccc3c#cc2c2c#cc3ccc(C=C)cc3c#cc3ccccc3c#cc12')
[4.239165306091309] Updated in round 105! max:(0.925, 'C#CC(C=C)=CC#Cc1c(C#Cc2ccccc2)c2c#cc3ccccc3c#cc3ccccc3c#cc2c2c#cc3ccccc3c#cc3ccccc3c#cc12'), min:(-1.0, 'C#CC=CC#Cc1c(C#C)c2c#cc3ccccc3c#cc3ccc4cc3c#cc2c2c#cc3ccccc3c#cc3c-4cccc3c#cc12')
[5.90790867805481] Updated in round 106! max:(0.925, 'C#CC(C=C)=CC#Cc1c(C#Cc2ccccc2)c2c#cc3ccccc3c#cc3ccccc3c#cc2c2c#cc3ccccc3c#cc3ccccc3c#cc12'), min:(-1.0, 'C#CC=CC#Cc1c(C#C)c2c#cc3ccccc3c#cc3ccc4cc3c#cc2c2c#cc3ccccc3c#cc3ccc-4cc3c#cc12')
[7.402515888214111] Updated in round 107! max:(0.95, 'C=Cc1c#cc2ccccc2c#cc2c(c#cc1)c1c#cc3ccccc3c#cc3ccccc3c#cc1c1c#cc3ccccc3c#cc3ccccc3c#cc21'), min:(-1.0, 'C#CC=CC#Cc1c(C#C)c2c#cc3ccccc3c#cc3cc(C=C)ccc3c#cc2c2c#cc3ccccc3c#cc3ccccc3c#cc12')
[9.175326347351074] Updated in round 108! max:(0.975, 'C=Cc1c#cc2ccccc2c#cc2c(c#cc1C=C)c1c#cc3ccccc3c#cc3ccccc3c#cc1c1c#cc3ccccc3c#cc3ccccc3c#cc21'), min:(-1.0, 'C#CC=CC#Cc1c(C#C)c2c#cc3ccccc3c#cc3ccccc3c#cc2c2c#cc3c(C=C)cccc3c#cc3ccccc3c#cc12')
[9.324869394302368] Reproduced in round 109!!
