[7.200241088867188e-05]Start running EvoMol from [H][H]...
[0.038125038146972656] Updated in round 1! max:(0.02702702702702703, 'C=C'), min:(-99999, '')
[0.07696151733398438] Updated in round 2! max:(0.05405405405405406, 'C=CC=C'), min:(-99999, '')
[0.14133358001708984] Updated in round 3! max:(0.08108108108108109, 'C=CC=CC=C'), min:(-99999, '')
[0.15647315979003906] Updated in round 4! max:(0.10810810810810811, 'C=CC=CC=CC=C'), min:(-99999, '')
[0.3721940517425537] Updated in round 5! max:(0.13513513513513514, 'C=CC=CC=CC=CC=C'), min:(-99999, '')
[0.405026912689209] Updated in round 6! max:(0.16216216216216217, 'C=CC=CC=CC(C=C)=CC=C'), min:(-99999, '')
[0.4148688316345215] Updated in round 7! max:(0.1891891891891892, 'C=CC=c1ccc(=CC=C)cc1'), min:(-99999, '')
[0.4691145420074463] Updated in round 8! max:(0.21621621621621623, 'C=CC=CC=c1ccc(=CC=C)cc1'), min:(-99999, '')
[0.4831507205963135] Updated in round 9! max:(0.24324324324324326, 'C=CC=CC=c1ccc(=CC=CC=C)cc1'), min:(-99999, '')
[0.5713307857513428] Updated in round 10! max:(0.2702702702702703, 'C=CC=CC=CC=c1ccc(=CC=CC=C)cc1'), min:(-99999, '')
[0.595339298248291] Updated in round 11! max:(0.2972972972972973, 'C=CC=CC=c1ccc(=CC=CC=CC(=C)C=C)cc1'), min:(-99999, '')
[0.6214771270751953] Updated in round 12! max:(0.32432432432432434, 'C=CC=CC=c1ccc(=CC=CC=CC(=C)C(=C)C=C)cc1'), min:(-99999, '')
[0.7064101696014404] Updated in round 13! max:(0.35135135135135137, 'C=CC=C(C=C)C=c1ccc(=CC=CC=CC(=C)C(=C)C=C)cc1'), min:(-99999, '')
[0.7409682273864746] Updated in round 14! max:(0.35135135135135137, 'C=CC=C(C=C)C=c1ccc(=CC=CC=CC(=C)C(=C)C=C)cc1'), min:(-99999, '')
[0.7475781440734863] Updated in round 15! max:(0.3783783783783784, 'C=CC=C(C=C)C=c1ccc(=CC=CC=CC(=C)C(=C)C=C)c(C=C)c1'), min:(-99999, '')
[0.7866144180297852] Updated in round 16! max:(0.40540540540540543, 'C=CC=C(C=C)C=c1ccc(=CC=CC=CC(=C)C(C=C)=CC=C)c(C=C)c1'), min:(-99999, '')
[0.8332703113555908] Updated in round 17! max:(0.40540540540540543, 'C=CC=C(C=C)C=c1ccc(=CC=CC=CC(=C)C(C=C)=CC=C)c(C=C)c1'), min:(-99999, '')
[0.8370859622955322] Updated in round 18! max:(0.43243243243243246, 'C=CC=C(C=C)C(=C)C=CC=CC=c1ccc(=CC(=CC=C)C(=C)C=C)cc1C=C'), min:(-99999, '')
[0.8910274505615234] Updated in round 19! max:(0.43243243243243246, 'C=CC=C(C=C)C(=C)C=CC=CC=c1ccc(=CC(=CC=C)C(=C)C=C)cc1C=C'), min:(-99999, '')
[0.8955626487731934] Updated in round 20! max:(0.4594594594594595, 'C=CC=C(C=c1ccc2cccccc(=C)c(C=C)cccccc2c1)C(=C)C=C'), min:(-99999, '')
[0.9568145275115967] Updated in round 21! max:(0.4594594594594595, 'C=CC=C(C=c1ccc2cccccc(=C)c(C=C)cccccc2c1)C(=C)C=C'), min:(-99999, '')
[0.9610598087310791] Updated in round 22! max:(0.4594594594594595, 'C=CC=C(C=c1ccc2cccccc(=C)c(C=C)cccccc2c1)C(=C)C=C'), min:(-99999, '')
[0.9659450054168701] Updated in round 23! max:(0.4594594594594595, 'C=CC=C(C=c1ccc2cccccc(=C)c(C=C)cccccc2c1)C(=C)C=C'), min:(-99999, '')
[0.9703037738800049] Updated in round 24! max:(0.4594594594594595, 'C=CC=C(C=c1ccc2cccccc(=C)c(C=C)cccccc2c1)C(=C)C=C'), min:(-99999, '')
[0.9740016460418701] Updated in round 25! max:(0.4594594594594595, 'C=CC=C(C=c1ccc2cccccc(=C)c(C=C)cccccc2c1)C(=C)C=C'), min:(-99999, '')
[0.9787063598632812] Updated in round 26! max:(0.4864864864864865, 'C=CC=C(C=c1ccc2cccc3cc(=C)c(C=C)cc3cccc2c1)C(=C)C=C'), min:(-99999, '')
[1.0350744724273682] Updated in round 27! max:(0.4864864864864865, 'C=CC=C(C=c1ccc2cccc3cc(=C)c(C=C)cc3cccc2c1)C(=C)C=C'), min:(-99999, '')
[1.0391261577606201] Updated in round 28! max:(0.4864864864864865, 'C=CC=C(C=c1ccc2cccc3cc(=C)c(C=C)cc3cccc2c1)C(=C)C=C'), min:(-99999, '')
[1.0434377193450928] Updated in round 29! max:(0.5135135135135135, 'C=CC=C(C=c1ccc2cc3cc4cc(=C)c(C=C)cc4cc3cc2c1)C(=C)C=C'), min:(-99999, '')
[1.0947093963623047] Updated in round 30! max:(0.5135135135135135, 'C=CC=C(C=c1ccc2cc3cc4cc(=C)c(C=C)cc4cc3cc2c1)C(=C)C=C'), min:(-99999, '')
[1.0986568927764893] Updated in round 31! max:(0.5135135135135135, 'C=CC=C(C=c1ccc2cc3cc4cc(=C)c(C=C)cc4cc3cc2c1)C(=C)C=C'), min:(-99999, '')
[1.1020398139953613] Updated in round 32! max:(0.5135135135135135, 'C=CC=C(C=c1ccc2cc3cc4cc(=C)c(C=C)cc4cc3cc2c1)C(=C)C=C'), min:(-99999, '')
[1.1053721904754639] Updated in round 33! max:(0.5135135135135135, 'C=CC=C(C=c1ccc2cc3cc4cc(=C)c(C=C)cc4cc3cc2c1)C(=C)C=C'), min:(-99999, '')
[1.109910488128662] Updated in round 34! max:(0.5405405405405406, 'C=CC=CC=C(C=c1ccc2cc3cc4cc(=C)c(C=C)cc4cc3cc2c1)C(=C)C=C'), min:(-99999, '')
[1.1746044158935547] Updated in round 35! max:(0.5675675675675675, 'C=CC=CC=C(C=c1ccc2cc3cc4cc(=CC=C)c(C=C)cc4cc3cc2c1)C(=C)C=C'), min:(-99999, '')
[1.2535004615783691] Updated in round 36! max:(0.5945945945945946, 'C=CC=CC=c1cc2cc3cc4cc5cc(C=C)c(=CC=C)cc5cc4cc3cc2cc1C=C'), min:(-99999, '')
[1.3312687873840332] Updated in round 37! max:(0.5945945945945946, 'C=CC=CC=c1cc2cc3cc4cc5cc(C=C)c(=CC=C)cc5cc4cc3cc2cc1C=C'), min:(-99999, '')
[1.3364248275756836] Updated in round 38! max:(0.5945945945945946, 'C=CC=CC=c1cc2cc3cc4cc5cc(C=C)c(=CC=C)cc5cc4cc3cc2cc1C=C'), min:(-99999, '')
[1.341360092163086] Updated in round 39! max:(0.5945945945945946, 'C=CC=CC=c1cc2cc3cc4cc5cc(C=C)c(=CC=C)cc5cc4cc3cc2cc1C=C'), min:(-99999, '')
[1.3455708026885986] Updated in round 40! max:(0.5945945945945946, 'C=CC=CC=c1cc2cc3cc4cc5cc(C=C)c(=CC=C)cc5cc4cc3cc2cc1C=C'), min:(-99999, '')
[1.3501801490783691] Updated in round 41! max:(0.5945945945945946, 'C=CC=CC=c1cc2cc3cc4cc5cc(C=C)c(=CC=C)cc5cc4cc3cc2cc1C=C'), min:(-99999, '')
[1.3553822040557861] Updated in round 42! max:(0.6216216216216216, 'C=CC=c1ccc2cc3cc4cc5cc6cc(=CC=C)c(C=C)cc6cc5cc4cc3cc2c1'), min:(-99999, '')
[1.4346542358398438] Updated in round 43! max:(0.6486486486486487, 'C=CC=c1cc2cc3cc4cc5cc6ccc(=CC(=C)C=C)cc6cc5cc4cc3cc2cc1C=C'), min:(-99999, '')
[1.5221161842346191] Updated in round 44! max:(0.6486486486486487, 'C=CC=c1cc2cc3cc4cc5cc6ccc(=CC(=C)C=C)cc6cc5cc4cc3cc2cc1C=C'), min:(-99999, '')
[1.526771068572998] Updated in round 45! max:(0.6486486486486487, 'C=CC=c1cc2cc3cc4cc5cc6ccc(=CC(=C)C=C)cc6cc5cc4cc3cc2cc1C=C'), min:(-99999, '')
[1.5321872234344482] Updated in round 46! max:(0.6486486486486487, 'C=CC=c1cc2cc3cc4cc5cc6ccc(=CC(=C)C=C)cc6cc5cc4cc3cc2cc1C=C'), min:(-99999, '')
[1.537266731262207] Updated in round 47! max:(0.6486486486486487, 'C=CC=c1cc2cc3cc4cc5cc6ccc(=CC(=C)C=C)cc6cc5cc4cc3cc2cc1C=C'), min:(-99999, '')
[1.5552537441253662] Updated in round 48! max:(0.6486486486486487, 'C=CC=c1cc2cc3cc4cc5cc6ccc(=CC(=C)C=C)cc6cc5cc4cc3cc2cc1C=C'), min:(-99999, '')
[1.5873732566833496] Updated in round 49! max:(0.6756756756756757, 'C=CC=CC=c1cc2cc3cc4cc5cc6ccc(=CC(=C)C=C)cc6cc5cc4cc3cc2cc1C=C'), min:(-99999, '')
[1.6935381889343262] Updated in round 50! max:(0.6756756756756757, 'C=CC=CC=c1cc2cc3cc4cc5cc6ccc(=CC(=C)C=C)cc6cc5cc4cc3cc2cc1C=C'), min:(-99999, '')
[1.7004542350769043] Updated in round 51! max:(0.6756756756756757, 'C=CC=CC=c1cc2cc3cc4cc5cc6ccc(=CC(=C)C=C)cc6cc5cc4cc3cc2cc1C=C'), min:(-99999, '')
[1.7063872814178467] Updated in round 52! max:(0.6756756756756757, 'C=CC=CC=c1cc2cc3cc4cc5cc6ccc(=CC(=C)C=C)cc6cc5cc4cc3cc2cc1C=C'), min:(-99999, '')
[1.7124712467193604] Updated in round 53! max:(0.6756756756756757, 'C=CC=CC=c1cc2cc3cc4cc5cc6ccc(=CC(=C)C=C)cc6cc5cc4cc3cc2cc1C=C'), min:(-99999, '')
[1.7182831764221191] Updated in round 54! max:(0.6756756756756757, 'C=CC=CC=c1cc2cc3cc4cc5cc6ccc(=CC(=C)C=C)cc6cc5cc4cc3cc2cc1C=C'), min:(-99999, '')
[1.72463059425354] Updated in round 55! max:(0.6756756756756757, 'C=CC=CC=c1cc2cc3cc4cc5cc6ccc(=CC(=C)C=C)cc6cc5cc4cc3cc2cc1C=C'), min:(-99999, '')
[1.7332954406738281] Updated in round 56! max:(0.7027027027027027, 'C=CC=CC=c1cc2cc3cc4cc5cc6ccc(=CC(C=C)=CC=C)cc6cc5cc4cc3cc2cc1C=C'), min:(-99999, '')
[1.858140468597412] Updated in round 57! max:(0.7027027027027027, 'C=CC=CC=c1cc2cc3cc4cc5cc6ccc(=CC(C=C)=CC=C)cc6cc5cc4cc3cc2cc1C=C'), min:(-99999, '')
[1.8674092292785645] Updated in round 58! max:(0.7297297297297297, 'C=CC=CC=c1cc2cc3cc4cc5cc6ccc(=CC(C=C)=CC=C)cc6cc5cc4cc3cc2cc1C=CC=C'), min:(-99999, '')
[2.0150949954986572] Updated in round 59! max:(0.7297297297297297, 'C=CC=CC=c1cc2cc3cc4cc5cc6ccc(=CC(C=C)=CC=C)cc6cc5cc4cc3cc2cc1C=CC=C'), min:(-99999, '')
[2.022855043411255] Updated in round 60! max:(0.7297297297297297, 'C=CC=CC=c1cc2cc3cc4cc5cc6ccc(=CC(C=C)=CC=C)cc6cc5cc4cc3cc2cc1C=CC=C'), min:(-99999, '')
[2.0301835536956787] Updated in round 61! max:(0.7297297297297297, 'C=CC=CC=c1cc2cc3cc4cc5cc6ccc(=CC(C=C)=CC=C)cc6cc5cc4cc3cc2cc1C=CC=C'), min:(-99999, '')
[2.0508954524993896] Updated in round 62! max:(0.7297297297297297, 'C=CC=CC=c1cc2cc3cc4cc5cc6ccc(=CC(C=C)=CC=C)cc6cc5cc4cc3cc2cc1C=CC=C'), min:(-99999, '')
[2.059206008911133] Updated in round 63! max:(0.7297297297297297, 'C=CC=CC=c1cc2cc3cc4cc5cc6ccc(=CC(C=C)=CC=C)cc6cc5cc4cc3cc2cc1C=CC=C'), min:(-99999, '')
[2.07104754447937] Updated in round 64! max:(0.7567567567567568, 'C=CC=CC=c1cc2cc3cc4cc5cc6ccc(=CC(C=C)=CC(=C)C=C)cc6cc5cc4cc3cc2cc1C=CC=C'), min:(-99999, '')
[2.229463815689087] Updated in round 65! max:(0.7567567567567568, 'C=CC=CC=c1cc2cc3cc4cc5cc6ccc(=CC(C=C)=CC(=C)C=C)cc6cc5cc4cc3cc2cc1C=CC=C'), min:(-99999, '')
[2.2366631031036377] Updated in round 66! max:(0.7567567567567568, 'C=CC=CC=c1cc2cc3cc4cc5cc6ccc(=CC(C=C)=CC(=C)C=C)cc6cc5cc4cc3cc2cc1C=CC=C'), min:(-99999, '')
[2.246960163116455] Updated in round 67! max:(0.7567567567567568, 'C=CC=CC=c1cc2cc3cc4cc5cc6ccc(=CC(C=C)=CC(=C)C=C)cc6cc5cc4cc3cc2cc1C=CC=C'), min:(-99999, '')
[2.2605948448181152] Updated in round 68! max:(0.7567567567567568, 'C=CC=CC=c1cc2cc3cc4cc5cc6ccc(=CC(C=C)=CC(=C)C=C)cc6cc5cc4cc3cc2cc1C=CC=C'), min:(-99999, '')
[2.2718071937561035] Updated in round 69! max:(0.7837837837837838, 'C=CC=CC=c1cc2cc3cc4cc5cc6ccc(=CC(C=C)=CC(=C)C(=C)C=C)cc6cc5cc4cc3cc2cc1C=CC=C'), min:(-99999, '')
[2.445180654525757] Updated in round 70! max:(0.8108108108108109, 'C=CC=Cc1cc2cc3cc4cc5cc6cc7ccc6cc5cc4cc3cc2cc1cccccccc(=C)c(=C)cc(C=C)c7'), min:(-99999, '')
[2.660538911819458] Updated in round 71! max:(0.8108108108108109, 'C=CC=Cc1cc2cc3cc4cc5cc6cc7ccc6cc5cc4cc3cc2cc1cccccccc(=C)c(=C)cc(C=C)c7'), min:(-99999, '')
[2.6664693355560303] Updated in round 72! max:(0.8108108108108109, 'C=CC=Cc1cc2cc3cc4cc5cc6cc7ccc6cc5cc4cc3cc2cc1cccccccc(=C)c(=C)cc(C=C)c7'), min:(-99999, '')
[2.673572301864624] Updated in round 73! max:(0.8108108108108109, 'C=CC=Cc1cc2cc3cc4cc5cc6cc7ccc6cc5cc4cc3cc2cc1cccccccc(=C)c(=C)cc(C=C)c7'), min:(-99999, '')
[2.680819272994995] Updated in round 74! max:(0.8108108108108109, 'C=CC=Cc1cc2cc3cc4cc5cc6cc7ccc6cc5cc4cc3cc2cc1cccccccc(=C)c(=C)cc(C=C)c7'), min:(-99999, '')
[2.6878879070281982] Updated in round 75! max:(0.8108108108108109, 'C=CC=Cc1cc2cc3cc4cc5cc6cc7ccc6cc5cc4cc3cc2cc1cccccccc(=C)c(=C)cc(C=C)c7'), min:(-99999, '')
[2.6960408687591553] Updated in round 76! max:(0.8378378378378378, 'C=CC=Cc1cc2cc3cc4cc5cc6cc7ccc6cc5cc4cc3cc2cc1cccccc(C=C)cc(=C)c(=C)cc(C=C)c7'), min:(-99999, '')
[2.9285926818847656] Updated in round 77! max:(0.8378378378378378, 'C=CC=Cc1cc2cc3cc4cc5cc6cc7ccc6cc5cc4cc3cc2cc1cccccc(C=C)cc(=C)c(=C)cc(C=C)c7'), min:(-99999, '')
[2.934831380844116] Updated in round 78! max:(0.8378378378378378, 'C=CC=Cc1cc2cc3cc4cc5cc6cc7ccc6cc5cc4cc3cc2cc1cccccc(C=C)cc(=C)c(=C)cc(C=C)c7'), min:(-99999, '')
[2.941652536392212] Updated in round 79! max:(0.8378378378378378, 'C=CC=Cc1cc2cc3cc4cc5cc6cc7ccc6cc5cc4cc3cc2cc1cccccc(C=C)cc(=C)c(=C)cc(C=C)c7'), min:(-99999, '')
[2.9486923217773438] Updated in round 80! max:(0.8378378378378378, 'C=CC=Cc1cc2cc3cc4cc5cc6cc7ccc6cc5cc4cc3cc2cc1cccccc(C=C)cc(=C)c(=C)cc(C=C)c7'), min:(-99999, '')
[2.9559710025787354] Updated in round 81! max:(0.8378378378378378, 'C=CC=Cc1cc2cc3cc4cc5cc6cc7ccc6cc5cc4cc3cc2cc1cccccc(C=C)cc(=C)c(=C)cc(C=C)c7'), min:(-99999, '')
[2.963226318359375] Updated in round 82! max:(0.8648648648648649, 'C=CC=Cc1cc2cc3cc4cc5cc6cc7cc8ccc7cc6cc5cc4cc3cc2cc1cccccc(C=C)cc(=C)c(=C)c8'), min:(-99999, '')
[3.2084596157073975] Updated in round 83! max:(0.8648648648648649, 'C=CC=Cc1cc2cc3cc4cc5cc6cc7cc8ccc7cc6cc5cc4cc3cc2cc1cccccc(C=C)cc(=C)c(=C)c8'), min:(-99999, '')
[3.2155826091766357] Updated in round 84! max:(0.8648648648648649, 'C=CC=Cc1cc2cc3cc4cc5cc6cc7cc8ccc7cc6cc5cc4cc3cc2cc1cccccc(C=C)cc(=C)c(=C)c8'), min:(-99999, '')
[3.2218122482299805] Updated in round 85! max:(0.8648648648648649, 'C=CC=Cc1cc2cc3cc4cc5cc6cc7cc8ccc7cc6cc5cc4cc3cc2cc1cccccc(C=C)cc(=C)c(=C)c8'), min:(-99999, '')
[3.228886365890503] Updated in round 86! max:(0.8648648648648649, 'C=CC=Cc1cc2cc3cc4cc5cc6cc7cc8ccc7cc6cc5cc4cc3cc2cc1cccccc(C=C)cc(=C)c(=C)c8'), min:(-99999, '')
[3.235595703125] Updated in round 87! max:(0.8648648648648649, 'C=CC=Cc1cc2cc3cc4cc5cc6cc7cc8ccc7cc6cc5cc4cc3cc2cc1cccccc(C=C)cc(=C)c(=C)c8'), min:(-99999, '')
[3.2427854537963867] Updated in round 88! max:(0.8648648648648649, 'C=CC=Cc1cc2cc3cc4cc5cc6cc7cc8ccc7cc6cc5cc4cc3cc2cc1cccccc(C=C)cc(=C)c(=C)c8'), min:(-99999, '')
[3.2507054805755615] Updated in round 89! max:(0.8648648648648649, 'C=CC=Cc1cc2cc3cc4cc5cc6cc7cc8ccc7cc6cc5cc4cc3cc2cc1cccccc(C=C)cc(=C)c(=C)c8'), min:(-99999, '')
[3.2588648796081543] Updated in round 90! max:(0.8648648648648649, 'C=CC=Cc1cc2cc3cc4cc5cc6cc7cc8ccc7cc6cc5cc4cc3cc2cc1cccccc(C=C)cc(=C)c(=C)c8'), min:(-99999, '')
[3.2658936977386475] Updated in round 91! max:(0.8648648648648649, 'C=CC=Cc1cc2cc3cc4cc5cc6cc7cc8ccc7cc6cc5cc4cc3cc2cc1cccccc(C=C)cc(=C)c(=C)c8'), min:(-99999, '')
[3.272608995437622] Updated in round 92! max:(0.8648648648648649, 'C=CC=Cc1cc2cc3cc4cc5cc6cc7cc8ccc7cc6cc5cc4cc3cc2cc1cccccc(C=C)cc(=C)c(=C)c8'), min:(-99999, '')
[3.2800323963165283] Updated in round 93! max:(0.8648648648648649, 'C=CC=Cc1cc2cc3cc4cc5cc6cc7cc8ccc7cc6cc5cc4cc3cc2cc1cccccc(C=C)cc(=C)c(=C)c8'), min:(-99999, '')
[3.288076639175415] Updated in round 94! max:(0.8918918918918919, 'C=CC=Cc1cc2cc3cc4cc5cc6cc7cc8ccc7cc6cc5cc4cc3cc2cc1cccccc1cc(=C)c(cc1=C)c8'), min:(-99999, '')
[3.58431077003479] Updated in round 95! max:(0.8918918918918919, 'C=CC=Cc1cc2cc3cc4cc5cc6cc7cc8ccc7cc6cc5cc4cc3cc2cc1cccccc1cc(=C)c(cc1=C)c8'), min:(-99999, '')
[3.591149091720581] Updated in round 96! max:(0.8918918918918919, 'C=CC=Cc1cc2cc3cc4cc5cc6cc7cc8ccc7cc6cc5cc4cc3cc2cc1cccccc1cc(=C)c(cc1=C)c8'), min:(-99999, '')
[3.5993103981018066] Updated in round 97! max:(0.918918918918919, 'C=CC=Cc1cc2cc3cc4cc5cc6cc7cc8cc9cc(=C)c%10cc9cc8cc7cc6cc5cc4cc3cc2cc1=CC=CC=C%10'), min:(-99999, '')
[3.8532111644744873] Updated in round 98! max:(0.918918918918919, 'C=CC=Cc1cc2cc3cc4cc5cc6cc7cc8cc9cc(=C)c%10cc9cc8cc7cc6cc5cc4cc3cc2cc1=CC=CC=C%10'), min:(-99999, '')
[3.8600852489471436] Updated in round 99! max:(0.918918918918919, 'C=CC=Cc1cc2cc3cc4cc5cc6cc7cc8cc9cc(=C)c%10cc9cc8cc7cc6cc5cc4cc3cc2cc1=CC=CC=C%10'), min:(-99999, '')
[3.867962598800659] Updated in round 100! max:(0.918918918918919, 'C=CC=Cc1cc2cc3cc4cc5cc6cc7cc8cc9cc(=C)c%10cc9cc8cc7cc6cc5cc4cc3cc2cc1=CC=CC=C%10'), min:(-99999, '')
[4.483593463897705] Updated in round 101! max:(0.9459459459459459, 'C=Cc1cc2cc3cc4cc5cc6cc7cc8cc9cc%10cc(=C)c%11cc%10cc9cc8cc7cc6cc5cc4cc3cc2cc1=CC=C%11'), min:(-1.0, 'C=CC=Cc1cc2cc3cc4cc5cc6cc7cc8cc9c%10cc%11cccccc1cc2cc3c(c4cc5cc6cc7cc8c%10)c9c%11=C')
[5.970196485519409] Updated in round 102! max:(0.9459459459459459, 'C=Cc1cc2cc3cc4cc5cc6cc7cc8cc9cc%10cc(=C)c%11cc%10cc9cc8cc7cc6cc5cc4cc3cc2cc1=CC=C%11'), min:(-1.0, 'C#Cc1c2c(=C)cc3cc4cc5cc6cc7cc8cc9cc%10cc(C=CC=C)c(cc%10cc9cc8cc7cc6cc5cc4cc13)=CC=CC=C2')
[7.702893972396851] Updated in round 103! max:(0.9459459459459459, 'C=Cc1cc2cc3cc4cc5cc6cc7cc8cc9cc%10cc(=C)c%11cc%10cc9cc8cc7cc6cc5cc4cc3cc2cc1=CC=C%11'), min:(-1.0, 'C=CC1=Cc2cc3cc4cc5cc6cc7cc8cc9cc%10cc(=C)c%11cc%10cc9cc8cc7cc6cc5cc4cc3cc2=CC=CC=C1%11')
[9.814402103424072] Updated in round 104! max:(0.9459459459459459, 'C=Cc1cc2cc3cc4cc5cc6cc7cc8cc9cc%10cc(=C)c%11cc%10cc9cc8cc7cc6cc5cc4cc3cc2cc1=CC=C%11'), min:(-1.0, 'C#Cc1ccccc2cc3cc4cc5cc6cc7cc8ccc(cc9cc(=C)c1cc9=C)cc8cc7cc6cc5cc4cc3cc2C=CC=C')
[13.19008493423462] Updated in round 105! max:(0.9459459459459459, 'C=Cc1cc2cc3cc4cc5cc6cc7cc8cc9cc%10cc(=C)c%11cc%10cc9cc8cc7cc6cc5cc4cc3cc2cc1=CC=C%11'), min:(-1.0, 'C=CC=Cc1cc2cc3c(C=C)c4cc5cc6cc7cc8ccc7cc6cc5cc4cc3cc2cc1cccccc1cc(=C)c(cc1=C)c8')
[15.601258993148804] Updated in round 106! max:(0.9459459459459459, 'C=Cc1cc2cc3cc4cc5cc6cc7cc8cc9cc%10cc(=C)c%11cc%10cc9cc8cc7cc6cc5cc4cc3cc2cc1=CC=C%11'), min:(-1.0, 'C=CC=Cc1cc2c3cc4cc5cc6cc7cc8ccc9cc%10cc(=C)c(cccccc1c3c2c4cc5cc6cc7cc8c9)cc%10=C')
[19.57638907432556] Updated in round 107! max:(0.972972972972973, 'c1cc2cc3cc4cc5cc6cc7cc8cc9cc%10cc%11cc(c1)c1cccc2cc3cc4cc5cc6cc7cc8cc9cc%10cc%11c1'), min:(-1.0, 'C=CC1=Cc2cc3cc4cc5cc6cc7cc8cc9ccc8cc7cc6cc5cc4cc3cc2c1ccccc(C=C)cc(=C)c(=C)c9')
[23.192384004592896] Updated in round 108! max:(0.972972972972973, 'c1cc2cc3cc4cc5cc6cc7cc8cc9cc%10cc%11cc(c1)c1cccc2cc3cc4cc5cc6cc7cc8cc9cc%10cc%11c1'), min:(-1.0, 'C=CC=Cc1c2cc3cc4cc5cc6cc7cc8ccc9cc(=C)c(=C)cc(C=C)cccc(c2)c1c3cc4cc5cc6cc7cc8c9')
[23.19445037841797] Reproduced in round 109!!
