[5.626678466796875e-05]Start running EvoMol from [H][H]...
[0.0008494853973388672] Updated in round 1! max:(0.03225806451612903, 'C=C'), min:(-99999, '')
[0.0017764568328857422] Updated in round 2! max:(0.06451612903225806, 'C=CC=C'), min:(-99999, '')
[0.004304647445678711] Updated in round 3! max:(0.0967741935483871, 'C=CC=CC=C'), min:(-99999, '')
[0.00682377815246582] Updated in round 4! max:(0.12903225806451613, 'c1ccccc1'), min:(-99999, '')
[0.01006317138671875] Updated in round 5! max:(0.16129032258064516, 'C#Cc1ccccc1'), min:(-99999, '')
[0.0126495361328125] Updated in round 6! max:(0.1935483870967742, 'C=CC#Cc1ccccc1'), min:(-99999, '')
[0.015989303588867188] Updated in round 7! max:(0.22580645161290322, 'C#Cc1ccc(C#CC=C)cc1'), min:(-99999, '')
[0.020084619522094727] Updated in round 8! max:(0.25806451612903225, 'C=CC#Cc1ccc(C#CC=C)cc1'), min:(-99999, '')
[0.02464461326599121] Updated in round 9! max:(0.25806451612903225, 'C=CC#Cc1ccc(C#CC=C)cc1'), min:(-99999, '')
[0.029760122299194336] Updated in round 10! max:(0.2903225806451613, 'C=CC#Cc1ccc(C#CC=CC=C)cc1'), min:(-99999, '')
[0.03627657890319824] Updated in round 11! max:(0.2903225806451613, 'C=CC#Cc1ccc(C#CC=CC=C)cc1'), min:(-99999, '')
[0.037934064865112305] Updated in round 12! max:(0.3225806451612903, 'C=CC#Cc1ccc(C#CC(C=C)=CC=C)cc1'), min:(-99999, '')
[0.0462796688079834] Updated in round 13! max:(0.3225806451612903, 'C=CC#Cc1ccc(C#CC(C=C)=CC=C)cc1'), min:(-99999, '')
[0.0476992130279541] Updated in round 14! max:(0.3225806451612903, 'C=CC#Cc1ccc(C#CC(C=C)=CC=C)cc1'), min:(-99999, '')
[0.04902243614196777] Updated in round 15! max:(0.3225806451612903, 'C=CC#Cc1ccc(C#CC(C=C)=CC=C)cc1'), min:(-99999, '')
[0.05111193656921387] Updated in round 16! max:(0.3548387096774194, 'C=CC=CC#Cc1ccc(C#CC(C=C)=CC=C)cc1'), min:(-99999, '')
[0.06278491020202637] Updated in round 17! max:(0.3548387096774194, 'C=CC=CC#Cc1ccc(C#CC(C=C)=CC=C)cc1'), min:(-99999, '')
[0.0642702579498291] Updated in round 18! max:(0.3548387096774194, 'C=CC=CC#Cc1ccc(C#CC(C=C)=CC=C)cc1'), min:(-99999, '')
[0.06576371192932129] Updated in round 19! max:(0.3548387096774194, 'C=CC=CC#Cc1ccc(C#CC(C=C)=CC=C)cc1'), min:(-99999, '')
[0.06760692596435547] Updated in round 20! max:(0.3870967741935484, 'C#CC=CC=CC#Cc1ccc(C#CC(C=C)=CC=C)cc1'), min:(-99999, '')
[0.08154892921447754] Updated in round 21! max:(0.3870967741935484, 'C#CC=CC=CC#Cc1ccc(C#CC(C=C)=CC=C)cc1'), min:(-99999, '')
[0.08318376541137695] Updated in round 22! max:(0.3870967741935484, 'C#CC=CC=CC#Cc1ccc(C#CC(C=C)=CC=C)cc1'), min:(-99999, '')
[0.08476901054382324] Updated in round 23! max:(0.3870967741935484, 'C#CC=CC=CC#Cc1ccc(C#CC(C=C)=CC=C)cc1'), min:(-99999, '')
[0.08695340156555176] Updated in round 24! max:(0.41935483870967744, 'C#CC=CC=CC#Cc1ccc(C#CC(C=C)=CC=CC#C)cc1'), min:(-99999, '')
[0.10396766662597656] Updated in round 25! max:(0.41935483870967744, 'C#CC=CC=CC#Cc1ccc(C#CC(C=C)=CC=CC#C)cc1'), min:(-99999, '')
[0.10605645179748535] Updated in round 26! max:(0.45161290322580644, 'C#CC=CC=CC#Cc1ccc(C#Cc2ccc(C#C)cc2)cc1'), min:(-99999, '')
[0.12283945083618164] Updated in round 27! max:(0.45161290322580644, 'C#CC=CC=CC#Cc1ccc(C#Cc2ccc(C#C)cc2)cc1'), min:(-99999, '')
[0.12457036972045898] Updated in round 28! max:(0.45161290322580644, 'C#CC=CC=CC#Cc1ccc(C#Cc2ccc(C#C)cc2)cc1'), min:(-99999, '')
[0.12678980827331543] Updated in round 29! max:(0.4838709677419355, 'C#CC=CC=CC#Cc1ccc(C#Cc2ccc(C#CC=C)cc2)cc1'), min:(-99999, '')
[0.14684748649597168] Updated in round 30! max:(0.4838709677419355, 'C#CC=CC=CC#Cc1ccc(C#Cc2ccc(C#CC=C)cc2)cc1'), min:(-99999, '')
[0.14887714385986328] Updated in round 31! max:(0.4838709677419355, 'C#CC=CC=CC#Cc1ccc(C#Cc2ccc(C#CC=C)cc2)cc1'), min:(-99999, '')
[0.15092062950134277] Updated in round 32! max:(0.4838709677419355, 'C#CC=CC=CC#Cc1ccc(C#Cc2ccc(C#CC=C)cc2)cc1'), min:(-99999, '')
[0.15429210662841797] Updated in round 33! max:(0.5161290322580645, 'C=CC#CC=CC=CC#Cc1ccc(C#Cc2ccc(C#CC=C)cc2)cc1'), min:(-99999, '')
[0.1779491901397705] Updated in round 34! max:(0.5161290322580645, 'C=CC#CC=CC=CC#Cc1ccc(C#Cc2ccc(C#CC=C)cc2)cc1'), min:(-99999, '')
[0.18090343475341797] Updated in round 35! max:(0.5483870967741935, 'C=CC#CC(C=C)=CC=CC#Cc1ccc(C#Cc2ccc(C#CC=C)cc2)cc1'), min:(-99999, '')
[0.20913052558898926] Updated in round 36! max:(0.5483870967741935, 'C=CC#CC(C=C)=CC=CC#Cc1ccc(C#Cc2ccc(C#CC=C)cc2)cc1'), min:(-99999, '')
[0.2116374969482422] Updated in round 37! max:(0.5483870967741935, 'C=CC#CC(C=C)=CC=CC#Cc1ccc(C#Cc2ccc(C#CC=C)cc2)cc1'), min:(-99999, '')
[0.21529316902160645] Updated in round 38! max:(0.5806451612903226, 'C=CC#Cc1ccc(C#Cc2ccc(C#Cc3ccc(C#CC=C)cc3)cc2)cc1'), min:(-99999, '')
[0.2432878017425537] Updated in round 39! max:(0.5806451612903226, 'C=CC#Cc1ccc(C#Cc2ccc(C#Cc3ccc(C#CC=C)cc3)cc2)cc1'), min:(-99999, '')
[0.24631524085998535] Updated in round 40! max:(0.6129032258064516, 'C=CC#Cc1ccc(C#Cc2ccc(C#Cc3ccc(C#CC(=C)C=C)cc3)cc2)cc1'), min:(-99999, '')
[0.279587984085083] Updated in round 41! max:(0.6451612903225806, 'C=CC#Cc1ccc(C#Cc2ccc(C#Cc3ccc(C#CC(=C)C=CC=C)cc3)cc2)cc1'), min:(-99999, '')
[0.3211674690246582] Updated in round 42! max:(0.6451612903225806, 'C=CC#Cc1ccc(C#Cc2ccc(C#Cc3ccc(C#CC(=C)C=CC=C)cc3)cc2)cc1'), min:(-99999, '')
[0.32445216178894043] Updated in round 43! max:(0.6451612903225806, 'C=CC#Cc1ccc(C#Cc2ccc(C#Cc3ccc(C#CC(=C)C=CC=C)cc3)cc2)cc1'), min:(-99999, '')
[0.3272857666015625] Updated in round 44! max:(0.6451612903225806, 'C=CC#Cc1ccc(C#Cc2ccc(C#Cc3ccc(C#CC(=C)C=CC=C)cc3)cc2)cc1'), min:(-99999, '')
[0.3298640251159668] Updated in round 45! max:(0.6451612903225806, 'C=CC#Cc1ccc(C#Cc2ccc(C#Cc3ccc(C#CC(=C)C=CC=C)cc3)cc2)cc1'), min:(-99999, '')
[0.3341224193572998] Updated in round 46! max:(0.6774193548387096, 'C=CC=CC#Cc1ccc(C#Cc2ccc(C#Cc3ccc(C#CC(=C)C=CC=C)cc3)cc2)cc1'), min:(-99999, '')
[0.38608574867248535] Updated in round 47! max:(0.6774193548387096, 'C=CC=CC#Cc1ccc(C#Cc2ccc(C#Cc3ccc(C#CC(=C)C=CC=C)cc3)cc2)cc1'), min:(-99999, '')
[0.3892850875854492] Updated in round 48! max:(0.6774193548387096, 'C=CC=CC#Cc1ccc(C#Cc2ccc(C#Cc3ccc(C#CC(=C)C=CC=C)cc3)cc2)cc1'), min:(-99999, '')
[0.3924994468688965] Updated in round 49! max:(0.6774193548387096, 'C=CC=CC#Cc1ccc(C#Cc2ccc(C#Cc3ccc(C#CC(=C)C=CC=C)cc3)cc2)cc1'), min:(-99999, '')
[0.3957340717315674] Updated in round 50! max:(0.6774193548387096, 'C=CC=CC#Cc1ccc(C#Cc2ccc(C#Cc3ccc(C#CC(=C)C=CC=C)cc3)cc2)cc1'), min:(-99999, '')
[0.3993711471557617] Updated in round 51! max:(0.7096774193548387, 'C=CC=CC#Cc1ccc(C#Cc2ccc(C#Cc3ccc(C#Cc4ccccc4)cc3)cc2)cc1'), min:(-99999, '')
[0.45528388023376465] Updated in round 52! max:(0.7419354838709677, 'C=CC=CC=CC#Cc1ccc(C#Cc2ccc(C#Cc3ccc(C#Cc4ccccc4)cc3)cc2)cc1'), min:(-99999, '')
[0.5227818489074707] Updated in round 53! max:(0.7741935483870968, 'C#CC(C=C)=CC=CC#Cc1ccc(C#Cc2ccc(C#Cc3ccc(C#Cc4ccccc4)cc3)cc2)cc1'), min:(-99999, '')
[0.5940291881561279] Updated in round 54! max:(0.8064516129032258, 'C#CC(C=C)=CC=CC#Cc1ccc(C#Cc2ccc(C#Cc3ccc(C#Cc4ccc(C#C)cc4)cc3)cc2)cc1'), min:(-99999, '')
[0.6682758331298828] Updated in round 55! max:(0.8064516129032258, 'C#CC(C=C)=CC=CC#Cc1ccc(C#Cc2ccc(C#Cc3ccc(C#Cc4ccc(C#C)cc4)cc3)cc2)cc1'), min:(-99999, '')
[0.6721434593200684] Updated in round 56! max:(0.8064516129032258, 'C#CC(C=C)=CC=CC#Cc1ccc(C#Cc2ccc(C#Cc3ccc(C#Cc4ccc(C#C)cc4)cc3)cc2)cc1'), min:(-99999, '')
[0.6756033897399902] Updated in round 57! max:(0.8064516129032258, 'C#CC(C=C)=CC=CC#Cc1ccc(C#Cc2ccc(C#Cc3ccc(C#Cc4ccc(C#C)cc4)cc3)cc2)cc1'), min:(-99999, '')
[0.6796433925628662] Updated in round 58! max:(0.8064516129032258, 'C#CC(C=C)=CC=CC#Cc1ccc(C#Cc2ccc(C#Cc3ccc(C#Cc4ccc(C#C)cc4)cc3)cc2)cc1'), min:(-99999, '')
[0.6830892562866211] Updated in round 59! max:(0.8064516129032258, 'C#CC(C=C)=CC=CC#Cc1ccc(C#Cc2ccc(C#Cc3ccc(C#Cc4ccc(C#C)cc4)cc3)cc2)cc1'), min:(-99999, '')
[0.6877267360687256] Updated in round 60! max:(0.8387096774193549, 'C#CC(C=C)=CC=CC#Cc1ccc(C#Cc2ccc(C#Cc3ccc(C#Cc4ccc(C#CC=C)cc4)cc3)cc2)cc1'), min:(-99999, '')
[0.7725763320922852] Updated in round 61! max:(0.8387096774193549, 'C#CC(C=C)=CC=CC#Cc1ccc(C#Cc2ccc(C#Cc3ccc(C#Cc4ccc(C#CC=C)cc4)cc3)cc2)cc1'), min:(-99999, '')
[0.7770459651947021] Updated in round 62! max:(0.8387096774193549, 'C#CC(C=C)=CC=CC#Cc1ccc(C#Cc2ccc(C#Cc3ccc(C#Cc4ccc(C#CC=C)cc4)cc3)cc2)cc1'), min:(-99999, '')
[0.7811439037322998] Updated in round 63! max:(0.8387096774193549, 'C#CC(C=C)=CC=CC#Cc1ccc(C#Cc2ccc(C#Cc3ccc(C#Cc4ccc(C#CC=C)cc4)cc3)cc2)cc1'), min:(-99999, '')
[0.7858889102935791] Updated in round 64! max:(0.8709677419354839, 'C#Cc1ccc(C#Cc2ccc(C#Cc3ccc(C#Cc4ccc(C#Cc5ccc(C#CC=C)cc5)cc4)cc3)cc2)cc1'), min:(-99999, '')
[0.869605302810669] Updated in round 65! max:(0.8709677419354839, 'C#Cc1ccc(C#Cc2ccc(C#Cc3ccc(C#Cc4ccc(C#Cc5ccc(C#CC=C)cc5)cc4)cc3)cc2)cc1'), min:(-99999, '')
[0.8732671737670898] Updated in round 66! max:(0.8709677419354839, 'C#Cc1ccc(C#Cc2ccc(C#Cc3ccc(C#Cc4ccc(C#Cc5ccc(C#CC=C)cc5)cc4)cc3)cc2)cc1'), min:(-99999, '')
[0.8774323463439941] Updated in round 67! max:(0.8709677419354839, 'C#Cc1ccc(C#Cc2ccc(C#Cc3ccc(C#Cc4ccc(C#Cc5ccc(C#CC=C)cc5)cc4)cc3)cc2)cc1'), min:(-99999, '')
[0.8822076320648193] Updated in round 68! max:(0.9032258064516129, 'C#Cc1ccc(C#Cc2ccc(C#Cc3ccc(C#Cc4ccc(C#Cc5ccc(C#CC=CC=C)cc5)cc4)cc3)cc2)cc1'), min:(-99999, '')
[0.9824047088623047] Updated in round 69! max:(0.9032258064516129, 'C#Cc1ccc(C#Cc2ccc(C#Cc3ccc(C#Cc4ccc(C#Cc5ccc(C#CC=CC=C)cc5)cc4)cc3)cc2)cc1'), min:(-99999, '')
[0.9867732524871826] Updated in round 70! max:(0.9032258064516129, 'C#Cc1ccc(C#Cc2ccc(C#Cc3ccc(C#Cc4ccc(C#Cc5ccc(C#CC=CC=C)cc5)cc4)cc3)cc2)cc1'), min:(-99999, '')
[0.9916210174560547] Updated in round 71! max:(0.9032258064516129, 'C#Cc1ccc(C#Cc2ccc(C#Cc3ccc(C#Cc4ccc(C#Cc5ccc(C#CC=CC=C)cc5)cc4)cc3)cc2)cc1'), min:(-99999, '')
[0.9969255924224854] Updated in round 72! max:(0.9354838709677419, 'C#Cc1ccc(C#Cc2ccc(C#Cc3ccc(C#Cc4ccc(C#Cc5ccc(C#CC=CC=CC=C)cc5)cc4)cc3)cc2)cc1'), min:(-99999, '')
[1.1158382892608643] Updated in round 73! max:(0.9354838709677419, 'C#Cc1ccc(C#Cc2ccc(C#Cc3ccc(C#Cc4ccc(C#Cc5ccc(C#CC=CC=CC=C)cc5)cc4)cc3)cc2)cc1'), min:(-99999, '')
[1.1208693981170654] Updated in round 74! max:(0.9354838709677419, 'C#Cc1ccc(C#Cc2ccc(C#Cc3ccc(C#Cc4ccc(C#Cc5ccc(C#CC=CC=CC=C)cc5)cc4)cc3)cc2)cc1'), min:(-99999, '')
[1.1251499652862549] Updated in round 75! max:(0.9354838709677419, 'C#Cc1ccc(C#Cc2ccc(C#Cc3ccc(C#Cc4ccc(C#Cc5ccc(C#CC=CC=CC=C)cc5)cc4)cc3)cc2)cc1'), min:(-99999, '')
[1.1295700073242188] Updated in round 76! max:(0.9354838709677419, 'C#Cc1ccc(C#Cc2ccc(C#Cc3ccc(C#Cc4ccc(C#Cc5ccc(C#CC=CC=CC=C)cc5)cc4)cc3)cc2)cc1'), min:(-99999, '')
[1.133570671081543] Updated in round 77! max:(0.9354838709677419, 'C#Cc1ccc(C#Cc2ccc(C#Cc3ccc(C#Cc4ccc(C#Cc5ccc(C#CC=CC=CC=C)cc5)cc4)cc3)cc2)cc1'), min:(-99999, '')
[1.1374483108520508] Updated in round 78! max:(0.9354838709677419, 'C#Cc1ccc(C#Cc2ccc(C#Cc3ccc(C#Cc4ccc(C#Cc5ccc(C#CC=CC=CC=C)cc5)cc4)cc3)cc2)cc1'), min:(-99999, '')
[1.1418328285217285] Updated in round 79! max:(0.9354838709677419, 'C#Cc1ccc(C#Cc2ccc(C#Cc3ccc(C#Cc4ccc(C#Cc5ccc(C#CC=CC=CC=C)cc5)cc4)cc3)cc2)cc1'), min:(-99999, '')
[1.1461701393127441] Updated in round 80! max:(0.9354838709677419, 'C#Cc1ccc(C#Cc2ccc(C#Cc3ccc(C#Cc4ccc(C#Cc5ccc(C#CC=CC=CC=C)cc5)cc4)cc3)cc2)cc1'), min:(-99999, '')
[1.1514348983764648] Updated in round 81! max:(0.967741935483871, 'C=CC1=CC=CC#Cc2ccc(cc2)C#Cc2ccc(cc2)C#Cc2ccc(cc2)C#Cc2ccc(cc2)C#Cc2ccc(cc2)C#C1'), min:(-99999, '')
[1.2836029529571533] Updated in round 82! max:(0.967741935483871, 'C=CC1=CC=CC#Cc2ccc(cc2)C#Cc2ccc(cc2)C#Cc2ccc(cc2)C#Cc2ccc(cc2)C#Cc2ccc(cc2)C#C1'), min:(-99999, '')
[1.2885730266571045] Updated in round 83! max:(0.967741935483871, 'C=CC1=CC=CC#Cc2ccc(cc2)C#Cc2ccc(cc2)C#Cc2ccc(cc2)C#Cc2ccc(cc2)C#Cc2ccc(cc2)C#C1'), min:(-99999, '')
[1.294966220855713] Updated in round 84! max:(0.967741935483871, 'C=CC1=CC=CC#Cc2ccc(cc2)C#Cc2ccc(cc2)C#Cc2ccc(cc2)C#Cc2ccc(cc2)C#Cc2ccc(cc2)C#C1'), min:(-99999, '')
[1.3003785610198975] Updated in round 85! max:(0.967741935483871, 'C=CC1=CC=CC#Cc2ccc(cc2)C#Cc2ccc(cc2)C#Cc2ccc(cc2)C#Cc2ccc(cc2)C#Cc2ccc(cc2)C#C1'), min:(-99999, '')
[1.3055088520050049] Updated in round 86! max:(0.967741935483871, 'C=CC1=CC=CC#Cc2ccc(cc2)C#Cc2ccc(cc2)C#Cc2ccc(cc2)C#Cc2ccc(cc2)C#Cc2ccc(cc2)C#C1'), min:(-99999, '')
[1.3101799488067627] Updated in round 87! max:(0.967741935483871, 'C=CC1=CC=CC#Cc2ccc(cc2)C#Cc2ccc(cc2)C#Cc2ccc(cc2)C#Cc2ccc(cc2)C#Cc2ccc(cc2)C#C1'), min:(-99999, '')
[1.3161745071411133] Updated in round 88! max:(0.967741935483871, 'C=CC1=CC=CC#Cc2ccc(cc2)C#Cc2ccc(cc2)C#Cc2ccc(cc2)C#Cc2ccc(cc2)C#Cc2ccc(cc2)C#C1'), min:(-99999, '')
[1.3202548027038574] Updated in round 89! max:(0.967741935483871, 'C=CC1=CC=CC#Cc2ccc(cc2)C#Cc2ccc(cc2)C#Cc2ccc(cc2)C#Cc2ccc(cc2)C#Cc2ccc(cc2)C#C1'), min:(-99999, '')
[1.325347900390625] Updated in round 90! max:(0.967741935483871, 'C=CC1=CC=CC#Cc2ccc(cc2)C#Cc2ccc(cc2)C#Cc2ccc(cc2)C#Cc2ccc(cc2)C#Cc2ccc(cc2)C#C1'), min:(-99999, '')
[1.3303487300872803] Updated in round 91! max:(0.967741935483871, 'C=CC1=CC=CC#Cc2ccc(cc2)C#Cc2ccc(cc2)C#Cc2ccc(cc2)C#Cc2ccc(cc2)C#Cc2ccc(cc2)C#C1'), min:(-99999, '')
[1.3348863124847412] Updated in round 92! max:(0.967741935483871, 'C=CC1=CC=CC#Cc2ccc(cc2)C#Cc2ccc(cc2)C#Cc2ccc(cc2)C#Cc2ccc(cc2)C#Cc2ccc(cc2)C#C1'), min:(-99999, '')
[1.340106725692749] Reproduced in round 93!!
