[7.987022399902344e-05]Start running EvoMol from [H][H]...
[0.021147489547729492] Updated in round 1! max:(0.07547169811320754, 'c1ccccc1'), min:(-99999, '')
[0.0267336368560791] Updated in round 2! max:(0.1509433962264151, 'c1ccc(-c2ccccc2)cc1'), min:(-99999, '')
[0.03688335418701172] Updated in round 3! max:(0.22641509433962265, 'c1ccc(-c2ccc(-c3ccccc3)cc2)cc1'), min:(-99999, '')
[0.058434247970581055] Updated in round 4! max:(0.3018867924528302, 'c1ccc(-c2ccc(-c3ccc(-c4ccccc4)cc3)cc2)cc1'), min:(-99999, '')
[0.09745907783508301] Updated in round 5! max:(0.3584905660377358, 'c1ccc(-c2ccc(-c3ccc(-c4ccc5ccccc5c4)cc3)cc2)cc1'), min:(-99999, '')
[0.15288662910461426] Updated in round 6! max:(0.3584905660377358, 'c1ccc(-c2ccc(-c3ccc(-c4ccc5ccccc5c4)cc3)cc2)cc1'), min:(-99999, '')
[0.157426118850708] Updated in round 7! max:(0.39622641509433965, 'c1ccc2cc(-c3ccc(-c4ccc5c(ccc6ccccc65)c4)cc3)ccc2c1'), min:(-99999, '')
[0.22260808944702148] Updated in round 8! max:(0.4339622641509434, 'c1ccc2c(c1)ccc1cc(-c3ccc4c(ccc5c6ccccc6ccc45)c3)ccc12'), min:(-99999, '')
[0.29352498054504395] Updated in round 9! max:(0.4339622641509434, 'c1ccc2c(c1)ccc1cc(-c3ccc4c(ccc5c6ccccc6ccc45)c3)ccc12'), min:(-99999, '')
[0.2990570068359375] Updated in round 10! max:(0.4528301886792453, 'C=Cc1ccc2c(ccc3c4ccc(-c5ccc6c(ccc7ccccc76)c5)cc4ccc23)c1'), min:(-99999, '')
[0.3905627727508545] Updated in round 11! max:(0.4528301886792453, 'C=Cc1ccc2c(ccc3c4ccc(-c5ccc6c(ccc7ccccc76)c5)cc4ccc23)c1'), min:(-99999, '')
[0.39644336700439453] Updated in round 12! max:(0.4528301886792453, 'C=Cc1ccc2c(ccc3c4ccc(-c5ccc6c(ccc7ccccc76)c5)cc4ccc23)c1'), min:(-99999, '')
[0.40111875534057617] Updated in round 13! max:(0.4528301886792453, 'C=Cc1ccc2c(ccc3c4ccc(-c5ccc6c(ccc7ccccc76)c5)cc4ccc23)c1'), min:(-99999, '')
[0.4066486358642578] Updated in round 14! max:(0.4528301886792453, 'C=Cc1ccc2c(ccc3c4ccc(-c5ccc6c(ccc7ccccc76)c5)cc4ccc23)c1'), min:(-99999, '')
[0.41437768936157227] Updated in round 15! max:(0.4528301886792453, 'C=Cc1ccc2c(ccc3c4ccc(-c5ccc6c(ccc7ccccc76)c5)cc4ccc23)c1'), min:(-99999, '')
[0.42033982276916504] Updated in round 16! max:(0.4528301886792453, 'C=Cc1ccc2c(ccc3c4ccc(-c5ccc6c(ccc7ccccc76)c5)cc4ccc23)c1'), min:(-99999, '')
[0.4245462417602539] Updated in round 17! max:(0.4528301886792453, 'C=Cc1ccc2c(ccc3c4ccc(-c5ccc6c(ccc7ccccc76)c5)cc4ccc23)c1'), min:(-99999, '')
[0.4299347400665283] Updated in round 18! max:(0.4528301886792453, 'C=Cc1ccc2c(ccc3c4ccc(-c5ccc6c(ccc7ccccc76)c5)cc4ccc23)c1'), min:(-99999, '')
[0.4340059757232666] Updated in round 19! max:(0.4528301886792453, 'C=Cc1ccc2c(ccc3c4ccc(-c5ccc6c(ccc7ccccc76)c5)cc4ccc23)c1'), min:(-99999, '')
[0.4389338493347168] Updated in round 20! max:(0.4528301886792453, 'C=Cc1ccc2c(ccc3c4ccc(-c5ccc6c(ccc7ccccc76)c5)cc4ccc23)c1'), min:(-99999, '')
[0.4469265937805176] Updated in round 21! max:(0.5094339622641509, 'C=Cc1ccc2c(ccc3c4ccc(-c5ccc6c(ccc7c8ccccc8ccc67)c5)cc4ccc23)c1'), min:(-99999, '')
[0.5747420787811279] Updated in round 22! max:(0.5283018867924528, 'C=CC(=C)c1ccc2c(ccc3c4ccc(-c5ccc6c(ccc7c8ccccc8ccc67)c5)cc4ccc23)c1'), min:(-99999, '')
[0.7234787940979004] Updated in round 23! max:(0.5283018867924528, 'C=CC(=C)c1ccc2c(ccc3c4ccc(-c5ccc6c(ccc7c8ccccc8ccc67)c5)cc4ccc23)c1'), min:(-99999, '')
[0.7304046154022217] Updated in round 24! max:(0.5660377358490566, 'c1ccc(-c2ccc3c(ccc4c5ccc(-c6ccc7c(ccc8c9ccccc9ccc78)c6)cc5ccc34)c2)cc1'), min:(-99999, '')
[0.9481303691864014] Updated in round 25! max:(0.5660377358490566, 'c1ccc(-c2ccc3c(ccc4c5ccc(-c6ccc7c(ccc8c9ccccc9ccc78)c6)cc5ccc34)c2)cc1'), min:(-99999, '')
[0.953474760055542] Updated in round 26! max:(0.5660377358490566, 'c1ccc(-c2ccc3c(ccc4c5ccc(-c6ccc7c(ccc8c9ccccc9ccc78)c6)cc5ccc34)c2)cc1'), min:(-99999, '')
[0.9589564800262451] Updated in round 27! max:(0.5660377358490566, 'c1ccc(-c2ccc3c(ccc4c5ccc(-c6ccc7c(ccc8c9ccccc9ccc78)c6)cc5ccc34)c2)cc1'), min:(-99999, '')
[0.9640974998474121] Updated in round 28! max:(0.5660377358490566, 'c1ccc(-c2ccc3c(ccc4c5ccc(-c6ccc7c(ccc8c9ccccc9ccc78)c6)cc5ccc34)c2)cc1'), min:(-99999, '')
[1.0014212131500244] Updated in round 29! max:(0.5660377358490566, 'c1ccc(-c2ccc3c(ccc4c5ccc(-c6ccc7c(ccc8c9ccccc9ccc78)c6)cc5ccc34)c2)cc1'), min:(-99999, '')
[1.0059609413146973] Updated in round 30! max:(0.5660377358490566, 'c1ccc(-c2ccc3c(ccc4c5ccc(-c6ccc7c(ccc8c9ccccc9ccc78)c6)cc5ccc34)c2)cc1'), min:(-99999, '')
[1.0113108158111572] Updated in round 31! max:(0.5660377358490566, 'c1ccc(-c2ccc3c(ccc4c5ccc(-c6ccc7c(ccc8c9ccccc9ccc78)c6)cc5ccc34)c2)cc1'), min:(-99999, '')
[1.0161280632019043] Updated in round 32! max:(0.5660377358490566, 'c1ccc(-c2ccc3c(ccc4c5ccc(-c6ccc7c(ccc8c9ccccc9ccc78)c6)cc5ccc34)c2)cc1'), min:(-99999, '')
[1.0225238800048828] Updated in round 33! max:(0.5660377358490566, 'c1ccc(-c2ccc3c(ccc4c5ccc(-c6ccc7c(ccc8c9ccccc9ccc78)c6)cc5ccc34)c2)cc1'), min:(-99999, '')
[1.032151699066162] Updated in round 34! max:(0.5660377358490566, 'c1ccc(-c2ccc3c(ccc4c5ccc(-c6ccc7c(ccc8c9ccccc9ccc78)c6)cc5ccc34)c2)cc1'), min:(-99999, '')
[1.0367662906646729] Updated in round 35! max:(0.5660377358490566, 'c1ccc(-c2ccc3c(ccc4c5ccc(-c6ccc7c(ccc8c9ccccc9ccc78)c6)cc5ccc34)c2)cc1'), min:(-99999, '')
[1.041844367980957] Updated in round 36! max:(0.5660377358490566, 'c1ccc(-c2ccc3c(ccc4c5ccc(-c6ccc7c(ccc8c9ccccc9ccc78)c6)cc5ccc34)c2)cc1'), min:(-99999, '')
[1.0493927001953125] Updated in round 37! max:(0.5660377358490566, 'c1ccc(-c2ccc3c(ccc4c5ccc(-c6ccc7c(ccc8c9ccccc9ccc78)c6)cc5ccc34)c2)cc1'), min:(-99999, '')
[1.054476261138916] Updated in round 38! max:(0.5660377358490566, 'c1ccc(-c2ccc3c(ccc4c5ccc(-c6ccc7c(ccc8c9ccccc9ccc78)c6)cc5ccc34)c2)cc1'), min:(-99999, '')
[1.0618910789489746] Updated in round 39! max:(0.5660377358490566, 'c1ccc(-c2ccc3c(ccc4c5ccc(-c6ccc7c(ccc8c9ccccc9ccc78)c6)cc5ccc34)c2)cc1'), min:(-99999, '')
[1.0686020851135254] Updated in round 40! max:(0.5849056603773585, 'C=Cc1ccc(-c2ccc3c(ccc4c5ccc(-c6ccc7c(ccc8c9ccccc9ccc78)c6)cc5ccc34)c2)cc1'), min:(-99999, '')
[1.3046584129333496] Updated in round 41! max:(0.5849056603773585, 'C=Cc1ccc(-c2ccc3c(ccc4c5ccc(-c6ccc7c(ccc8c9ccccc9ccc78)c6)cc5ccc34)c2)cc1'), min:(-99999, '')
[1.3169796466827393] Updated in round 42! max:(0.5849056603773585, 'C=Cc1ccc(-c2ccc3c(ccc4c5ccc(-c6ccc7c(ccc8c9ccccc9ccc78)c6)cc5ccc34)c2)cc1'), min:(-99999, '')
[1.3263959884643555] Updated in round 43! max:(0.5849056603773585, 'C=Cc1ccc(-c2ccc3c(ccc4c5ccc(-c6ccc7c(ccc8c9ccccc9ccc78)c6)cc5ccc34)c2)cc1'), min:(-99999, '')
[1.3377914428710938] Updated in round 44! max:(0.5849056603773585, 'C=Cc1ccc(-c2ccc3c(ccc4c5ccc(-c6ccc7c(ccc8c9ccccc9ccc78)c6)cc5ccc34)c2)cc1'), min:(-99999, '')
[1.346726417541504] Updated in round 45! max:(0.5849056603773585, 'C=Cc1ccc(-c2ccc3c(ccc4c5ccc(-c6ccc7c(ccc8c9ccccc9ccc78)c6)cc5ccc34)c2)cc1'), min:(-99999, '')
[1.3550188541412354] Updated in round 46! max:(0.5849056603773585, 'C=Cc1ccc(-c2ccc3c(ccc4c5ccc(-c6ccc7c(ccc8c9ccccc9ccc78)c6)cc5ccc34)c2)cc1'), min:(-99999, '')
[1.3676011562347412] Updated in round 47! max:(0.6037735849056604, 'C=Cc1ccc(-c2ccc3c(ccc4c5ccc(-c6ccc7c(ccc8c9ccccc9ccc78)c6)cc5ccc34)c2)cc1C=C'), min:(-99999, '')
[1.6289315223693848] Updated in round 48! max:(0.6037735849056604, 'C=Cc1ccc(-c2ccc3c(ccc4c5ccc(-c6ccc7c(ccc8c9ccccc9ccc78)c6)cc5ccc34)c2)cc1C=C'), min:(-99999, '')
[1.6388206481933594] Updated in round 49! max:(0.6037735849056604, 'C=Cc1ccc(-c2ccc3c(ccc4c5ccc(-c6ccc7c(ccc8c9ccccc9ccc78)c6)cc5ccc34)c2)cc1C=C'), min:(-99999, '')
[1.6493916511535645] Updated in round 50! max:(0.6037735849056604, 'C=Cc1ccc(-c2ccc3c(ccc4c5ccc(-c6ccc7c(ccc8c9ccccc9ccc78)c6)cc5ccc34)c2)cc1C=C'), min:(-99999, '')
[1.6573894023895264] Updated in round 51! max:(0.6226415094339622, 'C=CC=Cc1ccc(-c2ccc3c(ccc4c5ccc(-c6ccc7c(ccc8c9ccccc9ccc78)c6)cc5ccc34)c2)cc1C=C'), min:(-99999, '')
[1.9707574844360352] Updated in round 52! max:(0.6226415094339622, 'C=CC=Cc1ccc(-c2ccc3c(ccc4c5ccc(-c6ccc7c(ccc8c9ccccc9ccc78)c6)cc5ccc34)c2)cc1C=C'), min:(-99999, '')
[1.9801194667816162] Updated in round 53! max:(0.6226415094339622, 'C=CC=Cc1ccc(-c2ccc3c(ccc4c5ccc(-c6ccc7c(ccc8c9ccccc9ccc78)c6)cc5ccc34)c2)cc1C=C'), min:(-99999, '')
[1.9915094375610352] Updated in round 54! max:(0.6226415094339622, 'C=CC=Cc1ccc(-c2ccc3c(ccc4c5ccc(-c6ccc7c(ccc8c9ccccc9ccc78)c6)cc5ccc34)c2)cc1C=C'), min:(-99999, '')
[2.0017752647399902] Updated in round 55! max:(0.6226415094339622, 'C=CC=Cc1ccc(-c2ccc3c(ccc4c5ccc(-c6ccc7c(ccc8c9ccccc9ccc78)c6)cc5ccc34)c2)cc1C=C'), min:(-99999, '')
[2.0107340812683105] Updated in round 56! max:(0.660377358490566, 'C=Cc1cc(-c2ccc3c(ccc4c5ccc(-c6ccc7c(ccc8c9ccccc9ccc78)c6)cc5ccc34)c2)ccc1-c1ccccc1'), min:(-99999, '')
[2.3897674083709717] Updated in round 57! max:(0.660377358490566, 'C=Cc1cc(-c2ccc3c(ccc4c5ccc(-c6ccc7c(ccc8c9ccccc9ccc78)c6)cc5ccc34)c2)ccc1-c1ccccc1'), min:(-99999, '')
[2.3952672481536865] Updated in round 58! max:(0.660377358490566, 'C=Cc1cc(-c2ccc3c(ccc4c5ccc(-c6ccc7c(ccc8c9ccccc9ccc78)c6)cc5ccc34)c2)ccc1-c1ccccc1'), min:(-99999, '')
[2.403177499771118] Updated in round 59! max:(0.660377358490566, 'C=Cc1cc(-c2ccc3c(ccc4c5ccc(-c6ccc7c(ccc8c9ccccc9ccc78)c6)cc5ccc34)c2)ccc1-c1ccccc1'), min:(-99999, '')
[2.409803628921509] Updated in round 60! max:(0.660377358490566, 'C=Cc1cc(-c2ccc3c(ccc4c5ccc(-c6ccc7c(ccc8c9ccccc9ccc78)c6)cc5ccc34)c2)ccc1-c1ccccc1'), min:(-99999, '')
[2.420753240585327] Updated in round 61! max:(0.6792452830188679, 'C=Cc1ccc2c(ccc3c4ccc(-c5ccc6c(ccc7c8ccc(-c9ccc(-c%10ccccc%10)c(C=C)c9)cc8ccc67)c5)cc4ccc23)c1'), min:(-99999, '')
[2.920841693878174] Updated in round 62! max:(0.6981132075471698, 'C=Cc1cccc(-c2ccc(-c3ccc4c(ccc5c6ccc(-c7ccc8c(ccc9c%10ccc(C=C)cc%10ccc89)c7)cc6ccc45)c3)cc2C=C)c1'), min:(-99999, '')
[3.419203996658325] Updated in round 63! max:(0.6981132075471698, 'C=Cc1cccc(-c2ccc(-c3ccc4c(ccc5c6ccc(-c7ccc8c(ccc9c%10ccc(C=C)cc%10ccc89)c7)cc6ccc45)c3)cc2C=C)c1'), min:(-99999, '')
[3.426518440246582] Updated in round 64! max:(0.6981132075471698, 'C=Cc1cccc(-c2ccc(-c3ccc4c(ccc5c6ccc(-c7ccc8c(ccc9c%10ccc(C=C)cc%10ccc89)c7)cc6ccc45)c3)cc2C=C)c1'), min:(-99999, '')
[3.4384360313415527] Updated in round 65! max:(0.6981132075471698, 'C=Cc1cccc(-c2ccc(-c3ccc4c(ccc5c6ccc(-c7ccc8c(ccc9c%10ccc(C=C)cc%10ccc89)c7)cc6ccc45)c3)cc2C=C)c1'), min:(-99999, '')
[3.4555225372314453] Updated in round 66! max:(0.6981132075471698, 'C=Cc1cccc(-c2ccc(-c3ccc4c(ccc5c6ccc(-c7ccc8c(ccc9c%10ccc(C=C)cc%10ccc89)c7)cc6ccc45)c3)cc2C=C)c1'), min:(-99999, '')
[3.4714269638061523] Updated in round 67! max:(0.6981132075471698, 'C=Cc1cccc(-c2ccc(-c3ccc4c(ccc5c6ccc(-c7ccc8c(ccc9c%10ccc(C=C)cc%10ccc89)c7)cc6ccc45)c3)cc2C=C)c1'), min:(-99999, '')
[3.4877288341522217] Updated in round 68! max:(0.6981132075471698, 'C=Cc1cccc(-c2ccc(-c3ccc4c(ccc5c6ccc(-c7ccc8c(ccc9c%10ccc(C=C)cc%10ccc89)c7)cc6ccc45)c3)cc2C=C)c1'), min:(-99999, '')
[3.5003435611724854] Updated in round 69! max:(0.6981132075471698, 'C=Cc1cccc(-c2ccc(-c3ccc4c(ccc5c6ccc(-c7ccc8c(ccc9c%10ccc(C=C)cc%10ccc89)c7)cc6ccc45)c3)cc2C=C)c1'), min:(-99999, '')
[3.5131280422210693] Updated in round 70! max:(0.6981132075471698, 'C=Cc1cccc(-c2ccc(-c3ccc4c(ccc5c6ccc(-c7ccc8c(ccc9c%10ccc(C=C)cc%10ccc89)c7)cc6ccc45)c3)cc2C=C)c1'), min:(-99999, '')
[3.523627996444702] Updated in round 71! max:(0.6981132075471698, 'C=Cc1cccc(-c2ccc(-c3ccc4c(ccc5c6ccc(-c7ccc8c(ccc9c%10ccc(C=C)cc%10ccc89)c7)cc6ccc45)c3)cc2C=C)c1'), min:(-99999, '')
[3.53450870513916] Updated in round 72! max:(0.6981132075471698, 'C=Cc1cccc(-c2ccc(-c3ccc4c(ccc5c6ccc(-c7ccc8c(ccc9c%10ccc(C=C)cc%10ccc89)c7)cc6ccc45)c3)cc2C=C)c1'), min:(-99999, '')
[3.544440507888794] Updated in round 73! max:(0.6981132075471698, 'C=Cc1cccc(-c2ccc(-c3ccc4c(ccc5c6ccc(-c7ccc8c(ccc9c%10ccc(C=C)cc%10ccc89)c7)cc6ccc45)c3)cc2C=C)c1'), min:(-99999, '')
[3.5634524822235107] Updated in round 74! max:(0.7547169811320755, 'C=Cc1cccc(-c2ccc(-c3ccc4c(ccc5c6ccc(-c7ccc8c(ccc9c%10ccc(-c%11ccccc%11)cc%10ccc89)c7)cc6ccc45)c3)cc2C=C)c1'), min:(-99999, '')
[4.223695755004883] Updated in round 75! max:(0.7547169811320755, 'C=Cc1cccc(-c2ccc(-c3ccc4c(ccc5c6ccc(-c7ccc8c(ccc9c%10ccc(-c%11ccccc%11)cc%10ccc89)c7)cc6ccc45)c3)cc2C=C)c1'), min:(-99999, '')
[4.237842082977295] Updated in round 76! max:(0.7547169811320755, 'C=Cc1cccc(-c2ccc(-c3ccc4c(ccc5c6ccc(-c7ccc8c(ccc9c%10ccc(-c%11ccccc%11)cc%10ccc89)c7)cc6ccc45)c3)cc2C=C)c1'), min:(-99999, '')
[4.2533793449401855] Updated in round 77! max:(0.7547169811320755, 'C=Cc1cccc(-c2ccc(-c3ccc4c(ccc5c6ccc(-c7ccc8c(ccc9c%10ccc(-c%11ccccc%11)cc%10ccc89)c7)cc6ccc45)c3)cc2C=C)c1'), min:(-99999, '')
[4.261530637741089] Updated in round 78! max:(0.7735849056603774, 'C=Cc1cccc2c1ccc1cc(-c3ccc4c(ccc5c6ccc(-c7ccc8c(ccc9c%10ccc(-c%11ccccc%11)cc%10ccc89)c7)cc6ccc45)c3)ccc12'), min:(-99999, '')
[5.046886205673218] Updated in round 79! max:(0.7924528301886793, 'C=CC=Cc1cccc2c1ccc1cc(-c3ccc4c(ccc5c6ccc(-c7ccc8c(ccc9c%10ccc(-c%11ccccc%11)cc%10ccc89)c7)cc6ccc45)c3)ccc12'), min:(-99999, '')
[5.911145210266113] Updated in round 80! max:(0.7924528301886793, 'C=CC=Cc1cccc2c1ccc1cc(-c3ccc4c(ccc5c6ccc(-c7ccc8c(ccc9c%10ccc(-c%11ccccc%11)cc%10ccc89)c7)cc6ccc45)c3)ccc12'), min:(-99999, '')
[5.929920434951782] Updated in round 81! max:(0.7924528301886793, 'C=CC=Cc1cccc2c1ccc1cc(-c3ccc4c(ccc5c6ccc(-c7ccc8c(ccc9c%10ccc(-c%11ccccc%11)cc%10ccc89)c7)cc6ccc45)c3)ccc12'), min:(-99999, '')
[5.940218210220337] Updated in round 82! max:(0.7924528301886793, 'C=CC=Cc1cccc2c1ccc1cc(-c3ccc4c(ccc5c6ccc(-c7ccc8c(ccc9c%10ccc(-c%11ccccc%11)cc%10ccc89)c7)cc6ccc45)c3)ccc12'), min:(-99999, '')
[5.949029922485352] Updated in round 83! max:(0.8679245283018868, 'C=CC=Cc1cccc2c1ccc1cc(-c3ccc4c(ccc5c6ccc(-c7ccc8c(ccc9c%10ccc(-c%11ccc(-c%12ccccc%12)cc%11)cc%10ccc89)c7)cc6ccc45)c3)ccc12'), min:(-99999, '')
[7.03661036491394] Updated in round 84! max:(0.8679245283018868, 'C=CC=Cc1cccc2c1ccc1cc(-c3ccc4c(ccc5c6ccc(-c7ccc8c(ccc9c%10ccc(-c%11ccc(-c%12ccccc%12)cc%11)cc%10ccc89)c7)cc6ccc45)c3)ccc12'), min:(-99999, '')
[7.047638416290283] Updated in round 85! max:(0.8679245283018868, 'C=CC=Cc1cccc2c1ccc1cc(-c3ccc4c(ccc5c6ccc(-c7ccc8c(ccc9c%10ccc(-c%11ccc(-c%12ccccc%12)cc%11)cc%10ccc89)c7)cc6ccc45)c3)ccc12'), min:(-99999, '')
[7.057725667953491] Updated in round 86! max:(0.8679245283018868, 'C=CC=Cc1cccc2c1ccc1cc(-c3ccc4c(ccc5c6ccc(-c7ccc8c(ccc9c%10ccc(-c%11ccc(-c%12ccccc%12)cc%11)cc%10ccc89)c7)cc6ccc45)c3)ccc12'), min:(-99999, '')
[7.064832925796509] Updated in round 87! max:(0.8679245283018868, 'C=CC=Cc1cccc2c1ccc1cc(-c3ccc4c(ccc5c6ccc(-c7ccc8c(ccc9c%10ccc(-c%11ccc(-c%12ccccc%12)cc%11)cc%10ccc89)c7)cc6ccc45)c3)ccc12'), min:(-99999, '')
[7.079091787338257] Updated in round 88! max:(0.8679245283018868, 'C=CC=Cc1cccc2c1ccc1cc(-c3ccc4c(ccc5c6ccc(-c7ccc8c(ccc9c%10ccc(-c%11ccc(-c%12ccccc%12)cc%11)cc%10ccc89)c7)cc6ccc45)c3)ccc12'), min:(-99999, '')
[7.087932348251343] Updated in round 89! max:(0.8679245283018868, 'C=CC=Cc1cccc2c1ccc1cc(-c3ccc4c(ccc5c6ccc(-c7ccc8c(ccc9c%10ccc(-c%11ccc(-c%12ccccc%12)cc%11)cc%10ccc89)c7)cc6ccc45)c3)ccc12'), min:(-99999, '')
[7.1065614223480225] Updated in round 90! max:(0.8679245283018868, 'C=CC=Cc1cccc2c1ccc1cc(-c3ccc4c(ccc5c6ccc(-c7ccc8c(ccc9c%10ccc(-c%11ccc(-c%12ccccc%12)cc%11)cc%10ccc89)c7)cc6ccc45)c3)ccc12'), min:(-99999, '')
[7.113696813583374] Updated in round 91! max:(0.8679245283018868, 'C=CC=Cc1cccc2c1ccc1cc(-c3ccc4c(ccc5c6ccc(-c7ccc8c(ccc9c%10ccc(-c%11ccc(-c%12ccccc%12)cc%11)cc%10ccc89)c7)cc6ccc45)c3)ccc12'), min:(-99999, '')
[7.1434149742126465] Updated in round 92! max:(0.8679245283018868, 'C=CC=Cc1cccc2c1ccc1cc(-c3ccc4c(ccc5c6ccc(-c7ccc8c(ccc9c%10ccc(-c%11ccc(-c%12ccccc%12)cc%11)cc%10ccc89)c7)cc6ccc45)c3)ccc12'), min:(-99999, '')
[7.156602621078491] Updated in round 93! max:(0.8679245283018868, 'C=CC=Cc1cccc2c1ccc1cc(-c3ccc4c(ccc5c6ccc(-c7ccc8c(ccc9c%10ccc(-c%11ccc(-c%12ccccc%12)cc%11)cc%10ccc89)c7)cc6ccc45)c3)ccc12'), min:(-99999, '')
[7.166132688522339] Updated in round 94! max:(0.8679245283018868, 'C=CC=Cc1cccc2c1ccc1cc(-c3ccc4c(ccc5c6ccc(-c7ccc8c(ccc9c%10ccc(-c%11ccc(-c%12ccccc%12)cc%11)cc%10ccc89)c7)cc6ccc45)c3)ccc12'), min:(-99999, '')
[7.216225862503052] Updated in round 95! max:(0.8679245283018868, 'C=CC=Cc1cccc2c1ccc1cc(-c3ccc4c(ccc5c6ccc(-c7ccc8c(ccc9c%10ccc(-c%11ccc(-c%12ccccc%12)cc%11)cc%10ccc89)c7)cc6ccc45)c3)ccc12'), min:(-99999, '')
[7.230287551879883] Updated in round 96! max:(0.8867924528301887, 'C=CC=Cc1cccc2c1ccc1cc(-c3ccc4c(ccc5c6ccc(-c7ccc8c(ccc9c%10ccc(-c%11ccc(-c%12ccc(C=C)cc%12)cc%11)cc%10ccc89)c7)cc6ccc45)c3)ccc12'), min:(-99999, '')
[8.335237264633179] Updated in round 97! max:(0.8867924528301887, 'C=CC=Cc1cccc2c1ccc1cc(-c3ccc4c(ccc5c6ccc(-c7ccc8c(ccc9c%10ccc(-c%11ccc(-c%12ccc(C=C)cc%12)cc%11)cc%10ccc89)c7)cc6ccc45)c3)ccc12'), min:(-99999, '')
[8.398028373718262] Updated in round 98! max:(0.8867924528301887, 'C=CC=Cc1cccc2c1ccc1cc(-c3ccc4c(ccc5c6ccc(-c7ccc8c(ccc9c%10ccc(-c%11ccc(-c%12ccc(C=C)cc%12)cc%11)cc%10ccc89)c7)cc6ccc45)c3)ccc12'), min:(-99999, '')
[8.42552399635315] Updated in round 99! max:(0.8867924528301887, 'C=CC=Cc1cccc2c1ccc1cc(-c3ccc4c(ccc5c6ccc(-c7ccc8c(ccc9c%10ccc(-c%11ccc(-c%12ccc(C=C)cc%12)cc%11)cc%10ccc89)c7)cc6ccc45)c3)ccc12'), min:(-99999, '')
[8.437849283218384] Updated in round 100! max:(0.8867924528301887, 'C=CC=Cc1cccc2c1ccc1cc(-c3ccc4c(ccc5c6ccc(-c7ccc8c(ccc9c%10ccc(-c%11ccc(-c%12ccc(C=C)cc%12)cc%11)cc%10ccc89)c7)cc6ccc45)c3)ccc12'), min:(-99999, '')
[8.526758909225464] Updated in round 101! max:(0.9056603773584906, 'C=Cc1ccc(-c2ccc(-c3ccc4c(ccc5c6ccc(-c7ccc8c(ccc9c%10ccc(-c%11ccc%12c(ccc%13c%14ccccc%14ccc%12%13)c%11)cc%10ccc89)c7)cc6ccc45)c3)cc2)cc1'), min:(-1.0, 'C=CC=Cc1cccc2c1ccc1cc(-c3cc4ccc5c6ccc7cc6ccc5c4cc3c3c(-c4ccc(-c5ccc(C=C)cc5)cc4)ccc4c5ccc6cc7ccc6c5ccc43)ccc12')
[14.799846649169922] Updated in round 102! max:(0.9433962264150944, 'C=Cc1ccc2c(ccc3cc(-c4ccc5c(ccc6c7ccc(-c8ccc9c(ccc%10c%11ccc(-c%12ccc%13c(ccc%14c%15ccccc%15ccc%13%14)c%12)cc%11ccc9%10)c8)cc7ccc56)c4)ccc32)c1'), min:(-1.0, 'C=CC=Cc1cccc2c1ccc1cc3c(cc12)-c1c-3ccc2c1ccc1c3ccc(-c4ccc5c(ccc6c7ccc(-c8ccc(-c9ccc(C=C)cc9)cc8)cc7ccc56)c4)cc3ccc21')
[26.28277015686035] Updated in round 103! max:(0.9433962264150944, 'C=Cc1ccc2c(ccc3cc(-c4ccc5c(ccc6c7ccc(-c8ccc9c(ccc%10c%11ccc(-c%12ccc%13c(ccc%14c%15ccccc%15ccc%13%14)c%12)cc%11ccc9%10)c8)cc7ccc56)c4)ccc32)c1'), min:(-1.0, 'C=Cc1ccc(-c2ccc(-c3ccc4c(ccc5c4ccc4c5ccc5c6ccc7c(ccc8c9ccc(cc9ccc78)c7ccc8c(ccc9c(cccc98)cc(C=C)c54)c7)c6)c3)cc2)cc1')
[33.715315103530884] Updated in round 104! max:(0.9622641509433962, 'C=Cc1ccc2c(ccc3cc(-c4ccc5c(ccc6c7ccc(-c8ccc9c(ccc%10c%11ccc(-c%12ccc%13c(ccc%14c%15ccccc%15ccc%13%14)c%12)cc%11ccc9%10)c8)cc7ccc56)c4)ccc32)c1C=C'), min:(-1.0, 'C=CC=Cc1cccc2c1ccc1cc(-c3ccc4c(ccc5c6ccc(-c7ccc8c9c%10c(cc8c7)C(=c7cc(-c8ccc(-c%11ccc(C=C)cc%11)cc8)ccc7=%10)C=9)cc6ccc45)c3)ccc12')
[47.95660877227783] Updated in round 105! max:(0.9622641509433962, 'C=Cc1ccc2c(ccc3cc(-c4ccc5c(ccc6c7ccc(-c8ccc9c(ccc%10c%11ccc(-c%12ccc%13c(ccc%14c%15ccccc%15ccc%13%14)c%12)cc%11ccc9%10)c8)cc7ccc56)c4)ccc32)c1C=C'), min:(-1.0, 'C=CC=Cc1cccc2c1ccc1cc3c4ccc5c(ccc6c5ccc5cc(-c7ccc8c(ccc9c%10ccc(-c%11ccc(-c%12ccc(C=C)cc%12)cc%11)cc%10ccc89)c7)cc(c3cc12)c56)c4')
[55.441893100738525] Updated in round 106! max:(0.9622641509433962, 'C=Cc1ccc2c(ccc3cc(-c4ccc5c(ccc6c7ccc(-c8ccc9c(ccc%10c%11ccc(-c%12ccc%13c(ccc%14c%15ccccc%15ccc%13%14)c%12)cc%11ccc9%10)c8)cc7ccc56)c4)ccc32)c1C=C'), min:(-1.0, 'C=CC=Cc1cccc2c1ccc1cc(-c3ccc4c(ccc5c6ccc7cc6cc(c6cc8c9ccc(-c%10ccc(-c%11ccccc%11)cc%10)cc9ccc8c8ccc7cc86)c45)c3)ccc12')
[69.35138082504272] Updated in round 107! max:(0.9622641509433962, 'C=Cc1ccc2c(ccc3cc(-c4ccc5c(ccc6c7ccc(-c8ccc9c(ccc%10c%11ccc(-c%12ccc%13c(ccc%14c%15ccccc%15ccc%13%14)c%12)cc%11ccc9%10)c8)cc7ccc56)c4)ccc32)c1C=C'), min:(-1.0, 'C=CC=Cc1cccc2c1ccc1cc(-c3ccc4c(ccc5c6ccc(-c7ccc8c(ccc9c%10cc%11c(-c%12ccc(-c%13ccccc%13)cc%12)cc%10cc%11c89)c7)cc6ccc45)c3)ccc12')
[92.84601736068726] Updated in round 108! max:(0.9622641509433962, 'C=Cc1ccc2c(ccc3cc(-c4ccc5c(ccc6c7ccc(-c8ccc9c(ccc%10c%11ccc(-c%12ccc%13c(ccc%14c%15ccccc%15ccc%13%14)c%12)cc%11ccc9%10)c8)cc7ccc56)c4)ccc32)c1C=C'), min:(-1.0, 'C=Cc1cc2cccc3c2ccc2cc(ccc23)c2ccc3c(c2)cc1c1c2ccc(-c4ccc5c(ccc6c7ccc(-c8ccc(-c9ccccc9)cc8)cc7ccc56)c4)cc2ccc31')
[106.7611608505249] Updated in round 109! max:(0.9811320754716981, 'c1ccc2c(c1)ccc1c3ccc(-c4ccc5c(ccc6c7ccc(-c8ccc9c(ccc%10c%11ccc(-c%12ccc%13c(ccc%14c%15ccccc%15ccc%13%14)c%12)cc%11ccc9%10)c8)cc7ccc56)c4)cc3ccc21'), min:(-1.0, 'C=CC=Cc1cccc2c1ccc1cc(-c3ccc4c5ccc6cc7ccc6c5ccc4c3c3c(-c4ccc(-c5ccccc5)cc4)ccc4c5ccc6cc7ccc6c5ccc43)ccc12')
[131.14991354942322] Updated in round 110! max:(0.9811320754716981, 'c1ccc2c(c1)ccc1c3ccc(-c4ccc5c(ccc6c7ccc(-c8ccc9c(ccc%10c%11ccc(-c%12ccc%13c(ccc%14c%15ccccc%15ccc%13%14)c%12)cc%11ccc9%10)c8)cc7ccc56)c4)cc3ccc21'), min:(-1.0, 'C=c1ccc2cccc3c2ccc2cc(ccc23)c2ccc3c(ccc4c3ccc3cc(-c5ccc6c(ccc7c8ccc(-c9ccc(-c%10ccccc%10)cc9)cc8ccc67)c5)cc1c34)c2')
[163.66461062431335] Updated in round 111! max:(0.9811320754716981, 'c1ccc2c(c1)ccc1c3ccc(-c4ccc5c(ccc6c7ccc(-c8ccc9c(ccc%10c%11ccc(-c%12ccc%13c(ccc%14c%15ccccc%15ccc%13%14)c%12)cc%11ccc9%10)c8)cc7ccc56)c4)cc3ccc21'), min:(-1.0, 'C=CC=Cc1cccc2c1ccc1cc3cc(c4cc3cc3ccc5c6ccc(-c7ccc8c(ccc9c%10ccc(-c%11ccc(-c%12ccccc%12)cc%11)cc%10ccc89)c7)cc6ccc5c34)c12')
[193.08662724494934] Updated in round 112! max:(0.9811320754716981, 'c1ccc2c(c1)ccc1c3ccc(-c4ccc5c(ccc6c7ccc(-c8ccc9c(ccc%10c%11ccc(-c%12ccc%13c(ccc%14c%15ccccc%15ccc%13%14)c%12)cc%11ccc9%10)c8)cc7ccc56)c4)cc3ccc21'), min:(-1.0, 'C=CC=Cc1cccc2c1ccc1cc(-c3ccc4c(ccc5c6ccc(-c7ccc8c(ccc9c8ccc8cc%10cc(c%11cccc(c%11)c%11ccc%10cc%11)c89)c7)cc6ccc45)c3)ccc12')
[209.06523036956787] Updated in round 113! max:(0.9811320754716981, 'c1ccc2c(c1)ccc1c3ccc(-c4ccc5c(ccc6c7ccc(-c8ccc9c(ccc%10c%11ccc(-c%12ccc%13c(ccc%14c%15ccccc%15ccc%13%14)c%12)cc%11ccc9%10)c8)cc7ccc56)c4)cc3ccc21'), min:(-1.0, 'C=Cc1cc2cccc3c2ccc2cc(ccc23)c2ccc3c(ccc4c5ccc(cc5ccc34)c3cc4ccc5c6ccc(-c7ccc(-c8ccccc8)cc7)cc6ccc5c4c1c3)c2')
[209.17635035514832] Reproduced in round 114!!
