[5.698204040527344e-05]Start running EvoMol from [H][H]...
[0.0007979869842529297] Updated in round 1! max:(0.17391304347826086, 'c1ccccc1'), min:(-99999, '')
[0.00715184211730957] Updated in round 2! max:(0.30434782608695654, 'c1ccc2ccccc2c1'), min:(-99999, '')
[0.01992201805114746] Updated in round 3! max:(0.30434782608695654, 'c1ccc2ccccc2c1'), min:(-99999, '')
[0.021807193756103516] Updated in round 4! max:(0.43478260869565216, 'c1ccc2cc3ccccc3cc2c1'), min:(-99999, '')
[0.044263601303100586] Updated in round 5! max:(0.43478260869565216, 'c1ccc2cc3ccccc3cc2c1'), min:(-99999, '')
[0.045969486236572266] Updated in round 6! max:(0.43478260869565216, 'c1ccc2cc3ccccc3cc2c1'), min:(-99999, '')
[0.04785919189453125] Updated in round 7! max:(0.4782608695652174, 'C=Cc1ccc2cc3ccccc3cc2c1'), min:(-99999, '')
[0.07398295402526855] Updated in round 8! max:(0.4782608695652174, 'C=Cc1ccc2cc3ccccc3cc2c1'), min:(-99999, '')
[0.07620596885681152] Updated in round 9! max:(0.6521739130434783, 'C(=Cc1ccc2cc3ccccc3cc2c1)c1ccccc1'), min:(-99999, '')
[0.1305696964263916] Updated in round 10! max:(0.6521739130434783, 'C(=Cc1ccc2cc3ccccc3cc2c1)c1ccccc1'), min:(-99999, '')
[0.13302350044250488] Updated in round 11! max:(0.6521739130434783, 'C(=Cc1ccc2cc3ccccc3cc2c1)c1ccccc1'), min:(-99999, '')
[0.13577842712402344] Updated in round 12! max:(0.6521739130434783, 'C(=Cc1ccc2cc3ccccc3cc2c1)c1ccccc1'), min:(-99999, '')
[0.1384446620941162] Updated in round 13! max:(0.782608695652174, 'C(=Cc1ccc2cc3ccccc3cc2c1)c1ccc2ccccc2c1'), min:(-99999, '')
[0.21463775634765625] Updated in round 14! max:(0.782608695652174, 'C(=Cc1ccc2cc3ccccc3cc2c1)c1ccc2ccccc2c1'), min:(-99999, '')
[0.21735787391662598] Updated in round 15! max:(0.8260869565217391, 'C=Cc1ccc2cc(C=Cc3ccc4cc5ccccc5cc4c3)ccc2c1'), min:(-99999, '')
[0.3004450798034668] Updated in round 16! max:(0.8260869565217391, 'C=Cc1ccc2cc(C=Cc3ccc4cc5ccccc5cc4c3)ccc2c1'), min:(-99999, '')
[0.3031117916107178] Updated in round 17! max:(0.8260869565217391, 'C=Cc1ccc2cc(C=Cc3ccc4cc5ccccc5cc4c3)ccc2c1'), min:(-99999, '')
[0.30611705780029297] Updated in round 18! max:(0.8260869565217391, 'C=Cc1ccc2cc(C=Cc3ccc4cc5ccccc5cc4c3)ccc2c1'), min:(-99999, '')
[0.30936551094055176] Updated in round 19! max:(0.8260869565217391, 'C=Cc1ccc2cc(C=Cc3ccc4cc5ccccc5cc4c3)ccc2c1'), min:(-99999, '')
[0.31201934814453125] Updated in round 20! max:(0.8260869565217391, 'C=Cc1ccc2cc(C=Cc3ccc4cc5ccccc5cc4c3)ccc2c1'), min:(-99999, '')
[0.31503868103027344] Updated in round 21! max:(0.8695652173913043, 'C=Cc1ccc2cc(C=Cc3cc4cc5ccccc5cc4cc3C=C)ccc2c1'), min:(-99999, '')
[0.40699315071105957] Updated in round 22! max:(0.8695652173913043, 'C=Cc1ccc2cc(C=Cc3cc4cc5ccccc5cc4cc3C=C)ccc2c1'), min:(-99999, '')
[0.41007137298583984] Updated in round 23! max:(0.8695652173913043, 'C=Cc1ccc2cc(C=Cc3cc4cc5ccccc5cc4cc3C=C)ccc2c1'), min:(-99999, '')
[0.41345953941345215] Updated in round 24! max:(0.8695652173913043, 'C=Cc1ccc2cc(C=Cc3cc4cc5ccccc5cc4cc3C=C)ccc2c1'), min:(-99999, '')
[0.41611599922180176] Updated in round 25! max:(0.8695652173913043, 'C=Cc1ccc2cc(C=Cc3cc4cc5ccccc5cc4cc3C=C)ccc2c1'), min:(-99999, '')
[0.4196450710296631] Updated in round 26! max:(0.9130434782608695, 'C=CC=Cc1ccc2cc(C=Cc3cc4cc5ccccc5cc4cc3C=C)ccc2c1'), min:(-99999, '')
[0.527033805847168] Updated in round 27! max:(0.9130434782608695, 'C=CC=Cc1ccc2cc(C=Cc3cc4cc5ccccc5cc4cc3C=C)ccc2c1'), min:(-99999, '')
[0.5301198959350586] Updated in round 28! max:(0.9130434782608695, 'C=CC=Cc1ccc2cc(C=Cc3cc4cc5ccccc5cc4cc3C=C)ccc2c1'), min:(-99999, '')
[0.533106803894043] Updated in round 29! max:(0.9130434782608695, 'C=CC=Cc1ccc2cc(C=Cc3cc4cc5ccccc5cc4cc3C=C)ccc2c1'), min:(-99999, '')
[0.5360069274902344] Updated in round 30! max:(0.9130434782608695, 'C=CC=Cc1ccc2cc(C=Cc3cc4cc5ccccc5cc4cc3C=C)ccc2c1'), min:(-99999, '')
[0.5395584106445312] Updated in round 31! max:(0.9130434782608695, 'C=CC=Cc1ccc2cc(C=Cc3cc4cc5ccccc5cc4cc3C=C)ccc2c1'), min:(-99999, '')
[0.542992353439331] Updated in round 32! max:(0.9565217391304348, 'C=CC=Cc1ccc2cc3c(cc2c1)C=Cc1cc2cc4ccccc4cc2cc1C=C3'), min:(-99999, '')
[0.6594276428222656] Updated in round 33! max:(0.9565217391304348, 'C=CC=Cc1ccc2cc3c(cc2c1)C=Cc1cc2cc4ccccc4cc2cc1C=C3'), min:(-99999, '')
[0.6628875732421875] Updated in round 34! max:(0.9565217391304348, 'C=CC=Cc1ccc2cc3c(cc2c1)C=Cc1cc2cc4ccccc4cc2cc1C=C3'), min:(-99999, '')
[0.6663153171539307] Updated in round 35! max:(0.9565217391304348, 'C=CC=Cc1ccc2cc3c(cc2c1)C=Cc1cc2cc4ccccc4cc2cc1C=C3'), min:(-99999, '')
[0.6697256565093994] Updated in round 36! max:(0.9565217391304348, 'C=CC=Cc1ccc2cc3c(cc2c1)C=Cc1cc2cc4ccccc4cc2cc1C=C3'), min:(-99999, '')
[0.6730177402496338] Updated in round 37! max:(0.9565217391304348, 'C=CC=Cc1ccc2cc3c(cc2c1)C=Cc1cc2cc4ccccc4cc2cc1C=C3'), min:(-99999, '')
[0.6767621040344238] Updated in round 38! max:(0.9565217391304348, 'C=CC=Cc1ccc2cc3c(cc2c1)C=Cc1cc2cc4ccccc4cc2cc1C=C3'), min:(-99999, '')
[0.6804795265197754] Updated in round 39! max:(0.9565217391304348, 'C=CC=Cc1ccc2cc3c(cc2c1)C=Cc1cc2cc4ccccc4cc2cc1C=C3'), min:(-99999, '')
[0.683701753616333] Updated in round 40! max:(0.9565217391304348, 'C=CC=Cc1ccc2cc3c(cc2c1)C=Cc1cc2cc4ccccc4cc2cc1C=C3'), min:(-99999, '')
[0.6873729228973389] Updated in round 41! max:(0.9565217391304348, 'C=CC=Cc1ccc2cc3c(cc2c1)C=Cc1cc2cc4ccccc4cc2cc1C=C3'), min:(-99999, '')
[0.6905231475830078] Updated in round 42! max:(0.9565217391304348, 'C=CC=Cc1ccc2cc3c(cc2c1)C=Cc1cc2cc4ccccc4cc2cc1C=C3'), min:(-99999, '')
[0.693659782409668] Updated in round 43! max:(0.9565217391304348, 'C=CC=Cc1ccc2cc3c(cc2c1)C=Cc1cc2cc4ccccc4cc2cc1C=C3'), min:(-99999, '')
[0.6972160339355469] Updated in round 44! max:(0.9565217391304348, 'C=CC=Cc1ccc2cc3c(cc2c1)C=Cc1cc2cc4ccccc4cc2cc1C=C3'), min:(-99999, '')
[0.7007749080657959] Updated in round 45! max:(0.9565217391304348, 'C=CC=Cc1ccc2cc3c(cc2c1)C=Cc1cc2cc4ccccc4cc2cc1C=C3'), min:(-99999, '')
[0.7040152549743652] Updated in round 46! max:(0.9565217391304348, 'C=CC=Cc1ccc2cc3c(cc2c1)C=Cc1cc2cc4ccccc4cc2cc1C=C3'), min:(-99999, '')
[0.707594633102417] Updated in round 47! max:(0.9565217391304348, 'C=CC=Cc1ccc2cc3c(cc2c1)C=Cc1cc2cc4ccccc4cc2cc1C=C3'), min:(-99999, '')
[0.7108864784240723] Updated in round 48! max:(0.9565217391304348, 'C=CC=Cc1ccc2cc3c(cc2c1)C=Cc1cc2cc4ccccc4cc2cc1C=C3'), min:(-99999, '')
[0.7139232158660889] Updated in round 49! max:(0.9565217391304348, 'C=CC=Cc1ccc2cc3c(cc2c1)C=Cc1cc2cc4ccccc4cc2cc1C=C3'), min:(-99999, '')
[0.7168748378753662] Updated in round 50! max:(0.9565217391304348, 'C=CC=Cc1ccc2cc3c(cc2c1)C=Cc1cc2cc4ccccc4cc2cc1C=C3'), min:(-99999, '')
[0.7205371856689453] Updated in round 51! max:(0.9565217391304348, 'C=CC=Cc1ccc2cc3c(cc2c1)C=Cc1cc2cc4ccccc4cc2cc1C=C3'), min:(-99999, '')
[0.7237875461578369] Updated in round 52! max:(0.9565217391304348, 'C=CC=Cc1ccc2cc3c(cc2c1)C=Cc1cc2cc4ccccc4cc2cc1C=C3'), min:(-99999, '')
[0.7272145748138428] Updated in round 53! max:(0.9565217391304348, 'C=CC=Cc1ccc2cc3c(cc2c1)C=Cc1cc2cc4ccccc4cc2cc1C=C3'), min:(-99999, '')
[0.7305681705474854] Updated in round 54! max:(0.9565217391304348, 'C=CC=Cc1ccc2cc3c(cc2c1)C=Cc1cc2cc4ccccc4cc2cc1C=C3'), min:(-99999, '')
[0.7335517406463623] Updated in round 55! max:(0.9565217391304348, 'C=CC=Cc1ccc2cc3c(cc2c1)C=Cc1cc2cc4ccccc4cc2cc1C=C3'), min:(-99999, '')
[0.7365303039550781] Updated in round 56! max:(0.9565217391304348, 'C=CC=Cc1ccc2cc3c(cc2c1)C=Cc1cc2cc4ccccc4cc2cc1C=C3'), min:(-99999, '')
[0.7381303310394287] Reproduced in round 57!!
