[6.771087646484375e-05]Start running EvoMol from [H][H]...
[0.0024878978729248047] Updated in round 1! max:(0.07547169811320754, 'c1ccccc1'), min:(-99999, '')
[0.008156776428222656] Updated in round 2! max:(0.1509433962264151, 'c1ccc(-c2ccccc2)cc1'), min:(-99999, '')
[0.018890380859375] Updated in round 3! max:(0.16981132075471697, 'C=Cc1ccccc1-c1ccccc1'), min:(-99999, '')
[0.030954837799072266] Updated in round 4! max:(0.16981132075471697, 'C=Cc1ccccc1-c1ccccc1'), min:(-99999, '')
[0.03453779220581055] Updated in round 5! max:(0.24528301886792453, 'C=Cc1ccccc1-c1ccc(-c2ccccc2)cc1'), min:(-99999, '')
[0.06063270568847656] Updated in round 6! max:(0.24528301886792453, 'C=Cc1ccccc1-c1ccc(-c2ccccc2)cc1'), min:(-99999, '')
[0.0632925033569336] Updated in round 7! max:(0.3018867924528302, 'C=Cc1ccccc1-c1ccc(-c2ccc3ccccc3c2)cc1'), min:(-99999, '')
[0.10178637504577637] Updated in round 8! max:(0.3018867924528302, 'C=Cc1ccccc1-c1ccc(-c2ccc3ccccc3c2)cc1'), min:(-99999, '')
[0.10455656051635742] Updated in round 9! max:(0.3018867924528302, 'C=Cc1ccccc1-c1ccc(-c2ccc3ccccc3c2)cc1'), min:(-99999, '')
[0.10717010498046875] Updated in round 10! max:(0.3018867924528302, 'C=Cc1ccccc1-c1ccc(-c2ccc3ccccc3c2)cc1'), min:(-99999, '')
[0.10968184471130371] Updated in round 11! max:(0.3018867924528302, 'C=Cc1ccccc1-c1ccc(-c2ccc3ccccc3c2)cc1'), min:(-99999, '')
[0.11361551284790039] Updated in round 12! max:(0.32075471698113206, 'c1ccc2cc(-c3ccc4c(ccc5ccccc54)c3)ccc2c1'), min:(-99999, '')
[0.14922308921813965] Updated in round 13! max:(0.32075471698113206, 'c1ccc2cc(-c3ccc4c(ccc5ccccc54)c3)ccc2c1'), min:(-99999, '')
[0.15316271781921387] Updated in round 14! max:(0.33962264150943394, 'C=Cc1ccc2c(ccc3cc(-c4ccc5ccccc5c4)ccc32)c1'), min:(-99999, '')
[0.19930219650268555] Updated in round 15! max:(0.33962264150943394, 'C=Cc1ccc2c(ccc3cc(-c4ccc5ccccc5c4)ccc32)c1'), min:(-99999, '')
[0.20417332649230957] Updated in round 16! max:(0.3584905660377358, 'C=CC=Cc1ccc2c(ccc3cc(-c4ccc5ccccc5c4)ccc32)c1'), min:(-99999, '')
[0.26133108139038086] Updated in round 17! max:(0.3584905660377358, 'C=CC=Cc1ccc2c(ccc3cc(-c4ccc5ccccc5c4)ccc32)c1'), min:(-99999, '')
[0.26512575149536133] Updated in round 18! max:(0.3584905660377358, 'C=CC=Cc1ccc2c(ccc3cc(-c4ccc5ccccc5c4)ccc32)c1'), min:(-99999, '')
[0.26992368698120117] Updated in round 19! max:(0.37735849056603776, 'c1ccc2cc(-c3ccc4c(ccc5c6ccccc6ccc45)c3)ccc2c1'), min:(-99999, '')
[0.32262349128723145] Updated in round 20! max:(0.39622641509433965, 'C=Cc1cccc2cc(-c3ccc4c(ccc5c6ccccc6ccc45)c3)ccc12'), min:(-99999, '')
[0.3869445323944092] Updated in round 21! max:(0.4716981132075472, 'C=Cc1c(-c2ccccc2)ccc2cc(-c3ccc4c(ccc5c6ccccc6ccc45)c3)ccc12'), min:(-99999, '')
[0.4918544292449951] Updated in round 22! max:(0.5471698113207547, 'C=Cc1c(-c2ccc(-c3ccccc3)cc2)ccc2cc(-c3ccc4c(ccc5c6ccccc6ccc45)c3)ccc12'), min:(-99999, '')
[0.6629033088684082] Updated in round 23! max:(0.5471698113207547, 'C=Cc1c(-c2ccc(-c3ccccc3)cc2)ccc2cc(-c3ccc4c(ccc5c6ccccc6ccc45)c3)ccc12'), min:(-99999, '')
[0.6686916351318359] Updated in round 24! max:(0.5660377358490566, 'C=Cc1ccc2c(ccc3c4ccc(-c5ccc6c(C=C)c(-c7ccc(-c8ccccc8)cc7)ccc6c5)cc4ccc23)c1'), min:(-99999, '')
[0.9355719089508057] Updated in round 25! max:(0.6226415094339622, 'C=Cc1c(-c2ccc(-c3ccccc3)cc2)ccc2cc(-c3ccc4c(ccc5c6ccc(-c7ccccc7)cc6ccc45)c3)ccc12'), min:(-99999, '')
[1.3362410068511963] Updated in round 26! max:(0.6226415094339622, 'C=Cc1c(-c2ccc(-c3ccccc3)cc2)ccc2cc(-c3ccc4c(ccc5c6ccc(-c7ccccc7)cc6ccc45)c3)ccc12'), min:(-99999, '')
[1.3435609340667725] Updated in round 27! max:(0.6415094339622641, 'C=Cc1cccc(-c2ccc(-c3ccc4cc(-c5ccc6c(ccc7c8ccc(-c9ccccc9)cc8ccc67)c5)ccc4c3C=C)cc2)c1'), min:(-99999, '')
[1.702759027481079] Updated in round 28! max:(0.660377358490566, 'C=Cc1cccc(-c2ccc3c(ccc4c5ccc(-c6ccc7c(ccc8c9ccc(-c%10ccccc%10)cc9ccc78)c6)cc5ccc34)c2)c1'), min:(-99999, '')
[2.182314157485962] Updated in round 29! max:(0.660377358490566, 'C=Cc1cccc(-c2ccc3c(ccc4c5ccc(-c6ccc7c(ccc8c9ccc(-c%10ccccc%10)cc9ccc78)c6)cc5ccc34)c2)c1'), min:(-99999, '')
[2.195664167404175] Updated in round 30! max:(0.660377358490566, 'C=Cc1cccc(-c2ccc3c(ccc4c5ccc(-c6ccc7c(ccc8c9ccc(-c%10ccccc%10)cc9ccc78)c6)cc5ccc34)c2)c1'), min:(-99999, '')
[2.205679416656494] Updated in round 31! max:(0.660377358490566, 'C=Cc1cccc(-c2ccc3c(ccc4c5ccc(-c6ccc7c(ccc8c9ccc(-c%10ccccc%10)cc9ccc78)c6)cc5ccc34)c2)c1'), min:(-99999, '')
[2.214596748352051] Updated in round 32! max:(0.660377358490566, 'C=Cc1cccc(-c2ccc3c(ccc4c5ccc(-c6ccc7c(ccc8c9ccc(-c%10ccccc%10)cc9ccc78)c6)cc5ccc34)c2)c1'), min:(-99999, '')
[2.222543716430664] Updated in round 33! max:(0.660377358490566, 'C=Cc1cccc(-c2ccc3c(ccc4c5ccc(-c6ccc7c(ccc8c9ccc(-c%10ccccc%10)cc9ccc78)c6)cc5ccc34)c2)c1'), min:(-99999, '')
[2.2730712890625] Updated in round 34! max:(0.660377358490566, 'C=Cc1cccc(-c2ccc3c(ccc4c5ccc(-c6ccc7c(ccc8c9ccc(-c%10ccccc%10)cc9ccc78)c6)cc5ccc34)c2)c1'), min:(-99999, '')
[2.2885444164276123] Updated in round 35! max:(0.7358490566037735, 'C(=Cc1cccc(-c2ccc3c(ccc4c5ccc(-c6ccc7c(ccc8c9ccc(-c%10ccccc%10)cc9ccc78)c6)cc5ccc34)c2)c1)c1ccccc1'), min:(-99999, '')
[2.883098840713501] Updated in round 36! max:(0.7358490566037735, 'C(=Cc1cccc(-c2ccc3c(ccc4c5ccc(-c6ccc7c(ccc8c9ccc(-c%10ccccc%10)cc9ccc78)c6)cc5ccc34)c2)c1)c1ccccc1'), min:(-99999, '')
[2.8924360275268555] Updated in round 37! max:(0.7358490566037735, 'C(=Cc1cccc(-c2ccc3c(ccc4c5ccc(-c6ccc7c(ccc8c9ccc(-c%10ccccc%10)cc9ccc78)c6)cc5ccc34)c2)c1)c1ccccc1'), min:(-99999, '')
[2.9047298431396484] Updated in round 38! max:(0.7358490566037735, 'C(=Cc1cccc(-c2ccc3c(ccc4c5ccc(-c6ccc7c(ccc8c9ccc(-c%10ccccc%10)cc9ccc78)c6)cc5ccc34)c2)c1)c1ccccc1'), min:(-99999, '')
[2.911470890045166] Updated in round 39! max:(0.7358490566037735, 'C(=Cc1cccc(-c2ccc3c(ccc4c5ccc(-c6ccc7c(ccc8c9ccc(-c%10ccccc%10)cc9ccc78)c6)cc5ccc34)c2)c1)c1ccccc1'), min:(-99999, '')
[2.9277150630950928] Updated in round 40! max:(0.7358490566037735, 'C(=Cc1cccc(-c2ccc3c(ccc4c5ccc(-c6ccc7c(ccc8c9ccc(-c%10ccccc%10)cc9ccc78)c6)cc5ccc34)c2)c1)c1ccccc1'), min:(-99999, '')
[2.940354108810425] Updated in round 41! max:(0.7924528301886793, 'C(=Cc1cccc2ccccc12)c1cccc(-c2ccc3c(ccc4c5ccc(-c6ccc7c(ccc8c9ccc(-c%10ccccc%10)cc9ccc78)c6)cc5ccc34)c2)c1'), min:(-99999, '')
[3.598418712615967] Updated in round 42! max:(0.7924528301886793, 'C(=Cc1cccc2ccccc12)c1cccc(-c2ccc3c(ccc4c5ccc(-c6ccc7c(ccc8c9ccc(-c%10ccccc%10)cc9ccc78)c6)cc5ccc34)c2)c1'), min:(-99999, '')
[3.6081199645996094] Updated in round 43! max:(0.7924528301886793, 'C(=Cc1cccc2ccccc12)c1cccc(-c2ccc3c(ccc4c5ccc(-c6ccc7c(ccc8c9ccc(-c%10ccccc%10)cc9ccc78)c6)cc5ccc34)c2)c1'), min:(-99999, '')
[3.6166369915008545] Updated in round 44! max:(0.7924528301886793, 'C(=Cc1cccc2ccccc12)c1cccc(-c2ccc3c(ccc4c5ccc(-c6ccc7c(ccc8c9ccc(-c%10ccccc%10)cc9ccc78)c6)cc5ccc34)c2)c1'), min:(-99999, '')
[3.6305325031280518] Updated in round 45! max:(0.7924528301886793, 'C(=Cc1cccc2ccccc12)c1cccc(-c2ccc3c(ccc4c5ccc(-c6ccc7c(ccc8c9ccc(-c%10ccccc%10)cc9ccc78)c6)cc5ccc34)c2)c1'), min:(-99999, '')
[3.6582767963409424] Updated in round 46! max:(0.7924528301886793, 'C(=Cc1cccc2ccccc12)c1cccc(-c2ccc3c(ccc4c5ccc(-c6ccc7c(ccc8c9ccc(-c%10ccccc%10)cc9ccc78)c6)cc5ccc34)c2)c1'), min:(-99999, '')
[3.667834758758545] Updated in round 47! max:(0.7924528301886793, 'C(=Cc1cccc2ccccc12)c1cccc(-c2ccc3c(ccc4c5ccc(-c6ccc7c(ccc8c9ccc(-c%10ccccc%10)cc9ccc78)c6)cc5ccc34)c2)c1'), min:(-99999, '')
[3.6834914684295654] Updated in round 48! max:(0.7924528301886793, 'C(=Cc1cccc2ccccc12)c1cccc(-c2ccc3c(ccc4c5ccc(-c6ccc7c(ccc8c9ccc(-c%10ccccc%10)cc9ccc78)c6)cc5ccc34)c2)c1'), min:(-99999, '')
[3.6907994747161865] Updated in round 49! max:(0.7924528301886793, 'C(=Cc1cccc2ccccc12)c1cccc(-c2ccc3c(ccc4c5ccc(-c6ccc7c(ccc8c9ccc(-c%10ccccc%10)cc9ccc78)c6)cc5ccc34)c2)c1'), min:(-99999, '')
[3.6995742321014404] Updated in round 50! max:(0.8679245283018868, 'C(=Cc1cccc2ccccc12)c1cccc(-c2ccc3c(ccc4c5ccc(-c6ccc7c(ccc8c9ccc(-c%10ccc(-c%11ccccc%11)cc%10)cc9ccc78)c6)cc5ccc34)c2)c1'), min:(-99999, '')
[4.581027030944824] Updated in round 51! max:(0.8679245283018868, 'C(=Cc1cccc2ccccc12)c1cccc(-c2ccc3c(ccc4c5ccc(-c6ccc7c(ccc8c9ccc(-c%10ccc(-c%11ccccc%11)cc%10)cc9ccc78)c6)cc5ccc34)c2)c1'), min:(-99999, '')
[4.590438604354858] Updated in round 52! max:(0.8679245283018868, 'C(=Cc1cccc2ccccc12)c1cccc(-c2ccc3c(ccc4c5ccc(-c6ccc7c(ccc8c9ccc(-c%10ccc(-c%11ccccc%11)cc%10)cc9ccc78)c6)cc5ccc34)c2)c1'), min:(-99999, '')
[4.614548683166504] Updated in round 53! max:(0.8679245283018868, 'C(=Cc1cccc2ccccc12)c1cccc(-c2ccc3c(ccc4c5ccc(-c6ccc7c(ccc8c9ccc(-c%10ccc(-c%11ccccc%11)cc%10)cc9ccc78)c6)cc5ccc34)c2)c1'), min:(-99999, '')
[4.622146844863892] Updated in round 54! max:(0.8679245283018868, 'C(=Cc1cccc2ccccc12)c1cccc(-c2ccc3c(ccc4c5ccc(-c6ccc7c(ccc8c9ccc(-c%10ccc(-c%11ccccc%11)cc%10)cc9ccc78)c6)cc5ccc34)c2)c1'), min:(-99999, '')
[4.6413421630859375] Updated in round 55! max:(0.9245283018867925, 'C(=Cc1cccc2ccccc12)c1cccc(-c2ccc3c(ccc4c5ccc(-c6ccc7c(ccc8c9ccc(-c%10ccc(-c%11ccc%12ccccc%12c%11)cc%10)cc9ccc78)c6)cc5ccc34)c2)c1'), min:(-99999, '')
[5.6225409507751465] Updated in round 56! max:(0.9245283018867925, 'C(=Cc1cccc2ccccc12)c1cccc(-c2ccc3c(ccc4c5ccc(-c6ccc7c(ccc8c9ccc(-c%10ccc(-c%11ccc%12ccccc%12c%11)cc%10)cc9ccc78)c6)cc5ccc34)c2)c1'), min:(-99999, '')
[5.640319347381592] Updated in round 57! max:(0.9245283018867925, 'C(=Cc1cccc2ccccc12)c1cccc(-c2ccc3c(ccc4c5ccc(-c6ccc7c(ccc8c9ccc(-c%10ccc(-c%11ccc%12ccccc%12c%11)cc%10)cc9ccc78)c6)cc5ccc34)c2)c1'), min:(-99999, '')
[5.677830696105957] Updated in round 58! max:(0.9245283018867925, 'C(=Cc1cccc2ccccc12)c1cccc(-c2ccc3c(ccc4c5ccc(-c6ccc7c(ccc8c9ccc(-c%10ccc(-c%11ccc%12ccccc%12c%11)cc%10)cc9ccc78)c6)cc5ccc34)c2)c1'), min:(-99999, '')
[5.692573308944702] Updated in round 59! max:(0.9245283018867925, 'C(=Cc1cccc2ccccc12)c1cccc(-c2ccc3c(ccc4c5ccc(-c6ccc7c(ccc8c9ccc(-c%10ccc(-c%11ccc%12ccccc%12c%11)cc%10)cc9ccc78)c6)cc5ccc34)c2)c1'), min:(-99999, '')
[5.700866222381592] Updated in round 60! max:(0.9245283018867925, 'C(=Cc1cccc2ccccc12)c1cccc(-c2ccc3c(ccc4c5ccc(-c6ccc7c(ccc8c9ccc(-c%10ccc(-c%11ccc%12ccccc%12c%11)cc%10)cc9ccc78)c6)cc5ccc34)c2)c1'), min:(-99999, '')
[5.717605352401733] Updated in round 61! max:(0.9245283018867925, 'C(=Cc1cccc2ccccc12)c1cccc(-c2ccc3c(ccc4c5ccc(-c6ccc7c(ccc8c9ccc(-c%10ccc(-c%11ccc%12ccccc%12c%11)cc%10)cc9ccc78)c6)cc5ccc34)c2)c1'), min:(-99999, '')
[5.7388505935668945] Updated in round 62! max:(0.9245283018867925, 'C(=Cc1cccc2ccccc12)c1cccc(-c2ccc3c(ccc4c5ccc(-c6ccc7c(ccc8c9ccc(-c%10ccc(-c%11ccc%12ccccc%12c%11)cc%10)cc9ccc78)c6)cc5ccc34)c2)c1'), min:(-99999, '')
[5.748804807662964] Updated in round 63! max:(0.9245283018867925, 'C(=Cc1cccc2ccccc12)c1cccc(-c2ccc3c(ccc4c5ccc(-c6ccc7c(ccc8c9ccc(-c%10ccc(-c%11ccc%12ccccc%12c%11)cc%10)cc9ccc78)c6)cc5ccc34)c2)c1'), min:(-99999, '')
[5.7593419551849365] Updated in round 64! max:(0.9245283018867925, 'C(=Cc1cccc2ccccc12)c1cccc(-c2ccc3c(ccc4c5ccc(-c6ccc7c(ccc8c9ccc(-c%10ccc(-c%11ccc%12ccccc%12c%11)cc%10)cc9ccc78)c6)cc5ccc34)c2)c1'), min:(-99999, '')
[5.769250154495239] Updated in round 65! max:(0.9245283018867925, 'C(=Cc1cccc2ccccc12)c1cccc(-c2ccc3c(ccc4c5ccc(-c6ccc7c(ccc8c9ccc(-c%10ccc(-c%11ccc%12ccccc%12c%11)cc%10)cc9ccc78)c6)cc5ccc34)c2)c1'), min:(-99999, '')
[5.777515649795532] Updated in round 66! max:(0.9245283018867925, 'C(=Cc1cccc2ccccc12)c1cccc(-c2ccc3c(ccc4c5ccc(-c6ccc7c(ccc8c9ccc(-c%10ccc(-c%11ccc%12ccccc%12c%11)cc%10)cc9ccc78)c6)cc5ccc34)c2)c1'), min:(-99999, '')
[5.785938739776611] Updated in round 67! max:(0.9245283018867925, 'C(=Cc1cccc2ccccc12)c1cccc(-c2ccc3c(ccc4c5ccc(-c6ccc7c(ccc8c9ccc(-c%10ccc(-c%11ccc%12ccccc%12c%11)cc%10)cc9ccc78)c6)cc5ccc34)c2)c1'), min:(-99999, '')
[5.794516086578369] Updated in round 68! max:(0.9245283018867925, 'C(=Cc1cccc2ccccc12)c1cccc(-c2ccc3c(ccc4c5ccc(-c6ccc7c(ccc8c9ccc(-c%10ccc(-c%11ccc%12ccccc%12c%11)cc%10)cc9ccc78)c6)cc5ccc34)c2)c1'), min:(-99999, '')
[5.80525279045105] Updated in round 69! max:(0.9245283018867925, 'C(=Cc1cccc2ccccc12)c1cccc(-c2ccc3c(ccc4c5ccc(-c6ccc7c(ccc8c9ccc(-c%10ccc(-c%11ccc%12ccccc%12c%11)cc%10)cc9ccc78)c6)cc5ccc34)c2)c1'), min:(-99999, '')
[5.816187620162964] Updated in round 70! max:(0.9245283018867925, 'C(=Cc1cccc2ccccc12)c1cccc(-c2ccc3c(ccc4c5ccc(-c6ccc7c(ccc8c9ccc(-c%10ccc(-c%11ccc%12ccccc%12c%11)cc%10)cc9ccc78)c6)cc5ccc34)c2)c1'), min:(-99999, '')
[5.836324214935303] Updated in round 71! max:(0.9245283018867925, 'C(=Cc1cccc2ccccc12)c1cccc(-c2ccc3c(ccc4c5ccc(-c6ccc7c(ccc8c9ccc(-c%10ccc(-c%11ccc%12ccccc%12c%11)cc%10)cc9ccc78)c6)cc5ccc34)c2)c1'), min:(-99999, '')
[5.847914218902588] Updated in round 72! max:(0.9245283018867925, 'C(=Cc1cccc2ccccc12)c1cccc(-c2ccc3c(ccc4c5ccc(-c6ccc7c(ccc8c9ccc(-c%10ccc(-c%11ccc%12ccccc%12c%11)cc%10)cc9ccc78)c6)cc5ccc34)c2)c1'), min:(-99999, '')
[5.865543603897095] Updated in round 73! max:(0.9245283018867925, 'C(=Cc1cccc2ccccc12)c1cccc(-c2ccc3c(ccc4c5ccc(-c6ccc7c(ccc8c9ccc(-c%10ccc(-c%11ccc%12ccccc%12c%11)cc%10)cc9ccc78)c6)cc5ccc34)c2)c1'), min:(-99999, '')
[5.876919269561768] Updated in round 74! max:(0.9245283018867925, 'C(=Cc1cccc2ccccc12)c1cccc(-c2ccc3c(ccc4c5ccc(-c6ccc7c(ccc8c9ccc(-c%10ccc(-c%11ccc%12ccccc%12c%11)cc%10)cc9ccc78)c6)cc5ccc34)c2)c1'), min:(-99999, '')
[5.885955095291138] Updated in round 75! max:(0.9245283018867925, 'C(=Cc1cccc2ccccc12)c1cccc(-c2ccc3c(ccc4c5ccc(-c6ccc7c(ccc8c9ccc(-c%10ccc(-c%11ccc%12ccccc%12c%11)cc%10)cc9ccc78)c6)cc5ccc34)c2)c1'), min:(-99999, '')
[5.898040771484375] Updated in round 76! max:(0.9433962264150944, 'c1ccc2cc(-c3ccc(-c4ccc5c(ccc6c7ccc(-c8ccc9c(ccc%10c%11ccc(-c%12ccc%13c(ccc%14c%15ccccc%15ccc%13%14)c%12)cc%11ccc9%10)c8)cc7ccc56)c4)cc3)ccc2c1'), min:(-99999, '')
[7.049615383148193] Updated in round 77! max:(0.9622641509433962, 'C=Cc1c(-c2ccc(-c3ccc4c(ccc5c6ccc(-c7ccc8c(ccc9c%10ccc(-c%11ccc%12c(ccc%13c%14ccccc%14ccc%12%13)c%11)cc%10ccc89)c7)cc6ccc45)c3)cc2)ccc2ccccc12'), min:(-99999, '')
[8.307228088378906] Updated in round 78! max:(0.9622641509433962, 'C=Cc1c(-c2ccc(-c3ccc4c(ccc5c6ccc(-c7ccc8c(ccc9c%10ccc(-c%11ccc%12c(ccc%13c%14ccccc%14ccc%12%13)c%11)cc%10ccc89)c7)cc6ccc45)c3)cc2)ccc2ccccc12'), min:(-99999, '')
[8.319665670394897] Updated in round 79! max:(0.9622641509433962, 'C=Cc1c(-c2ccc(-c3ccc4c(ccc5c6ccc(-c7ccc8c(ccc9c%10ccc(-c%11ccc%12c(ccc%13c%14ccccc%14ccc%12%13)c%11)cc%10ccc89)c7)cc6ccc45)c3)cc2)ccc2ccccc12'), min:(-99999, '')
[8.336824178695679] Updated in round 80! max:(0.9622641509433962, 'C=Cc1c(-c2ccc(-c3ccc4c(ccc5c6ccc(-c7ccc8c(ccc9c%10ccc(-c%11ccc%12c(ccc%13c%14ccccc%14ccc%12%13)c%11)cc%10ccc89)c7)cc6ccc45)c3)cc2)ccc2ccccc12'), min:(-99999, '')
[8.350699663162231] Updated in round 81! max:(0.9622641509433962, 'C=Cc1c(-c2ccc(-c3ccc4c(ccc5c6ccc(-c7ccc8c(ccc9c%10ccc(-c%11ccc%12c(ccc%13c%14ccccc%14ccc%12%13)c%11)cc%10ccc89)c7)cc6ccc45)c3)cc2)ccc2ccccc12'), min:(-99999, '')
[8.376187086105347] Updated in round 82! max:(0.9622641509433962, 'C=Cc1c(-c2ccc(-c3ccc4c(ccc5c6ccc(-c7ccc8c(ccc9c%10ccc(-c%11ccc%12c(ccc%13c%14ccccc%14ccc%12%13)c%11)cc%10ccc89)c7)cc6ccc45)c3)cc2)ccc2ccccc12'), min:(-99999, '')
[8.390229225158691] Updated in round 83! max:(0.9622641509433962, 'C=Cc1c(-c2ccc(-c3ccc4c(ccc5c6ccc(-c7ccc8c(ccc9c%10ccc(-c%11ccc%12c(ccc%13c%14ccccc%14ccc%12%13)c%11)cc%10ccc89)c7)cc6ccc45)c3)cc2)ccc2ccccc12'), min:(-99999, '')
[8.407322406768799] Updated in round 84! max:(0.9622641509433962, 'C=Cc1c(-c2ccc(-c3ccc4c(ccc5c6ccc(-c7ccc8c(ccc9c%10ccc(-c%11ccc%12c(ccc%13c%14ccccc%14ccc%12%13)c%11)cc%10ccc89)c7)cc6ccc45)c3)cc2)ccc2ccccc12'), min:(-99999, '')
[8.419059038162231] Updated in round 85! max:(0.9622641509433962, 'C=Cc1c(-c2ccc(-c3ccc4c(ccc5c6ccc(-c7ccc8c(ccc9c%10ccc(-c%11ccc%12c(ccc%13c%14ccccc%14ccc%12%13)c%11)cc%10ccc89)c7)cc6ccc45)c3)cc2)ccc2ccccc12'), min:(-99999, '')
[8.435269832611084] Updated in round 86! max:(0.9622641509433962, 'C=Cc1c(-c2ccc(-c3ccc4c(ccc5c6ccc(-c7ccc8c(ccc9c%10ccc(-c%11ccc%12c(ccc%13c%14ccccc%14ccc%12%13)c%11)cc%10ccc89)c7)cc6ccc45)c3)cc2)ccc2ccccc12'), min:(-99999, '')
[8.444531202316284] Updated in round 87! max:(0.9622641509433962, 'C=Cc1c(-c2ccc(-c3ccc4c(ccc5c6ccc(-c7ccc8c(ccc9c%10ccc(-c%11ccc%12c(ccc%13c%14ccccc%14ccc%12%13)c%11)cc%10ccc89)c7)cc6ccc45)c3)cc2)ccc2ccccc12'), min:(-99999, '')
[8.453985452651978] Updated in round 88! max:(0.9622641509433962, 'C=Cc1c(-c2ccc(-c3ccc4c(ccc5c6ccc(-c7ccc8c(ccc9c%10ccc(-c%11ccc%12c(ccc%13c%14ccccc%14ccc%12%13)c%11)cc%10ccc89)c7)cc6ccc45)c3)cc2)ccc2ccccc12'), min:(-99999, '')
[8.462854862213135] Updated in round 89! max:(0.9622641509433962, 'C=Cc1c(-c2ccc(-c3ccc4c(ccc5c6ccc(-c7ccc8c(ccc9c%10ccc(-c%11ccc%12c(ccc%13c%14ccccc%14ccc%12%13)c%11)cc%10ccc89)c7)cc6ccc45)c3)cc2)ccc2ccccc12'), min:(-99999, '')
[8.471429109573364] Updated in round 90! max:(0.9622641509433962, 'C=Cc1c(-c2ccc(-c3ccc4c(ccc5c6ccc(-c7ccc8c(ccc9c%10ccc(-c%11ccc%12c(ccc%13c%14ccccc%14ccc%12%13)c%11)cc%10ccc89)c7)cc6ccc45)c3)cc2)ccc2ccccc12'), min:(-99999, '')
[8.479722738265991] Updated in round 91! max:(0.9622641509433962, 'C=Cc1c(-c2ccc(-c3ccc4c(ccc5c6ccc(-c7ccc8c(ccc9c%10ccc(-c%11ccc%12c(ccc%13c%14ccccc%14ccc%12%13)c%11)cc%10ccc89)c7)cc6ccc45)c3)cc2)ccc2ccccc12'), min:(-99999, '')
[8.487892150878906] Updated in round 92! max:(0.9622641509433962, 'C=Cc1c(-c2ccc(-c3ccc4c(ccc5c6ccc(-c7ccc8c(ccc9c%10ccc(-c%11ccc%12c(ccc%13c%14ccccc%14ccc%12%13)c%11)cc%10ccc89)c7)cc6ccc45)c3)cc2)ccc2ccccc12'), min:(-99999, '')
[8.495598077774048] Updated in round 93! max:(0.9622641509433962, 'C=Cc1c(-c2ccc(-c3ccc4c(ccc5c6ccc(-c7ccc8c(ccc9c%10ccc(-c%11ccc%12c(ccc%13c%14ccccc%14ccc%12%13)c%11)cc%10ccc89)c7)cc6ccc45)c3)cc2)ccc2ccccc12'), min:(-99999, '')
[8.505616903305054] Updated in round 94! max:(0.9622641509433962, 'C=Cc1c(-c2ccc(-c3ccc4c(ccc5c6ccc(-c7ccc8c(ccc9c%10ccc(-c%11ccc%12c(ccc%13c%14ccccc%14ccc%12%13)c%11)cc%10ccc89)c7)cc6ccc45)c3)cc2)ccc2ccccc12'), min:(-99999, '')
[8.520220041275024] Updated in round 95! max:(0.9622641509433962, 'C=Cc1c(-c2ccc(-c3ccc4c(ccc5c6ccc(-c7ccc8c(ccc9c%10ccc(-c%11ccc%12c(ccc%13c%14ccccc%14ccc%12%13)c%11)cc%10ccc89)c7)cc6ccc45)c3)cc2)ccc2ccccc12'), min:(-99999, '')
[8.575605154037476] Updated in round 96! max:(0.9622641509433962, 'C=Cc1c(-c2ccc(-c3ccc4c(ccc5c6ccc(-c7ccc8c(ccc9c%10ccc(-c%11ccc%12c(ccc%13c%14ccccc%14ccc%12%13)c%11)cc%10ccc89)c7)cc6ccc45)c3)cc2)ccc2ccccc12'), min:(-99999, '')
[8.582589149475098] Updated in round 97! max:(0.9622641509433962, 'C=Cc1c(-c2ccc(-c3ccc4c(ccc5c6ccc(-c7ccc8c(ccc9c%10ccc(-c%11ccc%12c(ccc%13c%14ccccc%14ccc%12%13)c%11)cc%10ccc89)c7)cc6ccc45)c3)cc2)ccc2ccccc12'), min:(-99999, '')
[8.590776205062866] Updated in round 98! max:(0.9622641509433962, 'C=Cc1c(-c2ccc(-c3ccc4c(ccc5c6ccc(-c7ccc8c(ccc9c%10ccc(-c%11ccc%12c(ccc%13c%14ccccc%14ccc%12%13)c%11)cc%10ccc89)c7)cc6ccc45)c3)cc2)ccc2ccccc12'), min:(-99999, '')
[8.601807594299316] Updated in round 99! max:(0.9622641509433962, 'C=Cc1c(-c2ccc(-c3ccc4c(ccc5c6ccc(-c7ccc8c(ccc9c%10ccc(-c%11ccc%12c(ccc%13c%14ccccc%14ccc%12%13)c%11)cc%10ccc89)c7)cc6ccc45)c3)cc2)ccc2ccccc12'), min:(-99999, '')
[8.623662948608398] Updated in round 100! max:(0.9622641509433962, 'C=Cc1c(-c2ccc(-c3ccc4c(ccc5c6ccc(-c7ccc8c(ccc9c%10ccc(-c%11ccc%12c(ccc%13c%14ccccc%14ccc%12%13)c%11)cc%10ccc89)c7)cc6ccc45)c3)cc2)ccc2ccccc12'), min:(-99999, '')
[9.166628122329712] Updated in round 101! max:(0.9622641509433962, 'C=Cc1c(-c2ccc(-c3ccc4c(ccc5c6ccc(-c7ccc8c(ccc9c%10ccc(-c%11ccc%12c(ccc%13c%14ccccc%14ccc%12%13)c%11)cc%10ccc89)c7)cc6ccc45)c3)cc2)ccc2ccccc12'), min:(-1.0, 'C=Cc1c(-c2ccc(-c3ccc4c(ccc5c6ccc(-c7ccc8c9c(cc%10c%11ccc(-c%12ccc%13c(ccc%14c%15ccccc%15ccc%13%14)c%12)cc%11ccc8%10)-c79)cc6ccc45)c3)cc2)ccc2ccccc12')
[13.497230052947998] Updated in round 102! max:(0.9811320754716981, 'c1ccc2c(c1)ccc1c3ccc(-c4ccc5c(ccc6c7ccc(-c8ccc9c(ccc%10c%11ccc(-c%12ccc%13c(ccc%14c%15ccccc%15ccc%13%14)c%12)cc%11ccc9%10)c8)cc7ccc56)c4)cc3ccc21'), min:(-1.0, 'C#Cc1c(-c2ccc(-c3ccc4ccccc4c3C=C)cc2)ccc2c1ccc1c3ccc(-c4ccc5c(ccc6c7ccc(-c8ccc9c(ccc%10c%11ccccc%11ccc9%10)c8)cc7ccc56)c4)cc3ccc21')
[14.936785697937012] Reproduced in round 103!!
