[8.726119995117188e-05]Start running EvoMol from [H][H]...
[0.0011816024780273438] Updated in round 1! max:(0.0136986301369863, 'C=C'), min:(-99999, '')
[0.0021893978118896484] Updated in round 2! max:(0.0273972602739726, 'C=CC=C'), min:(-99999, '')
[0.00559234619140625] Updated in round 3! max:(0.0410958904109589, 'C=CC=CC=C'), min:(-99999, '')
[0.010710954666137695] Updated in round 4! max:(0.0547945205479452, 'c1ccccc1'), min:(-99999, '')
[0.01715087890625] Updated in round 5! max:(0.0684931506849315, 'C=Cc1ccccc1'), min:(-99999, '')
[0.023932218551635742] Updated in round 6! max:(0.0821917808219178, 'C=Cc1ccccc1C=C'), min:(-99999, '')
[0.03209114074707031] Updated in round 7! max:(0.0958904109589041, 'C=Cc1ccc(C=C)c(C=C)c1'), min:(-99999, '')
[0.04314613342285156] Updated in round 8! max:(0.1095890410958904, 'C=CC=Cc1ccc(C=C)c(C=C)c1'), min:(-99999, '')
[0.055460453033447266] Updated in round 9! max:(0.1232876712328767, 'C=CC=Cc1ccc(C=C)c(C=CC=C)c1'), min:(-99999, '')
[0.07419943809509277] Updated in round 10! max:(0.136986301369863, 'C=CC=Cc1ccc2ccc(C=C)cc2c1'), min:(-99999, '')
[0.0937347412109375] Updated in round 11! max:(0.1506849315068493, 'C=Cc1ccc2ccc3ccccc3c2c1'), min:(-99999, '')
[0.11411547660827637] Updated in round 12! max:(0.1506849315068493, 'C=Cc1ccc2ccc3ccccc3c2c1'), min:(-99999, '')
[0.11947154998779297] Updated in round 13! max:(0.1643835616438356, 'C=CC=Cc1ccc2ccc3ccccc3c2c1'), min:(-99999, '')
[0.1483011245727539] Updated in round 14! max:(0.1780821917808219, 'C=CC=C(C=C)c1ccc2ccc3ccccc3c2c1'), min:(-99999, '')
[0.1771712303161621] Updated in round 15! max:(0.1780821917808219, 'C=CC=C(C=C)c1ccc2ccc3ccccc3c2c1'), min:(-99999, '')
[0.18650078773498535] Updated in round 16! max:(0.1780821917808219, 'C=CC=C(C=C)c1ccc2ccc3ccccc3c2c1'), min:(-99999, '')
[0.1956493854522705] Updated in round 17! max:(0.1917808219178082, 'C=CC=C(C=C)c1ccc2ccc3ccc(C=C)cc3c2c1'), min:(-99999, '')
[0.23717546463012695] Updated in round 18! max:(0.1917808219178082, 'C=CC=C(C=C)c1ccc2ccc3ccc(C=C)cc3c2c1'), min:(-99999, '')
[0.24264836311340332] Updated in round 19! max:(0.1917808219178082, 'C=CC=C(C=C)c1ccc2ccc3ccc(C=C)cc3c2c1'), min:(-99999, '')
[0.2528817653656006] Updated in round 20! max:(0.2054794520547945, 'C=CC=Cc1ccc2ccc3ccc(C(C=C)=CC=C)cc3c2c1'), min:(-99999, '')
[0.29744935035705566] Updated in round 21! max:(0.2054794520547945, 'C=CC=Cc1ccc2ccc3ccc(C(C=C)=CC=C)cc3c2c1'), min:(-99999, '')
[0.30951976776123047] Updated in round 22! max:(0.2191780821917808, 'C=CC=C(C=C)c1ccc2ccc3ccc(C=CC(=C)C=C)cc3c2c1'), min:(-99999, '')
[0.3609449863433838] Updated in round 23! max:(0.2328767123287671, 'C=CC=C(C(=C)C=C)c1ccc2ccc3ccc(C=CC(=C)C=C)cc3c2c1'), min:(-99999, '')
[0.42154383659362793] Updated in round 24! max:(0.2328767123287671, 'C=CC=C(C(=C)C=C)c1ccc2ccc3ccc(C=CC(=C)C=C)cc3c2c1'), min:(-99999, '')
[0.4484443664550781] Updated in round 25! max:(0.2465753424657534, 'C=CC=C(C(=C)C=C)c1ccc2ccc3cc4cc(C=C)ccc4cc3c2c1'), min:(-99999, '')
[0.5089669227600098] Updated in round 26! max:(0.2602739726027397, 'C=CC=CC=C(C(=C)C=C)c1ccc2ccc3cc4cc(C=C)ccc4cc3c2c1'), min:(-99999, '')
[0.5789074897766113] Updated in round 27! max:(0.2602739726027397, 'C=CC=CC=C(C(=C)C=C)c1ccc2ccc3cc4cc(C=C)ccc4cc3c2c1'), min:(-99999, '')
[0.585364580154419] Updated in round 28! max:(0.2602739726027397, 'C=CC=CC=C(C(=C)C=C)c1ccc2ccc3cc4cc(C=C)ccc4cc3c2c1'), min:(-99999, '')
[0.5926856994628906] Updated in round 29! max:(0.2602739726027397, 'C=CC=CC=C(C(=C)C=C)c1ccc2ccc3cc4cc(C=C)ccc4cc3c2c1'), min:(-99999, '')
[0.5987954139709473] Updated in round 30! max:(0.2602739726027397, 'C=CC=CC=C(C(=C)C=C)c1ccc2ccc3cc4cc(C=C)ccc4cc3c2c1'), min:(-99999, '')
[0.6073217391967773] Updated in round 31! max:(0.2602739726027397, 'C=CC=CC=C(C(=C)C=C)c1ccc2ccc3cc4cc(C=C)ccc4cc3c2c1'), min:(-99999, '')
[0.6169393062591553] Updated in round 32! max:(0.273972602739726, 'C=CC=CC=CC=C(C(=C)C=C)c1ccc2ccc3cc4cc(C=C)ccc4cc3c2c1'), min:(-99999, '')
[0.7043914794921875] Updated in round 33! max:(0.273972602739726, 'C=CC=CC=CC=C(C(=C)C=C)c1ccc2ccc3cc4cc(C=C)ccc4cc3c2c1'), min:(-99999, '')
[0.7195677757263184] Updated in round 34! max:(0.2876712328767123, 'C=CC=CC(C=C)=CC=C(C(=C)C=C)c1ccc2ccc3cc4cc(C=C)ccc4cc3c2c1'), min:(-99999, '')
[0.816352367401123] Updated in round 35! max:(0.2876712328767123, 'C=CC=CC(C=C)=CC=C(C(=C)C=C)c1ccc2ccc3cc4cc(C=C)ccc4cc3c2c1'), min:(-99999, '')
[0.8281259536743164] Updated in round 36! max:(0.2876712328767123, 'C=CC=CC(C=C)=CC=C(C(=C)C=C)c1ccc2ccc3cc4cc(C=C)ccc4cc3c2c1'), min:(-99999, '')
[0.8391933441162109] Updated in round 37! max:(0.2876712328767123, 'C=CC=CC(C=C)=CC=C(C(=C)C=C)c1ccc2ccc3cc4cc(C=C)ccc4cc3c2c1'), min:(-99999, '')
[0.857027530670166] Updated in round 38! max:(0.3013698630136986, 'C=CC=CC(C=C)=CC=C(C(=C)C=C)c1ccc2ccc3cc4c(C=C)c(C=C)ccc4cc3c2c1'), min:(-99999, '')
[0.9655776023864746] Updated in round 39! max:(0.3013698630136986, 'C=CC=CC(C=C)=CC=C(C(=C)C=C)c1ccc2ccc3cc4c(C=C)c(C=C)ccc4cc3c2c1'), min:(-99999, '')
[0.9781723022460938] Updated in round 40! max:(0.3013698630136986, 'C=CC=CC(C=C)=CC=C(C(=C)C=C)c1ccc2ccc3cc4c(C=C)c(C=C)ccc4cc3c2c1'), min:(-99999, '')
[0.9934203624725342] Updated in round 41! max:(0.3013698630136986, 'C=CC=CC(C=C)=CC=C(C(=C)C=C)c1ccc2ccc3cc4c(C=C)c(C=C)ccc4cc3c2c1'), min:(-99999, '')
[1.004823923110962] Updated in round 42! max:(0.3013698630136986, 'C=CC=CC(C=C)=CC=C(C(=C)C=C)c1ccc2ccc3cc4c(C=C)c(C=C)ccc4cc3c2c1'), min:(-99999, '')
[1.0203242301940918] Updated in round 43! max:(0.3013698630136986, 'C=CC=CC(C=C)=CC=C(C(=C)C=C)c1ccc2ccc3cc4c(C=C)c(C=C)ccc4cc3c2c1'), min:(-99999, '')
[1.030747413635254] Updated in round 44! max:(0.3150684931506849, 'C=Cc1cccccc(C=C)c(-c2ccc3ccc4cc5c(C=C)c(C=C)ccc5cc4c3c2)cc1'), min:(-99999, '')
[1.1574854850769043] Updated in round 45! max:(0.3150684931506849, 'C=Cc1cccccc(C=C)c(-c2ccc3ccc4cc5c(C=C)c(C=C)ccc5cc4c3c2)cc1'), min:(-99999, '')
[1.1643056869506836] Updated in round 46! max:(0.3150684931506849, 'C=Cc1cccccc(C=C)c(-c2ccc3ccc4cc5c(C=C)c(C=C)ccc5cc4c3c2)cc1'), min:(-99999, '')
[1.1774630546569824] Updated in round 47! max:(0.3287671232876712, 'C=CC=Cc1c(C=C)ccc2cc3c(ccc4ccc(-c5ccc(C=C)cccccc5C=C)cc43)cc12'), min:(-99999, '')
[1.3164935111999512] Updated in round 48! max:(0.3287671232876712, 'C=CC=Cc1c(C=C)ccc2cc3c(ccc4ccc(-c5ccc(C=C)cccccc5C=C)cc43)cc12'), min:(-99999, '')
[1.331803560256958] Updated in round 49! max:(0.3287671232876712, 'C=CC=Cc1c(C=C)ccc2cc3c(ccc4ccc(-c5ccc(C=C)cccccc5C=C)cc43)cc12'), min:(-99999, '')
[1.350480079650879] Updated in round 50! max:(0.3424657534246575, 'C=CC=Cc1ccc2cc3c(ccc4ccc(-c5ccc(C=C)cccccc5C=C)cc43)cc2c1C=CC=C'), min:(-99999, '')
[1.5197184085845947] Updated in round 51! max:(0.3424657534246575, 'C=CC=Cc1ccc2cc3c(ccc4ccc(-c5ccc(C=C)cccccc5C=C)cc43)cc2c1C=CC=C'), min:(-99999, '')
[1.5332472324371338] Updated in round 52! max:(0.3424657534246575, 'C=CC=Cc1ccc2cc3c(ccc4ccc(-c5ccc(C=C)cccccc5C=C)cc43)cc2c1C=CC=C'), min:(-99999, '')
[1.5481493473052979] Updated in round 53! max:(0.3424657534246575, 'C=CC=Cc1ccc2cc3c(ccc4ccc(-c5ccc(C=C)cccccc5C=C)cc43)cc2c1C=CC=C'), min:(-99999, '')
[1.5642051696777344] Updated in round 54! max:(0.3424657534246575, 'C=CC=Cc1ccc2cc3c(ccc4ccc(-c5ccc(C=C)cccccc5C=C)cc43)cc2c1C=CC=C'), min:(-99999, '')
[1.5791840553283691] Updated in round 55! max:(0.3424657534246575, 'C=CC=Cc1ccc2cc3c(ccc4ccc(-c5ccc(C=C)cccccc5C=C)cc43)cc2c1C=CC=C'), min:(-99999, '')
[1.5965065956115723] Updated in round 56! max:(0.3424657534246575, 'C=CC=Cc1ccc2cc3c(ccc4ccc(-c5ccc(C=C)cccccc5C=C)cc43)cc2c1C=CC=C'), min:(-99999, '')
[1.610844373703003] Updated in round 57! max:(0.3561643835616438, 'C=CC=Cc1ccc2cc3c(ccc4cc5ccc6cccccc(C=C)ccc6c5cc43)cc2c1C=CC=C'), min:(-99999, '')
[1.8014254570007324] Updated in round 58! max:(0.3698630136986301, 'C=Cc1cccccc2ccc3cc4ccc5cc6c(ccc7ccccccccc76)cc5c4cc3c2cc1'), min:(-99999, '')
[2.012678623199463] Updated in round 59! max:(0.3698630136986301, 'C=Cc1cccccc2ccc3cc4ccc5cc6c(ccc7ccccccccc76)cc5c4cc3c2cc1'), min:(-99999, '')
[2.0620243549346924] Updated in round 60! max:(0.3698630136986301, 'C=Cc1cccccc2ccc3cc4ccc5cc6c(ccc7ccccccccc76)cc5c4cc3c2cc1'), min:(-99999, '')
[2.0801334381103516] Updated in round 61! max:(0.3698630136986301, 'C=Cc1cccccc2ccc3cc4ccc5cc6c(ccc7ccccccccc76)cc5c4cc3c2cc1'), min:(-99999, '')
[2.1082680225372314] Updated in round 62! max:(0.3698630136986301, 'C=Cc1cccccc2ccc3cc4ccc5cc6c(ccc7ccccccccc76)cc5c4cc3c2cc1'), min:(-99999, '')
[2.140950918197632] Updated in round 63! max:(0.3698630136986301, 'C=Cc1cccccc2ccc3cc4ccc5cc6c(ccc7ccccccccc76)cc5c4cc3c2cc1'), min:(-99999, '')
[2.1741867065429688] Updated in round 64! max:(0.3698630136986301, 'C=Cc1cccccc2ccc3cc4ccc5cc6c(ccc7ccccccccc76)cc5c4cc3c2cc1'), min:(-99999, '')
[2.202875852584839] Updated in round 65! max:(0.3698630136986301, 'C=Cc1cccccc2ccc3cc4ccc5cc6c(ccc7ccccccccc76)cc5c4cc3c2cc1'), min:(-99999, '')
[2.2304463386535645] Updated in round 66! max:(0.3698630136986301, 'C=Cc1cccccc2ccc3cc4ccc5cc6c(ccc7ccccccccc76)cc5c4cc3c2cc1'), min:(-99999, '')
[2.2457096576690674] Updated in round 67! max:(0.3698630136986301, 'C=Cc1cccccc2ccc3cc4ccc5cc6c(ccc7ccccccccc76)cc5c4cc3c2cc1'), min:(-99999, '')
[2.2923357486724854] Updated in round 68! max:(0.3835616438356164, 'C=CC=Cc1cccccc2ccc3cc4ccc5cc6c(ccc7ccccccccc76)cc5c4cc3c2cc1'), min:(-99999, '')
[2.5427308082580566] Updated in round 69! max:(0.3835616438356164, 'C=CC=Cc1cccccc2ccc3cc4ccc5cc6c(ccc7ccccccccc76)cc5c4cc3c2cc1'), min:(-99999, '')
[2.597770929336548] Updated in round 70! max:(0.3835616438356164, 'C=CC=Cc1cccccc2ccc3cc4ccc5cc6c(ccc7ccccccccc76)cc5c4cc3c2cc1'), min:(-99999, '')
[2.6328887939453125] Updated in round 71! max:(0.3972602739726027, 'c1ccccc2c(ccc1)ccc1cc3c(ccc4cc5ccc6ccccc7ccccc7ccc6c5cc43)cc12'), min:(-99999, '')
[2.8366081714630127] Updated in round 72! max:(0.3972602739726027, 'c1ccccc2c(ccc1)ccc1cc3c(ccc4cc5ccc6ccccc7ccccc7ccc6c5cc43)cc12'), min:(-99999, '')
[2.8464510440826416] Updated in round 73! max:(0.3972602739726027, 'c1ccccc2c(ccc1)ccc1cc3c(ccc4cc5ccc6ccccc7ccccc7ccc6c5cc43)cc12'), min:(-99999, '')
[2.8558897972106934] Updated in round 74! max:(0.3972602739726027, 'c1ccccc2c(ccc1)ccc1cc3c(ccc4cc5ccc6ccccc7ccccc7ccc6c5cc43)cc12'), min:(-99999, '')
[2.8768343925476074] Updated in round 75! max:(0.3972602739726027, 'c1ccccc2c(ccc1)ccc1cc3c(ccc4cc5ccc6ccccc7ccccc7ccc6c5cc43)cc12'), min:(-99999, '')
[2.894223213195801] Updated in round 76! max:(0.3972602739726027, 'c1ccccc2c(ccc1)ccc1cc3c(ccc4cc5ccc6ccccc7ccccc7ccc6c5cc43)cc12'), min:(-99999, '')
[2.908233404159546] Updated in round 77! max:(0.3972602739726027, 'c1ccccc2c(ccc1)ccc1cc3c(ccc4cc5ccc6ccccc7ccccc7ccc6c5cc43)cc12'), min:(-99999, '')
[2.9166760444641113] Updated in round 78! max:(0.3972602739726027, 'c1ccccc2c(ccc1)ccc1cc3c(ccc4cc5ccc6ccccc7ccccc7ccc6c5cc43)cc12'), min:(-99999, '')
[2.9358468055725098] Updated in round 79! max:(0.410958904109589, 'C=Cc1cccccc2ccc3cc4c(ccc5cc6ccc7ccccc8ccccc8ccc7c6cc54)cc3c2cc1'), min:(-99999, '')
[3.19136643409729] Updated in round 80! max:(0.410958904109589, 'C=Cc1cccccc2ccc3cc4c(ccc5cc6ccc7ccccc8ccccc8ccc7c6cc54)cc3c2cc1'), min:(-99999, '')
[3.222153902053833] Updated in round 81! max:(0.4246575342465753, 'C=Cc1cccccc2ccc3cc4c(ccc5cc6ccc7ccccc8ccc(C=C)cc8ccc7c6cc54)cc3c2cc1'), min:(-99999, '')
[3.5085198879241943] Updated in round 82! max:(0.4246575342465753, 'C=Cc1cccccc2ccc3cc4c(ccc5cc6ccc7ccccc8ccc(C=C)cc8ccc7c6cc54)cc3c2cc1'), min:(-99999, '')
[3.5477216243743896] Updated in round 83! max:(0.4246575342465753, 'C=Cc1cccccc2ccc3cc4c(ccc5cc6ccc7ccccc8ccc(C=C)cc8ccc7c6cc54)cc3c2cc1'), min:(-99999, '')
[3.578437566757202] Updated in round 84! max:(0.4246575342465753, 'C=Cc1cccccc2ccc3cc4c(ccc5cc6ccc7ccccc8ccc(C=C)cc8ccc7c6cc54)cc3c2cc1'), min:(-99999, '')
[3.625823736190796] Updated in round 85! max:(0.4246575342465753, 'C=Cc1cccccc2ccc3cc4c(ccc5cc6ccc7ccccc8ccc(C=C)cc8ccc7c6cc54)cc3c2cc1'), min:(-99999, '')
[3.671557664871216] Updated in round 86! max:(0.4246575342465753, 'C=Cc1cccccc2ccc3cc4c(ccc5cc6ccc7ccccc8ccc(C=C)cc8ccc7c6cc54)cc3c2cc1'), min:(-99999, '')
[3.7155416011810303] Updated in round 87! max:(0.4246575342465753, 'C=Cc1cccccc2ccc3cc4c(ccc5cc6ccc7ccccc8ccc(C=C)cc8ccc7c6cc54)cc3c2cc1'), min:(-99999, '')
[3.7525150775909424] Updated in round 88! max:(0.4246575342465753, 'C=Cc1cccccc2ccc3cc4c(ccc5cc6ccc7ccccc8ccc(C=C)cc8ccc7c6cc54)cc3c2cc1'), min:(-99999, '')
[3.8154189586639404] Updated in round 89! max:(0.4383561643835616, 'C=Cc1cccccc2ccc3cc4c(ccc5cc6ccc7cc8ccc9ccc(C=C)cc9c8cc7c6cc54)cc3c2cc1'), min:(-99999, '')
[4.08276629447937] Updated in round 90! max:(0.4383561643835616, 'C=Cc1cccccc2ccc3cc4c(ccc5cc6ccc7cc8ccc9ccc(C=C)cc9c8cc7c6cc54)cc3c2cc1'), min:(-99999, '')
[4.102809906005859] Updated in round 91! max:(0.4383561643835616, 'C=Cc1cccccc2ccc3cc4c(ccc5cc6ccc7cc8ccc9ccc(C=C)cc9c8cc7c6cc54)cc3c2cc1'), min:(-99999, '')
[4.128453016281128] Updated in round 92! max:(0.4383561643835616, 'C=Cc1cccccc2ccc3cc4c(ccc5cc6ccc7cc8ccc9ccc(C=C)cc9c8cc7c6cc54)cc3c2cc1'), min:(-99999, '')
[4.15471339225769] Updated in round 93! max:(0.4383561643835616, 'C=Cc1cccccc2ccc3cc4c(ccc5cc6ccc7cc8ccc9ccc(C=C)cc9c8cc7c6cc54)cc3c2cc1'), min:(-99999, '')
[4.199753522872925] Updated in round 94! max:(0.4520547945205479, 'C=Cc1ccc2ccc3cc4ccc5cc6ccc7cc8c(ccc9cc%10cccc(C=C)c%10cc98)cc7c6cc5c4cc3c2c1'), min:(-99999, '')
[4.47429084777832] Updated in round 95! max:(0.4520547945205479, 'C=Cc1ccc2ccc3cc4ccc5cc6ccc7cc8c(ccc9cc%10cccc(C=C)c%10cc98)cc7c6cc5c4cc3c2c1'), min:(-99999, '')
[4.490090370178223] Updated in round 96! max:(0.4520547945205479, 'C=Cc1ccc2ccc3cc4ccc5cc6ccc7cc8c(ccc9cc%10cccc(C=C)c%10cc98)cc7c6cc5c4cc3c2c1'), min:(-99999, '')
[4.507060766220093] Updated in round 97! max:(0.4520547945205479, 'C=Cc1ccc2ccc3cc4ccc5cc6ccc7cc8c(ccc9cc%10cccc(C=C)c%10cc98)cc7c6cc5c4cc3c2c1'), min:(-99999, '')
[4.5242249965667725] Updated in round 98! max:(0.4520547945205479, 'C=Cc1ccc2ccc3cc4ccc5cc6ccc7cc8c(ccc9cc%10cccc(C=C)c%10cc98)cc7c6cc5c4cc3c2c1'), min:(-99999, '')
[4.544848442077637] Updated in round 99! max:(0.4520547945205479, 'C=Cc1ccc2ccc3cc4ccc5cc6ccc7cc8c(ccc9cc%10cccc(C=C)c%10cc98)cc7c6cc5c4cc3c2c1'), min:(-99999, '')
[4.557766914367676] Updated in round 100! max:(0.4520547945205479, 'C=Cc1ccc2ccc3cc4ccc5cc6ccc7cc8c(ccc9cc%10cccc(C=C)c%10cc98)cc7c6cc5c4cc3c2c1'), min:(-99999, '')
[4.579296588897705] Updated in round 101! max:(0.4520547945205479, 'C=Cc1ccc2ccc3cc4ccc5cc6ccc7cc8c(ccc9cc%10cccc(C=C)c%10cc98)cc7c6cc5c4cc3c2c1'), min:(-99999, '')
[4.713819980621338] Updated in round 102! max:(0.4657534246575342, 'C=CC=Cc1cccc2cc3ccc4cc5c(ccc6cc7ccc8cc9ccc%10ccc(C=C)cc%10c9cc8c7cc65)cc4c3cc12'), min:(-1.0, 'C=Cc1ccc2ccc3cc4ccc5cc6ccc7cc8c(cc9c%10cc%11cccc(c%11cc%108)C9=C)cc7c6cc5c4cc3c2c1')
[5.3537209033966064] Updated in round 103! max:(0.4794520547945205, 'C=CC=Cc1cccc2cc3ccc4cc5c(ccc6cc7ccc8cc9ccc%10cc(C=C)c(C=C)cc%10c9cc8c7cc65)cc4c3cc12'), min:(-1.0, 'C=Cc1ccc2ccc3cc4c(cc3c2c1)c1cc2c3ccc5cc6c7cc8c(C=C)cccc8cc7cc(c6cc52)c4cc1c3')
[5.966008424758911] Updated in round 104! max:(0.4931506849315068, 'C=CC=Cc1cccc2cc3ccc4cc5c(ccc6cc7ccc8cc9ccc%10cc%11ccccc%11cc%10c9cc8c7cc65)cc4c3cc12'), min:(-1.0, 'C=Cc1ccc2ccc3cc4ccc5cc6ccc7cc8c9cc%10c%11cccc%10cc9ccc8c(cc%11)c7c6cc5c4cc3c2c1')
[6.618603229522705] Updated in round 105! max:(0.5068493150684932, 'C=CC(=C)C=Cc1cccc2cc3ccc4cc5c(ccc6cc7ccc8cc9ccc%10cc%11ccccc%11cc%10c9cc8c7cc65)cc4c3cc12'), min:(-1.0, 'C=Cc1ccc2ccc3cc4ccc5c(cc6c7cc8ccc9cc%10cccc(C=C)c%10cc9c8c8c7ccc6c58)c4cc3c2c1')
[7.308969020843506] Updated in round 106! max:(0.5068493150684932, 'C=CC(=C)C=Cc1cccc2cc3ccc4cc5c(ccc6cc7ccc8cc9ccc%10cc%11ccccc%11cc%10c9cc8c7cc65)cc4c3cc12'), min:(-1.0, 'C=Cc1ccc2ccc3cc4ccc5cc6cc7c8cc9c(cc8c6cc5c4cc3c2c1)cc7c1cc2cccc(C=C)c2cc91')
[7.649495601654053] Updated in round 107! max:(0.5205479452054794, 'C=CC=C(C=C)C=Cc1cccc2cc3ccc4cc5c(ccc6cc7ccc8cc9ccc%10cc%11ccccc%11cc%10c9cc8c7cc65)cc4c3cc12'), min:(-1.0, 'C=Cc1cccc2cc3ccc4cc5c(ccc6cc7cc8ccc9ccc%10ccc%11cc8c(cc%11c%10c9)c7cc65)cc4c3cc12')
[8.465736865997314] Updated in round 108! max:(0.5342465753424658, 'C=CC=CC(C=Cc1cccc2cc3ccc4cc5c(ccc6cc7ccc8cc9ccc%10cc%11ccccc%11cc%10c9cc8c7cc65)cc4c3cc12)=CC=C'), min:(-1.0, 'C=Cc1cccc2cc3ccc4cc5c(ccc6cc7ccc8c(cc9c%10ccc%11ccc(C=C)c(c%119)c8%10)c7cc65)cc4c3cc12')
[9.374095439910889] Updated in round 109! max:(0.547945205479452, 'C=c1ccc(C=Cc2cccc3cc4ccc5cc6c(ccc7cc8ccc9cc%10ccc%11cc%12ccccc%12cc%11c%10cc9c8cc76)cc5c4cc23)cc1=C'), min:(-1.0, 'C=Cc1cccccc2c3c(c1)C(=c1cc4c(ccc5cc6ccc7cc8ccc9ccc(C=C)cc9c8cc7c6cc54)cc1=3)C=2')
[10.028306245803833] Updated in round 110! max:(0.5616438356164384, 'C=Cc1cc(=C)c(=C)cc1C=Cc1cccc2cc3ccc4cc5c(ccc6cc7ccc8cc9ccc%10cc%11ccccc%11cc%10c9cc8c7cc65)cc4c3cc12'), min:(-1.0, 'C=Cc1cccccc2ccc3c(cc4ccc5c6cc7c8cc9c(ccc%10ccc(C=C)cc%109)cc8ccc7c5c3c46)c2cc1')
[10.626654148101807] Updated in round 111! max:(0.5753424657534246, 'C=CC=c1cc(C=C)c(C=Cc2cccc3cc4ccc5cc6c(ccc7cc8ccc9cc%10ccc%11cc%12ccccc%12cc%11c%10cc9c8cc76)cc5c4cc23)cc1=C'), min:(-1.0, 'C=Cc1cccccc2cc3c4cc5c(ccc6cc7ccc8cc9ccc%10ccc(C=C)cc%10c9c3c8c7cc65)cc4c2cc1')
[11.67391324043274] Updated in round 112! max:(0.589041095890411, 'C=CC=CC=c1cc(C=C)c(C=Cc2cccc3cc4ccc5cc6c(ccc7cc8ccc9cc%10ccc%11cc%12ccccc%12cc%11c%10cc9c8cc76)cc5c4cc23)cc1=C'), min:(-1.0, 'C=Cc1cccccc2ccc3cc4c5ccc6cc7ccc8cc9ccc%10ccc(ccc(c1)c2c3c5)cc%10c9cc8c7cc64')
[13.092185258865356] Updated in round 113! max:(0.6027397260273972, 'C=CC=CC=c1cc(C=C)c(C=Cc2cccc3cc4ccc5cc6c(ccc7cc8ccc9cc%10ccc%11cc%12ccc(C=C)cc%12cc%11c%10cc9c8cc76)cc5c4cc23)cc1=C'), min:(-1.0, 'C=Cc1ccc2ccccc3ccc4cc5ccc6cc7c(ccc8ccc9ccc(cc9)ccc87)cc6c5cc4c3ccc2c1')
[14.571856498718262] Updated in round 114! max:(0.6164383561643836, 'C=CC=CC=c1cc(C=C)c(C=Cc2cccc3cc4ccc5cc6c(ccc7cc8ccc9cc%10ccc%11cc%12ccc(C=CC=C)cc%12cc%11c%10cc9c8cc76)cc5c4cc23)cc1=C'), min:(-1.0, 'C=Cc1ccc2ccccc3ccc4cc5ccc6cc7c8c(ccc7cc6c5cc4c3ccc2c1)=C1C=CC=CC(=CC=8)C=C1')
[16.708856344223022] Updated in round 115! max:(0.6301369863013698, 'C=CC=CC=c1cc(C=C)c(C=Cc2cccc3cc4ccc5cc6c(ccc7cc8ccc9cc%10ccc%11cc%12ccc(C=CC=C)cc%12cc%11c%10cc9c8cc76)cc5c4cc23)cc1=CC=C'), min:(-1.0, 'C=Cc1ccc2ccccc3ccc4cc5ccc6cc7c(ccc8cccccc9cc(c9=C)c87)cc6c5cc4c3ccc2c1')
[19.72168493270874] Updated in round 116! max:(0.6301369863013698, 'C=CC=CC=c1cc(C=C)c(C=Cc2cccc3cc4ccc5cc6c(ccc7cc8ccc9cc%10ccc%11cc%12ccc(C=CC=C)cc%12cc%11c%10cc9c8cc76)cc5c4cc23)cc1=CC=C'), min:(-1.0, 'C=Cc1ccc2ccccc3ccc4cc5ccc6cc7c8ccc9ccccc(c(C=C)ccc97)c(c4c3ccc2c1)c5c6c8')
[22.333832502365112] Updated in round 117! max:(0.6438356164383562, 'C=CC=CC=c1cc(C=C)c(C=Cc2cccc3cc4ccc5cc6c(ccc7cc8ccc9cc%10ccc%11cc%12ccc(C=CC(=C)C=C)cc%12cc%11c%10cc9c8cc76)cc5c4cc23)cc1=CC=C'), min:(-1.0, 'C=Cc1cccc2cc3ccc4cc5c(ccc6cc7ccc8cccc2c2ccc(C=C)cc2ccc8c7cc65)cc4c3cc1')
[24.249699354171753] Updated in round 118! max:(0.6575342465753424, 'C=CC=CC=c1cc(C=C)c(C=Cc2cccc3cc4ccc5cc6c(ccc7cc8ccc9cc%10ccc%11cc%12ccc(C=CC(=C)C=CC=C)cc%12cc%11c%10cc9c8cc76)cc5c4cc23)cc1=CC=C'), min:(-1.0, 'C=Cc1cccc2cc3ccc4cc5c(ccc6cc7ccc8ccc2cc2ccc(C=C)cc2ccc8c7cc65)cc4c3cc1')
[28.89812994003296] Updated in round 119! max:(0.6712328767123288, 'C=CC=CC=c1cc(C=C)c(C=Cc2cccc3cc4ccc5cc6c(ccc7cc8ccc9cc%10ccc%11cc%12ccc(C=CC(=C)C(=C)C=CC=C)cc%12cc%11c%10cc9c8cc76)cc5c4cc23)cc1=CC=C'), min:(-1.0, 'C=Cc1ccc2ccccc3ccc4cc5ccc6cc7c8ccc9ccccc(c(C=C)ccc97)c(cc2c1)c3c4cc5c6c8')
[32.86912703514099] Updated in round 120! max:(0.684931506849315, 'C=CC=CC=c1cc(C=CC=C)c(C=Cc2cccc3cc4ccc5cc6c(ccc7cc8ccc9cc%10ccc%11cc%12ccc(C=CC(=C)C(=C)C=CC=C)cc%12cc%11c%10cc9c8cc76)cc5c4cc23)cc1=CC=C'), min:(-1.0, 'C=Cc1cccccc2ccc3cc4c(ccc5cc6ccc7ccccc8c9cccc8c9cc7c6cc54)cc3c2cc1')
[35.77242636680603] Updated in round 121! max:(0.6986301369863014, 'C=CC=CC(=C)C(=C)C=Cc1ccc2cc3ccc4cc5ccc6cc7ccc8cc9c(ccc%10cc%11cccc(C=Cc%12cc%13c(ccc%14ccccc%14%13)cc%12C=C)c%11cc%109)cc8c7cc6c5cc4c3cc2c1'), min:(-1.0, 'C=Cc1cccccc2ccc3cc4c(ccc5cc6ccc7c(c6cc54)C=Cc4c5cccc4c(cc5)=C7)cc3c2cc1')
[37.11623001098633] Updated in round 122! max:(0.7123287671232876, 'C=CC=CC(=C)C(C=Cc1ccc2cc3ccc4cc5ccc6cc7ccc8cc9c(ccc%10cc%11cccc(C=Cc%12cc%13c(ccc%14ccccc%14%13)cc%12C=C)c%11cc%109)cc8c7cc6c5cc4c3cc2c1)=CC=C'), min:(-1.0, 'c1cccc2ccc3cc4c5ccc6cc7ccc8cc(ccc9ccccc9ccc8c7cc64)c(cc1)cc2c3c5')
[39.183247327804565] Updated in round 123! max:(0.726027397260274, 'C=CC=CC=C(C=Cc1ccc2cc3ccc4cc5ccc6cc7ccc8cc9c(ccc%10cc%11cccc(C=Cc%12cc%13c(ccc%14ccccc%14%13)cc%12C=C)c%11cc%109)cc8c7cc6c5cc4c3cc2c1)C(=C)C=CC=C'), min:(-1.0, 'c1ccccc2c(ccc1)ccc1cc3c(ccc4cc5ccc6ccccc7ccc8cc7ccc6c5c8c43)cc12')
[44.282904624938965] Updated in round 124! max:(0.7397260273972602, 'C=CC=CC(=CC=C)C(C=Cc1ccc2cc3ccc4cc5ccc6cc7ccc8cc9c(ccc%10cc%11ccc(C=C)c(C=Cc%12cc%13c(ccc%14ccccc%14%13)cc%12C=C)c%11cc%109)cc8c7cc6c5cc4c3cc2c1)=CC=C'), min:(-1.0, 'c1cccc2ccc3cc4c5ccc6c4cc4c7ccc8ccccc8ccccc7ccc4c6c(ccc1)c2c3c5')
[48.957072734832764] Updated in round 125! max:(0.7397260273972602, 'C=CC=CC(=CC=C)C(C=Cc1ccc2cc3ccc4cc5ccc6cc7ccc8cc9c(ccc%10cc%11ccc(C=C)c(C=Cc%12cc%13c(ccc%14ccccc%14%13)cc%12C=C)c%11cc%109)cc8c7cc6c5cc4c3cc2c1)=CC=C'), min:(-1.0, 'c1ccccc2c(ccc1)ccc1cc3c(ccc4cc5ccc6cccc7c8ccccc8cc-7c6c5cc43)cc12')
[50.36193799972534] Updated in round 126! max:(0.7534246575342466, 'C=CC=c1ccccc2c(ccc1=CC=C)ccc1cc3ccc4cc5ccc6cc7ccc8cc9c(ccc%10cc%11ccc(C=C)c(C=Cc%12cc%13c(ccc%14ccccc%14%13)cc%12C=C)c%11cc%109)cc8c7cc6c5cc4c3cc12'), min:(-1.0, 'C#Cc1cc2ccccccccc2c2cc3ccc4cc5ccc6ccccc7ccccc7ccc6c5cc4c3cc12')
[52.17355966567993] Updated in round 127! max:(0.7671232876712328, 'C=CC=c1ccc2cc3c(ccc4cc5ccc6cc7ccc8cc9ccc%10cc%11c(ccc%12cc%13ccc(C=C)c(C=Cc%14cc%15c(ccc%16ccccc%16%15)cc%14C=C)c%13cc%12%11)cc%10c9cc8c7cc6c5cc43)cc2c1=CC=C'), min:(-1.0, 'C=Cc1c2ccc3cc4ccc5ccccc6ccccc6ccc5c4cc3c2cc2ccc3ccccccccc3c12')
[54.143481492996216] Updated in round 128! max:(0.7808219178082192, 'C=CC=c1ccc2cc3c(ccc4cc5ccc6cc7ccc8cc9ccc%10cc%11c(ccc%12cc%13ccc(C=C)c(C=Cc%14cc%15c(ccc%16ccc(C=C)cc%16%15)cc%14C=C)c%13cc%12%11)cc%10c9cc8c7cc6c5cc43)cc2c1=CC=C'), min:(-1.0, 'C#Cc1cccc2ccccc2ccc2c1ccc1cc3ccc4cc5c(ccc6ccccccccc65)cc4c3cc12')
[57.99925780296326] Updated in round 129! max:(0.7945205479452054, 'C=CC=CC=CC=c1ccc2cc3c(ccc4cc5ccc6cc7ccc8cc9ccc%10cc%11c(ccc%12cc%13ccc(C=C)c(C=Cc%14cc%15c(ccc%16ccccc%16%15)cc%14C=C)c%13cc%12%11)cc%10c9cc8c7cc6c5cc43)cc2c1=CC=C'), min:(-1.0, 'C#Cc1cccccccc2c1ccc1cc3c(ccc4cc5ccc6cccccc(C=CC=C)ccc6c5cc43)cc12')
[60.67901158332825] Updated in round 130! max:(0.7945205479452054, 'C=CC=CC=CC=c1ccc2cc3c(ccc4cc5ccc6cc7ccc8cc9ccc%10cc%11c(ccc%12cc%13ccc(C=C)c(C=Cc%14cc%15c(ccc%16ccccc%16%15)cc%14C=C)c%13cc%12%11)cc%10c9cc8c7cc6c5cc43)cc2c1=CC=C'), min:(-1.0, 'C#Cc1ccccccc2c(ccc3cc4c(ccc5cc6ccc7cccccc(C=CC=C)ccc7c6cc54)cc32)c1')
[65.21425318717957] Updated in round 131! max:(0.8082191780821918, 'C=Cc1ccc2ccc3cc4ccccc5ccc6cc7ccc8cc9c(ccc%10cc%11ccc%12cc%13ccc%14cc%15ccc%16cc%17c(ccc%18cc(=C)c(=C)cc%18%17)cc%16c%15cc%14c%13cc%12c%11cc%109)cc8c7cc6c5ccc4cc3c2c1'), min:(-1.0, 'C=CC=Cc1cc2cccc3ccc4cc5ccc6cc7c(ccc8ccccccccc87)cc6c5cc4c3cc1-2')
[68.6689703464508] Updated in round 132! max:(0.821917808219178, 'C=Cc1ccc2ccc3cc4ccc5cc6ccc7cc8ccc9cc%10c(ccc%11cc%12ccc%13cc%14ccc%15cc%16ccc%17cc%18c(ccc%19cc(=C)c(=C)cc%19%18)cc%17c%16cc%15c%14cc%13c%12cc%11%10)cc9c8cc7c6cc5c4cc3c2c1'), min:(-1.0, 'C=Cc1cccccc2ccc3cc4ccc5c(cc6ccc7cccc8ccccc7c6c85)c4cc3c2cc1')
[75.90791702270508] Updated in round 133! max:(0.821917808219178, 'C=Cc1ccc2ccc3cc4ccc5cc6ccc7cc8ccc9cc%10c(ccc%11cc%12ccc%13cc%14ccc%15cc%16ccc%17cc%18c(ccc%19cc(=C)c(=C)cc%19%18)cc%17c%16cc%15c%14cc%13c%12cc%11%10)cc9c8cc7c6cc5c4cc3c2c1'), min:(-1.0, 'C=Cc1ccc2c3ccccc1c1cccccc4c(cc1)ccc1cc5c(ccc6cc(cc3)c2cc65)cc14')
[78.6104199886322] Updated in round 134! max:(0.821917808219178, 'C=Cc1ccc2ccc3cc4ccc5cc6ccc7cc8ccc9cc%10c(ccc%11cc%12ccc%13cc%14ccc%15cc%16ccc%17cc%18c(ccc%19cc(=C)c(=C)cc%19%18)cc%17c%16cc%15c%14cc%13c%12cc%11%10)cc9c8cc7c6cc5c4cc3c2c1'), min:(-1.0, 'C=Cc1cccccc2c(cc1)c1cc3c4cc5ccc6ccccccccc6c5cc4cc4c3cc1cc24')
[80.09177422523499] Updated in round 135! max:(0.821917808219178, 'C=Cc1ccc2ccc3cc4ccc5cc6ccc7cc8ccc9cc%10c(ccc%11cc%12ccc%13cc%14ccc%15cc%16ccc%17cc%18c(ccc%19cc(=C)c(=C)cc%19%18)cc%17c%16cc%15c%14cc%13c%12cc%11%10)cc9c8cc7c6cc5c4cc3c2c1'), min:(-1.0, 'C=Cc1cccccc2ccc3cc4c5cc6cc7c(ccc8c-5cccccccc87)cc6c4cc3c2cc1')
[81.00258255004883] Updated in round 136! max:(0.8356164383561644, 'C=CC=c1cc2ccc3cc4c(ccc5cc6ccc7cc8ccc9cc%10ccc%11cc%12c(ccc%13cc%14ccc%15cc%16ccc%17cc%18ccc%19ccc(C=C)cc%19c%18cc%17c%16cc%15c%14cc%13%12)cc%11c%10cc9c8cc7c6cc54)cc3c2cc1=C'), min:(-1.0, 'C=Cc1cccccc2ccc3cc4ccc5c6cc7ccc8ccccccccc8c7c5c(c1)c2c3cc46')
[84.52543473243713] Updated in round 137! max:(0.8356164383561644, 'C=CC=c1cc2ccc3cc4c(ccc5cc6ccc7cc8ccc9cc%10ccc%11cc%12c(ccc%13cc%14ccc%15cc%16ccc%17cc%18ccc%19ccc(C=C)cc%19c%18cc%17c%16cc%15c%14cc%13%12)cc%11c%10cc9c8cc7c6cc54)cc3c2cc1=C'), min:(-1.0, 'C=Cc1cccccc2ccc3cc4ccc5cc6c7cc5c4c(c(c7)c4ccccccccc64)c3c2cc1')
[88.05897784233093] Updated in round 138! max:(0.8493150684931506, 'C=Cc1ccc2ccc3cc4ccc5cc6ccc7cc8ccc9cc%10c(ccc%11cc%12ccc%13cc%14ccc%15cc%16ccc%17cc%18c(ccc%19cc%20ccccc%20cc%19%18)cc%17c%16cc%15c%14cc%13c%12cc%11%10)cc9c8cc7c6cc5c4cc3c2c1'), min:(-1.0, 'C=Cc1cccccc2ccc3c4c5c-4cc4cc6c(ccc7ccccccccc76)cc4c5cc3c2cc1')
[92.397869348526] Updated in round 139! max:(0.8493150684931506, 'C=Cc1ccc2ccc3cc4ccc5cc6ccc7cc8ccc9cc%10c(ccc%11cc%12ccc%13cc%14ccc%15cc%16ccc%17cc%18c(ccc%19cc%20ccccc%20cc%19%18)cc%17c%16cc%15c%14cc%13c%12cc%11%10)cc9c8cc7c6cc5c4cc3c2c1'), min:(-1.0, 'C=Cc1cccccc2ccc3cc4cc5c6ccccc7ccc8cc(c4cc3c2cc1)c5cc8c7ccc6')
[96.84341931343079] Updated in round 140! max:(0.863013698630137, 'C=CC=CC=c1cc2ccc3cc4c(ccc5cc6ccc7cc8ccc9cc%10ccc%11cc%12c(ccc%13cc%14ccc%15cc%16ccc%17cc%18ccc%19cc(C=C)c(C=C)cc%19c%18cc%17c%16cc%15c%14cc%13%12)cc%11c%10cc9c8cc7c6cc54)cc3c2cc1=C'), min:(-1.0, 'c1cccc2c3ccc4cc5c(ccc6cc7ccc8cccccc(ccc(cc1)c3)ccc8c7cc65)cc42')
[100.37630343437195] Updated in round 141! max:(0.8767123287671232, 'C=CC=CC=c1cc2ccc3cc4c(ccc5cc6ccc7cc8ccc9cc%10ccc%11cc%12c(ccc%13cc%14ccc%15cc%16ccc%17cc%18ccc%19cc(C(=C)C=C)c(C=C)cc%19c%18cc%17c%16cc%15c%14cc%13%12)cc%11c%10cc9c8cc7c6cc54)cc3c2cc1=C'), min:(-1.0, 'C=CC=Cc1c2cc3cc4c(ccc5cc6ccc7cccccc(C=C)ccc7c6cc54)cc3c1C=C2C=C')
[108.18670749664307] Updated in round 142! max:(0.8904109589041096, 'C=CC=CC=c1cc2ccc3cc4c(ccc5cc6ccc7cc8ccc9cc%10ccc%11cc%12c(ccc%13cc%14ccc%15cc%16ccc%17cc%18ccc%19cc%20c(C=C)cccc%20cc%19c%18cc%17c%16cc%15c%14cc%13%12)cc%11c%10cc9c8cc7c6cc54)cc3c2cc1=C'), min:(-1.0, 'C=CC=Cc1cc2c3cccc(C=C)c(ccc(C=C)c3)c3ccc4ccc5cc(c1C=CC=C)c2cc5c4c3')
[113.52460289001465] Updated in round 143! max:(0.8904109589041096, 'C=CC=CC=c1cc2ccc3cc4c(ccc5cc6ccc7cc8ccc9cc%10ccc%11cc%12c(ccc%13cc%14ccc%15cc%16ccc%17cc%18ccc%19cc%20c(C=C)cccc%20cc%19c%18cc%17c%16cc%15c%14cc%13%12)cc%11c%10cc9c8cc7c6cc54)cc3c2cc1=C'), min:(-1.0, 'C=CC=Cc1ccc2cc3c(cc4c5c-4cc(-c4ccc(C=C)cccccc4C=C)cc53)cc2c1C=CC=C')
[124.97847747802734] Updated in round 144! max:(0.8904109589041096, 'C=CC=CC=c1cc2ccc3cc4c(ccc5cc6ccc7cc8ccc9cc%10ccc%11cc%12c(ccc%13cc%14ccc%15cc%16ccc%17cc%18ccc%19cc%20c(C=C)cccc%20cc%19c%18cc%17c%16cc%15c%14cc%13%12)cc%11c%10cc9c8cc7c6cc54)cc3c2cc1=C'), min:(-1.0, 'C=CC=Cc1ccc2cc3c(ccc4ccc(-c5c(C=C)cccccc6cc5C=C6)cc43)cc2c1C=CC=C')
[130.41317105293274] Updated in round 145! max:(0.8904109589041096, 'C=CC=CC=c1cc2ccc3cc4c(ccc5cc6ccc7cc8ccc9cc%10ccc%11cc%12c(ccc%13cc%14ccc%15cc%16ccc%17cc%18ccc%19cc%20c(C=C)cccc%20cc%19c%18cc%17c%16cc%15c%14cc%13%12)cc%11c%10cc9c8cc7c6cc54)cc3c2cc1=C'), min:(-1.0, 'C=CC=Cc1ccc2cc3c(ccc4ccc5c(c43)C(=C)c3cccccc(C=C)c-5cc3)cc2c1C=CC=C')
[132.92606139183044] Updated in round 146! max:(0.8904109589041096, 'C=CC=CC=c1cc2ccc3cc4c(ccc5cc6ccc7cc8ccc9cc%10ccc%11cc%12c(ccc%13cc%14ccc%15cc%16ccc%17cc%18ccc%19cc%20c(C=C)cccc%20cc%19c%18cc%17c%16cc%15c%14cc%13%12)cc%11c%10cc9c8cc7c6cc54)cc3c2cc1=C'), min:(-1.0, 'C=CC=Cc1ccc2cc3c(ccc4ccc(C5=CC=c6cccc(c6=C)C=C5C=C)cc43)cc2c1C=CC=C')
[135.04393529891968] Updated in round 147! max:(0.9041095890410958, 'C=Cc1ccc2cc3ccc4cc5c(ccc6cc7ccc8cc9ccc%10cc%11ccc%12cc%13c(ccc%14cc%15ccc%16cc%17ccc%18cc%19ccc%20cc%21c(C=C)cccc%21cc%20c%19cc%18c%17cc%16c%15cc%14%13)cc%12c%11cc%10c9cc8c7cc65)cc4c3cc2c1'), min:(-1.0, 'C=CC=Cc1ccc2c3c4c(ccc5ccc(-c6ccc(C=C)cccccc6C=C)cc54)c-3c2c1C=CC=C')
[140.21802520751953] Updated in round 148! max:(0.9041095890410958, 'C=Cc1ccc2cc3ccc4cc5c(ccc6cc7ccc8cc9ccc%10cc%11ccc%12cc%13c(ccc%14cc%15ccc%16cc%17ccc%18cc%19ccc%20cc%21c(C=C)cccc%21cc%20c%19cc%18c%17cc%16c%15cc%14%13)cc%12c%11cc%10c9cc8c7cc65)cc4c3cc2c1'), min:(-1.0, 'C=CC=Cc1ccc2cc3c(ccc4c5cc(-c6ccc(C=C)cccccc6C=C)c-5c43)cc2c1C=CC=C')
[141.91959381103516] Updated in round 149! max:(0.9041095890410958, 'C=Cc1ccc2cc3ccc4cc5c(ccc6cc7ccc8cc9ccc%10cc%11ccc%12cc%13c(ccc%14cc%15ccc%16cc%17ccc%18cc%19ccc%20cc%21c(C=C)cccc%21cc%20c%19cc%18c%17cc%16c%15cc%14%13)cc%12c%11cc%10c9cc8c7cc65)cc4c3cc2c1'), min:(-1.0, 'C=CC=c1c2cc(-c3ccc(C=C)cccccc3C=C)cc3c4cc5ccc(C=C)c1c5cc4ccc23')
[144.44503331184387] Updated in round 150! max:(0.9041095890410958, 'C=Cc1ccc2cc3ccc4cc5c(ccc6cc7ccc8cc9ccc%10cc%11ccc%12cc%13c(ccc%14cc%15ccc%16cc%17ccc%18cc%19ccc%20cc%21c(C=C)cccc%21cc%20c%19cc%18c%17cc%16c%15cc%14%13)cc%12c%11cc%10c9cc8c7cc65)cc4c3cc2c1'), min:(-1.0, 'C=Cc1cccccc2ccc1c1ccc3ccc4cc5c(ccc(C=C)c5ccccc2=C)cc4c3c1')
[146.18358993530273] Updated in round 151! max:(0.9041095890410958, 'C=Cc1ccc2cc3ccc4cc5c(ccc6cc7ccc8cc9ccc%10cc%11ccc%12cc%13c(ccc%14cc%15ccc%16cc%17ccc%18cc%19ccc%20cc%21c(C=C)cccc%21cc%20c%19cc%18c%17cc%16c%15cc%14%13)cc%12c%11cc%10c9cc8c7cc65)cc4c3cc2c1'), min:(-1.0, 'C=Cc1cccccc(C=C)c(-c2ccc3ccc4cc5c6ccc(C=C)c5ccccc2c3c4c6)cc1')
[151.40957355499268] Updated in round 152! max:(0.9041095890410958, 'C=Cc1ccc2cc3ccc4cc5c(ccc6cc7ccc8cc9ccc%10cc%11ccc%12cc%13c(ccc%14cc%15ccc%16cc%17ccc%18cc%19ccc%20cc%21c(C=C)cccc%21cc%20c%19cc%18c%17cc%16c%15cc%14%13)cc%12c%11cc%10c9cc8c7cc65)cc4c3cc2c1'), min:(-1.0, 'C#Cc1ccc(C=C)ccc(-c2ccc3ccc4cc5c(C=C)c(C=C)ccc5cc4c3c2)c(C=C)cc1')
[152.91771411895752] Updated in round 153! max:(0.9178082191780822, 'C=CC=Cc1cccc2cc3c(ccc4cc5ccc6cc7ccc8cc9ccc%10cc%11c(ccc%12cc%13ccc%14cc%15ccc%16cc%17ccc%18cc%19c(ccc%20cc%21ccc(C=C)cc%21cc%20%19)cc%18c%17cc%16c%15cc%14c%13cc%12%11)cc%10c9cc8c7cc6c5cc43)cc12'), min:(-1.0, 'C=Cc1cccc2cc(C=C)c(cc1)-c1ccc3ccc4cc5c(C=C)c(ccc5cc4c3c1)C=C2')
[159.35791063308716] Updated in round 154! max:(0.9178082191780822, 'C=CC=Cc1cccc2cc3c(ccc4cc5ccc6cc7ccc8cc9ccc%10cc%11c(ccc%12cc%13ccc%14cc%15ccc%16cc%17ccc%18cc%19c(ccc%20cc%21ccc(C=C)cc%21cc%20%19)cc%18c%17cc%16c%15cc%14c%13cc%12%11)cc%10c9cc8c7cc6c5cc43)cc12'), min:(-1.0, 'C=CC(=C)c1ccc(C=C)ccccc2c3ccc4ccc1cc4c3cc1ccc(C=C)c(C=C)c12')
[165.58077573776245] Updated in round 155! max:(0.9315068493150684, 'C=CC(C=C)=Cc1cccc2cc3c(ccc4cc5ccc6cc7ccc8cc9ccc%10cc%11c(ccc%12cc%13ccc%14cc%15ccc%16cc%17ccc%18cc%19c(ccc%20cc%21ccc(C=C)cc%21cc%20%19)cc%18c%17cc%16c%15cc%14c%13cc%12%11)cc%10c9cc8c7cc6c5cc43)cc12'), min:(-1.0, 'C=CC=CC(=C)C(=CC=C(C=C)C=CC=C)c1ccc2ccc3cc4c(C=C)c(C=C)ccc4cc3c2c1')
[171.95769238471985] Updated in round 156! max:(0.9315068493150684, 'C=CC(C=C)=Cc1cccc2cc3c(ccc4cc5ccc6cc7ccc8cc9ccc%10cc%11c(ccc%12cc%13ccc%14cc%15ccc%16cc%17ccc%18cc%19c(ccc%20cc%21ccc(C=C)cc%21cc%20%19)cc%18c%17cc%16c%15cc%14c%13cc%12%11)cc%10c9cc8c7cc6c5cc43)cc12'), min:(-1.0, 'C=CC=CC(C=C)=CC=C(C(=C)C=C)c1ccc2c3c4c(c(cc5ccc(C=C)c(C=C)c54)c2c1)C=3')
[173.81714129447937] Updated in round 157! max:(0.9315068493150684, 'C=CC(C=C)=Cc1cccc2cc3c(ccc4cc5ccc6cc7ccc8cc9ccc%10cc%11c(ccc%12cc%13ccc%14cc%15ccc%16cc%17ccc%18cc%19c(ccc%20cc%21ccc(C=C)cc%21cc%20%19)cc%18c%17cc%16c%15cc%14c%13cc%12%11)cc%10c9cc8c7cc6c5cc43)cc12'), min:(-1.0, 'C=CC=CC(C=C)=CC=C(C(=C)C=C)c1ccc2ccc3c(C=C)c4c(C=C)c(C=C)ccc4cc3c2c1')
[176.50047278404236] Updated in round 158! max:(0.9452054794520548, 'C=CC1=Cc2cccc3cc4c(ccc5cc6ccc7cc8ccc9cc%10ccc%11cc%12c(ccc%13cc%14ccc%15cc%16ccc%17cc%18ccc%19cc%20c(ccc%21cc%22ccc(cc%22cc%21%20)C=CC1=C)cc%19c%18cc%17c%16cc%15c%14cc%13%12)cc%11c%10cc9c8cc7c6cc54)cc23'), min:(-1.0, 'C=CC=CC(C=C)=C1C=C(c2ccc3ccc4cc5c(C=C)c(C=C)ccc5cc4c3c2)C(=C)C1=C')
[183.79565262794495] Updated in round 159! max:(0.958904109589041, 'C=C1C=Cc2ccc3cc4ccc5cc6c(ccc7cc8ccc9cc%10ccc%11cc%12ccc%13cc%14c(ccc%15cc%16ccc%17cc%18ccc%19cc%20ccc%21cc%22c(ccc%23ccc1cc%23%22)cc%21c%20cc%19c%18cc%17c%16cc%15%14)cc%13c%12cc%11c%10cc9c8cc76)cc5c4cc3c2'), min:(-1.0, 'C=CC=CC(C=C)=CC=c1c(=C)ccc2cc3ccc1cc3c1cc3ccc(C=C)c(C=C)c3cc21')
[191.9668037891388] Updated in round 160! max:(0.958904109589041, 'C=C1C=Cc2ccc3cc4ccc5cc6c(ccc7cc8ccc9cc%10ccc%11cc%12ccc%13cc%14c(ccc%15cc%16ccc%17cc%18ccc%19cc%20ccc%21cc%22c(ccc%23ccc1cc%23%22)cc%21c%20cc%19c%18cc%17c%16cc%15%14)cc%13c%12cc%11c%10cc9c8cc76)cc5c4cc3c2'), min:(-1.0, 'C=CC(=C)c1ccc(C=C)ccccc2c(C=C)ccc3cc4c(ccc5ccc1cc54)cc32')
[199.93189477920532] Updated in round 161! max:(0.9726027397260274, 'C=Cc1cc2ccc3cc4c5ccc6cc7ccc8cc9ccc%10cc%11ccc%12cc%13c(ccc%14cc%15ccc%16cc%17ccc%18cc%19ccc%20cc%21c(ccc%22cc%23ccc(cc%23cc%22%21)C=CC(=C)c1cc2c3c5)cc%20c%19cc%18c%17cc%16c%15cc%14%13)cc%12c%11cc%10c9cc8c7cc64'), min:(-1.0, 'C=CC(=C)C1=CC=C(C=C)C=CC=Cc2cc1cc1c2ccc2cc3cc(C=C)ccc3cc21')
[208.18700861930847] Updated in round 162! max:(0.9726027397260274, 'C=Cc1cc2ccc3cc4c5ccc6cc7ccc8cc9ccc%10cc%11ccc%12cc%13c(ccc%14cc%15ccc%16cc%17ccc%18cc%19ccc%20cc%21c(ccc%22cc%23ccc(cc%23cc%22%21)C=CC(=C)c1cc2c3c5)cc%20c%19cc%18c%17cc%16c%15cc%14%13)cc%12c%11cc%10c9cc8c7cc64'), min:(-1.0, 'C=CC(=C)C(c1ccc2ccc3cc4cc(C=C)ccc4cc3c2c1)=c1cc(C=C)ccc1=C')
[209.26592922210693] Updated in round 163! max:(0.9726027397260274, 'C=Cc1cc2ccc3cc4c5ccc6cc7ccc8cc9ccc%10cc%11ccc%12cc%13c(ccc%14cc%15ccc%16cc%17ccc%18cc%19ccc%20cc%21c(ccc%22cc%23ccc(cc%23cc%22%21)C=CC(=C)c1cc2c3c5)cc%20c%19cc%18c%17cc%16c%15cc%14%13)cc%12c%11cc%10c9cc8c7cc64'), min:(-1.0, 'C=CC(=C)C(=C1C=CC=CC=C1)c1ccc2ccc3cc4cc(C=C)ccc4cc3c2c1')
[210.66391897201538] Updated in round 164! max:(0.9726027397260274, 'C=Cc1cc2ccc3cc4c5ccc6cc7ccc8cc9ccc%10cc%11ccc%12cc%13c(ccc%14cc%15ccc%16cc%17ccc%18cc%19ccc%20cc%21c(ccc%22cc%23ccc(cc%23cc%22%21)C=CC(=C)c1cc2c3c5)cc%20c%19cc%18c%17cc%16c%15cc%14%13)cc%12c%11cc%10c9cc8c7cc64'), min:(-1.0, 'C=CC=CC=CC=C1C(C=C)=Cc2cc3ccc4cc5cc(C=C)ccc5cc4c3cc21')
[211.84302163124084] Updated in round 165! max:(0.9863013698630136, 'C=Cc1cc2ccc3cc4c5ccc6cc7ccc8cc9ccc%10cc%11ccc%12cc%13c(ccc%14cc%15ccc%16cc%17ccc%18cc%19ccc%20cc%21c(ccc%22cc%23ccc%24ccc(cc%24c%23cc%22%21)-c1cc2c3c5)cc%20c%19cc%18c%17cc%16c%15cc%14%13)cc%12c%11cc%10c9cc8c7cc64'), min:(-1.0, 'C=CC=CC=C(C(=C)C=C)c1ccc2ccc3cc4c5c(ccc4cc3c2c1)C5=C')
[220.09709239006042] Updated in round 166! max:(0.9863013698630136, 'C=Cc1cc2ccc3cc4c5ccc6cc7ccc8cc9ccc%10cc%11ccc%12cc%13c(ccc%14cc%15ccc%16cc%17ccc%18cc%19ccc%20cc%21c(ccc%22cc%23ccc%24ccc(cc%24c%23cc%22%21)-c1cc2c3c5)cc%20c%19cc%18c%17cc%16c%15cc%14%13)cc%12c%11cc%10c9cc8c7cc64'), min:(-1.0, 'C=CC=CC=C1C(=C)C(=C)c2c3cc(C=C)ccc3cc3c2ccc2ccc1cc23')
[221.2545087337494] Updated in round 167! max:(0.9863013698630136, 'C=Cc1cc2ccc3cc4c5ccc6cc7ccc8cc9ccc%10cc%11ccc%12cc%13c(ccc%14cc%15ccc%16cc%17ccc%18cc%19ccc%20cc%21c(ccc%22cc%23ccc%24ccc(cc%24c%23cc%22%21)-c1cc2c3c5)cc%20c%19cc%18c%17cc%16c%15cc%14%13)cc%12c%11cc%10c9cc8c7cc64'), min:(-1.0, 'C=CC=CC=C(C(=C)C=C)c1ccc2ccc3c4c5c(cc3c2c1)=CC4=C(C=C)C=5')
[222.37661600112915] Updated in round 168! max:(0.9863013698630136, 'C=Cc1cc2ccc3cc4c5ccc6cc7ccc8cc9ccc%10cc%11ccc%12cc%13c(ccc%14cc%15ccc%16cc%17ccc%18cc%19ccc%20cc%21c(ccc%22cc%23ccc%24ccc(cc%24c%23cc%22%21)-c1cc2c3c5)cc%20c%19cc%18c%17cc%16c%15cc%14%13)cc%12c%11cc%10c9cc8c7cc64'), min:(-1.0, 'C=CC=CC=c1c(C=C)cc2cc3ccc1cc3c1cc3ccc(C=C)cc3cc21')
[223.40623879432678] Updated in round 169! max:(0.9863013698630136, 'C=Cc1cc2ccc3cc4c5ccc6cc7ccc8cc9ccc%10cc%11ccc%12cc%13c(ccc%14cc%15ccc%16cc%17ccc%18cc%19ccc%20cc%21c(ccc%22cc%23ccc%24ccc(cc%24c%23cc%22%21)-c1cc2c3c5)cc%20c%19cc%18c%17cc%16c%15cc%14%13)cc%12c%11cc%10c9cc8c7cc64'), min:(-1.0, 'C=CC=c1cc(C(=C)C=C)c2cc1c1ccc3cc4cc(C=C)ccc4cc3c1c2')
[224.13474202156067] Updated in round 170! max:(0.9863013698630136, 'C=Cc1cc2ccc3cc4c5ccc6cc7ccc8cc9ccc%10cc%11ccc%12cc%13c(ccc%14cc%15ccc%16cc%17ccc%18cc%19ccc%20cc%21c(ccc%22cc%23ccc%24ccc(cc%24c%23cc%22%21)-c1cc2c3c5)cc%20c%19cc%18c%17cc%16c%15cc%14%13)cc%12c%11cc%10c9cc8c7cc64'), min:(-1.0, 'C#Cc1c(C(=CC=C)C(=C)C=C)ccc2ccc3cc4cc(C=C)ccc4cc3c12')
[224.8822386264801] Updated in round 171! max:(0.9863013698630136, 'C=Cc1cc2ccc3cc4c5ccc6cc7ccc8cc9ccc%10cc%11ccc%12cc%13c(ccc%14cc%15ccc%16cc%17ccc%18cc%19ccc%20cc%21c(ccc%22cc%23ccc%24ccc(cc%24c%23cc%22%21)-c1cc2c3c5)cc%20c%19cc%18c%17cc%16c%15cc%14%13)cc%12c%11cc%10c9cc8c7cc64'), min:(-1.0, 'C=CC=C(C(=C)C=C)c1ccc2ccc3ccc(C4=CC(=C)C=C4)cc3c2c1')
[226.62142086029053] Updated in round 172! max:(0.9863013698630136, 'C=Cc1cc2ccc3cc4c5ccc6cc7ccc8cc9ccc%10cc%11ccc%12cc%13c(ccc%14cc%15ccc%16cc%17ccc%18cc%19ccc%20cc%21c(ccc%22cc%23ccc%24ccc(cc%24c%23cc%22%21)-c1cc2c3c5)cc%20c%19cc%18c%17cc%16c%15cc%14%13)cc%12c%11cc%10c9cc8c7cc64'), min:(-1.0, 'C=CC=c1c(=C)c(=C)ccc(=C)ccc2ccc3ccc4ccc1cc4c3c2')
[227.65993070602417] Updated in round 173! max:(0.9863013698630136, 'C=Cc1cc2ccc3cc4c5ccc6cc7ccc8cc9ccc%10cc%11ccc%12cc%13c(ccc%14cc%15ccc%16cc%17ccc%18cc%19ccc%20cc%21c(ccc%22cc%23ccc%24ccc(cc%24c%23cc%22%21)-c1cc2c3c5)cc%20c%19cc%18c%17cc%16c%15cc%14%13)cc%12c%11cc%10c9cc8c7cc64'), min:(-1.0, 'C=Cc1ccccc(C=C)c2ccc3ccc4ccc(cc1)cc4c3c2')
[229.14647459983826] Updated in round 174! max:(0.9863013698630136, 'C=Cc1cc2ccc3cc4c5ccc6cc7ccc8cc9ccc%10cc%11ccc%12cc%13c(ccc%14cc%15ccc%16cc%17ccc%18cc%19ccc%20cc%21c(ccc%22cc%23ccc%24ccc(cc%24c%23cc%22%21)-c1cc2c3c5)cc%20c%19cc%18c%17cc%16c%15cc%14%13)cc%12c%11cc%10c9cc8c7cc64'), min:(-1.0, 'C=CC=C(C=C)c1cc2c3ccc4ccc(cc4c3c1)C2=CC=C')
[229.78715538978577] Updated in round 175! max:(0.9863013698630136, 'C=Cc1cc2ccc3cc4c5ccc6cc7ccc8cc9ccc%10cc%11ccc%12cc%13c(ccc%14cc%15ccc%16cc%17ccc%18cc%19ccc%20cc%21c(ccc%22cc%23ccc%24ccc(cc%24c%23cc%22%21)-c1cc2c3c5)cc%20c%19cc%18c%17cc%16c%15cc%14%13)cc%12c%11cc%10c9cc8c7cc64'), min:(-1.0, 'C#Cc1cc(C(C=C)=CC=C)cc2c1ccc1ccc(C=C)cc12')
[231.31358337402344] Updated in round 176! max:(0.9863013698630136, 'C=Cc1cc2ccc3cc4c5ccc6cc7ccc8cc9ccc%10cc%11ccc%12cc%13c(ccc%14cc%15ccc%16cc%17ccc%18cc%19ccc%20cc%21c(ccc%22cc%23ccc%24ccc(cc%24c%23cc%22%21)-c1cc2c3c5)cc%20c%19cc%18c%17cc%16c%15cc%14%13)cc%12c%11cc%10c9cc8c7cc64'), min:(-1.0, 'C=CC1=C(C=C)c2cc1cc1c2ccc2ccc(C=C)cc21')
[233.1042046546936] Updated in round 177! max:(0.9863013698630136, 'C=Cc1cc2ccc3cc4c5ccc6cc7ccc8cc9ccc%10cc%11ccc%12cc%13c(ccc%14cc%15ccc%16cc%17ccc%18cc%19ccc%20cc%21c(ccc%22cc%23ccc%24ccc(cc%24c%23cc%22%21)-c1cc2c3c5)cc%20c%19cc%18c%17cc%16c%15cc%14%13)cc%12c%11cc%10c9cc8c7cc64'), min:(-1.0, 'C=CC=c1ccc2cc3ccc4ccc1cc4c3cc2C=C')
[233.9497847557068] Reproduced in round 178!!
