[6.151199340820312e-05]Start running EvoMol from [H][H]...
[0.001020193099975586] Updated in round 1! max:(0.14285714285714285, 'c1ccccc1'), min:(-99999, '')
[0.007225990295410156] Updated in round 2! max:(0.17857142857142858, 'C=Cc1ccccc1'), min:(-99999, '')
[0.014271974563598633] Updated in round 3! max:(0.17857142857142858, 'C=Cc1ccccc1'), min:(-99999, '')
[0.015958786010742188] Updated in round 4! max:(0.21428571428571427, 'C=CC=Cc1ccccc1'), min:(-99999, '')
[0.025955677032470703] Updated in round 5! max:(0.21428571428571427, 'C=CC=Cc1ccccc1'), min:(-99999, '')
[0.02790093421936035] Updated in round 6! max:(0.25, 'C=CC(C=C)=Cc1ccccc1'), min:(-99999, '')
[0.03992009162902832] Updated in round 7! max:(0.25, 'C=CC(C=C)=Cc1ccccc1'), min:(-99999, '')
[0.04151034355163574] Updated in round 8! max:(0.2857142857142857, 'C=CC=CC(C=C)=Cc1ccccc1'), min:(-99999, '')
[0.05810070037841797] Updated in round 9! max:(0.42857142857142855, 'C=CC(C=CC=Cc1ccccc1)=Cc1ccccc1'), min:(-99999, '')
[0.09561944007873535] Updated in round 10! max:(0.42857142857142855, 'C=CC(C=CC=Cc1ccccc1)=Cc1ccccc1'), min:(-99999, '')
[0.09763884544372559] Updated in round 11! max:(0.42857142857142855, 'C=CC(C=CC=Cc1ccccc1)=Cc1ccccc1'), min:(-99999, '')
[0.09932065010070801] Updated in round 12! max:(0.42857142857142855, 'C=CC(C=CC=Cc1ccccc1)=Cc1ccccc1'), min:(-99999, '')
[0.10129523277282715] Updated in round 13! max:(0.42857142857142855, 'C=CC(C=CC=Cc1ccccc1)=Cc1ccccc1'), min:(-99999, '')
[0.10297560691833496] Updated in round 14! max:(0.42857142857142855, 'C=CC(C=CC=Cc1ccccc1)=Cc1ccccc1'), min:(-99999, '')
[0.10565972328186035] Updated in round 15! max:(0.42857142857142855, 'C=CC(C=CC=Cc1ccccc1)=Cc1ccccc1'), min:(-99999, '')
[0.10811257362365723] Updated in round 16! max:(0.4642857142857143, 'C=CC(C=CC=Cc1ccc(C=C)cc1)=Cc1ccccc1'), min:(-99999, '')
[0.1505146026611328] Updated in round 17! max:(0.4642857142857143, 'C=CC(C=CC=Cc1ccc(C=C)cc1)=Cc1ccccc1'), min:(-99999, '')
[0.15223264694213867] Updated in round 18! max:(0.4642857142857143, 'C=CC(C=CC=Cc1ccc(C=C)cc1)=Cc1ccccc1'), min:(-99999, '')
[0.15400075912475586] Updated in round 19! max:(0.4642857142857143, 'C=CC(C=CC=Cc1ccc(C=C)cc1)=Cc1ccccc1'), min:(-99999, '')
[0.15571999549865723] Updated in round 20! max:(0.4642857142857143, 'C=CC(C=CC=Cc1ccc(C=C)cc1)=Cc1ccccc1'), min:(-99999, '')
[0.15800142288208008] Updated in round 21! max:(0.4642857142857143, 'C=CC(C=CC=Cc1ccc(C=C)cc1)=Cc1ccccc1'), min:(-99999, '')
[0.16040754318237305] Updated in round 22! max:(0.5, 'C=CC=Cc1ccc(C=CC=CC(C=C)=Cc2ccccc2)cc1'), min:(-99999, '')
[0.21150970458984375] Updated in round 23! max:(0.5, 'C=CC=Cc1ccc(C=CC=CC(C=C)=Cc2ccccc2)cc1'), min:(-99999, '')
[0.21387648582458496] Updated in round 24! max:(0.5, 'C=CC=Cc1ccc(C=CC=CC(C=C)=Cc2ccccc2)cc1'), min:(-99999, '')
[0.21699786186218262] Updated in round 25! max:(0.5357142857142857, 'C=CC=Cc1ccc(C=CC=CC(C=C)=Cc2ccc(C=C)cc2)cc1'), min:(-99999, '')
[0.27220821380615234] Updated in round 26! max:(0.5357142857142857, 'C=CC=Cc1ccc(C=CC=CC(C=C)=Cc2ccc(C=C)cc2)cc1'), min:(-99999, '')
[0.2744579315185547] Updated in round 27! max:(0.5357142857142857, 'C=CC=Cc1ccc(C=CC=CC(C=C)=Cc2ccc(C=C)cc2)cc1'), min:(-99999, '')
[0.27686166763305664] Updated in round 28! max:(0.5357142857142857, 'C=CC=Cc1ccc(C=CC=CC(C=C)=Cc2ccc(C=C)cc2)cc1'), min:(-99999, '')
[0.27890539169311523] Updated in round 29! max:(0.5357142857142857, 'C=CC=Cc1ccc(C=CC=CC(C=C)=Cc2ccc(C=C)cc2)cc1'), min:(-99999, '')
[0.2848548889160156] Updated in round 30! max:(0.5714285714285714, 'C=CC=Cc1ccc(C=c2ccc(=Cc3ccc(C=C)cc3)cc2)cc1'), min:(-99999, '')
[0.3449122905731201] Updated in round 31! max:(0.5714285714285714, 'C=CC=Cc1ccc(C=c2ccc(=Cc3ccc(C=C)cc3)cc2)cc1'), min:(-99999, '')
[0.3471541404724121] Updated in round 32! max:(0.5714285714285714, 'C=CC=Cc1ccc(C=c2ccc(=Cc3ccc(C=C)cc3)cc2)cc1'), min:(-99999, '')
[0.35042905807495117] Updated in round 33! max:(0.5714285714285714, 'C=CC=Cc1ccc(C=c2ccc(=Cc3ccc(C=C)cc3)cc2)cc1'), min:(-99999, '')
[0.353712797164917] Updated in round 34! max:(0.5714285714285714, 'C=CC=Cc1ccc(C=c2ccc(=Cc3ccc(C=C)cc3)cc2)cc1'), min:(-99999, '')
[0.35579752922058105] Updated in round 35! max:(0.5714285714285714, 'C=CC=Cc1ccc(C=c2ccc(=Cc3ccc(C=C)cc3)cc2)cc1'), min:(-99999, '')
[0.35860157012939453] Updated in round 36! max:(0.5714285714285714, 'C=CC=Cc1ccc(C=c2ccc(=Cc3ccc(C=C)cc3)cc2)cc1'), min:(-99999, '')
[0.36170268058776855] Updated in round 37! max:(0.5714285714285714, 'C=CC=Cc1ccc(C=c2ccc(=Cc3ccc(C=C)cc3)cc2)cc1'), min:(-99999, '')
[0.36452627182006836] Updated in round 38! max:(0.5714285714285714, 'C=CC=Cc1ccc(C=c2ccc(=Cc3ccc(C=C)cc3)cc2)cc1'), min:(-99999, '')
[0.36734771728515625] Updated in round 39! max:(0.6071428571428571, 'C=CC=Cc1ccc(C=c2ccc(=Cc3ccc(C=CC=C)cc3)cc2)cc1'), min:(-99999, '')
[0.43877077102661133] Updated in round 40! max:(0.6071428571428571, 'C=CC=Cc1ccc(C=c2ccc(=Cc3ccc(C=CC=C)cc3)cc2)cc1'), min:(-99999, '')
[0.4418344497680664] Updated in round 41! max:(0.6071428571428571, 'C=CC=Cc1ccc(C=c2ccc(=Cc3ccc(C=CC=C)cc3)cc2)cc1'), min:(-99999, '')
[0.44540929794311523] Updated in round 42! max:(0.6071428571428571, 'C=CC=Cc1ccc(C=c2ccc(=Cc3ccc(C=CC=C)cc3)cc2)cc1'), min:(-99999, '')
[0.4485175609588623] Updated in round 43! max:(0.6071428571428571, 'C=CC=Cc1ccc(C=c2ccc(=Cc3ccc(C=CC=C)cc3)cc2)cc1'), min:(-99999, '')
[0.45107412338256836] Updated in round 44! max:(0.6071428571428571, 'C=CC=Cc1ccc(C=c2ccc(=Cc3ccc(C=CC=C)cc3)cc2)cc1'), min:(-99999, '')
[0.45397210121154785] Updated in round 45! max:(0.6428571428571429, 'C=CC=Cc1ccc(C=c2ccc(=Cc3ccc(C=C(C=C)C=C)cc3)cc2)cc1'), min:(-99999, '')
[0.5343186855316162] Updated in round 46! max:(0.6428571428571429, 'C=CC=Cc1ccc(C=c2ccc(=Cc3ccc(C=C(C=C)C=C)cc3)cc2)cc1'), min:(-99999, '')
[0.5379455089569092] Updated in round 47! max:(0.6785714285714286, 'C=CC=CC(C=C)=Cc1ccc(C=c2ccc(=Cc3ccc(C=CC=C)cc3)cc2)cc1'), min:(-99999, '')
[0.631591796875] Updated in round 48! max:(0.6785714285714286, 'C=CC=CC(C=C)=Cc1ccc(C=c2ccc(=Cc3ccc(C=CC=C)cc3)cc2)cc1'), min:(-99999, '')
[0.6357905864715576] Updated in round 49! max:(0.7142857142857143, 'C=CC=CC=CC(C=C)=Cc1ccc(C=c2ccc(=Cc3ccc(C=CC=C)cc3)cc2)cc1'), min:(-99999, '')
[0.7466888427734375] Updated in round 50! max:(0.7142857142857143, 'C=CC=CC=CC(C=C)=Cc1ccc(C=c2ccc(=Cc3ccc(C=CC=C)cc3)cc2)cc1'), min:(-99999, '')
[0.7496416568756104] Updated in round 51! max:(0.7142857142857143, 'C=CC=CC=CC(C=C)=Cc1ccc(C=c2ccc(=Cc3ccc(C=CC=C)cc3)cc2)cc1'), min:(-99999, '')
[0.7530472278594971] Updated in round 52! max:(0.7142857142857143, 'C=CC=CC=CC(C=C)=Cc1ccc(C=c2ccc(=Cc3ccc(C=CC=C)cc3)cc2)cc1'), min:(-99999, '')
[0.7560470104217529] Updated in round 53! max:(0.7142857142857143, 'C=CC=CC=CC(C=C)=Cc1ccc(C=c2ccc(=Cc3ccc(C=CC=C)cc3)cc2)cc1'), min:(-99999, '')
[0.7597951889038086] Updated in round 54! max:(0.7142857142857143, 'C=CC=CC=CC(C=C)=Cc1ccc(C=c2ccc(=Cc3ccc(C=CC=C)cc3)cc2)cc1'), min:(-99999, '')
[0.7654633522033691] Updated in round 55! max:(0.7142857142857143, 'C=CC=CC=CC(C=C)=Cc1ccc(C=c2ccc(=Cc3ccc(C=CC=C)cc3)cc2)cc1'), min:(-99999, '')
[0.7688508033752441] Updated in round 56! max:(0.7142857142857143, 'C=CC=CC=CC(C=C)=Cc1ccc(C=c2ccc(=Cc3ccc(C=CC=C)cc3)cc2)cc1'), min:(-99999, '')
[0.7721397876739502] Updated in round 57! max:(0.7142857142857143, 'C=CC=CC=CC(C=C)=Cc1ccc(C=c2ccc(=Cc3ccc(C=CC=C)cc3)cc2)cc1'), min:(-99999, '')
[0.7753536701202393] Updated in round 58! max:(0.7142857142857143, 'C=CC=CC=CC(C=C)=Cc1ccc(C=c2ccc(=Cc3ccc(C=CC=C)cc3)cc2)cc1'), min:(-99999, '')
[0.7789301872253418] Updated in round 59! max:(0.7142857142857143, 'C=CC=CC=CC(C=C)=Cc1ccc(C=c2ccc(=Cc3ccc(C=CC=C)cc3)cc2)cc1'), min:(-99999, '')
[0.782658576965332] Updated in round 60! max:(0.7142857142857143, 'C=CC=CC=CC(C=C)=Cc1ccc(C=c2ccc(=Cc3ccc(C=CC=C)cc3)cc2)cc1'), min:(-99999, '')
[0.787050724029541] Updated in round 61! max:(0.7142857142857143, 'C=CC=CC=CC(C=C)=Cc1ccc(C=c2ccc(=Cc3ccc(C=CC=C)cc3)cc2)cc1'), min:(-99999, '')
[0.7901873588562012] Updated in round 62! max:(0.7142857142857143, 'C=CC=CC=CC(C=C)=Cc1ccc(C=c2ccc(=Cc3ccc(C=CC=C)cc3)cc2)cc1'), min:(-99999, '')
[0.79443359375] Updated in round 63! max:(0.7142857142857143, 'C=CC=CC=CC(C=C)=Cc1ccc(C=c2ccc(=Cc3ccc(C=CC=C)cc3)cc2)cc1'), min:(-99999, '')
[0.7979855537414551] Updated in round 64! max:(0.7142857142857143, 'C=CC=CC=CC(C=C)=Cc1ccc(C=c2ccc(=Cc3ccc(C=CC=C)cc3)cc2)cc1'), min:(-99999, '')
[0.8018450736999512] Updated in round 65! max:(0.75, 'C=CC=Cc1ccc(C=c2ccc(=Cc3ccc(C=C(C=C)C=CC=CC(=C)C=C)cc3)cc2)cc1'), min:(-99999, '')
[0.9227962493896484] Updated in round 66! max:(0.75, 'C=CC=Cc1ccc(C=c2ccc(=Cc3ccc(C=C(C=C)C=CC=CC(=C)C=C)cc3)cc2)cc1'), min:(-99999, '')
[0.925912618637085] Updated in round 67! max:(0.75, 'C=CC=Cc1ccc(C=c2ccc(=Cc3ccc(C=C(C=C)C=CC=CC(=C)C=C)cc3)cc2)cc1'), min:(-99999, '')
[0.9295752048492432] Updated in round 68! max:(0.75, 'C=CC=Cc1ccc(C=c2ccc(=Cc3ccc(C=C(C=C)C=CC=CC(=C)C=C)cc3)cc2)cc1'), min:(-99999, '')
[0.9331340789794922] Updated in round 69! max:(0.75, 'C=CC=Cc1ccc(C=c2ccc(=Cc3ccc(C=C(C=C)C=CC=CC(=C)C=C)cc3)cc2)cc1'), min:(-99999, '')
[0.9371929168701172] Updated in round 70! max:(0.75, 'C=CC=Cc1ccc(C=c2ccc(=Cc3ccc(C=C(C=C)C=CC=CC(=C)C=C)cc3)cc2)cc1'), min:(-99999, '')
[0.9404139518737793] Updated in round 71! max:(0.75, 'C=CC=Cc1ccc(C=c2ccc(=Cc3ccc(C=C(C=C)C=CC=CC(=C)C=C)cc3)cc2)cc1'), min:(-99999, '')
[0.9440624713897705] Updated in round 72! max:(0.75, 'C=CC=Cc1ccc(C=c2ccc(=Cc3ccc(C=C(C=C)C=CC=CC(=C)C=C)cc3)cc2)cc1'), min:(-99999, '')
[0.9469363689422607] Updated in round 73! max:(0.75, 'C=CC=Cc1ccc(C=c2ccc(=Cc3ccc(C=C(C=C)C=CC=CC(=C)C=C)cc3)cc2)cc1'), min:(-99999, '')
[0.9508676528930664] Updated in round 74! max:(0.75, 'C=CC=Cc1ccc(C=c2ccc(=Cc3ccc(C=C(C=C)C=CC=CC(=C)C=C)cc3)cc2)cc1'), min:(-99999, '')
[0.9570145606994629] Updated in round 75! max:(0.7857142857142857, 'C=CC=Cc1ccc(C=c2ccc(=Cc3ccc(C=c4ccc(=CC(=C)C=C)cc4)cc3)cc2)cc1'), min:(-99999, '')
[1.0859801769256592] Updated in round 76! max:(0.7857142857142857, 'C=CC=Cc1ccc(C=c2ccc(=Cc3ccc(C=c4ccc(=CC(=C)C=C)cc4)cc3)cc2)cc1'), min:(-99999, '')
[1.090336561203003] Updated in round 77! max:(0.8214285714285714, 'C=CC=CC(=C)C=c1ccc(=Cc2ccc(C=c3ccc(=Cc4ccc(C=CC=C)cc4)cc3)cc2)cc1'), min:(-99999, '')
[1.23866605758667] Updated in round 78! max:(0.8214285714285714, 'C=CC=CC(=C)C=c1ccc(=Cc2ccc(C=c3ccc(=Cc4ccc(C=CC=C)cc4)cc3)cc2)cc1'), min:(-99999, '')
[1.2419652938842773] Updated in round 79! max:(0.8214285714285714, 'C=CC=CC(=C)C=c1ccc(=Cc2ccc(C=c3ccc(=Cc4ccc(C=CC=C)cc4)cc3)cc2)cc1'), min:(-99999, '')
[1.2453219890594482] Updated in round 80! max:(0.8214285714285714, 'C=CC=CC(=C)C=c1ccc(=Cc2ccc(C=c3ccc(=Cc4ccc(C=CC=C)cc4)cc3)cc2)cc1'), min:(-99999, '')
[1.2494661808013916] Updated in round 81! max:(0.8214285714285714, 'C=CC=CC(=C)C=c1ccc(=Cc2ccc(C=c3ccc(=Cc4ccc(C=CC=C)cc4)cc3)cc2)cc1'), min:(-99999, '')
[1.2524418830871582] Updated in round 82! max:(0.8214285714285714, 'C=CC=CC(=C)C=c1ccc(=Cc2ccc(C=c3ccc(=Cc4ccc(C=CC=C)cc4)cc3)cc2)cc1'), min:(-99999, '')
[1.2563865184783936] Updated in round 83! max:(0.8214285714285714, 'C=CC=CC(=C)C=c1ccc(=Cc2ccc(C=c3ccc(=Cc4ccc(C=CC=C)cc4)cc3)cc2)cc1'), min:(-99999, '')
[1.2597441673278809] Updated in round 84! max:(0.8214285714285714, 'C=CC=CC(=C)C=c1ccc(=Cc2ccc(C=c3ccc(=Cc4ccc(C=CC=C)cc4)cc3)cc2)cc1'), min:(-99999, '')
[1.263432502746582] Updated in round 85! max:(0.8214285714285714, 'C=CC=CC(=C)C=c1ccc(=Cc2ccc(C=c3ccc(=Cc4ccc(C=CC=C)cc4)cc3)cc2)cc1'), min:(-99999, '')
[1.2666804790496826] Updated in round 86! max:(0.8214285714285714, 'C=CC=CC(=C)C=c1ccc(=Cc2ccc(C=c3ccc(=Cc4ccc(C=CC=C)cc4)cc3)cc2)cc1'), min:(-99999, '')
[1.2704641819000244] Updated in round 87! max:(0.8214285714285714, 'C=CC=CC(=C)C=c1ccc(=Cc2ccc(C=c3ccc(=Cc4ccc(C=CC=C)cc4)cc3)cc2)cc1'), min:(-99999, '')
[1.2743635177612305] Updated in round 88! max:(0.8214285714285714, 'C=CC=CC(=C)C=c1ccc(=Cc2ccc(C=c3ccc(=Cc4ccc(C=CC=C)cc4)cc3)cc2)cc1'), min:(-99999, '')
[1.2787542343139648] Updated in round 89! max:(0.8214285714285714, 'C=CC=CC(=C)C=c1ccc(=Cc2ccc(C=c3ccc(=Cc4ccc(C=CC=C)cc4)cc3)cc2)cc1'), min:(-99999, '')
[1.283405065536499] Updated in round 90! max:(0.8214285714285714, 'C=CC=CC(=C)C=c1ccc(=Cc2ccc(C=c3ccc(=Cc4ccc(C=CC=C)cc4)cc3)cc2)cc1'), min:(-99999, '')
[1.2890024185180664] Updated in round 91! max:(0.8214285714285714, 'C=CC=CC(=C)C=c1ccc(=Cc2ccc(C=c3ccc(=Cc4ccc(C=CC=C)cc4)cc3)cc2)cc1'), min:(-99999, '')
[1.2940735816955566] Updated in round 92! max:(0.8214285714285714, 'C=CC=CC(=C)C=c1ccc(=Cc2ccc(C=c3ccc(=Cc4ccc(C=CC=C)cc4)cc3)cc2)cc1'), min:(-99999, '')
[1.297889232635498] Updated in round 93! max:(0.8214285714285714, 'C=CC=CC(=C)C=c1ccc(=Cc2ccc(C=c3ccc(=Cc4ccc(C=CC=C)cc4)cc3)cc2)cc1'), min:(-99999, '')
[1.3012876510620117] Updated in round 94! max:(0.8214285714285714, 'C=CC=CC(=C)C=c1ccc(=Cc2ccc(C=c3ccc(=Cc4ccc(C=CC=C)cc4)cc3)cc2)cc1'), min:(-99999, '')
[1.3072035312652588] Updated in round 95! max:(0.8214285714285714, 'C=CC=CC(=C)C=c1ccc(=Cc2ccc(C=c3ccc(=Cc4ccc(C=CC=C)cc4)cc3)cc2)cc1'), min:(-99999, '')
[1.3126909732818604] Updated in round 96! max:(0.8571428571428571, 'C=CC=Cc1ccc(C=c2ccc(=Cc3ccc(C=c4ccc(=Cc5ccccc5)cc4)cc3)cc2)cc1'), min:(-99999, '')
[1.4840664863586426] Updated in round 97! max:(0.8928571428571429, 'C=CC=Cc1ccc(C=c2ccc(=Cc3ccc(C=c4ccc(=Cc5ccc(C=C)cc5)cc4)cc3)cc2)cc1'), min:(-99999, '')
[1.6671712398529053] Updated in round 98! max:(0.8928571428571429, 'C=CC=Cc1ccc(C=c2ccc(=Cc3ccc(C=c4ccc(=Cc5ccc(C=C)cc5)cc4)cc3)cc2)cc1'), min:(-99999, '')
[1.670821189880371] Updated in round 99! max:(0.8928571428571429, 'C=CC=Cc1ccc(C=c2ccc(=Cc3ccc(C=c4ccc(=Cc5ccc(C=C)cc5)cc4)cc3)cc2)cc1'), min:(-99999, '')
[1.6752548217773438] Updated in round 100! max:(0.8928571428571429, 'C=CC=Cc1ccc(C=c2ccc(=Cc3ccc(C=c4ccc(=Cc5ccc(C=C)cc5)cc4)cc3)cc2)cc1'), min:(-99999, '')
[1.7207822799682617] Updated in round 101! max:(0.8928571428571429, 'C=CC=Cc1ccc(C=c2ccc(=Cc3ccc(C=c4ccc(=Cc5ccc(C=C)cc5)cc4)cc3)cc2)cc1'), min:(-1.0, 'C=CC=Cc1ccc(C=c2cc3c(=Cc4ccc(C=c5ccc(=Cc6ccc(C=C)cc6)cc5)cc4)c-3c2)cc1')
[1.769923448562622] Updated in round 102! max:(0.9285714285714286, 'C=CC=Cc1ccc(C=c2ccc(=Cc3ccc(C=c4ccc(=Cc5ccc(C=CC=C)cc5)cc4)cc3)cc2)cc1'), min:(-1.0, 'C=C1C=Cc2ccc(cc2)C=c2ccc(cc2)=Cc2ccc(cc2)C=c2ccc(cc2)=Cc2ccc(cc2)C=C1')
[2.0382187366485596] Updated in round 103! max:(0.9642857142857143, 'C=Cc1ccccc2ccc(cc2)cc2ccc(cc2)cc2ccc(cc2)cc2ccc(cc2)cc2ccc(cc2)c1'), min:(-1.0, 'C=CC1=Cc2ccc(C=c3ccc(=Cc4ccc(C=c5ccc(=Cc6ccc(C=C)cc6)cc5)cc4)cc3)cc21')
[2.3585805892944336] Reproduced in round 104!!
