[7.414817810058594e-05]Start running EvoMol from [H][H]...
[0.012918233871459961] Updated in round 1! max:(0.018867924528301886, 'C=C'), min:(-99999, '')
[0.013740062713623047] Updated in round 2! max:(0.03773584905660377, 'C=CC=C'), min:(-99999, '')
[0.01584792137145996] Updated in round 3! max:(0.05660377358490566, 'C=CC=CC=C'), min:(-99999, '')
[0.019285917282104492] Updated in round 4! max:(0.07547169811320754, 'c1ccccc1'), min:(-99999, '')
[0.023944854736328125] Updated in round 5! max:(0.09433962264150944, 'C=Cc1ccccc1'), min:(-99999, '')
[0.028126955032348633] Updated in round 6! max:(0.11320754716981132, 'C=Cc1ccccc1C=C'), min:(-99999, '')
[0.03287553787231445] Updated in round 7! max:(0.1320754716981132, 'c1ccc2ccccc2c1'), min:(-99999, '')
[0.037802934646606445] Updated in round 8! max:(0.1509433962264151, 'C=Cc1cccc2ccccc12'), min:(-99999, '')
[0.043405771255493164] Updated in round 9! max:(0.1509433962264151, 'C=Cc1cccc2ccccc12'), min:(-99999, '')
[0.046221017837524414] Updated in round 10! max:(0.16981132075471697, 'C=Cc1cccc2c(C=C)cccc12'), min:(-99999, '')
[0.053440093994140625] Updated in round 11! max:(0.16981132075471697, 'C=Cc1cccc2c(C=C)cccc12'), min:(-99999, '')
[0.056130170822143555] Updated in round 12! max:(0.18867924528301888, 'C=CC=Cc1cccc2c(C=C)cccc12'), min:(-99999, '')
[0.06632852554321289] Updated in round 13! max:(0.18867924528301888, 'C=CC=Cc1cccc2c(C=C)cccc12'), min:(-99999, '')
[0.07321524620056152] Updated in round 14! max:(0.20754716981132076, 'C=Cc1cccc2c1ccc1ccccc12'), min:(-99999, '')
[0.08301687240600586] Updated in round 15! max:(0.20754716981132076, 'C=Cc1cccc2c1ccc1ccccc12'), min:(-99999, '')
[0.08479714393615723] Updated in round 16! max:(0.20754716981132076, 'C=Cc1cccc2c1ccc1ccccc12'), min:(-99999, '')
[0.08670282363891602] Updated in round 17! max:(0.20754716981132076, 'C=Cc1cccc2c1ccc1ccccc12'), min:(-99999, '')
[0.08848047256469727] Updated in round 18! max:(0.20754716981132076, 'C=Cc1cccc2c1ccc1ccccc12'), min:(-99999, '')
[0.09120941162109375] Updated in round 19! max:(0.22641509433962265, 'C=CC=Cc1cccc2c1ccc1ccccc12'), min:(-99999, '')
[0.10499858856201172] Updated in round 20! max:(0.24528301886792453, 'c1ccc2c(c1)ccc1c3ccccc3ccc21'), min:(-99999, '')
[0.11674737930297852] Updated in round 21! max:(0.24528301886792453, 'c1ccc2c(c1)ccc1c3ccccc3ccc21'), min:(-99999, '')
[0.11890649795532227] Updated in round 22! max:(0.24528301886792453, 'c1ccc2c(c1)ccc1c3ccccc3ccc21'), min:(-99999, '')
[0.12166857719421387] Updated in round 23! max:(0.2641509433962264, 'C=Cc1ccc2c(ccc3c4ccccc4ccc23)c1'), min:(-99999, '')
[0.1385202407836914] Updated in round 24! max:(0.2830188679245283, 'C=CC(=C)c1ccc2c(ccc3c4ccccc4ccc23)c1'), min:(-99999, '')
[0.15752387046813965] Updated in round 25! max:(0.2830188679245283, 'C=CC(=C)c1ccc2c(ccc3c4ccccc4ccc23)c1'), min:(-99999, '')
[0.16078448295593262] Updated in round 26! max:(0.3018867924528302, 'C=CC=CC(=C)c1ccc2c(ccc3c4ccccc4ccc23)c1'), min:(-99999, '')
[0.18658852577209473] Updated in round 27! max:(0.3018867924528302, 'C=CC=CC(=C)c1ccc2c(ccc3c4ccccc4ccc23)c1'), min:(-99999, '')
[0.19048357009887695] Updated in round 28! max:(0.32075471698113206, 'c1ccc(-c2ccc3c(ccc4c5ccccc5ccc34)c2)cc1'), min:(-99999, '')
[0.21671819686889648] Updated in round 29! max:(0.33962264150943394, 'C=Cc1ccc2c(ccc3c4ccc(-c5ccccc5)cc4ccc23)c1'), min:(-99999, '')
[0.2490239143371582] Updated in round 30! max:(0.33962264150943394, 'C=Cc1ccc2c(ccc3c4ccc(-c5ccccc5)cc4ccc23)c1'), min:(-99999, '')
[0.2531242370605469] Updated in round 31! max:(0.3584905660377358, 'C=Cc1ccc(-c2ccc3c(ccc4c5ccc(C=C)cc5ccc34)c2)cc1'), min:(-99999, '')
[0.29172801971435547] Updated in round 32! max:(0.3584905660377358, 'C=Cc1ccc(-c2ccc3c(ccc4c5ccc(C=C)cc5ccc34)c2)cc1'), min:(-99999, '')
[0.2963418960571289] Updated in round 33! max:(0.3584905660377358, 'C=Cc1ccc(-c2ccc3c(ccc4c5ccc(C=C)cc5ccc34)c2)cc1'), min:(-99999, '')
[0.30172157287597656] Updated in round 34! max:(0.37735849056603776, 'C=CC=Cc1ccc2c(ccc3c4ccc(-c5ccc(C=C)cc5)cc4ccc23)c1'), min:(-99999, '')
[0.35053515434265137] Updated in round 35! max:(0.37735849056603776, 'C=CC=Cc1ccc2c(ccc3c4ccc(-c5ccc(C=C)cc5)cc4ccc23)c1'), min:(-99999, '')
[0.35672903060913086] Updated in round 36! max:(0.39622641509433965, 'C=CC=Cc1ccc(-c2ccc3c(ccc4c5ccc(C=CC=C)cc5ccc34)c2)cc1'), min:(-99999, '')
[0.41788768768310547] Updated in round 37! max:(0.39622641509433965, 'C=CC=Cc1ccc(-c2ccc3c(ccc4c5ccc(C=CC=C)cc5ccc34)c2)cc1'), min:(-99999, '')
[0.42488908767700195] Updated in round 38! max:(0.39622641509433965, 'C=CC=Cc1ccc(-c2ccc3c(ccc4c5ccc(C=CC=C)cc5ccc34)c2)cc1'), min:(-99999, '')
[0.42964792251586914] Updated in round 39! max:(0.39622641509433965, 'C=CC=Cc1ccc(-c2ccc3c(ccc4c5ccc(C=CC=C)cc5ccc34)c2)cc1'), min:(-99999, '')
[0.4352586269378662] Updated in round 40! max:(0.39622641509433965, 'C=CC=Cc1ccc(-c2ccc3c(ccc4c5ccc(C=CC=C)cc5ccc34)c2)cc1'), min:(-99999, '')
[0.4406917095184326] Updated in round 41! max:(0.39622641509433965, 'C=CC=Cc1ccc(-c2ccc3c(ccc4c5ccc(C=CC=C)cc5ccc34)c2)cc1'), min:(-99999, '')
[0.44671154022216797] Updated in round 42! max:(0.39622641509433965, 'C=CC=Cc1ccc(-c2ccc3c(ccc4c5ccc(C=CC=C)cc5ccc34)c2)cc1'), min:(-99999, '')
[0.4512057304382324] Updated in round 43! max:(0.39622641509433965, 'C=CC=Cc1ccc(-c2ccc3c(ccc4c5ccc(C=CC=C)cc5ccc34)c2)cc1'), min:(-99999, '')
[0.45606398582458496] Updated in round 44! max:(0.39622641509433965, 'C=CC=Cc1ccc(-c2ccc3c(ccc4c5ccc(C=CC=C)cc5ccc34)c2)cc1'), min:(-99999, '')
[0.46395325660705566] Updated in round 45! max:(0.41509433962264153, 'C=CC=CC=Cc1ccc2c(ccc3c4ccc(-c5ccc(C=CC=C)cc5)cc4ccc23)c1'), min:(-99999, '')
[0.5416274070739746] Updated in round 46! max:(0.41509433962264153, 'C=CC=CC=Cc1ccc2c(ccc3c4ccc(-c5ccc(C=CC=C)cc5)cc4ccc23)c1'), min:(-99999, '')
[0.5500812530517578] Updated in round 47! max:(0.4339622641509434, 'C=CC=CC=C(C=C)c1ccc2c(ccc3c4ccc(-c5ccc(C=CC=C)cc5)cc4ccc23)c1'), min:(-99999, '')
[0.6372990608215332] Updated in round 48! max:(0.4528301886792453, 'C=CC=Cc1ccc(-c2ccc3c(ccc4c5ccc(-c6ccc(C=C)cc6)cc5ccc34)c2)cc1'), min:(-99999, '')
[0.7322723865509033] Updated in round 49! max:(0.4716981132075472, 'C=CC=Cc1ccc(-c2ccc3c(ccc4c5ccc(-c6ccc(C(=C)C=C)cc6)cc5ccc34)c2)cc1'), min:(-99999, '')
[0.8418176174163818] Updated in round 50! max:(0.4716981132075472, 'C=CC=Cc1ccc(-c2ccc3c(ccc4c5ccc(-c6ccc(C(=C)C=C)cc6)cc5ccc34)c2)cc1'), min:(-99999, '')
[0.8511819839477539] Updated in round 51! max:(0.49056603773584906, 'C=CC=Cc1ccc(-c2ccc3c(ccc4c5ccc(-c6ccc(C(=C)C=C)c(C=C)c6)cc5ccc34)c2)cc1'), min:(-99999, '')
[0.9681081771850586] Updated in round 52! max:(0.49056603773584906, 'C=CC=Cc1ccc(-c2ccc3c(ccc4c5ccc(-c6ccc(C(=C)C=C)c(C=C)c6)cc5ccc34)c2)cc1'), min:(-99999, '')
[0.9761500358581543] Updated in round 53! max:(0.5094339622641509, 'C=CC(=C)c1ccc(-c2ccc3c(ccc4c5ccc(-c6ccc(C=C(C=C)C=C)cc6)cc5ccc34)c2)cc1C=C'), min:(-99999, '')
[1.1136739253997803] Updated in round 54! max:(0.5094339622641509, 'C=CC(=C)c1ccc(-c2ccc3c(ccc4c5ccc(-c6ccc(C=C(C=C)C=C)cc6)cc5ccc34)c2)cc1C=C'), min:(-99999, '')
[1.1196527481079102] Updated in round 55! max:(0.5283018867924528, 'C=CC(C=C)=Cc1ccc(-c2ccc3c(ccc4c5ccc(-c6ccc7c(=C)c(=C)ccc7c6)cc5ccc34)c2)cc1'), min:(-99999, '')
[1.2658679485321045] Updated in round 56! max:(0.5283018867924528, 'C=CC(C=C)=Cc1ccc(-c2ccc3c(ccc4c5ccc(-c6ccc7c(=C)c(=C)ccc7c6)cc5ccc34)c2)cc1'), min:(-99999, '')
[1.2727892398834229] Updated in round 57! max:(0.5471698113207547, 'C=CC(C=C)=C(C=C)c1ccc(-c2ccc3c(ccc4c5ccc(-c6ccc7c(=C)c(=C)ccc7c6)cc5ccc34)c2)cc1'), min:(-99999, '')
[1.4438056945800781] Updated in round 58! max:(0.5660377358490566, 'C=Cc1ccccc1-c1ccc(-c2ccc3c(ccc4c5ccc(-c6ccc7c(=C)c(=C)ccc7c6)cc5ccc34)c2)cc1'), min:(-99999, '')
[1.6749792098999023] Updated in round 59! max:(0.5660377358490566, 'C=Cc1ccccc1-c1ccc(-c2ccc3c(ccc4c5ccc(-c6ccc7c(=C)c(=C)ccc7c6)cc5ccc34)c2)cc1'), min:(-99999, '')
[1.6796727180480957] Updated in round 60! max:(0.5660377358490566, 'C=Cc1ccccc1-c1ccc(-c2ccc3c(ccc4c5ccc(-c6ccc7c(=C)c(=C)ccc7c6)cc5ccc34)c2)cc1'), min:(-99999, '')
[1.6881566047668457] Updated in round 61! max:(0.5660377358490566, 'C=Cc1ccccc1-c1ccc(-c2ccc3c(ccc4c5ccc(-c6ccc7c(=C)c(=C)ccc7c6)cc5ccc34)c2)cc1'), min:(-99999, '')
[1.6986918449401855] Updated in round 62! max:(0.5849056603773585, 'C=Cc1ccc(-c2ccc(-c3ccc4c(ccc5c6ccc(-c7ccc8c(=C)c(=C)ccc8c7)cc6ccc45)c3)cc2)c(C=C)c1'), min:(-99999, '')
[1.923116683959961] Updated in round 63! max:(0.5849056603773585, 'C=Cc1ccc(-c2ccc(-c3ccc4c(ccc5c6ccc(-c7ccc8c(=C)c(=C)ccc8c7)cc6ccc45)c3)cc2)c(C=C)c1'), min:(-99999, '')
[1.9304380416870117] Updated in round 64! max:(0.5849056603773585, 'C=Cc1ccc(-c2ccc(-c3ccc4c(ccc5c6ccc(-c7ccc8c(=C)c(=C)ccc8c7)cc6ccc45)c3)cc2)c(C=C)c1'), min:(-99999, '')
[1.940455675125122] Updated in round 65! max:(0.6037735849056604, 'C=CC=c1ccc2cc(-c3ccc4c(ccc5c6ccc(-c7ccc(-c8ccc(C=C)cc8C=C)cc7)cc6ccc45)c3)ccc2c1=C'), min:(-99999, '')
[2.201838493347168] Updated in round 66! max:(0.6226415094339622, 'C=CC=Cc1ccc(-c2ccc(-c3ccc4c(ccc5c6ccc(-c7ccc8c(=C)c(=CC=C)ccc8c7)cc6ccc45)c3)cc2)c(C=C)c1'), min:(-99999, '')
[2.5094614028930664] Updated in round 67! max:(0.6415094339622641, 'C=CC=Cc1ccc(-c2ccc(-c3ccc4c(ccc5c6ccc(-c7ccc8c(=C)c(=C(C=C)C=C)ccc8c7)cc6ccc45)c3)cc2)c(C=C)c1'), min:(-99999, '')
[2.814517021179199] Updated in round 68! max:(0.6415094339622641, 'C=CC=Cc1ccc(-c2ccc(-c3ccc4c(ccc5c6ccc(-c7ccc8c(=C)c(=C(C=C)C=C)ccc8c7)cc6ccc45)c3)cc2)c(C=C)c1'), min:(-99999, '')
[2.8259236812591553] Updated in round 69! max:(0.6415094339622641, 'C=CC=Cc1ccc(-c2ccc(-c3ccc4c(ccc5c6ccc(-c7ccc8c(=C)c(=C(C=C)C=C)ccc8c7)cc6ccc45)c3)cc2)c(C=C)c1'), min:(-99999, '')
[2.8365731239318848] Updated in round 70! max:(0.6415094339622641, 'C=CC=Cc1ccc(-c2ccc(-c3ccc4c(ccc5c6ccc(-c7ccc8c(=C)c(=C(C=C)C=C)ccc8c7)cc6ccc45)c3)cc2)c(C=C)c1'), min:(-99999, '')
[2.8450582027435303] Updated in round 71! max:(0.6415094339622641, 'C=CC=Cc1ccc(-c2ccc(-c3ccc4c(ccc5c6ccc(-c7ccc8c(=C)c(=C(C=C)C=C)ccc8c7)cc6ccc45)c3)cc2)c(C=C)c1'), min:(-99999, '')
[2.855879068374634] Updated in round 72! max:(0.6415094339622641, 'C=CC=Cc1ccc(-c2ccc(-c3ccc4c(ccc5c6ccc(-c7ccc8c(=C)c(=C(C=C)C=C)ccc8c7)cc6ccc45)c3)cc2)c(C=C)c1'), min:(-99999, '')
[2.8630309104919434] Updated in round 73! max:(0.6415094339622641, 'C=CC=Cc1ccc(-c2ccc(-c3ccc4c(ccc5c6ccc(-c7ccc8c(=C)c(=C(C=C)C=C)ccc8c7)cc6ccc45)c3)cc2)c(C=C)c1'), min:(-99999, '')
[2.873018264770508] Updated in round 74! max:(0.6415094339622641, 'C=CC=Cc1ccc(-c2ccc(-c3ccc4c(ccc5c6ccc(-c7ccc8c(=C)c(=C(C=C)C=C)ccc8c7)cc6ccc45)c3)cc2)c(C=C)c1'), min:(-99999, '')
[2.8999242782592773] Updated in round 75! max:(0.6415094339622641, 'C=CC=Cc1ccc(-c2ccc(-c3ccc4c(ccc5c6ccc(-c7ccc8c(=C)c(=C(C=C)C=C)ccc8c7)cc6ccc45)c3)cc2)c(C=C)c1'), min:(-99999, '')
[2.9136621952056885] Updated in round 76! max:(0.660377358490566, 'C=CC=Cc1ccc2c(ccc3cc(-c4ccc5c(ccc6c7ccc(-c8ccc9c(=C)c(=C(C=C)C=C)ccc9c8)cc7ccc56)c4)ccc32)c1'), min:(-99999, '')
[3.307509660720825] Updated in round 77! max:(0.660377358490566, 'C=CC=Cc1ccc2c(ccc3cc(-c4ccc5c(ccc6c7ccc(-c8ccc9c(=C)c(=C(C=C)C=C)ccc9c8)cc7ccc56)c4)ccc32)c1'), min:(-99999, '')
[3.3158047199249268] Updated in round 78! max:(0.660377358490566, 'C=CC=Cc1ccc2c(ccc3cc(-c4ccc5c(ccc6c7ccc(-c8ccc9c(=C)c(=C(C=C)C=C)ccc9c8)cc7ccc56)c4)ccc32)c1'), min:(-99999, '')
[3.326572895050049] Updated in round 79! max:(0.660377358490566, 'C=CC=Cc1ccc2c(ccc3cc(-c4ccc5c(ccc6c7ccc(-c8ccc9c(=C)c(=C(C=C)C=C)ccc9c8)cc7ccc56)c4)ccc32)c1'), min:(-99999, '')
[3.3342506885528564] Updated in round 80! max:(0.660377358490566, 'C=CC=Cc1ccc2c(ccc3cc(-c4ccc5c(ccc6c7ccc(-c8ccc9c(=C)c(=C(C=C)C=C)ccc9c8)cc7ccc56)c4)ccc32)c1'), min:(-99999, '')
[3.343485116958618] Updated in round 81! max:(0.660377358490566, 'C=CC=Cc1ccc2c(ccc3cc(-c4ccc5c(ccc6c7ccc(-c8ccc9c(=C)c(=C(C=C)C=C)ccc9c8)cc7ccc56)c4)ccc32)c1'), min:(-99999, '')
[3.3562443256378174] Updated in round 82! max:(0.660377358490566, 'C=CC=Cc1ccc2c(ccc3cc(-c4ccc5c(ccc6c7ccc(-c8ccc9c(=C)c(=C(C=C)C=C)ccc9c8)cc7ccc56)c4)ccc32)c1'), min:(-99999, '')
[3.3666162490844727] Updated in round 83! max:(0.660377358490566, 'C=CC=Cc1ccc2c(ccc3cc(-c4ccc5c(ccc6c7ccc(-c8ccc9c(=C)c(=C(C=C)C=C)ccc9c8)cc7ccc56)c4)ccc32)c1'), min:(-99999, '')
[3.391270637512207] Updated in round 84! max:(0.660377358490566, 'C=CC=Cc1ccc2c(ccc3cc(-c4ccc5c(ccc6c7ccc(-c8ccc9c(=C)c(=C(C=C)C=C)ccc9c8)cc7ccc56)c4)ccc32)c1'), min:(-99999, '')
[3.4031360149383545] Updated in round 85! max:(0.660377358490566, 'C=CC=Cc1ccc2c(ccc3cc(-c4ccc5c(ccc6c7ccc(-c8ccc9c(=C)c(=C(C=C)C=C)ccc9c8)cc7ccc56)c4)ccc32)c1'), min:(-99999, '')
[3.4115355014801025] Updated in round 86! max:(0.660377358490566, 'C=CC=Cc1ccc2c(ccc3cc(-c4ccc5c(ccc6c7ccc(-c8ccc9c(=C)c(=C(C=C)C=C)ccc9c8)cc7ccc56)c4)ccc32)c1'), min:(-99999, '')
[3.4208438396453857] Updated in round 87! max:(0.660377358490566, 'C=CC=Cc1ccc2c(ccc3cc(-c4ccc5c(ccc6c7ccc(-c8ccc9c(=C)c(=C(C=C)C=C)ccc9c8)cc7ccc56)c4)ccc32)c1'), min:(-99999, '')
[3.434417724609375] Updated in round 88! max:(0.6792452830188679, 'C=CC=CC=Cc1ccc2c(ccc3cc(-c4ccc5c(ccc6c7ccc(-c8ccc9c(=C)c(=C(C=C)C=C)ccc9c8)cc7ccc56)c4)ccc32)c1'), min:(-99999, '')
[3.8729827404022217] Updated in round 89! max:(0.6792452830188679, 'C=CC=CC=Cc1ccc2c(ccc3cc(-c4ccc5c(ccc6c7ccc(-c8ccc9c(=C)c(=C(C=C)C=C)ccc9c8)cc7ccc56)c4)ccc32)c1'), min:(-99999, '')
[3.884704113006592] Updated in round 90! max:(0.6792452830188679, 'C=CC=CC=Cc1ccc2c(ccc3cc(-c4ccc5c(ccc6c7ccc(-c8ccc9c(=C)c(=C(C=C)C=C)ccc9c8)cc7ccc56)c4)ccc32)c1'), min:(-99999, '')
[3.9009993076324463] Updated in round 91! max:(0.6792452830188679, 'C=CC=CC=Cc1ccc2c(ccc3cc(-c4ccc5c(ccc6c7ccc(-c8ccc9c(=C)c(=C(C=C)C=C)ccc9c8)cc7ccc56)c4)ccc32)c1'), min:(-99999, '')
[3.9303665161132812] Updated in round 92! max:(0.6792452830188679, 'C=CC=CC=Cc1ccc2c(ccc3cc(-c4ccc5c(ccc6c7ccc(-c8ccc9c(=C)c(=C(C=C)C=C)ccc9c8)cc7ccc56)c4)ccc32)c1'), min:(-99999, '')
[3.9463648796081543] Updated in round 93! max:(0.6792452830188679, 'C=CC=CC=Cc1ccc2c(ccc3cc(-c4ccc5c(ccc6c7ccc(-c8ccc9c(=C)c(=C(C=C)C=C)ccc9c8)cc7ccc56)c4)ccc32)c1'), min:(-99999, '')
[3.9589409828186035] Updated in round 94! max:(0.6792452830188679, 'C=CC=CC=Cc1ccc2c(ccc3cc(-c4ccc5c(ccc6c7ccc(-c8ccc9c(=C)c(=C(C=C)C=C)ccc9c8)cc7ccc56)c4)ccc32)c1'), min:(-99999, '')
[3.9730842113494873] Updated in round 95! max:(0.6792452830188679, 'C=CC=CC=Cc1ccc2c(ccc3cc(-c4ccc5c(ccc6c7ccc(-c8ccc9c(=C)c(=C(C=C)C=C)ccc9c8)cc7ccc56)c4)ccc32)c1'), min:(-99999, '')
[3.9857139587402344] Updated in round 96! max:(0.6792452830188679, 'C=CC=CC=Cc1ccc2c(ccc3cc(-c4ccc5c(ccc6c7ccc(-c8ccc9c(=C)c(=C(C=C)C=C)ccc9c8)cc7ccc56)c4)ccc32)c1'), min:(-99999, '')
[4.003397226333618] Updated in round 97! max:(0.6792452830188679, 'C=CC=CC=Cc1ccc2c(ccc3cc(-c4ccc5c(ccc6c7ccc(-c8ccc9c(=C)c(=C(C=C)C=C)ccc9c8)cc7ccc56)c4)ccc32)c1'), min:(-99999, '')
[4.021180152893066] Updated in round 98! max:(0.6981132075471698, 'C=CC=CC=Cc1ccc2c(ccc3cc(-c4ccc5c(ccc6c7ccc(-c8ccc9c(=C)c(=C(C=C)C=CC=C)ccc9c8)cc7ccc56)c4)ccc32)c1'), min:(-99999, '')
[4.507741212844849] Updated in round 99! max:(0.6981132075471698, 'C=CC=CC=Cc1ccc2c(ccc3cc(-c4ccc5c(ccc6c7ccc(-c8ccc9c(=C)c(=C(C=C)C=CC=C)ccc9c8)cc7ccc56)c4)ccc32)c1'), min:(-99999, '')
[4.523470878601074] Updated in round 100! max:(0.6981132075471698, 'C=CC=CC=Cc1ccc2c(ccc3cc(-c4ccc5c(ccc6c7ccc(-c8ccc9c(=C)c(=C(C=C)C=CC=C)ccc9c8)cc7ccc56)c4)ccc32)c1'), min:(-99999, '')
[4.537993907928467] Updated in round 101! max:(0.6981132075471698, 'C=CC=CC=Cc1ccc2c(ccc3cc(-c4ccc5c(ccc6c7ccc(-c8ccc9c(=C)c(=C(C=C)C=CC=C)ccc9c8)cc7ccc56)c4)ccc32)c1'), min:(-99999, '')
[5.705799579620361] Updated in round 102! max:(0.7169811320754716, 'C=CC=CC=Cc1ccc2c(ccc3cc(-c4ccc5c(ccc6c7ccc(-c8ccc9c(ccc%10c(C=CC=C)cccc%109)c8)cc7ccc56)c4)ccc32)c1'), min:(-1.0, 'C=CC=CC=Cc1ccc2c(ccc3cc(-c4ccc5c6ccc7c8ccc(cc8ccc57)-c5ccc7c(=C)c(ccc7c5)=C(C=C)C=CC(=C)c46)ccc32)c1')
[10.32488465309143] Updated in round 103! max:(0.7358490566037735, 'C=CC=CC=Cc1ccc2c(ccc3cc(-c4ccc5c(ccc6c7ccc(-c8ccc9c(ccc%10c(C=CC(=C)C=C)cccc%109)c8)cc7ccc56)c4)ccc32)c1'), min:(-1.0, 'C=CC=CC=Cc1ccc2c(c1)cc1cc3c(=C(C=C)C=CC=C)ccc4cc(ccc43)c3ccc4c(ccc5c6ccc(cc6ccc45)c4ccc2c1c4)c3')
[13.003695726394653] Updated in round 104! max:(0.7358490566037735, 'C=CC=CC=Cc1ccc2c(ccc3cc(-c4ccc5c(ccc6c7ccc(-c8ccc9c(ccc%10c(C=CC(=C)C=C)cccc%109)c8)cc7ccc56)c4)ccc32)c1'), min:(-1.0, 'C=CC=CC=Cc1ccc2c(ccc3c2ccc2c4ccc5c(ccc6c7ccc(cc7ccc56)c5ccc6c(=C)c(ccc6c5)c(C=C)ccc(=C)c23)c4)c1')
[17.300979375839233] Updated in round 105! max:(0.7358490566037735, 'C=CC=CC=Cc1ccc2c(ccc3cc(-c4ccc5c(ccc6c7ccc(-c8ccc9c(ccc%10c(C=CC(=C)C=C)cccc%109)c8)cc7ccc56)c4)ccc32)c1'), min:(-1.0, 'C=CC=CC=Cc1cc(C=C)c2c(ccc3cc(-c4ccc5c(ccc6c7ccc(-c8ccc9c(=C)c(=C(C=C)C=C)ccc9c8)cc7ccc56)c4)ccc32)c1')
[24.134732961654663] Updated in round 106! max:(0.7547169811320755, 'C=CC=CC=Cc1ccc2c(ccc3cc(-c4ccc5c(ccc6c7ccc(-c8ccc9c(=C)c(=c%10ccc(C=CC=C)cc%10=C)ccc9c8)cc7ccc56)c4)ccc32)c1'), min:(-1.0, 'C=CC=CC=Cc1ccc2c(ccc3cc(-c4ccc5c(ccc6c7ccc(-c8ccc9c(=C)c(=C(C=C)C=C)cc(C=C)c9c8)cc7ccc56)c4)ccc32)c1')
[31.68549919128418] Updated in round 107! max:(0.7735849056603774, 'C=CC=Cc1ccc(=c2ccc3cc(-c4ccc5c(ccc6c7ccc(-c8ccc9c(ccc%10cc(C=CC=CC(=C)C=C)ccc%109)c8)cc7ccc56)c4)ccc3c2=C)c(=C)c1'), min:(-1.0, 'C=CC=CC=Cc1ccc2c(ccc3cc(-c4cc5ccc6c7ccc8cc7ccc6c5c(c4)c4cc5cc8ccc5c(=C)c4=C(C=C)C=C)ccc32)c1')
[36.626108169555664] Updated in round 108! max:(0.7924528301886793, 'C=Cc1ccc2c(ccc3cc(-c4ccc5c(ccc6c7ccc(-c8ccc9c(ccc%10c(C=C)c(C=Cc%11ccc(=C)c(=C)c%11)ccc%109)c8)cc7ccc56)c4)ccc32)c1C=C'), min:(-1.0, 'C=CC=CC=Cc1ccc2c(ccc3cc(-c4ccc5c(ccc6c7ccc(-c8ccc9c(=C)c(=C(C=C)C=C)cc%10c9c8-%10)cc7ccc56)c4)ccc32)c1')
[44.36191749572754] Updated in round 109! max:(0.8113207547169812, 'C=CC=Cc1ccc2c(ccc3cc(-c4ccc5c(ccc6c7ccc(-c8ccc9c(ccc%10c(C=C)c(C=Cc%11ccc(=C)c(=C)c%11)ccc%109)c8)cc7ccc56)c4)ccc32)c1C=C'), min:(-1.0, 'C=CC=CC=Cc1ccc2c(ccc3cc(-c4ccc5c(ccc6c7ccc8cc7c(ccc(C=C)c7ccc9cc8ccc9c7=C)cc56)c4)ccc32)c1')
[51.708070039749146] Updated in round 110! max:(0.8301886792452831, 'C=CC=Cc1cccc(C=Cc2ccc3c(ccc4cc(-c5ccc6c(ccc7c8ccc(-c9ccc%10c(=C)c(=c%11ccc(C=CC=C)cc%11=C)ccc%10c9)cc8ccc67)c5)ccc43)c2)c1'), min:(-1.0, 'C=CC=CC=Cc1ccc2c(ccc3cc(-c4ccc5c(ccc6c7ccc(-c8cc(C=C)c9c(=C)c(=C(C=C)C=C)ccc9c8)cc7ccc56)c4)ccc32)c1')
[61.99656653404236] Updated in round 111! max:(0.8490566037735849, 'C=CC=CC=Cc1ccc2c(ccc3c4ccc(-c5ccc6c(ccc7c8ccc(-c9ccc%10c(ccc%11cc(C=CC=Cc%12ccccc%12)ccc%11%10)c9)cc8ccc67)c5)cc4ccc23)c1'), min:(-1.0, 'C=CC=CC=Cc1ccc2c(ccc3cc(-c4ccc5c(c4)cc(C=C)c4c6ccc(-c7ccc8c(=C)c(=C(C=C)C=C)ccc8c7)cc6ccc54)ccc32)c1')
[66.0823438167572] Updated in round 112! max:(0.8679245283018868, 'C=CC=CC(=CC=C)C=C(C=C)c1ccc2c(ccc3c4ccc(-c5ccc6c(ccc7c8ccc(-c9ccc%10c(=C)c(=c%11ccc(C=CC=C)cc%11=C)ccc%10c9)cc8ccc67)c5)cc4ccc23)c1'), min:(-1.0, 'C=CC=CC=Cc1ccc2c(ccc3cc(-c4ccc5c(ccc6c7ccc(-c8ccc9c(=C)c(=C(C=C)C=C)ccc9c8)cc7cc(C=C)c56)c4)ccc32)c1')
[71.25848340988159] Updated in round 113! max:(0.8679245283018868, 'C=CC=CC(=CC=C)C=C(C=C)c1ccc2c(ccc3c4ccc(-c5ccc6c(ccc7c8ccc(-c9ccc%10c(=C)c(=c%11ccc(C=CC=C)cc%11=C)ccc%10c9)cc8ccc67)c5)cc4ccc23)c1'), min:(-1.0, 'C=CC=CC=Cc1cc2ccc3cc4ccc3c2cc1ccc(C=C)c1ccc2cc(ccc2c1=C)c1ccc2c(ccc3c5ccc4cc5ccc23)c1')
[91.58767485618591] Updated in round 114! max:(0.8867924528301887, 'C=CC=CC=Cc1ccc2c(ccc3c4ccc(-c5ccc6c(ccc7c8ccc(-c9ccc%10c(ccc%11c(C=C)c(C=CC=Cc%12ccccc%12C=C)ccc%11%10)c9)cc8ccc67)c5)cc4ccc23)c1'), min:(-1.0, 'C=CC=CC=Cc1ccc2c3cc4c(-c5ccc6c(ccc7c8ccc(-c9ccc%10c(=C)c(=C(C=C)C=C)ccc%10c9)cc8ccc67)c5)cc3ccc2c14')
[95.85002279281616] Updated in round 115! max:(0.8867924528301887, 'C=CC=CC=Cc1ccc2c(ccc3c4ccc(-c5ccc6c(ccc7c8ccc(-c9ccc%10c(ccc%11c(C=C)c(C=CC=Cc%12ccccc%12C=C)ccc%11%10)c9)cc8ccc67)c5)cc4ccc23)c1'), min:(-1.0, 'C=CC(C=C)=c1ccc2cc(-c3ccc4c(ccc5c6ccc(-c7ccc8c(ccc9cc%10ccc(=C)c(c%10)c98)c7)cc6ccc45)c3)ccc2c1=C')
[123.51708626747131] Updated in round 116! max:(0.9056603773584906, 'C=CC=Cc1cccc(C=C(C=C)C=Cc2ccc3c(ccc4cc(-c5ccc6c(ccc7c8ccc(-c9ccc%10c(ccc%11c%12ccc(C=CC=C)cc%12ccc%10%11)c9)cc8ccc67)c5)ccc43)c2C=C)c1'), min:(-1.0, 'C=CC=Cc1ccc2c(ccc3cc(-c4ccc5c(ccc6c7ccc8c(c7ccc56)-c5cc6c(=C)c(=C(C=C)C=C)ccc6cc5-8)c4)ccc32)c1')
[137.31374740600586] Updated in round 117! max:(0.9245283018867925, 'C=CC=Cc1cccc(C=C(C=C)c2ccc3c(ccc4c5ccc(-c6ccc7c(ccc8c9ccc(-c%10ccc%11c(ccc%12c%13ccc(C=CC=C)cc%13ccc%11%12)c%10)cc9ccc78)c6)cc5ccc34)c2)c1'), min:(-1.0, 'C=CC=Cc1ccc2c3ccc4cc3cc(c3cc5c(ccc6c7ccc4cc7ccc56)cc3-c3ccc4c(=C)c(=C(C=C)C=C)ccc4c3)c2c1')
[155.3712236881256] Updated in round 118! max:(0.9245283018867925, 'C=CC=Cc1cccc(C=C(C=C)c2ccc3c(ccc4c5ccc(-c6ccc7c(ccc8c9ccc(-c%10ccc%11c(ccc%12c%13ccc(C=CC=C)cc%13ccc%11%12)c%10)cc9ccc78)c6)cc5ccc34)c2)c1'), min:(-1.0, 'C=CC=Cc1ccc2c(ccc3cc(-c4ccc5c(ccc6c7ccc8cc7c(cc56)-c5cc-8cc6ccc(=C(C=C)C=C)c(=C)c56)c4)ccc32)c1')
[176.9498167037964] Updated in round 119! max:(0.9433962264150944, 'C=CC=Cc1ccc2c(ccc3c4ccc(-c5ccc6c(ccc7c8ccc(-c9ccc%10c(ccc%11c%12ccc(-c%13ccc%14c(C=CC=C)cccc%14c%13)cc%12ccc%10%11)c9)cc8ccc67)c5)cc4ccc23)c1'), min:(-1.0, 'C=CC=Cc1ccc2c(ccc3cc(C4=Cc5c6cc7c(ccc8cc(-c9ccc%10c(=C)c(=C(C=C)C=C)ccc%10c9)ccc87)c5C=C46)ccc32)c1')
[202.2499532699585] Updated in round 120! max:(0.9433962264150944, 'C=CC=Cc1ccc2c(ccc3c4ccc(-c5ccc6c(ccc7c8ccc(-c9ccc%10c(ccc%11c%12ccc(-c%13ccc%14c(C=CC=C)cccc%14c%13)cc%12ccc%10%11)c9)cc8ccc67)c5)cc4ccc23)c1'), min:(-1.0, 'C=CC=Cc1ccc2c(ccc3cc(-c4ccc5c(ccc6c7ccc(-c8ccc9c(=C)c(=C%10C=CC=C%10)ccc9c8)cc7ccc56)c4)ccc32)c1')
[208.96747088432312] Updated in round 121! max:(0.9622641509433962, 'C=c1ccccc2ccc3c(ccc4c5ccc(cc5ccc34)c3ccc4c(ccc5c6ccc(cc6ccc45)c4ccc5c(ccc6c7ccc(cc7ccc56)c5ccc6c(cccc6c5)cc1)c4)c3)c2'), min:(-1.0, 'C=CC=Cc1ccc2c(ccc3cc(-c4ccc5c6ccc7c8ccc(cc8ccc57)-c5ccc7c(=C)c(ccc7c5)=C(C=C)C(=C)c46)ccc32)c1')
[263.67297315597534] Updated in round 122! max:(0.9622641509433962, 'C=c1ccccc2ccc3c(ccc4c5ccc(cc5ccc34)c3ccc4c(ccc5c6ccc(cc6ccc45)c4ccc5c(ccc6c7ccc(cc7ccc56)c5ccc6c(cccc6c5)cc1)c4)c3)c2'), min:(-1.0, 'C=CC=Cc1ccc2c(ccc3cc(-c4ccc5c6c7c(cc5c4)C(=c4cc(-c5ccc8c(=C)c(=C(C=C)C=C)ccc8c5)ccc4=7)C=6)ccc32)c1')
[298.0745425224304] Updated in round 123! max:(0.9622641509433962, 'C=c1ccccc2ccc3c(ccc4c5ccc(cc5ccc34)c3ccc4c(ccc5c6ccc(cc6ccc45)c4ccc5c(ccc6c7ccc(cc7ccc56)c5ccc6c(cccc6c5)cc1)c4)c3)c2'), min:(-1.0, 'C=CC=Cc1ccc2c(ccc3cc(-c4ccc5c(c4)c4cc6c7ccc(cc7ccc56)-c5ccc6c(=C)c(ccc6c5)=C(C=C)C=C4)ccc32)c1')
[336.46336555480957] Updated in round 124! max:(0.9811320754716981, 'c1ccc2c3cccc(c1)-c1ccc4c(ccc5c6ccc(cc6ccc45)-c4ccc5c(ccc6c7ccc(cc7ccc56)-c5ccc6c(ccc7c8ccc(cc8ccc67)-c6ccc2c(cc3)c6)c5)c4)c1'), min:(-1.0, 'C=CC=Cc1ccc2c(ccc3cc(-c4ccc5c(c4)c4cc6c5ccc5cc(-c7ccc8c(=C)c(=C(C=C)C=C)ccc8c7)cc-4c56)ccc32)c1')
[382.71108841896057] Updated in round 125! max:(0.9811320754716981, 'c1ccc2c3cccc(c1)-c1ccc4c(ccc5c6ccc(cc6ccc45)-c4ccc5c(ccc6c7ccc(cc7ccc56)-c5ccc6c(ccc7c8ccc(cc8ccc67)-c6ccc2c(cc3)c6)c5)c4)c1'), min:(-1.0, 'C=CC=Cc1ccc2c(ccc3cc(-c4ccc5c6ccc7cc8ccc7c6cc(c5c4)c4c8ccc5c(=C)c(=C(C=C)C=C)ccc54)ccc32)c1')
[421.71040630340576] Updated in round 126! max:(0.9811320754716981, 'c1ccc2c3cccc(c1)-c1ccc4c(ccc5c6ccc(cc6ccc45)-c4ccc5c(ccc6c7ccc(cc7ccc56)-c5ccc6c(ccc7c8ccc(cc8ccc67)-c6ccc2c(cc3)c6)c5)c4)c1'), min:(-1.0, 'C=CC=Cc1ccc2c(ccc3cc(-c4ccc5c(ccc6c7ccc8c(c7ccc56)C=c5c(=C(C=C)C=C)ccc6cc-8ccc56)c4)ccc32)c1')
[421.8378396034241] Reproduced in round 127!!
