[7.724761962890625e-05]Start running EvoMol from [H][H]...
[0.014923572540283203] Updated in round 1! max:(0.07547169811320754, 'c1ccccc1'), min:(-99999, '')
[0.02038288116455078] Updated in round 2! max:(0.1509433962264151, 'c1ccc(-c2ccccc2)cc1'), min:(-99999, '')
[0.03222775459289551] Updated in round 3! max:(0.22641509433962265, 'c1ccc(-c2ccc(-c3ccccc3)cc2)cc1'), min:(-99999, '')
[0.05334830284118652] Updated in round 4! max:(0.24528301886792453, 'C=Cc1cccc(-c2ccc(-c3ccccc3)cc2)c1'), min:(-99999, '')
[0.08168673515319824] Updated in round 5! max:(0.2641509433962264, 'C=Cc1cccc(-c2ccc(-c3ccccc3)cc2C=C)c1'), min:(-99999, '')
[0.11221003532409668] Updated in round 6! max:(0.2641509433962264, 'C=Cc1cccc(-c2ccc(-c3ccccc3)cc2C=C)c1'), min:(-99999, '')
[0.11485671997070312] Updated in round 7! max:(0.2641509433962264, 'C=Cc1cccc(-c2ccc(-c3ccccc3)cc2C=C)c1'), min:(-99999, '')
[0.11728882789611816] Updated in round 8! max:(0.2641509433962264, 'C=Cc1cccc(-c2ccc(-c3ccccc3)cc2C=C)c1'), min:(-99999, '')
[0.12087774276733398] Updated in round 9! max:(0.33962264150943394, 'C=Cc1cccc(-c2ccc(-c3ccc(-c4ccccc4)cc3)cc2C=C)c1'), min:(-99999, '')
[0.1778111457824707] Updated in round 10! max:(0.39622641509433965, 'C=Cc1cccc(-c2ccc(-c3ccc(-c4ccc5ccccc5c4)cc3)cc2C=C)c1'), min:(-99999, '')
[0.25549864768981934] Updated in round 11! max:(0.39622641509433965, 'C=Cc1cccc(-c2ccc(-c3ccc(-c4ccc5ccccc5c4)cc3)cc2C=C)c1'), min:(-99999, '')
[0.2601737976074219] Updated in round 12! max:(0.39622641509433965, 'C=Cc1cccc(-c2ccc(-c3ccc(-c4ccc5ccccc5c4)cc3)cc2C=C)c1'), min:(-99999, '')
[0.265822172164917] Updated in round 13! max:(0.41509433962264153, 'C=CC=Cc1cccc(-c2ccc(-c3ccc(-c4ccc5ccccc5c4)cc3)cc2C=C)c1'), min:(-99999, '')
[0.3595561981201172] Updated in round 14! max:(0.41509433962264153, 'C=CC=Cc1cccc(-c2ccc(-c3ccc(-c4ccc5ccccc5c4)cc3)cc2C=C)c1'), min:(-99999, '')
[0.3647158145904541] Updated in round 15! max:(0.49056603773584906, 'C=Cc1cc(-c2ccc(-c3ccc4ccccc4c3)cc2)ccc1-c1cccc(C=CC(=C)c2ccccc2)c1'), min:(-99999, '')
[0.5060539245605469] Updated in round 16! max:(0.5094339622641509, 'C=Cc1cc(-c2ccc(-c3ccc4ccccc4c3)cc2)ccc1-c1ccc2cc(-c3ccccc3)ccc2c1'), min:(-99999, '')
[0.67205810546875] Updated in round 17! max:(0.5094339622641509, 'C=Cc1cc(-c2ccc(-c3ccc4ccccc4c3)cc2)ccc1-c1ccc2cc(-c3ccccc3)ccc2c1'), min:(-99999, '')
[0.6783871650695801] Updated in round 18! max:(0.5283018867924528, 'C=Cc1cccc(-c2ccc3cc(-c4ccc(-c5ccc(-c6ccc7ccccc7c6)cc5)cc4C=C)ccc3c2)c1'), min:(-99999, '')
[0.8560380935668945] Updated in round 19! max:(0.5283018867924528, 'C=Cc1cccc(-c2ccc3cc(-c4ccc(-c5ccc(-c6ccc7ccccc7c6)cc5)cc4C=C)ccc3c2)c1'), min:(-99999, '')
[0.8636643886566162] Updated in round 20! max:(0.5660377358490566, 'C=Cc1cccc(-c2ccc3cc(-c4ccc(-c5ccc6c(ccc7c8ccccc8ccc67)c5)cc4C=C)ccc3c2)c1'), min:(-99999, '')
[1.0513298511505127] Updated in round 21! max:(0.5660377358490566, 'C=Cc1cccc(-c2ccc3cc(-c4ccc(-c5ccc6c(ccc7c8ccccc8ccc67)c5)cc4C=C)ccc3c2)c1'), min:(-99999, '')
[1.0583391189575195] Updated in round 22! max:(0.5660377358490566, 'C=Cc1cccc(-c2ccc3cc(-c4ccc(-c5ccc6c(ccc7c8ccccc8ccc67)c5)cc4C=C)ccc3c2)c1'), min:(-99999, '')
[1.0650997161865234] Updated in round 23! max:(0.5660377358490566, 'C=Cc1cccc(-c2ccc3cc(-c4ccc(-c5ccc6c(ccc7c8ccccc8ccc67)c5)cc4C=C)ccc3c2)c1'), min:(-99999, '')
[1.0717358589172363] Updated in round 24! max:(0.5660377358490566, 'C=Cc1cccc(-c2ccc3cc(-c4ccc(-c5ccc6c(ccc7c8ccccc8ccc67)c5)cc4C=C)ccc3c2)c1'), min:(-99999, '')
[1.079021692276001] Updated in round 25! max:(0.5849056603773585, 'C=Cc1ccc(-c2ccc3cc(-c4ccc(-c5ccc6c(ccc7c8ccccc8ccc67)c5)cc4C=C)ccc3c2)cc1C=C'), min:(-99999, '')
[1.2862956523895264] Updated in round 26! max:(0.6037735849056604, 'C=CC=Cc1ccc(-c2ccc3cc(-c4ccc(-c5ccc6c(ccc7c8ccccc8ccc67)c5)cc4C=C)ccc3c2)cc1C=C'), min:(-99999, '')
[1.521301507949829] Updated in round 27! max:(0.6226415094339622, 'C=CC=CC=Cc1ccc(-c2ccc3cc(-c4ccc(-c5ccc6c(ccc7c8ccccc8ccc67)c5)cc4C=C)ccc3c2)cc1C=C'), min:(-99999, '')
[1.7843163013458252] Updated in round 28! max:(0.6226415094339622, 'C=CC=CC=Cc1ccc(-c2ccc3cc(-c4ccc(-c5ccc6c(ccc7c8ccccc8ccc67)c5)cc4C=C)ccc3c2)cc1C=C'), min:(-99999, '')
[1.792881727218628] Updated in round 29! max:(0.660377358490566, 'C=Cc1cc(-c2ccc3cc(-c4ccc(-c5ccc6c(ccc7c8ccccc8ccc67)c5)cc4C=C)ccc3c2)ccc1C=Cc1ccccc1'), min:(-99999, '')
[2.097843647003174] Updated in round 30! max:(0.660377358490566, 'C=Cc1cc(-c2ccc3cc(-c4ccc(-c5ccc6c(ccc7c8ccccc8ccc67)c5)cc4C=C)ccc3c2)ccc1C=Cc1ccccc1'), min:(-99999, '')
[2.103008985519409] Updated in round 31! max:(0.660377358490566, 'C=Cc1cc(-c2ccc3cc(-c4ccc(-c5ccc6c(ccc7c8ccccc8ccc67)c5)cc4C=C)ccc3c2)ccc1C=Cc1ccccc1'), min:(-99999, '')
[2.1090455055236816] Updated in round 32! max:(0.660377358490566, 'C=Cc1cc(-c2ccc3cc(-c4ccc(-c5ccc6c(ccc7c8ccccc8ccc67)c5)cc4C=C)ccc3c2)ccc1C=Cc1ccccc1'), min:(-99999, '')
[2.1152186393737793] Updated in round 33! max:(0.7358490566037735, 'C=Cc1cc(-c2ccc3cc(-c4ccc(-c5ccc6c(ccc7c8ccc(-c9ccccc9)cc8ccc67)c5)cc4C=C)ccc3c2)ccc1C=Cc1ccccc1'), min:(-99999, '')
[2.598684072494507] Updated in round 34! max:(0.7358490566037735, 'C=Cc1cc(-c2ccc3cc(-c4ccc(-c5ccc6c(ccc7c8ccc(-c9ccccc9)cc8ccc67)c5)cc4C=C)ccc3c2)ccc1C=Cc1ccccc1'), min:(-99999, '')
[2.605525493621826] Updated in round 35! max:(0.7358490566037735, 'C=Cc1cc(-c2ccc3cc(-c4ccc(-c5ccc6c(ccc7c8ccc(-c9ccccc9)cc8ccc67)c5)cc4C=C)ccc3c2)ccc1C=Cc1ccccc1'), min:(-99999, '')
[2.611389636993408] Updated in round 36! max:(0.7358490566037735, 'C=Cc1cc(-c2ccc3cc(-c4ccc(-c5ccc6c(ccc7c8ccc(-c9ccccc9)cc8ccc67)c5)cc4C=C)ccc3c2)ccc1C=Cc1ccccc1'), min:(-99999, '')
[2.6184942722320557] Updated in round 37! max:(0.7358490566037735, 'C=Cc1cc(-c2ccc3cc(-c4ccc(-c5ccc6c(ccc7c8ccc(-c9ccccc9)cc8ccc67)c5)cc4C=C)ccc3c2)ccc1C=Cc1ccccc1'), min:(-99999, '')
[2.6255762577056885] Updated in round 38! max:(0.7358490566037735, 'C=Cc1cc(-c2ccc3cc(-c4ccc(-c5ccc6c(ccc7c8ccc(-c9ccccc9)cc8ccc67)c5)cc4C=C)ccc3c2)ccc1C=Cc1ccccc1'), min:(-99999, '')
[2.63254976272583] Updated in round 39! max:(0.7358490566037735, 'C=Cc1cc(-c2ccc3cc(-c4ccc(-c5ccc6c(ccc7c8ccc(-c9ccccc9)cc8ccc67)c5)cc4C=C)ccc3c2)ccc1C=Cc1ccccc1'), min:(-99999, '')
[2.648928642272949] Updated in round 40! max:(0.7358490566037735, 'C=Cc1cc(-c2ccc3cc(-c4ccc(-c5ccc6c(ccc7c8ccc(-c9ccccc9)cc8ccc67)c5)cc4C=C)ccc3c2)ccc1C=Cc1ccccc1'), min:(-99999, '')
[2.6589407920837402] Updated in round 41! max:(0.7358490566037735, 'C=Cc1cc(-c2ccc3cc(-c4ccc(-c5ccc6c(ccc7c8ccc(-c9ccccc9)cc8ccc67)c5)cc4C=C)ccc3c2)ccc1C=Cc1ccccc1'), min:(-99999, '')
[2.666736125946045] Updated in round 42! max:(0.8113207547169812, 'C=Cc1cc(-c2ccc3cc(-c4ccc(-c5ccc6c(ccc7c8ccc(-c9ccc(-c%10ccccc%10)cc9)cc8ccc67)c5)cc4C=C)ccc3c2)ccc1C=Cc1ccccc1'), min:(-99999, '')
[3.3545448780059814] Updated in round 43! max:(0.8113207547169812, 'C=Cc1cc(-c2ccc3cc(-c4ccc(-c5ccc6c(ccc7c8ccc(-c9ccc(-c%10ccccc%10)cc9)cc8ccc67)c5)cc4C=C)ccc3c2)ccc1C=Cc1ccccc1'), min:(-99999, '')
[3.3669896125793457] Updated in round 44! max:(0.8113207547169812, 'C=Cc1cc(-c2ccc3cc(-c4ccc(-c5ccc6c(ccc7c8ccc(-c9ccc(-c%10ccccc%10)cc9)cc8ccc67)c5)cc4C=C)ccc3c2)ccc1C=Cc1ccccc1'), min:(-99999, '')
[3.3752315044403076] Updated in round 45! max:(0.8113207547169812, 'C=Cc1cc(-c2ccc3cc(-c4ccc(-c5ccc6c(ccc7c8ccc(-c9ccc(-c%10ccccc%10)cc9)cc8ccc67)c5)cc4C=C)ccc3c2)ccc1C=Cc1ccccc1'), min:(-99999, '')
[3.38497257232666] Updated in round 46! max:(0.8490566037735849, 'C=Cc1cc(-c2ccc3cc(-c4ccc(-c5ccc6c(ccc7c8ccc(-c9ccc(-c%10ccccc%10)cc9)cc8ccc67)c5)cc4C=C)ccc3c2)ccc1-c1ccc2ccccc2c1'), min:(-99999, '')
[4.139324903488159] Updated in round 47! max:(0.8490566037735849, 'C=Cc1cc(-c2ccc3cc(-c4ccc(-c5ccc6c(ccc7c8ccc(-c9ccc(-c%10ccccc%10)cc9)cc8ccc67)c5)cc4C=C)ccc3c2)ccc1-c1ccc2ccccc2c1'), min:(-99999, '')
[4.149229049682617] Updated in round 48! max:(0.8490566037735849, 'C=Cc1cc(-c2ccc3cc(-c4ccc(-c5ccc6c(ccc7c8ccc(-c9ccc(-c%10ccccc%10)cc9)cc8ccc67)c5)cc4C=C)ccc3c2)ccc1-c1ccc2ccccc2c1'), min:(-99999, '')
[4.15831184387207] Updated in round 49! max:(0.8490566037735849, 'C=Cc1cc(-c2ccc3cc(-c4ccc(-c5ccc6c(ccc7c8ccc(-c9ccc(-c%10ccccc%10)cc9)cc8ccc67)c5)cc4C=C)ccc3c2)ccc1-c1ccc2ccccc2c1'), min:(-99999, '')
[4.167108774185181] Updated in round 50! max:(0.8490566037735849, 'C=Cc1cc(-c2ccc3cc(-c4ccc(-c5ccc6c(ccc7c8ccc(-c9ccc(-c%10ccccc%10)cc9)cc8ccc67)c5)cc4C=C)ccc3c2)ccc1-c1ccc2ccccc2c1'), min:(-99999, '')
[4.186452627182007] Updated in round 51! max:(0.8490566037735849, 'C=Cc1cc(-c2ccc3cc(-c4ccc(-c5ccc6c(ccc7c8ccc(-c9ccc(-c%10ccccc%10)cc9)cc8ccc67)c5)cc4C=C)ccc3c2)ccc1-c1ccc2ccccc2c1'), min:(-99999, '')
[4.197980165481567] Updated in round 52! max:(0.8679245283018868, 'C=Cc1ccccc1-c1ccc(-c2ccc3c(ccc4c5ccc(-c6ccc(-c7ccc8cc(-c9ccc(-c%10ccc%11ccccc%11c%10)c(C=C)c9)ccc8c7)c(C=C)c6)cc5ccc34)c2)cc1'), min:(-99999, '')
[4.995462894439697] Updated in round 53! max:(0.8679245283018868, 'C=Cc1ccccc1-c1ccc(-c2ccc3c(ccc4c5ccc(-c6ccc(-c7ccc8cc(-c9ccc(-c%10ccc%11ccccc%11c%10)c(C=C)c9)ccc8c7)c(C=C)c6)cc5ccc34)c2)cc1'), min:(-99999, '')
[5.0129594802856445] Updated in round 54! max:(0.8679245283018868, 'C=Cc1ccccc1-c1ccc(-c2ccc3c(ccc4c5ccc(-c6ccc(-c7ccc8cc(-c9ccc(-c%10ccc%11ccccc%11c%10)c(C=C)c9)ccc8c7)c(C=C)c6)cc5ccc34)c2)cc1'), min:(-99999, '')
[5.022101402282715] Updated in round 55! max:(0.8679245283018868, 'C=Cc1ccccc1-c1ccc(-c2ccc3c(ccc4c5ccc(-c6ccc(-c7ccc8cc(-c9ccc(-c%10ccc%11ccccc%11c%10)c(C=C)c9)ccc8c7)c(C=C)c6)cc5ccc34)c2)cc1'), min:(-99999, '')
[5.031465530395508] Updated in round 56! max:(0.8679245283018868, 'C=Cc1ccccc1-c1ccc(-c2ccc3c(ccc4c5ccc(-c6ccc(-c7ccc8cc(-c9ccc(-c%10ccc%11ccccc%11c%10)c(C=C)c9)ccc8c7)c(C=C)c6)cc5ccc34)c2)cc1'), min:(-99999, '')
[5.045510768890381] Updated in round 57! max:(0.8679245283018868, 'C=Cc1ccccc1-c1ccc(-c2ccc3c(ccc4c5ccc(-c6ccc(-c7ccc8cc(-c9ccc(-c%10ccc%11ccccc%11c%10)c(C=C)c9)ccc8c7)c(C=C)c6)cc5ccc34)c2)cc1'), min:(-99999, '')
[5.054570913314819] Updated in round 58! max:(0.8679245283018868, 'C=Cc1ccccc1-c1ccc(-c2ccc3c(ccc4c5ccc(-c6ccc(-c7ccc8cc(-c9ccc(-c%10ccc%11ccccc%11c%10)c(C=C)c9)ccc8c7)c(C=C)c6)cc5ccc34)c2)cc1'), min:(-99999, '')
[5.062495231628418] Updated in round 59! max:(0.8679245283018868, 'C=Cc1ccccc1-c1ccc(-c2ccc3c(ccc4c5ccc(-c6ccc(-c7ccc8cc(-c9ccc(-c%10ccc%11ccccc%11c%10)c(C=C)c9)ccc8c7)c(C=C)c6)cc5ccc34)c2)cc1'), min:(-99999, '')
[5.071485996246338] Updated in round 60! max:(0.8679245283018868, 'C=Cc1ccccc1-c1ccc(-c2ccc3c(ccc4c5ccc(-c6ccc(-c7ccc8cc(-c9ccc(-c%10ccc%11ccccc%11c%10)c(C=C)c9)ccc8c7)c(C=C)c6)cc5ccc34)c2)cc1'), min:(-99999, '')
[5.082145929336548] Updated in round 61! max:(0.8679245283018868, 'C=Cc1ccccc1-c1ccc(-c2ccc3c(ccc4c5ccc(-c6ccc(-c7ccc8cc(-c9ccc(-c%10ccc%11ccccc%11c%10)c(C=C)c9)ccc8c7)c(C=C)c6)cc5ccc34)c2)cc1'), min:(-99999, '')
[5.091961860656738] Updated in round 62! max:(0.8679245283018868, 'C=Cc1ccccc1-c1ccc(-c2ccc3c(ccc4c5ccc(-c6ccc(-c7ccc8cc(-c9ccc(-c%10ccc%11ccccc%11c%10)c(C=C)c9)ccc8c7)c(C=C)c6)cc5ccc34)c2)cc1'), min:(-99999, '')
[5.1043641567230225] Updated in round 63! max:(0.8867924528301887, 'C=Cc1ccccc1-c1ccc(-c2ccc3c(ccc4c5ccc(-c6ccc(-c7ccc8cc(-c9ccc%10c(ccc%11c%12ccccc%12ccc%10%11)c9)ccc8c7)c(C=C)c6)cc5ccc34)c2)cc1'), min:(-99999, '')
[5.986773729324341] Updated in round 64! max:(0.8867924528301887, 'C=Cc1ccccc1-c1ccc(-c2ccc3c(ccc4c5ccc(-c6ccc(-c7ccc8cc(-c9ccc%10c(ccc%11c%12ccccc%12ccc%10%11)c9)ccc8c7)c(C=C)c6)cc5ccc34)c2)cc1'), min:(-99999, '')
[5.9945433139801025] Updated in round 65! max:(0.8867924528301887, 'C=Cc1ccccc1-c1ccc(-c2ccc3c(ccc4c5ccc(-c6ccc(-c7ccc8cc(-c9ccc%10c(ccc%11c%12ccccc%12ccc%10%11)c9)ccc8c7)c(C=C)c6)cc5ccc34)c2)cc1'), min:(-99999, '')
[6.004219055175781] Updated in round 66! max:(0.8867924528301887, 'C=Cc1ccccc1-c1ccc(-c2ccc3c(ccc4c5ccc(-c6ccc(-c7ccc8cc(-c9ccc%10c(ccc%11c%12ccccc%12ccc%10%11)c9)ccc8c7)c(C=C)c6)cc5ccc34)c2)cc1'), min:(-99999, '')
[6.016300678253174] Updated in round 67! max:(0.8867924528301887, 'C=Cc1ccccc1-c1ccc(-c2ccc3c(ccc4c5ccc(-c6ccc(-c7ccc8cc(-c9ccc%10c(ccc%11c%12ccccc%12ccc%10%11)c9)ccc8c7)c(C=C)c6)cc5ccc34)c2)cc1'), min:(-99999, '')
[6.030064344406128] Updated in round 68! max:(0.8867924528301887, 'C=Cc1ccccc1-c1ccc(-c2ccc3c(ccc4c5ccc(-c6ccc(-c7ccc8cc(-c9ccc%10c(ccc%11c%12ccccc%12ccc%10%11)c9)ccc8c7)c(C=C)c6)cc5ccc34)c2)cc1'), min:(-99999, '')
[6.038188457489014] Updated in round 69! max:(0.8867924528301887, 'C=Cc1ccccc1-c1ccc(-c2ccc3c(ccc4c5ccc(-c6ccc(-c7ccc8cc(-c9ccc%10c(ccc%11c%12ccccc%12ccc%10%11)c9)ccc8c7)c(C=C)c6)cc5ccc34)c2)cc1'), min:(-99999, '')
[6.047884702682495] Updated in round 70! max:(0.8867924528301887, 'C=Cc1ccccc1-c1ccc(-c2ccc3c(ccc4c5ccc(-c6ccc(-c7ccc8cc(-c9ccc%10c(ccc%11c%12ccccc%12ccc%10%11)c9)ccc8c7)c(C=C)c6)cc5ccc34)c2)cc1'), min:(-99999, '')
[6.059401750564575] Updated in round 71! max:(0.8867924528301887, 'C=Cc1ccccc1-c1ccc(-c2ccc3c(ccc4c5ccc(-c6ccc(-c7ccc8cc(-c9ccc%10c(ccc%11c%12ccccc%12ccc%10%11)c9)ccc8c7)c(C=C)c6)cc5ccc34)c2)cc1'), min:(-99999, '')
[6.069057941436768] Updated in round 72! max:(0.8867924528301887, 'C=Cc1ccccc1-c1ccc(-c2ccc3c(ccc4c5ccc(-c6ccc(-c7ccc8cc(-c9ccc%10c(ccc%11c%12ccccc%12ccc%10%11)c9)ccc8c7)c(C=C)c6)cc5ccc34)c2)cc1'), min:(-99999, '')
[6.077488899230957] Updated in round 73! max:(0.8867924528301887, 'C=Cc1ccccc1-c1ccc(-c2ccc3c(ccc4c5ccc(-c6ccc(-c7ccc8cc(-c9ccc%10c(ccc%11c%12ccccc%12ccc%10%11)c9)ccc8c7)c(C=C)c6)cc5ccc34)c2)cc1'), min:(-99999, '')
[6.107388019561768] Updated in round 74! max:(0.9056603773584906, 'C=Cc1cc(-c2ccc3c(ccc4c5ccc(-c6ccc(-c7cccc(C=C)c7C=C)cc6)cc5ccc34)c2)ccc1-c1ccc2cc(-c3ccc4c(ccc5c6ccccc6ccc45)c3)ccc2c1'), min:(-99999, '')
[7.029211759567261] Updated in round 75! max:(0.9245283018867925, 'C=Cc1ccc2c(ccc3c4ccc(-c5ccc6cc(-c7ccc(-c8ccc9c(ccc%10c%11ccc(-c%12ccc(-c%13cccc(C=C)c%13C=C)cc%12)cc%11ccc9%10)c8)cc7C=C)ccc6c5)cc4ccc23)c1'), min:(-99999, '')
[8.02949857711792] Updated in round 76! max:(0.9245283018867925, 'C=Cc1ccc2c(ccc3c4ccc(-c5ccc6cc(-c7ccc(-c8ccc9c(ccc%10c%11ccc(-c%12ccc(-c%13cccc(C=C)c%13C=C)cc%12)cc%11ccc9%10)c8)cc7C=C)ccc6c5)cc4ccc23)c1'), min:(-99999, '')
[8.070557355880737] Updated in round 77! max:(0.9245283018867925, 'C=Cc1ccc2c(ccc3c4ccc(-c5ccc6cc(-c7ccc(-c8ccc9c(ccc%10c%11ccc(-c%12ccc(-c%13cccc(C=C)c%13C=C)cc%12)cc%11ccc9%10)c8)cc7C=C)ccc6c5)cc4ccc23)c1'), min:(-99999, '')
[8.079777717590332] Updated in round 78! max:(0.9245283018867925, 'C=Cc1ccc2c(ccc3c4ccc(-c5ccc6cc(-c7ccc(-c8ccc9c(ccc%10c%11ccc(-c%12ccc(-c%13cccc(C=C)c%13C=C)cc%12)cc%11ccc9%10)c8)cc7C=C)ccc6c5)cc4ccc23)c1'), min:(-99999, '')
[8.092470169067383] Updated in round 79! max:(0.9245283018867925, 'C=Cc1ccc2c(ccc3c4ccc(-c5ccc6cc(-c7ccc(-c8ccc9c(ccc%10c%11ccc(-c%12ccc(-c%13cccc(C=C)c%13C=C)cc%12)cc%11ccc9%10)c8)cc7C=C)ccc6c5)cc4ccc23)c1'), min:(-99999, '')
[8.115628242492676] Updated in round 80! max:(0.9245283018867925, 'C=Cc1ccc2c(ccc3c4ccc(-c5ccc6cc(-c7ccc(-c8ccc9c(ccc%10c%11ccc(-c%12ccc(-c%13cccc(C=C)c%13C=C)cc%12)cc%11ccc9%10)c8)cc7C=C)ccc6c5)cc4ccc23)c1'), min:(-99999, '')
[8.127358675003052] Updated in round 81! max:(0.9245283018867925, 'C=Cc1ccc2c(ccc3c4ccc(-c5ccc6cc(-c7ccc(-c8ccc9c(ccc%10c%11ccc(-c%12ccc(-c%13cccc(C=C)c%13C=C)cc%12)cc%11ccc9%10)c8)cc7C=C)ccc6c5)cc4ccc23)c1'), min:(-99999, '')
[8.137333869934082] Updated in round 82! max:(0.9245283018867925, 'C=Cc1ccc2c(ccc3c4ccc(-c5ccc6cc(-c7ccc(-c8ccc9c(ccc%10c%11ccc(-c%12ccc(-c%13cccc(C=C)c%13C=C)cc%12)cc%11ccc9%10)c8)cc7C=C)ccc6c5)cc4ccc23)c1'), min:(-99999, '')
[8.160741567611694] Updated in round 83! max:(0.9245283018867925, 'C=Cc1ccc2c(ccc3c4ccc(-c5ccc6cc(-c7ccc(-c8ccc9c(ccc%10c%11ccc(-c%12ccc(-c%13cccc(C=C)c%13C=C)cc%12)cc%11ccc9%10)c8)cc7C=C)ccc6c5)cc4ccc23)c1'), min:(-99999, '')
[8.172338247299194] Updated in round 84! max:(0.9245283018867925, 'C=Cc1ccc2c(ccc3c4ccc(-c5ccc6cc(-c7ccc(-c8ccc9c(ccc%10c%11ccc(-c%12ccc(-c%13cccc(C=C)c%13C=C)cc%12)cc%11ccc9%10)c8)cc7C=C)ccc6c5)cc4ccc23)c1'), min:(-99999, '')
[8.185964345932007] Updated in round 85! max:(0.9245283018867925, 'C=Cc1ccc2c(ccc3c4ccc(-c5ccc6cc(-c7ccc(-c8ccc9c(ccc%10c%11ccc(-c%12ccc(-c%13cccc(C=C)c%13C=C)cc%12)cc%11ccc9%10)c8)cc7C=C)ccc6c5)cc4ccc23)c1'), min:(-99999, '')
[8.219561100006104] Updated in round 86! max:(0.9433962264150944, 'C=Cc1ccc2c(ccc3c4ccc(-c5ccc6c(ccc7c8ccc(-c9ccc%10c(ccc%11c%12ccc(-c%13ccc(-c%14cccc(C=C)c%14C=C)cc%13)cc%12ccc%10%11)c9)cc8ccc67)c5)cc4ccc23)c1'), min:(-99999, '')
[9.579607248306274] Updated in round 87! max:(0.9433962264150944, 'C=Cc1ccc2c(ccc3c4ccc(-c5ccc6c(ccc7c8ccc(-c9ccc%10c(ccc%11c%12ccc(-c%13ccc(-c%14cccc(C=C)c%14C=C)cc%13)cc%12ccc%10%11)c9)cc8ccc67)c5)cc4ccc23)c1'), min:(-99999, '')
[9.5971360206604] Updated in round 88! max:(0.9433962264150944, 'C=Cc1ccc2c(ccc3c4ccc(-c5ccc6c(ccc7c8ccc(-c9ccc%10c(ccc%11c%12ccc(-c%13ccc(-c%14cccc(C=C)c%14C=C)cc%13)cc%12ccc%10%11)c9)cc8ccc67)c5)cc4ccc23)c1'), min:(-99999, '')
[9.681098222732544] Updated in round 89! max:(0.9433962264150944, 'C=Cc1ccc2c(ccc3c4ccc(-c5ccc6c(ccc7c8ccc(-c9ccc%10c(ccc%11c%12ccc(-c%13ccc(-c%14cccc(C=C)c%14C=C)cc%13)cc%12ccc%10%11)c9)cc8ccc67)c5)cc4ccc23)c1'), min:(-99999, '')
[9.707236528396606] Updated in round 90! max:(0.9433962264150944, 'C=Cc1ccc2c(ccc3c4ccc(-c5ccc6c(ccc7c8ccc(-c9ccc%10c(ccc%11c%12ccc(-c%13ccc(-c%14cccc(C=C)c%14C=C)cc%13)cc%12ccc%10%11)c9)cc8ccc67)c5)cc4ccc23)c1'), min:(-99999, '')
[9.768405199050903] Updated in round 91! max:(0.9433962264150944, 'C=Cc1ccc2c(ccc3c4ccc(-c5ccc6c(ccc7c8ccc(-c9ccc%10c(ccc%11c%12ccc(-c%13ccc(-c%14cccc(C=C)c%14C=C)cc%13)cc%12ccc%10%11)c9)cc8ccc67)c5)cc4ccc23)c1'), min:(-99999, '')
[9.790870904922485] Updated in round 92! max:(0.9433962264150944, 'C=Cc1ccc2c(ccc3c4ccc(-c5ccc6c(ccc7c8ccc(-c9ccc%10c(ccc%11c%12ccc(-c%13ccc(-c%14cccc(C=C)c%14C=C)cc%13)cc%12ccc%10%11)c9)cc8ccc67)c5)cc4ccc23)c1'), min:(-99999, '')
[9.808477401733398] Updated in round 93! max:(0.9433962264150944, 'C=Cc1ccc2c(ccc3c4ccc(-c5ccc6c(ccc7c8ccc(-c9ccc%10c(ccc%11c%12ccc(-c%13ccc(-c%14cccc(C=C)c%14C=C)cc%13)cc%12ccc%10%11)c9)cc8ccc67)c5)cc4ccc23)c1'), min:(-99999, '')
[9.838134050369263] Updated in round 94! max:(0.9433962264150944, 'C=Cc1ccc2c(ccc3c4ccc(-c5ccc6c(ccc7c8ccc(-c9ccc%10c(ccc%11c%12ccc(-c%13ccc(-c%14cccc(C=C)c%14C=C)cc%13)cc%12ccc%10%11)c9)cc8ccc67)c5)cc4ccc23)c1'), min:(-99999, '')
[9.857470512390137] Updated in round 95! max:(0.9433962264150944, 'C=Cc1ccc2c(ccc3c4ccc(-c5ccc6c(ccc7c8ccc(-c9ccc%10c(ccc%11c%12ccc(-c%13ccc(-c%14cccc(C=C)c%14C=C)cc%13)cc%12ccc%10%11)c9)cc8ccc67)c5)cc4ccc23)c1'), min:(-99999, '')
[9.87595820426941] Updated in round 96! max:(0.9433962264150944, 'C=Cc1ccc2c(ccc3c4ccc(-c5ccc6c(ccc7c8ccc(-c9ccc%10c(ccc%11c%12ccc(-c%13ccc(-c%14cccc(C=C)c%14C=C)cc%13)cc%12ccc%10%11)c9)cc8ccc67)c5)cc4ccc23)c1'), min:(-99999, '')
[9.899697303771973] Updated in round 97! max:(0.9433962264150944, 'C=Cc1ccc2c(ccc3c4ccc(-c5ccc6c(ccc7c8ccc(-c9ccc%10c(ccc%11c%12ccc(-c%13ccc(-c%14cccc(C=C)c%14C=C)cc%13)cc%12ccc%10%11)c9)cc8ccc67)c5)cc4ccc23)c1'), min:(-99999, '')
[9.91873025894165] Updated in round 98! max:(0.9433962264150944, 'C=Cc1ccc2c(ccc3c4ccc(-c5ccc6c(ccc7c8ccc(-c9ccc%10c(ccc%11c%12ccc(-c%13ccc(-c%14cccc(C=C)c%14C=C)cc%13)cc%12ccc%10%11)c9)cc8ccc67)c5)cc4ccc23)c1'), min:(-99999, '')
[9.938873529434204] Updated in round 99! max:(0.9433962264150944, 'C=Cc1ccc2c(ccc3c4ccc(-c5ccc6c(ccc7c8ccc(-c9ccc%10c(ccc%11c%12ccc(-c%13ccc(-c%14cccc(C=C)c%14C=C)cc%13)cc%12ccc%10%11)c9)cc8ccc67)c5)cc4ccc23)c1'), min:(-99999, '')
[9.962112188339233] Updated in round 100! max:(0.9433962264150944, 'C=Cc1ccc2c(ccc3c4ccc(-c5ccc6c(ccc7c8ccc(-c9ccc%10c(ccc%11c%12ccc(-c%13ccc(-c%14cccc(C=C)c%14C=C)cc%13)cc%12ccc%10%11)c9)cc8ccc67)c5)cc4ccc23)c1'), min:(-99999, '')
[10.476953506469727] Updated in round 101! max:(0.9433962264150944, 'C=Cc1ccc2c(ccc3c4ccc(-c5ccc6c(ccc7c8ccc(-c9ccc%10c(ccc%11c%12ccc(-c%13ccc(-c%14cccc(C=C)c%14C=C)cc%13)cc%12ccc%10%11)c9)cc8ccc67)c5)cc4ccc23)c1'), min:(-1.0, 'C=Cc1ccc2c(ccc3c4cc(-c5ccccc5)c(-c5ccc6c(ccc7c8ccc(-c9ccc%10c(ccc%11c%12ccc(-c%13ccc(-c%14cccc(C=C)c%14C=C)cc%13)cc%12ccc%10%11)c9)cc8ccc67)c5)cc4ccc23)c1')
[16.009612321853638] Updated in round 102! max:(0.9433962264150944, 'C=Cc1ccc2c(ccc3c4ccc(-c5ccc6c(ccc7c8ccc(-c9ccc%10c(ccc%11c%12ccc(-c%13ccc(-c%14cccc(C=C)c%14C=C)cc%13)cc%12ccc%10%11)c9)cc8ccc67)c5)cc4ccc23)c1'), min:(-1.0, 'C=Cc1cccc(-c2ccc(-c3ccc4c(ccc5c6ccc7cc6cc(c6cc8c(ccc9c%10ccc(cc%10ccc89)c8ccc9c(ccc%10c%11ccc7cc%11ccc9%10)c8)cc6C=C)c45)c3)cc2)c1C=C')
[21.968021154403687] Updated in round 103! max:(0.9433962264150944, 'C=Cc1ccc2c(ccc3c4ccc(-c5ccc6c(ccc7c8ccc(-c9ccc%10c(ccc%11c%12ccc(-c%13ccc(-c%14cccc(C=C)c%14C=C)cc%13)cc%12ccc%10%11)c9)cc8ccc67)c5)cc4ccc23)c1'), min:(-1.0, 'C=Cc1ccc2c(ccc3c4ccc5cc4c(cc23)-c2cc3c4ccc-5cc4ccc3c3ccc(-c4ccc5c(ccc6c7ccc(-c8ccc(-c9cccc(C=C)c9C=C)cc8)cc7ccc56)c4)cc23)c1')
[32.261335372924805] Updated in round 104! max:(0.9622641509433962, 'C=Cc1cc(-c2ccc3c(ccc4c5ccc(-c6ccc7c(ccc8c9ccccc9ccc78)c6)cc5ccc34)c2)ccc1-c1ccc2cc(-c3ccc4c(ccc5c6ccccc6ccc45)c3)ccc2c1'), min:(-1.0, 'C=Cc1ccc2c(ccc3c4ccc(-c5ccc6c(ccc7c8ccc(-c9ccc%10c(c9)c(-c9ccccc9)cc9c%11ccc(-c%12ccc(-c%13cccc(C=C)c%13C=C)cc%12)cc%11ccc%109)cc8ccc67)c5)cc4ccc23)c1')
[44.74314999580383] Updated in round 105! max:(0.9622641509433962, 'C=Cc1cc(-c2ccc3c(ccc4c5ccc(-c6ccc7c(ccc8c9ccccc9ccc78)c6)cc5ccc34)c2)ccc1-c1ccc2cc(-c3ccc4c(ccc5c6ccccc6ccc45)c3)ccc2c1'), min:(-1.0, 'C=Cc1ccc2c(ccc3c4ccc(C5=Cc6c7cc8c(ccc9cc(-c%10ccc%11c(ccc%12c%13ccc(-c%14ccc(-c%15cccc(C=C)c%15C=C)cc%14)cc%13ccc%11%12)c%10)ccc98)c6C=C57)cc4ccc23)c1')
[53.721272230148315] Updated in round 106! max:(0.9622641509433962, 'C=Cc1cc(-c2ccc3c(ccc4c5ccc(-c6ccc7c(ccc8c9ccccc9ccc78)c6)cc5ccc34)c2)ccc1-c1ccc2cc(-c3ccc4c(ccc5c6ccccc6ccc45)c3)ccc2c1'), min:(-1.0, 'C=Cc1cccc(-c2ccc(-c3ccc4c(c3)c3cc5c6ccc(cc6ccc54)c4ccc5c(ccc6c7ccc(cc7ccc56)c5ccc6c(ccc7c8cc3c(C=C)cc8ccc67)c5)c4)cc2)c1C=C')
[74.02615118026733] Updated in round 107! max:(0.9622641509433962, 'C=Cc1cc(-c2ccc3c(ccc4c5ccc(-c6ccc7c(ccc8c9ccccc9ccc78)c6)cc5ccc34)c2)ccc1-c1ccc2cc(-c3ccc4c(ccc5c6ccccc6ccc45)c3)ccc2c1'), min:(-1.0, 'C=Cc1cccc(-c2ccc(-c3ccc4c(c3)cc3c5c6ccc(cc6ccc45)-c4ccc5c(ccc6c7ccc(cc7ccc56)-c5ccc6c(ccc7c8ccc(C=C)c-3c8ccc67)c5)c4)cc2)c1C=C')
[88.61187243461609] Updated in round 108! max:(0.9811320754716981, 'C=Cc1c2ccc3cc(ccc13)-c1ccc3c(ccc4c5ccc(cc5ccc34)-c3ccc4c(ccc5c6ccc(cc6ccc45)-c4ccc5c(ccc6c7ccc(cc7ccc56)-c5ccc-2cc5)c4)c3)c1'), min:(-1.0, 'C=Cc1cccc(-c2ccc(-c3ccc4c(ccc5c6ccc(-c7ccc8c(ccc9c%10ccc(-c%11ccc%12c(ccc%13c%14ccc(C(=C)c%15ccccc%15)cc%14ccc%12%13)c%11)cc%10ccc89)c7)cc6ccc45)c3)cc2)c1C=C')
[117.12652230262756] Updated in round 109! max:(0.9811320754716981, 'C=Cc1c2ccc3cc(ccc13)-c1ccc3c(ccc4c5ccc(cc5ccc34)-c3ccc4c(ccc5c6ccc(cc6ccc45)-c4ccc5c(ccc6c7ccc(cc7ccc56)-c5ccc-2cc5)c4)c3)c1'), min:(-1.0, 'C=Cc1cccc2c3ccc(cc3)c3ccc4c(ccc5c6ccc(cc6ccc45)c4ccc5c(ccc6c7ccc(cc7ccc56)c5ccc6c(ccc7c8ccc(cc8ccc67)c(=C)c(=C)c12)c5)c4)c3')
[134.76567339897156] Updated in round 110! max:(0.9811320754716981, 'C=Cc1c2ccc3cc(ccc13)-c1ccc3c(ccc4c5ccc(cc5ccc34)-c3ccc4c(ccc5c6ccc(cc6ccc45)-c4ccc5c(ccc6c7ccc(cc7ccc56)-c5ccc-2cc5)c4)c3)c1'), min:(-1.0, 'C=Cc1ccc2c(ccc3c4ccc5cc4cc(c4cc6c(ccc7c8ccc5cc8ccc67)cc4-c4ccc5c(ccc6c7ccc(-c8ccc(-c9cccc(C=C)c9C=C)cc8)cc7ccc56)c4)c23)c1')
[165.16279244422913] Updated in round 111! max:(0.9811320754716981, 'C=Cc1c2ccc3cc(ccc13)-c1ccc3c(ccc4c5ccc(cc5ccc34)-c3ccc4c(ccc5c6ccc(cc6ccc45)-c4ccc5c(ccc6c7ccc(cc7ccc56)-c5ccc-2cc5)c4)c3)c1'), min:(-1.0, 'C=Cc1cccc(-c2ccc(-c3ccc4c(ccc5c6ccc7c(c6ccc45)C=Cc4ccc5c(ccc6c8ccc(cc8ccc56)-c5ccc6c(ccc8c9ccc-7cc9ccc68)c5)c4)c3)cc2)c1C=C')
[166.74510860443115] Reproduced in round 112!!
