[8.726119995117188e-05]Start running EvoMol from [H][H]...
[0.0025403499603271484] Updated in round 1! max:(0.2972972972972973, 'c1ccccc1'), min:(-99999, '')
[0.0077855587005615234] Updated in round 2! max:(0.7837837837837838, 'c1ccc(-c2ccccc2)cc1'), min:(-99999, '')
[0.02362966537475586] Updated in round 3! max:(0.7837837837837838, 'c1ccc(-c2ccccc2)cc1'), min:(-99999, '')
[0.024294137954711914] Updated in round 4! max:(0.7837837837837838, 'c1ccc(-c2ccccc2)cc1'), min:(-99999, '')
[0.0428614616394043] Updated in round 5! max:(0.7837837837837838, 'c1ccc(-c2ccccc2)cc1'), min:(-99999, '')
[0.04369163513183594] Updated in round 6! max:(0.7837837837837838, 'c1ccc(-c2ccccc2)cc1'), min:(-99999, '')
[0.04449796676635742] Updated in round 7! max:(0.7837837837837838, 'c1ccc(-c2ccccc2)cc1'), min:(-99999, '')
[0.045265913009643555] Updated in round 8! max:(0.7837837837837838, 'c1ccc(-c2ccccc2)cc1'), min:(-99999, '')
[0.04604339599609375] Updated in round 9! max:(0.7837837837837838, 'c1ccc(-c2ccccc2)cc1'), min:(-99999, '')
[0.04680371284484863] Updated in round 10! max:(0.7837837837837838, 'c1ccc(-c2ccccc2)cc1'), min:(-99999, '')
[0.04751253128051758] Updated in round 11! max:(0.7837837837837838, 'c1ccc(-c2ccccc2)cc1'), min:(-99999, '')
[0.04828238487243652] Updated in round 12! max:(0.7837837837837838, 'c1ccc(-c2ccccc2)cc1'), min:(-99999, '')
[0.06406664848327637] Updated in round 13! max:(0.7837837837837838, 'c1ccc(-c2ccccc2)cc1'), min:(-99999, '')
[0.0648653507232666] Updated in round 14! max:(0.7837837837837838, 'c1ccc(-c2ccccc2)cc1'), min:(-99999, '')
[0.06558537483215332] Updated in round 15! max:(0.7837837837837838, 'c1ccc(-c2ccccc2)cc1'), min:(-99999, '')
[0.06629538536071777] Updated in round 16! max:(0.7837837837837838, 'c1ccc(-c2ccccc2)cc1'), min:(-99999, '')
[0.06695675849914551] Updated in round 17! max:(0.7837837837837838, 'c1ccc(-c2ccccc2)cc1'), min:(-99999, '')
[0.06763720512390137] Updated in round 18! max:(0.7837837837837838, 'c1ccc(-c2ccccc2)cc1'), min:(-99999, '')
[0.06831192970275879] Updated in round 19! max:(0.7837837837837838, 'c1ccc(-c2ccccc2)cc1'), min:(-99999, '')
[0.06900310516357422] Updated in round 20! max:(0.7837837837837838, 'c1ccc(-c2ccccc2)cc1'), min:(-99999, '')
[0.08214020729064941] Updated in round 21! max:(0.7837837837837838, 'c1ccc(-c2ccccc2)cc1'), min:(-99999, '')
[0.08291220664978027] Updated in round 22! max:(0.7837837837837838, 'c1ccc(-c2ccccc2)cc1'), min:(-99999, '')
[0.08366179466247559] Updated in round 23! max:(0.7837837837837838, 'c1ccc(-c2ccccc2)cc1'), min:(-99999, '')
[0.10381102561950684] Updated in round 24! max:(0.7837837837837838, 'c1ccc(-c2ccccc2)cc1'), min:(-99999, '')
[0.10476326942443848] Updated in round 25! max:(0.7837837837837838, 'c1ccc(-c2ccccc2)cc1'), min:(-99999, '')
[0.1055748462677002] Updated in round 26! max:(0.7837837837837838, 'c1ccc(-c2ccccc2)cc1'), min:(-99999, '')
[0.10637211799621582] Updated in round 27! max:(0.7837837837837838, 'c1ccc(-c2ccccc2)cc1'), min:(-99999, '')
[0.10712218284606934] Updated in round 28! max:(0.7837837837837838, 'c1ccc(-c2ccccc2)cc1'), min:(-99999, '')
[0.10794758796691895] Updated in round 29! max:(0.7837837837837838, 'c1ccc(-c2ccccc2)cc1'), min:(-99999, '')
[0.10873579978942871] Updated in round 30! max:(0.7837837837837838, 'c1ccc(-c2ccccc2)cc1'), min:(-99999, '')
[0.10957908630371094] Updated in round 31! max:(0.7837837837837838, 'c1ccc(-c2ccccc2)cc1'), min:(-99999, '')
[0.12921786308288574] Updated in round 32! max:(0.7837837837837838, 'c1ccc(-c2ccccc2)cc1'), min:(-99999, '')
[0.13005423545837402] Updated in round 33! max:(0.7837837837837838, 'c1ccc(-c2ccccc2)cc1'), min:(-99999, '')
[0.13089489936828613] Updated in round 34! max:(0.7837837837837838, 'c1ccc(-c2ccccc2)cc1'), min:(-99999, '')
[0.13172578811645508] Updated in round 35! max:(0.7837837837837838, 'c1ccc(-c2ccccc2)cc1'), min:(-99999, '')
[0.13253092765808105] Updated in round 36! max:(0.7837837837837838, 'c1ccc(-c2ccccc2)cc1'), min:(-99999, '')
[0.13336801528930664] Updated in round 37! max:(0.7837837837837838, 'c1ccc(-c2ccccc2)cc1'), min:(-99999, '')
[0.1340954303741455] Updated in round 38! max:(0.7837837837837838, 'c1ccc(-c2ccccc2)cc1'), min:(-99999, '')
[0.1349349021911621] Updated in round 39! max:(0.7837837837837838, 'c1ccc(-c2ccccc2)cc1'), min:(-99999, '')
[0.1567976474761963] Updated in round 40! max:(0.7837837837837838, 'c1ccc(-c2ccccc2)cc1'), min:(-99999, '')
[0.15769124031066895] Updated in round 41! max:(0.7837837837837838, 'c1ccc(-c2ccccc2)cc1'), min:(-99999, '')
[0.15863656997680664] Updated in round 42! max:(0.7837837837837838, 'c1ccc(-c2ccccc2)cc1'), min:(-99999, '')
[0.18107962608337402] Updated in round 43! max:(0.7837837837837838, 'c1ccc(-c2ccccc2)cc1'), min:(-99999, '')
[0.1819751262664795] Updated in round 44! max:(0.7837837837837838, 'c1ccc(-c2ccccc2)cc1'), min:(-99999, '')
[0.1828632354736328] Updated in round 45! max:(0.7837837837837838, 'c1ccc(-c2ccccc2)cc1'), min:(-99999, '')
[0.18370318412780762] Updated in round 46! max:(0.7837837837837838, 'c1ccc(-c2ccccc2)cc1'), min:(-99999, '')
[0.18456006050109863] Updated in round 47! max:(0.7837837837837838, 'c1ccc(-c2ccccc2)cc1'), min:(-99999, '')
[0.1854255199432373] Updated in round 48! max:(0.7837837837837838, 'c1ccc(-c2ccccc2)cc1'), min:(-99999, '')
[0.18623900413513184] Updated in round 49! max:(0.7837837837837838, 'c1ccc(-c2ccccc2)cc1'), min:(-99999, '')
[0.1870589256286621] Updated in round 50! max:(0.7837837837837838, 'c1ccc(-c2ccccc2)cc1'), min:(-99999, '')
[0.1878671646118164] Updated in round 51! max:(0.7837837837837838, 'c1ccc(-c2ccccc2)cc1'), min:(-99999, '')
[0.20852327346801758] Updated in round 52! max:(0.7837837837837838, 'c1ccc(-c2ccccc2)cc1'), min:(-99999, '')
[0.20947861671447754] Updated in round 53! max:(0.7837837837837838, 'c1ccc(-c2ccccc2)cc1'), min:(-99999, '')
[0.23206663131713867] Updated in round 54! max:(0.7837837837837838, 'c1ccc(-c2ccccc2)cc1'), min:(-99999, '')
[0.23301053047180176] Updated in round 55! max:(0.7837837837837838, 'c1ccc(-c2ccccc2)cc1'), min:(-99999, '')
[0.2339015007019043] Updated in round 56! max:(0.7837837837837838, 'c1ccc(-c2ccccc2)cc1'), min:(-99999, '')
[0.23482346534729004] Updated in round 57! max:(0.7837837837837838, 'c1ccc(-c2ccccc2)cc1'), min:(-99999, '')
[0.23565173149108887] Updated in round 58! max:(0.7837837837837838, 'c1ccc(-c2ccccc2)cc1'), min:(-99999, '')
[0.23656749725341797] Updated in round 59! max:(0.7837837837837838, 'c1ccc(-c2ccccc2)cc1'), min:(-99999, '')
[0.23743844032287598] Updated in round 60! max:(0.7837837837837838, 'c1ccc(-c2ccccc2)cc1'), min:(-99999, '')
[0.2383129596710205] Updated in round 61! max:(0.7837837837837838, 'c1ccc(-c2ccccc2)cc1'), min:(-99999, '')
[0.23920941352844238] Updated in round 62! max:(0.7837837837837838, 'c1ccc(-c2ccccc2)cc1'), min:(-99999, '')
[0.24007797241210938] Updated in round 63! max:(0.7837837837837838, 'c1ccc(-c2ccccc2)cc1'), min:(-99999, '')
[0.24093294143676758] Updated in round 64! max:(0.7837837837837838, 'c1ccc(-c2ccccc2)cc1'), min:(-99999, '')
[0.24176454544067383] Updated in round 65! max:(0.7837837837837838, 'c1ccc(-c2ccccc2)cc1'), min:(-99999, '')
[0.24261140823364258] Updated in round 66! max:(0.7837837837837838, 'c1ccc(-c2ccccc2)cc1'), min:(-99999, '')
[0.2435591220855713] Updated in round 67! max:(0.7837837837837838, 'c1ccc(-c2ccccc2)cc1'), min:(-99999, '')
[0.24443626403808594] Updated in round 68! max:(0.7837837837837838, 'c1ccc(-c2ccccc2)cc1'), min:(-99999, '')
[0.24529743194580078] Updated in round 69! max:(0.7837837837837838, 'c1ccc(-c2ccccc2)cc1'), min:(-99999, '')
[0.24612975120544434] Updated in round 70! max:(0.7837837837837838, 'c1ccc(-c2ccccc2)cc1'), min:(-99999, '')
[0.2469806671142578] Updated in round 71! max:(0.7837837837837838, 'c1ccc(-c2ccccc2)cc1'), min:(-99999, '')
[0.24776220321655273] Updated in round 72! max:(0.7837837837837838, 'c1ccc(-c2ccccc2)cc1'), min:(-99999, '')
[0.24857854843139648] Updated in round 73! max:(0.7837837837837838, 'c1ccc(-c2ccccc2)cc1'), min:(-99999, '')
[0.24936556816101074] Updated in round 74! max:(0.7837837837837838, 'c1ccc(-c2ccccc2)cc1'), min:(-99999, '')
[0.25014710426330566] Updated in round 75! max:(0.7837837837837838, 'c1ccc(-c2ccccc2)cc1'), min:(-99999, '')
[0.26911020278930664] Updated in round 76! max:(0.7837837837837838, 'c1ccc(-c2ccccc2)cc1'), min:(-99999, '')
[0.2699401378631592] Updated in round 77! max:(0.7837837837837838, 'c1ccc(-c2ccccc2)cc1'), min:(-99999, '')
[0.2707221508026123] Updated in round 78! max:(0.7837837837837838, 'c1ccc(-c2ccccc2)cc1'), min:(-99999, '')
[0.27153635025024414] Updated in round 79! max:(0.7837837837837838, 'c1ccc(-c2ccccc2)cc1'), min:(-99999, '')
[0.28778839111328125] Updated in round 80! max:(0.7837837837837838, 'c1ccc(-c2ccccc2)cc1'), min:(-99999, '')
[0.28863000869750977] Updated in round 81! max:(0.7837837837837838, 'c1ccc(-c2ccccc2)cc1'), min:(-99999, '')
[0.2893373966217041] Updated in round 82! max:(0.7837837837837838, 'c1ccc(-c2ccccc2)cc1'), min:(-99999, '')
[0.29004859924316406] Updated in round 83! max:(0.7837837837837838, 'c1ccc(-c2ccccc2)cc1'), min:(-99999, '')
[0.3036062717437744] Updated in round 84! max:(0.7837837837837838, 'c1ccc(-c2ccccc2)cc1'), min:(-99999, '')
[0.30437755584716797] Updated in round 85! max:(0.7837837837837838, 'c1ccc(-c2ccccc2)cc1'), min:(-99999, '')
[0.30513691902160645] Updated in round 86! max:(0.7837837837837838, 'c1ccc(-c2ccccc2)cc1'), min:(-99999, '')
[0.30586695671081543] Updated in round 87! max:(0.7837837837837838, 'c1ccc(-c2ccccc2)cc1'), min:(-99999, '')
[0.31961774826049805] Updated in round 88! max:(0.7837837837837838, 'c1ccc(-c2ccccc2)cc1'), min:(-99999, '')
[0.3203873634338379] Updated in round 89! max:(0.7837837837837838, 'c1ccc(-c2ccccc2)cc1'), min:(-99999, '')
[0.321134090423584] Updated in round 90! max:(0.7837837837837838, 'c1ccc(-c2ccccc2)cc1'), min:(-99999, '')
[0.3218994140625] Updated in round 91! max:(0.7837837837837838, 'c1ccc(-c2ccccc2)cc1'), min:(-99999, '')
[0.3356137275695801] Updated in round 92! max:(0.7837837837837838, 'c1ccc(-c2ccccc2)cc1'), min:(-99999, '')
[0.3364124298095703] Updated in round 93! max:(0.7837837837837838, 'c1ccc(-c2ccccc2)cc1'), min:(-99999, '')
[0.3372161388397217] Updated in round 94! max:(0.7837837837837838, 'c1ccc(-c2ccccc2)cc1'), min:(-99999, '')
[0.35903000831604004] Updated in round 95! max:(0.7837837837837838, 'c1ccc(-c2ccccc2)cc1'), min:(-99999, '')
[0.35997462272644043] Updated in round 96! max:(0.7837837837837838, 'c1ccc(-c2ccccc2)cc1'), min:(-99999, '')
[0.36081957817077637] Updated in round 97! max:(0.7837837837837838, 'c1ccc(-c2ccccc2)cc1'), min:(-99999, '')
[0.36173081398010254] Updated in round 98! max:(0.7837837837837838, 'c1ccc(-c2ccccc2)cc1'), min:(-99999, '')
[0.36251378059387207] Updated in round 99! max:(0.7837837837837838, 'c1ccc(-c2ccccc2)cc1'), min:(-99999, '')
[0.3633155822753906] Updated in round 100! max:(0.7837837837837838, 'c1ccc(-c2ccccc2)cc1'), min:(-99999, '')
[0.3641648292541504] Updated in round 101! max:(0.7837837837837838, 'c1ccc(-c2ccccc2)cc1'), min:(0.0, 'C=C')
[0.3650343418121338] Updated in round 102! max:(0.7837837837837838, 'c1ccc(-c2ccccc2)cc1'), min:(0.15384615384615385, 'C=CC=CC=Cc1cccc(C(=C)C=C)c1')
[0.3658931255340576] Updated in round 103! max:(0.7837837837837838, 'c1ccc(-c2ccccc2)cc1'), min:(0.16071428571428573, 'C=CC=CC=Cc1c2cccc1-2')
[0.3895528316497803] Updated in round 104! max:(0.7837837837837838, 'c1ccc(-c2ccccc2)cc1'), min:(0.1694915254237288, 'C#Cc1ccc(C(C=C)=CC=C)cc1')
[0.3905806541442871] Updated in round 105! max:(0.7837837837837838, 'c1ccc(-c2ccccc2)cc1'), min:(0.1724137931034483, 'C#CC(=C)c1cccc(C(=C)C=C)c1')
[0.39144372940063477] Updated in round 106! max:(0.7837837837837838, 'c1ccc(-c2ccccc2)cc1'), min:(0.18518518518518517, 'C=CC=Cc1cccc(C=C)c1')
[0.39231181144714355] Updated in round 107! max:(0.7837837837837838, 'c1ccc(-c2ccccc2)cc1'), min:(0.20634920634920634, 'C=CC(=C)c1cc2cc(c1)c1cccc2c1')
[0.3932063579559326] Updated in round 108! max:(0.7837837837837838, 'c1ccc(-c2ccccc2)cc1'), min:(0.20967741935483872, 'C=CC=CC=Cc1cccc(C2=CC2=C)c1')
[0.39409804344177246] Updated in round 109! max:(0.7837837837837838, 'c1ccc(-c2ccccc2)cc1'), min:(0.2222222222222222, 'c1cc2ccc1c1cc3c2cc13')
[0.3949885368347168] Updated in round 110! max:(0.7837837837837838, 'c1ccc(-c2ccccc2)cc1'), min:(0.22580645161290322, 'C=CC=CC(=C)C=CC=Cc1ccccc1')
[0.39591503143310547] Updated in round 111! max:(0.7837837837837838, 'c1ccc(-c2ccccc2)cc1'), min:(0.22950819672131148, 'C#CC=CC(=C)C=C(C=C)c1ccccc1')
[0.39700984954833984] Updated in round 112! max:(0.7837837837837838, 'c1ccc(-c2ccccc2)cc1'), min:(0.23214285714285715, 'C=CC=Cc1cccc(C2=CC2=C)c1')
[0.41699647903442383] Updated in round 113! max:(0.7837837837837838, 'c1ccc(-c2ccccc2)cc1'), min:(0.24193548387096775, 'C#CC=Cc1cccc2c3ccc(cc3)c12')
[0.41809773445129395] Updated in round 114! max:(0.7837837837837838, 'c1ccc(-c2ccccc2)cc1'), min:(0.24528301886792453, 'c1cc2cc(c1)c1cc3cc2c1-3')
[0.4190959930419922] Updated in round 115! max:(0.7837837837837838, 'c1ccc(-c2ccccc2)cc1'), min:(0.25, 'C=CC=CC1=Cc2cccc1c2')
[0.42026662826538086] Updated in round 116! max:(0.7837837837837838, 'c1ccc(-c2ccccc2)cc1'), min:(0.25, 'C#CC=CC(=CC=C)c1ccccc1')
[0.421276330947876] Updated in round 117! max:(0.7837837837837838, 'c1ccc(-c2ccccc2)cc1'), min:(0.2545454545454545, 'C#CC(=C)C=C(C=C)c1ccccc1')
[0.4222712516784668] Updated in round 118! max:(0.7837837837837838, 'c1ccc(-c2ccccc2)cc1'), min:(0.26229508196721313, 'C=c1c#cc2cccc(c2)c2ccc1cc2')
[0.43965816497802734] Updated in round 119! max:(0.7837837837837838, 'c1ccc(-c2ccccc2)cc1'), min:(0.26229508196721313, 'C1=CC(c2cccc3c4ccc(cc4)c23)=C1')
[0.4406397342681885] Updated in round 120! max:(0.7837837837837838, 'c1ccc(-c2ccccc2)cc1'), min:(0.26666666666666666, 'C=CC=C(C=Cc1ccccc1)C1=C2C=C21')
[0.4416770935058594] Updated in round 121! max:(0.7837837837837838, 'c1ccc(-c2ccccc2)cc1'), min:(0.26785714285714285, 'C#Cc1ccc(-c2cc3ccc2-3)cc1')
[0.4425201416015625] Updated in round 122! max:(0.7837837837837838, 'c1ccc(-c2ccccc2)cc1'), min:(0.2692307692307692, 'c1cc2ccc1-c1cc3cc-2c1-3')
[0.4436070919036865] Updated in round 123! max:(0.7837837837837838, 'c1ccc(-c2ccccc2)cc1'), min:(0.2711864406779661, 'C=CC(=CC(=C)c1ccccc1)C1=C2C=C21')
[0.44469761848449707] Updated in round 124! max:(0.7837837837837838, 'c1ccc(-c2ccccc2)cc1'), min:(0.27450980392156865, 'C#CC=CC=Cc1ccccc1')
[0.4686551094055176] Updated in round 125! max:(0.7837837837837838, 'c1ccc(-c2ccccc2)cc1'), min:(0.27692307692307694, 'C#CC=Cc1ccc2ccc3ccccc3c2c1')
[0.469637393951416] Updated in round 126! max:(0.7837837837837838, 'c1ccc(-c2ccccc2)cc1'), min:(0.28, 'C#CC=CC(=C)c1ccccc1')
[0.47075867652893066] Updated in round 127! max:(0.7837837837837838, 'c1ccc(-c2ccccc2)cc1'), min:(0.2833333333333333, 'C1=CC1=Cc1cc2ccc1-c1ccc-2cc1')
[0.47173619270324707] Updated in round 128! max:(0.7837837837837838, 'c1ccc(-c2ccccc2)cc1'), min:(0.2833333333333333, 'C=CC=Cc1cc2ccc1c1ccccc21')
[0.4728126525878906] Updated in round 129! max:(0.7837837837837838, 'c1ccc(-c2ccccc2)cc1'), min:(0.2833333333333333, 'C1#CC(c2cc3ccc2-c2ccc-3cc2)=C1')
[0.47385358810424805] Updated in round 130! max:(0.7837837837837838, 'c1ccc(-c2ccccc2)cc1'), min:(0.288135593220339, 'C=CC(=C)c1cc2ccc1c1ccccc21')
[0.4751584529876709] Updated in round 131! max:(0.7837837837837838, 'c1ccc(-c2ccccc2)cc1'), min:(0.2909090909090909, 'C=Cc1ccc2cc1-c1ccc-2cc1')
[0.49626803398132324] Updated in round 132! max:(0.7837837837837838, 'c1ccc(-c2ccccc2)cc1'), min:(0.29411764705882354, 'c1ccc2c(c1)-c1cc3cc-2c1-3')
[0.497692346572876] Updated in round 133! max:(0.7837837837837838, 'c1ccc(-c2ccccc2)cc1'), min:(0.296875, 'C1=C2C1=C2c1ccc2ccc3ccccc3c2c1')
[0.4987962245941162] Updated in round 134! max:(0.7837837837837838, 'c1ccc(-c2ccccc2)cc1'), min:(0.3050847457627119, 'C1=CC1=Cc1cc2cc(c1)-c1ccc-2cc1')
[0.5005033016204834] Updated in round 135! max:(0.7837837837837838, 'c1ccc(-c2ccccc2)cc1'), min:(0.3050847457627119, 'C=CC=Cc1cccc(-c2ccc3cc2-3)c1')
[0.5340416431427002] Updated in round 136! max:(0.7837837837837838, 'c1ccc(-c2ccccc2)cc1'), min:(0.3050847457627119, 'C1=C2C1=C2c1cccc(-c2cc3cc-3c2)c1')
[0.5350182056427002] Updated in round 137! max:(0.7837837837837838, 'c1ccc(-c2ccccc2)cc1'), min:(0.3050847457627119, 'C#Cc1ccc2ccc3ccccc3c2c1')
[0.5360753536224365] Updated in round 138! max:(0.7837837837837838, 'c1ccc(-c2ccccc2)cc1'), min:(0.3103448275862069, 'C=C1C=C1c1cccc(-c2cc3cc-3c2)c1')
[0.5370101928710938] Updated in round 139! max:(0.7837837837837838, 'c1ccc(-c2ccccc2)cc1'), min:(0.3103448275862069, 'C#CC(=C)c1cccc(-c2ccc3cc2-3)c1')
[0.5465874671936035] Updated in round 140! max:(0.7837837837837838, 'c1ccc(-c2ccccc2)cc1'), min:(0.3148148148148148, 'C#Cc1cc2cc(c1)-c1ccc-2cc1')
[0.571474552154541] Updated in round 141! max:(0.7837837837837838, 'c1ccc(-c2ccccc2)cc1'), min:(0.31746031746031744, 'C=CC#Cc1cccc2c1ccc1ccccc12')
[0.5727219581604004] Updated in round 142! max:(0.7837837837837838, 'c1ccc(-c2ccccc2)cc1'), min:(0.3181818181818182, 'C#CC(=C)c1ccccc1')
[0.5740017890930176] Updated in round 143! max:(0.7837837837837838, 'c1ccc(-c2ccccc2)cc1'), min:(0.3225806451612903, 'C#CC1=CC(c2cccc3c2-c2ccccc2-3)=C1')
[0.5751512050628662] Updated in round 144! max:(0.7837837837837838, 'c1ccc(-c2ccccc2)cc1'), min:(0.3225806451612903, 'C#Cc1ccc(-c2cccc(C=CC=C)c2)cc1')
[0.5767443180084229] Updated in round 145! max:(0.7837837837837838, 'c1ccc(-c2ccccc2)cc1'), min:(0.3275862068965517, 'C1#CC1=Cc1ccc2c(c1)-c1cccc-2c1')
[0.5783183574676514] Updated in round 146! max:(0.7837837837837838, 'c1ccc(-c2ccccc2)cc1'), min:(0.3275862068965517, 'C=CC#Cc1ccc2c(c1)-c1cccc-2c1')
[0.5796220302581787] Updated in round 147! max:(0.7837837837837838, 'c1ccc(-c2ccccc2)cc1'), min:(0.32786885245901637, 'C#Cc1ccc(-c2cccc(C(=C)C=C)c2)cc1')
[0.6081562042236328] Updated in round 148! max:(0.7837837837837838, 'c1ccc(-c2ccccc2)cc1'), min:(0.3333333333333333, 'C=CC(=C)c1cc2ccc1-c1cccc-2c1')
[0.609569787979126] Updated in round 149! max:(0.7837837837837838, 'c1ccc(-c2ccccc2)cc1'), min:(0.3387096774193548, 'C#CC1=C2C(=C1)c1cccc(c1)-c1ccc2cc1')
[0.6112053394317627] Updated in round 150! max:(0.7837837837837838, 'c1ccc(-c2ccccc2)cc1'), min:(0.33962264150943394, 'C=Cc1ccccc1-c1cc2ccc1-2')
[0.6123461723327637] Updated in round 151! max:(0.7837837837837838, 'c1ccc(-c2ccccc2)cc1'), min:(0.33962264150943394, 'C=Cc1cccc(-c2cc3ccc2-3)c1')
[0.6140367984771729] Updated in round 152! max:(0.7837837837837838, 'c1ccc(-c2ccccc2)cc1'), min:(0.3442622950819672, 'C#CC1=CC(c2cccc3c2-c2cccc-3c2)=C1')
[0.6158535480499268] Updated in round 153! max:(0.7837837837837838, 'c1ccc(-c2ccccc2)cc1'), min:(0.3442622950819672, 'C=CC#Cc1cccc(-c2cccc(C=C)c2)c1')
[0.6423938274383545] Updated in round 154! max:(0.7837837837837838, 'c1ccc(-c2ccccc2)cc1'), min:(0.3442622950819672, 'C#Cc1ccc(-c2cccc(C3=CC#C3)c2)cc1')
[0.6442747116088867] Updated in round 155! max:(0.7837837837837838, 'c1ccc(-c2ccccc2)cc1'), min:(0.3469387755102041, 'c1cc2cc(c1)c1cccc2c1')
[0.6462159156799316] Updated in round 156! max:(0.7837837837837838, 'c1ccc(-c2ccccc2)cc1'), min:(0.3484848484848485, 'C=CC=Cc1cccc(-c2ccc3ccccc3c2)c1')
[0.6481449604034424] Updated in round 157! max:(0.7837837837837838, 'c1ccc(-c2ccccc2)cc1'), min:(0.3508771929824561, 'C1#CC1=c1c2cccc(c2)c2ccccc12')
[0.6764523983001709] Updated in round 158! max:(0.7837837837837838, 'c1ccc(-c2ccccc2)cc1'), min:(0.3508771929824561, 'C=CC1=Cc2cccc(c2)-c2ccc1cc2')
[0.6786785125732422] Updated in round 159! max:(0.7837837837837838, 'c1ccc(-c2ccccc2)cc1'), min:(0.3508771929824561, 'C1=C2C1=C2c1cc2ccc1-c1cccc-2c1')
[0.6798858642578125] Updated in round 160! max:(0.7837837837837838, 'c1ccc(-c2ccccc2)cc1'), min:(0.3508771929824561, 'C1#CC(c2cc3ccc2-c2cccc-3c2)=C1')
[0.6815698146820068] Updated in round 161! max:(0.7837837837837838, 'c1ccc(-c2ccccc2)cc1'), min:(0.35384615384615387, 'C=CC(=C)c1cccc(-c2cccc3ccccc23)c1')
[0.6831710338592529] Updated in round 162! max:(0.7837837837837838, 'c1ccc(-c2ccccc2)cc1'), min:(0.35714285714285715, 'C=C1C=C1c1cccc2c1-c1ccccc1-2')
[0.7084782123565674] Updated in round 163! max:(0.7837837837837838, 'c1ccc(-c2ccccc2)cc1'), min:(0.3584905660377358, 'C1#Cc2ccccc2-c2ccc1cc2')
[0.711040735244751] Updated in round 164! max:(0.7837837837837838, 'c1ccc(-c2ccccc2)cc1'), min:(0.359375, 'C#CC1=CC(c2cc(C=C)cc(-c3ccccc3)c2)=C1')
[0.712759256362915] Updated in round 165! max:(0.7837837837837838, 'c1ccc(-c2ccccc2)cc1'), min:(0.36231884057971014, 'C=CC1=CC(c2cccc(-c3cccc4ccccc34)c2)=C1')
[0.7372479438781738] Updated in round 166! max:(0.7837837837837838, 'c1ccc(-c2ccccc2)cc1'), min:(0.36538461538461536, 'C#Cc1c2cccc1-c1ccccc1-2')
[0.7396292686462402] Updated in round 167! max:(0.7837837837837838, 'c1ccc(-c2ccccc2)cc1'), min:(0.36666666666666664, 'C#CC1=C(c2c3ccc(-c4ccccc4)c2-3)C1=C')
[0.7417845726013184] Updated in round 168! max:(0.7837837837837838, 'c1ccc(-c2ccccc2)cc1'), min:(0.36666666666666664, 'C#Cc1ccccc1-c1cccc(C=C2C=C2)c1')
[0.7608809471130371] Updated in round 169! max:(0.7837837837837838, 'c1ccc(-c2ccccc2)cc1'), min:(0.36666666666666664, 'C=Cc1cccc(-c2cccc(C3=C4C=C43)c2)c1')
[0.7639265060424805] Updated in round 170! max:(0.7837837837837838, 'c1ccc(-c2ccccc2)cc1'), min:(0.3684210526315789, 'C1=CC2=C1c1ccc(cc1)-c1cccc2c1')
[0.7827339172363281] Updated in round 171! max:(0.7837837837837838, 'c1ccc(-c2ccccc2)cc1'), min:(0.36923076923076925, 'C#CC=Cc1cc(-c2ccccc2)c2ccccc2c1')
[0.8072035312652588] Updated in round 172! max:(0.7837837837837838, 'c1ccc(-c2ccccc2)cc1'), min:(0.3728813559322034, 'C#Cc1ccccc1-c1cccc(C(=C)C=C)c1')
[0.8081753253936768] Updated in round 173! max:(0.7837837837837838, 'c1ccc(-c2ccccc2)cc1'), min:(0.375, 'C1#CC1=C1c2ccc(cc2)-c2cccc1c2')
[0.8305943012237549] Updated in round 174! max:(0.7837837837837838, 'c1ccc(-c2ccccc2)cc1'), min:(0.375, 'C#CC=C1c2ccc(cc2)-c2cccc1c2')
[0.8324024677276611] Updated in round 175! max:(0.7837837837837838, 'c1ccc(-c2ccccc2)cc1'), min:(0.375, 'C1=CC(c2cc(-c3ccccc3)c3cc2-3)=C1')
[0.8340787887573242] Updated in round 176! max:(0.7837837837837838, 'c1ccc(-c2ccccc2)cc1'), min:(0.375, 'c1ccc2c3ccc(cc3)c2c1')
[0.8557767868041992] Updated in round 177! max:(0.7837837837837838, 'c1ccc(-c2ccccc2)cc1'), min:(0.38095238095238093, 'C#CC1=C(c2ccc(C=C)c(-c3ccccc3)c2)C1=C')
[0.8577964305877686] Updated in round 178! max:(0.7837837837837838, 'c1ccc(-c2ccccc2)cc1'), min:(0.38095238095238093, 'C=CC1=C2C1=C2c1ccc(C=C)c(-c2ccccc2)c1')
[0.8599395751953125] Updated in round 179! max:(0.7837837837837838, 'c1ccc(-c2ccccc2)cc1'), min:(0.38181818181818183, 'C=C1C=C1c1cccc(-c2c3cccc2-3)c1')
[0.8613371849060059] Updated in round 180! max:(0.7837837837837838, 'c1ccc(-c2ccccc2)cc1'), min:(0.38235294117647056, 'C=CC1=C(c2cc(-c3ccccc3)cc3ccccc23)C1=C')
[0.8836803436279297] Updated in round 181! max:(0.7837837837837838, 'c1ccc(-c2ccccc2)cc1'), min:(0.38333333333333336, 'C=CC1=c2c1cc1cc(-c3ccccc3)cc2c1')
[0.8853864669799805] Updated in round 182! max:(0.7837837837837838, 'c1ccc(-c2ccccc2)cc1'), min:(0.38333333333333336, 'C#CC1=C2C(=C1)c1cc2cc(-c2ccccc2)c1')
[0.9075391292572021] Updated in round 183! max:(0.7837837837837838, 'c1ccc(-c2ccccc2)cc1'), min:(0.38333333333333336, 'C1=C2C1=C2c1cc2ccc1c(-c1ccccc1)c2')
[0.9349262714385986] Updated in round 184! max:(0.7837837837837838, 'c1ccc(-c2ccccc2)cc1'), min:(0.38461538461538464, 'C1=C(c2ccccc2)C2=C1c1cc2c2ccccc2c1')
[0.9400115013122559] Updated in round 185! max:(0.7837837837837838, 'c1ccc(-c2ccccc2)cc1'), min:(0.38461538461538464, 'c1ccc2c(c1)ccc1ccccc12')
[0.9665119647979736] Updated in round 186! max:(0.7837837837837838, 'c1ccc(-c2ccccc2)cc1'), min:(0.3888888888888889, 'C=CC1=C2C1=C2c1cc(-c2ccccc2)ccc1-c1ccccc1')
[0.97025465965271] Updated in round 187! max:(0.7837837837837838, 'c1ccc(-c2ccccc2)cc1'), min:(0.3898305084745763, 'C=C1C2=C3C2=C3c2cc1cc(-c1ccccc1)c2')
[0.972123384475708] Updated in round 188! max:(0.7837837837837838, 'c1ccc(-c2ccccc2)cc1'), min:(0.3898305084745763, 'C=Cc1ccc(C=C2C=C2)cc1-c1ccccc1')
[0.9982757568359375] Updated in round 189! max:(0.7837837837837838, 'c1ccc(-c2ccccc2)cc1'), min:(0.3898305084745763, 'C=CC#Cc1ccc(C=C)c(-c2ccccc2)c1')
[1.0006828308105469] Updated in round 190! max:(0.7837837837837838, 'c1ccc(-c2ccccc2)cc1'), min:(0.3898305084745763, 'C=CC(=C)c1cc2ccc1c(-c1ccccc1)c2')
[1.0318124294281006] Updated in round 191! max:(0.7837837837837838, 'c1ccc(-c2ccccc2)cc1'), min:(0.390625, 'C#CC1=Cc2ccc3ccc(-c4ccccc4)cc3c21')
[1.0353782176971436] Updated in round 192! max:(0.7837837837837838, 'c1ccc(-c2ccccc2)cc1'), min:(0.390625, 'C#CC1=Cc2c1ccc1ccc(-c3ccccc3)cc21')
[1.0377531051635742] Updated in round 193! max:(0.7837837837837838, 'c1ccc(-c2ccccc2)cc1'), min:(0.391304347826087, 'C1=C(c2ccccc2)C2=C1c1cc2ccc1-c1ccccc1')
[1.0398979187011719] Updated in round 194! max:(0.7837837837837838, 'c1ccc(-c2ccccc2)cc1'), min:(0.39215686274509803, 'C#Cc1cc2c(-c3ccccc3)cc1-2')
[1.0690007209777832] Updated in round 195! max:(0.7837837837837838, 'c1ccc(-c2ccccc2)cc1'), min:(0.39285714285714285, 'C1=C(c2ccccc2)C2=C1c1cc3cc2c1-3')
[1.0740182399749756] Updated in round 196! max:(0.7837837837837838, 'c1ccc(-c2ccccc2)cc1'), min:(0.39655172413793105, 'C=CC(=C)c1ccc(C=C)c(-c2ccccc2)c1')
[1.1079473495483398] Updated in round 197! max:(0.7837837837837838, 'c1ccc(-c2ccccc2)cc1'), min:(0.3968253968253968, 'C#Cc1c(C2=CC=C2C=C)cccc1-c1ccccc1')
[1.1390819549560547] Updated in round 198! max:(0.7837837837837838, 'c1ccc(-c2ccccc2)cc1'), min:(0.3968253968253968, 'C#Cc1c(C2=C(C=C)C#C2)cccc1-c1ccccc1')
[1.1429634094238281] Updated in round 199! max:(0.7837837837837838, 'c1ccc(-c2ccccc2)cc1'), min:(0.39705882352941174, 'c1ccc(C2=C3C2=C3c2ccccc2-c2ccccc2)cc1')
[1.1459791660308838] Updated in round 200! max:(0.7837837837837838, 'c1ccc(-c2ccccc2)cc1'), min:(0.39705882352941174, 'C=CC=Cc1ccc(-c2ccccc2)c(-c2ccccc2)c1')
[1.1761953830718994] Updated in round 201! max:(0.7837837837837838, 'c1ccc(-c2ccccc2)cc1'), min:(0.3972602739726027, 'C1#CC(c2cccc(-c3ccccc3)c2)=C1C=Cc1ccccc1')
[1.1807467937469482] Updated in round 202! max:(0.7837837837837838, 'c1ccc(-c2ccccc2)cc1'), min:(0.4, 'C1#CC2=C1C#Cc1ccccc1-c1cccc2c1')
[1.2092211246490479] Updated in round 203! max:(0.7837837837837838, 'c1ccc(-c2ccccc2)cc1'), min:(0.4, 'C1#CC1=Cc1ccc2c(-c3ccccc3)c1-2')
[1.213407039642334] Updated in round 204! max:(0.7837837837837838, 'c1ccc(-c2ccccc2)cc1'), min:(0.4, 'C=CC1=Cc2cccc(c2)-c2ccccc21')
[1.2440130710601807] Updated in round 205! max:(0.7837837837837838, 'c1ccc(-c2ccccc2)cc1'), min:(0.4, 'C=C1C#Cc2cccc(c2)-c2cccc1c2')
[1.2483398914337158] Updated in round 206! max:(0.7837837837837838, 'c1ccc(-c2ccccc2)cc1'), min:(0.4027777777777778, 'C=C1C(=Cc2ccccc2)C=C1c1cccc(-c2ccccc2)c1')
[1.279892921447754] Updated in round 207! max:(0.7837837837837838, 'c1ccc(-c2ccccc2)cc1'), min:(0.4027777777777778, 'C#CC1=C(c2cccc(-c3ccccc3)c2)C(c2ccccc2)=C1')
[1.286088228225708] Updated in round 208! max:(0.7837837837837838, 'c1ccc(-c2ccccc2)cc1'), min:(0.4027777777777778, 'C#CC1=C(c2cccc(-c3cccc(-c4ccccc4)c3)c2)C#C1')
[1.3162729740142822] Updated in round 209! max:(0.7837837837837838, 'c1ccc(-c2ccccc2)cc1'), min:(0.4027777777777778, 'C#CC1=C(c2ccccc2)C(c2cccc(-c3ccccc3)c2)=C1')
[1.347269058227539] Updated in round 210! max:(0.7837837837837838, 'c1ccc(-c2ccccc2)cc1'), min:(0.4032258064516129, 'C#Cc1c(C2=CC(=C)C2=C)cccc1-c1ccccc1')
[1.3799004554748535] Updated in round 211! max:(0.7837837837837838, 'c1ccc(-c2ccccc2)cc1'), min:(0.4032258064516129, 'C#CC1=C2C1=C2c1cc(-c2ccccc2)ccc1C#C')
[1.4107122421264648] Updated in round 212! max:(0.7837837837837838, 'c1ccc(-c2ccccc2)cc1'), min:(0.4032258064516129, 'C=CC1=C(c2cc(-c3ccccc3)ccc2C=C)C1=C')
[1.4441287517547607] Updated in round 213! max:(0.7837837837837838, 'c1ccc(-c2ccccc2)cc1'), min:(0.4032258064516129, 'C#CC1=CC(c2cccc(-c3ccccc3)c2C=C)=C1')
[1.4484233856201172] Updated in round 214! max:(0.7837837837837838, 'c1ccc(-c2ccccc2)cc1'), min:(0.4067796610169492, 'C1=CC1=C1C2=C1c1ccccc1-c1cccc2c1')
[1.4823341369628906] Updated in round 215! max:(0.7837837837837838, 'c1ccc(-c2ccccc2)cc1'), min:(0.4067796610169492, 'C=C1C2=C(C=C2)c2ccc1c(-c1ccccc1)c2')
[1.4878411293029785] Updated in round 216! max:(0.7837837837837838, 'c1ccc(-c2ccccc2)cc1'), min:(0.4067796610169492, 'C=C1C2=CC=C2c2ccc1c(-c1ccccc1)c2')
[1.5205609798431396] Updated in round 217! max:(0.7837837837837838, 'c1ccc(-c2ccccc2)cc1'), min:(0.4067796610169492, 'C=Cc1ccc2cc1C1=C2C(c2ccccc2)=C1')
[1.5242273807525635] Updated in round 218! max:(0.7837837837837838, 'c1ccc(-c2ccccc2)cc1'), min:(0.4067796610169492, 'C=C1c2cc3ccccc3c(-c3ccccc3)c21')
[1.5562562942504883] Updated in round 219! max:(0.7837837837837838, 'c1ccc(-c2ccccc2)cc1'), min:(0.4067796610169492, 'C=CC1=C2C(=C1)c1cccc(c1)-c1ccccc12')
[1.561629056930542] Updated in round 220! max:(0.7837837837837838, 'c1ccc(-c2ccccc2)cc1'), min:(0.4074074074074074, 'C#Cc1ccc(-c2ccccc2)c2c1C2=C')
[1.610619306564331] Updated in round 221! max:(0.7837837837837838, 'c1ccc(-c2ccccc2)cc1'), min:(0.4074074074074074, 'C#CC(=C)c1c2ccc(-c3ccccc3)c1-2')
[1.6308207511901855] Updated in round 222! max:(0.7837837837837838, 'c1ccc(-c2ccccc2)cc1'), min:(0.4084507042253521, 'c1ccc(-c2cccc(-c3cccc(-c4c5c6cc5c46)c3)c2)cc1')
[1.6333262920379639] Updated in round 223! max:(0.7837837837837838, 'c1ccc(-c2ccccc2)cc1'), min:(0.4084507042253521, 'C=C1C(C(=C)c2ccccc2)=C1c1cccc(-c2ccccc2)c1')
[1.6532044410705566] Updated in round 224! max:(0.7837837837837838, 'c1ccc(-c2ccccc2)cc1'), min:(0.4084507042253521, 'C#CC1=CC(c2cccc(-c3cccc(-c4ccccc4)c3)c2)=C1')
[1.6876428127288818] Updated in round 225! max:(0.7837837837837838, 'c1ccc(-c2ccccc2)cc1'), min:(0.4117647058823529, 'C1=C(c2ccccc2-c2ccccc2)C2=C1c1cccc2c1')
[1.7127196788787842] Updated in round 226! max:(0.7837837837837838, 'c1ccc(-c2ccccc2)cc1'), min:(0.4117647058823529, 'C(#Cc1cccc(-c2ccccc2)c1)C=Cc1ccccc1')
[1.7377684116363525] Updated in round 227! max:(0.7837837837837838, 'c1ccc(-c2ccccc2)cc1'), min:(0.4126984126984127, 'C=CC#Cc1cc(-c2ccccc2)cc2ccccc12')
[1.7637708187103271] Updated in round 228! max:(0.7837837837837838, 'c1ccc(-c2ccccc2)cc1'), min:(0.41304347826086957, 'C=C1C2=CC(c3ccccc3)=C12')
[1.788881778717041] Updated in round 229! max:(0.7837837837837838, 'c1ccc(-c2ccccc2)cc1'), min:(0.41379310344827586, 'C=Cc1ccc(C2=C3C2=C3c2ccccc2)cc1')
[1.7900662422180176] Updated in round 230! max:(0.7837837837837838, 'c1ccc(-c2ccccc2)cc1'), min:(0.41379310344827586, 'C=C1C2=CC(=C2)c2ccc1c(-c1ccccc1)c2')
[1.7915105819702148] Updated in round 231! max:(0.7837837837837838, 'c1ccc(-c2ccccc2)cc1'), min:(0.41379310344827586, 'C#Cc1ccccc1-c1cccc(C2=CC#C2)c1')
[1.7929582595825195] Updated in round 232! max:(0.7837837837837838, 'c1ccc(-c2ccccc2)cc1'), min:(0.417910447761194, 'C#CC#Cc1cc(-c2ccccc2)ccc1-c1ccccc1')
[1.8189425468444824] Updated in round 233! max:(0.7837837837837838, 'c1ccc(-c2ccccc2)cc1'), min:(0.417910447761194, 'C=CC(=Cc1cccc(-c2ccccc2)c1)c1ccccc1')
[1.8458712100982666] Updated in round 234! max:(0.7837837837837838, 'c1ccc(-c2ccccc2)cc1'), min:(0.417910447761194, 'C1=CC(c2cccc(-c3ccccc3-c3ccccc3)c2)=C1')
[1.848414659500122] Updated in round 235! max:(0.7837837837837838, 'c1ccc(-c2ccccc2)cc1'), min:(0.41818181818181815, 'c1ccc2c(cc3cc-3c1)-c1ccccc1-2')
[1.8496873378753662] Updated in round 236! max:(0.7837837837837838, 'c1ccc(-c2ccccc2)cc1'), min:(0.41818181818181815, 'C1=C(c2ccccc2)c2c1c1ccc2cc1')
[1.875079870223999] Updated in round 237! max:(0.7837837837837838, 'c1ccc(-c2ccccc2)cc1'), min:(0.41818181818181815, 'C1=CC2=C1c1cc2cc(-c2ccccc2)c1')
[1.8770084381103516] Updated in round 238! max:(0.7837837837837838, 'c1ccc(-c2ccccc2)cc1'), min:(0.42, 'C#Cc1c(-c2ccccc2)cc2cc1-2')
[1.8788306713104248] Updated in round 239! max:(0.7837837837837838, 'c1ccc(-c2ccccc2)cc1'), min:(0.42, 'C=C1c2ccc(cc2)-c2cccc1c2')
[1.88028883934021] Updated in round 240! max:(0.7837837837837838, 'c1ccc(-c2ccccc2)cc1'), min:(0.4225352112676056, 'c1ccc(-c2ccc(-c3cccc(-c4cc5c6c4c56)c3)cc2)cc1')
[1.905290126800537] Updated in round 241! max:(0.7837837837837838, 'c1ccc(-c2ccccc2)cc1'), min:(0.4225352112676056, 'C=CC=C1C=C1c1cccc(-c2ccc(-c3ccccc3)cc2)c1')
[1.9063200950622559] Updated in round 242! max:(0.7837837837837838, 'c1ccc(-c2ccccc2)cc1'), min:(0.423728813559322, 'c1ccc2ccc3cc4ccc3c2cccc-4c1')
[1.9078915119171143] Updated in round 243! max:(0.7837837837837838, 'c1ccc(-c2ccccc2)cc1'), min:(0.423728813559322, 'C1=c2c1c1c(c3cc(-c4ccccc4)ccc23)=C1')
[1.9335920810699463] Updated in round 244! max:(0.7837837837837838, 'c1ccc(-c2ccccc2)cc1'), min:(0.423728813559322, 'C1=Cc2c(cccc2-c2ccccc2)C2=CC2=C1')
[1.9356582164764404] Updated in round 245! max:(0.7837837837837838, 'c1ccc(-c2ccccc2)cc1'), min:(0.423728813559322, 'C1#Cc2c1c#cc1c(-c3ccccc3)cccc21')
[1.9374423027038574] Updated in round 246! max:(0.7837837837837838, 'c1ccc(-c2ccccc2)cc1'), min:(0.423728813559322, 'c1ccc(-c2ccc3cc2-c2ccccc2-3)cc1')
[1.9382710456848145] Reproduced in round 247!!
