[0.011400222778320312]Start running EvoMol from [H][H]...
[0.01383209228515625] Updated in round 1! max:(0.0, '[H][H]'), min:(-99999, '')
[0.014278173446655273] Updated in round 2! max:(0.0, '[H][H]'), min:(-99999, '')
[0.01546025276184082] Updated in round 3! max:(0.11428571428571428, 'C1=CC=C1'), min:(-99999, '')
[0.017221450805664062] Updated in round 4! max:(0.11428571428571428, 'C1=CC=C1'), min:(-99999, '')
[0.019494056701660156] Updated in round 5! max:(0.38235294117647056, 'c1cc2ccc1-2'), min:(-99999, '')
[0.02348160743713379] Updated in round 6! max:(0.38235294117647056, 'c1cc2ccc1-2'), min:(-99999, '')
[0.0289914608001709] Updated in round 7! max:(0.4117647058823529, 'c1cc2cc-2c1'), min:(-99999, '')
[0.03464794158935547] Updated in round 8! max:(0.4117647058823529, 'c1cc2cc-2c1'), min:(-99999, '')
[0.03520512580871582] Updated in round 9! max:(0.4117647058823529, 'c1cc2cc-2c1'), min:(-99999, '')
[0.03822731971740723] Updated in round 10! max:(0.4117647058823529, 'c1cc2cc-2c1'), min:(-99999, '')
[0.04195523262023926] Updated in round 11! max:(0.4117647058823529, 'c1cc2cc-2c1'), min:(-99999, '')
[0.04254031181335449] Updated in round 12! max:(0.4117647058823529, 'c1cc2cc-2c1'), min:(-99999, '')
[0.04674935340881348] Updated in round 13! max:(0.475, 'C1#CC(c2ccccc2)=C1'), min:(-99999, '')
[0.050930023193359375] Updated in round 14! max:(0.475, 'C1#CC(c2ccccc2)=C1'), min:(-99999, '')
[0.05152392387390137] Updated in round 15! max:(0.475, 'C1#CC(c2ccccc2)=C1'), min:(-99999, '')
[0.05721163749694824] Updated in round 16! max:(0.475, 'C1#CC(c2ccccc2)=C1'), min:(-99999, '')
[0.057825326919555664] Updated in round 17! max:(0.475, 'C1#CC(c2ccccc2)=C1'), min:(-99999, '')
[0.06270742416381836] Updated in round 18! max:(0.475, 'C1#CC(c2ccccc2)=C1'), min:(-99999, '')
[0.06338906288146973] Updated in round 19! max:(0.475, 'C1#CC(c2ccccc2)=C1'), min:(-99999, '')
[0.06970071792602539] Updated in round 20! max:(0.475, 'C1#CC(c2ccccc2)=C1'), min:(-99999, '')
[0.07602763175964355] Updated in round 21! max:(0.475, 'C1#CC(c2ccccc2)=C1'), min:(-99999, '')
[0.07672858238220215] Updated in round 22! max:(0.475, 'C1#CC(c2ccccc2)=C1'), min:(-99999, '')
[0.07740497589111328] Updated in round 23! max:(0.475, 'C1#CC(c2ccccc2)=C1'), min:(-99999, '')
[0.07809114456176758] Updated in round 24! max:(0.475, 'C1#CC(c2ccccc2)=C1'), min:(-99999, '')
[0.08518815040588379] Updated in round 25! max:(0.475, 'C1#CC(c2ccccc2)=C1'), min:(-99999, '')
[0.0859823226928711] Updated in round 26! max:(0.475, 'C1#CC(c2ccccc2)=C1'), min:(-99999, '')
[0.09334206581115723] Updated in round 27! max:(0.475, 'C1#CC(c2ccccc2)=C1'), min:(-99999, '')
[0.09413695335388184] Updated in round 28! max:(0.475, 'C1#CC(c2ccccc2)=C1'), min:(-99999, '')
[0.09489655494689941] Updated in round 29! max:(0.475, 'C1#CC(c2ccccc2)=C1'), min:(-99999, '')
[0.10251355171203613] Updated in round 30! max:(0.475, 'C1#CC(c2ccccc2)=C1'), min:(-99999, '')
[0.10321688652038574] Updated in round 31! max:(0.475, 'C1#CC(c2ccccc2)=C1'), min:(-99999, '')
[0.11020803451538086] Updated in round 32! max:(0.475, 'C1#CC(c2ccccc2)=C1'), min:(-99999, '')
[0.11111211776733398] Updated in round 33! max:(0.475, 'C1#CC(c2ccccc2)=C1'), min:(-99999, '')
[0.12133288383483887] Updated in round 34! max:(0.475, 'C1#CC(c2ccccc2)=C1'), min:(-99999, '')
[0.12927722930908203] Updated in round 35! max:(0.475, 'C1#CC(c2ccccc2)=C1'), min:(-99999, '')
[0.13009333610534668] Updated in round 36! max:(0.475, 'C1#CC(c2ccccc2)=C1'), min:(-99999, '')
[0.13094186782836914] Updated in round 37! max:(0.475, 'C1#CC(c2ccccc2)=C1'), min:(-99999, '')
[0.13181185722351074] Updated in round 38! max:(0.475, 'C1#CC(c2ccccc2)=C1'), min:(-99999, '')
[0.14316344261169434] Updated in round 39! max:(0.475, 'C1#CC(c2ccccc2)=C1'), min:(-99999, '')
[0.14404511451721191] Updated in round 40! max:(0.5294117647058824, 'C1#CC(c2ccccc2)=C1c1ccccc1'), min:(-99999, '')
[0.15592503547668457] Updated in round 41! max:(0.5294117647058824, 'C1#CC(c2ccccc2)=C1c1ccccc1'), min:(-99999, '')
[0.16935014724731445] Updated in round 42! max:(0.5294117647058824, 'C1#CC(c2ccccc2)=C1c1ccccc1'), min:(-99999, '')
[0.17023777961730957] Updated in round 43! max:(0.5294117647058824, 'C1#CC(c2ccccc2)=C1c1ccccc1'), min:(-99999, '')
[0.1711132526397705] Updated in round 44! max:(0.5294117647058824, 'C1#CC(c2ccccc2)=C1c1ccccc1'), min:(-99999, '')
[0.1719503402709961] Updated in round 45! max:(0.5294117647058824, 'C1#CC(c2ccccc2)=C1c1ccccc1'), min:(-99999, '')
[0.17283916473388672] Updated in round 46! max:(0.5294117647058824, 'C1#CC(c2ccccc2)=C1c1ccccc1'), min:(-99999, '')
[0.17368769645690918] Updated in round 47! max:(0.5294117647058824, 'C1#CC(c2ccccc2)=C1c1ccccc1'), min:(-99999, '')
[0.18912172317504883] Updated in round 48! max:(0.5294117647058824, 'C1#CC(c2ccccc2)=C1c1ccccc1'), min:(-99999, '')
[0.19006657600402832] Updated in round 49! max:(0.5294117647058824, 'C1#CC(c2ccccc2)=C1c1ccccc1'), min:(-99999, '')
[0.19098734855651855] Updated in round 50! max:(0.5294117647058824, 'C1#CC(c2ccccc2)=C1c1ccccc1'), min:(-99999, '')
[0.19191908836364746] Updated in round 51! max:(0.5294117647058824, 'C1#CC(c2ccccc2)=C1c1ccccc1'), min:(-99999, '')
[0.19292664527893066] Updated in round 52! max:(0.5294117647058824, 'C1#CC(c2ccccc2)=C1c1ccccc1'), min:(-99999, '')
[0.1938769817352295] Updated in round 53! max:(0.5294117647058824, 'C1#CC(c2ccccc2)=C1c1ccccc1'), min:(-99999, '')
[0.20543861389160156] Updated in round 54! max:(0.5294117647058824, 'C1#CC(c2ccccc2)=C1c1ccccc1'), min:(-99999, '')
[0.20640254020690918] Updated in round 55! max:(0.5294117647058824, 'C1#CC(c2ccccc2)=C1c1ccccc1'), min:(-99999, '')
[0.20731139183044434] Updated in round 56! max:(0.5294117647058824, 'C1#CC(c2ccccc2)=C1c1ccccc1'), min:(-99999, '')
[0.21973109245300293] Updated in round 57! max:(0.5294117647058824, 'C1#CC(c2ccccc2)=C1c1ccccc1'), min:(-99999, '')
[0.22069358825683594] Updated in round 58! max:(0.5294117647058824, 'C1#CC(c2ccccc2)=C1c1ccccc1'), min:(-99999, '')
[0.2215895652770996] Updated in round 59! max:(0.6041666666666666, 'C1#CC(c2cccc(-c3ccccc3)c2)=C1'), min:(-99999, '')
[0.2337796688079834] Updated in round 60! max:(0.6041666666666666, 'C1#CC(c2cccc(-c3ccccc3)c2)=C1'), min:(-99999, '')
[0.23463106155395508] Updated in round 61! max:(0.6041666666666666, 'C1#CC(c2cccc(-c3ccccc3)c2)=C1'), min:(-99999, '')
[0.23543453216552734] Updated in round 62! max:(0.6041666666666666, 'C1#CC(c2cccc(-c3ccccc3)c2)=C1'), min:(-99999, '')
[0.2361774444580078] Updated in round 63! max:(0.6041666666666666, 'C1#CC(c2cccc(-c3ccccc3)c2)=C1'), min:(-99999, '')
[0.2369222640991211] Updated in round 64! max:(0.6041666666666666, 'C1#CC(c2cccc(-c3ccccc3)c2)=C1'), min:(-99999, '')
[0.2506678104400635] Updated in round 65! max:(0.6041666666666666, 'C1#CC(c2cccc(-c3ccccc3)c2)=C1'), min:(-99999, '')
[0.2632288932800293] Updated in round 66! max:(0.6511627906976745, 'C=Cc1cccc(-c2ccccc2)c1'), min:(-99999, '')
[0.27462339401245117] Updated in round 67! max:(0.6511627906976745, 'C=Cc1cccc(-c2ccccc2)c1'), min:(-99999, '')
[0.27537059783935547] Updated in round 68! max:(0.7837837837837838, 'c1ccc(-c2ccccc2)cc1'), min:(-99999, '')
[0.28429436683654785] Updated in round 69! max:(0.7837837837837838, 'c1ccc(-c2ccccc2)cc1'), min:(-99999, '')
[0.2849757671356201] Updated in round 70! max:(0.7837837837837838, 'c1ccc(-c2ccccc2)cc1'), min:(-99999, '')
[0.28577542304992676] Updated in round 71! max:(0.7837837837837838, 'c1ccc(-c2ccccc2)cc1'), min:(-99999, '')
[0.28653907775878906] Updated in round 72! max:(0.7837837837837838, 'c1ccc(-c2ccccc2)cc1'), min:(-99999, '')
[0.28725576400756836] Updated in round 73! max:(0.7837837837837838, 'c1ccc(-c2ccccc2)cc1'), min:(-99999, '')
[0.29709458351135254] Updated in round 74! max:(0.7837837837837838, 'c1ccc(-c2ccccc2)cc1'), min:(-99999, '')
[0.29784464836120605] Updated in round 75! max:(0.7837837837837838, 'c1ccc(-c2ccccc2)cc1'), min:(-99999, '')
[0.29852294921875] Updated in round 76! max:(0.7837837837837838, 'c1ccc(-c2ccccc2)cc1'), min:(-99999, '')
[0.2992434501647949] Updated in round 77! max:(0.7837837837837838, 'c1ccc(-c2ccccc2)cc1'), min:(-99999, '')
[0.29988646507263184] Updated in round 78! max:(0.7837837837837838, 'c1ccc(-c2ccccc2)cc1'), min:(-99999, '')
[0.3082857131958008] Updated in round 79! max:(0.7837837837837838, 'c1ccc(-c2ccccc2)cc1'), min:(-99999, '')
[0.30905938148498535] Updated in round 80! max:(0.7837837837837838, 'c1ccc(-c2ccccc2)cc1'), min:(-99999, '')
[0.3098115921020508] Updated in round 81! max:(0.7837837837837838, 'c1ccc(-c2ccccc2)cc1'), min:(-99999, '')
[0.3106367588043213] Updated in round 82! max:(0.7837837837837838, 'c1ccc(-c2ccccc2)cc1'), min:(-99999, '')
[0.31140947341918945] Updated in round 83! max:(0.7837837837837838, 'c1ccc(-c2ccccc2)cc1'), min:(-99999, '')
[0.3121962547302246] Updated in round 84! max:(0.7837837837837838, 'c1ccc(-c2ccccc2)cc1'), min:(-99999, '')
[0.31299686431884766] Updated in round 85! max:(0.7837837837837838, 'c1ccc(-c2ccccc2)cc1'), min:(-99999, '')
[0.31377148628234863] Updated in round 86! max:(0.7837837837837838, 'c1ccc(-c2ccccc2)cc1'), min:(-99999, '')
[0.32763195037841797] Updated in round 87! max:(0.7837837837837838, 'c1ccc(-c2ccccc2)cc1'), min:(-99999, '')
[0.3422083854675293] Updated in round 88! max:(0.7837837837837838, 'c1ccc(-c2ccccc2)cc1'), min:(-99999, '')
[0.3430488109588623] Updated in round 89! max:(0.7837837837837838, 'c1ccc(-c2ccccc2)cc1'), min:(-99999, '')
[0.34391164779663086] Updated in round 90! max:(0.7837837837837838, 'c1ccc(-c2ccccc2)cc1'), min:(-99999, '')
[0.34475135803222656] Updated in round 91! max:(0.7837837837837838, 'c1ccc(-c2ccccc2)cc1'), min:(-99999, '')
[0.34559178352355957] Updated in round 92! max:(0.7837837837837838, 'c1ccc(-c2ccccc2)cc1'), min:(-99999, '')
[0.3464179039001465] Updated in round 93! max:(0.7837837837837838, 'c1ccc(-c2ccccc2)cc1'), min:(-99999, '')
[0.34720754623413086] Updated in round 94! max:(0.7837837837837838, 'c1ccc(-c2ccccc2)cc1'), min:(-99999, '')
[0.36067938804626465] Updated in round 95! max:(0.7837837837837838, 'c1ccc(-c2ccccc2)cc1'), min:(-99999, '')
[0.361602783203125] Updated in round 96! max:(0.7837837837837838, 'c1ccc(-c2ccccc2)cc1'), min:(-99999, '')
[0.3759126663208008] Updated in round 97! max:(0.7837837837837838, 'c1ccc(-c2ccccc2)cc1'), min:(-99999, '')
[0.3768441677093506] Updated in round 98! max:(0.7837837837837838, 'c1ccc(-c2ccccc2)cc1'), min:(-99999, '')
[0.3776979446411133] Updated in round 99! max:(0.7837837837837838, 'c1ccc(-c2ccccc2)cc1'), min:(-99999, '')
[0.3785722255706787] Updated in round 100! max:(0.7837837837837838, 'c1ccc(-c2ccccc2)cc1'), min:(-99999, '')
[0.3794252872467041] Updated in round 101! max:(0.7837837837837838, 'c1ccc(-c2ccccc2)cc1'), min:(-99999, '')
[0.3802676200866699] Updated in round 102! max:(0.7837837837837838, 'c1ccc(-c2ccccc2)cc1'), min:(0.0, 'C#CC#CC=C')
[0.381136417388916] Updated in round 103! max:(0.7837837837837838, 'c1ccc(-c2ccccc2)cc1'), min:(0.0, 'C=CC=C')
[0.3820488452911377] Updated in round 104! max:(0.7837837837837838, 'c1ccc(-c2ccccc2)cc1'), min:(0.030303030303030304, 'C#CC(=C)C1=C(C(C=C)=CC=C)C#C1')
[0.3829059600830078] Updated in round 105! max:(0.7837837837837838, 'c1ccc(-c2ccccc2)cc1'), min:(0.04477611940298507, 'C=CC=CC=CC1=C(C2=C3C=C32)C#C1')
[0.38373517990112305] Updated in round 106! max:(0.7837837837837838, 'c1ccc(-c2ccccc2)cc1'), min:(0.05405405405405406, 'C1#CC=C1')
[0.3845703601837158] Updated in round 107! max:(0.7837837837837838, 'c1ccc(-c2ccccc2)cc1'), min:(0.07142857142857142, 'C=CC1=CC1=C')
[0.38539552688598633] Updated in round 108! max:(0.7837837837837838, 'c1ccc(-c2ccccc2)cc1'), min:(0.08333333333333333, 'C=CC1=CC=C1C=C')
[0.3862183094024658] Updated in round 109! max:(0.7837837837837838, 'c1ccc(-c2ccccc2)cc1'), min:(0.0975609756097561, 'c1c2c3cc2c13')
[0.38701462745666504] Updated in round 110! max:(0.7837837837837838, 'c1ccc(-c2ccccc2)cc1'), min:(0.11904761904761904, 'C=C1C=CC=C1')
[0.38779473304748535] Updated in round 111! max:(0.7837837837837838, 'c1ccc(-c2ccccc2)cc1'), min:(0.12903225806451613, 'C#CC(=C)C1=C(c2ccc3cc2-3)C#C1')
[0.39948201179504395] Updated in round 112! max:(0.7837837837837838, 'c1ccc(-c2ccccc2)cc1'), min:(0.14516129032258066, 'C1#CC(c2cc3ccc2-3)=C1C1=C2C=C21')
[0.40029168128967285] Updated in round 113! max:(0.7837837837837838, 'c1ccc(-c2ccccc2)cc1'), min:(0.14893617021276595, 'C1=Cc2cc3cc1c2-3')
[0.40107154846191406] Updated in round 114! max:(0.7837837837837838, 'c1ccc(-c2ccccc2)cc1'), min:(0.15625, 'C#CC(=C)c1cccc(C(=C)C=CC=C)c1')
[0.4109816551208496] Updated in round 115! max:(0.7837837837837838, 'c1ccc(-c2ccccc2)cc1'), min:(0.16393442622950818, 'C1#CC(c2ccc3cc2-3)=C1C=C1C=C1')
[0.411724328994751] Updated in round 116! max:(0.7837837837837838, 'c1ccc(-c2ccccc2)cc1'), min:(0.16666666666666666, 'C#Cc1ccc(C=CC=CC=C)cc1')
[0.4125072956085205] Updated in round 117! max:(0.7837837837837838, 'c1ccc(-c2ccccc2)cc1'), min:(0.1694915254237288, 'C#Cc1cccc(C(=C)C=CC=C)c1')
[0.4133946895599365] Updated in round 118! max:(0.7837837837837838, 'c1ccc(-c2ccccc2)cc1'), min:(0.17391304347826086, 'C=CC=CC(=C)C1=C(c2cccc(C=C)c2)C#C1')
[0.4142792224884033] Updated in round 119! max:(0.7837837837837838, 'c1ccc(-c2ccccc2)cc1'), min:(0.17857142857142858, 'c1c2c#cc3ccc(cc3)c=2c#1')
[0.41516733169555664] Updated in round 120! max:(0.7837837837837838, 'c1ccc(-c2ccccc2)cc1'), min:(0.18181818181818182, 'c1c2c3cccc(c3)c3cc4c(cc34)c2c#1')
[0.4159567356109619] Updated in round 121! max:(0.7837837837837838, 'c1ccc(-c2ccccc2)cc1'), min:(0.18333333333333332, 'C1#CC(c2ccc3cc2-3)=C1C1=CC=C1')
[0.4167673587799072] Updated in round 122! max:(0.7837837837837838, 'c1ccc(-c2ccccc2)cc1'), min:(0.1864406779661017, 'C#CC1=C(c2ccc(C=C)cc2)C#C1')
[0.4252512454986572] Updated in round 123! max:(0.7837837837837838, 'c1ccc(-c2ccccc2)cc1'), min:(0.19047619047619047, 'C#Cc1ccc(C2=C(C3=CC3=C)C#C2)cc1')
[0.4260568618774414] Updated in round 124! max:(0.7837837837837838, 'c1ccc(-c2ccccc2)cc1'), min:(0.2, 'C1#CC2=C1c1cc3cc(c1)c1cccc3c12')
[0.4346339702606201] Updated in round 125! max:(0.7837837837837838, 'c1ccc(-c2ccccc2)cc1'), min:(0.2033898305084746, 'c1c2c3ccccc3c3c4c(c=2c#1)c34')
[0.4353950023651123] Updated in round 126! max:(0.7837837837837838, 'c1ccc(-c2ccccc2)cc1'), min:(0.20634920634920634, 'C=CC(=C)c1ccc2c3ccc(cc3)c2c1')
[0.43631887435913086] Updated in round 127! max:(0.7837837837837838, 'c1ccc(-c2ccccc2)cc1'), min:(0.20634920634920634, 'C=Cc1cccc(C2=C(C3=C4C=C43)C#C2)c1')
[0.4452846050262451] Updated in round 128! max:(0.7837837837837838, 'c1ccc(-c2ccccc2)cc1'), min:(0.20689655172413793, 'C#CC1=C(c2ccccc2C=C)C#C1')
[0.460299015045166] Updated in round 129! max:(0.7837837837837838, 'c1ccc(-c2ccccc2)cc1'), min:(0.20833333333333334, 'C=Cc1cccc(C=C)c1')
[0.4611544609069824] Updated in round 130! max:(0.7837837837837838, 'c1ccc(-c2ccccc2)cc1'), min:(0.20967741935483872, 'C#Cc1cccc(C2=C(C3=CC3=C)C#C2)c1')
[0.46206092834472656] Updated in round 131! max:(0.7837837837837838, 'c1ccc(-c2ccccc2)cc1'), min:(0.21875, 'c1c2c3ccc(cc3)c3ccc(cc3)c2c#1')
[0.46306848526000977] Updated in round 132! max:(0.7837837837837838, 'c1ccc(-c2ccccc2)cc1'), min:(0.2222222222222222, 'c1cc2c3cc1c1ccc2cc1-3')
[0.4639160633087158] Updated in round 133! max:(0.7837837837837838, 'c1ccc(-c2ccccc2)cc1'), min:(0.2222222222222222, 'C1#Cc2c1c#cc1ccccc21')
[0.464733362197876] Updated in round 134! max:(0.7837837837837838, 'c1ccc(-c2ccccc2)cc1'), min:(0.22580645161290322, 'C=CC=CC(=C)C=CC=Cc1ccccc1')
[0.4656212329864502] Updated in round 135! max:(0.7837837837837838, 'c1ccc(-c2ccccc2)cc1'), min:(0.22580645161290322, 'C=CC=C1C(=C)c2cccc(c2)C2=C1C#C2')
[0.47655558586120605] Updated in round 136! max:(0.7837837837837838, 'c1ccc(-c2ccccc2)cc1'), min:(0.22727272727272727, 'C1=C2c3cccc1c32')
[0.4774620532989502] Updated in round 137! max:(0.7837837837837838, 'c1ccc(-c2ccccc2)cc1'), min:(0.22950819672131148, 'C=CC(=C)C(=C)C=CC=Cc1ccccc1')
[0.47838759422302246] Updated in round 138! max:(0.7837837837837838, 'c1ccc(-c2ccccc2)cc1'), min:(0.23255813953488372, 'C1=c2c3cccc2=C13')
[0.4794919490814209] Updated in round 139! max:(0.7837837837837838, 'c1ccc(-c2ccccc2)cc1'), min:(0.23809523809523808, 'C1#CC(c2c3cccc2-3)=C1c1c2cccc1-2')
[0.49215006828308105] Updated in round 140! max:(0.7837837837837838, 'c1ccc(-c2ccccc2)cc1'), min:(0.2413793103448276, 'c1c2ccc(cc2)c2ccc(c#1)cc2')
[0.49316954612731934] Updated in round 141! max:(0.7837837837837838, 'c1ccc(-c2ccccc2)cc1'), min:(0.24193548387096775, 'C1=CC(c2ccc3c4ccc(cc4)c3c2)=C1')
[0.4940669536590576] Updated in round 142! max:(0.7837837837837838, 'c1ccc(-c2ccccc2)cc1'), min:(0.2459016393442623, 'C=C1C=C1c1ccc2c3ccc(cc3)c2c1')
[0.495136022567749] Updated in round 143! max:(0.7837837837837838, 'c1ccc(-c2ccccc2)cc1'), min:(0.25, 'C#CC=CC=C(C=C)c1ccccc1')
[0.5107152462005615] Updated in round 144! max:(0.7837837837837838, 'c1ccc(-c2ccccc2)cc1'), min:(0.25, 'C=CC=C(C=C)C=Cc1ccccc1')
[0.5117754936218262] Updated in round 145! max:(0.7837837837837838, 'c1ccc(-c2ccccc2)cc1'), min:(0.2545454545454545, 'C=CC(C=C)=CC(=C)c1ccccc1')
[0.5126903057098389] Updated in round 146! max:(0.7837837837837838, 'c1ccc(-c2ccccc2)cc1'), min:(0.25757575757575757, 'C=Cc1cc2ccc1c1ccccc1c1c#cc2=1')
[0.5137090682983398] Updated in round 147! max:(0.7837837837837838, 'c1ccc(-c2ccccc2)cc1'), min:(0.25806451612903225, 'c1c2c(c#1)c1c3ccc(c4ccccc24)c31')
[0.5146732330322266] Updated in round 148! max:(0.7837837837837838, 'c1ccc(-c2ccccc2)cc1'), min:(0.26229508196721313, 'C=c1ccc2cccc(c2)c2ccc1cc2')
[0.5157999992370605] Updated in round 149! max:(0.7837837837837838, 'c1ccc(-c2ccccc2)cc1'), min:(0.26229508196721313, 'C=c1c#cc2ccc(cc2)c2cccc1c2')
[0.5288209915161133] Updated in round 150! max:(0.7837837837837838, 'c1ccc(-c2ccccc2)cc1'), min:(0.26666666666666666, 'C=C(C=CC=Cc1ccccc1)C1=C2C=C21')
[0.5299484729766846] Updated in round 151! max:(0.7837837837837838, 'c1ccc(-c2ccccc2)cc1'), min:(0.26785714285714285, 'C#Cc1ccc2cc1c1cccc2c1')
[0.531602144241333] Updated in round 152! max:(0.7837837837837838, 'c1ccc(-c2ccccc2)cc1'), min:(0.2692307692307692, 'c1cc2c3c4ccc(c-2c4)c3c1')
[0.5325889587402344] Updated in round 153! max:(0.7837837837837838, 'c1ccc(-c2ccccc2)cc1'), min:(0.2692307692307692, 'c1ccc2c3c4cc(cc3-4)c2c1')
[0.5487582683563232] Updated in round 154! max:(0.7837837837837838, 'c1ccc(-c2ccccc2)cc1'), min:(0.2711864406779661, 'C=CC(=CC(=C)c1ccccc1)C1=CC#C1')
[0.5499708652496338] Updated in round 155! max:(0.7837837837837838, 'c1ccc(-c2ccccc2)cc1'), min:(0.27692307692307694, 'C#Cc1ccc2cc1C1=C(C#C1)c1ccccc1-2')
[0.5511095523834229] Updated in round 156! max:(0.7837837837837838, 'c1ccc(-c2ccccc2)cc1'), min:(0.2786885245901639, 'c1ccc2cccc(c2)c2cccc(c#1)c2')
[0.5521538257598877] Updated in round 157! max:(0.7837837837837838, 'c1ccc(-c2ccccc2)cc1'), min:(0.28, 'C#CC(C=C)=Cc1ccccc1')
[0.5534813404083252] Updated in round 158! max:(0.7837837837837838, 'c1ccc(-c2ccccc2)cc1'), min:(0.28125, 'C#CC(=C)C=CC=CC1=C(c2ccccc2)C#C1')
[0.572678804397583] Updated in round 159! max:(0.7837837837837838, 'c1ccc(-c2ccccc2)cc1'), min:(0.2833333333333333, 'C=CC#Cc1cc2cc(c1)-c1ccccc1-2')
[0.573998212814331] Updated in round 160! max:(0.7837837837837838, 'c1ccc(-c2ccccc2)cc1'), min:(0.2833333333333333, 'C=CC=Cc1ccc2c(c1)-c1ccccc1-2')
[0.5753107070922852] Updated in round 161! max:(0.7837837837837838, 'c1ccc(-c2ccccc2)cc1'), min:(0.2857142857142857, 'C=CC(C=C)=CC(=C)C1=C(c2ccccc2)C#C1')
[0.5765459537506104] Updated in round 162! max:(0.7837837837837838, 'c1ccc(-c2ccccc2)cc1'), min:(0.288135593220339, 'C=CC=C(C=Cc1ccccc1)C=C1C=C1')
[0.5778789520263672] Updated in round 163! max:(0.7837837837837838, 'c1ccc(-c2ccccc2)cc1'), min:(0.288135593220339, 'C#CC(=C)c1cc2cc(c1)-c1ccc-2cc1')
[0.5789220333099365] Updated in round 164! max:(0.7837837837837838, 'c1ccc(-c2ccccc2)cc1'), min:(0.2909090909090909, 'C#Cc1cc2ccc1-c1ccc-2cc1')
[0.593782901763916] Updated in round 165! max:(0.7837837837837838, 'c1ccc(-c2ccccc2)cc1'), min:(0.29411764705882354, 'c1cc2c3c(c1)-c1c-2cccc1-3')
[0.5952208042144775] Updated in round 166! max:(0.7837837837837838, 'c1ccc(-c2ccccc2)cc1'), min:(0.2962962962962963, 'C#CC(=Cc1ccccc1)C1=CC#C1')
[0.596705436706543] Updated in round 167! max:(0.7837837837837838, 'c1ccc(-c2ccccc2)cc1'), min:(0.296875, 'C#Cc1cccc2c3c(c4ccccc4c12)C#C3')
[0.598137617111206] Updated in round 168! max:(0.7837837837837838, 'c1ccc(-c2ccccc2)cc1'), min:(0.30158730158730157, 'C#CC1=CC(c2ccc3c(c2)-c2ccccc2-3)=C1')
[0.6162204742431641] Updated in round 169! max:(0.7837837837837838, 'c1ccc(-c2ccccc2)cc1'), min:(0.3050847457627119, 'C1=CC1=Cc1cc2cc(c1)-c1ccc-2cc1')
[0.6177027225494385] Updated in round 170! max:(0.7837837837837838, 'c1ccc(-c2ccccc2)cc1'), min:(0.3050847457627119, 'C=CC=Cc1cccc(-c2c3cccc2-3)c1')
[0.6193771362304688] Updated in round 171! max:(0.7837837837837838, 'c1ccc(-c2ccccc2)cc1'), min:(0.3050847457627119, 'C1=CC(c2cc3cc(c2)-c2ccccc2-3)=C1')
[0.6205921173095703] Updated in round 172! max:(0.7837837837837838, 'c1ccc(-c2ccccc2)cc1'), min:(0.3050847457627119, 'C=CC1=C(C2=C(c3ccccc3)C#C2)C#C1')
[0.636465311050415] Updated in round 173! max:(0.7837837837837838, 'c1ccc(-c2ccccc2)cc1'), min:(0.3103448275862069, 'C=C1C=C1c1cc2cc(c1)-c1ccccc1-2')
[0.6381993293762207] Updated in round 174! max:(0.7837837837837838, 'c1ccc(-c2ccccc2)cc1'), min:(0.3103448275862069, 'C=CC1=C2C(C3=C(c4ccccc4)C#C3)=C12')
[0.6398470401763916] Updated in round 175! max:(0.7837837837837838, 'c1ccc(-c2ccccc2)cc1'), min:(0.3103448275862069, 'C#CC(=CC=C)C1=C(c2ccccc2)C#C1')
[0.641291618347168] Updated in round 176! max:(0.7837837837837838, 'c1ccc(-c2ccccc2)cc1'), min:(0.3148148148148148, 'C#Cc1cc2ccc1c1ccccc21')
[0.6588315963745117] Updated in round 177! max:(0.7837837837837838, 'c1ccc(-c2ccccc2)cc1'), min:(0.31746031746031744, 'C=c1c2c#cc3ccccc3c3cccc(c3)c1=2')
[0.6601076126098633] Updated in round 178! max:(0.7837837837837838, 'c1ccc(-c2ccccc2)cc1'), min:(0.31746031746031744, 'C=Cc1cccc2c1-c1cccc(c1)C1=C2C#C1')
[0.6623961925506592] Updated in round 179! max:(0.7837837837837838, 'c1ccc(-c2ccccc2)cc1'), min:(0.3181818181818182, 'C=CC1=C2C1=C2c1cccc(-c2ccc(C=C)cc2)c1')
[0.6746809482574463] Updated in round 180! max:(0.7837837837837838, 'c1ccc(-c2ccccc2)cc1'), min:(0.32, 'c1cc2cc(c1)-c1c3cc-2cc1-3')
[0.6765625476837158] Updated in round 181! max:(0.7837837837837838, 'c1ccc(-c2ccccc2)cc1'), min:(0.3225806451612903, 'C=c1c2ccccc2c2cccc(c2)c2c3c1c23')
[0.6890614032745361] Updated in round 182! max:(0.7837837837837838, 'c1ccc(-c2ccccc2)cc1'), min:(0.3225806451612903, 'C=CC1=CC(c2cccc(-c3cc4ccc3-4)c2)=C1')
[0.7052083015441895] Updated in round 183! max:(0.7837837837837838, 'c1ccc(-c2ccccc2)cc1'), min:(0.3225806451612903, 'C=Cc1ccc(-c2cccc(C=C3C#C3)c2)cc1')
[0.7072052955627441] Updated in round 184! max:(0.7837837837837838, 'c1ccc(-c2ccccc2)cc1'), min:(0.3225806451612903, 'C#CC=Cc1cccc(-c2ccc(C=C)cc2)c1')
[0.7090141773223877] Updated in round 185! max:(0.7837837837837838, 'c1ccc(-c2ccccc2)cc1'), min:(0.3275862068965517, 'C1=CC1=Cc1cccc(-c2cc3ccc2-3)c1')
[0.7236130237579346] Updated in round 186! max:(0.7837837837837838, 'c1ccc(-c2ccccc2)cc1'), min:(0.3275862068965517, 'C#CC=Cc1cc2ccc1-c1cccc-2c1')
[0.7252333164215088] Updated in round 187! max:(0.7837837837837838, 'c1ccc(-c2ccccc2)cc1'), min:(0.3275862068965517, 'C=CC=C1C=C1C1=C(c2ccccc2)C#C1')
[0.7443830966949463] Updated in round 188! max:(0.7837837837837838, 'c1ccc(-c2ccccc2)cc1'), min:(0.3333333333333333, 'C1#CC2=C1C=Cc1ccc(cc1)-c1cccc2c1')
[0.7456424236297607] Updated in round 189! max:(0.7837837837837838, 'c1ccc(-c2ccccc2)cc1'), min:(0.3333333333333333, 'C=CC(=C)c1cccc2c1-c1ccccc1-2')
[0.7475659847259521] Updated in round 190! max:(0.7837837837837838, 'c1ccc(-c2ccccc2)cc1'), min:(0.3333333333333333, 'C#Cc1cc(C=C)cc(C2=C(c3ccccc3)C#C2)c1')
[0.749305009841919] Updated in round 191! max:(0.7837837837837838, 'c1ccc(-c2ccccc2)cc1'), min:(0.3384615384615385, 'C#CC1=C2C1=C2c1cccc(-c2cccc(C#C)c2)c1')
[0.768967866897583] Updated in round 192! max:(0.7837837837837838, 'c1ccc(-c2ccccc2)cc1'), min:(0.3387096774193548, 'C=C1C2=C1c1cccc(c1)-c1ccc(cc1)C#C2')
[0.788560152053833] Updated in round 193! max:(0.7837837837837838, 'c1ccc(-c2ccccc2)cc1'), min:(0.3387096774193548, 'C#Cc1cc2cc(C3=C(c4ccccc4)C#C3)c1-2')
[0.7904109954833984] Updated in round 194! max:(0.7837837837837838, 'c1ccc(-c2ccccc2)cc1'), min:(0.33962264150943394, 'C#Cc1cccc(-c2c3cccc2-3)c1')
[0.7926156520843506] Updated in round 195! max:(0.7837837837837838, 'c1ccc(-c2ccccc2)cc1'), min:(0.3404255319148936, 'C=C1C=C1C(=C)c1ccccc1')
[0.8111331462860107] Updated in round 196! max:(0.7837837837837838, 'c1ccc(-c2ccccc2)cc1'), min:(0.3442622950819672, 'C=CC1=CC(c2cccc3c2-c2cccc-3c2)=C1')
[0.8128061294555664] Updated in round 197! max:(0.7837837837837838, 'c1ccc(-c2ccccc2)cc1'), min:(0.3442622950819672, 'C#Cc1cccc(-c2cccc(C#CC=C)c2)c1')
[0.8143332004547119] Updated in round 198! max:(0.7837837837837838, 'c1ccc(-c2ccccc2)cc1'), min:(0.3442622950819672, 'C=Cc1ccc(-c2cccc(C3=CC=C3)c2)cc1')
[0.8358604907989502] Updated in round 199! max:(0.7837837837837838, 'c1ccc(-c2ccccc2)cc1'), min:(0.34615384615384615, 'C#CC(=CC1=CC=C1)c1ccccc1')
[0.8386805057525635] Updated in round 200! max:(0.7837837837837838, 'c1ccc(-c2ccccc2)cc1'), min:(0.35, 'C1=Cc2ccccc21')
[0.841641902923584] Updated in round 201! max:(0.7837837837837838, 'c1ccc(-c2ccccc2)cc1'), min:(0.3508771929824561, 'C#CC#Cc1cc(-c2ccccc2)c2cc1-2')
[0.8433394432067871] Updated in round 202! max:(0.7837837837837838, 'c1ccc(-c2ccccc2)cc1'), min:(0.3508771929824561, 'C1=C2C1=C2c1cccc2c1-c1ccccc1-2')
[0.845510721206665] Updated in round 203! max:(0.7837837837837838, 'c1ccc(-c2ccccc2)cc1'), min:(0.3508771929824561, 'C1#CC(c2cccc(-c3cc4ccc3-4)c2)=C1')
[0.8471479415893555] Updated in round 204! max:(0.7837837837837838, 'c1ccc(-c2ccccc2)cc1'), min:(0.35384615384615387, 'C#Cc1cc(C2=C(C=C)C=C2)cc(-c2ccccc2)c1')
[0.8641107082366943] Updated in round 205! max:(0.7837837837837838, 'c1ccc(-c2ccccc2)cc1'), min:(0.35384615384615387, 'C#Cc1ccc(C=C)c(C2=C(c3ccccc3)C#C2)c1')
[0.866173267364502] Updated in round 206! max:(0.7837837837837838, 'c1ccc(-c2ccccc2)cc1'), min:(0.35714285714285715, 'C#Cc1cc2c(c(-c3ccccc3)c1)C2=C')
[0.8677003383636475] Updated in round 207! max:(0.7837837837837838, 'c1ccc(-c2ccccc2)cc1'), min:(0.35714285714285715, 'C#CC(=C)c1cccc2c1-c1cccc-2c1')
[0.8845274448394775] Updated in round 208! max:(0.7837837837837838, 'c1ccc(-c2ccccc2)cc1'), min:(0.3584905660377358, 'C1#Cc2ccccc2-c2ccc1cc2')
[0.8864850997924805] Updated in round 209! max:(0.7837837837837838, 'c1ccc(-c2ccccc2)cc1'), min:(0.359375, 'C#Cc1cc(C2=C3C(C=C)=C32)cc(-c2ccccc2)c1')
[0.9058322906494141] Updated in round 210! max:(0.7837837837837838, 'c1ccc(-c2ccccc2)cc1'), min:(0.359375, 'C#CC1=CC(c2cc(C=C)cc(-c3ccccc3)c2)=C1')
[0.9080605506896973] Updated in round 211! max:(0.7837837837837838, 'c1ccc(-c2ccccc2)cc1'), min:(0.36065573770491804, 'C=CC1=C(c2c3ccc(-c4ccccc4)c2-3)C#C1')
[0.9102921485900879] Updated in round 212! max:(0.7837837837837838, 'c1ccc(-c2ccccc2)cc1'), min:(0.36065573770491804, 'C=Cc1c2ccc-2c1C1=C(c2ccccc2)C#C1')
[0.9119396209716797] Updated in round 213! max:(0.7837837837837838, 'c1ccc(-c2ccccc2)cc1'), min:(0.36538461538461536, 'C#Cc1cccc2c1-c1ccccc1-2')
[0.9305188655853271] Updated in round 214! max:(0.7837837837837838, 'c1ccc(-c2ccccc2)cc1'), min:(0.36666666666666664, 'C=C1C2=CC1=C2c1cc2cc(-c3ccccc3)c1-2')
[0.9329321384429932] Updated in round 215! max:(0.7837837837837838, 'c1ccc(-c2ccccc2)cc1'), min:(0.36666666666666664, 'C#CC1=CC(c2cc3cc(-c4ccccc4)c2-3)=C1')
[0.9345645904541016] Updated in round 216! max:(0.7837837837837838, 'c1ccc(-c2ccccc2)cc1'), min:(0.36666666666666664, 'C=CC=Cc1cccc(-c2ccccc2C=C)c1')
[0.9530525207519531] Updated in round 217! max:(0.7837837837837838, 'c1ccc(-c2ccccc2)cc1'), min:(0.36666666666666664, 'C#CC(=Cc1cccc(C=C)c1)c1ccccc1')
[0.9555082321166992] Updated in round 218! max:(0.7837837837837838, 'c1ccc(-c2ccccc2)cc1'), min:(0.3728813559322034, 'C#Cc1ccccc1-c1cccc(C(=C)C=C)c1')
[0.9741559028625488] Updated in round 219! max:(0.7837837837837838, 'c1ccc(-c2ccccc2)cc1'), min:(0.375, 'C#CC=C1C=C1c1cccc(-c2ccccc2C#C)c1')
[0.9779140949249268] Updated in round 220! max:(0.7837837837837838, 'c1ccc(-c2ccccc2)cc1'), min:(0.375, 'C#CC1=CC=C1c1ccc(C#C)c(-c2ccccc2)c1')
[0.9966533184051514] Updated in round 221! max:(0.7837837837837838, 'c1ccc(-c2ccccc2)cc1'), min:(0.375, 'C=CC1=CC=C1c1cccc(-c2ccccc2C=C)c1')
[0.9993155002593994] Updated in round 222! max:(0.7837837837837838, 'c1ccc(-c2ccccc2)cc1'), min:(0.375, 'C1#CC1=C1C2=CC=C1C(c1ccccc1)=C2')
[1.0184259414672852] Updated in round 223! max:(0.7837837837837838, 'c1ccc(-c2ccccc2)cc1'), min:(0.375, 'C=CC=C1C2=CC=C1C(c1ccccc1)=C2')
[1.0221223831176758] Updated in round 224! max:(0.7837837837837838, 'c1ccc(-c2ccccc2)cc1'), min:(0.375, 'C1=CC(c2cccc3c2-c2cccc-3c2)=C1')
[1.0423202514648438] Updated in round 225! max:(0.7837837837837838, 'c1ccc(-c2ccccc2)cc1'), min:(0.375, 'C1#CC(c2ccccc2)=C1C=CC1=CC=C1')
[1.0452728271484375] Updated in round 226! max:(0.7837837837837838, 'c1ccc(-c2ccccc2)cc1'), min:(0.3770491803278688, 'c1ccc(-c2cc3ccc2cc2c4cc-4c3-2)cc1')
[1.0633387565612793] Updated in round 227! max:(0.7837837837837838, 'c1ccc(-c2ccccc2)cc1'), min:(0.3770491803278688, 'c1c2ccc-2c2ccc(c#1)c(-c1ccccc1)c2')
[1.0666205883026123] Updated in round 228! max:(0.7837837837837838, 'c1ccc(-c2ccccc2)cc1'), min:(0.38095238095238093, 'C#Cc1ccccc1-c1cccc(-c2c3c4cc3c24)c1')
[1.0863418579101562] Updated in round 229! max:(0.7837837837837838, 'c1ccc(-c2ccccc2)cc1'), min:(0.38095238095238093, 'C#Cc1ccc(C2=C3C=C2C3=C)cc1-c1ccccc1')
[1.088254690170288] Updated in round 230! max:(0.7837837837837838, 'c1ccc(-c2ccccc2)cc1'), min:(0.38095238095238093, 'C=CC1=C(c2cccc(-c3ccccc3C=C)c2)C1=C')
[1.0912020206451416] Updated in round 231! max:(0.7837837837837838, 'c1ccc(-c2ccccc2)cc1'), min:(0.38095238095238093, 'C#Cc1ccccc1-c1cccc(C2=CC(C=C)=C2)c1')
[1.1109721660614014] Updated in round 232! max:(0.7837837837837838, 'c1ccc(-c2ccccc2)cc1'), min:(0.38181818181818183, 'C=CC(=C)c1cc2cc(-c3ccccc3)c1-2')
[1.1125295162200928] Updated in round 233! max:(0.7837837837837838, 'c1ccc(-c2ccccc2)cc1'), min:(0.38333333333333336, 'C=C1C2=CC=C1c1cccc(c1)-c1cccc2c1')
[1.1146211624145508] Updated in round 234! max:(0.7837837837837838, 'c1ccc(-c2ccccc2)cc1'), min:(0.38333333333333336, 'C=C1C=CC2=C1c1cccc(c1)-c1cccc2c1')
[1.1358261108398438] Updated in round 235! max:(0.7837837837837838, 'c1ccc(-c2ccccc2)cc1'), min:(0.38333333333333336, 'C1=CC1=C1C=C1c1c2ccc(-c3ccccc3)c1-2')
[1.1385445594787598] Updated in round 236! max:(0.7837837837837838, 'c1ccc(-c2ccccc2)cc1'), min:(0.38333333333333336, 'C=C1C2=C1C1=C2c2cc1cc(-c1ccccc1)c2')
[1.1616365909576416] Updated in round 237! max:(0.7837837837837838, 'c1ccc(-c2ccccc2)cc1'), min:(0.38333333333333336, 'C#CC=C1c2c1c1ccc2cc1-c1ccccc1')
[1.1838526725769043] Updated in round 238! max:(0.7837837837837838, 'c1ccc(-c2ccccc2)cc1'), min:(0.38333333333333336, 'C#CC1=C(c2c3ccc(-c4ccccc4)c2-3)C=C1')
[1.1860182285308838] Updated in round 239! max:(0.7837837837837838, 'c1ccc(-c2ccccc2)cc1'), min:(0.38333333333333336, 'C=CC1=c2c(c3ccc2cc3-c2ccccc2)=C1')
[1.2002227306365967] Updated in round 240! max:(0.7837837837837838, 'c1ccc(-c2ccccc2)cc1'), min:(0.38333333333333336, 'C=CC1=CC=C1c1ccc2c(-c3ccccc3)c1-2')
[1.2215394973754883] Updated in round 241! max:(0.7837837837837838, 'c1ccc(-c2ccccc2)cc1'), min:(0.38333333333333336, 'C1#Cc2cc(cc(-c3ccccc3)c2)C2=C3C1=C32')
[1.2387275695800781] Updated in round 242! max:(0.7837837837837838, 'c1ccc(-c2ccccc2)cc1'), min:(0.38333333333333336, 'C1#Cc2cc(cc(-c3ccccc3)c2)C2=CC1=C2')
[1.2577600479125977] Updated in round 243! max:(0.7837837837837838, 'c1ccc(-c2ccccc2)cc1'), min:(0.3898305084745763, 'C#CC(=C)C1=Cc2cc1cc(-c1ccccc1)c2')
[1.2610232830047607] Updated in round 244! max:(0.7837837837837838, 'c1ccc(-c2ccccc2)cc1'), min:(0.3898305084745763, 'C=C1c2c3c1c2c1cc(-c2ccccc2)cc3c1')
[1.2791798114776611] Updated in round 245! max:(0.7837837837837838, 'c1ccc(-c2ccccc2)cc1'), min:(0.3898305084745763, 'C=Cc1cc(C=C2C#C2)cc(-c2ccccc2)c1')
[1.2817692756652832] Updated in round 246! max:(0.7837837837837838, 'c1ccc(-c2ccccc2)cc1'), min:(0.3898305084745763, 'C#CC#Cc1cc(C=C)cc(-c2ccccc2)c1')
[1.283262014389038] Updated in round 247! max:(0.7837837837837838, 'c1ccc(-c2ccccc2)cc1'), min:(0.3898305084745763, 'C#CC=Cc1cc(C=C)cc(-c2ccccc2)c1')
[1.3030040264129639] Updated in round 248! max:(0.7837837837837838, 'c1ccc(-c2ccccc2)cc1'), min:(0.391304347826087, 'C=CC1=C(c2ccccc2)C1=C')
[1.30623459815979] Updated in round 249! max:(0.7837837837837838, 'c1ccc(-c2ccccc2)cc1'), min:(0.39215686274509803, 'C=Cc1cccc2c1-c1cccc-2c1')
[1.3271946907043457] Updated in round 250! max:(0.7837837837837838, 'c1ccc(-c2ccccc2)cc1'), min:(0.39655172413793105, 'C=C1C(=C)c2cccc(c2)-c2cccc(c2)C1=C')
[1.3297107219696045] Updated in round 251! max:(0.7837837837837838, 'c1ccc(-c2ccccc2)cc1'), min:(0.39655172413793105, 'C#CC(=C)c1cc(C=C)cc(-c2ccccc2)c1')
[1.365802526473999] Updated in round 252! max:(0.7837837837837838, 'c1ccc(-c2ccccc2)cc1'), min:(0.3968253968253968, 'C#Cc1c(C2=CC3=CC2=C3)cccc1-c1ccccc1')
[1.388719081878662] Updated in round 253! max:(0.7837837837837838, 'c1ccc(-c2ccccc2)cc1'), min:(0.3968253968253968, 'C=Cc1ccc(-c2ccccc2)cc1C1=CC(=C)C=C1')
[1.409435749053955] Updated in round 254! max:(0.7837837837837838, 'c1ccc(-c2ccccc2)cc1'), min:(0.3968253968253968, 'C#Cc1c(C2=C3C=C3C2=C)cccc1-c1ccccc1')
[1.4106559753417969] Updated in round 255! max:(0.7837837837837838, 'c1ccc(-c2ccccc2)cc1'), min:(0.3968253968253968, 'C=Cc1c(C2=CC3=C2C3=C)cccc1-c1ccccc1')
[1.4116415977478027] Updated in round 256! max:(0.7837837837837838, 'c1ccc(-c2ccccc2)cc1'), min:(0.3968253968253968, 'C#Cc1ccc(-c2ccccc2)cc1C1=CC1=CC=C')
[1.414109230041504] Updated in round 257! max:(0.7837837837837838, 'c1ccc(-c2ccccc2)cc1'), min:(0.3968253968253968, 'C#CC1=CC=C1c1cccc(-c2ccccc2)c1C#C')
[1.4347944259643555] Updated in round 258! max:(0.7837837837837838, 'c1ccc(-c2ccccc2)cc1'), min:(0.3968253968253968, 'C#CC1=C(c2cc(-c3ccccc3)ccc2C#C)C#C1')
[1.457951307296753] Updated in round 259! max:(0.7837837837837838, 'c1ccc(-c2ccccc2)cc1'), min:(0.3968253968253968, 'C#Cc1cccc(C2=C(c3ccccc3)C#C2)c1C#C')
[1.4604063034057617] Updated in round 260! max:(0.7837837837837838, 'c1ccc(-c2ccccc2)cc1'), min:(0.4, 'c1cc2cc(c1)-c1c3ccc-3c1-c1ccccc1-2')
[1.4799907207489014] Updated in round 261! max:(0.7837837837837838, 'c1ccc(-c2ccccc2)cc1'), min:(0.4, 'C=Cc1c(-c2ccccc2)ccc2c1C#C2')
[1.503067970275879] Updated in round 262! max:(0.7837837837837838, 'c1ccc(-c2ccccc2)cc1'), min:(0.4, 'C1#Cc2ccccc2-c2cccc(c2)C2=CC=C12')
[1.5420217514038086] Updated in round 263! max:(0.7837837837837838, 'c1ccc(-c2ccccc2)cc1'), min:(0.4, 'C=CC#Cc1ccc2c(-c3ccccc3)c1-2')
[1.5865669250488281] Updated in round 264! max:(0.7837837837837838, 'c1ccc(-c2ccccc2)cc1'), min:(0.4, 'C=C1C=Cc2cccc(c2)-c2cccc1c2')
[1.6119835376739502] Updated in round 265! max:(0.7837837837837838, 'c1ccc(-c2ccccc2)cc1'), min:(0.4, 'C1#CC(c2ccc3c(c2)C=C3)=C1c1ccccc1')
[1.6359307765960693] Updated in round 266! max:(0.7837837837837838, 'c1ccc(-c2ccccc2)cc1'), min:(0.4032258064516129, 'C#Cc1ccc(-c2ccccc2)cc1C1=C2C=C1C2=C')
[1.6561110019683838] Updated in round 267! max:(0.7837837837837838, 'c1ccc(-c2ccccc2)cc1'), min:(0.4032258064516129, 'C#CC1=C(c2cc(-c3ccccc3)ccc2C=C)C1=C')
[1.6589758396148682] Updated in round 268! max:(0.7837837837837838, 'c1ccc(-c2ccccc2)cc1'), min:(0.4032258064516129, 'C=CC1=CC(c2cc(-c3ccccc3)ccc2C=C)=C1')
[1.6808576583862305] Updated in round 269! max:(0.7837837837837838, 'c1ccc(-c2ccccc2)cc1'), min:(0.4067796610169492, 'C=CC(=CC1=Cc2cccc1c2)c1ccccc1')
[1.6839337348937988] Updated in round 270! max:(0.7837837837837838, 'c1ccc(-c2ccccc2)cc1'), min:(0.4067796610169492, 'C1=CC1=C1C2=C1c1ccccc1-c1cccc2c1')
[1.7054450511932373] Updated in round 271! max:(0.7837837837837838, 'c1ccc(-c2ccccc2)cc1'), min:(0.4067796610169492, 'C#CC1=C2C=C1c1ccc2cc1-c1ccccc1')
[1.7066364288330078] Updated in round 272! max:(0.7837837837837838, 'c1ccc(-c2ccccc2)cc1'), min:(0.4067796610169492, 'C=C1C=C2C1=Cc1ccc2cc1-c1ccccc1')
[1.721165418624878] Updated in round 273! max:(0.7837837837837838, 'c1ccc(-c2ccccc2)cc1'), min:(0.4067796610169492, 'C=C1C2=C1c1ccc(c(-c3ccccc3)c1)C#C2')
[1.7240099906921387] Updated in round 274! max:(0.7837837837837838, 'c1ccc(-c2ccccc2)cc1'), min:(0.4067796610169492, 'C=C1c2ccc(C3=C(c4ccccc4)C#C3)cc21')
[1.752730131149292] Updated in round 275! max:(0.7837837837837838, 'c1ccc(-c2ccccc2)cc1'), min:(0.4074074074074074, 'C#Cc1ccc(-c2ccccc2)c2c1C2=C')
[1.7549097537994385] Updated in round 276! max:(0.7837837837837838, 'c1ccc(-c2ccccc2)cc1'), min:(0.4074074074074074, 'C#Cc1cccc(-c2ccccc2C=C)c1')
[1.7750153541564941] Updated in round 277! max:(0.7837837837837838, 'c1ccc(-c2ccccc2)cc1'), min:(0.4098360655737705, 'C=Cc1ccc(-c2ccccc2)cc1C=C1C(=C)C1=C')
[1.7954308986663818] Updated in round 278! max:(0.7837837837837838, 'c1ccc(-c2ccccc2)cc1'), min:(0.4117647058823529, 'C1#CC=CC(c2ccccc2)=CC=C1')
[1.8141567707061768] Updated in round 279! max:(0.7837837837837838, 'c1ccc(-c2ccccc2)cc1'), min:(0.4117647058823529, 'C1#Cc2cccc(c2)-c2cccc1c2')
[1.8335204124450684] Updated in round 280! max:(0.7837837837837838, 'c1ccc(-c2ccccc2)cc1'), min:(0.4126984126984127, 'C=Cc1c(-c2ccccc2)cccc1-c1cc2cc-2c1')
[1.852635145187378] Updated in round 281! max:(0.7837837837837838, 'c1ccc(-c2ccccc2)cc1'), min:(0.41379310344827586, 'C=C1C2=C1c1ccc(cc1-c1ccccc1)C2=C')
[1.8729612827301025] Updated in round 282! max:(0.7837837837837838, 'c1ccc(-c2ccccc2)cc1'), min:(0.41379310344827586, 'C#CC1=Cc2ccccc2-c2cccc(c2)C1=C')
[1.8951528072357178] Updated in round 283! max:(0.7837837837837838, 'c1ccc(-c2ccccc2)cc1'), min:(0.41379310344827586, 'C=Cc1ccc(C2=C3C=C32)cc1-c1ccccc1')
[1.916313886642456] Updated in round 284! max:(0.7837837837837838, 'c1ccc(-c2ccccc2)cc1'), min:(0.41379310344827586, 'C=Cc1ccccc1-c1cccc(C2=CC#C2)c1')
[1.933380126953125] Updated in round 285! max:(0.7837837837837838, 'c1ccc(-c2ccccc2)cc1'), min:(0.41818181818181815, 'C1#Cc2ccc(cc2-c2ccccc2)C=C1')
[1.9536025524139404] Updated in round 286! max:(0.7837837837837838, 'c1ccc(-c2ccccc2)cc1'), min:(0.42, 'C=C1C=CC=C(c2ccccc2)C=C1')
[1.9746603965759277] Updated in round 287! max:(0.7837837837837838, 'c1ccc(-c2ccccc2)cc1'), min:(0.42105263157894735, 'C=Cc1cc(C2=CC2=C)ccc1-c1ccccc1')
[1.995715618133545] Updated in round 288! max:(0.7837837837837838, 'c1ccc(-c2ccccc2)cc1'), min:(0.423728813559322, 'C1#Cc2cc1cc1ccc(-c3ccccc3)cc21')
[2.0175464153289795] Updated in round 289! max:(0.7837837837837838, 'c1ccc(-c2ccccc2)cc1'), min:(0.423728813559322, 'c1ccc2c(c#1)-c1cccc(-c3ccccc3)c1-2')
[2.0217583179473877] Updated in round 290! max:(0.7837837837837838, 'c1ccc(-c2ccccc2)cc1'), min:(0.423728813559322, 'c1cc2c(cc#1)-c1cc(-c3ccccc3)ccc1-2')
[2.043327808380127] Updated in round 291! max:(0.7837837837837838, 'c1ccc(-c2ccccc2)cc1'), min:(0.423728813559322, 'c1ccc(-c2ccc3c(c2)-c2cc4cc-4c2-3)cc1')
[2.0627646446228027] Updated in round 292! max:(0.7837837837837838, 'c1ccc(-c2ccccc2)cc1'), min:(0.423728813559322, 'C1=CC2=C3C1=C2c1cccc(-c2ccccc2)c13')
[2.06662917137146] Updated in round 293! max:(0.7837837837837838, 'c1ccc(-c2ccccc2)cc1'), min:(0.423728813559322, 'c1ccc(-c2c3ccc(-c4c5cccc4-5)c2-3)cc1')
[2.0882275104522705] Updated in round 294! max:(0.7837837837837838, 'c1ccc(-c2ccccc2)cc1'), min:(0.423728813559322, 'c1ccc(-c2cc3cc(c2)-c2c4ccc-4c2-3)cc1')
[2.1099963188171387] Updated in round 295! max:(0.7837837837837838, 'c1ccc(-c2ccccc2)cc1'), min:(0.423728813559322, 'c1ccc(-c2cccc3c4cc5c4cc5c23)cc1')
[2.1285276412963867] Updated in round 296! max:(0.7837837837837838, 'c1ccc(-c2ccccc2)cc1'), min:(0.423728813559322, 'C1=CC2=Cc3ccc(-c4ccccc4)cc3C2=C1')
[2.1460232734680176] Updated in round 297! max:(0.7837837837837838, 'c1ccc(-c2ccccc2)cc1'), min:(0.423728813559322, 'C1=c2c3c(cc4c(-c5ccccc5)cccc24)C=31')
[2.168973207473755] Updated in round 298! max:(0.7837837837837838, 'c1ccc(-c2ccccc2)cc1'), min:(0.423728813559322, 'c1c2c(c3cccc(-c4ccccc4)c3c#1)=CC=2')
[2.1732070446014404] Updated in round 299! max:(0.7837837837837838, 'c1ccc(-c2ccccc2)cc1'), min:(0.423728813559322, 'C1#CC(c2cccc3c2C#C3)=C1c1ccccc1')
[2.2106401920318604] Updated in round 300! max:(0.7837837837837838, 'c1ccc(-c2ccccc2)cc1'), min:(0.42592592592592593, 'C#Cc1ccc2c(c1-c1ccccc1)C=C2')
[2.231355905532837] Updated in round 301! max:(0.7837837837837838, 'c1ccc(-c2ccccc2)cc1'), min:(0.42592592592592593, 'C=CC=C1c2cccc(c2)-c2cccc1c2')
[2.2577686309814453] Updated in round 302! max:(0.7837837837837838, 'c1ccc(-c2ccccc2)cc1'), min:(0.42592592592592593, 'C=C1c2c1c1ccc2cc1-c1ccccc1')
[2.2804923057556152] Updated in round 303! max:(0.7837837837837838, 'c1ccc(-c2ccccc2)cc1'), min:(0.42592592592592593, 'C#CC1=Cc2cc1cc(-c1ccccc1)c2')
[2.3047163486480713] Updated in round 304! max:(0.7837837837837838, 'c1ccc(-c2ccccc2)cc1'), min:(0.43103448275862066, 'C1#CC1=C1C=Cc2ccc(-c3ccccc3)cc21')
[2.3433420658111572] Updated in round 305! max:(0.7837837837837838, 'c1ccc(-c2ccccc2)cc1'), min:(0.43103448275862066, 'C=Cc1c2cc-2c2ccc(-c3ccccc3)cc12')
[2.366657257080078] Updated in round 306! max:(0.7837837837837838, 'c1ccc(-c2ccccc2)cc1'), min:(0.43103448275862066, 'C=Cc1ccc2ccc(-c3ccccc3)cc2c1')
[2.3916683197021484] Updated in round 307! max:(0.7837837837837838, 'c1ccc(-c2ccccc2)cc1'), min:(0.43103448275862066, 'C#Cc1ccc2c(-c3ccccc3)cccc2c1')
[2.4294252395629883] Updated in round 308! max:(0.7837837837837838, 'c1ccc(-c2ccccc2)cc1'), min:(0.43103448275862066, 'C=CC=CC1=Cc2c1cccc2-c1ccccc1')
[2.465975522994995] Updated in round 309! max:(0.7837837837837838, 'c1ccc(-c2ccccc2)cc1'), min:(0.43103448275862066, 'C=CC#CC1=Cc2ccc(-c3ccccc3)cc21')
[2.5018248558044434] Updated in round 310! max:(0.7837837837837838, 'c1ccc(-c2ccccc2)cc1'), min:(0.43103448275862066, 'C#Cc1cc#cc2ccc(-c3ccccc3)cc12')
[2.542506217956543] Updated in round 311! max:(0.7837837837837838, 'c1ccc(-c2ccccc2)cc1'), min:(0.43103448275862066, 'C=CC=C1C=Cc2cc(-c3ccccc3)ccc21')
[2.559396743774414] Updated in round 312! max:(0.7837837837837838, 'c1ccc(-c2ccccc2)cc1'), min:(0.43103448275862066, 'C=C1C2=CC=C1c1cc(-c3ccccc3)ccc12')
[2.587397336959839] Updated in round 313! max:(0.7837837837837838, 'c1ccc(-c2ccccc2)cc1'), min:(0.43103448275862066, 'C=C1C=C2C(=C1)c1c2cccc1-c1ccccc1')
[2.6151981353759766] Updated in round 314! max:(0.7837837837837838, 'c1ccc(-c2ccccc2)cc1'), min:(0.43103448275862066, 'C=C1c2c1c1c3c(-c4ccccc4)cccc3c2=1')
[2.6490392684936523] Updated in round 315! max:(0.7837837837837838, 'c1ccc(-c2ccccc2)cc1'), min:(0.43103448275862066, 'C=Cc1c2cc-2c2cccc(-c3ccccc3)c12')
[2.7098007202148438] Updated in round 316! max:(0.7837837837837838, 'c1ccc(-c2ccccc2)cc1'), min:(0.43103448275862066, 'C#CC1=C2C=C1c1cc(-c3ccccc3)ccc12')
[2.7397282123565674] Updated in round 317! max:(0.7837837837837838, 'c1ccc(-c2ccccc2)cc1'), min:(0.43103448275862066, 'C=c1c2cc3ccc(-c4ccccc4)cc3c1c2')
[2.7877838611602783] Updated in round 318! max:(0.7837837837837838, 'c1ccc(-c2ccccc2)cc1'), min:(0.43103448275862066, 'C=C1C2=C(C#C2)c2cc(-c3ccccc3)ccc21')
[2.832925796508789] Updated in round 319! max:(0.7837837837837838, 'c1ccc(-c2ccccc2)cc1'), min:(0.43103448275862066, 'C=C1c2ccc3ccc(-c4ccccc4)cc3c21')
[2.878174066543579] Updated in round 320! max:(0.7837837837837838, 'c1ccc(-c2ccccc2)cc1'), min:(0.43103448275862066, 'C#Cc1cc2c3cc(-c4ccccc4)ccc3c1=2')
[2.904675006866455] Updated in round 321! max:(0.7837837837837838, 'c1ccc(-c2ccccc2)cc1'), min:(0.4339622641509434, 'C=C1C(=C)c2cccc(c2)-c2cccc1c2')
[2.9287290573120117] Updated in round 322! max:(0.7837837837837838, 'c1ccc(-c2ccccc2)cc1'), min:(0.4339622641509434, 'C=Cc1cc(C=C)cc(-c2ccccc2)c1')
[2.9540889263153076] Updated in round 323! max:(0.7837837837837838, 'c1ccc(-c2ccccc2)cc1'), min:(0.43548387096774194, 'C=Cc1ccc(-c2ccccc2)cc1-c1c2cccc1-2')
[3.000704050064087] Updated in round 324! max:(0.7837837837837838, 'c1ccc(-c2ccccc2)cc1'), min:(0.43859649122807015, 'C=Cc1cc(-c2ccccc2)ccc1C=C1C=C1')
[3.042032241821289] Updated in round 325! max:(0.7837837837837838, 'c1ccc(-c2ccccc2)cc1'), min:(0.43859649122807015, 'C=CC=Cc1ccc(-c2ccccc2)cc1C=C')
[3.084404468536377] Updated in round 326! max:(0.7837837837837838, 'c1ccc(-c2ccccc2)cc1'), min:(0.43859649122807015, 'C=c1c2cc(c2)c2ccc(-c3ccccc3)cc12')
[3.1558899879455566] Updated in round 327! max:(0.7837837837837838, 'c1ccc(-c2ccccc2)cc1'), min:(0.43859649122807015, 'C1=C2C=C1C2=C1c2ccc(-c3ccccc3)cc21')
[3.2061381340026855] Updated in round 328! max:(0.7837837837837838, 'c1ccc(-c2ccccc2)cc1'), min:(0.43859649122807015, 'C=CC(C=C)=C1c2ccc(-c3ccccc3)cc21')
[3.2337255477905273] Updated in round 329! max:(0.7837837837837838, 'c1ccc(-c2ccccc2)cc1'), min:(0.43859649122807015, 'C#CC(=C)C1=Cc2cccc(-c3ccccc3)c21')
[3.2812037467956543] Updated in round 330! max:(0.7837837837837838, 'c1ccc(-c2ccccc2)cc1'), min:(0.43859649122807015, 'C=CC1=CC(=C)c2cccc(-c3ccccc3)c21')
[3.2989113330841064] Updated in round 331! max:(0.7837837837837838, 'c1ccc(-c2ccccc2)cc1'), min:(0.43859649122807015, 'C=c1c#cc(=C)c2cc(-c3ccccc3)ccc12')
[3.319070816040039] Updated in round 332! max:(0.7837837837837838, 'c1ccc(-c2ccccc2)cc1'), min:(0.43859649122807015, 'C#CC=C1C(=C)c2ccc(-c3ccccc3)cc21')
[3.3362436294555664] Updated in round 333! max:(0.7837837837837838, 'c1ccc(-c2ccccc2)cc1'), min:(0.43859649122807015, 'C=CC(=C)C1=Cc2c1cccc2-c1ccccc1')
[3.3375959396362305] Updated in round 334! max:(0.7837837837837838, 'c1ccc(-c2ccccc2)cc1'), min:(0.43859649122807015, 'C#CC1=Cc2ccc(-c3ccccc3)cc2C1=C')
[3.339160919189453] Updated in round 335! max:(0.7837837837837838, 'c1ccc(-c2ccccc2)cc1'), min:(0.43859649122807015, 'C=c1c2c(=C)c3c(-c4ccccc4)cccc3c1=2')
[3.356598377227783] Updated in round 336! max:(0.7837837837837838, 'c1ccc(-c2ccccc2)cc1'), min:(0.43859649122807015, 'C#Cc1ccc(-c2ccccc2)cc1C=C1C=C1')
[3.357577323913574] Updated in round 337! max:(0.7837837837837838, 'c1ccc(-c2ccccc2)cc1'), min:(0.43859649122807015, 'C=CC=Cc1cc(-c2ccccc2)ccc1C=C')
[3.3935089111328125] Updated in round 338! max:(0.7837837837837838, 'c1ccc(-c2ccccc2)cc1'), min:(0.43859649122807015, 'C=Cc1ccc(-c2ccccc2)cc1C1=C2C=C21')
[3.39528751373291] Updated in round 339! max:(0.7837837837837838, 'c1ccc(-c2ccccc2)cc1'), min:(0.44, 'C1=Cc2ccccc2-c2cccc1c2')
[3.3973309993743896] Updated in round 340! max:(0.7837837837837838, 'c1ccc(-c2ccccc2)cc1'), min:(0.4444444444444444, 'c1cc2cc(c1)-c1ccc-2cccc2cc1-2')
[3.3984875679016113] Updated in round 341! max:(0.7837837837837838, 'c1ccc(-c2ccccc2)cc1'), min:(0.4444444444444444, 'C1=C2C(=C1)c1cc2ccc1-c1ccccc1')
[3.417022466659546] Updated in round 342! max:(0.7837837837837838, 'c1ccc(-c2ccccc2)cc1'), min:(0.4461538461538462, 'C#Cc1ccc(-c2cccc(-c3ccccc3)c2)c(C#C)c1')
[3.4346327781677246] Updated in round 343! max:(0.7837837837837838, 'c1ccc(-c2ccccc2)cc1'), min:(0.44642857142857145, 'C#CC(=C)c1ccc(-c2ccccc2)cc1C=C')
[3.436065196990967] Updated in round 344! max:(0.7837837837837838, 'c1ccc(-c2ccccc2)cc1'), min:(0.44642857142857145, 'C#Cc1ccc(-c2ccccc2)cc1C1=CC1=C')
[3.4390106201171875] Updated in round 345! max:(0.7837837837837838, 'c1ccc(-c2ccccc2)cc1'), min:(0.4482758620689655, 'c1cc2cc(c#1)-c1cccc(-c3ccccc3)c1-2')
[3.4405980110168457] Updated in round 346! max:(0.7837837837837838, 'c1ccc(-c2ccccc2)cc1'), min:(0.4482758620689655, 'c1ccc(-c2cc3cc(c2)-c2ccc-3cc2)cc1')
[3.4578888416290283] Updated in round 347! max:(0.7837837837837838, 'c1ccc(-c2ccccc2)cc1'), min:(0.4528301886792453, 'c1ccc(-c2ccccc3c4cc3c24)cc1')
[3.475724220275879] Updated in round 348! max:(0.7837837837837838, 'c1ccc(-c2ccccc2)cc1'), min:(0.4528301886792453, 'C=C1C=Cc2ccc1cc2-c1ccccc1')
[3.47745418548584] Updated in round 349! max:(0.7837837837837838, 'c1ccc(-c2ccccc2)cc1'), min:(0.45454545454545453, 'C=CC1=CC(c2ccccc2)=C1')
[3.4795081615448] Updated in round 350! max:(0.7837837837837838, 'c1ccc(-c2ccccc2)cc1'), min:(0.45614035087719296, 'C#Cc1ccc(-c2ccccc2)ccc2ccc1-2')
[3.4966752529144287] Updated in round 351! max:(0.7837837837837838, 'c1ccc(-c2ccccc2)cc1'), min:(0.45614035087719296, 'C#Cc1ccc2ccc(-c3ccccc3)ccc1-2')
[3.5189051628112793] Updated in round 352! max:(0.7837837837837838, 'c1ccc(-c2ccccc2)cc1'), min:(0.45614035087719296, 'C=Cc1ccc(-c2ccccc2)ccc2cc-2c1')
[3.5598573684692383] Updated in round 353! max:(0.7837837837837838, 'c1ccc(-c2ccccc2)cc1'), min:(0.45614035087719296, 'C#CC#CC#Cc1ccc(-c2ccccc2)cc1')
[3.585998296737671] Updated in round 354! max:(0.7837837837837838, 'c1ccc(-c2ccccc2)cc1'), min:(0.45614035087719296, 'C#CC=C1C=C1c1ccc(-c2ccccc2)cc1')
[3.6111629009246826] Updated in round 355! max:(0.7837837837837838, 'c1ccc(-c2ccccc2)cc1'), min:(0.45901639344262296, 'C=CC1=C(C#Cc2cccc(-c3ccccc3)c2)C#C1')
[3.63181471824646] Updated in round 356! max:(0.7837837837837838, 'c1ccc(-c2ccccc2)cc1'), min:(0.45901639344262296, 'C=CC1=C(C=Cc2cccc(-c3ccccc3)c2)C#C1')
[3.6561596393585205] Updated in round 357! max:(0.7837837837837838, 'c1ccc(-c2ccccc2)cc1'), min:(0.45901639344262296, 'C=CC=C1C=CC1=Cc1cccc(-c2ccccc2)c1')
[3.6795406341552734] Updated in round 358! max:(0.7837837837837838, 'c1ccc(-c2ccccc2)cc1'), min:(0.45901639344262296, 'C#CC=CC#CC#Cc1cccc(-c2ccccc2)c1')
[3.6821138858795166] Updated in round 359! max:(0.7837837837837838, 'c1ccc(-c2ccccc2)cc1'), min:(0.45901639344262296, 'C=CC#CC#CC=Cc1cccc(-c2ccccc2)c1')
[3.68477725982666] Updated in round 360! max:(0.7837837837837838, 'c1ccc(-c2ccccc2)cc1'), min:(0.45901639344262296, 'C=Cc1cc2c(cc1-c1ccccc1)-c1cccc-2c1')
[3.7040963172912598] Updated in round 361! max:(0.7837837837837838, 'c1ccc(-c2ccccc2)cc1'), min:(0.46153846153846156, 'C=CC(=C)c1ccccc1-c1ccccc1')
[3.706587314605713] Updated in round 362! max:(0.7837837837837838, 'c1ccc(-c2ccccc2)cc1'), min:(0.4642857142857143, 'C=CC1=C2C1=C2c1ccc(-c2ccccc2)cc1')
[3.7293357849121094] Updated in round 363! max:(0.7837837837837838, 'c1ccc(-c2ccccc2)cc1'), min:(0.4642857142857143, 'C=CC(=C)C=Cc1ccc(-c2ccccc2)cc1')
[3.733259677886963] Updated in round 364! max:(0.7837837837837838, 'c1ccc(-c2ccccc2)cc1'), min:(0.4642857142857143, 'C=CC=CC(=C)c1ccc(-c2ccccc2)cc1')
[3.758599042892456] Updated in round 365! max:(0.7837837837837838, 'c1ccc(-c2ccccc2)cc1'), min:(0.4666666666666667, 'C=Cc1cccccc(-c2cccc(C=C)c2)ccc1')
[3.784261465072632] Updated in round 366! max:(0.7837837837837838, 'c1ccc(-c2ccccc2)cc1'), min:(0.4666666666666667, 'C=Cc1cc(-c2ccccc2)cccc2c(C=C)c-2c1')
[3.8056514263153076] Updated in round 367! max:(0.7837837837837838, 'c1ccc(-c2ccccc2)cc1'), min:(0.4666666666666667, 'C=CC1=CC(C#Cc2cccc(-c3ccccc3)c2)=C1')
[3.8078343868255615] Updated in round 368! max:(0.7837837837837838, 'c1ccc(-c2ccccc2)cc1'), min:(0.4666666666666667, 'C#CC(=C1C2=CC=C21)c1cccc(-c2ccccc2)c1')
[3.833178997039795] Updated in round 369! max:(0.7837837837837838, 'c1ccc(-c2ccccc2)cc1'), min:(0.4666666666666667, 'C#CC1=CC(C=Cc2cccc(-c3ccccc3)c2)=C1')
[3.8602564334869385] Updated in round 370! max:(0.7837837837837838, 'c1ccc(-c2ccccc2)cc1'), min:(0.4666666666666667, 'C=CC(C=Cc1cccc(-c2ccccc2)c1)=C1C#C1')
[3.883359909057617] Updated in round 371! max:(0.7837837837837838, 'c1ccc(-c2ccccc2)cc1'), min:(0.4666666666666667, 'C#CC(=C)C1=CC1=Cc1cccc(-c2ccccc2)c1')
[3.9204869270324707] Updated in round 372! max:(0.7837837837837838, 'c1ccc(-c2ccccc2)cc1'), min:(0.4666666666666667, 'C=CC(C=C)=CC#Cc1cccc(-c2ccccc2)c1')
[3.942667007446289] Updated in round 373! max:(0.7837837837837838, 'c1ccc(-c2ccccc2)cc1'), min:(0.4666666666666667, 'C=CC(=C)C#CC=Cc1cccc(-c2ccccc2)c1')
[3.978252649307251] Updated in round 374! max:(0.7837837837837838, 'c1ccc(-c2ccccc2)cc1'), min:(0.4666666666666667, 'C#CC1=C(C(=C)c2cccc(-c3ccccc3)c2)C=C1')
[3.996488571166992] Updated in round 375! max:(0.7837837837837838, 'c1ccc(-c2ccccc2)cc1'), min:(0.4666666666666667, 'C=CC=C(C=C1C#C1)c1cccc(-c2ccccc2)c1')
[3.9991135597229004] Updated in round 376! max:(0.7837837837837838, 'c1ccc(-c2ccccc2)cc1'), min:(0.4666666666666667, 'C=CC=CC(=C1C#C1)c1cccc(-c2ccccc2)c1')
[4.053879261016846] Updated in round 377! max:(0.7837837837837838, 'c1ccc(-c2ccccc2)cc1'), min:(0.4666666666666667, 'C#CC=C(C#C)C#Cc1cccc(-c2ccccc2)c1')
[4.083348989486694] Updated in round 378! max:(0.7837837837837838, 'c1ccc(-c2ccccc2)cc1'), min:(0.4666666666666667, 'C=CC=C(C=C)C=Cc1cccc(-c2ccccc2)c1')
[4.108860492706299] Updated in round 379! max:(0.7837837837837838, 'c1ccc(-c2ccccc2)cc1'), min:(0.4666666666666667, 'C#CC=CC(C#C)=Cc1cccc(-c2ccccc2)c1')
[4.131344318389893] Updated in round 380! max:(0.7837837837837838, 'c1ccc(-c2ccccc2)cc1'), min:(0.4666666666666667, 'C#CC=CC#CC(=C)c1cccc(-c2ccccc2)c1')
[4.173109769821167] Updated in round 381! max:(0.7837837837837838, 'c1ccc(-c2ccccc2)cc1'), min:(0.4666666666666667, 'C#CC#CC(C#C)=Cc1cccc(-c2ccccc2)c1')
[4.176887035369873] Updated in round 382! max:(0.7837837837837838, 'c1ccc(-c2ccccc2)cc1'), min:(0.4666666666666667, 'C#CC=C1C(=C)C1=Cc1cccc(-c2ccccc2)c1')
[4.202024221420288] Updated in round 383! max:(0.7837837837837838, 'c1ccc(-c2ccccc2)cc1'), min:(0.46938775510204084, 'C1=Cc2cc1ccc2-c1ccccc1')
[4.241976499557495] Updated in round 384! max:(0.7837837837837838, 'c1ccc(-c2ccccc2)cc1'), min:(0.4716981132075472, 'c1ccc(-c2c3cccc-3c3ccc2-3)cc1')
[4.269644737243652] Updated in round 385! max:(0.7837837837837838, 'c1ccc(-c2ccccc2)cc1'), min:(0.4716981132075472, 'c1ccc(-c2c3ccc4cccc4c23)cc1')
[4.322657585144043] Updated in round 386! max:(0.7837837837837838, 'c1ccc(-c2ccccc2)cc1'), min:(0.4716981132075472, 'c1cccc2cc(ccc1)-c1ccccc1-2')
[4.346351623535156] Updated in round 387! max:(0.7837837837837838, 'c1ccc(-c2ccccc2)cc1'), min:(0.4716981132075472, 'c1cc2ccc3c(cc-2c1)-c1ccccc1-3')
[4.3886144161224365] Updated in round 388! max:(0.7837837837837838, 'c1ccc(-c2ccccc2)cc1'), min:(0.4716981132075472, 'c1ccc2c(cc3cc-3c1)-c1cccc-2c1')
[4.414854049682617] Updated in round 389! max:(0.7837837837837838, 'c1ccc(-c2ccccc2)cc1'), min:(0.4716981132075472, 'c1ccc2cccc(-c3ccccc3)c2c#1')
[4.443347692489624] Updated in round 390! max:(0.7837837837837838, 'c1ccc(-c2ccccc2)cc1'), min:(0.4727272727272727, 'C#CC(=C)C(=C)c1ccc(-c2ccccc2)cc1')
[4.510198354721069] Updated in round 391! max:(0.7837837837837838, 'c1ccc(-c2ccccc2)cc1'), min:(0.47368421052631576, 'C1#Cc2cc1c(-c1ccccc1)cccc1cc2-1')
[4.543207406997681] Updated in round 392! max:(0.7837837837837838, 'c1ccc(-c2ccccc2)cc1'), min:(0.47368421052631576, 'c1ccc(-c2cc3ccc2cc2cccc3-2)cc1')
[4.570030927658081] Updated in round 393! max:(0.7837837837837838, 'c1ccc(-c2ccccc2)cc1'), min:(0.4745762711864407, 'C=Cc1cc(-c2ccccc2)cccc(=C)c2c3c1c23')
[4.618177890777588] Updated in round 394! max:(0.7837837837837838, 'c1ccc(-c2ccccc2)cc1'), min:(0.4745762711864407, 'C#CC(=C1C2=C3C2=C31)c1cccc(-c2ccccc2)c1')
[4.665844917297363] Updated in round 395! max:(0.7837837837837838, 'c1ccc(-c2ccccc2)cc1'), min:(0.4745762711864407, 'C#CC(=Cc1cccc(-c2ccccc2)c1)C1=CC1=C')
[4.740480422973633] Updated in round 396! max:(0.7837837837837838, 'c1ccc(-c2ccccc2)cc1'), min:(0.4745762711864407, 'C#CC(=C)C(=C1C=C1)c1cccc(-c2ccccc2)c1')
[4.788992404937744] Updated in round 397! max:(0.7837837837837838, 'c1ccc(-c2ccccc2)cc1'), min:(0.4745762711864407, 'C#CC(=C)C=C(C=C)c1cccc(-c2ccccc2)c1')
[4.817170858383179] Updated in round 398! max:(0.7837837837837838, 'c1ccc(-c2ccccc2)cc1'), min:(0.4745762711864407, 'C#CC(=C)C=C(C#C)c1cccc(-c2ccccc2)c1')
[4.843082904815674] Updated in round 399! max:(0.7837837837837838, 'c1ccc(-c2ccccc2)cc1'), min:(0.4745762711864407, 'C=CC1=C(C(=C)c2cccc(-c3ccccc3)c2)C1=C')
[4.894413709640503] Updated in round 400! max:(0.7837837837837838, 'c1ccc(-c2ccccc2)cc1'), min:(0.4745762711864407, 'C=CC#CC(=C)C(=C)c1cccc(-c2ccccc2)c1')
[4.9411420822143555] Updated in round 401! max:(0.7837837837837838, 'c1ccc(-c2ccccc2)cc1'), min:(0.4791666666666667, 'C1=c2c3cc(-c4ccccc4)cc2c31')
[5.011889696121216] Updated in round 402! max:(0.7837837837837838, 'c1ccc(-c2ccccc2)cc1'), min:(0.4807692307692308, 'C#CC=c1c2cccc1=C2c1ccccc1')
[5.0172178745269775] Updated in round 403! max:(0.7837837837837838, 'c1ccc(-c2ccccc2)cc1'), min:(0.4807692307692308, 'C=CC=C1c2cccc(-c3ccccc3)c21')
[5.087035894393921] Updated in round 404! max:(0.7837837837837838, 'c1ccc(-c2ccccc2)cc1'), min:(0.4807692307692308, 'C=CC1=Cc2c1cccc2-c1ccccc1')
[5.116135358810425] Updated in round 405! max:(0.7837837837837838, 'c1ccc(-c2ccccc2)cc1'), min:(0.4807692307692308, 'C#CC1=Cc2c1cccc2-c1ccccc1')
[5.483273506164551] Updated in round 406! max:(0.7837837837837838, 'c1ccc(-c2ccccc2)cc1'), min:(0.48214285714285715, 'C=C1c2c(-c3ccccc3)cccc3ccc-3c21')
[5.539309978485107] Updated in round 407! max:(0.7837837837837838, 'c1ccc(-c2ccccc2)cc1'), min:(0.48214285714285715, 'C=Cc1c2cccc3cc(-c4ccccc4)c-2c1-3')
[5.5705249309539795] Updated in round 408! max:(0.7837837837837838, 'c1ccc(-c2ccccc2)cc1'), min:(0.48214285714285715, 'C#Cc1ccccc2cc(-c3ccccc3)cc1-2')
[5.618412733078003] Updated in round 409! max:(0.7837837837837838, 'c1ccc(-c2ccccc2)cc1'), min:(0.48214285714285715, 'C=c1c2cc3cccc(-c4ccccc4)c1cc2-3')
[5.71356463432312] Updated in round 410! max:(0.7837837837837838, 'c1ccc(-c2ccccc2)cc1'), min:(0.48214285714285715, 'C#Cc1ccc(-c2ccccccccc2)cc1')
[5.739454507827759] Updated in round 411! max:(0.7837837837837838, 'c1ccc(-c2ccccc2)cc1'), min:(0.48214285714285715, 'C=Cc1ccc2cc-2cccc1-c1ccccc1')
[5.786325216293335] Updated in round 412! max:(0.7837837837837838, 'c1ccc(-c2ccccc2)cc1'), min:(0.4827586206896552, 'C#CC(=C)C1=CC(=C)C(=C)c2cccccc1ccc2')
[5.808902740478516] Updated in round 413! max:(0.7837837837837838, 'c1ccc(-c2ccccc2)cc1'), min:(0.4827586206896552, 'C=CC(=C1C(=C)C1=C)c1cccc(-c2ccccc2)c1')
[5.898340940475464] Updated in round 414! max:(0.7837837837837838, 'c1ccc(-c2ccccc2)cc1'), min:(0.48333333333333334, 'C=Cc1cc2c#cc1cccc(-c1ccccc1)cc2')
[5.943871021270752] Updated in round 415! max:(0.7837837837837838, 'c1ccc(-c2ccccc2)cc1'), min:(0.48333333333333334, 'C#Cc1cc2ccc(-c3ccccc3)cccc3c1c23')
[6.297263860702515] Updated in round 416! max:(0.7837837837837838, 'c1ccc(-c2ccccc2)cc1'), min:(0.48333333333333334, 'C=CC=c1cccc(-c2ccccc2)ccc2c(c1)C=2')
[6.359898805618286] Updated in round 417! max:(0.7837837837837838, 'c1ccc(-c2ccccc2)cc1'), min:(0.48333333333333334, 'C=CC=c1c2ccc(-c3ccccc3)cccc3c1c2-3')
[6.453679084777832] Updated in round 418! max:(0.7837837837837838, 'c1ccc(-c2ccccc2)cc1'), min:(0.48333333333333334, 'C#CC=Cc1cc2cccc(-c3ccccc3)cc-2c1')
[6.4814112186431885] Updated in round 419! max:(0.7837837837837838, 'c1ccc(-c2ccccc2)cc1'), min:(0.48333333333333334, 'C#CC=Cc1cc(-c2ccccc2)cccc2ccc1-2')
[6.720329284667969] Updated in round 420! max:(0.7837837837837838, 'c1ccc(-c2ccccc2)cc1'), min:(0.48333333333333334, 'C=CC=Cc1cc2cccc-2ccc1-c1ccccc1')
[6.933382749557495] Updated in round 421! max:(0.7837837837837838, 'c1ccc(-c2ccccc2)cc1'), min:(0.48333333333333334, 'C=CC=Cc1cc(-c2ccccc2)cccc2cc-2c1')
[6.989742994308472] Updated in round 422! max:(0.7837837837837838, 'c1ccc(-c2ccccc2)cc1'), min:(0.48333333333333334, 'C=Cc1ccc(-c2ccccc2)cccc2c3c1C=C23')
[7.218541145324707] Updated in round 423! max:(0.7837837837837838, 'c1ccc(-c2ccccc2)cc1'), min:(0.48333333333333334, 'C=Cc1ccc(-c2ccccc2)cccc2c(c1)C=C2')
[7.3929078578948975] Updated in round 424! max:(0.7837837837837838, 'c1ccc(-c2ccccc2)cc1'), min:(0.48333333333333334, 'C=Cc1c#cc#cc1-c1cccc(-c2ccccc2)c1')
[7.527641534805298] Updated in round 425! max:(0.7837837837837838, 'c1ccc(-c2ccccc2)cc1'), min:(0.48333333333333334, 'C#Cc1c#ccc(-c2cccc(-c3ccccc3)c2)c1')
[7.630259037017822] Updated in round 426! max:(0.7837837837837838, 'c1ccc(-c2ccccc2)cc1'), min:(0.48333333333333334, 'C=Cc1c2ccc(-c3cccc(-c4ccccc4)c3)c1-2')
[7.800537824630737] Updated in round 427! max:(0.7837837837837838, 'c1ccc(-c2ccccc2)cc1'), min:(0.48333333333333334, 'C=Cc1c2c3c-2c(-c2cccc(-c4ccccc4)c2)c1=3')
[7.958714723587036] Updated in round 428! max:(0.7837837837837838, 'c1ccc(-c2ccccc2)cc1'), min:(0.48333333333333334, 'C=Cc1c#cc2c(-c3cccc(-c4ccccc4)c3)c1-2')
[8.090577840805054] Updated in round 429! max:(0.7837837837837838, 'c1ccc(-c2ccccc2)cc1'), min:(0.48333333333333334, 'C#Cc1cc2cc(-c3cccc(-c4ccccc4)c3)c1=2')
[8.281864166259766] Updated in round 430! max:(0.7837837837837838, 'c1ccc(-c2ccccc2)cc1'), min:(0.48333333333333334, 'C=Cc1ccccc1-c1cccc(-c2ccccc2)c1')
[8.347821950912476] Updated in round 431! max:(0.7837837837837838, 'c1ccc(-c2ccccc2)cc1'), min:(0.48333333333333334, 'C=CC1=C2C=C1C=C2c1cccc(-c2ccccc2)c1')
[8.498305320739746] Updated in round 432! max:(0.7837837837837838, 'c1ccc(-c2ccccc2)cc1'), min:(0.48333333333333334, 'C#CC=C1C2=CC2=C1c1cccc(-c2ccccc2)c1')
[8.678635835647583] Updated in round 433! max:(0.7837837837837838, 'c1ccc(-c2ccccc2)cc1'), min:(0.48333333333333334, 'C#CC=CC=C1C=C1c1cccc(-c2ccccc2)c1')
[8.795738935470581] Updated in round 434! max:(0.7837837837837838, 'c1ccc(-c2ccccc2)cc1'), min:(0.48333333333333334, 'C#CC=CC1=C(c2cccc(-c3ccccc3)c2)C#C1')
[8.917394161224365] Updated in round 435! max:(0.7837837837837838, 'c1ccc(-c2ccccc2)cc1'), min:(0.49019607843137253, 'C=CC1=CC(=C)c2ccccccc1cc2')
[8.953768253326416] Updated in round 436! max:(0.7837837837837838, 'c1ccc(-c2ccccc2)cc1'), min:(0.49019607843137253, 'C#Cc1cccc(-c2ccccc2)c1C=C')
[9.3742516040802] Updated in round 437! max:(0.7837837837837838, 'c1ccc(-c2ccccc2)cc1'), min:(0.4915254237288136, 'C=C1C=C1c1cccccc(-c2cc3cc-3c2)ccc1')
[10.014909982681274] Updated in round 438! max:(0.7837837837837838, 'c1ccc(-c2ccccc2)cc1'), min:(0.4915254237288136, 'C=c1c2ccc(-c3ccccc3)cccc3c4c1c3c24')
[10.313905477523804] Updated in round 439! max:(0.7837837837837838, 'c1ccc(-c2ccccc2)cc1'), min:(0.4915254237288136, 'C#CC=c1cc2cccc(-c3ccccc3)cc-2c1=C')
[10.688324213027954] Updated in round 440! max:(0.7837837837837838, 'c1ccc(-c2ccccc2)cc1'), min:(0.4915254237288136, 'C=c1cccc(-c2ccccc2)ccc2c(c1=C)C=C2')
[11.648859024047852] Updated in round 441! max:(0.7837837837837838, 'c1ccc(-c2ccccc2)cc1'), min:(0.4915254237288136, 'C#CC=c1c#cc(=C)cccc(-c2ccccc2)cc1')
[12.280390977859497] Updated in round 442! max:(0.7837837837837838, 'c1ccc(-c2ccccc2)cc1'), min:(0.4915254237288136, 'C#Cc1c2c(ccc(-c3ccccc3)cccc1=C)=C2')
[12.44408631324768] Updated in round 443! max:(0.7837837837837838, 'c1ccc(-c2ccccc2)cc1'), min:(0.4915254237288136, 'C#Cc1cc2cccc(-c3ccccc3)cc-2c1C#C')
[12.48155927658081] Updated in round 444! max:(0.7837837837837838, 'c1ccc(-c2ccccc2)cc1'), min:(0.4915254237288136, 'C#CC(=C)c1cc2ccc(-c3ccccc3)cccc1-2')
[12.521122694015503] Updated in round 445! max:(0.7837837837837838, 'c1ccc(-c2ccccc2)cc1'), min:(0.4915254237288136, 'C#Cc1cc2cc(C#C)c1-c1cccccc-2ccc1')
[12.540670394897461] Updated in round 446! max:(0.7837837837837838, 'c1ccc(-c2ccccc2)cc1'), min:(0.4915254237288136, 'C#CC=c1ccc(-c2ccccc2)cccc2c3c1c23')
[12.554746150970459] Updated in round 447! max:(0.7837837837837838, 'c1ccc(-c2ccccc2)cc1'), min:(0.4915254237288136, 'C#CC=c1cccc(-c2ccccc2)ccc(=C)cc1')
[12.568701028823853] Updated in round 448! max:(0.7837837837837838, 'c1ccc(-c2ccccc2)cc1'), min:(0.4915254237288136, 'C=CC=c1c2cccc(-c3ccccc3)ccc-2c1=C')
[12.57543134689331] Updated in round 449! max:(0.7837837837837838, 'c1ccc(-c2ccccc2)cc1'), min:(0.4915254237288136, 'C#Cc1ccc(-c2ccccc2)cccc2cc1c2=C')
[12.589513540267944] Updated in round 450! max:(0.7837837837837838, 'c1ccc(-c2ccccc2)cc1'), min:(0.4915254237288136, 'C#Cc1cccc(-c2ccccc2)ccc(C#C)cc1')
[12.590760946273804] Updated in round 451! max:(0.7837837837837838, 'c1ccc(-c2ccccc2)cc1'), min:(0.4915254237288136, 'C=Cc1cc(-c2ccccc2)cccc2cc-2c1C=C')
[12.609468221664429] Updated in round 452! max:(0.7837837837837838, 'c1ccc(-c2ccccc2)cc1'), min:(0.4915254237288136, 'C#CC1=CC=C(c2cccc(-c3ccccc3)c2)C1=C')
[12.62775707244873] Updated in round 453! max:(0.7837837837837838, 'c1ccc(-c2ccccc2)cc1'), min:(0.4915254237288136, 'C#CC1=C(c2cccc(-c3ccccc3)c2)C=CC1=C')
[12.647845268249512] Updated in round 454! max:(0.7837837837837838, 'c1ccc(-c2ccccc2)cc1'), min:(0.4915254237288136, 'C#CC1=C(c2cccc(-c3ccccc3)c2)C2=C1C2=C')
[12.651668310165405] Updated in round 455! max:(0.7837837837837838, 'c1ccc(-c2ccccc2)cc1'), min:(0.4915254237288136, 'C#CC1=CC(C=C)=C1c1cccc(-c2ccccc2)c1')
[12.68419861793518] Updated in round 456! max:(0.7837837837837838, 'c1ccc(-c2ccccc2)cc1'), min:(0.4915254237288136, 'C=CC1=CC(C=C)=C1c1cccc(-c2ccccc2)c1')
[12.7000412940979] Updated in round 457! max:(0.7837837837837838, 'c1ccc(-c2ccccc2)cc1'), min:(0.4915254237288136, 'C=CC#CC1=C(c2cccc(-c3ccccc3)c2)C1=C')
[12.72388482093811] Updated in round 458! max:(0.7837837837837838, 'c1ccc(-c2ccccc2)cc1'), min:(0.4915254237288136, 'C=CC1=C(C=C)C(c2cccc(-c3ccccc3)c2)=C1')
[12.760380029678345] Updated in round 459! max:(0.7837837837837838, 'c1ccc(-c2ccccc2)cc1'), min:(0.5, 'c1ccc2ccc(cc2)cc2cccc-2c1')
[12.798511028289795] Updated in round 460! max:(0.7837837837837838, 'c1ccc(-c2ccccc2)cc1'), min:(0.5, 'C1=Cc2cc3cccccc1cccc-3c2')
[12.86783242225647] Updated in round 461! max:(0.7837837837837838, 'c1ccc(-c2ccccc2)cc1'), min:(0.5, 'c1ccc2cccc(cc1)-c1c-2c2c3ccc3c12')
[12.91583514213562] Updated in round 462! max:(0.7837837837837838, 'c1ccc(-c2ccccc2)cc1'), min:(0.5, 'C1=Cc2cc1cc1c2-c2cccccc-1ccc2')
[12.945049047470093] Updated in round 463! max:(0.7837837837837838, 'c1ccc(-c2ccccc2)cc1'), min:(0.5, 'C1=C2C=C2c2cccccc(ccc2)-c2ccc1cc2')
[12.96815013885498] Updated in round 464! max:(0.7837837837837838, 'c1ccc(-c2ccccc2)cc1'), min:(0.5, 'c1cc2cccc(-c3ccccc3)cccc3c2c-3c#1')
[12.991443872451782] Updated in round 465! max:(0.7837837837837838, 'c1ccc(-c2ccccc2)cc1'), min:(0.5, 'c1ccc(-c2ccccc3ccccc3ccc2)cc1')
[13.030435562133789] Updated in round 466! max:(0.7837837837837838, 'c1ccc(-c2ccccc2)cc1'), min:(0.5, 'C1=c2c3ccc(c2=C1)-c1cccccc-3ccc1')
[13.088749408721924] Updated in round 467! max:(0.7837837837837838, 'c1ccc(-c2ccccc2)cc1'), min:(0.5, 'C1=c2c3cccc2=C1c1cccccc-3ccc1')
[13.147205591201782] Updated in round 468! max:(0.7837837837837838, 'c1ccc(-c2ccccc2)cc1'), min:(0.5, 'c1ccc(-c2cccc3c(c2)c2cc4c3c24)cc1')
[13.171943664550781] Updated in round 469! max:(0.7837837837837838, 'c1ccc(-c2ccccc2)cc1'), min:(0.5, 'c1cccc(-c2ccccc2)ccc2c(c#1)C=C2')
[13.180201292037964] Updated in round 470! max:(0.7837837837837838, 'c1ccc(-c2ccccc2)cc1'), min:(0.5, 'C1=c2cccc(-c3ccccc3)cc3c(cc21)=C3')
[13.226468324661255] Updated in round 471! max:(0.7837837837837838, 'c1ccc(-c2ccccc2)cc1'), min:(0.5, 'C1#Cc2ccc(-c3ccccc3)ccccc1c2')
[13.229923486709595] Updated in round 472! max:(0.7837837837837838, 'c1ccc(-c2ccccc2)cc1'), min:(0.5, 'C#Cc1cc(=C)ccc(-c2ccccc2)cccc1=C')
[13.253669738769531] Updated in round 473! max:(0.7837837837837838, 'c1ccc(-c2ccccc2)cc1'), min:(0.5, 'C1#Cc2c1cccc(-c1ccccc1)cc1cc2-1')
[13.304705619812012] Updated in round 474! max:(0.7837837837837838, 'c1ccc(-c2ccccc2)cc1'), min:(0.5, 'c1ccc2cc-2cc(-c2c3cccc2-3)cc1')
[13.331579208374023] Updated in round 475! max:(0.7837837837837838, 'c1ccc(-c2ccccc2)cc1'), min:(0.5, 'c1ccc(-c2cccc3c4ccc(c2)cc4-3)cc1')
[13.393601417541504] Updated in round 476! max:(0.7837837837837838, 'c1ccc(-c2ccccc2)cc1'), min:(0.5, 'c1ccc(-c2ccccccc3cc2-3)cc1')
[13.41454815864563] Updated in round 477! max:(0.7837837837837838, 'c1ccc(-c2ccccc2)cc1'), min:(0.5, 'C1#CC(=Cc2cccc(-c3ccccc3)c2)C=C1')
[13.457943439483643] Updated in round 478! max:(0.7837837837837838, 'c1ccc(-c2ccccc2)cc1'), min:(0.5, 'C=CC(=C)C1=C2C1=C2c1cccc(-c2ccccc2)c1')
[13.5209801197052] Updated in round 479! max:(0.7837837837837838, 'c1ccc(-c2ccccc2)cc1'), min:(0.5084745762711864, 'C#CC=C1C=C1c1cccc2cccccc-2ccc1')
[13.561532258987427] Updated in round 480! max:(0.7837837837837838, 'c1ccc(-c2ccccc2)cc1'), min:(0.5084745762711864, 'c1cccc(-c2ccccc2)cccc(C2=C3C=C32)c#1')
[13.618415594100952] Updated in round 481! max:(0.7837837837837838, 'c1ccc(-c2ccccc2)cc1'), min:(0.5084745762711864, 'C=C1C2=Cc3ccc(-c4ccccc4)cccc1cc32')
[13.64222764968872] Updated in round 482! max:(0.7837837837837838, 'c1ccc(-c2ccccc2)cc1'), min:(0.5084745762711864, 'C=c1cc2c3cccc(-c4ccccc4)cccc1c3-2')
[13.684521436691284] Updated in round 483! max:(0.7837837837837838, 'c1ccc(-c2ccccc2)cc1'), min:(0.5084745762711864, 'C=C1C#Cc2ccc(cc2)-c2cccccc1ccc2')
[13.736867666244507] Updated in round 484! max:(0.7837837837837838, 'c1ccc(-c2ccccc2)cc1'), min:(0.5084745762711864, 'C=c1cccc(-c2ccccc2)cccc2c1=CC#C2')
[13.787372589111328] Updated in round 485! max:(0.7837837837837838, 'c1ccc(-c2ccccc2)cc1'), min:(0.5084745762711864, 'C=CC1=c2cccc(-c3ccccc3)cccc3c2=C13')
[13.837198972702026] Updated in round 486! max:(0.7837837837837838, 'c1ccc(-c2ccccc2)cc1'), min:(0.5084745762711864, 'C#CC1=Cc2cccc(-c3ccccc3)cccc1c2')
[13.886895179748535] Updated in round 487! max:(0.7837837837837838, 'c1ccc(-c2ccccc2)cc1'), min:(0.5084745762711864, 'C=CC1=Cc2cccc(-c3ccccc3)ccccc21')
[13.933532476425171] Updated in round 488! max:(0.7837837837837838, 'c1ccc(-c2ccccc2)cc1'), min:(0.5084745762711864, 'C#CC=Cc1cc2cccc(-c3ccccc3)ccc1-2')
[13.98320460319519] Updated in round 489! max:(0.7837837837837838, 'c1ccc(-c2ccccc2)cc1'), min:(0.5084745762711864, 'C#CC=Cc1c2cccc(-c3ccccc3)cccc1-2')
[14.103302717208862] Updated in round 490! max:(0.7837837837837838, 'c1ccc(-c2ccccc2)cc1'), min:(0.509090909090909, 'C=CC1=Cc2cccc3cccccc-3cc1c2')
[14.15867018699646] Updated in round 491! max:(0.7837837837837838, 'c1ccc(-c2ccccc2)cc1'), min:(0.509090909090909, 'C=CC=C1c2cccc3cc1cccccc-3c2')
[14.876567602157593] Updated in round 492! max:(0.7837837837837838, 'c1ccc(-c2ccccc2)cc1'), min:(0.509090909090909, 'C=CC=C1c2ccccccc3cccc-3cc21')
[14.999516248703003] Updated in round 493! max:(0.7837837837837838, 'c1ccc(-c2ccccc2)cc1'), min:(0.509090909090909, 'C=CC=Cc1c2cccc3cccccc-3cc1-2')
[15.286036491394043] Updated in round 494! max:(0.7837837837837838, 'c1ccc(-c2ccccc2)cc1'), min:(0.509090909090909, 'C=CC=Cc1cccccccc2cccc-2c1')
[15.419579029083252] Updated in round 495! max:(0.7837837837837838, 'c1ccc(-c2ccccc2)cc1'), min:(0.509090909090909, 'C=Cc1cc2cccc-2cccccc2c1=CC=2')
[16.059004545211792] Updated in round 496! max:(0.7837837837837838, 'c1ccc(-c2ccccc2)cc1'), min:(0.509090909090909, 'C=CC=c1cc2cccc-2cccccc2c1=C2')
[16.50697422027588] Updated in round 497! max:(0.7837837837837838, 'c1ccc(-c2ccccc2)cc1'), min:(0.509090909090909, 'C1=C2C=C1c1cccc(c1)C(c1ccccc1)=C2')
[16.766128063201904] Updated in round 498! max:(0.7837837837837838, 'c1ccc(-c2ccccc2)cc1'), min:(0.509090909090909, 'C=C1C2=CC3=C1c1cccccc(ccc1)C2=C3')
[18.663155794143677] Updated in round 499! max:(0.7837837837837838, 'c1ccc(-c2ccccc2)cc1'), min:(0.509090909090909, 'C=C1C2=C3C=CC2=C1c1cccccc3ccc1')
[18.68970489501953] Updated in round 500! max:(0.7837837837837838, 'c1ccc(-c2ccccc2)cc1'), min:(0.509090909090909, 'C=C1C2=C3C=CC2=C3c2cccccc1ccc2')
[19.209219455718994] Updated in round 501! max:(0.7837837837837838, 'c1ccc(-c2ccccc2)cc1'), min:(0.509090909090909, 'C=Cc1c#cc2cccc(-c3ccccc3)cc1-2')
[19.554868459701538] Updated in round 502! max:(0.7837837837837838, 'c1ccc(-c2ccccc2)cc1'), min:(0.509090909090909, 'C=C1C=C2C#CC=C2c2cccccc1ccc2')
[19.847604513168335] Updated in round 503! max:(0.7837837837837838, 'c1ccc(-c2ccccc2)cc1'), min:(0.509090909090909, 'C=c1c2cc(-c3ccccc3)cccc3c1cc2-3')
[19.966883182525635] Updated in round 504! max:(0.7837837837837838, 'c1ccc(-c2ccccc2)cc1'), min:(0.509090909090909, 'C1=c2c3ccccc(-c4ccccc4)ccc2c31')
[20.333026885986328] Updated in round 505! max:(0.7837837837837838, 'c1ccc(-c2ccccc2)cc1'), min:(0.509090909090909, 'C#Cc1cccc2cccc-2c1-c1ccccc1')
[20.756896257400513] Updated in round 506! max:(0.7837837837837838, 'c1ccc(-c2ccccc2)cc1'), min:(0.509090909090909, 'C=c1c2ccccc(-c3ccccc3)ccc1c2')
[20.99734878540039] Updated in round 507! max:(0.7837837837837838, 'c1ccc(-c2ccccc2)cc1'), min:(0.509090909090909, 'C=c1c2cc(-c3ccccc3)cccc3c(c2)c13')
[21.185017347335815] Updated in round 508! max:(0.7837837837837838, 'c1ccc(-c2ccccc2)cc1'), min:(0.509090909090909, 'C=Cc1cccc(-c2ccccc2)cc2ccc1-2')
[21.385172367095947] Updated in round 509! max:(0.7837837837837838, 'c1ccc(-c2ccccc2)cc1'), min:(0.509090909090909, 'C#Cc1cc2ccc-2cccc1-c1ccccc1')
[22.266210317611694] Updated in round 510! max:(0.7837837837837838, 'c1ccc(-c2ccccc2)cc1'), min:(0.509090909090909, 'C#Cc1c2ccccc(-c3ccccc3)ccc1-2')
[22.79000735282898] Updated in round 511! max:(0.7837837837837838, 'c1ccc(-c2ccccc2)cc1'), min:(0.509090909090909, 'C=C1C#CC1=Cc1cccc(-c2ccccc2)c1')
[24.072693824768066] Updated in round 512! max:(0.7837837837837838, 'c1ccc(-c2ccccc2)cc1'), min:(0.509090909090909, 'C=CC=CC#Cc1cccc(-c2ccccc2)c1')
[24.353049755096436] Updated in round 513! max:(0.7837837837837838, 'c1ccc(-c2ccccc2)cc1'), min:(0.5098039215686274, 'C=C1c2ccccc3ccc-3ccccc21')
[25.128555297851562] Updated in round 514! max:(0.7837837837837838, 'c1ccc(-c2ccccc2)cc1'), min:(0.5098039215686274, 'C#Cc1c2ccc3ccccccc-3cc1-2')
[27.602423667907715] Updated in round 515! max:(0.7837837837837838, 'c1ccc(-c2ccccc2)cc1'), min:(0.5098039215686274, 'C=c1c2ccc3ccccccc-3cc1c2')
[27.919583320617676] Updated in round 516! max:(0.7837837837837838, 'c1ccc(-c2ccccc2)cc1'), min:(0.5098039215686274, 'C1#CC1=Cc1ccc(-c2ccccc2)cc1')
[28.371183395385742] Updated in round 517! max:(0.7837837837837838, 'c1ccc(-c2ccccc2)cc1'), min:(0.5098039215686274, 'C=CC#Cc1ccc(-c2ccccc2)cc1')
[28.598705530166626] Updated in round 518! max:(0.7837837837837838, 'c1ccc(-c2ccccc2)cc1'), min:(0.5106382978723404, 'c1ccc2ccc-2cc2c3c(cc1)c23')
[28.72709631919861] Updated in round 519! max:(0.7837837837837838, 'c1ccc(-c2ccccc2)cc1'), min:(0.5172413793103449, 'C#CC1=C2C1=C2c1ccccccc2ccc-2ccc1')
[28.772968530654907] No improvement found in round 520. Terminating...
