[6.556510925292969e-05]Start running EvoMol from [H][H]...
[0.00043582916259765625] Updated in round 1! max:(0.2972972972972973, 'c1ccccc1'), min:(-99999, '')
[0.005694150924682617] Updated in round 2! max:(0.7837837837837838, 'c1ccc(-c2ccccc2)cc1'), min:(-99999, '')
[0.02158498764038086] Updated in round 3! max:(0.7837837837837838, 'c1ccc(-c2ccccc2)cc1'), min:(-99999, '')
[0.022256851196289062] Updated in round 4! max:(0.7837837837837838, 'c1ccc(-c2ccccc2)cc1'), min:(-99999, '')
[0.04082012176513672] Updated in round 5! max:(0.7837837837837838, 'c1ccc(-c2ccccc2)cc1'), min:(-99999, '')
[0.04169321060180664] Updated in round 6! max:(0.7837837837837838, 'c1ccc(-c2ccccc2)cc1'), min:(-99999, '')
[0.042482614517211914] Updated in round 7! max:(0.7837837837837838, 'c1ccc(-c2ccccc2)cc1'), min:(-99999, '')
[0.04323720932006836] Updated in round 8! max:(0.7837837837837838, 'c1ccc(-c2ccccc2)cc1'), min:(-99999, '')
[0.04400825500488281] Updated in round 9! max:(0.7837837837837838, 'c1ccc(-c2ccccc2)cc1'), min:(-99999, '')
[0.044763803482055664] Updated in round 10! max:(0.7837837837837838, 'c1ccc(-c2ccccc2)cc1'), min:(-99999, '')
[0.04552149772644043] Updated in round 11! max:(0.7837837837837838, 'c1ccc(-c2ccccc2)cc1'), min:(-99999, '')
[0.0462491512298584] Updated in round 12! max:(0.7837837837837838, 'c1ccc(-c2ccccc2)cc1'), min:(-99999, '')
[0.062265634536743164] Updated in round 13! max:(0.7837837837837838, 'c1ccc(-c2ccccc2)cc1'), min:(-99999, '')
[0.06304121017456055] Updated in round 14! max:(0.7837837837837838, 'c1ccc(-c2ccccc2)cc1'), min:(-99999, '')
[0.06374311447143555] Updated in round 15! max:(0.7837837837837838, 'c1ccc(-c2ccccc2)cc1'), min:(-99999, '')
[0.06443381309509277] Updated in round 16! max:(0.7837837837837838, 'c1ccc(-c2ccccc2)cc1'), min:(-99999, '')
[0.06512928009033203] Updated in round 17! max:(0.7837837837837838, 'c1ccc(-c2ccccc2)cc1'), min:(-99999, '')
[0.06584644317626953] Updated in round 18! max:(0.7837837837837838, 'c1ccc(-c2ccccc2)cc1'), min:(-99999, '')
[0.06655669212341309] Updated in round 19! max:(0.7837837837837838, 'c1ccc(-c2ccccc2)cc1'), min:(-99999, '')
[0.0672307014465332] Updated in round 20! max:(0.7837837837837838, 'c1ccc(-c2ccccc2)cc1'), min:(-99999, '')
[0.0805201530456543] Updated in round 21! max:(0.7837837837837838, 'c1ccc(-c2ccccc2)cc1'), min:(-99999, '')
[0.0812523365020752] Updated in round 22! max:(0.7837837837837838, 'c1ccc(-c2ccccc2)cc1'), min:(-99999, '')
[0.08202433586120605] Updated in round 23! max:(0.7837837837837838, 'c1ccc(-c2ccccc2)cc1'), min:(-99999, '')
[0.10394048690795898] Updated in round 24! max:(0.7837837837837838, 'c1ccc(-c2ccccc2)cc1'), min:(-99999, '')
[0.10481476783752441] Updated in round 25! max:(0.7837837837837838, 'c1ccc(-c2ccccc2)cc1'), min:(-99999, '')
[0.1273651123046875] Updated in round 26! max:(0.7837837837837838, 'c1ccc(-c2ccccc2)cc1'), min:(-99999, '')
[0.12828350067138672] Updated in round 27! max:(0.7837837837837838, 'c1ccc(-c2ccccc2)cc1'), min:(-99999, '')
[0.12919282913208008] Updated in round 28! max:(0.7837837837837838, 'c1ccc(-c2ccccc2)cc1'), min:(-99999, '')
[0.13007473945617676] Updated in round 29! max:(0.7837837837837838, 'c1ccc(-c2ccccc2)cc1'), min:(-99999, '')
[0.13095450401306152] Updated in round 30! max:(0.7837837837837838, 'c1ccc(-c2ccccc2)cc1'), min:(-99999, '')
[0.13185524940490723] Updated in round 31! max:(0.7837837837837838, 'c1ccc(-c2ccccc2)cc1'), min:(-99999, '')
[0.1327075958251953] Updated in round 32! max:(0.7837837837837838, 'c1ccc(-c2ccccc2)cc1'), min:(-99999, '')
[0.13355469703674316] Updated in round 33! max:(0.7837837837837838, 'c1ccc(-c2ccccc2)cc1'), min:(-99999, '')
[0.15441060066223145] Updated in round 34! max:(0.7837837837837838, 'c1ccc(-c2ccccc2)cc1'), min:(-99999, '')
[0.15534615516662598] Updated in round 35! max:(0.7837837837837838, 'c1ccc(-c2ccccc2)cc1'), min:(-99999, '')
[0.1562206745147705] Updated in round 36! max:(0.7837837837837838, 'c1ccc(-c2ccccc2)cc1'), min:(-99999, '')
[0.1571652889251709] Updated in round 37! max:(0.7837837837837838, 'c1ccc(-c2ccccc2)cc1'), min:(-99999, '')
[0.15802788734436035] Updated in round 38! max:(0.7837837837837838, 'c1ccc(-c2ccccc2)cc1'), min:(-99999, '')
[0.1589646339416504] Updated in round 39! max:(0.7837837837837838, 'c1ccc(-c2ccccc2)cc1'), min:(-99999, '')
[0.15977835655212402] Updated in round 40! max:(0.7837837837837838, 'c1ccc(-c2ccccc2)cc1'), min:(-99999, '')
[0.16060304641723633] Updated in round 41! max:(0.7837837837837838, 'c1ccc(-c2ccccc2)cc1'), min:(-99999, '')
[0.18316125869750977] Updated in round 42! max:(0.7837837837837838, 'c1ccc(-c2ccccc2)cc1'), min:(-99999, '')
[0.18404793739318848] Updated in round 43! max:(0.7837837837837838, 'c1ccc(-c2ccccc2)cc1'), min:(-99999, '')
[0.1849372386932373] Updated in round 44! max:(0.7837837837837838, 'c1ccc(-c2ccccc2)cc1'), min:(-99999, '')
[0.18577933311462402] Updated in round 45! max:(0.7837837837837838, 'c1ccc(-c2ccccc2)cc1'), min:(-99999, '')
[0.18659162521362305] Updated in round 46! max:(0.7837837837837838, 'c1ccc(-c2ccccc2)cc1'), min:(-99999, '')
[0.1874241828918457] Updated in round 47! max:(0.7837837837837838, 'c1ccc(-c2ccccc2)cc1'), min:(-99999, '')
[0.18825507164001465] Updated in round 48! max:(0.7837837837837838, 'c1ccc(-c2ccccc2)cc1'), min:(-99999, '')
[0.1890730857849121] Updated in round 49! max:(0.7837837837837838, 'c1ccc(-c2ccccc2)cc1'), min:(-99999, '')
[0.18985939025878906] Updated in round 50! max:(0.7837837837837838, 'c1ccc(-c2ccccc2)cc1'), min:(-99999, '')
[0.19069385528564453] Updated in round 51! max:(0.7837837837837838, 'c1ccc(-c2ccccc2)cc1'), min:(-99999, '')
[0.1915440559387207] Updated in round 52! max:(0.7837837837837838, 'c1ccc(-c2ccccc2)cc1'), min:(-99999, '')
[0.19239449501037598] Updated in round 53! max:(0.7837837837837838, 'c1ccc(-c2ccccc2)cc1'), min:(-99999, '')
[0.19324564933776855] Updated in round 54! max:(0.7837837837837838, 'c1ccc(-c2ccccc2)cc1'), min:(-99999, '')
[0.1940441131591797] Updated in round 55! max:(0.7837837837837838, 'c1ccc(-c2ccccc2)cc1'), min:(-99999, '')
[0.19486570358276367] Updated in round 56! max:(0.7837837837837838, 'c1ccc(-c2ccccc2)cc1'), min:(-99999, '')
[0.1956768035888672] Updated in round 57! max:(0.7837837837837838, 'c1ccc(-c2ccccc2)cc1'), min:(-99999, '')
[0.19646596908569336] Updated in round 58! max:(0.7837837837837838, 'c1ccc(-c2ccccc2)cc1'), min:(-99999, '')
[0.1973128318786621] Updated in round 59! max:(0.7837837837837838, 'c1ccc(-c2ccccc2)cc1'), min:(-99999, '')
[0.21753621101379395] Updated in round 60! max:(0.7837837837837838, 'c1ccc(-c2ccccc2)cc1'), min:(-99999, '')
[0.21840143203735352] Updated in round 61! max:(0.7837837837837838, 'c1ccc(-c2ccccc2)cc1'), min:(-99999, '')
[0.21927523612976074] Updated in round 62! max:(0.7837837837837838, 'c1ccc(-c2ccccc2)cc1'), min:(-99999, '')
[0.22011375427246094] Updated in round 63! max:(0.7837837837837838, 'c1ccc(-c2ccccc2)cc1'), min:(-99999, '')
[0.22088885307312012] Updated in round 64! max:(0.7837837837837838, 'c1ccc(-c2ccccc2)cc1'), min:(-99999, '')
[0.2217390537261963] Updated in round 65! max:(0.7837837837837838, 'c1ccc(-c2ccccc2)cc1'), min:(-99999, '')
[0.22260761260986328] Updated in round 66! max:(0.7837837837837838, 'c1ccc(-c2ccccc2)cc1'), min:(-99999, '')
[0.22339296340942383] Updated in round 67! max:(0.7837837837837838, 'c1ccc(-c2ccccc2)cc1'), min:(-99999, '')
[0.2431621551513672] Updated in round 68! max:(0.7837837837837838, 'c1ccc(-c2ccccc2)cc1'), min:(-99999, '')
[0.24405455589294434] Updated in round 69! max:(0.7837837837837838, 'c1ccc(-c2ccccc2)cc1'), min:(-99999, '')
[0.24493765830993652] Updated in round 70! max:(0.7837837837837838, 'c1ccc(-c2ccccc2)cc1'), min:(-99999, '')
[0.24581575393676758] Updated in round 71! max:(0.7837837837837838, 'c1ccc(-c2ccccc2)cc1'), min:(-99999, '')
[0.24657416343688965] Updated in round 72! max:(0.7837837837837838, 'c1ccc(-c2ccccc2)cc1'), min:(-99999, '')
[0.24739718437194824] Updated in round 73! max:(0.7837837837837838, 'c1ccc(-c2ccccc2)cc1'), min:(-99999, '')
[0.2481546401977539] Updated in round 74! max:(0.7837837837837838, 'c1ccc(-c2ccccc2)cc1'), min:(-99999, '')
[0.24895882606506348] Updated in round 75! max:(0.7837837837837838, 'c1ccc(-c2ccccc2)cc1'), min:(-99999, '')
[0.2679753303527832] Updated in round 76! max:(0.7837837837837838, 'c1ccc(-c2ccccc2)cc1'), min:(-99999, '')
[0.268876314163208] Updated in round 77! max:(0.7837837837837838, 'c1ccc(-c2ccccc2)cc1'), min:(-99999, '')
[0.26967835426330566] Updated in round 78! max:(0.7837837837837838, 'c1ccc(-c2ccccc2)cc1'), min:(-99999, '')
[0.2704124450683594] Updated in round 79! max:(0.7837837837837838, 'c1ccc(-c2ccccc2)cc1'), min:(-99999, '')
[0.2867734432220459] Updated in round 80! max:(0.7837837837837838, 'c1ccc(-c2ccccc2)cc1'), min:(-99999, '')
[0.2875247001647949] Updated in round 81! max:(0.7837837837837838, 'c1ccc(-c2ccccc2)cc1'), min:(-99999, '')
[0.28821516036987305] Updated in round 82! max:(0.7837837837837838, 'c1ccc(-c2ccccc2)cc1'), min:(-99999, '')
[0.2889118194580078] Updated in round 83! max:(0.7837837837837838, 'c1ccc(-c2ccccc2)cc1'), min:(-99999, '')
[0.3025553226470947] Updated in round 84! max:(0.7837837837837838, 'c1ccc(-c2ccccc2)cc1'), min:(-99999, '')
[0.303325891494751] Updated in round 85! max:(0.7837837837837838, 'c1ccc(-c2ccccc2)cc1'), min:(-99999, '')
[0.3040592670440674] Updated in round 86! max:(0.7837837837837838, 'c1ccc(-c2ccccc2)cc1'), min:(-99999, '')
[0.30481767654418945] Updated in round 87! max:(0.7837837837837838, 'c1ccc(-c2ccccc2)cc1'), min:(-99999, '')
[0.3184814453125] Updated in round 88! max:(0.7837837837837838, 'c1ccc(-c2ccccc2)cc1'), min:(-99999, '')
[0.31922292709350586] Updated in round 89! max:(0.7837837837837838, 'c1ccc(-c2ccccc2)cc1'), min:(-99999, '')
[0.3199746608734131] Updated in round 90! max:(0.7837837837837838, 'c1ccc(-c2ccccc2)cc1'), min:(-99999, '')
[0.32073426246643066] Updated in round 91! max:(0.7837837837837838, 'c1ccc(-c2ccccc2)cc1'), min:(-99999, '')
[0.33437681198120117] Updated in round 92! max:(0.7837837837837838, 'c1ccc(-c2ccccc2)cc1'), min:(-99999, '')
[0.3352365493774414] Updated in round 93! max:(0.7837837837837838, 'c1ccc(-c2ccccc2)cc1'), min:(-99999, '')
[0.33603572845458984] Updated in round 94! max:(0.7837837837837838, 'c1ccc(-c2ccccc2)cc1'), min:(-99999, '')
[0.3576328754425049] Updated in round 95! max:(0.7837837837837838, 'c1ccc(-c2ccccc2)cc1'), min:(-99999, '')
[0.35858774185180664] Updated in round 96! max:(0.7837837837837838, 'c1ccc(-c2ccccc2)cc1'), min:(-99999, '')
[0.3594534397125244] Updated in round 97! max:(0.7837837837837838, 'c1ccc(-c2ccccc2)cc1'), min:(-99999, '')
[0.36028242111206055] Updated in round 98! max:(0.7837837837837838, 'c1ccc(-c2ccccc2)cc1'), min:(-99999, '')
[0.36113810539245605] Updated in round 99! max:(0.7837837837837838, 'c1ccc(-c2ccccc2)cc1'), min:(-99999, '')
[0.36200380325317383] Updated in round 100! max:(0.7837837837837838, 'c1ccc(-c2ccccc2)cc1'), min:(-99999, '')
[0.36284899711608887] Updated in round 101! max:(0.7837837837837838, 'c1ccc(-c2ccccc2)cc1'), min:(0.0, 'C=C')
[0.36364006996154785] Updated in round 102! max:(0.7837837837837838, 'c1ccc(-c2ccccc2)cc1'), min:(0.15384615384615385, 'C#CC=Cc1cccc(C(=C)C=CC=C)c1')
[0.36453843116760254] Updated in round 103! max:(0.7837837837837838, 'c1ccc(-c2ccccc2)cc1'), min:(0.16, 'C=CC(=C)c1ccc2cc1-2')
[0.3880631923675537] Updated in round 104! max:(0.7837837837837838, 'c1ccc(-c2ccccc2)cc1'), min:(0.1694915254237288, 'C=CC=C(C=C)c1ccc(C=C)cc1')
[0.38906121253967285] Updated in round 105! max:(0.7837837837837838, 'c1ccc(-c2ccccc2)cc1'), min:(0.17777777777777778, 'C=Cc1cc2ccc1-2')
[0.3899242877960205] Updated in round 106! max:(0.7837837837837838, 'c1ccc(-c2ccccc2)cc1'), min:(0.18867924528301888, 'C#Cc1ccc(C(=C)C=C)cc1')
[0.39078283309936523] Updated in round 107! max:(0.7837837837837838, 'c1ccc(-c2ccccc2)cc1'), min:(0.20634920634920634, 'C=CC=CC=Cc1cccc(C2=CC#C2)c1')
[0.39179110527038574] Updated in round 108! max:(0.7837837837837838, 'c1ccc(-c2ccccc2)cc1'), min:(0.20967741935483872, 'C=CC=CC(=C)c1cccc(C2=CC#C2)c1')
[0.39266037940979004] Updated in round 109! max:(0.7837837837837838, 'c1ccc(-c2ccccc2)cc1'), min:(0.2222222222222222, 'c1cc2ccc1c1cc3c2cc13')
[0.39351511001586914] Updated in round 110! max:(0.7837837837837838, 'c1ccc(-c2ccccc2)cc1'), min:(0.22580645161290322, 'C=CC=CC(C=Cc1ccccc1)=CC=C')
[0.3943753242492676] Updated in round 111! max:(0.7837837837837838, 'c1ccc(-c2ccccc2)cc1'), min:(0.22950819672131148, 'C#CC=CC(=C)C=C(C=C)c1ccccc1')
[0.3954010009765625] Updated in round 112! max:(0.7837837837837838, 'c1ccc(-c2ccccc2)cc1'), min:(0.23214285714285715, 'C=CC(=C)c1cccc(C2=CC#C2)c1')
[0.4154202938079834] Updated in round 113! max:(0.7837837837837838, 'c1ccc(-c2ccccc2)cc1'), min:(0.24193548387096775, 'C=CC=Cc1cccc2c3ccc(cc3)c12')
[0.4164421558380127] Updated in round 114! max:(0.7837837837837838, 'c1ccc(-c2ccccc2)cc1'), min:(0.24528301886792453, 'c1cc2c3c(c1)c1cc-3cc2c1')
[0.4174351692199707] Updated in round 115! max:(0.7837837837837838, 'c1ccc(-c2ccccc2)cc1'), min:(0.25, 'C=CC=CC1=Cc2cccc1c2')
[0.41846466064453125] Updated in round 116! max:(0.7837837837837838, 'c1ccc(-c2ccccc2)cc1'), min:(0.25, 'C#CC(C=Cc1ccccc1)=CC=C')
[0.4195575714111328] Updated in round 117! max:(0.7837837837837838, 'c1ccc(-c2ccccc2)cc1'), min:(0.2545454545454545, 'C#CC(=C)C=C(C=C)c1ccccc1')
[0.420943021774292] Updated in round 118! max:(0.7837837837837838, 'c1ccc(-c2ccccc2)cc1'), min:(0.26229508196721313, 'C=CC=Cc1cc2ccc1-c1ccc-2cc1')
[0.43859195709228516] Updated in round 119! max:(0.7837837837837838, 'c1ccc(-c2ccccc2)cc1'), min:(0.26229508196721313, 'c1cc2cc(c1)c1c3c(c4ccc2cc4)c13')
[0.4396820068359375] Updated in round 120! max:(0.7837837837837838, 'c1ccc(-c2ccccc2)cc1'), min:(0.26666666666666666, 'C=CC(=C)c1cccc(-c2cc3cc-3c2)c1')
[0.44078707695007324] Updated in round 121! max:(0.7837837837837838, 'c1ccc(-c2ccccc2)cc1'), min:(0.26785714285714285, 'C=Cc1ccc(-c2cc3ccc2-3)cc1')
[0.4416544437408447] Updated in round 122! max:(0.7837837837837838, 'c1ccc(-c2ccccc2)cc1'), min:(0.2692307692307692, 'c1ccc2c(c1)c1cc3c2cc13')
[0.44274425506591797] Updated in round 123! max:(0.7837837837837838, 'c1ccc(-c2ccccc2)cc1'), min:(0.2711864406779661, 'C=CC(=CC(=C)c1ccccc1)C1=C2C=C21')
[0.44366884231567383] Updated in round 124! max:(0.7837837837837838, 'c1ccc(-c2ccccc2)cc1'), min:(0.27586206896551724, 'C=CC(=CC(=C)C1=CC1=C)c1ccccc1')
[0.46790170669555664] Updated in round 125! max:(0.7837837837837838, 'c1ccc(-c2ccccc2)cc1'), min:(0.2777777777777778, 'C=CC(=C)c1cccc(C2=CC=C2)c1')
[0.46886181831359863] Updated in round 126! max:(0.7837837837837838, 'c1ccc(-c2ccccc2)cc1'), min:(0.28, 'C=CC(=C)C=Cc1ccccc1')
[0.46996521949768066] Updated in round 127! max:(0.7837837837837838, 'c1ccc(-c2ccccc2)cc1'), min:(0.2833333333333333, 'C#CC#Cc1ccc2c(c1)-c1ccccc1-2')
[0.47137022018432617] Updated in round 128! max:(0.7837837837837838, 'c1ccc(-c2ccccc2)cc1'), min:(0.2833333333333333, 'C#CC=Cc1cc2cc(c1)-c1ccc-2cc1')
[0.4722926616668701] Updated in round 129! max:(0.7837837837837838, 'c1ccc(-c2ccccc2)cc1'), min:(0.2857142857142857, 'c1cc2c(-c3cc4ccc3cc4)c-2c1')
[0.4732229709625244] Updated in round 130! max:(0.7837837837837838, 'c1ccc(-c2ccccc2)cc1'), min:(0.288135593220339, 'C=CC(=C)c1cc2cc(c1)-c1ccc-2cc1')
[0.4941830635070801] Updated in round 131! max:(0.7837837837837838, 'c1ccc(-c2ccccc2)cc1'), min:(0.2909090909090909, 'C=Cc1ccc(-c2c3cccc2-3)cc1')
[0.4953324794769287] Updated in round 132! max:(0.7837837837837838, 'c1ccc(-c2ccccc2)cc1'), min:(0.29411764705882354, 'c1cc2c(-c3c4cccc3-4)c-2c1')
[0.49650144577026367] Updated in round 133! max:(0.7837837837837838, 'c1ccc(-c2ccccc2)cc1'), min:(0.296875, 'C1=C2C1=C2c1ccc2ccc3ccccc3c2c1')
[0.49799060821533203] Updated in round 134! max:(0.7837837837837838, 'c1ccc(-c2ccccc2)cc1'), min:(0.3050847457627119, 'C1=CC1=Cc1cc2cc(c1)-c1ccccc1-2')
[0.49979329109191895] Updated in round 135! max:(0.7837837837837838, 'c1ccc(-c2ccccc2)cc1'), min:(0.3050847457627119, 'C#CC=Cc1cccc(-c2cc3ccc2-3)c1')
[0.533780574798584] Updated in round 136! max:(0.7837837837837838, 'c1ccc(-c2ccccc2)cc1'), min:(0.3050847457627119, 'C1=CC(c2cc3cc(c2)-c2ccc-3cc2)=C1')
[0.5347731113433838] Updated in round 137! max:(0.7837837837837838, 'c1ccc(-c2ccccc2)cc1'), min:(0.3050847457627119, 'C=Cc1cccc(-c2cc3ccc2cc3)c1')
[0.5358202457427979] Updated in round 138! max:(0.7837837837837838, 'c1ccc(-c2ccccc2)cc1'), min:(0.3103448275862069, 'C=CC(=C)c1cccc(-c2cc3ccc2-3)c1')
[0.545015811920166] Updated in round 139! max:(0.7837837837837838, 'c1ccc(-c2ccccc2)cc1'), min:(0.3111111111111111, 'C#CC#Cc1ccccc1')
[0.5463597774505615] Updated in round 140! max:(0.7837837837837838, 'c1ccc(-c2ccccc2)cc1'), min:(0.3148148148148148, 'C=Cc1ccc2c(c1)-c1ccccc1-2')
[0.5724353790283203] Updated in round 141! max:(0.7837837837837838, 'c1ccc(-c2ccccc2)cc1'), min:(0.31746031746031744, 'C#CC=Cc1cccc2c1ccc1ccccc12')
[0.5746502876281738] Updated in round 142! max:(0.7837837837837838, 'c1ccc(-c2ccccc2)cc1'), min:(0.32, 'c1cc2cc(c1)-c1cc3c-2cc1-3')
[0.576547384262085] Updated in round 143! max:(0.7837837837837838, 'c1ccc(-c2ccccc2)cc1'), min:(0.3225806451612903, 'C=Cc1ccc(-c2cccc(C=C3C=C3)c2)cc1')
[0.5778610706329346] Updated in round 144! max:(0.7837837837837838, 'c1ccc(-c2ccccc2)cc1'), min:(0.3225806451612903, 'C=CC(=C)c1cccc2c1ccc1ccccc12')
[0.5794186592102051] Updated in round 145! max:(0.7837837837837838, 'c1ccc(-c2ccccc2)cc1'), min:(0.3275862068965517, 'C1=CC1=Cc1cccc(-c2c3cccc2-3)c1')
[0.6044514179229736] Updated in round 146! max:(0.7837837837837838, 'c1ccc(-c2ccccc2)cc1'), min:(0.3275862068965517, 'C#CC=Cc1ccc2c(c1)-c1cccc-2c1')
[0.605780839920044] Updated in round 147! max:(0.7837837837837838, 'c1ccc(-c2ccccc2)cc1'), min:(0.3333333333333333, 'c1ccc2c(c1)-c1cc3ccc1c-2c3')
[0.6074681282043457] Updated in round 148! max:(0.7837837837837838, 'c1ccc(-c2ccccc2)cc1'), min:(0.3333333333333333, 'C=CC(=C)c1ccc2c(c1)-c1cccc-2c1')
[0.6096200942993164] Updated in round 149! max:(0.7837837837837838, 'c1ccc(-c2ccccc2)cc1'), min:(0.3387096774193548, 'C#Cc1ccc(-c2cccc3ccccc23)cc1')
[0.6369330883026123] Updated in round 150! max:(0.7837837837837838, 'c1ccc(-c2ccccc2)cc1'), min:(0.33962264150943394, 'C#Cc1cccc(-c2cc3ccc2-3)c1')
[0.6383485794067383] Updated in round 151! max:(0.7837837837837838, 'c1ccc(-c2ccccc2)cc1'), min:(0.3442622950819672, 'C=CC1=C2C1=C2c1cc2cc(-c3ccccc3)c1-2')
[0.6404106616973877] Updated in round 152! max:(0.7837837837837838, 'c1ccc(-c2ccccc2)cc1'), min:(0.3442622950819672, 'C#Cc1cccc(-c2cccc(C#CC=C)c2)c1')
[0.6424291133880615] Updated in round 153! max:(0.7837837837837838, 'c1ccc(-c2ccccc2)cc1'), min:(0.3442622950819672, 'C#Cc1ccc(-c2cccc(C3=C4C=C43)c2)cc1')
[0.6667790412902832] Updated in round 154! max:(0.7837837837837838, 'c1ccc(-c2ccccc2)cc1'), min:(0.3469387755102041, 'c1cc2cc(c1)c1cccc2c1')
[0.6687545776367188] Updated in round 155! max:(0.7837837837837838, 'c1ccc(-c2ccccc2)cc1'), min:(0.3484848484848485, 'C=CC=Cc1cccc(-c2cccc3ccccc23)c1')
[0.6705057621002197] Updated in round 156! max:(0.7837837837837838, 'c1ccc(-c2ccccc2)cc1'), min:(0.3508771929824561, 'C1#CC1=Cc1cccc2c1-c1cccc-2c1')
[0.6725070476531982] Updated in round 157! max:(0.7837837837837838, 'c1ccc(-c2ccccc2)cc1'), min:(0.3508771929824561, 'C=CC=Cc1cc(-c2ccccc2)c2cc1-2')
[0.6975188255310059] Updated in round 158! max:(0.7837837837837838, 'c1ccc(-c2ccccc2)cc1'), min:(0.3508771929824561, 'C1#CC(c2cccc(-c3ccc4cc3-4)c2)=C1')
[0.6992142200469971] Updated in round 159! max:(0.7837837837837838, 'c1ccc(-c2ccccc2)cc1'), min:(0.3508771929824561, 'C1=C2C1=C2c1ccc2c(c1)-c1cccc-2c1')
[0.700852632522583] Updated in round 160! max:(0.7837837837837838, 'c1ccc(-c2ccccc2)cc1'), min:(0.35384615384615387, 'C#CC(=C)c1cccc(-c2cccc3ccccc23)c1')
[0.702420711517334] Updated in round 161! max:(0.7837837837837838, 'c1ccc(-c2ccccc2)cc1'), min:(0.35714285714285715, 'C=CC(=C)c1cc(-c2ccccc2)c2cc1-2')
[0.7040572166442871] Updated in round 162! max:(0.7837837837837838, 'c1ccc(-c2ccccc2)cc1'), min:(0.3584905660377358, 'c1ccc2c(c1)ccc1cc3cc-3c12')
[0.7329916954040527] Updated in round 163! max:(0.7837837837837838, 'c1ccc(-c2ccccc2)cc1'), min:(0.359375, 'C#Cc1cc(C2=C3C(C=C)=C32)cc(-c2ccccc2)c1')
[0.735264778137207] Updated in round 164! max:(0.7837837837837838, 'c1ccc(-c2ccccc2)cc1'), min:(0.36231884057971014, 'C#CC1=CC(c2cccc(-c3cccc4ccccc34)c2)=C1')
[0.7371573448181152] Updated in round 165! max:(0.7837837837837838, 'c1ccc(-c2ccccc2)cc1'), min:(0.36363636363636365, 'C1=C2C(=C1)c1cccc2c1')
[0.7387375831604004] Updated in round 166! max:(0.7837837837837838, 'c1ccc(-c2ccccc2)cc1'), min:(0.36538461538461536, 'C#Cc1cc2ccc1-c1cccc-2c1')
[0.7407002449035645] Updated in round 167! max:(0.7837837837837838, 'c1ccc(-c2ccccc2)cc1'), min:(0.36666666666666664, 'C#CC1=C(c2c3ccc(-c4ccccc4)c2-3)C1=C')
[0.759993314743042] Updated in round 168! max:(0.7837837837837838, 'c1ccc(-c2ccccc2)cc1'), min:(0.36666666666666664, 'C#Cc1ccccc1-c1cccc(C#CC=C)c1')
[0.762812614440918] Updated in round 169! max:(0.7837837837837838, 'c1ccc(-c2ccccc2)cc1'), min:(0.36666666666666664, 'C=Cc1cccc(-c2cccc(C3=C4C=C43)c2)c1')
[0.7814240455627441] Updated in round 170! max:(0.7837837837837838, 'c1ccc(-c2ccccc2)cc1'), min:(0.36923076923076925, 'C1#CC1=Cc1cc(-c2ccccc2)c2ccccc2c1')
[0.784005880355835] Updated in round 171! max:(0.7837837837837838, 'c1ccc(-c2ccccc2)cc1'), min:(0.3698630136986301, 'C#CC1=CC(c2ccc(-c3ccccc3)c(-c3ccccc3)c2)=C1')
[0.8080668449401855] Updated in round 172! max:(0.7837837837837838, 'c1ccc(-c2ccccc2)cc1'), min:(0.3728813559322034, 'C=CC(=C)c1cccc(-c2ccccc2C=C)c1')
[0.8302867412567139] Updated in round 173! max:(0.7837837837837838, 'c1ccc(-c2ccccc2)cc1'), min:(0.375, 'C#CC#Cc1cc2cc(-c3ccccc3)c1-2')
[0.8325774669647217] Updated in round 174! max:(0.7837837837837838, 'c1ccc(-c2ccccc2)cc1'), min:(0.375, 'C1#CC(c2cc(-c3ccccc3)c3cc2-3)=C1')
[0.8341677188873291] Updated in round 175! max:(0.7837837837837838, 'c1ccc(-c2ccccc2)cc1'), min:(0.375, 'C1=C2C1=C2c1cccc(-c2c3cccc2-3)c1')
[0.835289478302002] Updated in round 176! max:(0.7837837837837838, 'c1ccc(-c2ccccc2)cc1'), min:(0.38095238095238093, 'C#Cc1ccc(C2=CC(C=C)=C2)cc1-c1ccccc1')
[0.8363409042358398] Updated in round 177! max:(0.7837837837837838, 'c1ccc(-c2ccccc2)cc1'), min:(0.38095238095238093, 'C#CC1=C2C1=C2c1ccc(C#C)c(-c2ccccc2)c1')
[0.8593449592590332] Updated in round 178! max:(0.7837837837837838, 'c1ccc(-c2ccccc2)cc1'), min:(0.38095238095238093, 'C=CC1=C(c2cccc(-c3ccccc3C=C)c2)C1=C')
[0.8609447479248047] Updated in round 179! max:(0.7837837837837838, 'c1ccc(-c2ccccc2)cc1'), min:(0.38181818181818183, 'C#Cc1cccc(-c2cccc(C#C)c2)c1')
[0.862379789352417] Updated in round 180! max:(0.7837837837837838, 'c1ccc(-c2ccccc2)cc1'), min:(0.3829787234042553, 'C1=CC(C=Cc2ccccc2)=C1')
[0.8851964473724365] Updated in round 181! max:(0.7837837837837838, 'c1ccc(-c2ccccc2)cc1'), min:(0.38333333333333336, 'C#CC1=CC2=C1c1cc2cc(-c2ccccc2)c1')
[0.9130902290344238] Updated in round 182! max:(0.7837837837837838, 'c1ccc(-c2ccccc2)cc1'), min:(0.38333333333333336, 'C1=CC1=Cc1cc2ccc1c(-c1ccccc1)c2')
[0.9151012897491455] Updated in round 183! max:(0.7837837837837838, 'c1ccc(-c2ccccc2)cc1'), min:(0.38333333333333336, 'C=Cc1cccc(-c2ccc3ccccc3c2)c1')
[0.9174094200134277] Updated in round 184! max:(0.7837837837837838, 'c1ccc(-c2ccccc2)cc1'), min:(0.38461538461538464, 'C(=C1c2cccc(-c3ccccc3)c21)c1ccccc1')
[0.9217290878295898] Updated in round 185! max:(0.7837837837837838, 'c1ccc(-c2ccccc2)cc1'), min:(0.3888888888888889, 'C#CC1=CC(c2cccc(-c3ccccc3)c2-c2ccccc2)=C1')
[0.9487669467926025] Updated in round 186! max:(0.7837837837837838, 'c1ccc(-c2ccccc2)cc1'), min:(0.3888888888888889, 'C#CC1=C(c2cccc(-c3ccccc3)c2-c2ccccc2)C1=C')
[0.9519829750061035] Updated in round 187! max:(0.7837837837837838, 'c1ccc(-c2ccccc2)cc1'), min:(0.3898305084745763, 'C=C1C2=C3C2=C3c2cc1cc(-c1ccccc1)c2')
[0.9553704261779785] Updated in round 188! max:(0.7837837837837838, 'c1ccc(-c2ccccc2)cc1'), min:(0.3898305084745763, 'C#CC#Cc1cc(C#C)cc(-c2ccccc2)c1')
[0.9850869178771973] Updated in round 189! max:(0.7837837837837838, 'c1ccc(-c2ccccc2)cc1'), min:(0.3898305084745763, 'C#Cc1ccc(C=CC=C)cc1-c1ccccc1')
[0.9881281852722168] Updated in round 190! max:(0.7837837837837838, 'c1ccc(-c2ccccc2)cc1'), min:(0.3898305084745763, 'C#Cc1cc(C2=CC=C2)cc(-c2ccccc2)c1')
[1.0184733867645264] Updated in round 191! max:(0.7837837837837838, 'c1ccc(-c2ccccc2)cc1'), min:(0.390625, 'c1ccc(C2=C3C2=C3c2cccc3ccccc23)cc1')
[1.0220279693603516] Updated in round 192! max:(0.7837837837837838, 'c1ccc(-c2ccccc2)cc1'), min:(0.390625, 'C=Cc1ccc(-c2ccccc2-c2ccccc2)cc1')
[1.0570170879364014] Updated in round 193! max:(0.7837837837837838, 'c1ccc(-c2ccccc2)cc1'), min:(0.391304347826087, 'C1=C2C(=C1c1ccccc1)c1cc2ccc1-c1ccccc1')
[1.0875599384307861] Updated in round 194! max:(0.7837837837837838, 'c1ccc(-c2ccccc2)cc1'), min:(0.39215686274509803, 'C=Cc1cc2c(-c3ccccc3)cc1-2')
[1.090419054031372] Updated in round 195! max:(0.7837837837837838, 'c1ccc(-c2ccccc2)cc1'), min:(0.39285714285714285, 'C1=C2C(=C1c1ccccc1)c1cc3cc2c1-3')
[1.0923781394958496] Updated in round 196! max:(0.7837837837837838, 'c1ccc(-c2ccccc2)cc1'), min:(0.39655172413793105, 'C#Cc1ccc(C(=C)C=C)cc1-c1ccccc1')
[1.096200704574585] Updated in round 197! max:(0.7837837837837838, 'c1ccc(-c2ccccc2)cc1'), min:(0.3968253968253968, 'C=CC1=C(c2cc(-c3ccccc3)ccc2C=C)C=C1')
[1.0992727279663086] Updated in round 198! max:(0.7837837837837838, 'c1ccc(-c2ccccc2)cc1'), min:(0.3968253968253968, 'C=C1C=C1c1cc(-c2ccccc2)c2ccccc2c1')
[1.1262083053588867] Updated in round 199! max:(0.7837837837837838, 'c1ccc(-c2ccccc2)cc1'), min:(0.39705882352941174, 'C=CC#Cc1cccc(-c2ccccc2-c2ccccc2)c1')
[1.1291186809539795] Updated in round 200! max:(0.7837837837837838, 'c1ccc(-c2ccccc2)cc1'), min:(0.3972602739726027, 'C(#Cc1ccccc1)C=C1C=C1c1cccc(-c2ccccc2)c1')
[1.156111478805542] Updated in round 201! max:(0.7837837837837838, 'c1ccc(-c2ccccc2)cc1'), min:(0.4, 'C1=C(c2ccccc2)C=C1c1cc2cc-2c1')
[1.1877782344818115] Updated in round 202! max:(0.7837837837837838, 'c1ccc(-c2ccccc2)cc1'), min:(0.4, 'C=CC#Cc1c2ccc(-c3ccccc3)c1-2')
[1.192286729812622] Updated in round 203! max:(0.7837837837837838, 'c1ccc(-c2ccccc2)cc1'), min:(0.4, 'C1#CC(c2cc3cc(-c4ccccc4)c2-3)=C1')
[1.2193059921264648] Updated in round 204! max:(0.7837837837837838, 'c1ccc(-c2ccccc2)cc1'), min:(0.4027777777777778, 'C=CC1=CC=C1c1cccc(-c2cccc(-c3ccccc3)c2)c1')
[1.249821662902832] Updated in round 205! max:(0.7837837837837838, 'c1ccc(-c2ccccc2)cc1'), min:(0.4027777777777778, 'C=C1C(=Cc2ccccc2)C=C1c1cccc(-c2ccccc2)c1')
[1.2823936939239502] Updated in round 206! max:(0.7837837837837838, 'c1ccc(-c2ccccc2)cc1'), min:(0.4027777777777778, 'C=CC=C1C(c2ccccc2)=C1c1cccc(-c2ccccc2)c1')
[1.3147211074829102] Updated in round 207! max:(0.7837837837837838, 'c1ccc(-c2ccccc2)cc1'), min:(0.4027777777777778, 'C#CC1=CC(c2cccc(-c3ccccc3)c2)=C1c1ccccc1')
[1.3447318077087402] Updated in round 208! max:(0.7837837837837838, 'c1ccc(-c2ccccc2)cc1'), min:(0.40298507462686567, 'C=C1C=C1c1ccc(-c2ccccc2)c(-c2ccccc2)c1')
[1.3502638339996338] Updated in round 209! max:(0.7837837837837838, 'c1ccc(-c2ccccc2)cc1'), min:(0.4032258064516129, 'C#Cc1c(C2=C3C=C2C3=C)cccc1-c1ccccc1')
[1.3838768005371094] Updated in round 210! max:(0.7837837837837838, 'c1ccc(-c2ccccc2)cc1'), min:(0.4032258064516129, 'C#CC1=CC(c2cc(-c3ccccc3)ccc2C=C)=C1')
[1.4129996299743652] Updated in round 211! max:(0.7837837837837838, 'c1ccc(-c2ccccc2)cc1'), min:(0.4032258064516129, 'C#CC1=C(c2cc(-c3ccccc3)ccc2C#C)C1=C')
[1.4478950500488281] Updated in round 212! max:(0.7837837837837838, 'c1ccc(-c2ccccc2)cc1'), min:(0.40476190476190477, 'C1=CC1=Cc1ccccc1')
[1.4812066555023193] Updated in round 213! max:(0.7837837837837838, 'c1ccc(-c2ccccc2)cc1'), min:(0.4067796610169492, 'C=CC1=CC2=C1c1cccc(c1)-c1ccccc12')
[1.4837651252746582] Updated in round 214! max:(0.7837837837837838, 'c1ccc(-c2ccccc2)cc1'), min:(0.4067796610169492, 'C=CC1=C2C=C1c1ccccc1-c1cccc2c1')
[1.5181806087493896] Updated in round 215! max:(0.7837837837837838, 'c1ccc(-c2ccccc2)cc1'), min:(0.4067796610169492, 'C=C1C=C2C=C2c2ccc1c(-c1ccccc1)c2')
[1.5214481353759766] Updated in round 216! max:(0.7837837837837838, 'c1ccc(-c2ccccc2)cc1'), min:(0.4067796610169492, 'C#Cc1ccccc1C1=C2C(=C1)c1cccc2c1')
[1.553380012512207] Updated in round 217! max:(0.7837837837837838, 'c1ccc(-c2ccccc2)cc1'), min:(0.4067796610169492, 'C#CC1=CC2=C1c1ccccc1-c1cccc2c1')
[1.5601112842559814] Updated in round 218! max:(0.7837837837837838, 'c1ccc(-c2ccccc2)cc1'), min:(0.4067796610169492, 'C=Cc1ccc(-c2ccccc2)c2ccccc12')
[1.5937082767486572] Updated in round 219! max:(0.7837837837837838, 'c1ccc(-c2ccccc2)cc1'), min:(0.4074074074074074, 'C=Cc1cc(-c2ccccc2)cc2c1C2=C')
[1.6280150413513184] Updated in round 220! max:(0.7837837837837838, 'c1ccc(-c2ccccc2)cc1'), min:(0.40816326530612246, 'C=CC(=C)C1=CC(c2ccccc2)=C1')
[1.630753993988037] Updated in round 221! max:(0.7837837837837838, 'c1ccc(-c2ccccc2)cc1'), min:(0.4084507042253521, 'C=C(C1=CC(c2cccc(-c3ccccc3)c2)=C1)c1ccccc1')
[1.6509478092193604] Updated in round 222! max:(0.7837837837837838, 'c1ccc(-c2ccccc2)cc1'), min:(0.4084507042253521, 'C#CC1=C(c2cccc(-c3cccc(-c4ccccc4)c3)c2)C1=C')
[1.669236660003662] Updated in round 223! max:(0.7837837837837838, 'c1ccc(-c2ccccc2)cc1'), min:(0.4117647058823529, 'C1=Cc2c1cc1c(-c3ccccc3)c2-1')
[1.7116875648498535] Updated in round 224! max:(0.7837837837837838, 'c1ccc(-c2ccccc2)cc1'), min:(0.4117647058823529, 'c1ccc(-c2cc3cc4c2c-4c3)cc1')
[1.7364983558654785] Updated in round 225! max:(0.7837837837837838, 'c1ccc(-c2ccccc2)cc1'), min:(0.4126984126984127, 'C=C1c2ccc(-c3ccc(-c4ccccc4)cc3)cc21')
[1.7622807025909424] Updated in round 226! max:(0.7837837837837838, 'c1ccc(-c2ccccc2)cc1'), min:(0.4126984126984127, 'C1=CC(c2cc(-c3ccccc3)cc3ccccc23)=C1')
[1.787815809249878] Updated in round 227! max:(0.7837837837837838, 'c1ccc(-c2ccccc2)cc1'), min:(0.41379310344827586, 'C=C1C(=C)C2=C1c1cccc(c1)-c1ccccc12')
[1.7892987728118896] Updated in round 228! max:(0.7837837837837838, 'c1ccc(-c2ccccc2)cc1'), min:(0.41379310344827586, 'C=C1C2=CC(=C2)c2ccc1c(-c1ccccc1)c2')
[1.790769100189209] Updated in round 229! max:(0.7837837837837838, 'c1ccc(-c2ccccc2)cc1'), min:(0.41379310344827586, 'C#Cc1ccc(C2=CC=C2)cc1-c1ccccc1')
[1.8157267570495605] Updated in round 230! max:(0.7837837837837838, 'c1ccc(-c2ccccc2)cc1'), min:(0.417910447761194, 'C1#CC1=Cc1cccc(-c2ccccc2)c1-c1ccccc1')
[1.8195593357086182] Updated in round 231! max:(0.7837837837837838, 'c1ccc(-c2ccccc2)cc1'), min:(0.417910447761194, 'C=CC=C(c1ccccc1)c1cccc(-c2ccccc2)c1')
[1.8453559875488281] Updated in round 232! max:(0.7837837837837838, 'c1ccc(-c2ccccc2)cc1'), min:(0.417910447761194, 'C1#CC(c2cc(-c3ccccc3)ccc2-c2ccccc2)=C1')
[1.8469557762145996] Updated in round 233! max:(0.8181818181818182, 'c1cccc2ccc-2cc1'), min:(0.417910447761194, 'C1=C2C1=C2c1cc(-c2ccccc2)ccc1-c1ccccc1')
[1.8572111129760742] Updated in round 234! max:(0.8181818181818182, 'c1cccc2ccc-2cc1'), min:(0.41818181818181815, 'c1ccc(-c2c3c4c5ccc(c-3c5)c24)cc1')
[1.8585515022277832] Updated in round 235! max:(0.8181818181818182, 'c1cccc2ccc-2cc1'), min:(0.41818181818181815, 'C1#Cc2ccc(cc2-c2ccccc2)C=C1')
[1.8600115776062012] Updated in round 236! max:(0.8181818181818182, 'c1cccc2ccc-2cc1'), min:(0.41935483870967744, 'C=CC(=C)c1cc(-c2ccccc2)cc2ccccc12')
[1.8613183498382568] Updated in round 237! max:(0.8181818181818182, 'c1cccc2ccc-2cc1'), min:(0.42, 'C#Cc1cc2cc-2c1-c1ccccc1')
[1.8629298210144043] Updated in round 238! max:(0.8181818181818182, 'c1cccc2ccc-2cc1'), min:(0.4222222222222222, 'C=C1C2=CC1=C2c1ccccc1')
[1.8887183666229248] Updated in round 239! max:(0.8181818181818182, 'c1cccc2ccc-2cc1'), min:(0.4225352112676056, 'C=C1C2=C1C(c1cccc(-c3ccc(-c4ccccc4)cc3)c1)=C2')
[1.8901951313018799] Updated in round 240! max:(0.8181818181818182, 'c1cccc2ccc-2cc1'), min:(0.4225352112676056, 'C=CC=C1C=C1c1cccc(-c2ccc(-c3ccccc3)cc2)c1')
[1.891298532485962] Updated in round 241! max:(0.8181818181818182, 'c1cccc2ccc-2cc1'), min:(0.423728813559322, 'C1=C2C=C3C1=C2c1ccc(-c2ccccc2)cc13')
[1.8937923908233643] Updated in round 242! max:(0.8181818181818182, 'c1cccc2ccc-2cc1'), min:(0.423728813559322, 'C1=C2c3cc4ccc(-c5ccccc5)cc4c1c32')
[1.9198548793792725] Updated in round 243! max:(0.8181818181818182, 'c1cccc2ccc-2cc1'), min:(0.423728813559322, 'c1c2c(c3cccc(-c4ccccc4)c3c#1)=CC=2')
[1.9450938701629639] Updated in round 244! max:(0.8181818181818182, 'c1cccc2ccc-2cc1'), min:(0.423728813559322, 'c1ccc(-c2cc3ccc2-c2ccc-3cc2)cc1')
[1.9464054107666016] Updated in round 245! max:(0.8181818181818182, 'c1cccc2ccc-2cc1'), min:(0.423728813559322, 'C1=Cc2c1ccc1ccc(-c3ccccc3)cc21')
[1.9477434158325195] Updated in round 246! max:(0.8181818181818182, 'c1cccc2ccc-2cc1'), min:(0.42424242424242425, 'C=CC(=C)c1cc(-c2ccccc2)ccc1-c1ccccc1')
[1.947859764099121] Reproduced in round 247!!
