[7.319450378417969e-05]Start running EvoMol from [H][H]...
[0.0003108978271484375] Updated in round 1! max:(0.0, '[H][H]'), min:(-99999, '')
[0.0007390975952148438] Updated in round 2! max:(0.0, '[H][H]'), min:(-99999, '')
[0.001951456069946289] Updated in round 3! max:(0.11428571428571428, 'C1=CC=C1'), min:(-99999, '')
[0.003917217254638672] Updated in round 4! max:(0.11428571428571428, 'C1=CC=C1'), min:(-99999, '')
[0.006267070770263672] Updated in round 5! max:(0.38235294117647056, 'c1cc2ccc1-2'), min:(-99999, '')
[0.008922815322875977] Updated in round 6! max:(0.38235294117647056, 'c1cc2ccc1-2'), min:(-99999, '')
[0.014635801315307617] Updated in round 7! max:(0.4117647058823529, 'c1cc2cc-2c1'), min:(-99999, '')
[0.02046513557434082] Updated in round 8! max:(0.4117647058823529, 'c1cc2cc-2c1'), min:(-99999, '')
[0.021043062210083008] Updated in round 9! max:(0.4117647058823529, 'c1cc2cc-2c1'), min:(-99999, '')
[0.024162769317626953] Updated in round 10! max:(0.4117647058823529, 'c1cc2cc-2c1'), min:(-99999, '')
[0.027963638305664062] Updated in round 11! max:(0.4117647058823529, 'c1cc2cc-2c1'), min:(-99999, '')
[0.028573036193847656] Updated in round 12! max:(0.4117647058823529, 'c1cc2cc-2c1'), min:(-99999, '')
[0.03345775604248047] Updated in round 13! max:(0.4117647058823529, 'c1cc2cc-2c1'), min:(-99999, '')
[0.0339968204498291] Updated in round 14! max:(0.5526315789473685, 'C1=CC(c2ccccc2)=C1'), min:(-99999, '')
[0.03944730758666992] Updated in round 15! max:(0.5526315789473685, 'C1=CC(c2ccccc2)=C1'), min:(-99999, '')
[0.04006671905517578] Updated in round 16! max:(0.5526315789473685, 'C1=CC(c2ccccc2)=C1'), min:(-99999, '')
[0.04508018493652344] Updated in round 17! max:(0.5526315789473685, 'C1=CC(c2ccccc2)=C1'), min:(-99999, '')
[0.045777320861816406] Updated in round 18! max:(0.5526315789473685, 'C1=CC(c2ccccc2)=C1'), min:(-99999, '')
[0.05336332321166992] Updated in round 19! max:(0.5526315789473685, 'C1=CC(c2ccccc2)=C1'), min:(-99999, '')
[0.05861926078796387] Updated in round 20! max:(0.5526315789473685, 'C1=CC(c2ccccc2)=C1'), min:(-99999, '')
[0.05925273895263672] Updated in round 21! max:(0.5526315789473685, 'C1=CC(c2ccccc2)=C1'), min:(-99999, '')
[0.05992698669433594] Updated in round 22! max:(0.5526315789473685, 'C1=CC(c2ccccc2)=C1'), min:(-99999, '')
[0.06064605712890625] Updated in round 23! max:(0.5526315789473685, 'C1=CC(c2ccccc2)=C1'), min:(-99999, '')
[0.06140422821044922] Updated in round 24! max:(0.5714285714285714, 'c1ccc(-c2cc3ccc2-3)cc1'), min:(-99999, '')
[0.07015752792358398] Updated in round 25! max:(0.5714285714285714, 'c1ccc(-c2cc3ccc2-3)cc1'), min:(-99999, '')
[0.07085847854614258] Updated in round 26! max:(0.5714285714285714, 'c1ccc(-c2cc3ccc2-3)cc1'), min:(-99999, '')
[0.07159090042114258] Updated in round 27! max:(0.7837837837837838, 'c1ccc(-c2ccccc2)cc1'), min:(-99999, '')
[0.08086943626403809] Updated in round 28! max:(0.7837837837837838, 'c1ccc(-c2ccccc2)cc1'), min:(-99999, '')
[0.09269118309020996] Updated in round 29! max:(0.7837837837837838, 'c1ccc(-c2ccccc2)cc1'), min:(-99999, '')
[0.09346604347229004] Updated in round 30! max:(0.7837837837837838, 'c1ccc(-c2ccccc2)cc1'), min:(-99999, '')
[0.0942683219909668] Updated in round 31! max:(0.7837837837837838, 'c1ccc(-c2ccccc2)cc1'), min:(-99999, '')
[0.0950479507446289] Updated in round 32! max:(0.7837837837837838, 'c1ccc(-c2ccccc2)cc1'), min:(-99999, '')
[0.09578156471252441] Updated in round 33! max:(0.7837837837837838, 'c1ccc(-c2ccccc2)cc1'), min:(-99999, '')
[0.09652352333068848] Updated in round 34! max:(0.7837837837837838, 'c1ccc(-c2ccccc2)cc1'), min:(-99999, '')
[0.10676002502441406] Updated in round 35! max:(0.7837837837837838, 'c1ccc(-c2ccccc2)cc1'), min:(-99999, '')
[0.10750699043273926] Updated in round 36! max:(0.7837837837837838, 'c1ccc(-c2ccccc2)cc1'), min:(-99999, '')
[0.10825443267822266] Updated in round 37! max:(0.7837837837837838, 'c1ccc(-c2ccccc2)cc1'), min:(-99999, '')
[0.10896897315979004] Updated in round 38! max:(0.7837837837837838, 'c1ccc(-c2ccccc2)cc1'), min:(-99999, '')
[0.10965847969055176] Updated in round 39! max:(0.7837837837837838, 'c1ccc(-c2ccccc2)cc1'), min:(-99999, '')
[0.11840558052062988] Updated in round 40! max:(0.7837837837837838, 'c1ccc(-c2ccccc2)cc1'), min:(-99999, '')
[0.11919736862182617] Updated in round 41! max:(0.7837837837837838, 'c1ccc(-c2ccccc2)cc1'), min:(-99999, '')
[0.13354802131652832] Updated in round 42! max:(0.7837837837837838, 'c1ccc(-c2ccccc2)cc1'), min:(-99999, '')
[0.134446382522583] Updated in round 43! max:(0.7837837837837838, 'c1ccc(-c2ccccc2)cc1'), min:(-99999, '')
[0.1352989673614502] Updated in round 44! max:(0.7837837837837838, 'c1ccc(-c2ccccc2)cc1'), min:(-99999, '')
[0.1360921859741211] Updated in round 45! max:(0.7837837837837838, 'c1ccc(-c2ccccc2)cc1'), min:(-99999, '')
[0.13688421249389648] Updated in round 46! max:(0.7837837837837838, 'c1ccc(-c2ccccc2)cc1'), min:(-99999, '')
[0.1515049934387207] Updated in round 47! max:(0.7837837837837838, 'c1ccc(-c2ccccc2)cc1'), min:(-99999, '')
[0.15240859985351562] Updated in round 48! max:(0.7837837837837838, 'c1ccc(-c2ccccc2)cc1'), min:(-99999, '')
[0.15333867073059082] Updated in round 49! max:(0.7837837837837838, 'c1ccc(-c2ccccc2)cc1'), min:(-99999, '')
[0.1542360782623291] Updated in round 50! max:(0.7837837837837838, 'c1ccc(-c2ccccc2)cc1'), min:(-99999, '')
[0.1550889015197754] Updated in round 51! max:(0.7837837837837838, 'c1ccc(-c2ccccc2)cc1'), min:(-99999, '')
[0.15593552589416504] Updated in round 52! max:(0.7837837837837838, 'c1ccc(-c2ccccc2)cc1'), min:(-99999, '')
[0.16973638534545898] Updated in round 53! max:(0.7837837837837838, 'c1ccc(-c2ccccc2)cc1'), min:(-99999, '')
[0.1706528663635254] Updated in round 54! max:(0.7837837837837838, 'c1ccc(-c2ccccc2)cc1'), min:(-99999, '')
[0.17161965370178223] Updated in round 55! max:(0.7837837837837838, 'c1ccc(-c2ccccc2)cc1'), min:(-99999, '')
[0.1725010871887207] Updated in round 56! max:(0.7837837837837838, 'c1ccc(-c2ccccc2)cc1'), min:(-99999, '')
[0.17336535453796387] Updated in round 57! max:(0.7837837837837838, 'c1ccc(-c2ccccc2)cc1'), min:(-99999, '')
[0.1883983612060547] Updated in round 58! max:(0.7837837837837838, 'c1ccc(-c2ccccc2)cc1'), min:(-99999, '')
[0.18931007385253906] Updated in round 59! max:(0.7837837837837838, 'c1ccc(-c2ccccc2)cc1'), min:(-99999, '')
[0.19022774696350098] Updated in round 60! max:(0.7837837837837838, 'c1ccc(-c2ccccc2)cc1'), min:(-99999, '')
[0.19104719161987305] Updated in round 61! max:(0.7837837837837838, 'c1ccc(-c2ccccc2)cc1'), min:(-99999, '')
[0.19188547134399414] Updated in round 62! max:(0.7837837837837838, 'c1ccc(-c2ccccc2)cc1'), min:(-99999, '')
[0.192702054977417] Updated in round 63! max:(0.7837837837837838, 'c1ccc(-c2ccccc2)cc1'), min:(-99999, '')
[0.19353842735290527] Updated in round 64! max:(0.7837837837837838, 'c1ccc(-c2ccccc2)cc1'), min:(-99999, '')
[0.19439291954040527] Updated in round 65! max:(0.7837837837837838, 'c1ccc(-c2ccccc2)cc1'), min:(-99999, '')
[0.19522809982299805] Updated in round 66! max:(0.7837837837837838, 'c1ccc(-c2ccccc2)cc1'), min:(-99999, '')
[0.19606232643127441] Updated in round 67! max:(0.7837837837837838, 'c1ccc(-c2ccccc2)cc1'), min:(-99999, '')
[0.2092275619506836] Updated in round 68! max:(0.7837837837837838, 'c1ccc(-c2ccccc2)cc1'), min:(-99999, '')
[0.21003246307373047] Updated in round 69! max:(0.7837837837837838, 'c1ccc(-c2ccccc2)cc1'), min:(-99999, '')
[0.21089482307434082] Updated in round 70! max:(0.7837837837837838, 'c1ccc(-c2ccccc2)cc1'), min:(-99999, '')
[0.21171045303344727] Updated in round 71! max:(0.7837837837837838, 'c1ccc(-c2ccccc2)cc1'), min:(-99999, '')
[0.21251368522644043] Updated in round 72! max:(0.7837837837837838, 'c1ccc(-c2ccccc2)cc1'), min:(-99999, '')
[0.2252647876739502] Updated in round 73! max:(0.7837837837837838, 'c1ccc(-c2ccccc2)cc1'), min:(-99999, '')
[0.2261190414428711] Updated in round 74! max:(0.7837837837837838, 'c1ccc(-c2ccccc2)cc1'), min:(-99999, '')
[0.22693109512329102] Updated in round 75! max:(0.7837837837837838, 'c1ccc(-c2ccccc2)cc1'), min:(-99999, '')
[0.22778606414794922] Updated in round 76! max:(0.7837837837837838, 'c1ccc(-c2ccccc2)cc1'), min:(-99999, '')
[0.2286052703857422] Updated in round 77! max:(0.7837837837837838, 'c1ccc(-c2ccccc2)cc1'), min:(-99999, '')
[0.22940421104431152] Updated in round 78! max:(0.7837837837837838, 'c1ccc(-c2ccccc2)cc1'), min:(-99999, '')
[0.2414705753326416] Updated in round 79! max:(0.7837837837837838, 'c1ccc(-c2ccccc2)cc1'), min:(-99999, '')
[0.24231886863708496] Updated in round 80! max:(0.7837837837837838, 'c1ccc(-c2ccccc2)cc1'), min:(-99999, '')
[0.2431027889251709] Updated in round 81! max:(0.7837837837837838, 'c1ccc(-c2ccccc2)cc1'), min:(-99999, '')
[0.25344300270080566] Updated in round 82! max:(0.7837837837837838, 'c1ccc(-c2ccccc2)cc1'), min:(-99999, '')
[0.25420212745666504] Updated in round 83! max:(0.7837837837837838, 'c1ccc(-c2ccccc2)cc1'), min:(-99999, '')
[0.26277637481689453] Updated in round 84! max:(0.7837837837837838, 'c1ccc(-c2ccccc2)cc1'), min:(-99999, '')
[0.26354169845581055] Updated in round 85! max:(0.7837837837837838, 'c1ccc(-c2ccccc2)cc1'), min:(-99999, '')
[0.2642810344696045] Updated in round 86! max:(0.7837837837837838, 'c1ccc(-c2ccccc2)cc1'), min:(-99999, '')
[0.27335572242736816] Updated in round 87! max:(0.7837837837837838, 'c1ccc(-c2ccccc2)cc1'), min:(-99999, '')
[0.2875185012817383] Updated in round 88! max:(0.7837837837837838, 'c1ccc(-c2ccccc2)cc1'), min:(-99999, '')
[0.28841376304626465] Updated in round 89! max:(0.7837837837837838, 'c1ccc(-c2ccccc2)cc1'), min:(-99999, '')
[0.2893064022064209] Updated in round 90! max:(0.7837837837837838, 'c1ccc(-c2ccccc2)cc1'), min:(-99999, '')
[0.290132999420166] Updated in round 91! max:(0.7837837837837838, 'c1ccc(-c2ccccc2)cc1'), min:(-99999, '')
[0.29092955589294434] Updated in round 92! max:(0.7837837837837838, 'c1ccc(-c2ccccc2)cc1'), min:(-99999, '')
[0.29178524017333984] Updated in round 93! max:(0.7837837837837838, 'c1ccc(-c2ccccc2)cc1'), min:(-99999, '')
[0.29263806343078613] Updated in round 94! max:(0.7837837837837838, 'c1ccc(-c2ccccc2)cc1'), min:(-99999, '')
[0.30823588371276855] Updated in round 95! max:(0.7837837837837838, 'c1ccc(-c2ccccc2)cc1'), min:(-99999, '')
[0.3091444969177246] Updated in round 96! max:(0.7837837837837838, 'c1ccc(-c2ccccc2)cc1'), min:(-99999, '')
[0.31005072593688965] Updated in round 97! max:(0.7837837837837838, 'c1ccc(-c2ccccc2)cc1'), min:(-99999, '')
[0.310868501663208] Updated in round 98! max:(0.7837837837837838, 'c1ccc(-c2ccccc2)cc1'), min:(-99999, '')
[0.31168055534362793] Updated in round 99! max:(0.7837837837837838, 'c1ccc(-c2ccccc2)cc1'), min:(-99999, '')
[0.3125288486480713] Updated in round 100! max:(0.7837837837837838, 'c1ccc(-c2ccccc2)cc1'), min:(-99999, '')
[0.3133518695831299] Updated in round 101! max:(0.7837837837837838, 'c1ccc(-c2ccccc2)cc1'), min:(-99999, '')
[0.32471275329589844] Updated in round 102! max:(0.7837837837837838, 'c1ccc(-c2ccccc2)cc1'), min:(0.0, 'C=CC=CC=CC=C')
[0.3255796432495117] Updated in round 103! max:(0.7837837837837838, 'c1ccc(-c2ccccc2)cc1'), min:(0.0, 'C#CC#C')
[0.32639145851135254] Updated in round 104! max:(0.7837837837837838, 'c1ccc(-c2ccccc2)cc1'), min:(0.05405405405405406, 'C1#CC=C1')
[0.3271760940551758] Updated in round 105! max:(0.7837837837837838, 'c1ccc(-c2ccccc2)cc1'), min:(0.06896551724137931, 'C=CC=CC(=C)C1=CC(C=C)=C1')
[0.32796502113342285] Updated in round 106! max:(0.7837837837837838, 'c1ccc(-c2ccccc2)cc1'), min:(0.08163265306122448, 'C=c1c2cc3cc1c32')
[0.3408229351043701] Updated in round 107! max:(0.7837837837837838, 'c1ccc(-c2ccccc2)cc1'), min:(0.0851063829787234, 'C=CC1=CC(C=C)=C1')
[0.34177613258361816] Updated in round 108! max:(0.7837837837837838, 'c1ccc(-c2ccccc2)cc1'), min:(0.11627906976744186, 'c1c2cc3c-2c1-3')
[0.34264183044433594] Updated in round 109! max:(0.7837837837837838, 'c1ccc(-c2ccccc2)cc1'), min:(0.14634146341463414, 'c1cc2c3c1c23')
[0.3434786796569824] Updated in round 110! max:(0.7837837837837838, 'c1ccc(-c2ccccc2)cc1'), min:(0.15384615384615385, 'C=CC#Cc1cccc(C(=C)C=CC=C)c1')
[0.34430980682373047] Updated in round 111! max:(0.7837837837837838, 'c1ccc(-c2ccccc2)cc1'), min:(0.15625, 'C#CC(=C)c1cccc(C(C=C)=CC=C)c1')
[0.34514760971069336] Updated in round 112! max:(0.7837837837837838, 'c1ccc(-c2ccccc2)cc1'), min:(0.16363636363636364, 'C=CC=CC(=C)c1c2cccc1-2')
[0.36122608184814453] Updated in round 113! max:(0.7837837837837838, 'c1ccc(-c2ccccc2)cc1'), min:(0.1694915254237288, 'C#Cc1cccc(C(=C)C=CC=C)c1')
[0.3622140884399414] Updated in round 114! max:(0.7837837837837838, 'c1ccc(-c2ccccc2)cc1'), min:(0.17857142857142858, 'c1cc2c3cc4cc(c3)c2cc14')
[0.36318087577819824] Updated in round 115! max:(0.7837837837837838, 'c1ccc(-c2ccccc2)cc1'), min:(0.18867924528301888, 'C=CC(=C)c1cccc(C=C)c1')
[0.3641970157623291] Updated in round 116! max:(0.7837837837837838, 'c1ccc(-c2ccccc2)cc1'), min:(0.203125, 'C#CC=Cc1ccc2c3ccc(cc3)c2c1')
[0.3651447296142578] Updated in round 117! max:(0.7837837837837838, 'c1ccc(-c2ccccc2)cc1'), min:(0.20634920634920634, 'C#CC(=C)c1ccc2c3ccc(cc3)c2c1')
[0.3660874366760254] Updated in round 118! max:(0.7837837837837838, 'c1ccc(-c2ccccc2)cc1'), min:(0.20833333333333334, 'C#Cc1cccc(C=C)c1')
[0.3798081874847412] Updated in round 119! max:(0.7837837837837838, 'c1ccc(-c2ccccc2)cc1'), min:(0.2222222222222222, 'C1=CC1=Cc1ccc2c3ccc(cc3)c2c1')
[0.38087034225463867] Updated in round 120! max:(0.7837837837837838, 'c1ccc(-c2ccccc2)cc1'), min:(0.22413793103448276, 'C#Cc1cc2cc(c1)c1cccc2c1')
[0.3818318843841553] Updated in round 121! max:(0.7837837837837838, 'c1ccc(-c2ccccc2)cc1'), min:(0.22580645161290322, 'C#CC#CC(=C)C=CC=Cc1ccccc1')
[0.3828871250152588] Updated in round 122! max:(0.7837837837837838, 'c1ccc(-c2ccccc2)cc1'), min:(0.22727272727272727, 'C1=C2c3cccc1c32')
[0.39907169342041016] Updated in round 123! max:(0.7837837837837838, 'c1ccc(-c2ccccc2)cc1'), min:(0.22950819672131148, 'C#CC#CC(=C)C=C(C=C)c1ccccc1')
[0.40035343170166016] Updated in round 124! max:(0.7837837837837838, 'c1ccc(-c2ccccc2)cc1'), min:(0.22950819672131148, 'C=CC(=C)C=CC=CC(=C)c1ccccc1')
[0.40137720108032227] Updated in round 125! max:(0.7837837837837838, 'c1ccc(-c2ccccc2)cc1'), min:(0.23255813953488372, 'C=c1c2cccc1c2')
[0.40276026725769043] Updated in round 126! max:(0.7837837837837838, 'c1ccc(-c2ccccc2)cc1'), min:(0.2413793103448276, 'c1cc2ccc(cc2)c2ccc1cc2')
[0.4039633274078369] Updated in round 127! max:(0.7837837837837838, 'c1ccc(-c2ccccc2)cc1'), min:(0.24193548387096775, 'C1=C2C1=C2c1cc2cc(c1)c1cccc2c1')
[0.4050326347351074] Updated in round 128! max:(0.7837837837837838, 'c1ccc(-c2ccccc2)cc1'), min:(0.2459016393442623, 'C#CC(=C)c1cccc2c3ccc(cc3)c12')
[0.42310214042663574] Updated in round 129! max:(0.7837837837837838, 'c1ccc(-c2ccccc2)cc1'), min:(0.25, 'C=CC(C=C)=CC=Cc1ccccc1')
[0.424161434173584] Updated in round 130! max:(0.7837837837837838, 'c1ccc(-c2ccccc2)cc1'), min:(0.25, 'C=CC(=C)C=CC=Cc1ccccc1')
[0.4252486228942871] Updated in round 131! max:(0.7837837837837838, 'c1ccc(-c2ccccc2)cc1'), min:(0.2545454545454545, 'C#CC(=C)C=C(C=C)c1ccccc1')
[0.4265413284301758] Updated in round 132! max:(0.7837837837837838, 'c1ccc(-c2ccccc2)cc1'), min:(0.2553191489361702, 'C=C1C2=C1c1ccccc12')
[0.42784881591796875] Updated in round 133! max:(0.7837837837837838, 'c1ccc(-c2ccccc2)cc1'), min:(0.25806451612903225, 'C1=c2c1cc1ccc(cc1)c1cccc2c1')
[0.44328880310058594] Updated in round 134! max:(0.7837837837837838, 'c1ccc(-c2ccccc2)cc1'), min:(0.26153846153846155, 'C=CC1=C(c2cc3ccc2c2ccccc32)C1=C')
[0.44464564323425293] Updated in round 135! max:(0.7837837837837838, 'c1ccc(-c2ccccc2)cc1'), min:(0.26229508196721313, 'C1=CC1=Cc1cccc2c3ccc(cc3)c12')
[0.44591474533081055] Updated in round 136! max:(0.7837837837837838, 'c1ccc(-c2ccccc2)cc1'), min:(0.26229508196721313, 'C#CC=Cc1cccc(-c2cc3cc-3c2)c1')
[0.4475562572479248] Updated in round 137! max:(0.7837837837837838, 'c1ccc(-c2ccccc2)cc1'), min:(0.26666666666666666, 'C=C(C=CC=CC1=CC#C1)c1ccccc1')
[0.4655308723449707] Updated in round 138! max:(0.7837837837837838, 'c1ccc(-c2ccccc2)cc1'), min:(0.26666666666666666, 'C=CC(=C)c1cccc(-c2cc3cc-3c2)c1')
[0.4667041301727295] Updated in round 139! max:(0.7837837837837838, 'c1ccc(-c2ccccc2)cc1'), min:(0.2692307692307692, 'C1=CC=Cc2cccc(c2)C=C1')
[0.468428373336792] Updated in round 140! max:(0.7837837837837838, 'c1ccc(-c2ccccc2)cc1'), min:(0.2692307692307692, 'c1cc(-c2cc3ccc2-3)c2cc1-2')
[0.4697093963623047] Updated in round 141! max:(0.7837837837837838, 'c1ccc(-c2ccccc2)cc1'), min:(0.2711864406779661, 'C=CC=C(C=CC1=CC1=C)c1ccccc1')
[0.4899601936340332] Updated in round 142! max:(0.7837837837837838, 'c1ccc(-c2ccccc2)cc1'), min:(0.2786885245901639, 'c1cc2cc(c1)c1cccc(c1)c1ccc2-1')
[0.4914541244506836] Updated in round 143! max:(0.7837837837837838, 'c1ccc(-c2ccccc2)cc1'), min:(0.28125, 'C=CC1=C2C1=C2c1ccc2c(c1)-c1ccccc1-2')
[0.49264955520629883] Updated in round 144! max:(0.7837837837837838, 'c1ccc(-c2ccccc2)cc1'), min:(0.2833333333333333, 'C1=CC1=Cc1cc2ccc1-c1ccc-2cc1')
[0.49417781829833984] Updated in round 145! max:(0.7837837837837838, 'c1ccc(-c2ccccc2)cc1'), min:(0.2833333333333333, 'C=CC=Cc1cc2cc(c1)-c1ccc-2cc1')
[0.4954099655151367] Updated in round 146! max:(0.7837837837837838, 'c1ccc(-c2ccccc2)cc1'), min:(0.2833333333333333, 'C1=C2C1=C2c1cc2ccc1-c1ccc-2cc1')
[0.49665236473083496] Updated in round 147! max:(0.7837837837837838, 'c1ccc(-c2ccccc2)cc1'), min:(0.288135593220339, 'C=CC=C(C=CC=C1C=C1)c1ccccc1')
[0.5138556957244873] Updated in round 148! max:(0.7837837837837838, 'c1ccc(-c2ccccc2)cc1'), min:(0.2909090909090909, 'C#Cc1ccc(-c2cc3cc-3c2)cc1')
[0.5150275230407715] Updated in round 149! max:(0.7837837837837838, 'c1ccc(-c2ccccc2)cc1'), min:(0.2926829268292683, 'C=C1c2ccccc21')
[0.5162427425384521] Updated in round 150! max:(0.7837837837837838, 'c1ccc(-c2ccccc2)cc1'), min:(0.2972972972972973, 'c1ccccc1')
[0.5174376964569092] Updated in round 151! max:(0.7837837837837838, 'c1ccc(-c2ccccc2)cc1'), min:(0.30158730158730157, 'C=CC1=C2C1=C2c1cccc(-c2cc3ccc2-3)c1')
[0.5186636447906494] Updated in round 152! max:(0.7837837837837838, 'c1ccc(-c2ccccc2)cc1'), min:(0.30158730158730157, 'C=CC1=C(c2cccc3c2-c2ccccc2-3)C1=C')
[0.5199451446533203] Updated in round 153! max:(0.7837837837837838, 'c1ccc(-c2ccccc2)cc1'), min:(0.3050847457627119, 'C1=CC1=Cc1ccc2c(c1)-c1ccccc1-2')
[0.5316202640533447] Updated in round 154! max:(0.7837837837837838, 'c1ccc(-c2ccccc2)cc1'), min:(0.3050847457627119, 'C=CC=Cc1cccc(-c2c3cccc2-3)c1')
[0.5335841178894043] Updated in round 155! max:(0.7837837837837838, 'c1ccc(-c2ccccc2)cc1'), min:(0.3050847457627119, 'C1=CC(c2cc3ccc2c2ccccc32)=C1')
[0.5457134246826172] Updated in round 156! max:(0.7837837837837838, 'c1ccc(-c2ccccc2)cc1'), min:(0.30612244897959184, 'C=Cc1ccccc1C1=CC=C1')
[0.5642142295837402] Updated in round 157! max:(0.7837837837837838, 'c1ccc(-c2ccccc2)cc1'), min:(0.3103448275862069, 'C=Cc1ccccc1-c1ccc2c(c1)C2=C')
[0.5659201145172119] Updated in round 158! max:(0.7837837837837838, 'c1ccc(-c2ccccc2)cc1'), min:(0.3103448275862069, 'C=CC=C(C=CC1=CC=C1)c1ccccc1')
[0.567049503326416] Updated in round 159! max:(0.7837837837837838, 'c1ccc(-c2ccccc2)cc1'), min:(0.3111111111111111, 'C=CC#Cc1ccccc1')
[0.5683751106262207] Updated in round 160! max:(0.7837837837837838, 'c1ccc(-c2ccccc2)cc1'), min:(0.3148148148148148, 'C=Cc1cc2cc(c1)-c1ccc-2cc1')
[0.5701608657836914] Updated in round 161! max:(0.7837837837837838, 'c1ccc(-c2ccccc2)cc1'), min:(0.31746031746031744, 'c1ccc2c(c1)ccc1cc(c1)c1cccc2c1')
[0.5896873474121094] Updated in round 162! max:(0.7837837837837838, 'c1ccc(-c2ccccc2)cc1'), min:(0.3181818181818182, 'C=CC1=C2C1=C2c1cccc(-c2ccc(C=C)cc2)c1')
[0.5912666320800781] Updated in round 163! max:(0.7837837837837838, 'c1ccc(-c2ccccc2)cc1'), min:(0.32, 'c1cc2cc(c1)-c1c-2cc2cc1-2')
[0.5928077697753906] Updated in round 164! max:(0.7837837837837838, 'c1ccc(-c2ccccc2)cc1'), min:(0.3225806451612903, 'C=CC1=CC(c2cc3ccc2-c2cccc-3c2)=C1')
[0.5939304828643799] Updated in round 165! max:(0.7837837837837838, 'c1ccc(-c2ccccc2)cc1'), min:(0.3225806451612903, 'C#CC1=C2C1=C2c1cccc2c1-c1cccc-2c1')
[0.6138224601745605] Updated in round 166! max:(0.7837837837837838, 'c1ccc(-c2ccccc2)cc1'), min:(0.3225806451612903, 'C#Cc1ccc(-c2cccc(C=C3C=C3)c2)cc1')
[0.633530855178833] Updated in round 167! max:(0.7837837837837838, 'c1ccc(-c2ccccc2)cc1'), min:(0.32653061224489793, 'C=C1C=CC=Cc2ccccc21')
[0.6354749202728271] Updated in round 168! max:(0.7837837837837838, 'c1ccc(-c2ccccc2)cc1'), min:(0.3275862068965517, 'C=CC#Cc1cccc2c1-c1ccccc1-2')
[0.6374711990356445] Updated in round 169! max:(0.7837837837837838, 'c1ccc(-c2ccccc2)cc1'), min:(0.3275862068965517, 'C#CC=Cc1cc2ccc1-c1cccc-2c1')
[0.6596941947937012] Updated in round 170! max:(0.7837837837837838, 'c1ccc(-c2ccccc2)cc1'), min:(0.3333333333333333, 'C1=Cc2ccc(cc2)-c2cccc(c2)C2=CC2=C1')
[0.6622135639190674] Updated in round 171! max:(0.7837837837837838, 'c1ccc(-c2ccccc2)cc1'), min:(0.3333333333333333, 'C=Cc1ccc(-c2ccccc2C=C)cc1')
[0.6821565628051758] Updated in round 172! max:(0.7837837837837838, 'c1ccc(-c2ccccc2)cc1'), min:(0.3384615384615385, 'C#Cc1cccc(-c2cccc(-c3c4c5cc4c35)c2)c1')
[0.6837012767791748] Updated in round 173! max:(0.7837837837837838, 'c1ccc(-c2ccccc2)cc1'), min:(0.3384615384615385, 'C#CC1=C2C1=C2c1cccc(-c2cccc(C#C)c2)c1')
[0.6857576370239258] Updated in round 174! max:(0.7837837837837838, 'c1ccc(-c2ccccc2)cc1'), min:(0.3387096774193548, 'C=CC=C1C=C1c1cccc(-c2c3cccc2-3)c1')
[0.6877079010009766] Updated in round 175! max:(0.7837837837837838, 'c1ccc(-c2ccccc2)cc1'), min:(0.3387096774193548, 'C=CC1=CC2=C1c1ccc(cc1)-c1cccc2c1')
[0.6893017292022705] Updated in round 176! max:(0.7837837837837838, 'c1ccc(-c2ccccc2)cc1'), min:(0.33962264150943394, 'C=C1c2ccc(cc2)-c2ccc1cc2')
[0.6910667419433594] Updated in round 177! max:(0.7837837837837838, 'c1ccc(-c2ccccc2)cc1'), min:(0.3442622950819672, 'C=C1C=C(c2cccc3c2-c2cccc-3c2)C1=C')
[0.6934831142425537] Updated in round 178! max:(0.7837837837837838, 'c1ccc(-c2ccccc2)cc1'), min:(0.3442622950819672, 'C#CC1=CC(c2cccc(-c3c4cccc3-4)c2)=C1')
[0.6950645446777344] Updated in round 179! max:(0.7837837837837838, 'c1ccc(-c2ccccc2)cc1'), min:(0.3442622950819672, 'C=CC1=C(c2cc3cc(-c4ccccc4)c2-3)C1=C')
[0.7121028900146484] Updated in round 180! max:(0.7837837837837838, 'c1ccc(-c2ccccc2)cc1'), min:(0.3442622950819672, 'C#Cc1cccc(-c2cccc(C=CC=C)c2)c1')
[0.714362382888794] Updated in round 181! max:(0.7837837837837838, 'c1ccc(-c2ccccc2)cc1'), min:(0.3448275862068966, 'C1#Cc2cccc(c2)-c2ccc(cc2)C=C1')
[0.7162277698516846] Updated in round 182! max:(0.7837837837837838, 'c1ccc(-c2ccccc2)cc1'), min:(0.35, 'C#Cc1cccc(-c2cccc(C(=C)C=C)c2)c1')
[0.7174944877624512] Updated in round 183! max:(0.7837837837837838, 'c1ccc(-c2ccccc2)cc1'), min:(0.3508771929824561, 'C=CC#Cc1cccc2c1-c1cccc-2c1')
[0.7376909255981445] Updated in round 184! max:(0.7837837837837838, 'c1ccc(-c2ccccc2)cc1'), min:(0.3508771929824561, 'C#CC=Cc1cccc2c1-c1cccc-2c1')
[0.739717960357666] Updated in round 185! max:(0.7837837837837838, 'c1ccc(-c2ccccc2)cc1'), min:(0.3508771929824561, 'C1=CC(c2ccc3c(c2)-c2cccc-3c2)=C1')
[0.7420382499694824] Updated in round 186! max:(0.7837837837837838, 'c1ccc(-c2ccccc2)cc1'), min:(0.35384615384615387, 'C=CC1=CC=C1c1cc(C=C)cc(-c2ccccc2)c1')
[0.759340763092041] Updated in round 187! max:(0.7837837837837838, 'c1ccc(-c2ccccc2)cc1'), min:(0.35714285714285715, 'C=Cc1cc2c(cc1-c1ccccc1)C2=C')
[0.76165771484375] Updated in round 188! max:(0.7837837837837838, 'c1ccc(-c2ccccc2)cc1'), min:(0.35714285714285715, 'C=C1C=C1c1cccc(-c2cc3ccc2-3)c1')
[0.7630317211151123] Updated in round 189! max:(0.7837837837837838, 'c1ccc(-c2ccccc2)cc1'), min:(0.358974358974359, 'C=Cc1ccccc1')
[0.778672456741333] Updated in round 190! max:(0.7837837837837838, 'c1ccc(-c2ccccc2)cc1'), min:(0.359375, 'C=CC1=C2C1=C2c1cc(C=C)cc(-c2ccccc2)c1')
[0.7973089218139648] Updated in round 191! max:(0.7837837837837838, 'c1ccc(-c2ccccc2)cc1'), min:(0.36065573770491804, 'C#CC1=CC=C1c1cc2cc(-c3ccccc3)c1-2')
[0.7995491027832031] Updated in round 192! max:(0.7837837837837838, 'c1ccc(-c2ccccc2)cc1'), min:(0.36065573770491804, 'C1#Cc2cccc(c2)-c2cccc(c2)C2=C3C1=C32')
[0.8188285827636719] Updated in round 193! max:(0.7837837837837838, 'c1ccc(-c2ccccc2)cc1'), min:(0.36538461538461536, 'C=Cc1c2cccc1-c1ccccc1-2')
[0.8214492797851562] Updated in round 194! max:(0.7837837837837838, 'c1ccc(-c2ccccc2)cc1'), min:(0.36666666666666664, 'c1ccc(-c2cc3cc(-c4c5c6cc5c46)c2-3)cc1')
[0.824347734451294] Updated in round 195! max:(0.7837837837837838, 'c1ccc(-c2ccccc2)cc1'), min:(0.36666666666666664, 'C#CC1=C(c2c3ccc(-c4ccccc4)c2-3)C1=C')
[0.843463659286499] Updated in round 196! max:(0.7837837837837838, 'c1ccc(-c2ccccc2)cc1'), min:(0.36666666666666664, 'C=CC=Cc1cccc(-c2ccccc2C=C)c1')
[0.8460447788238525] Updated in round 197! max:(0.7837837837837838, 'c1ccc(-c2ccccc2)cc1'), min:(0.3684210526315789, 'c1ccc2cccc(c2)c2cccc(c1)c2')
[0.865825891494751] Updated in round 198! max:(0.7837837837837838, 'c1ccc(-c2ccccc2)cc1'), min:(0.3728813559322034, 'C#Cc1cccc(-c2cccc(C3=CC3=C)c2)c1')
[0.8686995506286621] Updated in round 199! max:(0.7837837837837838, 'c1ccc(-c2ccccc2)cc1'), min:(0.375, 'C=Cc1ccccc1-c1cccc(C2=CC3=C2C3=C)c1')
[0.871351957321167] Updated in round 200! max:(0.7837837837837838, 'c1ccc(-c2ccccc2)cc1'), min:(0.375, 'C#CC1=C(c2cccc(-c3ccccc3C#C)c2)C#C1')
[0.8908929824829102] Updated in round 201! max:(0.7837837837837838, 'c1ccc(-c2ccccc2)cc1'), min:(0.375, 'C#CC1=C(c2ccc(C=C)c(-c3ccccc3)c2)C=C1')
[0.911229133605957] Updated in round 202! max:(0.7837837837837838, 'c1ccc(-c2ccccc2)cc1'), min:(0.375, 'C=CC=C1C=C1c1ccc(C=C)c(-c2ccccc2)c1')
[0.9138188362121582] Updated in round 203! max:(0.7837837837837838, 'c1ccc(-c2ccccc2)cc1'), min:(0.375, 'C1=CC1=C1C2=CC=C1C(c1ccccc1)=C2')
[0.9341037273406982] Updated in round 204! max:(0.7837837837837838, 'c1ccc(-c2ccccc2)cc1'), min:(0.375, 'c1cc2cc(c1)-c1c3ccc-3c1-2')
[0.9374520778656006] Updated in round 205! max:(0.7837837837837838, 'c1ccc(-c2ccccc2)cc1'), min:(0.375, 'C1=C2C1=C2c1cc(-c2ccccc2)c2cc1-2')
[0.9583406448364258] Updated in round 206! max:(0.7837837837837838, 'c1ccc(-c2ccccc2)cc1'), min:(0.3770491803278688, 'c1ccc(-c2cc3ccc2cc2c4cc-4c3-2)cc1')
[0.9601242542266846] Updated in round 207! max:(0.7837837837837838, 'c1ccc(-c2ccccc2)cc1'), min:(0.3770491803278688, 'C1=Cc2cc(cc(-c3ccccc3)c2)C2=CC=C12')
[0.9619450569152832] Updated in round 208! max:(0.7837837837837838, 'c1ccc(-c2ccccc2)cc1'), min:(0.38095238095238093, 'C=Cc1ccccc1-c1cccc(C2=CC(=C)C2=C)c1')
[0.9644613265991211] Updated in round 209! max:(0.7837837837837838, 'c1ccc(-c2ccccc2)cc1'), min:(0.38095238095238093, 'C#CC1=CC(c2ccc(C=C)c(-c3ccccc3)c2)=C1')
[0.9857864379882812] Updated in round 210! max:(0.7837837837837838, 'c1ccc(-c2ccccc2)cc1'), min:(0.38095238095238093, 'C=CC1=C2C1=C2c1cccc(-c2ccccc2C=C)c1')
[0.987616777420044] Updated in round 211! max:(0.7837837837837838, 'c1ccc(-c2ccccc2)cc1'), min:(0.38095238095238093, 'C#CC1=C(c2cccc(-c3ccccc3C=C)c2)C1=C')
[0.9902529716491699] Updated in round 212! max:(0.7837837837837838, 'c1ccc(-c2ccccc2)cc1'), min:(0.38181818181818183, 'C#Cc1cccc(-c2cccc(C=C)c2)c1')
[1.0120835304260254] Updated in round 213! max:(0.7837837837837838, 'c1ccc(-c2ccccc2)cc1'), min:(0.38333333333333336, 'C=C1C=C2C(=C1)c1cccc(c1)-c1cccc2c1')
[1.015712022781372] Updated in round 214! max:(0.7837837837837838, 'c1ccc(-c2ccccc2)cc1'), min:(0.38333333333333336, 'C1=CC1=C1c2c1c1ccc2cc1-c1ccccc1')
[1.0383362770080566] Updated in round 215! max:(0.7837837837837838, 'c1ccc(-c2ccccc2)cc1'), min:(0.38333333333333336, 'C=C1C2=C1C(c1ccc3c(-c4ccccc4)c1-3)=C2')
[1.0620152950286865] Updated in round 216! max:(0.7837837837837838, 'c1ccc(-c2ccccc2)cc1'), min:(0.38333333333333336, 'C=C1C2=C(C#C2)c2cccc(c2)-c2cccc1c2')
[1.0642154216766357] Updated in round 217! max:(0.7837837837837838, 'c1ccc(-c2ccccc2)cc1'), min:(0.38333333333333336, 'C#CC1=C(c2ccc3c(-c4ccccc4)c2-3)C=C1')
[1.088444471359253] Updated in round 218! max:(0.7837837837837838, 'c1ccc(-c2ccccc2)cc1'), min:(0.38333333333333336, 'C=c1c2c(c3cc(-c4ccccc4)cc1c3)C=C2')
[1.1161577701568604] Updated in round 219! max:(0.7837837837837838, 'c1ccc(-c2ccccc2)cc1'), min:(0.38333333333333336, 'C=CC=C1C2=C1c1cccc(c1)-c1cccc2c1')
[1.1180481910705566] Updated in round 220! max:(0.7837837837837838, 'c1ccc(-c2ccccc2)cc1'), min:(0.38333333333333336, 'C#CC1=Cc2c1c1ccc2cc1-c1ccccc1')
[1.13777494430542] Updated in round 221! max:(0.7837837837837838, 'c1ccc(-c2ccccc2)cc1'), min:(0.38333333333333336, 'c1ccc(-c2cc3ccc2ccc2c4c3c24)cc1')
[1.1410496234893799] Updated in round 222! max:(0.7837837837837838, 'c1ccc(-c2ccccc2)cc1'), min:(0.38461538461538464, 'C1=C2c3ccccc3-c3cccc1c32')
[1.1616194248199463] Updated in round 223! max:(0.7837837837837838, 'c1ccc(-c2ccccc2)cc1'), min:(0.3898305084745763, 'c1ccc(-c2cc3ccc2c2c4c5c3c4c25)cc1')
[1.1634562015533447] Updated in round 224! max:(0.7837837837837838, 'c1ccc(-c2ccccc2)cc1'), min:(0.3898305084745763, 'C=CC1=CC(c2c3ccc(-c4ccccc4)c2-3)=C1')
[1.1653649806976318] Updated in round 225! max:(0.7837837837837838, 'c1ccc(-c2ccccc2)cc1'), min:(0.3898305084745763, 'C=CC#Cc1cc(C=C)cc(-c2ccccc2)c1')
[1.1870901584625244] Updated in round 226! max:(0.7837837837837838, 'c1ccc(-c2ccccc2)cc1'), min:(0.3898305084745763, 'C#Cc1cc(C=CC=C)cc(-c2ccccc2)c1')
[1.1892948150634766] Updated in round 227! max:(0.7837837837837838, 'c1ccc(-c2ccccc2)cc1'), min:(0.3898305084745763, 'C=Cc1cc(C2=CC=C2)cc(-c2ccccc2)c1')
[1.2090940475463867] Updated in round 228! max:(0.7837837837837838, 'c1ccc(-c2ccccc2)cc1'), min:(0.39215686274509803, 'C=Cc1cc2c(-c3ccccc3)c-2c1')
[1.211329460144043] Updated in round 229! max:(0.7837837837837838, 'c1ccc(-c2ccccc2)cc1'), min:(0.39285714285714285, 'C1#Cc2cccc(c2)-c2ccccc2C#C1')
[1.2525200843811035] Updated in round 230! max:(0.7837837837837838, 'c1ccc(-c2ccccc2)cc1'), min:(0.39655172413793105, 'C#CC(=C)c1ccc(C#C)c(-c2ccccc2)c1')
[1.2558345794677734] Updated in round 231! max:(0.7837837837837838, 'c1ccc(-c2ccccc2)cc1'), min:(0.3968253968253968, 'C#Cc1c(C2=CC#CC2=C)cccc1-c1ccccc1')
[1.2579786777496338] Updated in round 232! max:(0.7837837837837838, 'c1ccc(-c2ccccc2)cc1'), min:(0.3968253968253968, 'C#Cc1ccc(-c2ccccc2)cc1C1=CC2=CC1=C2')
[1.2797596454620361] Updated in round 233! max:(0.7837837837837838, 'c1ccc(-c2ccccc2)cc1'), min:(0.3968253968253968, 'C=Cc1c(C2=C3C=C3C2=C)cccc1-c1ccccc1')
[1.280714511871338] Updated in round 234! max:(0.7837837837837838, 'c1ccc(-c2ccccc2)cc1'), min:(0.3968253968253968, 'C=Cc1ccc(-c2ccccc2)cc1C1=CC1=C1C#C1')
[1.2819297313690186] Updated in round 235! max:(0.7837837837837838, 'c1ccc(-c2ccccc2)cc1'), min:(0.3968253968253968, 'C#Cc1c(C2=C3C(=C)C=C32)cccc1-c1ccccc1')
[1.3039543628692627] Updated in round 236! max:(0.7837837837837838, 'c1ccc(-c2ccccc2)cc1'), min:(0.3968253968253968, 'C#CC1=C(c2cccc(-c3ccccc3)c2C=C)C#C1')
[1.3264267444610596] Updated in round 237! max:(0.7837837837837838, 'c1ccc(-c2ccccc2)cc1'), min:(0.3968253968253968, 'C#CC1=C(c2cc(-c3ccccc3)ccc2C=C)C=C1')
[1.3303539752960205] Updated in round 238! max:(0.7837837837837838, 'c1ccc(-c2ccccc2)cc1'), min:(0.3968253968253968, 'C=CC=C1C=C1c1cccc(-c2ccccc2)c1C=C')
[1.3691959381103516] Updated in round 239! max:(0.7837837837837838, 'c1ccc(-c2ccccc2)cc1'), min:(0.4, 'c1ccc(-c2cc3cc(-c4cc5ccc4=5)c2-3)cc1')
[1.3929693698883057] Updated in round 240! max:(0.7837837837837838, 'c1ccc(-c2ccccc2)cc1'), min:(0.4, 'C=Cc1c(-c2ccccc2)ccc2c1C#C2')
[1.4346895217895508] Updated in round 241! max:(0.7837837837837838, 'c1ccc(-c2ccccc2)cc1'), min:(0.4, 'C1#CC2=C1C#Cc1ccccc1-c1cccc2c1')
[1.4794020652770996] Updated in round 242! max:(0.7837837837837838, 'c1ccc(-c2ccccc2)cc1'), min:(0.4, 'C=C1C#Cc2cccc(c2)-c2ccccc21')
[1.505004644393921] Updated in round 243! max:(0.7837837837837838, 'c1ccc(-c2ccccc2)cc1'), min:(0.4, 'C#CC=Cc1ccc2c(-c3ccccc3)c1-2')
[1.531071424484253] Updated in round 244! max:(0.7837837837837838, 'c1ccc(-c2ccccc2)cc1'), min:(0.4, 'C#CC=CC1=CC(c2ccccc2)=C1')
[1.5504992008209229] Updated in round 245! max:(0.7837837837837838, 'c1ccc(-c2ccccc2)cc1'), min:(0.4032258064516129, 'C#Cc1ccc(-c2ccccc2)cc1C1=C2C=C1C2=C')
[1.5747559070587158] Updated in round 246! max:(0.7837837837837838, 'c1ccc(-c2ccccc2)cc1'), min:(0.4032258064516129, 'C#Cc1c(C2=CC(C=C)=C2)cccc1-c1ccccc1')
[1.5773038864135742] Updated in round 247! max:(0.7837837837837838, 'c1ccc(-c2ccccc2)cc1'), min:(0.4032258064516129, 'C=CC1=C(c2cccc(-c3ccccc3)c2C=C)C1=C')
[1.580059289932251] Updated in round 248! max:(0.7837837837837838, 'c1ccc(-c2ccccc2)cc1'), min:(0.4067796610169492, 'C=C(C=CC1=Cc2cccc1c2)c1ccccc1')
[1.6029675006866455] Updated in round 249! max:(0.7837837837837838, 'c1ccc(-c2ccccc2)cc1'), min:(0.4067796610169492, 'C1#CC1=C1C2=C1c1ccccc1-c1cccc2c1')
[1.6039798259735107] Updated in round 250! max:(0.7837837837837838, 'c1ccc(-c2ccccc2)cc1'), min:(0.4067796610169492, 'C=CC1=CC2=C1c1cccc(c1)-c1ccccc12')
[1.618743896484375] Updated in round 251! max:(0.7837837837837838, 'c1ccc(-c2ccccc2)cc1'), min:(0.4067796610169492, 'C=C1C2=Cc3ccc(cc3-c3ccccc3)C1=C2')
[1.6346795558929443] Updated in round 252! max:(0.7837837837837838, 'c1ccc(-c2ccccc2)cc1'), min:(0.4067796610169492, 'C1#Cc2ccc(cc2-c2ccccc2)C2=CC1=C2')
[1.6522514820098877] Updated in round 253! max:(0.7837837837837838, 'c1ccc(-c2ccccc2)cc1'), min:(0.4074074074074074, 'C#CC(=C)c1c2cc(-c3ccccc3)cc1-2')
[1.6713008880615234] Updated in round 254! max:(0.7837837837837838, 'c1ccc(-c2ccccc2)cc1'), min:(0.4074074074074074, 'C#CC(=C)c1c2ccc(-c3ccccc3)c1-2')
[1.6753597259521484] Updated in round 255! max:(0.7837837837837838, 'c1ccc(-c2ccccc2)cc1'), min:(0.4098360655737705, 'C#Cc1ccc(-c2ccccc2)cc1C(=C)C1=CC1=C')
[1.6959223747253418] Updated in round 256! max:(0.7837837837837838, 'c1ccc(-c2ccccc2)cc1'), min:(0.4098360655737705, 'C#Cc1c(C(=C)C(=C)C=C)cccc1-c1ccccc1')
[1.6995124816894531] Updated in round 257! max:(0.7837837837837838, 'c1ccc(-c2ccccc2)cc1'), min:(0.4117647058823529, 'C1=C2C3=CC=C2C(c2ccccc2)=C13')
[1.7210240364074707] Updated in round 258! max:(0.7837837837837838, 'c1ccc(-c2ccccc2)cc1'), min:(0.4126984126984127, 'C#Cc1ccc(-c2ccc(-c3ccccc3)cc2)cc1')
[1.7242670059204102] Updated in round 259! max:(0.7837837837837838, 'c1ccc(-c2ccccc2)cc1'), min:(0.4126984126984127, 'C#Cc1ccc(-c2c3cccc2-3)cc1-c1ccccc1')
[1.745560884475708] Updated in round 260! max:(0.7837837837837838, 'c1ccc(-c2ccccc2)cc1'), min:(0.41379310344827586, 'C=CC1=CC(=C)c2cccc(c2)-c2ccccc21')
[1.7635560035705566] Updated in round 261! max:(0.7837837837837838, 'c1ccc(-c2ccccc2)cc1'), min:(0.41379310344827586, 'C=C1C=Cc2ccccc2-c2cccc(c2)C1=C')
[1.7999629974365234] Updated in round 262! max:(0.7837837837837838, 'c1ccc(-c2ccccc2)cc1'), min:(0.41379310344827586, 'C=C1C(=C)C2=C1c1cccc(c1)-c1ccccc12')
[1.80527925491333] Updated in round 263! max:(0.7837837837837838, 'c1ccc(-c2ccccc2)cc1'), min:(0.41379310344827586, 'C=Cc1ccc(C2=CC#C2)cc1-c1ccccc1')
[1.8245928287506104] Updated in round 264! max:(0.7837837837837838, 'c1ccc(-c2ccccc2)cc1'), min:(0.41818181818181815, 'C1=C2C=C2c2ccc1cc2-c1ccccc1')
[1.861926555633545] Updated in round 265! max:(0.7837837837837838, 'c1ccc(-c2ccccc2)cc1'), min:(0.41818181818181815, 'C1=Cc2c1c1ccc2c(-c2ccccc2)c1')
[1.867199420928955] Updated in round 266! max:(0.7837837837837838, 'c1ccc(-c2ccccc2)cc1'), min:(0.42, 'C=Cc1cc2cc-2c1-c1ccccc1')
[1.9053587913513184] Updated in round 267! max:(0.7837837837837838, 'c1ccc(-c2ccccc2)cc1'), min:(0.42105263157894735, 'C#Cc1ccc(C2=CC2=C)cc1-c1ccccc1')
[1.9092085361480713] Updated in round 268! max:(0.7837837837837838, 'c1ccc(-c2ccccc2)cc1'), min:(0.423728813559322, 'c1ccc2c(c#1)-c1cc(-c3ccccc3)ccc1-2')
[1.9316587448120117] Updated in round 269! max:(0.7837837837837838, 'c1ccc(-c2ccccc2)cc1'), min:(0.423728813559322, 'c1ccc(-c2cc3c4c(c2)c2ccc3cc2-4)cc1')
[1.9529356956481934] Updated in round 270! max:(0.7837837837837838, 'c1ccc(-c2ccccc2)cc1'), min:(0.423728813559322, 'c1ccc2c(c#1)-c1ccc(-c3ccccc3)cc1-2')
[1.9733872413635254] Updated in round 271! max:(0.7837837837837838, 'c1ccc(-c2ccccc2)cc1'), min:(0.423728813559322, 'c1ccc(-c2cccc3c2c2c4c3c3c-4c23)cc1')
[1.9979240894317627] Updated in round 272! max:(0.7837837837837838, 'c1ccc(-c2ccccc2)cc1'), min:(0.423728813559322, 'C1=CC2=C3C1=C2c1ccc(-c2ccccc2)cc13')
[2.0179619789123535] Updated in round 273! max:(0.7837837837837838, 'c1ccc(-c2ccccc2)cc1'), min:(0.423728813559322, 'c1ccc(-c2ccc3c(c2)c2cc4c3cc24)cc1')
[2.0234899520874023] Updated in round 274! max:(0.7837837837837838, 'c1ccc(-c2ccccc2)cc1'), min:(0.423728813559322, 'c1ccc(-c2ccc3c4cc5c(c-5c4)c3c2)cc1')
[2.0430569648742676] Updated in round 275! max:(0.7837837837837838, 'c1ccc(-c2ccccc2)cc1'), min:(0.423728813559322, 'C1#CC2=Cc3ccc(-c4ccccc4)cc3C2=C1')
[2.0624914169311523] Updated in round 276! max:(0.7837837837837838, 'c1ccc(-c2ccccc2)cc1'), min:(0.423728813559322, 'C1=C2C3=Cc4c(cccc4-c4ccccc4)C3=C12')
[2.082991123199463] Updated in round 277! max:(0.7837837837837838, 'c1ccc(-c2ccccc2)cc1'), min:(0.423728813559322, 'C1#Cc2c1ccc1c(-c3ccccc3)cccc21')
[2.106156349182129] Updated in round 278! max:(0.7837837837837838, 'c1ccc(-c2ccccc2)cc1'), min:(0.423728813559322, 'C1=Cc2c1ccc1c(-c3ccccc3)cccc21')
[2.1276557445526123] Updated in round 279! max:(0.7837837837837838, 'c1ccc(-c2ccccc2)cc1'), min:(0.42592592592592593, 'C=Cc1c(-c2ccccc2)ccc2c1C=C2')
[2.1688458919525146] Updated in round 280! max:(0.7837837837837838, 'c1ccc(-c2ccccc2)cc1'), min:(0.42592592592592593, 'C1=CC1=c1c2cc(-c3ccccc3)cc1c2')
[2.1932425498962402] Updated in round 281! max:(0.7837837837837838, 'c1ccc(-c2ccccc2)cc1'), min:(0.42592592592592593, 'C#CC1=Cc2cc1cc(-c1ccccc1)c2')
[2.198817729949951] Updated in round 282! max:(0.7837837837837838, 'c1ccc(-c2ccccc2)cc1'), min:(0.42592592592592593, 'C1=C2C1=C2c1c2ccc(-c3ccccc3)c1-2')
[2.2396955490112305] Updated in round 283! max:(0.7837837837837838, 'c1ccc(-c2ccccc2)cc1'), min:(0.43103448275862066, 'C1#CC1=C1C#Cc2c1cccc2-c1ccccc1')
[2.264315366744995] Updated in round 284! max:(0.7837837837837838, 'c1ccc(-c2ccccc2)cc1'), min:(0.43103448275862066, 'C=Cc1c2cc-2c2c(-c3ccccc3)cccc12')
[2.2899277210235596] Updated in round 285! max:(0.7837837837837838, 'c1ccc(-c2ccccc2)cc1'), min:(0.43103448275862066, 'C=Cc1c#cc2cc(-c3ccccc3)ccc2c1')
[2.3307723999023438] Updated in round 286! max:(0.7837837837837838, 'c1ccc(-c2ccccc2)cc1'), min:(0.43103448275862066, 'C=Cc1ccc2ccc(-c3ccccc3)cc2c1')
[2.376095771789551] Updated in round 287! max:(0.7837837837837838, 'c1ccc(-c2ccccc2)cc1'), min:(0.43103448275862066, 'C#Cc1cccc2c(-c3ccccc3)cccc12')
[2.399513006210327] Updated in round 288! max:(0.7837837837837838, 'c1ccc(-c2ccccc2)cc1'), min:(0.43103448275862066, 'C#Cc1cc#cc2c(-c3ccccc3)cccc12')
[2.4409425258636475] Updated in round 289! max:(0.7837837837837838, 'c1ccc(-c2ccccc2)cc1'), min:(0.43103448275862066, 'C=Cc1cc#cc2ccc(-c3ccccc3)cc12')
[2.4706053733825684] Updated in round 290! max:(0.7837837837837838, 'c1ccc(-c2ccccc2)cc1'), min:(0.43103448275862066, 'C=C1C=CC#Cc2ccc(-c3ccccc3)cc21')
[2.498288631439209] Updated in round 291! max:(0.7837837837837838, 'c1ccc(-c2ccccc2)cc1'), min:(0.43103448275862066, 'C=C1C#CC2=C1c1cccc(-c3ccccc3)c12')
[2.5295934677124023] Updated in round 292! max:(0.7837837837837838, 'c1ccc(-c2ccccc2)cc1'), min:(0.43103448275862066, 'C=C1C=CC2=C1c1ccc(-c3ccccc3)cc12')
[2.5627870559692383] Updated in round 293! max:(0.7837837837837838, 'c1ccc(-c2ccccc2)cc1'), min:(0.43103448275862066, 'C1#CC1=C1C2=C1c1c2cccc1-c1ccccc1')
[2.596654176712036] Updated in round 294! max:(0.7837837837837838, 'c1ccc(-c2ccccc2)cc1'), min:(0.43103448275862066, 'C#CC1=C2C=C1c1cc(-c3ccccc3)ccc12')
[2.6430397033691406] Updated in round 295! max:(0.7837837837837838, 'c1ccc(-c2ccccc2)cc1'), min:(0.43103448275862066, 'C#CC1=C2C=C1c1c2cccc1-c1ccccc1')
[2.6873652935028076] Updated in round 296! max:(0.7837837837837838, 'c1ccc(-c2ccccc2)cc1'), min:(0.43103448275862066, 'C=c1c2cc3ccc(-c4ccccc4)cc3c1c2')
[2.7409894466400146] Updated in round 297! max:(0.7837837837837838, 'c1ccc(-c2ccccc2)cc1'), min:(0.43103448275862066, 'C=c1cc2c(c3cc(-c4ccccc4)ccc13)=C2')
[2.7880780696868896] Updated in round 298! max:(0.7837837837837838, 'c1ccc(-c2ccccc2)cc1'), min:(0.43103448275862066, 'C#Cc1cc2c3cccc(-c4ccccc4)c3c1=2')
[2.8160183429718018] Updated in round 299! max:(0.7837837837837838, 'c1ccc(-c2ccccc2)cc1'), min:(0.43103448275862066, 'C=C1c2ccc3ccc(-c4ccccc4)cc3c21')
[2.8620007038116455] Updated in round 300! max:(0.7837837837837838, 'c1ccc(-c2ccccc2)cc1'), min:(0.4339622641509434, 'C#Cc1ccc(-c2ccccc2)c(C#C)c1')
[2.8879778385162354] Updated in round 301! max:(0.7837837837837838, 'c1ccc(-c2ccccc2)cc1'), min:(0.4339622641509434, 'C#Cc1cc(C#C)cc(-c2ccccc2)c1')
[2.91481351852417] Updated in round 302! max:(0.7837837837837838, 'c1ccc(-c2ccccc2)cc1'), min:(0.43548387096774194, 'C=Cc1ccc(-c2ccccc2)cc1-c1c2cccc1-2')
[2.960846185684204] Updated in round 303! max:(0.7837837837837838, 'c1ccc(-c2ccccc2)cc1'), min:(0.43859649122807015, 'C=Cc1cc(-c2ccccc2)ccc1C1=CC=C1')
[3.0097014904022217] Updated in round 304! max:(0.7837837837837838, 'c1ccc(-c2ccccc2)cc1'), min:(0.43859649122807015, 'C#CC=Cc1ccc(-c2ccccc2)cc1C#C')
[3.047581195831299] Updated in round 305! max:(0.7837837837837838, 'c1ccc(-c2ccccc2)cc1'), min:(0.43859649122807015, 'C=C1C(=C2C=C2)c2ccc(-c3ccccc3)cc21')
[3.125391960144043] Updated in round 306! max:(0.7837837837837838, 'c1ccc(-c2ccccc2)cc1'), min:(0.43859649122807015, 'C=C1C(=C2C#C2)c2cc(-c3ccccc3)ccc21')
[3.1586225032806396] Updated in round 307! max:(0.7837837837837838, 'c1ccc(-c2ccccc2)cc1'), min:(0.43859649122807015, 'C=CC(=C)C1=Cc2cccc(-c3ccccc3)c21')
[3.187434196472168] Updated in round 308! max:(0.7837837837837838, 'c1ccc(-c2ccccc2)cc1'), min:(0.43859649122807015, 'C=CC1=Cc2cccc(-c3ccccc3)c2C1=C')
[3.2351737022399902] Updated in round 309! max:(0.7837837837837838, 'c1ccc(-c2ccccc2)cc1'), min:(0.43859649122807015, 'C=c1c#cc(=C)c2c(-c3ccccc3)cccc12')
[3.2530839443206787] Updated in round 310! max:(0.7837837837837838, 'c1ccc(-c2ccccc2)cc1'), min:(0.43859649122807015, 'C=CC1=C(C=C)c2c1cccc2-c1ccccc1')
[3.2905991077423096] Updated in round 311! max:(0.7837837837837838, 'c1ccc(-c2ccccc2)cc1'), min:(0.43859649122807015, 'C#CC=C1C(=C)c2cccc(-c3ccccc3)c21')
[3.292494058609009] Updated in round 312! max:(0.7837837837837838, 'c1ccc(-c2ccccc2)cc1'), min:(0.43859649122807015, 'C=CC1=Cc2ccc(-c3ccccc3)cc2C1=C')
[3.294278383255005] Updated in round 313! max:(0.7837837837837838, 'c1ccc(-c2ccccc2)cc1'), min:(0.43859649122807015, 'C=c1c(=C)c2c3cc(-c4ccccc4)ccc3c1=2')
[3.3147082328796387] Updated in round 314! max:(0.7837837837837838, 'c1ccc(-c2ccccc2)cc1'), min:(0.43859649122807015, 'C=c1c2c(=C)c3c(-c4ccccc4)cccc3c1=2')
[3.3334403038024902] Updated in round 315! max:(0.7837837837837838, 'c1ccc(-c2ccccc2)cc1'), min:(0.43859649122807015, 'C#Cc1c(C#CC=C)cccc1-c1ccccc1')
[3.3356833457946777] Updated in round 316! max:(0.7837837837837838, 'c1ccc(-c2ccccc2)cc1'), min:(0.43859649122807015, 'C#Cc1ccc(-c2ccccc2)cc1C=CC=C')
[3.3368186950683594] Updated in round 317! max:(0.7837837837837838, 'c1ccc(-c2ccccc2)cc1'), min:(0.43859649122807015, 'C#Cc1ccc(-c2ccccc2)cc1C1=CC=C1')
[3.354661464691162] Updated in round 318! max:(0.7837837837837838, 'c1ccc(-c2ccccc2)cc1'), min:(0.4444444444444444, 'c1ccccc(-c2cc3cc-3c2)cccc1')
[3.3563199043273926] Updated in round 319! max:(0.7837837837837838, 'c1ccc(-c2ccccc2)cc1'), min:(0.4444444444444444, 'C1=C2C(=C1)c1cc2ccc1-c1ccccc1')
[3.3588757514953613] Updated in round 320! max:(0.7837837837837838, 'c1ccc(-c2ccccc2)cc1'), min:(0.4444444444444444, 'C#CC1=CC=C1c1ccccc1')
[3.377546787261963] Updated in round 321! max:(0.7837837837837838, 'c1ccc(-c2ccccc2)cc1'), min:(0.44642857142857145, 'C#Cc1cc(-c2ccccc2)ccc1C1=CC1=C')
[3.379072427749634] Updated in round 322! max:(0.7837837837837838, 'c1ccc(-c2ccccc2)cc1'), min:(0.44642857142857145, 'C#CC(=C)c1cccc(-c2ccccc2)c1C=C')
[3.397996187210083] Updated in round 323! max:(0.7837837837837838, 'c1ccc(-c2ccccc2)cc1'), min:(0.44642857142857145, 'C#Cc1ccc(-c2ccccc2)cc1C(=C)C=C')
[3.3998498916625977] Updated in round 324! max:(0.7837837837837838, 'c1ccc(-c2ccccc2)cc1'), min:(0.4482758620689655, 'c1ccc(-c2cc3cc(c2)-c2ccc-3cc2)cc1')
[3.401803731918335] Updated in round 325! max:(0.7837837837837838, 'c1ccc(-c2ccccc2)cc1'), min:(0.4489795918367347, 'C=Cc1c2ccc-2c1-c1ccccc1')
[3.419463634490967] Updated in round 326! max:(0.7837837837837838, 'c1ccc(-c2ccccc2)cc1'), min:(0.4528301886792453, 'C=C1C#Cc2ccccc2-c2cccc1c2')
[3.421998977661133] Updated in round 327! max:(0.7837837837837838, 'c1ccc(-c2ccccc2)cc1'), min:(0.45454545454545453, 'C#CC1=CC(c2ccccc2)=C1')
[3.441087245941162] Updated in round 328! max:(0.7837837837837838, 'c1ccc(-c2ccccc2)cc1'), min:(0.45614035087719296, 'C#Cc1ccc(-c2ccccc2)ccc2ccc1-2')
[3.4603934288024902] Updated in round 329! max:(0.7837837837837838, 'c1ccc(-c2ccccc2)cc1'), min:(0.45614035087719296, 'C=Cc1ccc2ccc(-c3ccccc3)ccc1-2')
[3.4816246032714844] Updated in round 330! max:(0.7837837837837838, 'c1ccc(-c2ccccc2)cc1'), min:(0.45614035087719296, 'C=Cc1ccccc2cccc1-c1ccc-2cc1')
[3.5242645740509033] Updated in round 331! max:(0.7837837837837838, 'c1ccc(-c2ccccc2)cc1'), min:(0.45614035087719296, 'C=CC1=C(c2ccc(-c3ccccc3)cc2)C=C1')
[3.548243999481201] Updated in round 332! max:(0.7837837837837838, 'c1ccc(-c2ccccc2)cc1'), min:(0.45614035087719296, 'C=CC=C1C=C1c1ccc(-c2ccccc2)cc1')
[3.576570749282837] Updated in round 333! max:(0.7837837837837838, 'c1ccc(-c2ccccc2)cc1'), min:(0.45901639344262296, 'C#CC1=C(C#Cc2cccc(-c3ccccc3)c2)C=C1')
[3.601093292236328] Updated in round 334! max:(0.7837837837837838, 'c1ccc(-c2ccccc2)cc1'), min:(0.45901639344262296, 'C#CC1=C2C(=C1)C2=Cc1cccc(-c2ccccc2)c1')
[3.6252920627593994] Updated in round 335! max:(0.7837837837837838, 'c1ccc(-c2ccccc2)cc1'), min:(0.45901639344262296, 'C#CC=C1C=CC1=Cc1cccc(-c2ccccc2)c1')
[3.650089979171753] Updated in round 336! max:(0.7837837837837838, 'c1ccc(-c2ccccc2)cc1'), min:(0.45901639344262296, 'C=CC=CC=CC#Cc1cccc(-c2ccccc2)c1')
[3.6525232791900635] Updated in round 337! max:(0.7837837837837838, 'c1ccc(-c2ccccc2)cc1'), min:(0.45901639344262296, 'C=CC=CC=CC=Cc1cccc(-c2ccccc2)c1')
[3.6550607681274414] Updated in round 338! max:(0.7837837837837838, 'c1ccc(-c2ccccc2)cc1'), min:(0.45901639344262296, 'C#Cc1cc2c(cc1-c1ccccc1)-c1cccc-2c1')
[3.678840398788452] Updated in round 339! max:(0.7837837837837838, 'c1ccc(-c2ccccc2)cc1'), min:(0.46153846153846156, 'C=CC(=C)c1ccccc1-c1ccccc1')
[3.7025203704833984] Updated in round 340! max:(0.7837837837837838, 'c1ccc(-c2ccccc2)cc1'), min:(0.4642857142857143, 'C=CC1=C2C1=C2c1ccc(-c2ccccc2)cc1')
[3.7052392959594727] Updated in round 341! max:(0.7837837837837838, 'c1ccc(-c2ccccc2)cc1'), min:(0.4642857142857143, 'C#CC1=C(c2ccc(-c3ccccc3)cc2)C1=C')
[3.707664966583252] Updated in round 342! max:(0.7837837837837838, 'c1ccc(-c2ccccc2)cc1'), min:(0.4642857142857143, 'C=C(C=C1C(=C)c2cccc1c2)c1ccccc1')
[3.7305991649627686] Updated in round 343! max:(0.7837837837837838, 'c1ccc(-c2ccccc2)cc1'), min:(0.4666666666666667, 'C=Cc1cccccc(-c2cccc(C=C)c2)ccc1')
[3.7574822902679443] Updated in round 344! max:(0.7837837837837838, 'c1ccc(-c2ccccc2)cc1'), min:(0.4666666666666667, 'C=Cc1cc(-c2ccccc2)cccc2c(C=C)c-2c1')
[3.7791144847869873] Updated in round 345! max:(0.7837837837837838, 'c1ccc(-c2ccccc2)cc1'), min:(0.4666666666666667, 'C=CC(=C1C2=C1C=C2)c1cccc(-c2ccccc2)c1')
[3.7827320098876953] Updated in round 346! max:(0.7837837837837838, 'c1ccc(-c2ccccc2)cc1'), min:(0.4666666666666667, 'C#CC1=C2C(C=Cc3cccc(-c4ccccc4)c3)=C12')
[3.810314416885376] Updated in round 347! max:(0.7837837837837838, 'c1ccc(-c2ccccc2)cc1'), min:(0.4666666666666667, 'C=CC1=C2C(C=Cc3cccc(-c4ccccc4)c3)=C12')
[3.83707594871521] Updated in round 348! max:(0.7837837837837838, 'c1ccc(-c2ccccc2)cc1'), min:(0.4666666666666667, 'C#CC(C=Cc1cccc(-c2ccccc2)c1)=C1C=C1')
[3.8610503673553467] Updated in round 349! max:(0.7837837837837838, 'c1ccc(-c2ccccc2)cc1'), min:(0.4666666666666667, 'C=CC1=CC(=C)C1=Cc1cccc(-c2ccccc2)c1')
[3.901906728744507] Updated in round 350! max:(0.7837837837837838, 'c1ccc(-c2ccccc2)cc1'), min:(0.4666666666666667, 'C=CC(C=C)=CC#Cc1cccc(-c2ccccc2)c1')
[3.9231204986572266] Updated in round 351! max:(0.7837837837837838, 'c1ccc(-c2ccccc2)cc1'), min:(0.4666666666666667, 'C#CC1=C(C#Cc2cccc(-c3ccccc3)c2)C1=C')
[3.943941354751587] Updated in round 352! max:(0.7837837837837838, 'c1ccc(-c2ccccc2)cc1'), min:(0.4666666666666667, 'C#CC=C1C2=C1C2=Cc1cccc(-c2ccccc2)c1')
[3.963682174682617] Updated in round 353! max:(0.7837837837837838, 'c1ccc(-c2ccccc2)cc1'), min:(0.4666666666666667, 'C=CC1=C(C=Cc2cccc(-c3ccccc3)c2)C1=C')
[3.999608278274536] Updated in round 354! max:(0.7837837837837838, 'c1ccc(-c2ccccc2)cc1'), min:(0.4666666666666667, 'C#CC=CC(=C1C#C1)c1cccc(-c2ccccc2)c1')
[4.041372060775757] Updated in round 355! max:(0.7837837837837838, 'c1ccc(-c2ccccc2)cc1'), min:(0.4666666666666667, 'C#CC(=C1C=C1C=C)c1cccc(-c2ccccc2)c1')
[4.067978620529175] Updated in round 356! max:(0.7837837837837838, 'c1ccc(-c2ccccc2)cc1'), min:(0.4666666666666667, 'C#CC=C(C=C)C=Cc1cccc(-c2ccccc2)c1')
[4.0951550006866455] Updated in round 357! max:(0.7837837837837838, 'c1ccc(-c2ccccc2)cc1'), min:(0.4666666666666667, 'C#CC(C=CC=C)=Cc1cccc(-c2ccccc2)c1')
[4.118383169174194] Updated in round 358! max:(0.7837837837837838, 'c1ccc(-c2ccccc2)cc1'), min:(0.4666666666666667, 'C#CC#CC#CC(=C)c1cccc(-c2ccccc2)c1')
[4.163545608520508] Updated in round 359! max:(0.7837837837837838, 'c1ccc(-c2ccccc2)cc1'), min:(0.4666666666666667, 'C=CC=CC(=CC=C)c1cccc(-c2ccccc2)c1')
[4.1684346199035645] Updated in round 360! max:(0.7837837837837838, 'c1ccc(-c2ccccc2)cc1'), min:(0.46875, 'C#CC(=C)c1ccc(-c2cccc(-c3ccccc3)c2)cc1')
[4.193605184555054] Updated in round 361! max:(0.7837837837837838, 'c1ccc(-c2ccccc2)cc1'), min:(0.46938775510204084, 'C1#Cc2cc1cc(-c1ccccc1)c2')
[4.240097284317017] Updated in round 362! max:(0.7837837837837838, 'c1ccc(-c2ccccc2)cc1'), min:(0.4716981132075472, 'c1ccc(-c2cc3cc3c3cccc23)cc1')
[4.265683174133301] Updated in round 363! max:(0.7837837837837838, 'c1ccc(-c2ccccc2)cc1'), min:(0.4716981132075472, 'c1ccc(-c2cc3ccc-3c3cc-3c2)cc1')
[4.319556951522827] Updated in round 364! max:(0.7837837837837838, 'c1ccc(-c2ccccc2)cc1'), min:(0.4716981132075472, 'c1ccccc(-c2ccc3cc2-3)cccc1')
[4.34406304359436] Updated in round 365! max:(0.7837837837837838, 'c1ccc(-c2ccccc2)cc1'), min:(0.4716981132075472, 'c1ccc(-c2ccc3c4cccc-4c2-3)cc1')
[4.370541334152222] Updated in round 366! max:(0.7837837837837838, 'c1ccc(-c2ccccc2)cc1'), min:(0.4716981132075472, 'c1ccccc(-c2c3cccc2-3)cccc1')
[4.397439002990723] Updated in round 367! max:(0.7837837837837838, 'c1ccc(-c2ccccc2)cc1'), min:(0.4716981132075472, 'c1ccc2cccc(-c3ccccc3)c2c#1')
[4.442133665084839] Updated in round 368! max:(0.7837837837837838, 'c1ccc(-c2ccccc2)cc1'), min:(0.47368421052631576, 'C1=Cc2cccc(c2)-c2ccccc1cccc2')
[4.474078416824341] Updated in round 369! max:(0.7837837837837838, 'c1ccc(-c2ccccc2)cc1'), min:(0.47368421052631576, 'C1=Cc2cc1c(-c1ccccc1)cccc1cc2-1')
[4.525506258010864] Updated in round 370! max:(0.7837837837837838, 'c1ccc(-c2ccccc2)cc1'), min:(0.47368421052631576, 'c1ccc(-c2cc3ccc2cc2cccc3-2)cc1')
[4.596641778945923] Updated in round 371! max:(0.7837837837837838, 'c1ccc(-c2ccccc2)cc1'), min:(0.4745762711864407, 'C=Cc1cc(-c2ccccc2)cccc(=C)c2c3c1c23')
[4.624739646911621] Updated in round 372! max:(0.7837837837837838, 'c1ccc(-c2ccccc2)cc1'), min:(0.4745762711864407, 'C#CC(=C1C2=C3C2=C31)c1cccc(-c2ccccc2)c1')
[4.673743724822998] Updated in round 373! max:(0.7837837837837838, 'c1ccc(-c2ccccc2)cc1'), min:(0.4745762711864407, 'C=CC(C(=C)c1cccc(-c2ccccc2)c1)=C1C#C1')
[4.724278211593628] Updated in round 374! max:(0.7837837837837838, 'c1ccc(-c2ccccc2)cc1'), min:(0.4745762711864407, 'C=CC(=C)C(=C1C=C1)c1cccc(-c2ccccc2)c1')
[4.752925872802734] Updated in round 375! max:(0.7837837837837838, 'c1ccc(-c2ccccc2)cc1'), min:(0.4745762711864407, 'C#CC(=CC(=C)C=C)c1cccc(-c2ccccc2)c1')
[4.804316520690918] Updated in round 376! max:(0.7837837837837838, 'c1ccc(-c2ccccc2)cc1'), min:(0.4745762711864407, 'C#CC(C=C)=C(C=C)c1cccc(-c2ccccc2)c1')
[4.858381509780884] Updated in round 377! max:(0.7837837837837838, 'c1ccc(-c2ccccc2)cc1'), min:(0.4745762711864407, 'C=CC=C(C1=CC1=C)c1cccc(-c2ccccc2)c1')
[4.928633451461792] Updated in round 378! max:(0.7837837837837838, 'c1ccc(-c2ccccc2)cc1'), min:(0.4745762711864407, 'C#CC=C(C#C)C(=C)c1cccc(-c2ccccc2)c1')
[4.981459140777588] Updated in round 379! max:(0.7837837837837838, 'c1ccc(-c2ccccc2)cc1'), min:(0.4791666666666667, 'C1=c2c3cc(-c4ccccc4)cc2c31')
[5.035213947296143] Updated in round 380! max:(0.7837837837837838, 'c1ccc(-c2ccccc2)cc1'), min:(0.4807692307692308, 'C=CC1=Cc2cccc1c2-c1ccccc1')
[5.0432963371276855] Updated in round 381! max:(0.7837837837837838, 'c1ccc(-c2ccccc2)cc1'), min:(0.4807692307692308, 'C=CC1=Cc2cccc(-c3ccccc3)c21')
[5.116986036300659] Updated in round 382! max:(0.7837837837837838, 'c1ccc(-c2ccccc2)cc1'), min:(0.4807692307692308, 'C=C1C#Cc2ccc(-c3ccccc3)cc21')
[5.143019676208496] Updated in round 383! max:(0.7837837837837838, 'c1ccc(-c2ccccc2)cc1'), min:(0.4807692307692308, 'C=C1C2=C1c1c2cccc1-c1ccccc1')
[5.546686887741089] Updated in round 384! max:(0.7837837837837838, 'c1ccc(-c2ccccc2)cc1'), min:(0.48214285714285715, 'C=Cc1c2cc3cccc-3c-2c1-c1ccccc1')
[5.657862663269043] Updated in round 385! max:(0.7837837837837838, 'c1ccc(-c2ccccc2)cc1'), min:(0.48214285714285715, 'C=Cc1c2cccc3cc(-c4ccccc4)c-2c1-3')
[5.687928676605225] Updated in round 386! max:(0.7837837837837838, 'c1ccc(-c2ccccc2)cc1'), min:(0.48214285714285715, 'C=Cc1ccc(-c2ccccc2)c2cccc-2c1')
[5.7814552783966064] Updated in round 387! max:(0.7837837837837838, 'c1ccc(-c2ccccc2)cc1'), min:(0.48214285714285715, 'C#Cc1cccccc(-c2cc3cc-3c2)ccc1')
[5.8358235359191895] Updated in round 388! max:(0.7837837837837838, 'c1ccc(-c2ccccc2)cc1'), min:(0.48214285714285715, 'C#Cc1cccc2cc-2ccc1-c1ccccc1')
[5.888077020645142] Updated in round 389! max:(0.7837837837837838, 'c1ccc(-c2ccccc2)cc1'), min:(0.48214285714285715, 'C=Cc1ccccc1-c1cccc2cc-2ccc1')
[5.912710428237915] Updated in round 390! max:(0.7837837837837838, 'c1ccc(-c2ccccc2)cc1'), min:(0.4827586206896552, 'C=CC(=C)C1=CC(=C)C(=C)c2cccccc1ccc2')
[5.944839000701904] Updated in round 391! max:(0.7837837837837838, 'c1ccc(-c2ccccc2)cc1'), min:(0.4827586206896552, 'C=CC(=C)C(=C)C(=C)c1cccc(-c2ccccc2)c1')
[5.9933860301971436] Updated in round 392! max:(0.7837837837837838, 'c1ccc(-c2ccccc2)cc1'), min:(0.48333333333333334, 'C=CC1=Cc2cc(-c3ccccc3)cccc3cc-3c21')
[6.148517370223999] Updated in round 393! max:(0.7837837837837838, 'c1ccc(-c2ccccc2)cc1'), min:(0.48333333333333334, 'C=CC=c1c2cc3cc1c2-c1cccccc-3ccc1')
[6.44914174079895] Updated in round 394! max:(0.7837837837837838, 'c1ccc(-c2ccccc2)cc1'), min:(0.48333333333333334, 'C#CC=Cc1cccc(-c2ccccc2)ccc2cc1-2')
[6.576170444488525] Updated in round 395! max:(0.7837837837837838, 'c1ccc(-c2ccccc2)cc1'), min:(0.48333333333333334, 'C#CC=Cc1cc(-c2ccccc2)cccc2ccc1-2')
[6.609817981719971] Updated in round 396! max:(0.7837837837837838, 'c1ccc(-c2ccccc2)cc1'), min:(0.48333333333333334, 'C=CC#Cc1cc2cccc-2ccc1-c1ccccc1')
[6.730664491653442] Updated in round 397! max:(0.7837837837837838, 'c1ccc(-c2ccccc2)cc1'), min:(0.48333333333333334, 'C=CC#Cc1cc2cccc(-c3ccccc3)cc-2c1')
[6.8961501121521] Updated in round 398! max:(0.7837837837837838, 'c1ccc(-c2ccccc2)cc1'), min:(0.48333333333333334, 'C#CC#Cc1cc2ccc1-c1cccccc-2ccc1')
[7.1324756145477295] Updated in round 399! max:(0.7837837837837838, 'c1ccc(-c2ccccc2)cc1'), min:(0.48333333333333334, 'C=Cc1ccc(-c2ccccc2)cccc2c3c1C=3C=2')
[7.237745046615601] Updated in round 400! max:(0.7837837837837838, 'c1ccc(-c2ccccc2)cc1'), min:(0.48333333333333334, 'C=Cc1ccc(-c2ccccc2)cccc2cc1C#C2')
[7.436630010604858] Updated in round 401! max:(0.7837837837837838, 'c1ccc(-c2ccccc2)cc1'), min:(0.48333333333333334, 'C#Cc1c#cc(-c2cccc(-c3ccccc3)c2)cc1')
[7.612897634506226] Updated in round 402! max:(0.7837837837837838, 'c1ccc(-c2ccccc2)cc1'), min:(0.48333333333333334, 'C=Cc1cccc(-c2ccc(-c3ccccc3)cc2)c1')
[7.780036449432373] Updated in round 403! max:(0.7837837837837838, 'c1ccc(-c2ccccc2)cc1'), min:(0.48333333333333334, 'C=Cc1c(-c2cccc(-c3ccccc3)c2)cc2cc1-2')
[7.882002353668213] Updated in round 404! max:(0.7837837837837838, 'c1ccc(-c2ccccc2)cc1'), min:(0.48333333333333334, 'C#Cc1c2c3c(-c4cccc(-c5ccccc5)c4)c-3c1-2')
[8.071317911148071] Updated in round 405! max:(0.7837837837837838, 'c1ccc(-c2ccccc2)cc1'), min:(0.48333333333333334, 'C=CC1=C2C=CC1=C2c1cccc(-c2ccccc2)c1')
[8.145292282104492] Updated in round 406! max:(0.7837837837837838, 'c1ccc(-c2ccccc2)cc1'), min:(0.48333333333333334, 'C#Cc1cc2c(-c3cccc(-c4ccccc4)c3)cc1-2')
[8.333520889282227] Updated in round 407! max:(0.7837837837837838, 'c1ccc(-c2ccccc2)cc1'), min:(0.48333333333333334, 'C#Cc1cc(-c2ccccc2)cc(-c2ccccc2)c1')
[8.41216230392456] Updated in round 408! max:(0.7837837837837838, 'c1ccc(-c2ccccc2)cc1'), min:(0.48333333333333334, 'C=Cc1c#cc2c(-c3cccc(-c4ccccc4)c3)c1-2')
[8.692505836486816] Updated in round 409! max:(0.7837837837837838, 'c1ccc(-c2ccccc2)cc1'), min:(0.48333333333333334, 'C=CC=C1C=CC(c2cccc(-c3ccccc3)c2)=C1')
[8.797242403030396] Updated in round 410! max:(0.7837837837837838, 'c1ccc(-c2ccccc2)cc1'), min:(0.48333333333333334, 'C=CC=C1C=C2C1=C2c1cccc(-c2ccccc2)c1')
[9.003997087478638] Updated in round 411! max:(0.7837837837837838, 'c1ccc(-c2ccccc2)cc1'), min:(0.48333333333333334, 'C=CC#CC1=C(c2cccc(-c3ccccc3)c2)C=C1')
[9.10134744644165] Updated in round 412! max:(0.7837837837837838, 'c1ccc(-c2ccccc2)cc1'), min:(0.49019607843137253, 'C=C1C=CC(=C)c2ccccccc1cc2')
[9.112910270690918] Updated in round 413! max:(0.7837837837837838, 'c1ccc(-c2ccccc2)cc1'), min:(0.49019607843137253, 'C=Cc1cccc(C=C)c1-c1ccccc1')
[9.203865766525269] Updated in round 414! max:(0.7837837837837838, 'c1ccc(-c2ccccc2)cc1'), min:(0.49019607843137253, 'C#Cc1ccc(-c2ccccc2)cc1C=C')
[9.391004085540771] Updated in round 415! max:(0.7837837837837838, 'c1ccc(-c2ccccc2)cc1'), min:(0.4915254237288136, 'C=C1C=C1c1ccccccc(-c2ccccc2)cc1')
[10.39317774772644] Updated in round 416! max:(0.7837837837837838, 'c1ccc(-c2ccccc2)cc1'), min:(0.4915254237288136, 'C=C1C(=C)c2cc3cccc(-c4ccccc4)cc1c2-3')
[10.708641767501831] Updated in round 417! max:(0.7837837837837838, 'c1ccc(-c2ccccc2)cc1'), min:(0.4915254237288136, 'C=CC=c1cc2cccc(-c3ccccc3)cc-2c1=C')
[10.98717188835144] Updated in round 418! max:(0.7837837837837838, 'c1ccc(-c2ccccc2)cc1'), min:(0.4915254237288136, 'C#CC=c1cccc(-c2ccccc2)ccc2c(=C)c1=2')
[12.58032774925232] Updated in round 419! max:(0.7837837837837838, 'c1ccc(-c2ccccc2)cc1'), min:(0.4915254237288136, 'C=Cc1c#cc(C=C)ccc(-c2ccccc2)ccc1')
[12.65413784980774] Updated in round 420! max:(0.7837837837837838, 'c1ccc(-c2ccccc2)cc1'), min:(0.4915254237288136, 'C=Cc1c2c(ccc(-c3ccccc3)cccc1=C)=C2')
[12.736395359039307] Updated in round 421! max:(0.7837837837837838, 'c1ccc(-c2ccccc2)cc1'), min:(0.4915254237288136, 'C#Cc1cccc(-c2ccccc2)ccc2c(C#C)c1-2')
[12.778804779052734] Updated in round 422! max:(0.7837837837837838, 'c1ccc(-c2ccccc2)cc1'), min:(0.4915254237288136, 'C=CC(=C)c1cc2cccc(-c3ccccc3)cc-2c1')
[12.799920082092285] Updated in round 423! max:(0.7837837837837838, 'c1ccc(-c2ccccc2)cc1'), min:(0.4915254237288136, 'C#CC(=C)c1cc(-c2ccccc2)cccc2cc-2c1')
[12.814006090164185] Updated in round 424! max:(0.7837837837837838, 'c1ccc(-c2ccccc2)cc1'), min:(0.4915254237288136, 'C#CC=c1ccc(-c2ccccc2)cccc2c3c1c23')
[12.816462516784668] Updated in round 425! max:(0.7837837837837838, 'c1ccc(-c2ccccc2)cc1'), min:(0.4915254237288136, 'C#CC=c1c2ccc(-c3ccccc3)cccc-2c1=C')
[12.835854768753052] Updated in round 426! max:(0.7837837837837838, 'c1ccc(-c2ccccc2)cc1'), min:(0.4915254237288136, 'C#Cc1ccc(-c2ccccc2)cccc(=C)c2c1C=2')
[12.85066556930542] Updated in round 427! max:(0.7837837837837838, 'c1ccc(-c2ccccc2)cc1'), min:(0.4915254237288136, 'C#Cc1c2ccc(-c3ccccc3)cccc-2c1C=C')
[12.851838827133179] Updated in round 428! max:(0.7837837837837838, 'c1ccc(-c2ccccc2)cc1'), min:(0.4915254237288136, 'C#Cc1ccc(C=C)cccc(-c2ccccc2)cc1')
[12.871039867401123] Updated in round 429! max:(0.7837837837837838, 'c1ccc(-c2ccccc2)cc1'), min:(0.4915254237288136, 'C#CC1=C(c2cccc(-c3ccccc3)c2)C#CC1=C')
[12.89022159576416] Updated in round 430! max:(0.7837837837837838, 'c1ccc(-c2ccccc2)cc1'), min:(0.4915254237288136, 'C=CC1=C(c2cccc(-c3ccccc3)c2)C(=C)C=C1')
[12.910945177078247] Updated in round 431! max:(0.7837837837837838, 'c1ccc(-c2ccccc2)cc1'), min:(0.4915254237288136, 'C=CC1=C2C(=C)C(c3cccc(-c4ccccc4)c3)=C12')
[12.914775133132935] Updated in round 432! max:(0.7837837837837838, 'c1ccc(-c2ccccc2)cc1'), min:(0.4915254237288136, 'C#CC1=C2C(=C2c2cccc(-c3ccccc3)c2)C1=C')
[12.947842597961426] Updated in round 433! max:(0.7837837837837838, 'c1ccc(-c2ccccc2)cc1'), min:(0.4915254237288136, 'C=CC(=C)C1=C(c2cccc(-c3ccccc3)c2)C=C1')
[12.988712787628174] Updated in round 434! max:(0.7837837837837838, 'c1ccc(-c2ccccc2)cc1'), min:(0.4915254237288136, 'C=CC(=C)C=C1C=C1c1cccc(-c2ccccc2)c1')
[13.013406991958618] Updated in round 435! max:(0.7837837837837838, 'c1ccc(-c2ccccc2)cc1'), min:(0.4915254237288136, 'C=CC1=CC(c2cccc(-c3ccccc3)c2)=C1C=C')
[13.037424564361572] Updated in round 436! max:(0.7837837837837838, 'c1ccc(-c2ccccc2)cc1'), min:(0.4915254237288136, 'C=CC=C1C(C=C)=C1c1cccc(-c2ccccc2)c1')
[13.12082052230835] Updated in round 437! max:(0.7837837837837838, 'c1ccc(-c2ccccc2)cc1'), min:(0.5, 'C1=Cc2cc3cccccc1cccc-3c2')
[13.151385307312012] Updated in round 438! max:(0.7837837837837838, 'c1ccc(-c2ccccc2)cc1'), min:(0.5, 'c1c2ccc(c#1)c1c2-c2cccccc-1ccc2')
[13.173914909362793] Updated in round 439! max:(0.7837837837837838, 'c1ccc(-c2ccccc2)cc1'), min:(0.5, 'C1=Cc2cc3c(cc21)-c1cccccc-3ccc1')
[13.23161005973816] Updated in round 440! max:(0.7837837837837838, 'c1ccc(-c2ccccc2)cc1'), min:(0.5, 'C1=C2C=C2c2cccc(-c3ccccc3)ccc1cc2')
[13.247515678405762] Updated in round 441! max:(0.7837837837837838, 'c1ccc(-c2ccccc2)cc1'), min:(0.5, 'c1c#cc2cccc(-c3ccccc3)ccccc2c#1')
[13.308207035064697] Updated in round 442! max:(0.7837837837837838, 'c1ccc(-c2ccccc2)cc1'), min:(0.5, 'C1=Cc2cccc(-c3ccccc3)cccc(c2)C=C1')
[13.33582091331482] Updated in round 443! max:(0.7837837837837838, 'c1ccc(-c2ccccc2)cc1'), min:(0.5, 'C1=c2c3c4cc-4c2=C1c1cccccc-3ccc1')
[13.416197299957275] Updated in round 444! max:(0.7837837837837838, 'c1ccc(-c2ccccc2)cc1'), min:(0.5, 'C1=CC2=C3C=C3C=C1c1cccccc2ccc1')
[13.446904182434082] Updated in round 445! max:(0.7837837837837838, 'c1ccc(-c2ccccc2)cc1'), min:(0.5, 'c1ccc(-c2cccc3cc4c5c-4c3c5c2)cc1')
[13.45424485206604] Updated in round 446! max:(0.7837837837837838, 'c1ccc(-c2ccccc2)cc1'), min:(0.5, 'c1cccc(-c2ccccc2)ccc2c(c#1)C=C2')
[13.479061841964722] Updated in round 447! max:(0.7837837837837838, 'c1ccc(-c2ccccc2)cc1'), min:(0.5, 'c1ccc(-c2cccc3c4cc(c2)c2c3c42)cc1')
[13.501924276351929] Updated in round 448! max:(0.7837837837837838, 'c1ccc(-c2ccccc2)cc1'), min:(0.5, 'C1#Cc2c1cc1cccc-1cc2-c1ccccc1')
[13.555084705352783] Updated in round 449! max:(0.7837837837837838, 'c1ccc(-c2ccccc2)cc1'), min:(0.5, 'C#Cc1cc(=C)cccc(-c2ccccc2)ccc1=C')
[13.580215454101562] Updated in round 450! max:(0.7837837837837838, 'c1ccc(-c2ccccc2)cc1'), min:(0.5, 'C1=c2cccc(-c3ccccc3)cc3cc-3c2=C1')
[13.598686695098877] Updated in round 451! max:(0.7837837837837838, 'c1ccc(-c2ccccc2)cc1'), min:(0.5, 'c1ccc2cc-2cc(-c2c3cccc2-3)cc1')
[13.620328187942505] Updated in round 452! max:(0.7837837837837838, 'c1ccc(-c2ccccc2)cc1'), min:(0.5, 'c1ccc(-c2ccccc3cc4c-3c2-4)cc1')
[13.663030624389648] Updated in round 453! max:(0.7837837837837838, 'c1ccc(-c2ccccc2)cc1'), min:(0.5, 'c1ccc(-c2ccc3cccccc2-3)cc1')
[13.687139749526978] Updated in round 454! max:(0.7837837837837838, 'c1ccc(-c2ccccc2)cc1'), min:(0.5, 'c1ccc(-c2cc3ccc2-c2cccc-3c2)cc1')
[13.747409343719482] Updated in round 455! max:(0.7837837837837838, 'c1ccc(-c2ccccc2)cc1'), min:(0.5, 'C=CC(=C)C1=CC(c2cccc(-c3ccccc3)c2)=C1')
[13.810567617416382] Updated in round 456! max:(0.7837837837837838, 'c1ccc(-c2ccccc2)cc1'), min:(0.5084745762711864, 'C=CC=C1C=C1c1cccccc2cccc-2ccc1')
[13.856250524520874] Updated in round 457! max:(0.7837837837837838, 'c1ccc(-c2ccccc2)cc1'), min:(0.5084745762711864, 'C=c1c2cc3cccc(-c4ccccc4)cccc1c3-2')
[13.896174907684326] Updated in round 458! max:(0.7837837837837838, 'c1ccc(-c2ccccc2)cc1'), min:(0.5084745762711864, 'C=C1C2=Cc3c1cccc(-c1ccccc1)cccc32')
[13.919257640838623] Updated in round 459! max:(0.7837837837837838, 'c1ccc(-c2ccccc2)cc1'), min:(0.5084745762711864, 'C=C1C=c2c3cccc(-c4ccccc4)cccc2c31')
[14.030449628829956] Updated in round 460! max:(0.7837837837837838, 'c1ccc(-c2ccccc2)cc1'), min:(0.5084745762711864, 'C=c1c#cc2cccc(-c3ccccc3)cccc1c2')
[14.042142629623413] Updated in round 461! max:(0.7837837837837838, 'c1ccc(-c2ccccc2)cc1'), min:(0.5084745762711864, 'C=c1c2cccc(-c3ccccc3)cccc1ccc2')
[14.117235660552979] Updated in round 462! max:(0.7837837837837838, 'c1ccc(-c2ccccc2)cc1'), min:(0.5084745762711864, 'C=CC1=C2c3cccc(-c4ccccc4)cccc1c32')
[14.14942979812622] Updated in round 463! max:(0.7837837837837838, 'c1ccc(-c2ccccc2)cc1'), min:(0.5084745762711864, 'C#Cc1c2cccc(-c3ccccc3)cccc1C#C2')
[14.196986675262451] Updated in round 464! max:(0.7837837837837838, 'c1ccc(-c2ccccc2)cc1'), min:(0.5084745762711864, 'C=Cc1cccc(-c2ccccc2)cccc2c1C=C2')
[14.270823240280151] Updated in round 465! max:(0.7837837837837838, 'c1ccc(-c2ccccc2)cc1'), min:(0.5084745762711864, 'C=CC#Cc1cccccc(-c2ccccc2)ccc1')
[14.301366090774536] Updated in round 466! max:(0.7837837837837838, 'c1ccc(-c2ccccc2)cc1'), min:(0.5084745762711864, 'C#CC=Cc1ccc(-c2ccccc2)cccc2cc1-2')
[14.403017044067383] Updated in round 467! max:(0.7837837837837838, 'c1ccc(-c2ccccc2)cc1'), min:(0.509090909090909, 'C=c1c#cc2cccccc3cccc-3cc1c2')
[14.485222101211548] Updated in round 468! max:(0.7837837837837838, 'c1ccc(-c2ccccc2)cc1'), min:(0.509090909090909, 'C=CC=c1cccccc2cccc-2cc2c1=C2')
[15.195598363876343] Updated in round 469! max:(0.7837837837837838, 'c1ccc(-c2ccccc2)cc1'), min:(0.509090909090909, 'C=CC=C1c2ccccccc3cccc-3cc21')
[15.573696613311768] Updated in round 470! max:(0.7837837837837838, 'c1ccc(-c2ccccc2)cc1'), min:(0.509090909090909, 'C=CC=Cc1c2cccc3cccccc-3cc1-2')
[15.79219388961792] Updated in round 471! max:(0.7837837837837838, 'c1ccc(-c2ccccc2)cc1'), min:(0.509090909090909, 'C=CC=Cc1cccccccc2cccc-2c1')
[15.841442346572876] Updated in round 472! max:(0.7837837837837838, 'c1ccc(-c2ccccc2)cc1'), min:(0.509090909090909, 'C#Cc1cc2cccccc-2cccc2c1C#C2')
[16.87582039833069] Updated in round 473! max:(0.7837837837837838, 'c1ccc(-c2ccccc2)cc1'), min:(0.509090909090909, 'C=c1c2cc3cc4cccc-4cccccc1c3=2')
[16.9107027053833] Updated in round 474! max:(0.7837837837837838, 'c1ccc(-c2ccccc2)cc1'), min:(0.509090909090909, 'C=c1cc(-c2ccccc2)cccc2c3cc1c3-2')
[17.842894077301025] Updated in round 475! max:(0.7837837837837838, 'c1ccc(-c2ccccc2)cc1'), min:(0.509090909090909, 'C=C1C=CC2=CC=C1c1cccccc2ccc1')
[18.30125379562378] Updated in round 476! max:(0.7837837837837838, 'c1ccc(-c2ccccc2)cc1'), min:(0.509090909090909, 'C=c1c2cc3cc1c3-c1cccccc-2ccc1')
[19.760547161102295] Updated in round 477! max:(0.7837837837837838, 'c1ccc(-c2ccccc2)cc1'), min:(0.509090909090909, 'C=C1C=C2C3=CC(=C13)c1cccccc2ccc1')
[19.975453853607178] Updated in round 478! max:(0.7837837837837838, 'c1ccc(-c2ccccc2)cc1'), min:(0.509090909090909, 'C=Cc1cc(-c2ccccc2)cccc2c#cc1-2')
[20.03787922859192] Updated in round 479! max:(0.7837837837837838, 'c1ccc(-c2ccccc2)cc1'), min:(0.509090909090909, 'C=c1cc2c3cccc(-c4ccccc4)cc1c3-2')
[20.269546031951904] Updated in round 480! max:(0.7837837837837838, 'c1ccc(-c2ccccc2)cc1'), min:(0.509090909090909, 'C=C1C2=CC3=C1C=C2c1cccccc3ccc1')
[20.91189980506897] Updated in round 481! max:(0.7837837837837838, 'c1ccc(-c2ccccc2)cc1'), min:(0.509090909090909, 'C#Cc1cc2c3c(c1-2)-c1cccccc-3ccc1')
[21.074973821640015] Updated in round 482! max:(0.7837837837837838, 'c1ccc(-c2ccccc2)cc1'), min:(0.509090909090909, 'C=Cc1cccc2c1-c1cccccc-2ccc1')
[21.297425746917725] Updated in round 483! max:(0.7837837837837838, 'c1ccc(-c2ccccc2)cc1'), min:(0.509090909090909, 'C=c1ccccc(-c2ccccc2)ccc2c1=C2')
[21.39338493347168] Updated in round 484! max:(0.7837837837837838, 'c1ccc(-c2ccccc2)cc1'), min:(0.509090909090909, 'C#Cc1c2cc(-c3ccccc3)cccc3c-2c1-3')
[21.733872413635254] Updated in round 485! max:(0.7837837837837838, 'c1ccc(-c2ccccc2)cc1'), min:(0.509090909090909, 'C=Cc1cc(-c2ccccc2)ccccc2cc1-2')
[22.063923120498657] Updated in round 486! max:(0.7837837837837838, 'c1ccc(-c2ccccc2)cc1'), min:(0.509090909090909, 'C=Cc1ccc2cc(-c3ccccc3)cccc1-2')
[22.95227813720703] Updated in round 487! max:(0.7837837837837838, 'c1ccc(-c2ccccc2)cc1'), min:(0.509090909090909, 'C=Cc1ccccccc(-c2ccccc2)cc1')
[23.403696298599243] Updated in round 488! max:(0.7837837837837838, 'c1ccc(-c2ccccc2)cc1'), min:(0.509090909090909, 'C1=C2C(=C1)C2=Cc1cccc(-c2ccccc2)c1')
[24.476348400115967] Updated in round 489! max:(0.7837837837837838, 'c1ccc(-c2ccccc2)cc1'), min:(0.509090909090909, 'C#CC#CC#Cc1cccc(-c2ccccc2)c1')
[24.658533811569214] Updated in round 490! max:(0.7837837837837838, 'c1ccc(-c2ccccc2)cc1'), min:(0.5098039215686274, 'C=C1c2ccccc3ccc-3ccccc21')
[27.526415586471558] Updated in round 491! max:(0.7837837837837838, 'c1ccc(-c2ccccc2)cc1'), min:(0.5098039215686274, 'C#Cc1cccccccc2ccc-2cc1')
[27.98199224472046] Updated in round 492! max:(0.7837837837837838, 'c1ccc(-c2ccccc2)cc1'), min:(0.5098039215686274, 'C#Cc1cc2cc3cccc-3ccccc1-2')
[28.665124654769897] Updated in round 493! max:(0.7837837837837838, 'c1ccc(-c2ccccc2)cc1'), min:(0.5098039215686274, 'C=c1c2cccc3cccc-3cccc1c2')
[28.961591005325317] Updated in round 494! max:(0.7837837837837838, 'c1ccc(-c2ccccc2)cc1'), min:(0.5098039215686274, 'C#CC=Cc1ccc(-c2ccccc2)cc1')
[29.04220747947693] Updated in round 495! max:(0.7837837837837838, 'c1ccc(-c2ccccc2)cc1'), min:(0.5098039215686274, 'C=CC#Cc1ccc(-c2ccccc2)cc1')
[29.114567279815674] No improvement found in round 496. Terminating...
