[8.869171142578125e-05]Start running EvoMol from [H][H]...
[0.0024657249450683594] Updated in round 1! max:(0.0, '[H][H]'), min:(-99999, '')
[0.0029158592224121094] Updated in round 2! max:(0.0, '[H][H]'), min:(-99999, '')
[0.004111766815185547] Updated in round 3! max:(0.11428571428571428, 'C1=CC=C1'), min:(-99999, '')
[0.0060176849365234375] Updated in round 4! max:(0.11428571428571428, 'C1=CC=C1'), min:(-99999, '')
[0.008307218551635742] Updated in round 5! max:(0.2702702702702703, 'c1cc2ccc1-2'), min:(-99999, '')
[0.012239217758178711] Updated in round 6! max:(0.2702702702702703, 'c1cc2ccc1-2'), min:(-99999, '')
[0.017769336700439453] Updated in round 7! max:(0.325, 'C=Cc1ccccc1'), min:(-99999, '')
[0.021316051483154297] Updated in round 8! max:(0.35, 'C1=Cc2ccccc21'), min:(-99999, '')
[0.025122404098510742] Updated in round 9! max:(0.35, 'C1=Cc2ccccc21'), min:(-99999, '')
[0.025643348693847656] Updated in round 10! max:(0.35, 'C1=Cc2ccccc21'), min:(-99999, '')
[0.028756380081176758] Updated in round 11! max:(0.35, 'C1=Cc2ccccc21'), min:(-99999, '')
[0.03246665000915527] Updated in round 12! max:(0.35, 'C1=Cc2ccccc21'), min:(-99999, '')
[0.033139944076538086] Updated in round 13! max:(0.35, 'C1=Cc2ccccc21'), min:(-99999, '')
[0.03596663475036621] Updated in round 14! max:(0.35, 'C1=Cc2ccccc21'), min:(-99999, '')
[0.03905153274536133] Updated in round 15! max:(0.35, 'C1=Cc2ccccc21'), min:(-99999, '')
[0.04251742362976074] Updated in round 16! max:(0.35, 'C1=Cc2ccccc21'), min:(-99999, '')
[0.047210693359375] Updated in round 17! max:(0.35, 'C1=Cc2ccccc21'), min:(-99999, '')
[0.047857046127319336] Updated in round 18! max:(0.35, 'C1=Cc2ccccc21'), min:(-99999, '')
[0.053769826889038086] Updated in round 19! max:(0.35, 'C1=Cc2ccccc21'), min:(-99999, '')
[0.054459571838378906] Updated in round 20! max:(0.35, 'C1=Cc2ccccc21'), min:(-99999, '')
[0.05512213706970215] Updated in round 21! max:(0.35, 'C1=Cc2ccccc21'), min:(-99999, '')
[0.06183934211730957] Updated in round 22! max:(0.35, 'C1=Cc2ccccc21'), min:(-99999, '')
[0.0625467300415039] Updated in round 23! max:(0.40476190476190477, 'C1=CC(c2ccccc2)=C1'), min:(-99999, '')
[0.06776833534240723] Updated in round 24! max:(0.40476190476190477, 'C1=CC(c2ccccc2)=C1'), min:(-99999, '')
[0.06838369369506836] Updated in round 25! max:(0.40476190476190477, 'C1=CC(c2ccccc2)=C1'), min:(-99999, '')
[0.0738375186920166] Updated in round 26! max:(0.40476190476190477, 'C1=CC(c2ccccc2)=C1'), min:(-99999, '')
[0.07451152801513672] Updated in round 27! max:(0.5, 'c1cccc2ccc=2cc1'), min:(-99999, '')
[0.07945632934570312] Updated in round 28! max:(0.5, 'c1cccc2ccc=2cc1'), min:(-99999, '')
[0.08008074760437012] Updated in round 29! max:(0.5, 'c1cccc2ccc=2cc1'), min:(-99999, '')
[0.08685994148254395] Updated in round 30! max:(0.5, 'c1cccc2ccc=2cc1'), min:(-99999, '')
[0.0932762622833252] Updated in round 31! max:(0.5, 'c1cccc2ccc=2cc1'), min:(-99999, '')
[0.09388375282287598] Updated in round 32! max:(0.5, 'c1cccc2ccc=2cc1'), min:(-99999, '')
[0.09960579872131348] Updated in round 33! max:(0.5, 'c1cccc2ccc=2cc1'), min:(-99999, '')
[0.10030865669250488] Updated in round 34! max:(0.5, 'c1cccc2ccc=2cc1'), min:(-99999, '')
[0.10093140602111816] Updated in round 35! max:(0.5, 'c1cccc2ccc=2cc1'), min:(-99999, '')
[0.1015775203704834] Updated in round 36! max:(0.5, 'c1cccc2ccc=2cc1'), min:(-99999, '')
[0.10221648216247559] Updated in round 37! max:(0.5, 'c1cccc2ccc=2cc1'), min:(-99999, '')
[0.10902833938598633] Updated in round 38! max:(0.5, 'c1cccc2ccc=2cc1'), min:(-99999, '')
[0.1097404956817627] Updated in round 39! max:(0.5, 'c1cccc2ccc=2cc1'), min:(-99999, '')
[0.11043143272399902] Updated in round 40! max:(0.5, 'c1cccc2ccc=2cc1'), min:(-99999, '')
[0.1202535629272461] Updated in round 41! max:(0.5, 'c1cccc2ccc=2cc1'), min:(-99999, '')
[0.1210625171661377] Updated in round 42! max:(0.5, 'c1cccc2ccc=2cc1'), min:(-99999, '')
[0.12184929847717285] Updated in round 43! max:(0.5, 'c1cccc2ccc=2cc1'), min:(-99999, '')
[0.12257146835327148] Updated in round 44! max:(0.5, 'c1cccc2ccc=2cc1'), min:(-99999, '')
[0.12333822250366211] Updated in round 45! max:(0.5, 'c1cccc2ccc=2cc1'), min:(-99999, '')
[0.13276076316833496] Updated in round 46! max:(0.5, 'c1cccc2ccc=2cc1'), min:(-99999, '')
[0.13349366188049316] Updated in round 47! max:(0.5, 'c1cccc2ccc=2cc1'), min:(-99999, '')
[0.14339542388916016] Updated in round 48! max:(0.5, 'c1cccc2ccc=2cc1'), min:(-99999, '')
[0.15015292167663574] Updated in round 49! max:(0.5, 'c1cccc2ccc=2cc1'), min:(-99999, '')
[0.15078496932983398] Updated in round 50! max:(0.5, 'c1cccc2ccc=2cc1'), min:(-99999, '')
[0.15139484405517578] Updated in round 51! max:(0.5, 'c1cccc2ccc=2cc1'), min:(-99999, '')
[0.15214252471923828] Updated in round 52! max:(0.5, 'c1cccc2ccc=2cc1'), min:(-99999, '')
[0.16192865371704102] Updated in round 53! max:(0.5116279069767442, 'C=c1c2cccccccc1c2'), min:(-99999, '')
[0.17091941833496094] Updated in round 54! max:(0.5116279069767442, 'C=c1c2cccccccc1c2'), min:(-99999, '')
[0.17161989212036133] Updated in round 55! max:(0.5116279069767442, 'C=c1c2cccccccc1c2'), min:(-99999, '')
[0.17235755920410156] Updated in round 56! max:(0.5116279069767442, 'C=c1c2cccccccc1c2'), min:(-99999, '')
[0.17309784889221191] Updated in round 57! max:(0.5116279069767442, 'C=c1c2cccccccc1c2'), min:(-99999, '')
[0.17388057708740234] Updated in round 58! max:(0.5116279069767442, 'C=c1c2cccccccc1c2'), min:(-99999, '')
[0.195343017578125] Updated in round 59! max:(0.5116279069767442, 'C=c1c2cccccccc1c2'), min:(-99999, '')
[0.19620394706726074] Updated in round 60! max:(0.5319148936170213, 'c1ccc2ccc3cc2ccc3cc1'), min:(-99999, '')
[0.21026968955993652] Updated in round 61! max:(0.5319148936170213, 'c1ccc2ccc3cc2ccc3cc1'), min:(-99999, '')
[0.2111523151397705] Updated in round 62! max:(0.5319148936170213, 'c1ccc2ccc3cc2ccc3cc1'), min:(-99999, '')
[0.21201443672180176] Updated in round 63! max:(0.5319148936170213, 'c1ccc2ccc3cc2ccc3cc1'), min:(-99999, '')
[0.21289825439453125] Updated in round 64! max:(0.7142857142857143, 'c1ccccc2ccccc2ccc1'), min:(-99999, '')
[0.22607159614562988] Updated in round 65! max:(0.7142857142857143, 'c1ccccc2ccccc2ccc1'), min:(-99999, '')
[0.22681212425231934] Updated in round 66! max:(0.7142857142857143, 'c1ccccc2ccccc2ccc1'), min:(-99999, '')
[0.2275254726409912] Updated in round 67! max:(0.7142857142857143, 'c1ccccc2ccccc2ccc1'), min:(-99999, '')
[0.22821450233459473] Updated in round 68! max:(0.7142857142857143, 'c1ccccc2ccccc2ccc1'), min:(-99999, '')
[0.24497675895690918] Updated in round 69! max:(0.7142857142857143, 'c1ccccc2ccccc2ccc1'), min:(-99999, '')
[0.2459399700164795] Updated in round 70! max:(0.7142857142857143, 'c1ccccc2ccccc2ccc1'), min:(-99999, '')
[0.24675726890563965] Updated in round 71! max:(0.7142857142857143, 'c1ccccc2ccccc2ccc1'), min:(-99999, '')
[0.24760007858276367] Updated in round 72! max:(0.7142857142857143, 'c1ccccc2ccccc2ccc1'), min:(-99999, '')
[0.24835705757141113] Updated in round 73! max:(0.7142857142857143, 'c1ccccc2ccccc2ccc1'), min:(-99999, '')
[0.24917078018188477] Updated in round 74! max:(0.7142857142857143, 'c1ccccc2ccccc2ccc1'), min:(-99999, '')
[0.2499537467956543] Updated in round 75! max:(0.7142857142857143, 'c1ccccc2ccccc2ccc1'), min:(-99999, '')
[0.25078392028808594] Updated in round 76! max:(0.7142857142857143, 'c1ccccc2ccccc2ccc1'), min:(-99999, '')
[0.25159740447998047] Updated in round 77! max:(0.7142857142857143, 'c1ccccc2ccccc2ccc1'), min:(-99999, '')
[0.25241565704345703] Updated in round 78! max:(0.7142857142857143, 'c1ccccc2ccccc2ccc1'), min:(-99999, '')
[0.2532060146331787] Updated in round 79! max:(0.7142857142857143, 'c1ccccc2ccccc2ccc1'), min:(-99999, '')
[0.2679157257080078] Updated in round 80! max:(0.7142857142857143, 'c1ccccc2ccccc2ccc1'), min:(-99999, '')
[0.2687652111053467] Updated in round 81! max:(0.7142857142857143, 'c1ccccc2ccccc2ccc1'), min:(-99999, '')
[0.2695648670196533] Updated in round 82! max:(0.7142857142857143, 'c1ccccc2ccccc2ccc1'), min:(-99999, '')
[0.27034831047058105] Updated in round 83! max:(0.7142857142857143, 'c1ccccc2ccccc2ccc1'), min:(-99999, '')
[0.2711050510406494] Updated in round 84! max:(0.7142857142857143, 'c1ccccc2ccccc2ccc1'), min:(-99999, '')
[0.2718312740325928] Updated in round 85! max:(0.7142857142857143, 'c1ccccc2ccccc2ccc1'), min:(-99999, '')
[0.27258992195129395] Updated in round 86! max:(0.7142857142857143, 'c1ccccc2ccccc2ccc1'), min:(-99999, '')
[0.27333855628967285] Updated in round 87! max:(0.7142857142857143, 'c1ccccc2ccccc2ccc1'), min:(-99999, '')
[0.27408504486083984] Updated in round 88! max:(0.7142857142857143, 'c1ccccc2ccccc2ccc1'), min:(-99999, '')
[0.2748229503631592] Updated in round 89! max:(0.7142857142857143, 'c1ccccc2ccccc2ccc1'), min:(-99999, '')
[0.2877819538116455] Updated in round 90! max:(0.7142857142857143, 'c1ccccc2ccccc2ccc1'), min:(-99999, '')
[0.28861236572265625] Updated in round 91! max:(0.7142857142857143, 'c1ccccc2ccccc2ccc1'), min:(-99999, '')
[0.2894430160522461] Updated in round 92! max:(0.7142857142857143, 'c1ccccc2ccccc2ccc1'), min:(-99999, '')
[0.29021406173706055] Updated in round 93! max:(0.7142857142857143, 'c1ccccc2ccccc2ccc1'), min:(-99999, '')
[0.2910010814666748] Updated in round 94! max:(0.7142857142857143, 'c1ccccc2ccccc2ccc1'), min:(-99999, '')
[0.291792631149292] Updated in round 95! max:(0.7142857142857143, 'c1ccccc2ccccc2ccc1'), min:(-99999, '')
[0.29257655143737793] Updated in round 96! max:(0.7142857142857143, 'c1ccccc2ccccc2ccc1'), min:(-99999, '')
[0.30550599098205566] Updated in round 97! max:(0.7142857142857143, 'c1ccccc2ccccc2ccc1'), min:(-99999, '')
[0.30634117126464844] Updated in round 98! max:(0.7142857142857143, 'c1ccccc2ccccc2ccc1'), min:(-99999, '')
[0.32325220108032227] Updated in round 99! max:(0.7142857142857143, 'c1ccccc2ccccc2ccc1'), min:(-99999, '')
[0.32412195205688477] Updated in round 100! max:(0.7142857142857143, 'c1ccccc2ccccc2ccc1'), min:(-99999, '')
[0.3249964714050293] Updated in round 101! max:(0.7142857142857143, 'c1ccccc2ccccc2ccc1'), min:(-99999, '')
[0.32581353187561035] Updated in round 102! max:(0.7142857142857143, 'c1ccccc2ccccc2ccc1'), min:(0.0, 'C=CC=CC=CC=C')
[0.3266153335571289] Updated in round 103! max:(0.7142857142857143, 'c1ccccc2ccccc2ccc1'), min:(0.0, 'C=CC=CC=C')
[0.3273935317993164] Updated in round 104! max:(0.7142857142857143, 'c1ccccc2ccccc2ccc1'), min:(0.045454545454545456, 'C#CC1=CC#C1')
[0.3282308578491211] Updated in round 105! max:(0.7142857142857143, 'c1ccccc2ccccc2ccc1'), min:(0.06666666666666667, 'C=CC=c1cc2c(=CC=C)cc1-2')
[0.32907867431640625] Updated in round 106! max:(0.7142857142857143, 'c1ccccc2ccccc2ccc1'), min:(0.06976744186046512, 'C#CC1=C2C=C12')
[0.329864501953125] Updated in round 107! max:(0.7142857142857143, 'c1ccccc2ccccc2ccc1'), min:(0.07407407407407407, 'C=CC=CC1=CC=C1C=C')
[0.34465861320495605] Updated in round 108! max:(0.7142857142857143, 'c1ccccc2ccccc2ccc1'), min:(0.08333333333333333, 'C=CC=CC1=CC=C1')
[0.34551262855529785] Updated in round 109! max:(0.7142857142857143, 'c1ccccc2ccccc2ccc1'), min:(0.09523809523809523, 'C#CC1=CC=C1')
[0.34633588790893555] Updated in round 110! max:(0.7142857142857143, 'c1ccccc2ccccc2ccc1'), min:(0.1111111111111111, 'C1=Cc2c1c1cc3c2cc13')
[0.3471043109893799] Updated in round 111! max:(0.7142857142857143, 'c1ccccc2ccccc2ccc1'), min:(0.125, 'C1=c2cc3cc-3c2=C1')
[0.3478541374206543] Updated in round 112! max:(0.7142857142857143, 'c1ccccc2ccccc2ccc1'), min:(0.1346153846153846, 'C=CC=Cc1cc2ccc1-2')
[0.3486182689666748] Updated in round 113! max:(0.7142857142857143, 'c1ccccc2ccccc2ccc1'), min:(0.13793103448275862, 'C1=CC2=c3c2cc(c2c3=CC=2)=C1')
[0.34940385818481445] Updated in round 114! max:(0.7142857142857143, 'c1ccccc2ccccc2ccc1'), min:(0.14285714285714285, 'C=Cc1ccc(C=C)c2c1=CC=2')
[0.35016846656799316] Updated in round 115! max:(0.7142857142857143, 'c1ccccc2ccccc2ccc1'), min:(0.15217391304347827, 'C=Cc1ccc2cc1-2')
[0.3665494918823242] Updated in round 116! max:(0.7142857142857143, 'c1ccccc2ccccc2ccc1'), min:(0.1568627450980392, 'C=c1c2cc3ccc2c1c3')
[0.36754441261291504] Updated in round 117! max:(0.7142857142857143, 'c1ccccc2ccccc2ccc1'), min:(0.16071428571428573, 'C=Cc1cc2cc-2cc2ccc1=2')
[0.3684659004211426] Updated in round 118! max:(0.7142857142857143, 'c1ccccc2ccccc2ccc1'), min:(0.17647058823529413, 'c1cc2c3c4cc=3c2c4c1')
[0.36943626403808594] Updated in round 119! max:(0.7142857142857143, 'c1ccccc2ccccc2ccc1'), min:(0.18, 'C=c1cc2c3cc1ccc3-2')
[0.3703320026397705] Updated in round 120! max:(0.7142857142857143, 'c1ccccc2ccccc2ccc1'), min:(0.18181818181818182, 'C=CC=Cc1cccc2c1=CC=2')
[0.371265172958374] Updated in round 121! max:(0.7142857142857143, 'c1ccccc2ccccc2ccc1'), min:(0.18518518518518517, 'C=c1c2ccc(c1=C)=CC=CC=2')
[0.372180700302124] Updated in round 122! max:(0.7142857142857143, 'c1ccccc2ccccc2ccc1'), min:(0.1875, 'C=CC=CC=Cc1ccccc1C=CC=C')
[0.3731091022491455] Updated in round 123! max:(0.7142857142857143, 'c1ccccc2ccccc2ccc1'), min:(0.19047619047619047, 'C=CC(=C)C=CC=CC=c1ccccc1=C')
[0.37402987480163574] Updated in round 124! max:(0.7142857142857143, 'c1ccccc2ccccc2ccc1'), min:(0.19047619047619047, 'C=CC(=C)C=CC=Cc1ccccc1C=C')
[0.3915538787841797] Updated in round 125! max:(0.7142857142857143, 'c1ccccc2ccccc2ccc1'), min:(0.2, 'c1cc2cc3c4cc1c4c23')
[0.39260077476501465] Updated in round 126! max:(0.7142857142857143, 'c1ccccc2ccccc2ccc1'), min:(0.203125, 'C#CC1=CC=C2C=Cc3c(cccc32)C=C1')
[0.39363574981689453] Updated in round 127! max:(0.7142857142857143, 'c1ccccc2ccccc2ccc1'), min:(0.203125, 'C#CC1=CC=Cc2cccc3c2C=CC3=C1')
[0.3946208953857422] Updated in round 128! max:(0.7142857142857143, 'c1ccccc2ccccc2ccc1'), min:(0.2033898305084746, 'C=C1C2=CC=CC=Cc3ccc2cc31')
[0.3956472873687744] Updated in round 129! max:(0.7142857142857143, 'c1ccccc2ccccc2ccc1'), min:(0.20408163265306123, 'C1=CC(c2ccc3cc2-3)=C1')
[0.39667773246765137] Updated in round 130! max:(0.7142857142857143, 'c1ccccc2ccccc2ccc1'), min:(0.20634920634920634, 'C#CC(C=C)=CC=CC=Cc1ccccc1')
[0.4110403060913086] Updated in round 131! max:(0.7142857142857143, 'c1ccccc2ccccc2ccc1'), min:(0.20689655172413793, 'C=CC=CC=c1ccccc1=CC=C')
[0.4119875431060791] Updated in round 132! max:(0.7142857142857143, 'c1ccccc2ccccc2ccc1'), min:(0.20833333333333334, 'C=Cc1ccc(C=C)cc1')
[0.4129459857940674] Updated in round 133! max:(0.7142857142857143, 'c1ccccc2ccccc2ccc1'), min:(0.22033898305084745, 'C1=Cc2c3cccc2C1=CC1=CC1=C3')
[0.41379404067993164] Updated in round 134! max:(0.7142857142857143, 'c1ccccc2ccccc2ccc1'), min:(0.2222222222222222, 'c1c2cc3ccc4cc3c4cc12')
[0.4147341251373291] Updated in round 135! max:(0.7142857142857143, 'c1ccccc2ccccc2ccc1'), min:(0.22580645161290322, 'C=CC=CC1=C(C=Cc2ccccc2)C1=C')
[0.4157266616821289] Updated in round 136! max:(0.7142857142857143, 'c1ccccc2ccccc2ccc1'), min:(0.22641509433962265, 'C=Cc1cccc2c3ccc=3c12')
[0.416698694229126] Updated in round 137! max:(0.7142857142857143, 'c1ccccc2ccccc2ccc1'), min:(0.22807017543859648, 'C#Cc1cc(C=C)cccc2ccc1=2')
[0.41767048835754395] Updated in round 138! max:(0.7142857142857143, 'c1ccccc2ccccc2ccc1'), min:(0.23076923076923078, 'C#Cc1cccc(C2=CC=C2)c1')
[0.418642520904541] Updated in round 139! max:(0.7142857142857143, 'c1ccccc2ccccc2ccc1'), min:(0.24193548387096775, 'C=c1c2cccc3c4ccc3c(ccc12)C=4')
[0.41974306106567383] Updated in round 140! max:(0.7142857142857143, 'c1ccccc2ccccc2ccc1'), min:(0.24561403508771928, 'C=Cc1cc2cccc3cc-3c1cc2')
[0.43697690963745117] Updated in round 141! max:(0.7142857142857143, 'c1ccccc2ccccc2ccc1'), min:(0.25, 'C=C1C=Cc2cccc(c2)C=C1')
[0.43816685676574707] Updated in round 142! max:(0.7142857142857143, 'c1ccccc2ccccc2ccc1'), min:(0.25, 'C#Cc1c2ccc2cc2ccc12')
[0.4392993450164795] Updated in round 143! max:(0.7142857142857143, 'c1ccccc2ccccc2ccc1'), min:(0.2549019607843137, 'C=c1cccc2cc-2c(=C)cc1')
[0.44024133682250977] Updated in round 144! max:(0.7142857142857143, 'c1ccccc2ccccc2ccc1'), min:(0.2553191489361702, 'C=C1C=Cc2ccc1cc2')
[0.4415898323059082] Updated in round 145! max:(0.7142857142857143, 'c1ccccc2ccccc2ccc1'), min:(0.25806451612903225, 'C1#CC2=CC=CC1=CC=c1ccccc1=C2')
[0.44263315200805664] Updated in round 146! max:(0.7142857142857143, 'c1ccccc2ccccc2ccc1'), min:(0.2608695652173913, 'C#CC=c1ccccc1=C')
[0.4436309337615967] Updated in round 147! max:(0.7142857142857143, 'c1ccccc2ccccc2ccc1'), min:(0.26229508196721313, 'C=C1C=Cc2ccccc2C=C2C=CC1=C2')
[0.4445784091949463] Updated in round 148! max:(0.7142857142857143, 'c1ccccc2ccccc2ccc1'), min:(0.26229508196721313, 'C=c1c2cccc3c4ccc(ccc12)c3c4')
[0.45964741706848145] Updated in round 149! max:(0.7142857142857143, 'c1ccccc2ccccc2ccc1'), min:(0.26229508196721313, 'C=CC1=CC=Cc2cccc3c1cccc23')
[0.460646390914917] Updated in round 150! max:(0.7142857142857143, 'c1ccccc2ccccc2ccc1'), min:(0.26785714285714285, 'C=CC=CC1=CC1=Cc1ccccc1')
[0.4619631767272949] Updated in round 151! max:(0.7142857142857143, 'c1ccccc2ccccc2ccc1'), min:(0.2692307692307692, 'c1cc2cc3ccc1c1cc2c31')
[0.46303224563598633] Updated in round 152! max:(0.7142857142857143, 'c1ccccc2ccccc2ccc1'), min:(0.2692307692307692, 'c1cc2cc3cc2c2cc3c2c1')
[0.4639308452606201] Updated in round 153! max:(0.7142857142857143, 'c1ccccc2ccccc2ccc1'), min:(0.2727272727272727, 'C#Cc1cc2cccccc(C=C)c1=2')
[0.4792017936706543] Updated in round 154! max:(0.7142857142857143, 'c1ccccc2ccccc2ccc1'), min:(0.27450980392156865, 'C=Cc1cccc2ccc-2cc1')
[0.4803500175476074] Updated in round 155! max:(0.7142857142857143, 'c1ccccc2ccccc2ccc1'), min:(0.2765957446808511, 'c1cc2ccc3c-2cc-3c1')
[0.4813251495361328] Updated in round 156! max:(0.7142857142857143, 'c1ccccc2ccccc2ccc1'), min:(0.2786885245901639, 'C1#Cc2ccc3ccc4cc3cc-4ccc21')
[0.48244333267211914] Updated in round 157! max:(0.7142857142857143, 'c1ccccc2ccccc2ccc1'), min:(0.2826086956521739, 'c1cc2cc(c1)c1c3c2c13')
[0.4834768772125244] Updated in round 158! max:(0.7142857142857143, 'c1ccccc2ccccc2ccc1'), min:(0.2826086956521739, 'C=CC=Cc1ccccc1')
[0.48469996452331543] Updated in round 159! max:(0.7142857142857143, 'c1ccccc2ccccc2ccc1'), min:(0.2833333333333333, 'C#CC1=CC=c2ccc3cccc2c3C=C1')
[0.4980649948120117] Updated in round 160! max:(0.7142857142857143, 'c1ccccc2ccccc2ccc1'), min:(0.2833333333333333, 'C=CC1=CC=Cc2c3cccc2c(cc3)=C1')
[0.4993858337402344] Updated in round 161! max:(0.7142857142857143, 'c1ccccc2ccccc2ccc1'), min:(0.2857142857142857, 'c1cc2ccc3ccc4c1ccc3c24')
[0.5003011226654053] Updated in round 162! max:(0.7142857142857143, 'c1ccccc2ccccc2ccc1'), min:(0.288135593220339, 'C=c1cccccc2c3c(c1=C)C(=C2)C=C3')
[0.5013492107391357] Updated in round 163! max:(0.7142857142857143, 'c1ccccc2ccccc2ccc1'), min:(0.2909090909090909, 'C=C1C=CC=CC=c2ccccc2=C1')
[0.5023133754730225] Updated in round 164! max:(0.7142857142857143, 'c1ccccc2ccccc2ccc1'), min:(0.29411764705882354, 'c1cc2cc3c2cc3c2cc2c1')
[0.5033948421478271] Updated in round 165! max:(0.7142857142857143, 'c1ccccc2ccccc2ccc1'), min:(0.2962962962962963, 'C=Cc1ccccc2ccc=2c1C=C')
[0.5044448375701904] Updated in round 166! max:(0.7142857142857143, 'c1ccccc2ccccc2ccc1'), min:(0.3, 'C1#Cc2ccccccccccccc21')
[0.5248594284057617] Updated in round 167! max:(0.7142857142857143, 'c1ccccc2ccccc2ccc1'), min:(0.3, 'C1=Cc2ccccc2C=c2ccc3=C1C=C23')
[0.5263950824737549] Updated in round 168! max:(0.7142857142857143, 'c1ccccc2ccccc2ccc1'), min:(0.30434782608695654, 'c1ccc2c3cc-2cc-3c1')
[0.5276837348937988] Updated in round 169! max:(0.7142857142857143, 'c1ccccc2ccccc2ccc1'), min:(0.3050847457627119, 'C=CC=Cc1cccccc2c(cc1)C#C2')
[0.5287063121795654] Updated in round 170! max:(0.7142857142857143, 'c1ccccc2ccccc2ccc1'), min:(0.3050847457627119, 'C=c1c2ccc3cc4c(cccc34)ccc12')
[0.5300846099853516] Updated in round 171! max:(0.7142857142857143, 'c1ccccc2ccccc2ccc1'), min:(0.3050847457627119, 'C=Cc1cccc2cc3ccc2cc3cc1')
[0.5312316417694092] Updated in round 172! max:(0.7142857142857143, 'c1ccccc2ccccc2ccc1'), min:(0.3090909090909091, 'c1cc2cc-2cc2ccc3cc2c3c1')
[0.5326473712921143] Updated in round 173! max:(0.7142857142857143, 'c1ccccc2ccccc2ccc1'), min:(0.3103448275862069, 'C=CC=c1ccc2c(ccccc1=C)=CC=2')
[0.5338466167449951] Updated in round 174! max:(0.7142857142857143, 'c1ccccc2ccccc2ccc1'), min:(0.3103448275862069, 'C=CC=Cc1ccccc2c(ccc1)C2=C')
[0.552720308303833] Updated in round 175! max:(0.7142857142857143, 'c1ccccc2ccccc2ccc1'), min:(0.3148148148148148, 'C#Cc1cc2cc3c1cccccc23')
[0.5542986392974854] Updated in round 176! max:(0.7142857142857143, 'c1ccccc2ccccc2ccc1'), min:(0.3157894736842105, 'C#Cc1ccccc(=CC=C)c(=C)ccc1')
[0.5555229187011719] Updated in round 177! max:(0.7142857142857143, 'c1ccccc2ccccc2ccc1'), min:(0.32, 'c1ccc2c3cc(c1)c1cc3c12')
[0.5566892623901367] Updated in round 178! max:(0.7142857142857143, 'c1ccccc2ccccc2ccc1'), min:(0.3220338983050847, 'C1=c2ccccc3c4cc-4cc3ccc2=C1')
[0.5581130981445312] Updated in round 179! max:(0.7142857142857143, 'c1ccccc2ccccc2ccc1'), min:(0.3220338983050847, 'c1cc2ccc3cc2ccc2ccc2c3c1')
[0.5592594146728516] Updated in round 180! max:(0.7142857142857143, 'c1ccccc2ccccc2ccc1'), min:(0.325, 'C#Cc1ccccc1')
[0.5606656074523926] Updated in round 181! max:(0.7142857142857143, 'c1ccccc2ccccc2ccc1'), min:(0.3269230769230769, 'C=Cc1ccccc(=C)ccc(=C)c1')
[0.5618116855621338] Updated in round 182! max:(0.7142857142857143, 'c1ccccc2ccccc2ccc1'), min:(0.3275862068965517, 'C=C1C=Cc2ccccc2-c2cccc1c2')
[0.5829803943634033] Updated in round 183! max:(0.7142857142857143, 'c1ccccc2ccccc2ccc1'), min:(0.3275862068965517, 'C#Cc1ccccc2c3cc-2ccc3cc1')
[0.5843691825866699] Updated in round 184! max:(0.7142857142857143, 'c1ccccc2ccccc2ccc1'), min:(0.3275862068965517, 'C#Cc1cccc2ccc3cc2cc-3cc1')
[0.5856595039367676] Updated in round 185! max:(0.7142857142857143, 'c1ccccc2ccccc2ccc1'), min:(0.32786885245901637, 'C=CC=Cc1cccccc(C2=CC2=C)ccc1')
[0.5870428085327148] Updated in round 186! max:(0.7142857142857143, 'c1ccccc2ccccc2ccc1'), min:(0.3333333333333333, 'C=c1ccccc2c3cccc2c3cc1=C')
[0.5883340835571289] Updated in round 187! max:(0.7142857142857143, 'c1ccccc2ccccc2ccc1'), min:(0.3333333333333333, 'C1=Cc2c3cccccccc2C1=C3')
[0.5895583629608154] Updated in round 188! max:(0.7142857142857143, 'c1ccccc2ccccc2ccc1'), min:(0.3333333333333333, 'C=CC1=CC(c2ccccc2)=C1')
[0.5909702777862549] Updated in round 189! max:(0.7142857142857143, 'c1ccccc2ccccc2ccc1'), min:(0.3387096774193548, 'C=Cc1cccc2ccc3c(ccccc12)C=C3')
[0.5927014350891113] Updated in round 190! max:(0.7142857142857143, 'c1ccccc2ccccc2ccc1'), min:(0.33962264150943394, 'C#Cc1ccccc2c3ccc1c2c3')
[0.6079113483428955] Updated in round 191! max:(0.7142857142857143, 'c1ccccc2ccccc2ccc1'), min:(0.3409090909090909, 'C=c1ccc2cccc1c2')
[0.6091368198394775] Updated in round 192! max:(0.7142857142857143, 'c1ccccc2ccccc2ccc1'), min:(0.3442622950819672, 'C#CC(=C)c1ccccc2c3cc-3cc2ccc1')
[0.610318660736084] Updated in round 193! max:(0.7142857142857143, 'c1ccccc2ccccc2ccc1'), min:(0.3442622950819672, 'C=CC(=C)c1cccc2c3ccccc3cc-2c1')
[0.6114447116851807] Updated in round 194! max:(0.7142857142857143, 'c1ccccc2ccccc2ccc1'), min:(0.3442622950819672, 'C=Cc1cccc2c(ccc3ccccc13)C2=C')
[0.6290972232818604] Updated in round 195! max:(0.7142857142857143, 'c1ccccc2ccccc2ccc1'), min:(0.3448275862068966, 'C1=Cc2cc3cc-3c3ccccc3ccc21')
[0.6305608749389648] Updated in round 196! max:(0.7142857142857143, 'c1ccccc2ccccc2ccc1'), min:(0.3469387755102041, 'c1ccc2cc3c4c-3c2c4cc1')
[0.6320376396179199] Updated in round 197! max:(0.7142857142857143, 'c1ccccc2ccccc2ccc1'), min:(0.3508771929824561, 'C#Cc1ccccccc2c3cccc2c1-3')
[0.6334378719329834] Updated in round 198! max:(0.7142857142857143, 'c1ccccc2ccccc2ccc1'), min:(0.3508771929824561, 'C=c1c2ccccc3c(ccc12)cc1cc13')
[0.6344411373138428] Updated in round 199! max:(0.7142857142857143, 'c1ccccc2ccccc2ccc1'), min:(0.3508771929824561, 'C=Cc1cccccc2c3cccc2c-3c1')
[0.6642670631408691] Updated in round 200! max:(0.7142857142857143, 'c1ccccc2ccccc2ccc1'), min:(0.3541666666666667, 'C=c1c2cccc3cccc1c32')
[0.6673123836517334] Updated in round 201! max:(0.7142857142857143, 'c1ccccc2ccccc2ccc1'), min:(0.3541666666666667, 'C=Cc1cc2ccccccc1=2')
[0.6822967529296875] Updated in round 202! max:(0.7142857142857143, 'c1ccccc2ccccc2ccc1'), min:(0.35714285714285715, 'C=c1ccc2cc3ccccc3c-2cc1=C')
[0.6846895217895508] Updated in round 203! max:(0.7142857142857143, 'c1ccccc2ccccc2ccc1'), min:(0.3584905660377358, 'c1cc2cc3c-2cc2cc3ccc2c1')
[0.7022218704223633] Updated in round 204! max:(0.7142857142857143, 'c1ccccc2ccccc2ccc1'), min:(0.359375, 'C#CC(=C)c1ccccc2c(C=C)cccc2ccc1')
[0.7046616077423096] Updated in round 205! max:(0.7142857142857143, 'c1ccccc2ccccc2ccc1'), min:(0.36065573770491804, 'C=c1c2c3cccc4ccccc4c(c1=2)=CC=C3')
[0.7065486907958984] Updated in round 206! max:(0.7142857142857143, 'c1ccccc2ccccc2ccc1'), min:(0.36065573770491804, 'C=Cc1cccc2ccccc3c(ccc12)C#C3')
[0.7088656425476074] Updated in round 207! max:(0.7142857142857143, 'c1ccccc2ccccc2ccc1'), min:(0.36363636363636365, 'c1ccc2c3ccc-3c2c1')
[0.7261793613433838] Updated in round 208! max:(0.7142857142857143, 'c1ccccc2ccccc2ccc1'), min:(0.36666666666666664, 'C=Cc1c2ccccc3cccc(C=C)c3cc1-2')
[0.7280042171478271] Updated in round 209! max:(0.7142857142857143, 'c1ccccc2ccccc2ccc1'), min:(0.36666666666666664, 'C#Cc1cccc2cc(C=C)ccccccc12')
[0.729780912399292] Updated in round 210! max:(0.7142857142857143, 'c1ccccc2ccccc2ccc1'), min:(0.36666666666666664, 'C=C1C=C1c1ccccc2ccc3cc2cc-3c1')
[0.7480909824371338] Updated in round 211! max:(0.7142857142857143, 'c1ccccc2ccccc2ccc1'), min:(0.36666666666666664, 'C#CC(=C)c1ccccc2cc3ccc2ccc1-3')
[0.7516446113586426] Updated in round 212! max:(0.7142857142857143, 'c1ccccc2ccccc2ccc1'), min:(0.36666666666666664, 'C=CC(=C)c1cccc2ccccc2c2ccc1-2')
[0.7689266204833984] Updated in round 213! max:(0.7142857142857143, 'c1ccccc2ccccc2ccc1'), min:(0.36666666666666664, 'C#Cc1cccc2ccccc3c(ccc12)C3=C')
[0.772261381149292] Updated in round 214! max:(0.7142857142857143, 'c1ccccc2ccccc2ccc1'), min:(0.3684210526315789, 'C1=c2cccc3c4ccccc4cc-3c2=C1')
[0.7749545574188232] Updated in round 215! max:(0.7142857142857143, 'c1ccccc2ccccc2ccc1'), min:(0.37254901960784315, 'C=Cc1ccccccc2cc1c2=C')
[0.7899084091186523] Updated in round 216! max:(0.7142857142857143, 'c1ccccc2ccccc2ccc1'), min:(0.3728813559322034, 'C#Cc1cccc2cc(=C)c(=C)cccccc12')
[0.793511152267456] Updated in round 217! max:(0.7142857142857143, 'c1ccccc2ccccc2ccc1'), min:(0.375, 'C=c1cccc2c3c(cc4ccccc42)c1=3')
[0.8147461414337158] Updated in round 218! max:(0.7142857142857143, 'c1ccccc2ccccc2ccc1'), min:(0.375, 'C=c1c2ccccc3c4cccc(cc12)c34')
[0.8166415691375732] Updated in round 219! max:(0.7142857142857143, 'c1ccccc2ccccc2ccc1'), min:(0.375, 'C#Cc1c2c3cccc4ccccc4c-3c1-2')
[0.8187129497528076] Updated in round 220! max:(0.7142857142857143, 'c1ccccc2ccccc2ccc1'), min:(0.375, 'C=c1c2ccccc3c4ccc-4c3cc1c2')
[0.821040153503418] Updated in round 221! max:(0.7142857142857143, 'c1ccccc2ccccc2ccc1'), min:(0.375, 'C=c1c2ccc3ccccc3c3cc3cc12')
[0.8236110210418701] Updated in round 222! max:(0.7142857142857143, 'c1ccccc2ccccc2ccc1'), min:(0.375, 'C=Cc1ccccc2c3c-2cccc3cc1')
[0.8467710018157959] Updated in round 223! max:(0.7142857142857143, 'c1ccccc2ccccc2ccc1'), min:(0.375, 'C#Cc1ccccc2cc3cc-3c2ccc1')
[0.848686933517456] Updated in round 224! max:(0.7142857142857143, 'c1ccccc2ccccc2ccc1'), min:(0.375, 'C=Cc1ccccc2c3cc-3cc2ccc1')
[0.8501887321472168] Updated in round 225! max:(0.7142857142857143, 'c1ccccc2ccccc2ccc1'), min:(0.3770491803278688, 'C1#Cc2cccc(cccc3ccccc23)C=C1')
[0.8528552055358887] Updated in round 226! max:(0.7142857142857143, 'c1ccccc2ccccc2ccc1'), min:(0.38095238095238093, 'C=CC(=C)c1ccccc2cc(C=C)ccc2ccc1')
[0.8550865650177002] Updated in round 227! max:(0.7142857142857143, 'c1ccccc2ccccc2ccc1'), min:(0.38181818181818183, 'C=c1cc2ccc3ccccc3c2cc1=C')
[0.8746216297149658] Updated in round 228! max:(0.7142857142857143, 'c1ccccc2ccccc2ccc1'), min:(0.38333333333333336, 'C=c1ccc2cccc3ccccc3c1ccc2')
[0.8771500587463379] Updated in round 229! max:(0.7142857142857143, 'c1ccccc2ccccc2ccc1'), min:(0.38333333333333336, 'C=C1C=Cc2cccc3ccccc1cccc23')
[0.8799340724945068] Updated in round 230! max:(0.7142857142857143, 'c1ccccc2ccccc2ccc1'), min:(0.38461538461538464, 'c1cc2cc2cc2cccc3c(c1)c23')
[0.8815162181854248] Updated in round 231! max:(0.7142857142857143, 'c1ccccc2ccccc2ccc1'), min:(0.3898305084745763, 'C=Cc1ccc2ccccc2cc(=C)c2c(c1)C=2')
[0.9006319046020508] Updated in round 232! max:(0.7142857142857143, 'c1ccccc2ccccc2ccc1'), min:(0.3898305084745763, 'C=Cc1ccc2c(cc3ccccc3cc1)C2=C')
[0.9028816223144531] Updated in round 233! max:(0.7142857142857143, 'c1ccccc2ccccc2ccc1'), min:(0.3898305084745763, 'C#Cc1cccc2ccccccc(C=C)cc12')
[0.9257354736328125] Updated in round 234! max:(0.7142857142857143, 'c1ccccc2ccccc2ccc1'), min:(0.3898305084745763, 'C=CC(=C)c1ccc2cc3ccccc3ccc1-2')
[0.9282100200653076] Updated in round 235! max:(0.7142857142857143, 'c1ccccc2ccccc2ccc1'), min:(0.3898305084745763, 'C=Cc1ccc2c(ccc3ccccc3c1)C2=C')
[0.9299890995025635] Updated in round 236! max:(0.7142857142857143, 'c1ccccc2ccccc2ccc1'), min:(0.3898305084745763, 'C#Cc1ccc2ccc(C=C)cccccc2c1')
[0.9320032596588135] Updated in round 237! max:(0.7142857142857143, 'c1ccccc2ccccc2ccc1'), min:(0.3898305084745763, 'C=Cc1cccc(C=C)c2ccccc2ccc1')
[0.9345428943634033] Updated in round 238! max:(0.7142857142857143, 'c1ccccc2ccccc2ccc1'), min:(0.39215686274509803, 'C=Cc1ccccc2ccc3cc2c13')
[0.954451322555542] Updated in round 239! max:(0.7142857142857143, 'c1ccccc2ccccc2ccc1'), min:(0.39285714285714285, 'c1c2ccc3ccccc4c(c#1)c-4cc3c2')
[0.9576437473297119] Updated in round 240! max:(0.7142857142857143, 'c1ccccc2ccccc2ccc1'), min:(0.39285714285714285, 'C1#Cc2c1ccccc1ccc3cc1cc2-3')
[0.9605190753936768] Updated in round 241! max:(0.7142857142857143, 'c1ccccc2ccccc2ccc1'), min:(0.39285714285714285, 'c1ccc2cc3cc4ccc(cc4c1)cc23')
[0.9815855026245117] Updated in round 242! max:(0.7142857142857143, 'c1ccccc2ccccc2ccc1'), min:(0.39655172413793105, 'C=Cc1ccc2cccccc(=C)c(=C)cc2c1')
[0.9858217239379883] Updated in round 243! max:(0.7142857142857143, 'c1ccccc2ccccc2ccc1'), min:(0.3968253968253968, 'C#Cc1ccc(C2=CC=C2)ccccc2ccccc12')
[1.0069231986999512] Updated in round 244! max:(0.7142857142857143, 'c1ccccc2ccccc2ccc1'), min:(0.3968253968253968, 'C=CC#Cc1cccc2ccccc2cc(C=C)cc1')
[1.0126898288726807] Updated in round 245! max:(0.7142857142857143, 'c1ccccc2ccccc2ccc1'), min:(0.4, 'C1=CC2=C1c1ccccc3ccc2cc3ccc1')
[1.038252830505371] Updated in round 246! max:(0.7142857142857143, 'c1ccccc2ccccc2ccc1'), min:(0.4, 'C=c1c2cc2ccccc2ccc3cc2c13')
[1.0422539710998535] Updated in round 247! max:(0.7142857142857143, 'c1ccccc2ccccc2ccc1'), min:(0.4, 'c1ccc2c3c4cc5c(c1)cccc5c3c24')
[1.0455124378204346] Updated in round 248! max:(0.7142857142857143, 'c1ccccc2ccccc2ccc1'), min:(0.4, 'C=C1c2ccc3ccccc4c1c-4cc3c2')
[1.0731987953186035] Updated in round 249! max:(0.7142857142857143, 'c1ccccc2ccccc2ccc1'), min:(0.4, 'C#Cc1cccccc2c3c-2cccc3c1')
[1.095496654510498] Updated in round 250! max:(0.7142857142857143, 'c1ccccc2ccccc2ccc1'), min:(0.4, 'C=c1c2ccc3cc4ccccc4cc1c2-3')
[1.1172733306884766] Updated in round 251! max:(0.7142857142857143, 'c1ccccc2ccccc2ccc1'), min:(0.4, 'C#Cc1cccccc2cc3ccc2cc13')
[1.136960506439209] Updated in round 252! max:(0.7142857142857143, 'c1ccccc2ccccc2ccc1'), min:(0.4, 'C=Cc1cccccc2cc3ccc2cc13')
[1.1721928119659424] Updated in round 253! max:(0.7142857142857143, 'c1ccccc2ccccc2ccc1'), min:(0.4, 'C#Cc1ccc2c3ccccc3cccc1-2')
[1.1744658946990967] Updated in round 254! max:(0.7142857142857143, 'c1ccccc2ccccc2ccc1'), min:(0.4, 'C=Cc1ccccc2cc3ccc2ccc1-3')
[1.1774895191192627] Updated in round 255! max:(0.7142857142857143, 'c1ccccc2ccccc2ccc1'), min:(0.4032258064516129, 'C#Cc1ccc(C2=CC2=C)cccc2ccccc2c1')
[1.195117712020874] Updated in round 256! max:(0.7142857142857143, 'c1ccccc2ccccc2ccc1'), min:(0.4032258064516129, 'C#Cc1ccc(C(=C)C=C)ccccc2ccccc12')
[1.2174005508422852] Updated in round 257! max:(0.7142857142857143, 'c1ccccc2ccccc2ccc1'), min:(0.4067796610169492, 'C1=C2C1=C2c1cc2ccc3ccccc3ccc1-2')
[1.2382316589355469] Updated in round 258! max:(0.7142857142857143, 'c1ccccc2ccccc2ccc1'), min:(0.4067796610169492, 'C=CC1=Cc2ccccc3ccc1cc3ccc2')
[1.2570991516113281] Updated in round 259! max:(0.7142857142857143, 'c1ccccc2ccccc2ccc1'), min:(0.4067796610169492, 'C#Cc1ccc2ccccc2ccc2c(c1)=CC=2')
[1.2727446556091309] Updated in round 260! max:(0.7142857142857143, 'c1ccccc2ccccc2ccc1'), min:(0.4074074074074074, 'C=c1cc2ccccc2cc2ccc-2c1=C')
[1.2758173942565918] Updated in round 261! max:(0.7142857142857143, 'c1ccccc2ccccc2ccc1'), min:(0.4117647058823529, 'c1ccc2c(c1)cc1c3cccc1c23')
[1.3094696998596191] Updated in round 262! max:(0.7142857142857143, 'c1ccccc2ccccc2ccc1'), min:(0.4117647058823529, 'c1ccc2c3cc2c2cc3ccc2c1')
[1.3161563873291016] Updated in round 263! max:(0.7142857142857143, 'c1ccccc2ccccc2ccc1'), min:(0.41379310344827586, 'C#Cc1cccccc(C#C)c2ccccc2c1')
[1.3407635688781738] Updated in round 264! max:(0.7142857142857143, 'c1ccccc2ccccc2ccc1'), min:(0.41379310344827586, 'C#Cc1ccc2ccccc2ccc2c(c1)C2=C')
[1.3425569534301758] Updated in round 265! max:(0.7142857142857143, 'c1ccccc2ccccc2ccc1'), min:(0.41379310344827586, 'C=Cc1ccc(C=C)ccc2ccccc2cc1')
[1.3440635204315186] Updated in round 266! max:(0.7142857142857143, 'c1ccccc2ccccc2ccc1'), min:(0.41379310344827586, 'C#Cc1ccc2cccc(C=C)ccccc2c1')
[1.367612361907959] Updated in round 267! max:(0.7142857142857143, 'c1ccccc2ccccc2ccc1'), min:(0.41818181818181815, 'c1ccc2cc3c4ccc(cc2-3)c(cc1)c4')
[1.3694088459014893] Updated in round 268! max:(0.7142857142857143, 'c1ccccc2ccccc2ccc1'), min:(0.41818181818181815, 'C1=C2C=c3cc4ccc3ccccc1c4=C2')
[1.3706421852111816] Updated in round 269! max:(0.7142857142857143, 'c1ccccc2ccccc2ccc1'), min:(0.41818181818181815, 'C1=Cc2ccccccc3cc1ccc3c2')
[1.397700548171997] Updated in round 270! max:(0.7142857142857143, 'c1ccccc2ccccc2ccc1'), min:(0.41818181818181815, 'C1=Cc2c1cc1ccc3ccccc3cc2-1')
[1.4246273040771484] Updated in round 271! max:(0.7142857142857143, 'c1ccccc2ccccc2ccc1'), min:(0.41818181818181815, 'C1#Cc2ccc3ccc1cccccc3c2')
[1.4264874458312988] Updated in round 272! max:(0.7142857142857143, 'c1ccccc2ccccc2ccc1'), min:(0.41935483870967744, 'C=Cc1ccc2ccccc2cccc(C=C2C#C2)c1')
[1.427870273590088] Updated in round 273! max:(0.7142857142857143, 'c1ccccc2ccccc2ccc1'), min:(0.41935483870967744, 'C#Cc1ccc2ccccc2cccc(C#CC=C)c1')
[1.4291198253631592] Updated in round 274! max:(0.7142857142857143, 'c1ccccc2ccccc2ccc1'), min:(0.42105263157894735, 'C=Cc1ccc2ccccc2ccc(=C)c(=C)c1')
[1.4529359340667725] Updated in round 275! max:(0.7142857142857143, 'c1ccccc2ccccc2ccc1'), min:(0.423728813559322, 'c1ccc2cc3c4c5cc-5cc4c-3cccc2c1')
[1.455634593963623] Updated in round 276! max:(0.7142857142857143, 'c1ccccc2ccccc2ccc1'), min:(0.423728813559322, 'C1#Cc2cccc3ccccc3cc(cc2)C=C1')
[1.4580371379852295] Updated in round 277! max:(0.7142857142857143, 'c1ccccc2ccccc2ccc1'), min:(0.42592592592592593, 'C=c1cc2ccc3ccccc3cc3c1=c23')
[1.4613239765167236] Updated in round 278! max:(0.7142857142857143, 'c1ccccc2ccccc2ccc1'), min:(0.42592592592592593, 'C=Cc1cc2ccccc2ccc2ccc1-2')
[1.4883177280426025] Updated in round 279! max:(0.7142857142857143, 'c1ccccc2ccccc2ccc1'), min:(0.42592592592592593, 'C#Cc1cc2ccccc2ccc2ccc1-2')
[1.4925336837768555] Updated in round 280! max:(0.7142857142857143, 'c1ccccc2ccccc2ccc1'), min:(0.42592592592592593, 'C#Cc1ccc2ccc3ccccc3cc1-2')
[1.5188853740692139] Updated in round 281! max:(0.7142857142857143, 'c1ccccc2ccccc2ccc1'), min:(0.42592592592592593, 'C#Cc1ccc2ccccc2cc2cc-2c1')
[1.5220580101013184] Updated in round 282! max:(0.7142857142857143, 'c1ccccc2ccccc2ccc1'), min:(0.42592592592592593, 'C#Cc1cc2cc3ccc2cccccc13')
[1.5244154930114746] Updated in round 283! max:(0.7142857142857143, 'c1ccccc2ccccc2ccc1'), min:(0.42857142857142855, 'c1ccc2cc3c(c1)cc23')
[1.5263895988464355] Updated in round 284! max:(0.7142857142857143, 'c1ccccc2ccccc2ccc1'), min:(0.43103448275862066, 'C=Cc1cccc2ccccc2cc2c3c1C=3C=2')
[1.5291268825531006] Updated in round 285! max:(0.7142857142857143, 'c1ccccc2ccccc2ccc1'), min:(0.43103448275862066, 'C=Cc1c2c3c(ccccc4ccccc14)C=C32')
[1.5543231964111328] Updated in round 286! max:(0.7142857142857143, 'c1ccccc2ccccc2ccc1'), min:(0.43103448275862066, 'C#Cc1cccc2ccccc2cc2c(c1)C=C2')
[1.5571327209472656] Updated in round 287! max:(0.7142857142857143, 'c1ccccc2ccccc2ccc1'), min:(0.43103448275862066, 'C=Cc1c2cc(ccccc3ccccc13)C#C2')
[1.5614376068115234] Updated in round 288! max:(0.7142857142857143, 'c1ccccc2ccccc2ccc1'), min:(0.43103448275862066, 'C1#CC1=Cc1cccc2ccccc2cc2cc1-2')
[1.5636582374572754] Updated in round 289! max:(0.7142857142857143, 'c1ccccc2ccccc2ccc1'), min:(0.43103448275862066, 'C1#CC(c2cccc3ccccc3cc3cc2-3)=C1')
[1.5875723361968994] Updated in round 290! max:(0.7142857142857143, 'c1ccccc2ccccc2ccc1'), min:(0.43103448275862066, 'C=C1C#Cc2ccccc3ccccc3c1cc2')
[1.5888469219207764] Updated in round 291! max:(0.7142857142857143, 'c1ccccc2ccccc2ccc1'), min:(0.43103448275862066, 'C=CC=Cc1ccccc2ccccc2c2cc1-2')
[1.5905969142913818] Updated in round 292! max:(0.7142857142857143, 'c1ccccc2ccccc2ccc1'), min:(0.43103448275862066, 'C#Cc1cc2c(ccccc3ccccc13)=CC=2')
[1.6148595809936523] Updated in round 293! max:(0.7142857142857143, 'c1ccccc2ccccc2ccc1'), min:(0.43478260869565216, 'c1ccc2c3ccc(cc3)c2c1')
[1.6173522472381592] Updated in round 294! max:(0.7142857142857143, 'c1ccccc2ccccc2ccc1'), min:(0.43548387096774194, 'C#Cc1cccccc2cc3ccc2cccccc13')
[1.646627426147461] Updated in round 295! max:(0.7142857142857143, 'c1ccccc2ccccc2ccc1'), min:(0.43859649122807015, 'C#Cc1cccc2ccccc2cc(=C)c2c1C=2')
[1.6520204544067383] Updated in round 296! max:(0.7142857142857143, 'c1ccccc2ccccc2ccc1'), min:(0.43859649122807015, 'C=Cc1cccc2ccccc2cc2c3c1C2=C3')
[1.6787211894989014] Updated in round 297! max:(0.7142857142857143, 'c1ccccc2ccccc2ccc1'), min:(0.43859649122807015, 'C#Cc1c2cc3ccccc3cccc(C=C)c1-2')
[1.680358648300171] Updated in round 298! max:(0.7142857142857143, 'c1ccccc2ccccc2ccc1'), min:(0.43859649122807015, 'C=C1C=C1c1ccccc2ccccc2c2cc1-2')
[1.6828289031982422] Updated in round 299! max:(0.7142857142857143, 'c1ccccc2ccccc2ccc1'), min:(0.43859649122807015, 'C=Cc1cccc2ccccc2cc2cc1c2=C')
[1.7082011699676514] Updated in round 300! max:(0.7142857142857143, 'c1ccccc2ccccc2ccc1'), min:(0.43859649122807015, 'C#Cc1ccccc2ccccc2c(C#C)cc1')
[1.7340831756591797] Updated in round 301! max:(0.7142857142857143, 'c1ccccc2ccccc2ccc1'), min:(0.44, 'c1ccc2cc3c4ccc(cc2c1)c43')
[1.738175392150879] Updated in round 302! max:(0.7142857142857143, 'c1ccccc2ccccc2ccc1'), min:(0.4444444444444444, 'c1c2c(c#1)c1ccc3ccccc3ccc21')
[1.7413439750671387] Updated in round 303! max:(0.7142857142857143, 'c1ccccc2ccccc2ccc1'), min:(0.4444444444444444, 'c1ccc2ccc3cc4c(ccc2c1)cc34')
[1.7660417556762695] Updated in round 304! max:(0.7142857142857143, 'c1ccccc2ccccc2ccc1'), min:(0.4444444444444444, 'c1ccc2cc3ccc(c1)cccc2cc3')
[1.7970499992370605] Updated in round 305! max:(0.7142857142857143, 'c1ccccc2ccccc2ccc1'), min:(0.4482758620689655, 'c1ccc2ccc3cc4c5c(cccc2c1)-c5c34')
[1.799659013748169] Updated in round 306! max:(0.7142857142857143, 'c1ccccc2ccccc2ccc1'), min:(0.4482758620689655, 'c1cc2cc-2c2cccc3ccccc3cc-2c1')
[1.827862024307251] Updated in round 307! max:(0.7142857142857143, 'c1ccccc2ccccc2ccc1'), min:(0.4482758620689655, 'c1ccc2cc3cc4cccc4cc3ccc2c1')
[1.8585658073425293] Updated in round 308! max:(0.7142857142857143, 'c1ccccc2ccccc2ccc1'), min:(0.4482758620689655, 'c1cccc2c3ccccc4cc-3c2cc4cc1')
[1.8909244537353516] Updated in round 309! max:(0.7142857142857143, 'c1ccccc2ccccc2ccc1'), min:(0.4482758620689655, 'c1ccc2ccc3ccc-3c3cc-3cccc2c1')
[1.9199130535125732] Updated in round 310! max:(0.7142857142857143, 'c1ccccc2ccccc2ccc1'), min:(0.4482758620689655, 'C1=Cc2c3cccc4ccccc4ccc2C1=C3')
[1.9487876892089844] Updated in round 311! max:(0.7142857142857143, 'c1ccccc2ccccc2ccc1'), min:(0.4482758620689655, 'C1=c2c1cc1cccc3ccccc3ccc2c1')
[1.977360725402832] Updated in round 312! max:(0.7142857142857143, 'c1ccccc2ccccc2ccc1'), min:(0.4482758620689655, 'c1ccc2cccc3c(c1)cccc3c1ccc21')
[1.979423999786377] Updated in round 313! max:(0.7142857142857143, 'c1ccccc2ccccc2ccc1'), min:(0.4489795918367347, 'C=CC=Cc1ccc2ccccc2c1')
[2.005152702331543] Updated in round 314! max:(0.7142857142857143, 'c1ccccc2ccccc2ccc1'), min:(0.4528301886792453, 'C=Cc1ccccc2cc3ccccc3c1-2')
[2.0074970722198486] Updated in round 315! max:(0.7142857142857143, 'c1ccccc2ccccc2ccc1'), min:(0.4528301886792453, 'C=Cc1ccc2ccccc2ccc2cc1-2')
[2.009800434112549] Updated in round 316! max:(0.7142857142857143, 'c1ccccc2ccccc2ccc1'), min:(0.45614035087719296, 'C#Cc1ccc2ccccc2cccc2c1C#C2')
[2.0130956172943115] Updated in round 317! max:(0.7142857142857143, 'c1ccccc2ccccc2ccc1'), min:(0.45614035087719296, 'c1ccc2cccc3cc(ccc3c1)c1c3c2c13')
[2.016216516494751] Updated in round 318! max:(0.7142857142857143, 'c1ccccc2ccccc2ccc1'), min:(0.45614035087719296, 'C#CC1=Cc2cccc3ccccc3ccc1c2')
[2.0433146953582764] Updated in round 319! max:(0.7142857142857143, 'c1ccccc2ccccc2ccc1'), min:(0.45614035087719296, 'C#CC1=Cc2ccc3ccccc3cccc1c2')
[2.093857526779175] Updated in round 320! max:(0.7142857142857143, 'c1ccccc2ccccc2ccc1'), min:(0.45614035087719296, 'C=c1ccc2ccc3ccccc1cccc3c2')
[2.1620028018951416] Updated in round 321! max:(0.7142857142857143, 'c1ccccc2ccccc2ccc1'), min:(0.45901639344262296, 'C#Cc1cc2cccccc3ccc2cccccc13')
[2.1709399223327637] Updated in round 322! max:(0.7142857142857143, 'c1ccccc2ccccc2ccc1'), min:(0.45901639344262296, 'C=Cc1cccc2ccc3cccc2ccccc3c1')
[2.196507215499878] Updated in round 323! max:(0.7142857142857143, 'c1ccccc2ccccc2ccc1'), min:(0.45901639344262296, 'C#Cc1cc2cc3c-2c-3ccccc2ccccc2c1')
[2.2205965518951416] Updated in round 324! max:(0.7142857142857143, 'c1ccccc2ccccc2ccc1'), min:(0.45901639344262296, 'C#Cc1ccccccc2ccccccccc2c1')
[2.2259559631347656] Updated in round 325! max:(0.7142857142857143, 'c1ccccc2ccccc2ccc1'), min:(0.45901639344262296, 'C=Cc1cccc2cc-2ccccc2ccccc2c1')
[2.2510852813720703] Updated in round 326! max:(0.7142857142857143, 'c1ccccc2ccccc2ccc1'), min:(0.45901639344262296, 'C#Cc1cccc2ccccc2cccc2cccc1-2')
[2.274507999420166] Updated in round 327! max:(0.7142857142857143, 'c1ccccc2ccccc2ccc1'), min:(0.45901639344262296, 'C#Cc1cc2cccccc3ccccccc2cc13')
[2.294954776763916] Updated in round 328! max:(0.7142857142857143, 'c1ccccc2ccccc2ccc1'), min:(0.45901639344262296, 'C#Cc1ccc2cccc3ccccc3cccc2c1')
[2.2999043464660645] Updated in round 329! max:(0.7142857142857143, 'c1ccccc2ccccc2ccc1'), min:(0.4642857142857143, 'C=Cc1c2cccc3ccccc3ccc1c2=C')
[2.3461861610412598] Updated in round 330! max:(0.7142857142857143, 'c1ccccc2ccccc2ccc1'), min:(0.4642857142857143, 'C#CC(=C)c1c2cccc3ccccc3ccc1-2')
[2.368652582168579] Updated in round 331! max:(0.7142857142857143, 'c1ccccc2ccccc2ccc1'), min:(0.4642857142857143, 'C#Cc1ccc2ccccc2cccc(C=C)c1')
[2.39660906791687] Updated in round 332! max:(0.7142857142857143, 'c1ccccc2ccccc2ccc1'), min:(0.4666666666666667, 'C=Cc1cc2ccccc2cccccc2c3c(c1)c23')
[2.4243204593658447] Updated in round 333! max:(0.7142857142857143, 'c1ccccc2ccccc2ccc1'), min:(0.4666666666666667, 'C#Cc1cccc2ccccc2cccc1C1=C2C=C21')
[2.473191261291504] Updated in round 334! max:(0.7142857142857143, 'c1ccccc2ccccc2ccc1'), min:(0.4666666666666667, 'C=Cc1cc(C2=CC=C2)ccccc2ccccc2c1')
[2.4787261486053467] Updated in round 335! max:(0.7142857142857143, 'c1ccccc2ccccc2ccc1'), min:(0.4666666666666667, 'C#Cc1cccc2ccccc2cccc1C#CC=C')
[2.53320050239563] Updated in round 336! max:(0.7142857142857143, 'c1ccccc2ccccc2ccc1'), min:(0.46938775510204084, 'c1ccc2c3c4c-3cccc4cc2c1')
[2.6318840980529785] Updated in round 337! max:(0.7142857142857143, 'c1ccccc2ccccc2ccc1'), min:(0.4716981132075472, 'c1ccc2c3c(c4ccccc4c1)c1c=3c21')
[2.6684844493865967] Updated in round 338! max:(0.7142857142857143, 'c1ccccc2ccccc2ccc1'), min:(0.4716981132075472, 'c1ccc2cc3ccc4c(cccc2c1)c34')
[2.7139430046081543] Updated in round 339! max:(0.7142857142857143, 'c1ccccc2ccccc2ccc1'), min:(0.4716981132075472, 'c1ccc2cc3cc4c(cccc2c1)c-4c3')
[2.7438910007476807] Updated in round 340! max:(0.7142857142857143, 'c1ccccc2ccccc2ccc1'), min:(0.4716981132075472, 'c1c2cccc3ccccc3cc(c#1)cc2')
[2.8121187686920166] Updated in round 341! max:(0.7142857142857143, 'c1ccccc2ccccc2ccc1'), min:(0.47368421052631576, 'c1ccc2cc3cc-3c(c1)ccc1ccccc12')
[2.847205638885498] Updated in round 342! max:(0.7142857142857143, 'c1ccccc2ccccc2ccc1'), min:(0.47368421052631576, 'C1=CC=c2c3ccc4c(ccccc3ccc24)=C1')
[2.9044370651245117] Updated in round 343! max:(0.7142857142857143, 'c1ccccc2ccccc2ccc1'), min:(0.47368421052631576, 'c1ccc2cccc3cccc4c(cc3c1)cc24')
[2.977829933166504] Updated in round 344! max:(0.7142857142857143, 'c1ccccc2ccccc2ccc1'), min:(0.47368421052631576, 'c1ccccc2ccc3cc-3cccc2ccc1')
[3.010908365249634] Updated in round 345! max:(0.7142857142857143, 'c1ccccc2ccccc2ccc1'), min:(0.47368421052631576, 'c1ccc2ccc3cc2ccccc2c-3cc-2c1')
[3.0424861907958984] Updated in round 346! max:(0.7142857142857143, 'c1ccccc2ccccc2ccc1'), min:(0.47368421052631576, 'c1cc2c3cccc4ccccc4ccc-3c-2c1')
[3.068587303161621] Updated in round 347! max:(0.7142857142857143, 'c1ccccc2ccccc2ccc1'), min:(0.47368421052631576, 'c1ccc2ccccc3cc4c-3c2ccc4cc1')
[3.1381595134735107] Updated in round 348! max:(0.7142857142857143, 'c1ccccc2ccccc2ccc1'), min:(0.47368421052631576, 'c1cccc2ccccc3cc-2ccc3ccc1')
[3.1702170372009277] Updated in round 349! max:(0.7142857142857143, 'c1ccccc2ccccc2ccc1'), min:(0.47368421052631576, 'C1#Cc2c1c1ccccc3ccccc3c2cc1')
[3.246765613555908] Updated in round 350! max:(0.7142857142857143, 'c1ccccc2ccccc2ccc1'), min:(0.4745762711864407, 'C#Cc1cc2ccccc2ccccc2c3c4c1c3c24')
[3.3067405223846436] Updated in round 351! max:(0.7142857142857143, 'c1ccccc2ccccc2ccc1'), min:(0.4745762711864407, 'C#Cc1cc2ccccc2ccccc(=C)c1=CC=C')
[3.3880488872528076] Updated in round 352! max:(0.7142857142857143, 'c1ccccc2ccccc2ccc1'), min:(0.4745762711864407, 'C#Cc1ccccc2ccccc2cc(C#C)c1C#C')
[3.5440354347229004] Updated in round 353! max:(0.7142857142857143, 'c1ccccc2ccccc2ccc1'), min:(0.4745762711864407, 'C=Cc1cc(C2=CC2=C)ccccc2ccccc2c1')
[3.5797746181488037] Updated in round 354! max:(0.7142857142857143, 'c1ccccc2ccccc2ccc1'), min:(0.4791666666666667, 'C=c1ccc2cccccc1ccc2')
[3.6392807960510254] Updated in round 355! max:(0.7142857142857143, 'c1ccccc2ccccc2ccc1'), min:(0.4807692307692308, 'C=Cc1cc2ccccc2cccc2cc1-2')
[3.689798593521118] Updated in round 356! max:(0.7142857142857143, 'c1ccccc2ccccc2ccc1'), min:(0.4807692307692308, 'C#Cc1cc2c3ccccc3ccccc1-2')
[3.698216676712036] Updated in round 357! max:(0.7142857142857143, 'c1ccccc2ccccc2ccc1'), min:(0.4807692307692308, 'C=Cc1cc2cc3ccccc3cccc1-2')
[3.731126070022583] Updated in round 358! max:(0.7142857142857143, 'c1ccccc2ccccc2ccc1'), min:(0.48214285714285715, 'C=c1cc2c3cc1ccccc1ccccc1c3-2')
[3.802018404006958] Updated in round 359! max:(0.7142857142857143, 'c1ccccc2ccccc2ccc1'), min:(0.48214285714285715, 'C=c1c#cc2cc1cccccc1ccccc21')
[3.8323311805725098] Updated in round 360! max:(0.7142857142857143, 'c1ccccc2ccccc2ccc1'), min:(0.48214285714285715, 'C=C1c2c1c1ccc2ccccc2ccccc21')
[4.158985614776611] Updated in round 361! max:(0.7142857142857143, 'c1ccccc2ccccc2ccc1'), min:(0.48333333333333334, 'C#CC=c1c2ccccc3ccccc3cc1ccc2')
[4.266263961791992] Updated in round 362! max:(0.7142857142857143, 'c1ccccc2ccccc2ccc1'), min:(0.48333333333333334, 'C=CC1=CC1=c1c2ccccc3ccccc3cc1c2')
[4.356805086135864] Updated in round 363! max:(0.7142857142857143, 'c1ccccc2ccccc2ccc1'), min:(0.48333333333333334, 'C=CC=C1C#Cc2ccccc3ccccc3ccc21')
[4.39793586730957] Updated in round 364! max:(0.7142857142857143, 'c1ccccc2ccccc2ccc1'), min:(0.48333333333333334, 'C=CC=C1C#Cc2ccc3ccccc3ccccc21')
[4.471451759338379] Updated in round 365! max:(0.7142857142857143, 'c1ccccc2ccccc2ccc1'), min:(0.48333333333333334, 'C#CC=CC1=c2ccc3ccccc3ccccc2=C1')
[4.51473593711853] Updated in round 366! max:(0.7142857142857143, 'c1ccccc2ccccc2ccc1'), min:(0.48333333333333334, 'C#CC#CC1=Cc2ccccc3ccccc3ccc21')
[4.544637441635132] Updated in round 367! max:(0.7142857142857143, 'c1ccccc2ccccc2ccc1'), min:(0.48333333333333334, 'C=CC=CC=C1c2ccccc3ccccc3ccc21')
[4.643476486206055] Updated in round 368! max:(0.7142857142857143, 'c1ccccc2ccccc2ccc1'), min:(0.48333333333333334, 'C#Cc1ccc2ccccc2ccccc2cc#cc1-2')
[4.7161149978637695] Updated in round 369! max:(0.7142857142857143, 'c1ccccc2ccccc2ccc1'), min:(0.48333333333333334, 'C=Cc1c#ccc2ccc3ccccc3ccccc12')
[5.050024747848511] Updated in round 370! max:(0.7142857142857143, 'c1ccccc2ccccc2ccc1'), min:(0.48333333333333334, 'C=Cc1ccc2cccc3ccccc2ccccc1-3')
[5.251890182495117] Updated in round 371! max:(0.7142857142857143, 'c1ccccc2ccccc2ccc1'), min:(0.48333333333333334, 'C=Cc1cc2c3ccc4ccccc4ccccc1c32')
[5.650113582611084] Updated in round 372! max:(0.7142857142857143, 'c1ccccc2ccccc2ccc1'), min:(0.48333333333333334, 'C=Cc1ccc2cc-2ccccc2ccccc2cc1')
[6.073790073394775] Updated in round 373! max:(0.7142857142857143, 'c1ccccc2ccccc2ccc1'), min:(0.48333333333333334, 'C=Cc1cccc2cc3ccccc3cccccc12')
[6.15376091003418] Updated in round 374! max:(0.7142857142857143, 'c1ccccc2ccccc2ccc1'), min:(0.48333333333333334, 'C=Cc1ccc2ccccc2ccccccc2cc1-2')
[6.21858286857605] Updated in round 375! max:(0.7142857142857143, 'c1ccccc2ccccc2ccc1'), min:(0.48333333333333334, 'C#Cc1cc#cc2ccc3ccccc3ccccc12')
[7.342050552368164] Updated in round 376! max:(0.7142857142857143, 'c1ccccc2ccccc2ccc1'), min:(0.49019607843137253, 'C=c1cccc2ccccc2cc2cc1c2')
[7.554484128952026] Updated in round 377! max:(0.7142857142857143, 'c1ccccc2ccccc2ccc1'), min:(0.4909090909090909, 'C=Cc1c2ccccc3ccccc3c(=C)c1c2')
[8.092084646224976] Updated in round 378! max:(0.7142857142857143, 'c1ccccc2ccccc2ccc1'), min:(0.4915254237288136, 'C=C1C=C1C1=Cc2ccc3ccccc3ccccc21')
[8.189451456069946] Updated in round 379! max:(0.7142857142857143, 'c1ccccc2ccccc2ccc1'), min:(0.4915254237288136, 'C=Cc1ccccc2ccccc2ccc1C=C1C#C1')
[8.226577043533325] Updated in round 380! max:(0.7142857142857143, 'c1ccccc2ccccc2ccc1'), min:(0.4915254237288136, 'C#Cc1ccc2ccccc3ccccc3cc1c2=C')
[8.805678129196167] Updated in round 381! max:(0.7142857142857143, 'c1ccccc2ccccc2ccc1'), min:(0.4915254237288136, 'C#Cc1ccccc2ccccc2ccc2c3c(c1)c23')
[9.771228075027466] Updated in round 382! max:(0.7142857142857143, 'c1ccccc2ccccc2ccc1'), min:(0.4915254237288136, 'C#CC1=CC(=C)c2ccc3ccccc3ccccc21')
[9.822978258132935] Updated in round 383! max:(0.7142857142857143, 'c1ccccc2ccccc2ccc1'), min:(0.4915254237288136, 'C#Cc1cc2cc(ccccc3ccccc3c2)c1=C')
[10.887745141983032] Updated in round 384! max:(0.7142857142857143, 'c1ccccc2ccccc2ccc1'), min:(0.4915254237288136, 'C#CC(=C)C1=Cc2ccc3ccccc3ccccc21')
[10.966216087341309] Updated in round 385! max:(0.7142857142857143, 'c1ccccc2ccccc2ccc1'), min:(0.4915254237288136, 'C#CC(C#C)=c1c2ccccc3ccccc3cc1c2')
[11.160636901855469] Updated in round 386! max:(0.7142857142857143, 'c1ccccc2ccccc2ccc1'), min:(0.4915254237288136, 'C#CC(=C)C=Cc1cccccc2ccccc2cc1')
[12.135865688323975] Updated in round 387! max:(0.7142857142857143, 'c1ccccc2ccccc2ccc1'), min:(0.4915254237288136, 'C#CC1=CC1=c1ccccc2ccccc2ccc1=C')
[13.456645488739014] Updated in round 388! max:(0.7142857142857143, 'c1ccccc2ccccc2ccc1'), min:(0.4915254237288136, 'C#CC=C1C(=C)c2ccccc3ccccc3ccc21')
[13.946349143981934] Updated in round 389! max:(0.7142857142857143, 'c1ccccc2ccccc2ccc1'), min:(0.4915254237288136, 'C#CC=CC=c1ccccc2ccccc2ccc1=C')
[14.144284009933472] Updated in round 390! max:(0.7142857142857143, 'c1ccccc2ccccc2ccc1'), min:(0.4915254237288136, 'C#CC=C(C#C)c1cccccc2ccccc2cc1')
[14.792696475982666] Updated in round 391! max:(0.7142857142857143, 'c1ccccc2ccccc2ccc1'), min:(0.4915254237288136, 'C#Cc1ccc2ccccc2ccccc2c3c(c1)c23')
[14.927771091461182] Updated in round 392! max:(0.7142857142857143, 'c1ccccc2ccccc2ccc1'), min:(0.4915254237288136, 'C=Cc1ccc2ccccc2ccccc1C1=C2C=C21')
[15.21654462814331] Updated in round 393! max:(0.7142857142857143, 'c1ccccc2ccccc2ccc1'), min:(0.4915254237288136, 'C#Cc1ccc2ccccc2ccccc1C=CC=C')
[17.343451023101807] Updated in round 394! max:(0.7142857142857143, 'c1ccccc2ccccc2ccc1'), min:(0.5, 'c1ccc2ccccc2cccc2c3ccc(cc1)c23')
[18.591214179992676] Updated in round 395! max:(0.7142857142857143, 'c1ccccc2ccccc2ccc1'), min:(0.5, 'c1ccc2ccccc2ccccc2ccc(c1)cc2')
[20.308876752853394] Updated in round 396! max:(0.7142857142857143, 'c1ccccc2ccccc2ccc1'), min:(0.5, 'C1=Cc2cc1cc1ccccc3ccccc3ccc21')
[20.755178213119507] Updated in round 397! max:(0.7142857142857143, 'c1ccccc2ccccc2ccc1'), min:(0.5, 'C1=c2cccccc3ccccc3cccccc2=C1')
[21.663213968276978] Updated in round 398! max:(0.7142857142857143, 'c1ccccc2ccccc2ccc1'), min:(0.5, 'c1c2c3cc4ccccc4ccccc(c#1)c3C=2')
[21.983709812164307] Updated in round 399! max:(0.7142857142857143, 'c1ccccc2ccccc2ccc1'), min:(0.5, 'c1ccc2ccccc2cccc(-c2cc3cc-3c2)c1')
[22.283218145370483] Updated in round 400! max:(0.7142857142857143, 'c1ccccc2ccccc2ccc1'), min:(0.5, 'c1cccc(-c2ccccc3ccccc3ccc2)c#1')
[23.641953229904175] Updated in round 401! max:(0.7142857142857143, 'c1ccccc2ccccc2ccc1'), min:(0.5, 'c1cc2c3ccccc4ccccc4cc-3c-2c#1')
[25.3669593334198] Updated in round 402! max:(0.7142857142857143, 'c1ccccc2ccccc2ccc1'), min:(0.5, 'c1ccc2ccccc2cc2cc3c=2ccc-3c1')
[25.400182962417603] Updated in round 403! max:(0.7142857142857143, 'c1ccccc2ccccc2ccc1'), min:(0.5, 'c1ccc2cc3c4c5cc5c-4c3ccccc2c1')
[25.4798002243042] Updated in round 404! max:(0.7142857142857143, 'c1ccccc2ccccc2ccc1'), min:(0.5, 'c1cccc2ccccc2cc2c3cc-3c-2cc1')
[25.5822913646698] Updated in round 405! max:(0.7142857142857143, 'c1ccccc2ccccc2ccc1'), min:(0.5, 'c1ccc2ccccc3ccccc3cc-2cc#1')
[27.452200174331665] Updated in round 406! max:(0.7142857142857143, 'c1ccccc2ccccc2ccc1'), min:(0.5, 'c1cccc2cc3ccccc3ccccc-2c#1')
[27.6922287940979] Updated in round 407! max:(0.7142857142857143, 'c1ccccc2ccccc2ccc1'), min:(0.5, 'c1ccc2cc3c4cc4c4c(ccccc2c1)c34')
[27.959392309188843] Updated in round 408! max:(0.7142857142857143, 'c1ccccc2ccccc2ccc1'), min:(0.5, 'C1#Cc2cc3ccccc3ccccc3c2C1=C3')
[29.547258377075195] Updated in round 409! max:(0.7142857142857143, 'c1ccccc2ccccc2ccc1'), min:(0.5, 'C=CC(C=C)=c1ccc2ccccc2ccccc1=C')
[29.836832761764526] Updated in round 410! max:(0.7142857142857143, 'c1ccccc2ccccc2ccc1'), min:(0.5, 'C#CC(C=C)=c1ccc2ccccc2ccccc1=C')
[29.88509178161621] Updated in round 411! max:(0.7142857142857143, 'c1ccccc2ccccc2ccc1'), min:(0.5, 'C=CC(=C)c1ccc2ccccc2ccccc1C=C')
[29.942396640777588] Updated in round 412! max:(0.7142857142857143, 'c1ccccc2ccccc2ccc1'), min:(0.5, 'c1ccc2c3ccccc4ccc2c3ccc4c1')
[30.01650834083557] Updated in round 413! max:(0.7142857142857143, 'c1ccccc2ccccc2ccc1'), min:(0.5, 'c1ccc2cc3c4cc5c(c4ccccc2c1)c35')
[30.2311794757843] Updated in round 414! max:(0.7142857142857143, 'c1ccccc2ccccc2ccc1'), min:(0.5, 'c1ccc2c3ccc(c1)c(ccccc1cc12)c3')
[30.56130599975586] Updated in round 415! max:(0.7142857142857143, 'c1ccccc2ccccc2ccc1'), min:(0.5, 'c1ccc2ccccc2cc2c3ccc-3c2cc1')
[30.670564651489258] Updated in round 416! max:(0.7142857142857143, 'c1ccccc2ccccc2ccc1'), min:(0.5, 'c1ccc2ccccc2cc2cc3c-2ccc-3c1')
[30.712302684783936] Updated in round 417! max:(0.7142857142857143, 'c1ccccc2ccccc2ccc1'), min:(0.5, 'c1cccc2ccccc2cc2cc3c-2c-3cc1')
[30.789496898651123] Updated in round 418! max:(0.7142857142857143, 'c1ccccc2ccccc2ccc1'), min:(0.5, 'c1ccc2cc3cc4ccccc4cc3cc2c1')
[30.914660453796387] Updated in round 419! max:(0.7142857142857143, 'c1ccccc2ccccc2ccc1'), min:(0.5, 'c1ccc2ccccc2c2cc3c(c1)cccc32')
[31.014179944992065] Updated in round 420! max:(0.7142857142857143, 'c1ccccc2ccccc2ccc1'), min:(0.5, 'c1ccc2cccc3c4ccc-4c3cccc2c1')
[31.06623911857605] Updated in round 421! max:(0.7142857142857143, 'c1ccccc2ccccc2ccc1'), min:(0.5, 'c1ccc2cc3c4ccc(cccc2c1)c43')
[31.126022815704346] Updated in round 422! max:(0.7142857142857143, 'c1ccccc2ccccc2ccc1'), min:(0.5, 'c1ccc2cc3cc4c(cccc2c1)cc3-4')
[31.273746252059937] Updated in round 423! max:(0.7142857142857143, 'c1ccccc2ccccc2ccc1'), min:(0.5, 'c1cc2ccc3ccccc3cc-2c1')
[31.399472951889038] Updated in round 424! max:(0.7142857142857143, 'c1ccccc2ccccc2ccc1'), min:(0.5084745762711864, 'C=c1ccccc2cccc2ccccc2c3cc1c23')
[31.50402855873108] Updated in round 425! max:(0.7142857142857143, 'c1ccccc2ccccc2ccc1'), min:(0.5084745762711864, 'C#Cc1c2c3c-2cccc2ccccc2ccccc1=3')
[31.746630430221558] Updated in round 426! max:(0.7142857142857143, 'c1ccccc2ccccc2ccc1'), min:(0.5084745762711864, 'C#Cc1cccc2ccccc2ccccc2ccc1=2')
[31.993052005767822] Updated in round 427! max:(0.7142857142857143, 'c1ccccc2ccccc2ccc1'), min:(0.5084745762711864, 'C=Cc1cccccc2cccc2ccccc2cc12')
[32.199172496795654] Updated in round 428! max:(0.7142857142857143, 'c1ccccc2ccccc2ccc1'), min:(0.5084745762711864, 'c1ccc2cccc3cc3c3c4c(ccccc2c1)c34')
[32.5700740814209] Updated in round 429! max:(0.7142857142857143, 'c1ccccc2ccccc2ccc1'), min:(0.5084745762711864, 'C=c1c2cccc3ccccc3ccccc2c2cc12')
[34.07839250564575] Updated in round 430! max:(0.7142857142857143, 'c1ccccc2ccccc2ccc1'), min:(0.5084745762711864, 'c1ccc2cccc3c(ccccc2c1)c1c2cc1c32')
[34.80535364151001] Updated in round 431! max:(0.7142857142857143, 'c1ccccc2ccccc2ccc1'), min:(0.5084745762711864, 'C=c1cc2cccc3ccccc3ccccc3c1=c23')
[34.9599974155426] Updated in round 432! max:(0.7142857142857143, 'c1ccccc2ccccc2ccc1'), min:(0.5084745762711864, 'C=c1c2ccc3ccccc3cccccc3cc3c12')
[34.99485111236572] Updated in round 433! max:(0.7142857142857143, 'c1ccccc2ccccc2ccc1'), min:(0.5084745762711864, 'C=C1c2c3cccccc4ccccc4cccc-3c21')
[35.01294994354248] No improvement found in round 434. Terminating...
