[7.772445678710938e-05]Start running EvoMol from [H][H]...
[0.0004756450653076172] Updated in round 1! max:(0.2972972972972973, 'c1ccccc1'), min:(-99999, '')
[0.005915164947509766] Updated in round 2! max:(0.7837837837837838, 'c1ccc(-c2ccccc2)cc1'), min:(-99999, '')
[0.022461652755737305] Updated in round 3! max:(0.7837837837837838, 'c1ccc(-c2ccccc2)cc1'), min:(-99999, '')
[0.02318120002746582] Updated in round 4! max:(0.7837837837837838, 'c1ccc(-c2ccccc2)cc1'), min:(-99999, '')
[0.04243612289428711] Updated in round 5! max:(0.7837837837837838, 'c1ccc(-c2ccccc2)cc1'), min:(-99999, '')
[0.043286800384521484] Updated in round 6! max:(0.7837837837837838, 'c1ccc(-c2ccccc2)cc1'), min:(-99999, '')
[0.04410362243652344] Updated in round 7! max:(0.7837837837837838, 'c1ccc(-c2ccccc2)cc1'), min:(-99999, '')
[0.04494214057922363] Updated in round 8! max:(0.7837837837837838, 'c1ccc(-c2ccccc2)cc1'), min:(-99999, '')
[0.045714616775512695] Updated in round 9! max:(0.7837837837837838, 'c1ccc(-c2ccccc2)cc1'), min:(-99999, '')
[0.046514272689819336] Updated in round 10! max:(0.7837837837837838, 'c1ccc(-c2ccccc2)cc1'), min:(-99999, '')
[0.04734539985656738] Updated in round 11! max:(0.7837837837837838, 'c1ccc(-c2ccccc2)cc1'), min:(-99999, '')
[0.048157691955566406] Updated in round 12! max:(0.7837837837837838, 'c1ccc(-c2ccccc2)cc1'), min:(-99999, '')
[0.06480002403259277] Updated in round 13! max:(0.7837837837837838, 'c1ccc(-c2ccccc2)cc1'), min:(-99999, '')
[0.06562471389770508] Updated in round 14! max:(0.7837837837837838, 'c1ccc(-c2ccccc2)cc1'), min:(-99999, '')
[0.0664217472076416] Updated in round 15! max:(0.7837837837837838, 'c1ccc(-c2ccccc2)cc1'), min:(-99999, '')
[0.06715059280395508] Updated in round 16! max:(0.7837837837837838, 'c1ccc(-c2ccccc2)cc1'), min:(-99999, '')
[0.06786561012268066] Updated in round 17! max:(0.7837837837837838, 'c1ccc(-c2ccccc2)cc1'), min:(-99999, '')
[0.06853318214416504] Updated in round 18! max:(0.7837837837837838, 'c1ccc(-c2ccccc2)cc1'), min:(-99999, '')
[0.06924819946289062] Updated in round 19! max:(0.7837837837837838, 'c1ccc(-c2ccccc2)cc1'), min:(-99999, '')
[0.0699923038482666] Updated in round 20! max:(0.7837837837837838, 'c1ccc(-c2ccccc2)cc1'), min:(-99999, '')
[0.08380436897277832] Updated in round 21! max:(0.7837837837837838, 'c1ccc(-c2ccccc2)cc1'), min:(-99999, '')
[0.0845789909362793] Updated in round 22! max:(0.7837837837837838, 'c1ccc(-c2ccccc2)cc1'), min:(-99999, '')
[0.08531475067138672] Updated in round 23! max:(0.7837837837837838, 'c1ccc(-c2ccccc2)cc1'), min:(-99999, '')
[0.10810422897338867] Updated in round 24! max:(0.7837837837837838, 'c1ccc(-c2ccccc2)cc1'), min:(-99999, '')
[0.13141083717346191] Updated in round 25! max:(0.7837837837837838, 'c1ccc(-c2ccccc2)cc1'), min:(-99999, '')
[0.13243508338928223] Updated in round 26! max:(0.7837837837837838, 'c1ccc(-c2ccccc2)cc1'), min:(-99999, '')
[0.13340401649475098] Updated in round 27! max:(0.7837837837837838, 'c1ccc(-c2ccccc2)cc1'), min:(-99999, '')
[0.13425040245056152] Updated in round 28! max:(0.7837837837837838, 'c1ccc(-c2ccccc2)cc1'), min:(-99999, '')
[0.1351490020751953] Updated in round 29! max:(0.7837837837837838, 'c1ccc(-c2ccccc2)cc1'), min:(-99999, '')
[0.13608932495117188] Updated in round 30! max:(0.7837837837837838, 'c1ccc(-c2ccccc2)cc1'), min:(-99999, '')
[0.13704800605773926] Updated in round 31! max:(0.7837837837837838, 'c1ccc(-c2ccccc2)cc1'), min:(-99999, '')
[0.1380143165588379] Updated in round 32! max:(0.7837837837837838, 'c1ccc(-c2ccccc2)cc1'), min:(-99999, '')
[0.15957307815551758] Updated in round 33! max:(0.7837837837837838, 'c1ccc(-c2ccccc2)cc1'), min:(-99999, '')
[0.1606307029724121] Updated in round 34! max:(0.7837837837837838, 'c1ccc(-c2ccccc2)cc1'), min:(-99999, '')
[0.1616199016571045] Updated in round 35! max:(0.7837837837837838, 'c1ccc(-c2ccccc2)cc1'), min:(-99999, '')
[0.16254687309265137] Updated in round 36! max:(0.7837837837837838, 'c1ccc(-c2ccccc2)cc1'), min:(-99999, '')
[0.16341900825500488] Updated in round 37! max:(0.7837837837837838, 'c1ccc(-c2ccccc2)cc1'), min:(-99999, '')
[0.16431403160095215] Updated in round 38! max:(0.7837837837837838, 'c1ccc(-c2ccccc2)cc1'), min:(-99999, '')
[0.16522884368896484] Updated in round 39! max:(0.7837837837837838, 'c1ccc(-c2ccccc2)cc1'), min:(-99999, '')
[0.16613268852233887] Updated in round 40! max:(0.7837837837837838, 'c1ccc(-c2ccccc2)cc1'), min:(-99999, '')
[0.1896066665649414] Updated in round 41! max:(0.7837837837837838, 'c1ccc(-c2ccccc2)cc1'), min:(-99999, '')
[0.1905207633972168] Updated in round 42! max:(0.7837837837837838, 'c1ccc(-c2ccccc2)cc1'), min:(-99999, '')
[0.19143176078796387] Updated in round 43! max:(0.7837837837837838, 'c1ccc(-c2ccccc2)cc1'), min:(-99999, '')
[0.1923515796661377] Updated in round 44! max:(0.7837837837837838, 'c1ccc(-c2ccccc2)cc1'), min:(-99999, '')
[0.19324088096618652] Updated in round 45! max:(0.7837837837837838, 'c1ccc(-c2ccccc2)cc1'), min:(-99999, '')
[0.1940617561340332] Updated in round 46! max:(0.7837837837837838, 'c1ccc(-c2ccccc2)cc1'), min:(-99999, '')
[0.1948683261871338] Updated in round 47! max:(0.7837837837837838, 'c1ccc(-c2ccccc2)cc1'), min:(-99999, '')
[0.195692777633667] Updated in round 48! max:(0.7837837837837838, 'c1ccc(-c2ccccc2)cc1'), min:(-99999, '')
[0.1965475082397461] Updated in round 49! max:(0.7837837837837838, 'c1ccc(-c2ccccc2)cc1'), min:(-99999, '')
[0.19740891456604004] Updated in round 50! max:(0.7837837837837838, 'c1ccc(-c2ccccc2)cc1'), min:(-99999, '')
[0.1982898712158203] Updated in round 51! max:(0.7837837837837838, 'c1ccc(-c2ccccc2)cc1'), min:(-99999, '')
[0.1991572380065918] Updated in round 52! max:(0.7837837837837838, 'c1ccc(-c2ccccc2)cc1'), min:(-99999, '')
[0.2000420093536377] Updated in round 53! max:(0.7837837837837838, 'c1ccc(-c2ccccc2)cc1'), min:(-99999, '')
[0.20095372200012207] Updated in round 54! max:(0.7837837837837838, 'c1ccc(-c2ccccc2)cc1'), min:(-99999, '')
[0.20177674293518066] Updated in round 55! max:(0.7837837837837838, 'c1ccc(-c2ccccc2)cc1'), min:(-99999, '')
[0.20257067680358887] Updated in round 56! max:(0.7837837837837838, 'c1ccc(-c2ccccc2)cc1'), min:(-99999, '')
[0.20349907875061035] Updated in round 57! max:(0.7837837837837838, 'c1ccc(-c2ccccc2)cc1'), min:(-99999, '')
[0.2043600082397461] Updated in round 58! max:(0.7837837837837838, 'c1ccc(-c2ccccc2)cc1'), min:(-99999, '')
[0.20522141456604004] Updated in round 59! max:(0.7837837837837838, 'c1ccc(-c2ccccc2)cc1'), min:(-99999, '')
[0.2263021469116211] Updated in round 60! max:(0.7837837837837838, 'c1ccc(-c2ccccc2)cc1'), min:(-99999, '')
[0.22718214988708496] Updated in round 61! max:(0.7837837837837838, 'c1ccc(-c2ccccc2)cc1'), min:(-99999, '')
[0.22809505462646484] Updated in round 62! max:(0.7837837837837838, 'c1ccc(-c2ccccc2)cc1'), min:(-99999, '')
[0.22899150848388672] Updated in round 63! max:(0.7837837837837838, 'c1ccc(-c2ccccc2)cc1'), min:(-99999, '')
[0.2494661808013916] Updated in round 64! max:(0.7837837837837838, 'c1ccc(-c2ccccc2)cc1'), min:(-99999, '')
[0.25035643577575684] Updated in round 65! max:(0.7837837837837838, 'c1ccc(-c2ccccc2)cc1'), min:(-99999, '')
[0.2511892318725586] Updated in round 66! max:(0.7837837837837838, 'c1ccc(-c2ccccc2)cc1'), min:(-99999, '')
[0.2520740032196045] Updated in round 67! max:(0.7837837837837838, 'c1ccc(-c2ccccc2)cc1'), min:(-99999, '')
[0.2529735565185547] Updated in round 68! max:(0.7837837837837838, 'c1ccc(-c2ccccc2)cc1'), min:(-99999, '')
[0.2538106441497803] Updated in round 69! max:(0.7837837837837838, 'c1ccc(-c2ccccc2)cc1'), min:(-99999, '')
[0.25467777252197266] Updated in round 70! max:(0.7837837837837838, 'c1ccc(-c2ccccc2)cc1'), min:(-99999, '')
[0.25559377670288086] Updated in round 71! max:(0.7837837837837838, 'c1ccc(-c2ccccc2)cc1'), min:(-99999, '')
[0.2564351558685303] Updated in round 72! max:(0.7837837837837838, 'c1ccc(-c2ccccc2)cc1'), min:(-99999, '')
[0.2572941780090332] Updated in round 73! max:(0.7837837837837838, 'c1ccc(-c2ccccc2)cc1'), min:(-99999, '')
[0.25814080238342285] Updated in round 74! max:(0.7837837837837838, 'c1ccc(-c2ccccc2)cc1'), min:(-99999, '')
[0.2589378356933594] Updated in round 75! max:(0.7837837837837838, 'c1ccc(-c2ccccc2)cc1'), min:(-99999, '')
[0.27591848373413086] Updated in round 76! max:(0.7837837837837838, 'c1ccc(-c2ccccc2)cc1'), min:(-99999, '')
[0.27665185928344727] Updated in round 77! max:(0.7837837837837838, 'c1ccc(-c2ccccc2)cc1'), min:(-99999, '')
[0.27741169929504395] Updated in round 78! max:(0.7837837837837838, 'c1ccc(-c2ccccc2)cc1'), min:(-99999, '')
[0.27820801734924316] Updated in round 79! max:(0.7837837837837838, 'c1ccc(-c2ccccc2)cc1'), min:(-99999, '')
[0.2980217933654785] Updated in round 80! max:(0.7837837837837838, 'c1ccc(-c2ccccc2)cc1'), min:(-99999, '')
[0.29880785942077637] Updated in round 81! max:(0.7837837837837838, 'c1ccc(-c2ccccc2)cc1'), min:(-99999, '')
[0.29969167709350586] Updated in round 82! max:(0.7837837837837838, 'c1ccc(-c2ccccc2)cc1'), min:(-99999, '')
[0.30055928230285645] Updated in round 83! max:(0.7837837837837838, 'c1ccc(-c2ccccc2)cc1'), min:(-99999, '')
[0.31481456756591797] Updated in round 84! max:(0.7837837837837838, 'c1ccc(-c2ccccc2)cc1'), min:(-99999, '')
[0.3156411647796631] Updated in round 85! max:(0.7837837837837838, 'c1ccc(-c2ccccc2)cc1'), min:(-99999, '')
[0.31644606590270996] Updated in round 86! max:(0.7837837837837838, 'c1ccc(-c2ccccc2)cc1'), min:(-99999, '')
[0.3172190189361572] Updated in round 87! max:(0.7837837837837838, 'c1ccc(-c2ccccc2)cc1'), min:(-99999, '')
[0.33126306533813477] Updated in round 88! max:(0.7837837837837838, 'c1ccc(-c2ccccc2)cc1'), min:(-99999, '')
[0.3320608139038086] Updated in round 89! max:(0.7837837837837838, 'c1ccc(-c2ccccc2)cc1'), min:(-99999, '')
[0.33288002014160156] Updated in round 90! max:(0.7837837837837838, 'c1ccc(-c2ccccc2)cc1'), min:(-99999, '')
[0.3470189571380615] Updated in round 91! max:(0.7837837837837838, 'c1ccc(-c2ccccc2)cc1'), min:(-99999, '')
[0.34781646728515625] Updated in round 92! max:(0.7837837837837838, 'c1ccc(-c2ccccc2)cc1'), min:(-99999, '')
[0.34862828254699707] Updated in round 93! max:(0.7837837837837838, 'c1ccc(-c2ccccc2)cc1'), min:(-99999, '')
[0.34944701194763184] Updated in round 94! max:(0.7837837837837838, 'c1ccc(-c2ccccc2)cc1'), min:(-99999, '')
[0.3736562728881836] Updated in round 95! max:(0.7837837837837838, 'c1ccc(-c2ccccc2)cc1'), min:(-99999, '')
[0.3746206760406494] Updated in round 96! max:(0.7837837837837838, 'c1ccc(-c2ccccc2)cc1'), min:(-99999, '')
[0.3755660057067871] Updated in round 97! max:(0.7837837837837838, 'c1ccc(-c2ccccc2)cc1'), min:(-99999, '')
[0.37644004821777344] Updated in round 98! max:(0.7837837837837838, 'c1ccc(-c2ccccc2)cc1'), min:(-99999, '')
[0.37732481956481934] Updated in round 99! max:(0.7837837837837838, 'c1ccc(-c2ccccc2)cc1'), min:(-99999, '')
[0.3782026767730713] Updated in round 100! max:(0.7837837837837838, 'c1ccc(-c2ccccc2)cc1'), min:(-99999, '')
[0.3791360855102539] Updated in round 101! max:(0.7837837837837838, 'c1ccc(-c2ccccc2)cc1'), min:(0.0, 'C=C')
[0.38005900382995605] Updated in round 102! max:(0.7837837837837838, 'c1ccc(-c2ccccc2)cc1'), min:(0.15384615384615385, 'C#CC(=C)c1cccc(C=CC=CC=C)c1')
[0.3809244632720947] Updated in round 103! max:(0.7837837837837838, 'c1ccc(-c2ccccc2)cc1'), min:(0.16071428571428573, 'C=CC=CC=Cc1c2cccc1-2')
[0.4034762382507324] Updated in round 104! max:(0.7837837837837838, 'c1ccc(-c2ccccc2)cc1'), min:(0.1694915254237288, 'C=CC=C(C=C)c1ccc(C=C)cc1')
[0.4045419692993164] Updated in round 105! max:(0.7837837837837838, 'c1ccc(-c2ccccc2)cc1'), min:(0.17777777777777778, 'C=Cc1cc2ccc1-2')
[0.4055306911468506] Updated in round 106! max:(0.7837837837837838, 'c1ccc(-c2ccccc2)cc1'), min:(0.18867924528301888, 'C#Cc1ccc(C(=C)C=C)cc1')
[0.40647101402282715] Updated in round 107! max:(0.7837837837837838, 'c1ccc(-c2ccccc2)cc1'), min:(0.20634920634920634, 'C=CC(=C)c1cc2cc(c1)c1cccc2c1')
[0.4074423313140869] Updated in round 108! max:(0.7837837837837838, 'c1ccc(-c2ccccc2)cc1'), min:(0.20967741935483872, 'C=CC=CC(=C)c1cccc(C2=C3C=C32)c1')
[0.4084467887878418] Updated in round 109! max:(0.7837837837837838, 'c1ccc(-c2ccccc2)cc1'), min:(0.2222222222222222, 'c1cc2c3ccc4c(c3)c1cc24')
[0.40936851501464844] Updated in round 110! max:(0.7837837837837838, 'c1ccc(-c2ccccc2)cc1'), min:(0.22580645161290322, 'C=CC=CC=CC=CC(=C)c1ccccc1')
[0.41033506393432617] Updated in round 111! max:(0.7837837837837838, 'c1ccc(-c2ccccc2)cc1'), min:(0.22950819672131148, 'C#CC(=C)C(C=Cc1ccccc1)=CC=C')
[0.41131091117858887] Updated in round 112! max:(0.7837837837837838, 'c1ccc(-c2ccccc2)cc1'), min:(0.23214285714285715, 'C=CC=Cc1cccc(C2=CC2=C)c1')
[0.4322993755340576] Updated in round 113! max:(0.7837837837837838, 'c1ccc(-c2ccccc2)cc1'), min:(0.24193548387096775, 'C=Cc1ccc(-c2cc3ccc2cc3)cc1')
[0.4334273338317871] Updated in round 114! max:(0.7837837837837838, 'c1ccc(-c2ccccc2)cc1'), min:(0.24528301886792453, 'c1cc2c3c(c1)c1cc-3cc2c1')
[0.43445301055908203] Updated in round 115! max:(0.7837837837837838, 'c1ccc(-c2ccccc2)cc1'), min:(0.25, 'C=CC=CC=C(C=C)c1ccccc1')
[0.4353523254394531] Updated in round 116! max:(0.7837837837837838, 'c1ccc(-c2ccccc2)cc1'), min:(0.25, 'C=CC=CC(=CC=C)c1ccccc1')
[0.4364736080169678] Updated in round 117! max:(0.7837837837837838, 'c1ccc(-c2ccccc2)cc1'), min:(0.2545454545454545, 'C=CC(C=C)=CC(=C)c1ccccc1')
[0.43764567375183105] Updated in round 118! max:(0.7837837837837838, 'c1ccc(-c2ccccc2)cc1'), min:(0.26229508196721313, 'C=c1c#cc2cccc(c2)c2ccc1cc2')
[0.455920934677124] Updated in round 119! max:(0.7837837837837838, 'c1ccc(-c2ccccc2)cc1'), min:(0.26229508196721313, 'c1cc2cc(c1)c1c3c(c4ccc2cc4)c13')
[0.4568667411804199] Updated in round 120! max:(0.7837837837837838, 'c1ccc(-c2ccccc2)cc1'), min:(0.26666666666666666, 'C=CC(=C)c1cccc(-c2cc3cc-3c2)c1')
[0.4578680992126465] Updated in round 121! max:(0.7837837837837838, 'c1ccc(-c2ccccc2)cc1'), min:(0.26785714285714285, 'C#Cc1ccc2cc1c1cccc2c1')
[0.45921969413757324] Updated in round 122! max:(0.7837837837837838, 'c1ccc(-c2ccccc2)cc1'), min:(0.2692307692307692, 'c1cc(-c2ccc3cc2-3)c2cc1-2')
[0.46040821075439453] Updated in round 123! max:(0.7837837837837838, 'c1ccc(-c2ccccc2)cc1'), min:(0.2711864406779661, 'C=CC(=CC(=C)c1ccccc1)C1=C2C=C21')
[0.46130943298339844] Updated in round 124! max:(0.7837837837837838, 'c1ccc(-c2ccccc2)cc1'), min:(0.27586206896551724, 'C=CC(=CC(=C)c1ccccc1)C1=CC1=C')
[0.4863753318786621] Updated in round 125! max:(0.7837837837837838, 'c1ccc(-c2ccccc2)cc1'), min:(0.2777777777777778, 'C=CC(=C)c1cccc(C2=CC=C2)c1')
[0.4873948097229004] Updated in round 126! max:(0.7837837837837838, 'c1ccc(-c2ccccc2)cc1'), min:(0.28, 'C=CC(=C)C=Cc1ccccc1')
[0.4886922836303711] Updated in round 127! max:(0.7837837837837838, 'c1ccc(-c2ccccc2)cc1'), min:(0.2833333333333333, 'C#CC#Cc1cc2ccc1c1ccccc21')
[0.48995137214660645] Updated in round 128! max:(0.7837837837837838, 'c1ccc(-c2ccccc2)cc1'), min:(0.2833333333333333, 'C#CC=Cc1ccc2c(c1)-c1ccccc1-2')
[0.49106478691101074] Updated in round 129! max:(0.7837837837837838, 'c1ccc(-c2ccccc2)cc1'), min:(0.2857142857142857, 'c1cc2ccc3ccc4cc3c2c4c1')
[0.4920682907104492] Updated in round 130! max:(0.7837837837837838, 'c1ccc(-c2ccccc2)cc1'), min:(0.288135593220339, 'C=CC(=C)c1cc2ccc1c1ccccc21')
[0.5138916969299316] Updated in round 131! max:(0.7837837837837838, 'c1ccc(-c2ccccc2)cc1'), min:(0.2909090909090909, 'C=Cc1ccc(-c2c3cccc2-3)cc1')
[0.515162467956543] Updated in round 132! max:(0.7837837837837838, 'c1ccc(-c2ccccc2)cc1'), min:(0.29411764705882354, 'c1cc2c(-c3cc4ccc3-4)c-2c1')
[0.516493558883667] Updated in round 133! max:(0.7837837837837838, 'c1ccc(-c2ccccc2)cc1'), min:(0.296875, 'C1=C2C1=C2c1ccc2ccc3ccccc3c2c1')
[0.5181982517242432] Updated in round 134! max:(0.7837837837837838, 'c1ccc(-c2ccccc2)cc1'), min:(0.3050847457627119, 'C#CC#Cc1cccc(-c2c3cccc2-3)c1')
[0.5197055339813232] Updated in round 135! max:(0.7837837837837838, 'c1ccc(-c2ccccc2)cc1'), min:(0.3050847457627119, 'C=CC=Cc1cccc(-c2cc3ccc2-3)c1')
[0.554795503616333] Updated in round 136! max:(0.7837837837837838, 'c1ccc(-c2ccccc2)cc1'), min:(0.3050847457627119, 'C1=CC(c2cc3ccc2c2ccccc32)=C1')
[0.5558204650878906] Updated in round 137! max:(0.7837837837837838, 'c1ccc(-c2ccccc2)cc1'), min:(0.30612244897959184, 'C=Cc1cccc(C2=CC=C2)c1')
[0.5569243431091309] Updated in round 138! max:(0.7837837837837838, 'c1ccc(-c2ccccc2)cc1'), min:(0.3103448275862069, 'C=C(C=CC=Cc1ccccc1)C1=CC=C1')
[0.5666055679321289] Updated in round 139! max:(0.7837837837837838, 'c1ccc(-c2ccccc2)cc1'), min:(0.3111111111111111, 'C=CC#Cc1ccccc1')
[0.567878246307373] Updated in round 140! max:(0.7837837837837838, 'c1ccc(-c2ccccc2)cc1'), min:(0.3148148148148148, 'C=Cc1cc2ccc1c1ccccc21')
[0.5931031703948975] Updated in round 141! max:(0.7837837837837838, 'c1ccc(-c2ccccc2)cc1'), min:(0.31746031746031744, 'C1#CC(c2cccc(-c3cc4ccc3cc4)c2)=C1')
[0.5952394008636475] Updated in round 142! max:(0.7837837837837838, 'c1ccc(-c2ccccc2)cc1'), min:(0.32, 'c1cc2cc(c1)-c1cc3c-2cc1-3')
[0.5975215435028076] Updated in round 143! max:(0.7837837837837838, 'c1ccc(-c2ccccc2)cc1'), min:(0.3225806451612903, 'C#Cc1ccc(-c2cccc(C=C3C=C3)c2)cc1')
[0.5987682342529297] Updated in round 144! max:(0.7837837837837838, 'c1ccc(-c2ccccc2)cc1'), min:(0.3225806451612903, 'C#CC(=C)c1cccc2c1ccc1ccccc12')
[0.6003403663635254] Updated in round 145! max:(0.7837837837837838, 'c1ccc(-c2ccccc2)cc1'), min:(0.3275862068965517, 'C1=CC1=Cc1cccc(-c2ccc3cc2-3)c1')
[0.62760329246521] Updated in round 146! max:(0.7837837837837838, 'c1ccc(-c2ccccc2)cc1'), min:(0.3275862068965517, 'C#CC=Cc1ccc2c(c1)-c1cccc-2c1')
[0.6292786598205566] Updated in round 147! max:(0.7837837837837838, 'c1ccc(-c2ccccc2)cc1'), min:(0.32786885245901637, 'C=CC(=C)c1cccc(-c2ccc(C=C)cc2)c1')
[0.6310720443725586] Updated in round 148! max:(0.7837837837837838, 'c1ccc(-c2ccccc2)cc1'), min:(0.3333333333333333, 'C=CC(=C)c1cccc2c1-c1ccccc1-2')
[0.6331417560577393] Updated in round 149! max:(0.7837837837837838, 'c1ccc(-c2ccccc2)cc1'), min:(0.3387096774193548, 'C=CC=C(C=Cc1ccccc1)c1ccccc1')
[0.6348273754119873] Updated in round 150! max:(0.7837837837837838, 'c1ccc(-c2ccccc2)cc1'), min:(0.33962264150943394, 'C=C1c2ccc(cc2)-c2ccc1cc2')
[0.6631045341491699] Updated in round 151! max:(0.7837837837837838, 'c1ccc(-c2ccccc2)cc1'), min:(0.3409090909090909, 'C1#CC1=Cc1ccccc1')
[0.6652345657348633] Updated in round 152! max:(0.7837837837837838, 'c1ccc(-c2ccccc2)cc1'), min:(0.3442622950819672, 'C=Cc1cccc(-c2cccc(C=C3C=C3)c2)c1')
[0.6674022674560547] Updated in round 153! max:(0.7837837837837838, 'c1ccc(-c2ccccc2)cc1'), min:(0.3442622950819672, 'C#Cc1ccc(-c2cccc(C3=CC#C3)c2)cc1')
[0.6692171096801758] Updated in round 154! max:(0.7837837837837838, 'c1ccc(-c2ccccc2)cc1'), min:(0.3448275862068966, 'c1ccc2cc(-c3cc4ccc3-4)ccc2c1')
[0.6939272880554199] Updated in round 155! max:(0.7837837837837838, 'c1ccc(-c2ccccc2)cc1'), min:(0.3484848484848485, 'C#CC#Cc1cccc(-c2ccc3ccccc3c2)c1')
[0.6956665515899658] Updated in round 156! max:(0.7837837837837838, 'c1ccc(-c2ccccc2)cc1'), min:(0.35, 'C#Cc1cccc(-c2cccc(C(=C)C=C)c2)c1')
[0.6975367069244385] Updated in round 157! max:(0.7837837837837838, 'c1ccc(-c2ccccc2)cc1'), min:(0.3508771929824561, 'C#CC#Cc1cc(-c2ccccc2)c2cc1-2')
[0.7242088317871094] Updated in round 158! max:(0.7837837837837838, 'c1ccc(-c2ccccc2)cc1'), min:(0.3508771929824561, 'C=CC1=Cc2cccc(c2)-c2ccc1cc2')
[0.7264101505279541] Updated in round 159! max:(0.7837837837837838, 'c1ccc(-c2ccccc2)cc1'), min:(0.3508771929824561, 'C1=CC(c2cccc3c2-c2ccccc2-3)=C1')
[0.7276656627655029] Updated in round 160! max:(0.7837837837837838, 'c1ccc(-c2ccccc2)cc1'), min:(0.35384615384615387, 'C#CC1=CC(c2cc3ccc2c(-c2ccccc2)c3)=C1')
[0.7293062210083008] Updated in round 161! max:(0.7837837837837838, 'c1ccc(-c2ccccc2)cc1'), min:(0.3548387096774194, 'c1cc2cc(c1)-c1ccc(cc1)-c1ccc-2cc1')
[0.7309489250183105] Updated in round 162! max:(0.7837837837837838, 'c1ccc(-c2ccccc2)cc1'), min:(0.35714285714285715, 'C#Cc1cccc(-c2ccc(C=C)cc2)c1')
[0.7611279487609863] Updated in round 163! max:(0.7837837837837838, 'c1ccc(-c2ccccc2)cc1'), min:(0.359375, 'C#CC1=CC(c2cc(C#C)cc(-c3ccccc3)c2)=C1')
[0.7626438140869141] Updated in round 164! max:(0.7837837837837838, 'c1ccc(-c2ccccc2)cc1'), min:(0.36065573770491804, 'C1#Cc2cccc(c2)-c2cccc(c2)C2=C3C1=C32')
[0.764312744140625] Updated in round 165! max:(0.7837837837837838, 'c1ccc(-c2ccccc2)cc1'), min:(0.36231884057971014, 'C=CC1=C(c2cccc(-c3cccc4ccccc34)c2)C1=C')
[0.7666037082672119] Updated in round 166! max:(0.7837837837837838, 'c1ccc(-c2ccccc2)cc1'), min:(0.36538461538461536, 'C#Cc1ccccc1-c1c2cccc1-2')
[0.7686753273010254] Updated in round 167! max:(0.7837837837837838, 'c1ccc(-c2ccccc2)cc1'), min:(0.36666666666666664, 'C#CC1=C2C1=C2c1c2ccc(-c3ccccc3)c1-2')
[0.7708597183227539] Updated in round 168! max:(0.7837837837837838, 'c1ccc(-c2ccccc2)cc1'), min:(0.36666666666666664, 'C=Cc1ccccc1-c1cccc(C=C2C=C2)c1')
[0.7898881435394287] Updated in round 169! max:(0.7837837837837838, 'c1ccc(-c2ccccc2)cc1'), min:(0.36666666666666664, 'C#Cc1cccc(-c2cccc(C3=CC#C3)c2)c1')
[0.7929441928863525] Updated in round 170! max:(0.7837837837837838, 'c1ccc(-c2ccccc2)cc1'), min:(0.3684210526315789, 'C1#CC2=C1c1ccc(cc1)-c1cccc2c1')
[0.8127341270446777] Updated in round 171! max:(0.7837837837837838, 'c1ccc(-c2ccccc2)cc1'), min:(0.36923076923076925, 'C=CC=Cc1cc(-c2ccccc2)c2ccccc2c1')
[0.8391180038452148] Updated in round 172! max:(0.7837837837837838, 'c1ccc(-c2ccccc2)cc1'), min:(0.3728813559322034, 'C#CC(=C)c1cccc(-c2ccccc2C#C)c1')
[0.8616664409637451] Updated in round 173! max:(0.7837837837837838, 'c1ccc(-c2ccccc2)cc1'), min:(0.375, 'C1#CC1=Cc1cc2cc(-c3ccccc3)c1-2')
[0.8635313510894775] Updated in round 174! max:(0.7837837837837838, 'c1ccc(-c2ccccc2)cc1'), min:(0.375, 'C=CC=C1C2=CC=C1C(c1ccccc1)=C2')
[0.8650505542755127] Updated in round 175! max:(0.7837837837837838, 'c1ccc(-c2ccccc2)cc1'), min:(0.375, 'C=CC(=C)c1cc(-c2ccccc2)c2ccccc2c1')
[0.8673508167266846] Updated in round 176! max:(0.7837837837837838, 'c1ccc(-c2ccccc2)cc1'), min:(0.375, 'c1cc2ccc1-c1ccc-2cc1')
[0.8903210163116455] Updated in round 177! max:(0.7837837837837838, 'c1ccc(-c2ccccc2)cc1'), min:(0.38095238095238093, 'C#CC1=CC(c2cccc(-c3ccccc3C#C)c2)=C1')
[0.8927569389343262] Updated in round 178! max:(0.7837837837837838, 'c1ccc(-c2ccccc2)cc1'), min:(0.38095238095238093, 'C=CC1=C(c2cccc(-c3ccccc3C=C)c2)C1=C')
[0.8942363262176514] Updated in round 179! max:(0.7837837837837838, 'c1ccc(-c2ccccc2)cc1'), min:(0.38181818181818183, 'C=C1C(=C)c2cccc(c2)-c2ccc1cc2')
[0.8953168392181396] Updated in round 180! max:(0.7837837837837838, 'c1ccc(-c2ccccc2)cc1'), min:(0.38235294117647056, 'C#CC1=C2C1=C2c1cc(-c2ccccc2)cc2ccccc12')
[0.8963849544525146] Updated in round 181! max:(0.7837837837837838, 'c1ccc(-c2ccccc2)cc1'), min:(0.38333333333333336, 'C=CC1=Cc2c1c1ccc2cc1-c1ccccc1')
[0.9200646877288818] Updated in round 182! max:(0.7837837837837838, 'c1ccc(-c2ccccc2)cc1'), min:(0.38333333333333336, 'C1=Cc2cc(cc(-c3ccccc3)c2)C2=C3C1=C32')
[0.9500517845153809] Updated in round 183! max:(0.7837837837837838, 'c1ccc(-c2ccccc2)cc1'), min:(0.38333333333333336, 'C=CC=Cc1cc2ccc1c(-c1ccccc1)c2')
[0.9531216621398926] Updated in round 184! max:(0.7837837837837838, 'c1ccc(-c2ccccc2)cc1'), min:(0.38461538461538464, 'C1=C(c2ccccc2)C2=C1c1cc2c2ccccc2c1')
[0.956209659576416] Updated in round 185! max:(0.7837837837837838, 'c1ccc(-c2ccccc2)cc1'), min:(0.38461538461538464, 'c1ccc2c(c1)ccc1ccccc12')
[0.984919548034668] Updated in round 186! max:(0.7837837837837838, 'c1ccc(-c2ccccc2)cc1'), min:(0.3888888888888889, 'C=CC1=C2C1=C2c1cc(-c2ccccc2)ccc1-c1ccccc1')
[0.9873111248016357] Updated in round 187! max:(0.7837837837837838, 'c1ccc(-c2ccccc2)cc1'), min:(0.3898305084745763, 'C=CC1=CC(c2ccc3c(-c4ccccc4)c2-3)=C1')
[0.9902606010437012] Updated in round 188! max:(0.7837837837837838, 'c1ccc(-c2ccccc2)cc1'), min:(0.3898305084745763, 'C#Cc1ccc(C=C2C=C2)cc1-c1ccccc1')
[1.0228936672210693] Updated in round 189! max:(0.7837837837837838, 'c1ccc(-c2ccccc2)cc1'), min:(0.3898305084745763, 'C=CC#Cc1ccc(C=C)c(-c2ccccc2)c1')
[1.025801420211792] Updated in round 190! max:(0.7837837837837838, 'c1ccc(-c2ccccc2)cc1'), min:(0.3898305084745763, 'C#CC(=C)c1cc2ccc1c(-c1ccccc1)c2')
[1.0293452739715576] Updated in round 191! max:(0.7837837837837838, 'c1ccc(-c2ccccc2)cc1'), min:(0.390625, 'C#CC=C1c2ccc3ccc(-c4ccccc4)cc3c21')
[1.0599801540374756] Updated in round 192! max:(0.7837837837837838, 'c1ccc(-c2ccccc2)cc1'), min:(0.390625, 'C=CC1=Cc2c1ccc1c(-c3ccccc3)cccc21')
[1.089949131011963] Updated in round 193! max:(0.7837837837837838, 'c1ccc(-c2ccccc2)cc1'), min:(0.390625, 'C1=C2C1=C2c1cccc(-c2cccc3ccccc23)c1')
[1.0951564311981201] Updated in round 194! max:(0.7837837837837838, 'c1ccc(-c2ccccc2)cc1'), min:(0.391304347826087, 'C=CC1=C(c2ccccc2)C1=C')
[1.1301898956298828] Updated in round 195! max:(0.7837837837837838, 'c1ccc(-c2ccccc2)cc1'), min:(0.39215686274509803, 'C=Cc1cc(-c2ccccc2)c2cc1-2')
[1.1635921001434326] Updated in round 196! max:(0.7837837837837838, 'c1ccc(-c2ccccc2)cc1'), min:(0.39655172413793105, 'C#CC(=C)c1cc(C#C)cc(-c2ccccc2)c1')
[1.1663823127746582] Updated in round 197! max:(0.7837837837837838, 'c1ccc(-c2ccccc2)cc1'), min:(0.3968253968253968, 'C=C1C(=C)c2c1ccc1ccc(-c3ccccc3)cc21')
[1.169482946395874] Updated in round 198! max:(0.7837837837837838, 'c1ccc(-c2ccccc2)cc1'), min:(0.3968253968253968, 'C#Cc1c(C2=CC2=CC=C)cccc1-c1ccccc1')
[1.1723251342773438] Updated in round 199! max:(0.7837837837837838, 'c1ccc(-c2ccccc2)cc1'), min:(0.39705882352941174, 'C1=CC1=Cc1ccc(-c2ccccc2)c(-c2ccccc2)c1')
[1.1758027076721191] Updated in round 200! max:(0.7837837837837838, 'c1ccc(-c2ccccc2)cc1'), min:(0.39705882352941174, 'C1=CC(c2ccc(-c3ccccc3)c(-c3ccccc3)c2)=C1')
[1.179980754852295] Updated in round 201! max:(0.7837837837837838, 'c1ccc(-c2ccccc2)cc1'), min:(0.4, 'c1ccc(-c2cc3ccc2ccc2ccc3-2)cc1')
[1.208282232284546] Updated in round 202! max:(0.7837837837837838, 'c1ccc(-c2ccccc2)cc1'), min:(0.4, 'C1#CC1=Cc1c2ccc(-c3ccccc3)c1-2')
[1.2362563610076904] Updated in round 203! max:(0.7837837837837838, 'c1ccc(-c2ccccc2)cc1'), min:(0.4, 'C#CC=Cc1ccc2c(-c3ccccc3)c1-2')
[1.2403678894042969] Updated in round 204! max:(0.7837837837837838, 'c1ccc(-c2ccccc2)cc1'), min:(0.4, 'C1=CC(c2cc3cc(-c4ccccc4)c2-3)=C1')
[1.2686491012573242] Updated in round 205! max:(0.7837837837837838, 'c1ccc(-c2ccccc2)cc1'), min:(0.4027777777777778, 'C=CC1=CC=C1c1cc(-c2ccccc2)cc(-c2ccccc2)c1')
[1.3296418190002441] Updated in round 206! max:(0.7837837837837838, 'c1ccc(-c2ccccc2)cc1'), min:(0.4027777777777778, 'C=C(C1=C(c2cccc(-c3ccccc3)c2)C=C1)c1ccccc1')
[1.335893154144287] Updated in round 207! max:(0.7837837837837838, 'c1ccc(-c2ccccc2)cc1'), min:(0.4027777777777778, 'C=CC=C1C(c2ccccc2)=C1c1cccc(-c2ccccc2)c1')
[1.3673632144927979] Updated in round 208! max:(0.7837837837837838, 'c1ccc(-c2ccccc2)cc1'), min:(0.4027777777777778, 'C=CC1=C(c2cccc(-c3ccccc3)c2)C1=Cc1ccccc1')
[1.401214599609375] Updated in round 209! max:(0.7837837837837838, 'c1ccc(-c2ccccc2)cc1'), min:(0.4032258064516129, 'C#Cc1c(C2=CC(=C)C2=C)cccc1-c1ccccc1')
[1.4363257884979248] Updated in round 210! max:(0.7837837837837838, 'c1ccc(-c2ccccc2)cc1'), min:(0.4032258064516129, 'C#Cc1c(C2=CC(C=C)=C2)cccc1-c1ccccc1')
[1.4426255226135254] Updated in round 211! max:(0.7837837837837838, 'c1ccc(-c2ccccc2)cc1'), min:(0.4032258064516129, 'C#CC1=C2C1=C2c1cccc(-c2ccccc2)c1C#C')
[1.4749467372894287] Updated in round 212! max:(0.7837837837837838, 'c1ccc(-c2ccccc2)cc1'), min:(0.4032258064516129, 'C#CC1=C(c2cc(-c3ccccc3)ccc2C=C)C1=C')
[1.5065250396728516] Updated in round 213! max:(0.7837837837837838, 'c1ccc(-c2ccccc2)cc1'), min:(0.4067796610169492, 'C=C1C2=C3C2=C1c1ccc3c(-c2ccccc2)c1')
[1.5420997142791748] Updated in round 214! max:(0.7837837837837838, 'c1ccc(-c2ccccc2)cc1'), min:(0.4067796610169492, 'C=CC1=C2C=C1c1ccc2c(-c2ccccc2)c1')
[1.5474762916564941] Updated in round 215! max:(0.7837837837837838, 'c1ccc(-c2ccccc2)cc1'), min:(0.4067796610169492, 'C=CC1=C2C=C1c1ccccc1-c1cccc2c1')
[1.5802602767944336] Updated in round 216! max:(0.7837837837837838, 'c1ccc(-c2ccccc2)cc1'), min:(0.4067796610169492, 'C#Cc1ccc2cc1C1=C2C(c2ccccc2)=C1')
[1.5845937728881836] Updated in round 217! max:(0.7837837837837838, 'c1ccc(-c2ccccc2)cc1'), min:(0.4067796610169492, 'C=C1c2cc(-c3ccccc3)c3ccccc3c21')
[1.6174397468566895] Updated in round 218! max:(0.7837837837837838, 'c1ccc(-c2ccccc2)cc1'), min:(0.4067796610169492, 'C=CC1=C2C1=Cc1ccc2cc1-c1ccccc1')
[1.623896837234497] Updated in round 219! max:(0.7837837837837838, 'c1ccc(-c2ccccc2)cc1'), min:(0.4074074074074074, 'C#Cc1c(-c2ccccc2)ccc2c1C2=C')
[1.6742291450500488] Updated in round 220! max:(0.7837837837837838, 'c1ccc(-c2ccccc2)cc1'), min:(0.4074074074074074, 'C=CC(=C)c1c2ccc(-c3ccccc3)c1-2')
[1.6957409381866455] Updated in round 221! max:(0.7837837837837838, 'c1ccc(-c2ccccc2)cc1'), min:(0.4084507042253521, 'c1ccc(-c2cc(-c3ccccc3)cc(-c3c4c5cc4c35)c2)cc1')
[1.6983723640441895] Updated in round 222! max:(0.7837837837837838, 'c1ccc(-c2ccccc2)cc1'), min:(0.4084507042253521, 'C#CC1=CC(c2cccc(-c3cccc(-c4ccccc4)c3)c2)=C1')
[1.7185821533203125] Updated in round 223! max:(0.7837837837837838, 'c1ccc(-c2ccccc2)cc1'), min:(0.4084507042253521, 'C#CC1=C(c2cccc(-c3cccc(-c4ccccc4)c3)c2)C1=C')
[1.7547030448913574] Updated in round 224! max:(0.7837837837837838, 'c1ccc(-c2ccccc2)cc1'), min:(0.4117647058823529, 'C1=C(c2ccccc2)C2=C1c1cccc2c1-c1ccccc1')
[1.7826347351074219] Updated in round 225! max:(0.7837837837837838, 'c1ccc(-c2ccccc2)cc1'), min:(0.4117647058823529, 'C(#Cc1ccccc1)C=Cc1cccc(-c2ccccc2)c1')
[1.807326078414917] Updated in round 226! max:(0.7837837837837838, 'c1ccc(-c2ccccc2)cc1'), min:(0.4126984126984127, 'C#CC=Cc1cc(-c2ccccc2)cc2ccccc12')
[1.8358063697814941] Updated in round 227! max:(0.7837837837837838, 'c1ccc(-c2ccccc2)cc1'), min:(0.41304347826086957, 'C=C1C2=C1C(c1ccccc1)=C2')
[1.8382928371429443] Updated in round 228! max:(0.7837837837837838, 'c1ccc(-c2ccccc2)cc1'), min:(0.41379310344827586, 'C=Cc1ccccc1C1=C2C1=C2c1ccccc1')
[1.8642833232879639] Updated in round 229! max:(0.7837837837837838, 'c1ccc(-c2ccccc2)cc1'), min:(0.41379310344827586, 'C#Cc1ccccc1-c1cccc(C2=CC#C2)c1')
[1.89113450050354] Updated in round 230! max:(0.7837837837837838, 'c1ccc(-c2ccccc2)cc1'), min:(0.41379310344827586, 'C#Cc1ccc(C2=C3C=C32)cc1-c1ccccc1')
[1.8923289775848389] Updated in round 231! max:(0.7837837837837838, 'c1ccc(-c2ccccc2)cc1'), min:(0.417910447761194, 'C#CC#Cc1cccc(-c2ccccc2)c1-c1ccccc1')
[1.9187471866607666] Updated in round 232! max:(0.7837837837837838, 'c1ccc(-c2ccccc2)cc1'), min:(0.417910447761194, 'C=CC=Cc1cc(-c2ccccc2)ccc1-c1ccccc1')
[1.9211690425872803] Updated in round 233! max:(0.7837837837837838, 'c1ccc(-c2ccccc2)cc1'), min:(0.417910447761194, 'C=CC(=Cc1ccccc1)c1cccc(-c2ccccc2)c1')
[1.9226973056793213] Updated in round 234! max:(0.7837837837837838, 'c1ccc(-c2ccccc2)cc1'), min:(0.41818181818181815, 'c1ccc(-c2cc3c4cc4c4c(c2)c34)cc1')
[1.924464225769043] Updated in round 235! max:(0.7837837837837838, 'c1ccc(-c2ccccc2)cc1'), min:(0.41818181818181815, 'C1#Cc2ccc(c(-c3ccccc3)c2)C#C1')
[1.950718879699707] Updated in round 236! max:(0.7837837837837838, 'c1ccc(-c2ccccc2)cc1'), min:(0.41818181818181815, 'C1=c2c(c3ccc2cc3-c2ccccc2)=C1')
[1.9520387649536133] Updated in round 237! max:(0.7837837837837838, 'c1ccc(-c2ccccc2)cc1'), min:(0.42, 'C=C1C=CC2=C1C=C2c1ccccc1')
[1.9532747268676758] Updated in round 238! max:(0.7837837837837838, 'c1ccc(-c2ccccc2)cc1'), min:(0.42, 'C=C1C2=CC=C1C(c1ccccc1)=C2')
[1.95479416847229] Updated in round 239! max:(0.7837837837837838, 'c1ccc(-c2ccccc2)cc1'), min:(0.4225352112676056, 'C=C1C=CC=C1c1cccc(-c2ccc(-c3ccccc3)cc2)c1')
[1.9560234546661377] Updated in round 240! max:(0.7837837837837838, 'c1ccc(-c2ccccc2)cc1'), min:(0.4225352112676056, 'C#CC1=C(c2cccc(-c3ccc(-c4ccccc4)cc3)c2)C=C1')
[1.9568736553192139] Reproduced in round 241!!
