[7.05718994140625e-05]Start running EvoMol from [H][H]...
[0.0023102760314941406] Updated in round 1! max:(0.0, '[H][H]'), min:(-99999, '')
[0.0027494430541992188] Updated in round 2! max:(0.0, '[H][H]'), min:(-99999, '')
[0.003945827484130859] Updated in round 3! max:(0.11428571428571428, 'C1=CC=C1'), min:(-99999, '')
[0.005803346633911133] Updated in round 4! max:(0.11428571428571428, 'C1=CC=C1'), min:(-99999, '')
[0.00810384750366211] Updated in round 5! max:(0.14634146341463414, 'C1=CC2=CC1=C2'), min:(-99999, '')
[0.011209487915039062] Updated in round 6! max:(0.14634146341463414, 'C1=CC2=CC1=C2'), min:(-99999, '')
[0.014905929565429688] Updated in round 7! max:(0.4117647058823529, 'c1cc2cc-2c1'), min:(-99999, '')
[0.01957559585571289] Updated in round 8! max:(0.4117647058823529, 'c1cc2cc-2c1'), min:(-99999, '')
[0.025067806243896484] Updated in round 9! max:(0.4117647058823529, 'c1cc2cc-2c1'), min:(-99999, '')
[0.03077554702758789] Updated in round 10! max:(0.4117647058823529, 'c1cc2cc-2c1'), min:(-99999, '')
[0.031296491622924805] Updated in round 11! max:(0.4117647058823529, 'c1cc2cc-2c1'), min:(-99999, '')
[0.034328460693359375] Updated in round 12! max:(0.4117647058823529, 'c1cc2cc-2c1'), min:(-99999, '')
[0.03812360763549805] Updated in round 13! max:(0.4117647058823529, 'c1cc2cc-2c1'), min:(-99999, '')
[0.04288029670715332] Updated in round 14! max:(0.4117647058823529, 'c1cc2cc-2c1'), min:(-99999, '')
[0.04351997375488281] Updated in round 15! max:(0.5526315789473685, 'C1=CC(c2ccccc2)=C1'), min:(-99999, '')
[0.048851966857910156] Updated in round 16! max:(0.5526315789473685, 'C1=CC(c2ccccc2)=C1'), min:(-99999, '')
[0.04944205284118652] Updated in round 17! max:(0.5526315789473685, 'C1=CC(c2ccccc2)=C1'), min:(-99999, '')
[0.05434870719909668] Updated in round 18! max:(0.5526315789473685, 'C1=CC(c2ccccc2)=C1'), min:(-99999, '')
[0.05504798889160156] Updated in round 19! max:(0.5526315789473685, 'C1=CC(c2ccccc2)=C1'), min:(-99999, '')
[0.06008195877075195] Updated in round 20! max:(0.5526315789473685, 'C1=CC(c2ccccc2)=C1'), min:(-99999, '')
[0.06072092056274414] Updated in round 21! max:(0.5526315789473685, 'C1=CC(c2ccccc2)=C1'), min:(-99999, '')
[0.06136345863342285] Updated in round 22! max:(0.5526315789473685, 'C1=CC(c2ccccc2)=C1'), min:(-99999, '')
[0.0687565803527832] Updated in round 23! max:(0.5526315789473685, 'C1=CC(c2ccccc2)=C1'), min:(-99999, '')
[0.06944751739501953] Updated in round 24! max:(0.5714285714285714, 'c1ccc(-c2cc3ccc2-3)cc1'), min:(-99999, '')
[0.07793641090393066] Updated in round 25! max:(0.7837837837837838, 'c1ccc(-c2ccccc2)cc1'), min:(-99999, '')
[0.08687520027160645] Updated in round 26! max:(0.7837837837837838, 'c1ccc(-c2ccccc2)cc1'), min:(-99999, '')
[0.09839606285095215] Updated in round 27! max:(0.7837837837837838, 'c1ccc(-c2ccccc2)cc1'), min:(-99999, '')
[0.09920215606689453] Updated in round 28! max:(0.7837837837837838, 'c1ccc(-c2ccccc2)cc1'), min:(-99999, '')
[0.09992480278015137] Updated in round 29! max:(0.7837837837837838, 'c1ccc(-c2ccccc2)cc1'), min:(-99999, '')
[0.1006324291229248] Updated in round 30! max:(0.7837837837837838, 'c1ccc(-c2ccccc2)cc1'), min:(-99999, '')
[0.1013643741607666] Updated in round 31! max:(0.7837837837837838, 'c1ccc(-c2ccccc2)cc1'), min:(-99999, '')
[0.1020817756652832] Updated in round 32! max:(0.7837837837837838, 'c1ccc(-c2ccccc2)cc1'), min:(-99999, '')
[0.1120309829711914] Updated in round 33! max:(0.7837837837837838, 'c1ccc(-c2ccccc2)cc1'), min:(-99999, '')
[0.1127936840057373] Updated in round 34! max:(0.7837837837837838, 'c1ccc(-c2ccccc2)cc1'), min:(-99999, '')
[0.11344742774963379] Updated in round 35! max:(0.7837837837837838, 'c1ccc(-c2ccccc2)cc1'), min:(-99999, '')
[0.11415457725524902] Updated in round 36! max:(0.7837837837837838, 'c1ccc(-c2ccccc2)cc1'), min:(-99999, '')
[0.11483311653137207] Updated in round 37! max:(0.7837837837837838, 'c1ccc(-c2ccccc2)cc1'), min:(-99999, '')
[0.12337064743041992] Updated in round 38! max:(0.7837837837837838, 'c1ccc(-c2ccccc2)cc1'), min:(-99999, '')
[0.12409639358520508] Updated in round 39! max:(0.7837837837837838, 'c1ccc(-c2ccccc2)cc1'), min:(-99999, '')
[0.13800430297851562] Updated in round 40! max:(0.7837837837837838, 'c1ccc(-c2ccccc2)cc1'), min:(-99999, '')
[0.1388688087463379] Updated in round 41! max:(0.7837837837837838, 'c1ccc(-c2ccccc2)cc1'), min:(-99999, '')
[0.13966655731201172] Updated in round 42! max:(0.7837837837837838, 'c1ccc(-c2ccccc2)cc1'), min:(-99999, '')
[0.1404857635498047] Updated in round 43! max:(0.7837837837837838, 'c1ccc(-c2ccccc2)cc1'), min:(-99999, '')
[0.15509271621704102] Updated in round 44! max:(0.7837837837837838, 'c1ccc(-c2ccccc2)cc1'), min:(-99999, '')
[0.15595555305480957] Updated in round 45! max:(0.7837837837837838, 'c1ccc(-c2ccccc2)cc1'), min:(-99999, '')
[0.15681052207946777] Updated in round 46! max:(0.7837837837837838, 'c1ccc(-c2ccccc2)cc1'), min:(-99999, '')
[0.15765619277954102] Updated in round 47! max:(0.7837837837837838, 'c1ccc(-c2ccccc2)cc1'), min:(-99999, '')
[0.15846991539001465] Updated in round 48! max:(0.7837837837837838, 'c1ccc(-c2ccccc2)cc1'), min:(-99999, '')
[0.15924715995788574] Updated in round 49! max:(0.7837837837837838, 'c1ccc(-c2ccccc2)cc1'), min:(-99999, '')
[0.16005468368530273] Updated in round 50! max:(0.7837837837837838, 'c1ccc(-c2ccccc2)cc1'), min:(-99999, '')
[0.1735825538635254] Updated in round 51! max:(0.7837837837837838, 'c1ccc(-c2ccccc2)cc1'), min:(-99999, '')
[0.17445802688598633] Updated in round 52! max:(0.7837837837837838, 'c1ccc(-c2ccccc2)cc1'), min:(-99999, '')
[0.17537474632263184] Updated in round 53! max:(0.7837837837837838, 'c1ccc(-c2ccccc2)cc1'), min:(-99999, '')
[0.17622804641723633] Updated in round 54! max:(0.7837837837837838, 'c1ccc(-c2ccccc2)cc1'), min:(-99999, '')
[0.19049549102783203] Updated in round 55! max:(0.7837837837837838, 'c1ccc(-c2ccccc2)cc1'), min:(-99999, '')
[0.19139599800109863] Updated in round 56! max:(0.7837837837837838, 'c1ccc(-c2ccccc2)cc1'), min:(-99999, '')
[0.1922457218170166] Updated in round 57! max:(0.7837837837837838, 'c1ccc(-c2ccccc2)cc1'), min:(-99999, '')
[0.19311141967773438] Updated in round 58! max:(0.7837837837837838, 'c1ccc(-c2ccccc2)cc1'), min:(-99999, '')
[0.1939535140991211] Updated in round 59! max:(0.7837837837837838, 'c1ccc(-c2ccccc2)cc1'), min:(-99999, '')
[0.1948227882385254] Updated in round 60! max:(0.7837837837837838, 'c1ccc(-c2ccccc2)cc1'), min:(-99999, '')
[0.1957099437713623] Updated in round 61! max:(0.7837837837837838, 'c1ccc(-c2ccccc2)cc1'), min:(-99999, '')
[0.19660043716430664] Updated in round 62! max:(0.7837837837837838, 'c1ccc(-c2ccccc2)cc1'), min:(-99999, '')
[0.1973576545715332] Updated in round 63! max:(0.7837837837837838, 'c1ccc(-c2ccccc2)cc1'), min:(-99999, '')
[0.19817519187927246] Updated in round 64! max:(0.7837837837837838, 'c1ccc(-c2ccccc2)cc1'), min:(-99999, '')
[0.19896268844604492] Updated in round 65! max:(0.7837837837837838, 'c1ccc(-c2ccccc2)cc1'), min:(-99999, '')
[0.21163177490234375] Updated in round 66! max:(0.7837837837837838, 'c1ccc(-c2ccccc2)cc1'), min:(-99999, '')
[0.21246600151062012] Updated in round 67! max:(0.7837837837837838, 'c1ccc(-c2ccccc2)cc1'), min:(-99999, '')
[0.21327614784240723] Updated in round 68! max:(0.7837837837837838, 'c1ccc(-c2ccccc2)cc1'), min:(-99999, '')
[0.22559833526611328] Updated in round 69! max:(0.7837837837837838, 'c1ccc(-c2ccccc2)cc1'), min:(-99999, '')
[0.22644948959350586] Updated in round 70! max:(0.7837837837837838, 'c1ccc(-c2ccccc2)cc1'), min:(-99999, '')
[0.2272636890411377] Updated in round 71! max:(0.7837837837837838, 'c1ccc(-c2ccccc2)cc1'), min:(-99999, '')
[0.22809100151062012] Updated in round 72! max:(0.7837837837837838, 'c1ccc(-c2ccccc2)cc1'), min:(-99999, '')
[0.22892355918884277] Updated in round 73! max:(0.7837837837837838, 'c1ccc(-c2ccccc2)cc1'), min:(-99999, '')
[0.22978758811950684] Updated in round 74! max:(0.7837837837837838, 'c1ccc(-c2ccccc2)cc1'), min:(-99999, '')
[0.23060059547424316] Updated in round 75! max:(0.7837837837837838, 'c1ccc(-c2ccccc2)cc1'), min:(-99999, '')
[0.2313389778137207] Updated in round 76! max:(0.7837837837837838, 'c1ccc(-c2ccccc2)cc1'), min:(-99999, '')
[0.2414257526397705] Updated in round 77! max:(0.7837837837837838, 'c1ccc(-c2ccccc2)cc1'), min:(-99999, '')
[0.24218153953552246] Updated in round 78! max:(0.7837837837837838, 'c1ccc(-c2ccccc2)cc1'), min:(-99999, '')
[0.24289393424987793] Updated in round 79! max:(0.7837837837837838, 'c1ccc(-c2ccccc2)cc1'), min:(-99999, '')
[0.2544577121734619] Updated in round 80! max:(0.7837837837837838, 'c1ccc(-c2ccccc2)cc1'), min:(-99999, '')
[0.2552456855773926] Updated in round 81! max:(0.7837837837837838, 'c1ccc(-c2ccccc2)cc1'), min:(-99999, '')
[0.2560269832611084] Updated in round 82! max:(0.7837837837837838, 'c1ccc(-c2ccccc2)cc1'), min:(-99999, '')
[0.25673818588256836] Updated in round 83! max:(0.7837837837837838, 'c1ccc(-c2ccccc2)cc1'), min:(-99999, '')
[0.2574474811553955] Updated in round 84! max:(0.7837837837837838, 'c1ccc(-c2ccccc2)cc1'), min:(-99999, '')
[0.26583075523376465] Updated in round 85! max:(0.7837837837837838, 'c1ccc(-c2ccccc2)cc1'), min:(-99999, '')
[0.26657557487487793] Updated in round 86! max:(0.7837837837837838, 'c1ccc(-c2ccccc2)cc1'), min:(-99999, '')
[0.27547693252563477] Updated in round 87! max:(0.7837837837837838, 'c1ccc(-c2ccccc2)cc1'), min:(-99999, '')
[0.28927016258239746] Updated in round 88! max:(0.7837837837837838, 'c1ccc(-c2ccccc2)cc1'), min:(-99999, '')
[0.29018068313598633] Updated in round 89! max:(0.7837837837837838, 'c1ccc(-c2ccccc2)cc1'), min:(-99999, '')
[0.29097676277160645] Updated in round 90! max:(0.7837837837837838, 'c1ccc(-c2ccccc2)cc1'), min:(-99999, '')
[0.29178738594055176] Updated in round 91! max:(0.7837837837837838, 'c1ccc(-c2ccccc2)cc1'), min:(-99999, '')
[0.29258203506469727] Updated in round 92! max:(0.7837837837837838, 'c1ccc(-c2ccccc2)cc1'), min:(-99999, '')
[0.293410062789917] Updated in round 93! max:(0.7837837837837838, 'c1ccc(-c2ccccc2)cc1'), min:(-99999, '')
[0.2942347526550293] Updated in round 94! max:(0.7837837837837838, 'c1ccc(-c2ccccc2)cc1'), min:(-99999, '')
[0.30936145782470703] Updated in round 95! max:(0.7837837837837838, 'c1ccc(-c2ccccc2)cc1'), min:(-99999, '')
[0.310269832611084] Updated in round 96! max:(0.7837837837837838, 'c1ccc(-c2ccccc2)cc1'), min:(-99999, '')
[0.3111248016357422] Updated in round 97! max:(0.7837837837837838, 'c1ccc(-c2ccccc2)cc1'), min:(-99999, '')
[0.3119468688964844] Updated in round 98! max:(0.7837837837837838, 'c1ccc(-c2ccccc2)cc1'), min:(-99999, '')
[0.31275415420532227] Updated in round 99! max:(0.7837837837837838, 'c1ccc(-c2ccccc2)cc1'), min:(-99999, '')
[0.3135814666748047] Updated in round 100! max:(0.7837837837837838, 'c1ccc(-c2ccccc2)cc1'), min:(-99999, '')
[0.314410924911499] Updated in round 101! max:(0.7837837837837838, 'c1ccc(-c2ccccc2)cc1'), min:(-99999, '')
[0.32526206970214844] Updated in round 102! max:(0.7837837837837838, 'c1ccc(-c2ccccc2)cc1'), min:(0.0, 'C#CC#CC=C')
[0.3261120319366455] Updated in round 103! max:(0.7837837837837838, 'c1ccc(-c2ccccc2)cc1'), min:(0.0, 'C=CC=C')
[0.3268735408782959] Updated in round 104! max:(0.7837837837837838, 'c1ccc(-c2ccccc2)cc1'), min:(0.05405405405405406, 'C12=C3C1=C23')
[0.3276183605194092] Updated in round 105! max:(0.7837837837837838, 'c1ccc(-c2ccccc2)cc1'), min:(0.06896551724137931, 'C=CC=CC(=C)C1=CC(C=C)=C1')
[0.32836103439331055] Updated in round 106! max:(0.7837837837837838, 'c1ccc(-c2ccccc2)cc1'), min:(0.07547169811320754, 'C=CC=CC(=C)C1=CC=C1')
[0.34091949462890625] Updated in round 107! max:(0.7837837837837838, 'c1ccc(-c2ccccc2)cc1'), min:(0.09090909090909091, 'c1c2c3cc-3c1-2')
[0.3417789936065674] Updated in round 108! max:(0.7837837837837838, 'c1ccc(-c2ccccc2)cc1'), min:(0.10416666666666667, 'C#CC=C1C=CC=C1')
[0.3426201343536377] Updated in round 109! max:(0.7837837837837838, 'c1ccc(-c2ccccc2)cc1'), min:(0.11428571428571428, 'C1=C2C=C12')
[0.34345149993896484] Updated in round 110! max:(0.7837837837837838, 'c1ccc(-c2ccccc2)cc1'), min:(0.14285714285714285, 'C=CC=C(C=C)c1ccc2cc1-2')
[0.34433460235595703] Updated in round 111! max:(0.7837837837837838, 'c1ccc(-c2ccccc2)cc1'), min:(0.15217391304347827, 'C#Cc1cc2cc-2c1')
[0.34514641761779785] Updated in round 112! max:(0.7837837837837838, 'c1ccc(-c2ccccc2)cc1'), min:(0.15384615384615385, 'C#CC(=C)c1cccc(C=CC=CC=C)c1')
[0.36061573028564453] Updated in round 113! max:(0.7837837837837838, 'c1ccc(-c2ccccc2)cc1'), min:(0.16363636363636364, 'C=CC=C(C=C)c1c2cccc1-2')
[0.36159658432006836] Updated in round 114! max:(0.7837837837837838, 'c1ccc(-c2ccccc2)cc1'), min:(0.1694915254237288, 'C#Cc1cccc(C(=C)C=CC=C)c1')
[0.362476110458374] Updated in round 115! max:(0.7837837837837838, 'c1ccc(-c2ccccc2)cc1'), min:(0.17857142857142858, 'c1cc2c3cc4cc(c3)c2cc14')
[0.3633589744567871] Updated in round 116! max:(0.7837837837837838, 'c1ccc(-c2ccccc2)cc1'), min:(0.1875, 'C=CC=CC=Cc1cccc(C=C2C=C2)c1')
[0.3642539978027344] Updated in round 117! max:(0.7837837837837838, 'c1ccc(-c2ccccc2)cc1'), min:(0.203125, 'C=CC=Cc1ccc2c3ccc(cc3)c2c1')
[0.36522912979125977] Updated in round 118! max:(0.7837837837837838, 'c1ccc(-c2ccccc2)cc1'), min:(0.20634920634920634, 'C#CC(=C)c1cc2cc(c1)c1cccc2c1')
[0.3784523010253906] Updated in round 119! max:(0.7837837837837838, 'c1ccc(-c2ccccc2)cc1'), min:(0.20833333333333334, 'C#Cc1cccc(C#C)c1')
[0.37946391105651855] Updated in round 120! max:(0.7837837837837838, 'c1ccc(-c2ccccc2)cc1'), min:(0.21311475409836064, 'C=CC=CC(=C)c1cccc(C2=CC2=C)c1')
[0.38034868240356445] Updated in round 121! max:(0.7837837837837838, 'c1ccc(-c2ccccc2)cc1'), min:(0.2222222222222222, 'c1cc2ccc1c1ccc3c2c13')
[0.3813610076904297] Updated in round 122! max:(0.7837837837837838, 'c1ccc(-c2ccccc2)cc1'), min:(0.22580645161290322, 'C#CC#CC(C=Cc1ccccc1)=CC=C')
[0.3823130130767822] Updated in round 123! max:(0.7837837837837838, 'c1ccc(-c2ccccc2)cc1'), min:(0.22580645161290322, 'C#CC=CC=CC=CC(=C)c1ccccc1')
[0.4013497829437256] Updated in round 124! max:(0.7837837837837838, 'c1ccc(-c2ccccc2)cc1'), min:(0.22916666666666666, 'C=Cc1cccc2c1C=C2')
[0.4024035930633545] Updated in round 125! max:(0.7837837837837838, 'c1ccc(-c2ccccc2)cc1'), min:(0.22950819672131148, 'C#CC(=C)C=CC=CC(=C)c1ccccc1')
[0.403489351272583] Updated in round 126! max:(0.7837837837837838, 'c1ccc(-c2ccccc2)cc1'), min:(0.23255813953488372, 'C1=c2c3cccc2=C13')
[0.40462327003479004] Updated in round 127! max:(0.7837837837837838, 'c1ccc(-c2ccccc2)cc1'), min:(0.2413793103448276, 'c1cc2ccc(cc2)c2ccc1cc2')
[0.40566229820251465] Updated in round 128! max:(0.7837837837837838, 'c1ccc(-c2ccccc2)cc1'), min:(0.24193548387096775, 'C1=C2C1=C2c1ccc2c3ccc(cc3)c2c1')
[0.40685272216796875] Updated in round 129! max:(0.7837837837837838, 'c1ccc(-c2ccccc2)cc1'), min:(0.2459016393442623, 'C#CC(=C)c1cccc2c3ccc(cc3)c12')
[0.4078071117401123] Updated in round 130! max:(0.7837837837837838, 'c1ccc(-c2ccccc2)cc1'), min:(0.25, 'C#CC(C=C)=CC=Cc1ccccc1')
[0.4240105152130127] Updated in round 131! max:(0.7837837837837838, 'c1ccc(-c2ccccc2)cc1'), min:(0.25, 'C=CC(=C)C=CC=Cc1ccccc1')
[0.42499876022338867] Updated in round 132! max:(0.7837837837837838, 'c1ccc(-c2ccccc2)cc1'), min:(0.2545454545454545, 'C#CC(C=C)=CC(=C)c1ccccc1')
[0.42589545249938965] Updated in round 133! max:(0.7837837837837838, 'c1ccc(-c2ccccc2)cc1'), min:(0.2553191489361702, 'c1ccc2c(c1)c1c3c2c13')
[0.42703819274902344] Updated in round 134! max:(0.7837837837837838, 'c1ccc(-c2ccccc2)cc1'), min:(0.26, 'C#Cc1ccccc1C1=CC1=C')
[0.42823004722595215] Updated in round 135! max:(0.7837837837837838, 'c1ccc(-c2ccccc2)cc1'), min:(0.26229508196721313, 'C=CC#Cc1cccc(-c2cc3cc-3c2)c1')
[0.42923521995544434] Updated in round 136! max:(0.7837837837837838, 'c1ccc(-c2ccccc2)cc1'), min:(0.26229508196721313, 'C=c1c#cc2ccc(cc2)c2cccc1c2')
[0.4301273822784424] Updated in round 137! max:(0.7837837837837838, 'c1ccc(-c2ccccc2)cc1'), min:(0.265625, 'C#CC1=CC(C(C=Cc2ccccc2)=CC=C)=C1')
[0.44511938095092773] Updated in round 138! max:(0.7837837837837838, 'c1ccc(-c2ccccc2)cc1'), min:(0.26666666666666666, 'C=C(C=CC=CC1=CC#C1)c1ccccc1')
[0.44623517990112305] Updated in round 139! max:(0.7837837837837838, 'c1ccc(-c2ccccc2)cc1'), min:(0.26785714285714285, 'C=Cc1ccc2cc1c1cccc2c1')
[0.44771862030029297] Updated in round 140! max:(0.7837837837837838, 'c1ccc(-c2ccccc2)cc1'), min:(0.2692307692307692, 'c1cc2ccc1-c1cc-2c2cc1-2')
[0.46549129486083984] Updated in round 141! max:(0.7837837837837838, 'c1ccc(-c2ccccc2)cc1'), min:(0.2698412698412698, 'C#CC1=CC(C(=C)C=C(C=C)c2ccccc2)=C1')
[0.4667482376098633] Updated in round 142! max:(0.7837837837837838, 'c1ccc(-c2ccccc2)cc1'), min:(0.2711864406779661, 'C=CC(=CC(=C)C1=C2C=C21)c1ccccc1')
[0.46791815757751465] Updated in round 143! max:(0.7837837837837838, 'c1ccc(-c2ccccc2)cc1'), min:(0.2786885245901639, 'c1cc2cc(c1)c1cccc(c1)c1ccc2=1')
[0.4694676399230957] Updated in round 144! max:(0.7837837837837838, 'c1ccc(-c2ccccc2)cc1'), min:(0.28125, 'C=CC1=C(c2ccc3c(c2)-c2ccccc2-3)C1=C')
[0.47088050842285156] Updated in round 145! max:(0.7837837837837838, 'c1ccc(-c2ccccc2)cc1'), min:(0.2826086956521739, 'C=CC1=Cc2cccc1c2')
[0.4871859550476074] Updated in round 146! max:(0.7837837837837838, 'c1ccc(-c2ccccc2)cc1'), min:(0.2833333333333333, 'C=CC#Cc1cc2cc(c1)-c1ccccc1-2')
[0.4883449077606201] Updated in round 147! max:(0.7837837837837838, 'c1ccc(-c2ccccc2)cc1'), min:(0.2833333333333333, 'C=CC=Cc1cc2cc(c1)-c1ccccc1-2')
[0.48940110206604004] Updated in round 148! max:(0.7837837837837838, 'c1ccc(-c2ccccc2)cc1'), min:(0.2857142857142857, 'C1#Cc2ccccc21')
[0.4912455081939697] Updated in round 149! max:(0.7837837837837838, 'c1ccc(-c2ccccc2)cc1'), min:(0.288135593220339, 'C#CC(=C)c1ccc2c(c1)-c1ccccc1-2')
[0.5085413455963135] Updated in round 150! max:(0.7837837837837838, 'c1ccc(-c2ccccc2)cc1'), min:(0.2909090909090909, 'C#Cc1ccc(-c2c3cccc2-3)cc1')
[0.5102963447570801] Updated in round 151! max:(0.7837837837837838, 'c1ccc(-c2ccccc2)cc1'), min:(0.29411764705882354, 'c1ccc2c(c1)-c1cc3cc-3c1-2')
[0.5115025043487549] Updated in round 152! max:(0.7837837837837838, 'c1ccc(-c2ccccc2)cc1'), min:(0.30158730158730157, 'C=CC1=C2C1=C2c1ccc2c(c1)-c1cccc-2c1')
[0.5131423473358154] Updated in round 153! max:(0.7837837837837838, 'c1ccc(-c2ccccc2)cc1'), min:(0.30158730158730157, 'C=CC1=C(c2cccc(-c3cc4ccc3-4)c2)C1=C')
[0.5249803066253662] Updated in round 154! max:(0.7837837837837838, 'c1ccc(-c2ccccc2)cc1'), min:(0.3050847457627119, 'C1#CC1=Cc1cccc(-c2ccc3cc2-3)c1')
[0.5263047218322754] Updated in round 155! max:(0.7837837837837838, 'c1ccc(-c2ccccc2)cc1'), min:(0.3050847457627119, 'C#CC#Cc1cccc(-c2ccc3cc2-3)c1')
[0.5388638973236084] Updated in round 156! max:(0.7837837837837838, 'c1ccc(-c2ccccc2)cc1'), min:(0.3050847457627119, 'C1#CC(c2cc3ccc2c2ccccc32)=C1')
[0.5402171611785889] Updated in round 157! max:(0.7837837837837838, 'c1ccc(-c2ccccc2)cc1'), min:(0.30612244897959184, 'C#Cc1cccc(C2=CC=C2)c1')
[0.559333086013794] Updated in round 158! max:(0.7837837837837838, 'c1ccc(-c2ccccc2)cc1'), min:(0.3103448275862069, 'C#Cc1cccc(-c2cccc3c2C3=C)c1')
[0.5607113838195801] Updated in round 159! max:(0.7837837837837838, 'c1ccc(-c2ccccc2)cc1'), min:(0.3103448275862069, 'C=C1C=C1c1cc2cc(c1)-c1ccccc1-2')
[0.5793585777282715] Updated in round 160! max:(0.7837837837837838, 'c1ccc(-c2ccccc2)cc1'), min:(0.3111111111111111, 'C#CC#Cc1ccccc1')
[0.580733060836792] Updated in round 161! max:(0.7837837837837838, 'c1ccc(-c2ccccc2)cc1'), min:(0.3148148148148148, 'C=Cc1ccc2c(c1)-c1ccccc1-2')
[0.5827031135559082] Updated in round 162! max:(0.7837837837837838, 'c1ccc(-c2ccccc2)cc1'), min:(0.31746031746031744, 'c1ccc2c3cccc(c3)c3c4cc3c4cc2c1')
[0.5841960906982422] Updated in round 163! max:(0.7837837837837838, 'c1ccc(-c2ccccc2)cc1'), min:(0.3181818181818182, 'C=CC1=C(c2cccc(-c3ccc(C=C)cc3)c2)C1=C')
[0.6050698757171631] Updated in round 164! max:(0.7837837837837838, 'c1ccc(-c2ccccc2)cc1'), min:(0.32, 'c1cc2cc(c1)-c1cc3c-2cc1-3')
[0.6073012351989746] Updated in round 165! max:(0.7837837837837838, 'c1ccc(-c2ccccc2)cc1'), min:(0.3225806451612903, 'c1cc2cc(c1)c1c3c4c(c5ccccc25)c3c14')
[0.6096441745758057] Updated in round 166! max:(0.7837837837837838, 'c1ccc(-c2ccccc2)cc1'), min:(0.3225806451612903, 'C=CC1=C(c2cccc3c2-c2cccc-3c2)C1=C')
[0.6277832984924316] Updated in round 167! max:(0.7837837837837838, 'c1ccc(-c2ccccc2)cc1'), min:(0.3225806451612903, 'C=CC1=CC(c2cccc(-c3ccc4cc3-4)c2)=C1')
[0.630108118057251] Updated in round 168! max:(0.7837837837837838, 'c1ccc(-c2ccccc2)cc1'), min:(0.3225806451612903, 'C#Cc1ccc(-c2cccc(C#CC=C)c2)cc1')
[0.63165283203125] Updated in round 169! max:(0.7837837837837838, 'c1ccc(-c2ccccc2)cc1'), min:(0.3275862068965517, 'C1#CC1=Cc1cccc2c1-c1ccccc1-2')
[0.6328125] Updated in round 170! max:(0.7837837837837838, 'c1ccc(-c2ccccc2)cc1'), min:(0.3275862068965517, 'C#CC#Cc1cc2ccc1-c1cccc-2c1')
[0.6340553760528564] Updated in round 171! max:(0.7837837837837838, 'c1ccc(-c2ccccc2)cc1'), min:(0.32786885245901637, 'C#CC(=C)c1cccc(-c2ccc(C#C)cc2)c1')
[0.6359493732452393] Updated in round 172! max:(0.7837837837837838, 'c1ccc(-c2ccccc2)cc1'), min:(0.3333333333333333, 'C#Cc1ccc(-c2ccccc2C=C)cc1')
[0.6372535228729248] Updated in round 173! max:(0.7837837837837838, 'c1ccc(-c2ccccc2)cc1'), min:(0.3384615384615385, 'C=Cc1cccc(-c2cccc(C3=CC(=C)C3=C)c2)c1')
[0.6567068099975586] Updated in round 174! max:(0.7837837837837838, 'c1ccc(-c2ccccc2)cc1'), min:(0.3384615384615385, 'C=CC1=C(c2cccc(-c3cccc(C=C)c3)c2)C1=C')
[0.659038782119751] Updated in round 175! max:(0.7837837837837838, 'c1ccc(-c2ccccc2)cc1'), min:(0.3387096774193548, 'C=C1C2=Cc3ccc(cc3)-c3cccc(c3)C1=C2')
[0.6608307361602783] Updated in round 176! max:(0.7837837837837838, 'c1ccc(-c2ccccc2)cc1'), min:(0.3387096774193548, 'C#CC1=C2C(=C1)c1cccc(c1)-c1ccc2cc1')
[0.6773302555084229] Updated in round 177! max:(0.7837837837837838, 'c1ccc(-c2ccccc2)cc1'), min:(0.33962264150943394, 'C=Cc1ccc2cc1-c1ccccc1-2')
[0.678840160369873] Updated in round 178! max:(0.7837837837837838, 'c1ccc(-c2ccccc2)cc1'), min:(0.3442622950819672, 'C=C1C=C(c2cccc3c2-c2cccc-3c2)C1=C')
[0.6803324222564697] Updated in round 179! max:(0.7837837837837838, 'c1ccc(-c2ccccc2)cc1'), min:(0.3442622950819672, 'C=CC1=C2C1=C2c1cc2cc(-c3ccccc3)c1-2')
[0.6827812194824219] Updated in round 180! max:(0.7837837837837838, 'c1ccc(-c2ccccc2)cc1'), min:(0.3442622950819672, 'C=CC1=CC(c2cc(-c3ccccc3)c3cc2-3)=C1')
[0.6994104385375977] Updated in round 181! max:(0.7837837837837838, 'c1ccc(-c2ccccc2)cc1'), min:(0.3442622950819672, 'C#CC=Cc1cccc(-c2cccc(C=C)c2)c1')
[0.7011911869049072] Updated in round 182! max:(0.7837837837837838, 'c1ccc(-c2ccccc2)cc1'), min:(0.3448275862068966, 'C1#Cc2ccc(cc2)-c2cccc(c2)C#C1')
[0.719353437423706] Updated in round 183! max:(0.7837837837837838, 'c1ccc(-c2ccccc2)cc1'), min:(0.35, 'C1=Cc2ccccc21')
[0.7219007015228271] Updated in round 184! max:(0.7837837837837838, 'c1ccc(-c2ccccc2)cc1'), min:(0.3508771929824561, 'C#CC#Cc1cc(-c2ccccc2)c2cc1-2')
[0.7236976623535156] Updated in round 185! max:(0.7837837837837838, 'c1ccc(-c2ccccc2)cc1'), min:(0.3508771929824561, 'C1#CC(c2cccc(-c3ccc4cc3-4)c2)=C1')
[0.7251260280609131] Updated in round 186! max:(0.7837837837837838, 'c1ccc(-c2ccccc2)cc1'), min:(0.3508771929824561, 'C1=CC(c2cccc3c2-c2ccccc2-3)=C1')
[0.744797945022583] Updated in round 187! max:(0.7837837837837838, 'c1ccc(-c2ccccc2)cc1'), min:(0.35384615384615387, 'C#CC1=CC=C1c1cc(C=C)cc(-c2ccccc2)c1')
[0.746527910232544] Updated in round 188! max:(0.7837837837837838, 'c1ccc(-c2ccccc2)cc1'), min:(0.35714285714285715, 'C#Cc1cc2c(cc1-c1ccccc1)C2=C')
[0.7485227584838867] Updated in round 189! max:(0.7837837837837838, 'c1ccc(-c2ccccc2)cc1'), min:(0.35714285714285715, 'C=CC(=C)c1cccc2c1-c1cccc-2c1')
[0.7649140357971191] Updated in round 190! max:(0.7837837837837838, 'c1ccc(-c2ccccc2)cc1'), min:(0.359375, 'C=Cc1cc(C2=CC(=C)C2=C)cc(-c2ccccc2)c1')
[0.7668473720550537] Updated in round 191! max:(0.7837837837837838, 'c1ccc(-c2ccccc2)cc1'), min:(0.359375, 'C=CC1=C(c2cc(C=C)cc(-c3ccccc3)c2)C1=C')
[0.7698991298675537] Updated in round 192! max:(0.7837837837837838, 'c1ccc(-c2ccccc2)cc1'), min:(0.36065573770491804, 'C#CC=C1C=C1c1cc2cc(-c3ccccc3)c1-2')
[0.7852330207824707] Updated in round 193! max:(0.7837837837837838, 'c1ccc(-c2ccccc2)cc1'), min:(0.3617021276595745, 'C=CC(=C1C=C1)c1ccccc1')
[0.8044002056121826] Updated in round 194! max:(0.7837837837837838, 'c1ccc(-c2ccccc2)cc1'), min:(0.36538461538461536, 'C#Cc1ccccc1-c1c2cccc1-2')
[0.8067207336425781] Updated in round 195! max:(0.7837837837837838, 'c1ccc(-c2ccccc2)cc1'), min:(0.36666666666666664, 'C=C1C2=CC1=C2c1cc2cc(-c3ccccc3)c1-2')
[0.8087716102600098] Updated in round 196! max:(0.7837837837837838, 'c1ccc(-c2ccccc2)cc1'), min:(0.36666666666666664, 'C=CC1=CC(c2cc3cc(-c4ccccc4)c2-3)=C1')
[0.8275136947631836] Updated in round 197! max:(0.7837837837837838, 'c1ccc(-c2ccccc2)cc1'), min:(0.36666666666666664, 'C=CC=Cc1cccc(-c2ccccc2C=C)c1')
[0.8304200172424316] Updated in round 198! max:(0.7837837837837838, 'c1ccc(-c2ccccc2)cc1'), min:(0.3684210526315789, 'C1#CC2=C1c1ccc(cc1)-c1cccc2c1')
[0.8488564491271973] Updated in round 199! max:(0.7837837837837838, 'c1ccc(-c2ccccc2)cc1'), min:(0.3728813559322034, 'C#Cc1ccccc1-c1cccc(C(=C)C=C)c1')
[0.851628303527832] Updated in round 200! max:(0.7837837837837838, 'c1ccc(-c2ccccc2)cc1'), min:(0.375, 'C=Cc1ccccc1-c1cccc(C2=CC3=C2C3=C)c1')
[0.871074914932251] Updated in round 201! max:(0.7837837837837838, 'c1ccc(-c2ccccc2)cc1'), min:(0.375, 'C=CC=C1C=C1c1cccc(-c2ccccc2C=C)c1')
[0.8741109371185303] Updated in round 202! max:(0.7837837837837838, 'c1ccc(-c2ccccc2)cc1'), min:(0.375, 'C#CC1=C(c2cccc(-c3ccccc3C=C)c2)C=C1')
[0.8929741382598877] Updated in round 203! max:(0.7837837837837838, 'c1ccc(-c2ccccc2)cc1'), min:(0.375, 'C=CC1=CC=C1c1cccc(-c2ccccc2C=C)c1')
[0.8958077430725098] Updated in round 204! max:(0.7837837837837838, 'c1ccc(-c2ccccc2)cc1'), min:(0.375, 'C=CC#Cc1cc2cc(-c3ccccc3)c1-2')
[0.9166982173919678] Updated in round 205! max:(0.7837837837837838, 'c1ccc(-c2ccccc2)cc1'), min:(0.375, 'C1#CC(c2cccc(-c3c4cccc3-4)c2)=C1')
[0.9182825088500977] Updated in round 206! max:(0.7837837837837838, 'c1ccc(-c2ccccc2)cc1'), min:(0.375, 'c1cc2ccc1-c1ccc-2cc1')
[0.9390146732330322] Updated in round 207! max:(0.7837837837837838, 'c1ccc(-c2ccccc2)cc1'), min:(0.3770491803278688, 'C1=C2C3=C2C(=C3)c2cc1cc(-c1ccccc1)c2')
[0.9407360553741455] Updated in round 208! max:(0.7837837837837838, 'c1ccc(-c2ccccc2)cc1'), min:(0.3770491803278688, 'c1c2ccc-2c2ccc(c#1)c(-c1ccccc1)c2')
[0.9429903030395508] Updated in round 209! max:(0.7837837837837838, 'c1ccc(-c2ccccc2)cc1'), min:(0.38095238095238093, 'C=Cc1ccccc1-c1cccc(-c2c3c4cc3c24)c1')
[0.9452037811279297] Updated in round 210! max:(0.7837837837837838, 'c1ccc(-c2ccccc2)cc1'), min:(0.38095238095238093, 'C=CC1=C2C1=C2c1cccc(-c2ccccc2C=C)c1')
[0.964522123336792] Updated in round 211! max:(0.7837837837837838, 'c1ccc(-c2ccccc2)cc1'), min:(0.38095238095238093, 'C#CC1=C2C1=C2c1cccc(-c2ccccc2C#C)c1')
[0.9671049118041992] Updated in round 212! max:(0.7837837837837838, 'c1ccc(-c2ccccc2)cc1'), min:(0.38095238095238093, 'C=CC1=CC(c2ccc(C=C)c(-c3ccccc3)c2)=C1')
[0.9694716930389404] Updated in round 213! max:(0.7837837837837838, 'c1ccc(-c2ccccc2)cc1'), min:(0.38235294117647056, 'c1cc2ccc1-2')
[0.9902677536010742] Updated in round 214! max:(0.7837837837837838, 'c1ccc(-c2ccccc2)cc1'), min:(0.38333333333333336, 'C=C1C=CC2=C1c1cccc(c1)-c1cccc2c1')
[0.9940555095672607] Updated in round 215! max:(0.7837837837837838, 'c1ccc(-c2ccccc2)cc1'), min:(0.38333333333333336, 'C1=CC1=C1C=C1c1ccc2c(-c3ccccc3)c1-2')
[1.016331672668457] Updated in round 216! max:(0.7837837837837838, 'c1ccc(-c2ccccc2)cc1'), min:(0.38333333333333336, 'C=C1C=C2C1=C2c1c2ccc(-c3ccccc3)c1-2')
[1.0396203994750977] Updated in round 217! max:(0.7837837837837838, 'c1ccc(-c2ccccc2)cc1'), min:(0.38333333333333336, 'C=c1c2c(c3cc(-c4ccccc4)cc1c3)C#C2')
[1.0519859790802002] Updated in round 218! max:(0.7837837837837838, 'c1ccc(-c2ccccc2)cc1'), min:(0.38333333333333336, 'C#Cc1c2c(c3cc(-c4ccccc4)cc1c3)=C2')
[1.0646162033081055] Updated in round 219! max:(0.7837837837837838, 'c1ccc(-c2ccccc2)cc1'), min:(0.38333333333333336, 'C#CC1=CC=C1c1c2ccc(-c3ccccc3)c1-2')
[1.0911800861358643] Updated in round 220! max:(0.7837837837837838, 'c1ccc(-c2ccccc2)cc1'), min:(0.38333333333333336, 'C=Cc1c2cc1c1cc(-c3ccccc3)cc2c1')
[1.0927176475524902] Updated in round 221! max:(0.7837837837837838, 'c1ccc(-c2ccccc2)cc1'), min:(0.38333333333333336, 'c1ccc(-c2cc3ccc2ccc2c4c3c24)cc1')
[1.11175537109375] Updated in round 222! max:(0.7837837837837838, 'c1ccc(-c2ccccc2)cc1'), min:(0.38333333333333336, 'C#CC1=Cc2c1c1ccc2cc1-c1ccccc1')
[1.1148262023925781] Updated in round 223! max:(0.7837837837837838, 'c1ccc(-c2ccccc2)cc1'), min:(0.38461538461538464, 'C1=Cc2c1ccc1c2-c2cccc-1c2')
[1.1332480907440186] Updated in round 224! max:(0.7837837837837838, 'c1ccc(-c2ccccc2)cc1'), min:(0.3898305084745763, 'C=C1C(=C)c2c1c1ccc2c(-c2ccccc2)c1')
[1.1360352039337158] Updated in round 225! max:(0.7837837837837838, 'c1ccc(-c2ccccc2)cc1'), min:(0.3898305084745763, 'C#CC1=CC(c2c3ccc(-c4ccccc4)c2-3)=C1')
[1.1385014057159424] Updated in round 226! max:(0.7837837837837838, 'c1ccc(-c2ccccc2)cc1'), min:(0.3898305084745763, 'C=Cc1cc(C=C2C=C2)cc(-c2ccccc2)c1')
[1.1568315029144287] Updated in round 227! max:(0.7837837837837838, 'c1ccc(-c2ccccc2)cc1'), min:(0.3898305084745763, 'C#CC#Cc1cc(C#C)cc(-c2ccccc2)c1')
[1.1593890190124512] Updated in round 228! max:(0.7837837837837838, 'c1ccc(-c2ccccc2)cc1'), min:(0.3898305084745763, 'C=Cc1cc(C2=CC#C2)cc(-c2ccccc2)c1')
[1.1798088550567627] Updated in round 229! max:(0.7837837837837838, 'c1ccc(-c2ccccc2)cc1'), min:(0.39215686274509803, 'C=C1c2ccc(cc2)-c2ccccc21')
[1.182884931564331] Updated in round 230! max:(0.7837837837837838, 'c1ccc(-c2ccccc2)cc1'), min:(0.39285714285714285, 'C1=C2C=C2c2ccccc2-c2cccc1c2')
[1.2047765254974365] Updated in round 231! max:(0.7837837837837838, 'c1ccc(-c2ccccc2)cc1'), min:(0.39655172413793105, 'C=c1c(=C)c2cc(-c3ccccc3)cc(c2)c1=C')
[1.2271342277526855] Updated in round 232! max:(0.7837837837837838, 'c1ccc(-c2ccccc2)cc1'), min:(0.39655172413793105, 'C=CC(=C)c1cc(C=C)cc(-c2ccccc2)c1')
[1.230147123336792] Updated in round 233! max:(0.7837837837837838, 'c1ccc(-c2ccccc2)cc1'), min:(0.3968253968253968, 'C#Cc1ccc(-c2ccccc2)cc1C1=CC2=CC1=C2')
[1.251023530960083] Updated in round 234! max:(0.7837837837837838, 'c1ccc(-c2ccccc2)cc1'), min:(0.3968253968253968, 'C=Cc1c(C2=CC(=C)C=C2)cccc1-c1ccccc1')
[1.2520442008972168] Updated in round 235! max:(0.7837837837837838, 'c1ccc(-c2ccccc2)cc1'), min:(0.3968253968253968, 'C#Cc1ccc(-c2ccccc2)cc1C1=C2C=C2C1=C')
[1.2531845569610596] Updated in round 236! max:(0.7837837837837838, 'c1ccc(-c2ccccc2)cc1'), min:(0.3968253968253968, 'C=Cc1c(C2=C3C(=C)C3=C2)cccc1-c1ccccc1')
[1.2705557346343994] Updated in round 237! max:(0.7837837837837838, 'c1ccc(-c2ccccc2)cc1'), min:(0.3968253968253968, 'C#Cc1c(C2=C(C=C)C#C2)cccc1-c1ccccc1')
[1.3123712539672852] Updated in round 238! max:(0.7837837837837838, 'c1ccc(-c2ccccc2)cc1'), min:(0.3968253968253968, 'C#CC=C1C=C1c1cccc(-c2ccccc2)c1C#C')
[1.3149981498718262] Updated in round 239! max:(0.7837837837837838, 'c1ccc(-c2ccccc2)cc1'), min:(0.3968253968253968, 'C=CC1=C(c2cccc(-c3ccccc3)c2C=C)C=C1')
[1.3174760341644287] Updated in round 240! max:(0.7837837837837838, 'c1ccc(-c2ccccc2)cc1'), min:(0.4, 'c1ccc(-c2c3ccc(-c4cc5ccc4-5)c2-3)cc1')
[1.3573873043060303] Updated in round 241! max:(0.7837837837837838, 'c1ccc(-c2ccccc2)cc1'), min:(0.4, 'c1cc2cc(c1)-c1c(c3ccc1=3)-c1ccccc1-2')
[1.379098892211914] Updated in round 242! max:(0.7837837837837838, 'c1ccc(-c2ccccc2)cc1'), min:(0.4, 'c1ccc(-c2cc3ccc2c2c4cc-2cc3-4)cc1')
[1.4203245639801025] Updated in round 243! max:(0.7837837837837838, 'c1ccc(-c2ccccc2)cc1'), min:(0.4, 'C1=CC2=C1C=Cc1ccccc1-c1cccc2c1')
[1.4644081592559814] Updated in round 244! max:(0.7837837837837838, 'c1ccc(-c2ccccc2)cc1'), min:(0.4, 'C#CC#Cc1ccc2c(-c3ccccc3)c1-2')
[1.4881293773651123] Updated in round 245! max:(0.7837837837837838, 'c1ccc(-c2ccccc2)cc1'), min:(0.4, 'C1#CC(c2cc3cc(-c4ccccc4)c2-3)=C1')
[1.5128095149993896] Updated in round 246! max:(0.7837837837837838, 'c1ccc(-c2ccccc2)cc1'), min:(0.4032258064516129, 'C=Cc1ccc(-c2ccccc2)cc1C1=CC(=C)C1=C')
[1.5147297382354736] Updated in round 247! max:(0.7837837837837838, 'c1ccc(-c2ccccc2)cc1'), min:(0.4032258064516129, 'C#Cc1c(C2=C3C(C=C)=C32)cccc1-c1ccccc1')
[1.5172772407531738] Updated in round 248! max:(0.7837837837837838, 'c1ccc(-c2ccccc2)cc1'), min:(0.4032258064516129, 'C#Cc1c(C2=C(C=C)C2=C)cccc1-c1ccccc1')
[1.5357909202575684] Updated in round 249! max:(0.7837837837837838, 'c1ccc(-c2ccccc2)cc1'), min:(0.4032258064516129, 'C#Cc1ccc(-c2ccccc2)cc1C1=CC(C=C)=C1')
[1.5394392013549805] Updated in round 250! max:(0.7837837837837838, 'c1ccc(-c2ccccc2)cc1'), min:(0.4067796610169492, 'C=C1C2=CC=C1c1ccc2cc1-c1ccccc1')
[1.5616333484649658] Updated in round 251! max:(0.7837837837837838, 'c1ccc(-c2ccccc2)cc1'), min:(0.4067796610169492, 'C=C1C2=C(C#C2)c2ccc1c(-c1ccccc1)c2')
[1.5629866123199463] Updated in round 252! max:(0.7837837837837838, 'c1ccc(-c2ccccc2)cc1'), min:(0.4067796610169492, 'C#CC1=C2C=C1c1ccccc1-c1cccc2c1')
[1.578819990158081] Updated in round 253! max:(0.7837837837837838, 'c1ccc(-c2ccccc2)cc1'), min:(0.4067796610169492, 'C=C1C=C2C1=Cc1ccc2cc1-c1ccccc1')
[1.5933239459991455] Updated in round 254! max:(0.7837837837837838, 'c1ccc(-c2ccccc2)cc1'), min:(0.4067796610169492, 'C=C1C2=C1c1ccc(c(-c3ccccc3)c1)C=C2')
[1.6099448204040527] Updated in round 255! max:(0.7837837837837838, 'c1ccc(-c2ccccc2)cc1'), min:(0.4074074074074074, 'C#Cc1cc(-c2ccccc2)cc2c1C2=C')
[1.6286556720733643] Updated in round 256! max:(0.7837837837837838, 'c1ccc(-c2ccccc2)cc1'), min:(0.4074074074074074, 'C=C1C=C1c1cc2cc(-c3ccccc3)c1-2')
[1.6326303482055664] Updated in round 257! max:(0.7837837837837838, 'c1ccc(-c2ccccc2)cc1'), min:(0.4098360655737705, 'C#Cc1ccc(-c2ccccc2)cc1C(=C)C1=CC1=C')
[1.6514291763305664] Updated in round 258! max:(0.7837837837837838, 'c1ccc(-c2ccccc2)cc1'), min:(0.4098360655737705, 'C#CC(=C)C(=C)c1cccc(-c2ccccc2)c1C#C')
[1.6728558540344238] Updated in round 259! max:(0.7837837837837838, 'c1ccc(-c2ccccc2)cc1'), min:(0.4117647058823529, 'C1=Cc2c1cc1c(-c3ccccc3)c2-1')
[1.6772172451019287] Updated in round 260! max:(0.7837837837837838, 'c1ccc(-c2ccccc2)cc1'), min:(0.4126984126984127, 'C#Cc1c(-c2ccccc2)cccc1-c1cc2cc-2c1')
[1.6969425678253174] Updated in round 261! max:(0.7837837837837838, 'c1ccc(-c2ccccc2)cc1'), min:(0.41304347826086957, 'C#CC=C1C=C1c1ccccc1')
[1.701340675354004] Updated in round 262! max:(0.7837837837837838, 'c1ccc(-c2ccccc2)cc1'), min:(0.41379310344827586, 'C#CC=C1C(=C)c2cccc(c2)-c2ccccc21')
[1.720426321029663] Updated in round 263! max:(0.7837837837837838, 'c1ccc(-c2ccccc2)cc1'), min:(0.41379310344827586, 'C=C1C#Cc2ccc(cc2-c2ccccc2)C1=C')
[1.7547547817230225] Updated in round 264! max:(0.7837837837837838, 'c1ccc(-c2ccccc2)cc1'), min:(0.41379310344827586, 'C=C1C2=CC(=C2)c2ccc1c(-c1ccccc1)c2')
[1.7757372856140137] Updated in round 265! max:(0.7837837837837838, 'c1ccc(-c2ccccc2)cc1'), min:(0.41379310344827586, 'C#Cc1ccccc1-c1cccc(C2=CC=C2)c1')
[1.780014991760254] Updated in round 266! max:(0.7837837837837838, 'c1ccc(-c2ccccc2)cc1'), min:(0.41818181818181815, 'C1=Cc2cc(cc(-c3ccccc3)c2)C=C1')
[1.7990388870239258] Updated in round 267! max:(0.7837837837837838, 'c1ccc(-c2ccccc2)cc1'), min:(0.42, 'C#Cc1c(-c2ccccc2)cc2cc1-2')
[1.8342900276184082] Updated in round 268! max:(0.7837837837837838, 'c1ccc(-c2ccccc2)cc1'), min:(0.42105263157894735, 'C#Cc1cc(C2=CC2=C)ccc1-c1ccccc1')
[1.8558969497680664] Updated in round 269! max:(0.7837837837837838, 'c1ccc(-c2ccccc2)cc1'), min:(0.423728813559322, 'C1#Cc2cc1cc1c(-c3ccccc3)cccc21')
[1.8778350353240967] Updated in round 270! max:(0.7837837837837838, 'c1ccc(-c2ccccc2)cc1'), min:(0.423728813559322, 'c1c#cc2c(c#1)-c1ccc(-c3ccccc3)cc1-2')
[1.88126540184021] Updated in round 271! max:(0.7837837837837838, 'c1ccc(-c2ccccc2)cc1'), min:(0.423728813559322, 'c1ccc(-c2cc3c4cc2c2c-4cccc32)cc1')
[1.9188005924224854] Updated in round 272! max:(0.7837837837837838, 'c1ccc(-c2ccccc2)cc1'), min:(0.423728813559322, 'c1ccc(-c2ccc3c(c2)-c2cc-3c3cc2-3)cc1')
[1.9238002300262451] Updated in round 273! max:(0.7837837837837838, 'c1ccc(-c2ccccc2)cc1'), min:(0.423728813559322, 'C1#CC2=C3C1=C2c1ccc(-c2ccccc2)cc13')
[1.9462294578552246] Updated in round 274! max:(0.7837837837837838, 'c1ccc(-c2ccccc2)cc1'), min:(0.423728813559322, 'c1ccc(-c2ccc3c4cc5c(c-5c4)c3c2)cc1')
[1.965775728225708] Updated in round 275! max:(0.7837837837837838, 'c1ccc(-c2ccccc2)cc1'), min:(0.423728813559322, 'c1cc2cc(c1)-c1ccccc1-c1ccc-2cc1')
[1.9843413829803467] Updated in round 276! max:(0.7837837837837838, 'c1ccc(-c2ccccc2)cc1'), min:(0.423728813559322, 'c1ccc(-c2ccc3c(c2)c2c4ccc4c32)cc1')
[2.0027897357940674] Updated in round 277! max:(0.7837837837837838, 'c1ccc(-c2ccccc2)cc1'), min:(0.423728813559322, 'C1=CC2=Cc3ccc(-c4ccccc4)cc3C2=C1')
[2.0233571529388428] Updated in round 278! max:(0.7837837837837838, 'c1ccc(-c2ccccc2)cc1'), min:(0.423728813559322, 'C1=C2c3cc4c(-c5ccccc5)cccc4c1c32')
[2.047405481338501] Updated in round 279! max:(0.7837837837837838, 'c1ccc(-c2ccccc2)cc1'), min:(0.423728813559322, 'C1#Cc2ccc(-c3ccccc3)cc2C2=CC2=C1')
[2.0511794090270996] Updated in round 280! max:(0.7837837837837838, 'c1ccc(-c2ccccc2)cc1'), min:(0.42592592592592593, 'C=c1c2c3ccc(-c4ccccc4)c(c3)c1=2')
[2.0881826877593994] Updated in round 281! max:(0.7837837837837838, 'c1ccc(-c2ccccc2)cc1'), min:(0.42592592592592593, 'C=Cc1cc(-c2ccccc2)cc2c1C=C2')
[2.1127777099609375] Updated in round 282! max:(0.7837837837837838, 'c1ccc(-c2ccccc2)cc1'), min:(0.42592592592592593, 'C=C1C=Cc2ccc1c(-c1ccccc1)c2')
[2.137084484100342] Updated in round 283! max:(0.7837837837837838, 'c1ccc(-c2ccccc2)cc1'), min:(0.42592592592592593, 'C=CC1=Cc2cc1cc(-c1ccccc1)c2')
[2.155517816543579] Updated in round 284! max:(0.7837837837837838, 'c1ccc(-c2ccccc2)cc1'), min:(0.42592592592592593, 'C1=CC(c2ccc3c(-c4ccccc4)c2-3)=C1')
[2.179947853088379] Updated in round 285! max:(0.7837837837837838, 'c1ccc(-c2ccccc2)cc1'), min:(0.43103448275862066, 'C1=c2c3cc4cccc(-c5ccccc5)c4c2=C13')
[2.223062515258789] Updated in round 286! max:(0.7837837837837838, 'c1ccc(-c2ccccc2)cc1'), min:(0.43103448275862066, 'C1#Cc2ccc(-c3ccccc3)cc2C1=C1C=C1')
[2.2457711696624756] Updated in round 287! max:(0.7837837837837838, 'c1ccc(-c2ccccc2)cc1'), min:(0.43103448275862066, 'C=C1C#Cc2c(cccc2-c2ccccc2)C=C1')
[2.2845253944396973] Updated in round 288! max:(0.7837837837837838, 'c1ccc(-c2ccccc2)cc1'), min:(0.43103448275862066, 'C#Cc1c#cc2c(-c3ccccc3)cccc2c1')
[2.3221137523651123] Updated in round 289! max:(0.7837837837837838, 'c1ccc(-c2ccccc2)cc1'), min:(0.43103448275862066, 'C=C1C#CC2=C1c1ccc(-c3ccccc3)cc12')
[2.356696367263794] Updated in round 290! max:(0.7837837837837838, 'c1ccc(-c2ccccc2)cc1'), min:(0.43103448275862066, 'C#CC=C1C#Cc2ccc(-c3ccccc3)cc21')
[2.3928306102752686] Updated in round 291! max:(0.7837837837837838, 'c1ccc(-c2ccccc2)cc1'), min:(0.43103448275862066, 'C#CC=C1C=Cc2ccc(-c3ccccc3)cc21')
[2.4114418029785156] Updated in round 292! max:(0.7837837837837838, 'c1ccc(-c2ccccc2)cc1'), min:(0.43103448275862066, 'C=CC=C1C=Cc2cc(-c3ccccc3)ccc21')
[2.4438111782073975] Updated in round 293! max:(0.7837837837837838, 'c1ccc(-c2ccccc2)cc1'), min:(0.43103448275862066, 'c1ccc(-c2ccc3c4=c(c3c2)-c2cc-4c2)cc1')
[2.458587408065796] Updated in round 294! max:(0.7837837837837838, 'c1ccc(-c2ccccc2)cc1'), min:(0.43103448275862066, 'C=C1C=CC2=C1c1ccc(-c3ccccc3)cc12')
[2.4918265342712402] Updated in round 295! max:(0.7837837837837838, 'c1ccc(-c2ccccc2)cc1'), min:(0.43103448275862066, 'C=c1c2c3c4cccc(-c5ccccc5)c4c1c2-3')
[2.5288257598876953] Updated in round 296! max:(0.7837837837837838, 'c1ccc(-c2ccccc2)cc1'), min:(0.43103448275862066, 'C=Cc1c2cc-2c2cc(-c3ccccc3)ccc12')
[2.5929739475250244] Updated in round 297! max:(0.7837837837837838, 'c1ccc(-c2ccccc2)cc1'), min:(0.43103448275862066, 'C#CC1=C2C=C1c1ccc(-c3ccccc3)cc12')
[2.644209861755371] Updated in round 298! max:(0.7837837837837838, 'c1ccc(-c2ccccc2)cc1'), min:(0.43103448275862066, 'C=Cc1cc2c3ccc(-c4ccccc4)cc3c1-2')
[2.6670801639556885] Updated in round 299! max:(0.7837837837837838, 'c1ccc(-c2ccccc2)cc1'), min:(0.43103448275862066, 'C1=c2c3cc4ccc(-c5ccccc5)cc4c2=C13')
[2.7132534980773926] Updated in round 300! max:(0.7837837837837838, 'c1ccc(-c2ccccc2)cc1'), min:(0.43103448275862066, 'C=Cc1c2cc3ccc(-c4ccccc4)cc3c1-2')
[2.7559731006622314] Updated in round 301! max:(0.7837837837837838, 'c1ccc(-c2ccccc2)cc1'), min:(0.43103448275862066, 'C=Cc1cc2c3cc(-c4ccccc4)ccc3c1-2')
[2.7838892936706543] Updated in round 302! max:(0.7837837837837838, 'c1ccc(-c2ccccc2)cc1'), min:(0.4339622641509434, 'C=C1C=C1c1c2ccc(-c3ccccc3)c1-2')
[2.811351776123047] Updated in round 303! max:(0.7837837837837838, 'c1ccc(-c2ccccc2)cc1'), min:(0.4339622641509434, 'C#Cc1cc(C=C)cc(-c2ccccc2)c1')
[2.834082841873169] Updated in round 304! max:(0.7837837837837838, 'c1ccc(-c2ccccc2)cc1'), min:(0.43548387096774194, 'C=Cc1ccc(-c2ccccc2)cc1-c1c2cccc1-2')
[2.8978796005249023] Updated in round 305! max:(0.7837837837837838, 'c1ccc(-c2ccccc2)cc1'), min:(0.43859649122807015, 'C#CC=Cc1ccc(-c2ccccc2)cc1C#C')
[2.9396450519561768] Updated in round 306! max:(0.7837837837837838, 'c1ccc(-c2ccccc2)cc1'), min:(0.43859649122807015, 'c1ccc(-c2cccc3c2C3=C2C3=C4C3=C42)cc1')
[2.994934320449829] Updated in round 307! max:(0.7837837837837838, 'c1ccc(-c2ccccc2)cc1'), min:(0.43859649122807015, 'C=C1C(=C2C=C2)c2ccc(-c3ccccc3)cc21')
[3.0643184185028076] Updated in round 308! max:(0.7837837837837838, 'c1ccc(-c2ccccc2)cc1'), min:(0.43859649122807015, 'C=C1C(=C2C=C2)c2cc(-c3ccccc3)ccc21')
[3.092489004135132] Updated in round 309! max:(0.7837837837837838, 'c1ccc(-c2ccccc2)cc1'), min:(0.43859649122807015, 'C=CC(C=C)=C1c2cccc(-c3ccccc3)c21')
[3.1236209869384766] Updated in round 310! max:(0.7837837837837838, 'c1ccc(-c2ccccc2)cc1'), min:(0.43859649122807015, 'C#CC1=Cc2cc(-c3ccccc3)ccc2C1=C')
[3.1406209468841553] Updated in round 311! max:(0.7837837837837838, 'c1ccc(-c2ccccc2)cc1'), min:(0.43859649122807015, 'C#CC1=C(C#C)c2cc(-c3ccccc3)ccc21')
[3.1422948837280273] Updated in round 312! max:(0.7837837837837838, 'c1ccc(-c2ccccc2)cc1'), min:(0.43859649122807015, 'C#CC1=C(C=C)c2cc(-c3ccccc3)ccc21')
[3.144287109375] Updated in round 313! max:(0.7837837837837838, 'c1ccc(-c2ccccc2)cc1'), min:(0.43859649122807015, 'C=CC1=CC(=C)c2ccc(-c3ccccc3)cc21')
[3.180732488632202] Updated in round 314! max:(0.7837837837837838, 'c1ccc(-c2ccccc2)cc1'), min:(0.43859649122807015, 'C=c1ccc2c(-c3ccccc3)cccc2c1=C')
[3.1981382369995117] Updated in round 315! max:(0.7837837837837838, 'c1ccc(-c2ccccc2)cc1'), min:(0.43859649122807015, 'c1ccc(-c2ccc3c(c2)c2c4c5c3c4c25)cc1')
[3.199467897415161] Updated in round 316! max:(0.7837837837837838, 'c1ccc(-c2ccccc2)cc1'), min:(0.43859649122807015, 'C#Cc1ccc(-c2ccccc2)cc1C=C1C#C1')
[3.2006592750549316] Updated in round 317! max:(0.7837837837837838, 'c1ccc(-c2ccccc2)cc1'), min:(0.43859649122807015, 'C=CC#Cc1cccc(-c2ccccc2)c1C=C')
[3.2177133560180664] Updated in round 318! max:(0.7837837837837838, 'c1ccc(-c2ccccc2)cc1'), min:(0.43859649122807015, 'C#CC=Cc1cccc(-c2ccccc2)c1C=C')
[3.2193639278411865] Updated in round 319! max:(0.7837837837837838, 'c1ccc(-c2ccccc2)cc1'), min:(0.43859649122807015, 'C#Cc1c(C2=C3C=C32)cccc1-c1ccccc1')
[3.2208502292633057] Updated in round 320! max:(0.7837837837837838, 'c1ccc(-c2ccccc2)cc1'), min:(0.4444444444444444, 'c1cc2cc3cc-2cc(c1)-c1ccccc1-3')
[3.22265887260437] Updated in round 321! max:(0.7837837837837838, 'c1ccc(-c2ccccc2)cc1'), min:(0.4444444444444444, 'c1ccc(-c2c3cccc2-3)ccc2cc-2c1')
[3.241014003753662] Updated in round 322! max:(0.7837837837837838, 'c1ccc(-c2ccccc2)cc1'), min:(0.4444444444444444, 'C1=C2C=C2c2cccc(c2)-c2ccccc21')
[3.260209798812866] Updated in round 323! max:(0.7837837837837838, 'c1ccc(-c2ccccc2)cc1'), min:(0.4461538461538462, 'C#Cc1ccc(-c2cccc(-c3ccccc3)c2)cc1C=C')
[3.2635116577148438] Updated in round 324! max:(0.7837837837837838, 'c1ccc(-c2ccccc2)cc1'), min:(0.44642857142857145, 'C#Cc1cc(-c2ccccc2)ccc1C(=C)C=C')
[3.2811760902404785] Updated in round 325! max:(0.7837837837837838, 'c1ccc(-c2ccccc2)cc1'), min:(0.44642857142857145, 'C#Cc1c(C(=C)C=C)cccc1-c1ccccc1')
[3.2829127311706543] Updated in round 326! max:(0.7837837837837838, 'c1ccc(-c2ccccc2)cc1'), min:(0.4482758620689655, 'c1ccc(-c2ccc(-c3cc4cc-4c3)cc2)cc1')
[3.3013060092926025] Updated in round 327! max:(0.7837837837837838, 'c1ccc(-c2ccccc2)cc1'), min:(0.4489795918367347, 'C#Cc1c2ccc-2c1-c1ccccc1')
[3.3034250736236572] Updated in round 328! max:(0.7837837837837838, 'c1ccc(-c2ccccc2)cc1'), min:(0.4528301886792453, 'C=CC#Cc1ccccc1-c1ccccc1')
[3.3047032356262207] Updated in round 329! max:(0.7837837837837838, 'c1ccc(-c2ccccc2)cc1'), min:(0.4528301886792453, 'C=C1C2=C1c1ccccc1-c1cccc2c1')
[3.322578191757202] Updated in round 330! max:(0.7837837837837838, 'c1ccc(-c2ccccc2)cc1'), min:(0.45614035087719296, 'C#Cc1ccc2ccc-2ccc1-c1ccccc1')
[3.3251793384552] Updated in round 331! max:(0.7837837837837838, 'c1ccc(-c2ccccc2)cc1'), min:(0.45614035087719296, 'C#Cc1ccccc1-c1ccc2cccc-2cc1')
[3.361281156539917] Updated in round 332! max:(0.7837837837837838, 'c1ccc(-c2ccccc2)cc1'), min:(0.45614035087719296, 'C=Cc1c2cccc1-c1ccccccc-2cc1')
[3.4037842750549316] Updated in round 333! max:(0.7837837837837838, 'c1ccc(-c2ccccc2)cc1'), min:(0.45614035087719296, 'C=CC1=CC1=Cc1ccc(-c2ccccc2)cc1')
[3.4301373958587646] Updated in round 334! max:(0.7837837837837838, 'c1ccc(-c2ccccc2)cc1'), min:(0.45614035087719296, 'C#CC=CC=Cc1ccc(-c2ccccc2)cc1')
[3.4560799598693848] Updated in round 335! max:(0.7837837837837838, 'c1ccc(-c2ccccc2)cc1'), min:(0.45614035087719296, 'c1ccc(-c2cccc3c4=c(c23)-c2cc-4c2)cc1')
[3.4781363010406494] Updated in round 336! max:(0.7837837837837838, 'c1ccc(-c2ccccc2)cc1'), min:(0.45901639344262296, 'C#CC1=C(C=Cc2cccc(-c3ccccc3)c2)C#C1')
[3.50193452835083] Updated in round 337! max:(0.7837837837837838, 'c1ccc(-c2ccccc2)cc1'), min:(0.45901639344262296, 'C#CC1=CC=C1C=Cc1cccc(-c2ccccc2)c1')
[3.5227251052856445] Updated in round 338! max:(0.7837837837837838, 'c1ccc(-c2ccccc2)cc1'), min:(0.45901639344262296, 'C=CC=CC1=CC1=Cc1cccc(-c2ccccc2)c1')
[3.5247762203216553] Updated in round 339! max:(0.7837837837837838, 'c1ccc(-c2ccccc2)cc1'), min:(0.45901639344262296, 'C#CC#CC=CC=Cc1cccc(-c2ccccc2)c1')
[3.546612024307251] Updated in round 340! max:(0.7837837837837838, 'c1ccc(-c2ccccc2)cc1'), min:(0.45901639344262296, 'C#CC=C1C=C1C=Cc1cccc(-c2ccccc2)c1')
[3.571619749069214] Updated in round 341! max:(0.7837837837837838, 'c1ccc(-c2ccccc2)cc1'), min:(0.45901639344262296, 'C#Cc1ccc(-c2ccccc2)cc1-c1ccccc1')
[3.574139356613159] Updated in round 342! max:(0.7837837837837838, 'c1ccc(-c2ccccc2)cc1'), min:(0.4642857142857143, 'C=Cc1ccc(-c2ccccc2)ccc2c3c1c23')
[3.57677960395813] Updated in round 343! max:(0.7837837837837838, 'c1ccc(-c2ccccc2)cc1'), min:(0.4642857142857143, 'C#CC(=C)C#Cc1ccc(-c2ccccc2)cc1')
[3.5994577407836914] Updated in round 344! max:(0.7837837837837838, 'c1ccc(-c2ccccc2)cc1'), min:(0.4642857142857143, 'C#CC=C(C#C)c1ccc(-c2ccccc2)cc1')
[3.604660749435425] Updated in round 345! max:(0.7837837837837838, 'c1ccc(-c2ccccc2)cc1'), min:(0.4666666666666667, 'C#Cc1ccc(-c2ccccc2)cccccc1C=C')
[3.6305277347564697] Updated in round 346! max:(0.7837837837837838, 'c1ccc(-c2ccccc2)cc1'), min:(0.4666666666666667, 'C#Cc1cccccc(-c2ccc(C=C)cc2)ccc1')
[3.6573145389556885] Updated in round 347! max:(0.7837837837837838, 'c1ccc(-c2ccccc2)cc1'), min:(0.4666666666666667, 'C=CC(C#Cc1cccc(-c2ccccc2)c1)=C1C#C1')
[3.6840860843658447] Updated in round 348! max:(0.7837837837837838, 'c1ccc(-c2ccccc2)cc1'), min:(0.4666666666666667, 'C=CC(=CC1=CC#C1)c1cccc(-c2ccccc2)c1')
[3.7056925296783447] Updated in round 349! max:(0.7837837837837838, 'c1ccc(-c2ccccc2)cc1'), min:(0.4666666666666667, 'C#CC1=CC(C=Cc2cccc(-c3ccccc3)c2)=C1')
[3.708235263824463] Updated in round 350! max:(0.7837837837837838, 'c1ccc(-c2ccccc2)cc1'), min:(0.4666666666666667, 'C#CC(=CC=C1C=C1)c1cccc(-c2ccccc2)c1')
[3.730897903442383] Updated in round 351! max:(0.7837837837837838, 'c1ccc(-c2ccccc2)cc1'), min:(0.4666666666666667, 'C#CC(=CC=C1C#C1)c1cccc(-c2ccccc2)c1')
[3.7525575160980225] Updated in round 352! max:(0.7837837837837838, 'c1ccc(-c2ccccc2)cc1'), min:(0.4666666666666667, 'C=CC(=C)C1=CC1=Cc1cccc(-c2ccccc2)c1')
[3.791621685028076] Updated in round 353! max:(0.7837837837837838, 'c1ccc(-c2ccccc2)cc1'), min:(0.4666666666666667, 'C=CC(=C)C=CC=Cc1cccc(-c2ccccc2)c1')
[3.810061454772949] Updated in round 354! max:(0.7837837837837838, 'c1ccc(-c2ccccc2)cc1'), min:(0.4666666666666667, 'C#CC=C(C1=CC#C1)c1cccc(-c2ccccc2)c1')
[3.8284904956817627] Updated in round 355! max:(0.7837837837837838, 'c1ccc(-c2ccccc2)cc1'), min:(0.4666666666666667, 'C=CC1=C(C(=C)c2cccc(-c3ccccc3)c2)C=C1')
[3.8488712310791016] Updated in round 356! max:(0.7837837837837838, 'c1ccc(-c2ccccc2)cc1'), min:(0.4666666666666667, 'C=CC1=C(C=Cc2cccc(-c3ccccc3)c2)C1=C')
[3.8868446350097656] Updated in round 357! max:(0.7837837837837838, 'c1ccc(-c2ccccc2)cc1'), min:(0.4666666666666667, 'C#CC(=C1C=C1C=C)c1cccc(-c2ccccc2)c1')
[3.9467551708221436] Updated in round 358! max:(0.7837837837837838, 'c1ccc(-c2ccccc2)cc1'), min:(0.4666666666666667, 'C#CC#CC(=C)C#Cc1cccc(-c2ccccc2)c1')
[3.976372718811035] Updated in round 359! max:(0.7837837837837838, 'c1ccc(-c2ccccc2)cc1'), min:(0.4666666666666667, 'C=CC=CC(=C)C=Cc1cccc(-c2ccccc2)c1')
[4.001485824584961] Updated in round 360! max:(0.7837837837837838, 'c1ccc(-c2ccccc2)cc1'), min:(0.4666666666666667, 'C#CC(=CC=CC=C)c1cccc(-c2ccccc2)c1')
[4.02400541305542] Updated in round 361! max:(0.7837837837837838, 'c1ccc(-c2ccccc2)cc1'), min:(0.4666666666666667, 'C#CC=CC=CC(=C)c1cccc(-c2ccccc2)c1')
[4.048893451690674] Updated in round 362! max:(0.7837837837837838, 'c1ccc(-c2ccccc2)cc1'), min:(0.4666666666666667, 'C#CC=CC(=CC#C)c1cccc(-c2ccccc2)c1')
[4.053870439529419] Updated in round 363! max:(0.7837837837837838, 'c1ccc(-c2ccccc2)cc1'), min:(0.46938775510204084, 'C1=C2c3cc(-c4ccccc4)cc1c32')
[4.076550245285034] Updated in round 364! max:(0.7837837837837838, 'c1ccc(-c2ccccc2)cc1'), min:(0.4716981132075472, 'c1ccc(-c2c3c4cccc5c3c5c24)cc1')
[4.128957986831665] Updated in round 365! max:(0.7837837837837838, 'c1ccc(-c2ccccc2)cc1'), min:(0.4716981132075472, 'c1ccc(-c2ccc3c4c3c3c(c2)c43)cc1')
[4.1719958782196045] Updated in round 366! max:(0.7837837837837838, 'c1ccc(-c2ccccc2)cc1'), min:(0.4716981132075472, 'c1ccc(-c2cccc3cc4c2cc34)cc1')
[4.196431398391724] Updated in round 367! max:(0.7837837837837838, 'c1ccc(-c2ccccc2)cc1'), min:(0.4716981132075472, 'c1ccc(-c2ccc3c4cccc-4c2-3)cc1')
[4.2192535400390625] Updated in round 368! max:(0.7837837837837838, 'c1ccc(-c2ccccc2)cc1'), min:(0.4716981132075472, 'c1ccccc(-c2c3cccc2-3)cccc1')
[4.2649712562561035] Updated in round 369! max:(0.7837837837837838, 'c1ccc(-c2ccccc2)cc1'), min:(0.4716981132075472, 'c1ccc2ccc(-c3ccccc3)cc2c#1')
[4.312235116958618] Updated in round 370! max:(0.7837837837837838, 'c1ccc(-c2ccccc2)cc1'), min:(0.4716981132075472, 'c1ccc(-c2cccc3c4ccc-4c23)cc1')
[4.343106508255005] Updated in round 371! max:(0.7837837837837838, 'c1ccc(-c2ccccc2)cc1'), min:(0.47368421052631576, 'C1=Cc2cc1cccccc(-c1ccccc1)c2')
[4.392831325531006] Updated in round 372! max:(0.7837837837837838, 'c1ccc(-c2ccccc2)cc1'), min:(0.47368421052631576, 'c1ccc(-c2cc3cc(-c4ccccc4)c2-3)cc1')
[4.441190958023071] Updated in round 373! max:(0.7837837837837838, 'c1ccc(-c2ccccc2)cc1'), min:(0.4745762711864407, 'C#Cc1cc(-c2ccccc2)cccc(=C)ccc1=C')
[4.469853162765503] Updated in round 374! max:(0.7837837837837838, 'c1ccc(-c2ccccc2)cc1'), min:(0.4745762711864407, 'C#Cc1ccc(=C)c(=C)cccc(-c2ccccc2)c1')
[4.515554666519165] Updated in round 375! max:(0.7837837837837838, 'c1ccc(-c2ccccc2)cc1'), min:(0.4745762711864407, 'C#CC(C(=C)c1cccc(-c2ccccc2)c1)=C1C=C1')
[4.585569143295288] Updated in round 376! max:(0.7837837837837838, 'c1ccc(-c2ccccc2)cc1'), min:(0.4745762711864407, 'C=CC(=C1C2=CC1=C2)c1cccc(-c2ccccc2)c1')
[4.614831447601318] Updated in round 377! max:(0.7837837837837838, 'c1ccc(-c2ccccc2)cc1'), min:(0.4745762711864407, 'C#CC(=C)C(=C)C=Cc1cccc(-c2ccccc2)c1')
[4.643218994140625] Updated in round 378! max:(0.7837837837837838, 'c1ccc(-c2ccccc2)cc1'), min:(0.4745762711864407, 'C#CC(=C)C=CC(=C)c1cccc(-c2ccccc2)c1')
[4.676499366760254] Updated in round 379! max:(0.7837837837837838, 'c1ccc(-c2ccccc2)cc1'), min:(0.4745762711864407, 'C=CC1=C(C(=C)c2cccc(-c3ccccc3)c2)C1=C')
[4.7422895431518555] Updated in round 380! max:(0.7837837837837838, 'c1ccc(-c2ccccc2)cc1'), min:(0.4745762711864407, 'C#CC(=CC=C)C(=C)c1cccc(-c2ccccc2)c1')
[4.7928924560546875] Updated in round 381! max:(0.7837837837837838, 'c1ccc(-c2ccccc2)cc1'), min:(0.47540983606557374, 'C1=Cc2cc(-c3cccc(-c4ccccc4)c3)ccc21')
[4.871166467666626] Updated in round 382! max:(0.7837837837837838, 'c1ccc(-c2ccccc2)cc1'), min:(0.4807692307692308, 'C=C1C=c2cccc(-c3ccccc3)c2=C1')
[4.87567138671875] Updated in round 383! max:(0.7837837837837838, 'c1ccc(-c2ccccc2)cc1'), min:(0.4807692307692308, 'C=C1C#Cc2cccc(-c3ccccc3)c21')
[4.945783615112305] Updated in round 384! max:(0.7837837837837838, 'c1ccc(-c2ccccc2)cc1'), min:(0.4807692307692308, 'C#CC=C1c2cccc(-c3ccccc3)c21')
[4.972822427749634] Updated in round 385! max:(0.7837837837837838, 'c1ccc(-c2ccccc2)cc1'), min:(0.4807692307692308, 'c1ccc(-c2ccc3c(c2)c2c4c3c24)cc1')
[5.3444435596466064] Updated in round 386! max:(0.7837837837837838, 'c1ccc(-c2ccccc2)cc1'), min:(0.48214285714285715, 'C=c1ccc2cc1=Cc1cccccc-2ccc1')
[5.379656076431274] Updated in round 387! max:(0.7837837837837838, 'c1ccc(-c2ccccc2)cc1'), min:(0.48214285714285715, 'C#Cc1c2cccc3cc(-c4ccccc4)c-2c1-3')
[5.44990348815918] Updated in round 388! max:(0.7837837837837838, 'c1ccc(-c2ccccc2)cc1'), min:(0.48214285714285715, 'C#Cc1c2cccccc(-c3ccccc3)cc1-2')
[5.477695941925049] Updated in round 389! max:(0.7837837837837838, 'c1ccc(-c2ccccc2)cc1'), min:(0.48214285714285715, 'C=Cc1cccc(-c2cc3cccccc-3c2)c1')
[5.56832480430603] Updated in round 390! max:(0.7837837837837838, 'c1ccc(-c2ccccc2)cc1'), min:(0.48214285714285715, 'C#Cc1c(-c2ccccc2)cccc2cc3c-2c1-3')
[5.5941994190216064] Updated in round 391! max:(0.7837837837837838, 'c1ccc(-c2ccccc2)cc1'), min:(0.48214285714285715, 'C#Cc1cc2ccccccc1-c1cccc-2c1')
[5.686756610870361] Updated in round 392! max:(0.7837837837837838, 'c1ccc(-c2ccccc2)cc1'), min:(0.48214285714285715, 'C#Cc1cccc2ccc(-c3ccccc3)cc12')
[5.710580587387085] Updated in round 393! max:(0.7837837837837838, 'c1ccc(-c2ccccc2)cc1'), min:(0.4827586206896552, 'C=CC(=C)C1=CC(=C)c2cccccc(ccc2)C1=C')
[5.805652618408203] Updated in round 394! max:(0.7837837837837838, 'c1ccc(-c2ccccc2)cc1'), min:(0.48333333333333334, 'C=Cc1cc2ccc(-c3ccccc3)cccc1cc2')
[5.853273391723633] Updated in round 395! max:(0.7837837837837838, 'c1ccc(-c2ccccc2)cc1'), min:(0.48333333333333334, 'C=CC=C1c2c#ccc(c2)-c2cccccc1ccc2')
[6.164246320724487] Updated in round 396! max:(0.7837837837837838, 'c1ccc(-c2ccccc2)cc1'), min:(0.48333333333333334, 'C#CC=C1c2c3cccc(-c4ccccc4)ccc-3c21')
[6.245219707489014] Updated in round 397! max:(0.7837837837837838, 'c1ccc(-c2ccccc2)cc1'), min:(0.48333333333333334, 'C=CC=c1c2ccc(-c3ccccc3)cccc3c1c2-3')
[6.320222854614258] Updated in round 398! max:(0.7837837837837838, 'c1ccc(-c2ccccc2)cc1'), min:(0.48333333333333334, 'C=CC#Cc1ccccc(-c2ccccc2)cccc1')
[6.353008031845093] Updated in round 399! max:(0.7837837837837838, 'c1ccc(-c2ccccc2)cc1'), min:(0.48333333333333334, 'C#CC#Cc1cc2cccc-2cc(-c2ccccc2)c1')
[6.677048683166504] Updated in round 400! max:(0.7837837837837838, 'c1ccc(-c2ccccc2)cc1'), min:(0.48333333333333334, 'C=CC=Cc1ccc2cccc-2cc1-c1ccccc1')
[6.822077751159668] Updated in round 401! max:(0.7837837837837838, 'c1ccc(-c2ccccc2)cc1'), min:(0.48333333333333334, 'C=CC=Cc1cccc(-c2ccccc2)ccc2cc1-2')
[6.874641418457031] Updated in round 402! max:(0.7837837837837838, 'c1ccc(-c2ccccc2)cc1'), min:(0.48333333333333334, 'C#Cc1ccc(-c2ccccc2)cccc2c3c1C=C23')
[7.099331617355347] Updated in round 403! max:(0.7837837837837838, 'c1ccc(-c2ccccc2)cc1'), min:(0.48333333333333334, 'C=Cc1ccc(-c2ccccc2)cccc2cc1C#C2')
[7.275609493255615] Updated in round 404! max:(0.7837837837837838, 'c1ccc(-c2ccccc2)cc1'), min:(0.48333333333333334, 'C#Cc1ccc#cc1-c1cccc(-c2ccccc2)c1')
[7.380767583847046] Updated in round 405! max:(0.7837837837837838, 'c1ccc(-c2ccccc2)cc1'), min:(0.48333333333333334, 'C=Cc1c#ccc(-c2cccc(-c3ccccc3)c2)c1')
[7.555935859680176] Updated in round 406! max:(0.7837837837837838, 'c1ccc(-c2ccccc2)cc1'), min:(0.48333333333333334, 'C#Cc1cc2cc-2c1-c1cccc(-c2ccccc2)c1')
[7.662501335144043] Updated in round 407! max:(0.7837837837837838, 'c1ccc(-c2ccccc2)cc1'), min:(0.48333333333333334, 'C=Cc1c2c3c-2c(-c2cccc(-c4ccccc4)c2)c1=3')
[7.869462251663208] Updated in round 408! max:(0.7837837837837838, 'c1ccc(-c2ccccc2)cc1'), min:(0.48333333333333334, 'C=Cc1c#cc2c(-c3cccc(-c4ccccc4)c3)c1-2')
[8.021357297897339] Updated in round 409! max:(0.7837837837837838, 'c1ccc(-c2ccccc2)cc1'), min:(0.48333333333333334, 'C=Cc1cc2cc(-c3cccc(-c4ccccc4)c3)c1-2')
[8.123327732086182] Updated in round 410! max:(0.7837837837837838, 'c1ccc(-c2ccccc2)cc1'), min:(0.48333333333333334, 'C=Cc1cc2c(-c3cccc(-c4ccccc4)c3)cc1-2')
[8.293611526489258] Updated in round 411! max:(0.7837837837837838, 'c1ccc(-c2ccccc2)cc1'), min:(0.48333333333333334, 'C#CC1=C2C=C1C=C2c1cccc(-c2ccccc2)c1')
[8.39189076423645] Updated in round 412! max:(0.7837837837837838, 'c1ccc(-c2ccccc2)cc1'), min:(0.48333333333333334, 'C=CC=C1C2=CC2=C1c1cccc(-c2ccccc2)c1')
[8.631847620010376] Updated in round 413! max:(0.7837837837837838, 'c1ccc(-c2ccccc2)cc1'), min:(0.48333333333333334, 'C#CC=CC1=C(c2cccc(-c3ccccc3)c2)C#C1')
[8.681507110595703] Updated in round 414! max:(0.7837837837837838, 'c1ccc(-c2ccccc2)cc1'), min:(0.48333333333333334, 'C#CC=CC1=CC=C1c1cccc(-c2ccccc2)c1')
[8.803856611251831] Updated in round 415! max:(0.7837837837837838, 'c1ccc(-c2ccccc2)cc1'), min:(0.49019607843137253, 'c1ccc(-c2cccc3c4c5c2c4c35)cc1')
[8.843236684799194] Updated in round 416! max:(0.7837837837837838, 'c1ccc(-c2ccccc2)cc1'), min:(0.49019607843137253, 'C#Cc1cccc(-c2ccccc2)c1C#C')
[9.039124011993408] Updated in round 417! max:(0.7837837837837838, 'c1ccc(-c2ccccc2)cc1'), min:(0.4915254237288136, 'C=C1C=C1c1cccc2cc(-c3ccccc3)cc-2c1')
[9.916802644729614] Updated in round 418! max:(0.7837837837837838, 'c1ccc(-c2ccccc2)cc1'), min:(0.4915254237288136, 'C=C1C(=C)c2cc3cccc(-c4ccccc4)cc1c2-3')
[10.275038003921509] Updated in round 419! max:(0.7837837837837838, 'c1ccc(-c2ccccc2)cc1'), min:(0.4915254237288136, 'C#CC=c1cc2cccc(-c3ccccc3)cc-2c1=C')
[10.590196371078491] Updated in round 420! max:(0.7837837837837838, 'c1ccc(-c2ccccc2)cc1'), min:(0.4915254237288136, 'C=Cc1cccc(-c2ccccc2)ccc2cc1c2=C')
[11.485235452651978] Updated in round 421! max:(0.7837837837837838, 'c1ccc(-c2ccccc2)cc1'), min:(0.4915254237288136, 'C#CC=c1c#cc(=C)cccc(-c2ccccc2)cc1')
[11.637272834777832] Updated in round 422! max:(0.7837837837837838, 'c1ccc(-c2ccccc2)cc1'), min:(0.4915254237288136, 'C=CC1=c2ccc(-c3ccccc3)cccc(=C)cc21')
[11.81090521812439] Updated in round 423! max:(0.7837837837837838, 'c1ccc(-c2ccccc2)cc1'), min:(0.4915254237288136, 'C=CC(=C)c1cc2ccc(-c3ccccc3)cccc1-2')
[11.850724697113037] Updated in round 424! max:(0.7837837837837838, 'c1ccc(-c2ccccc2)cc1'), min:(0.4915254237288136, 'C=CC(=C)c1cc2ccc1-c1cccccc-2ccc1')
[11.87465214729309] Updated in round 425! max:(0.7837837837837838, 'c1ccc(-c2ccccc2)cc1'), min:(0.4915254237288136, 'C=CC(=C)c1cc2cccc(-c3ccccc3)cc-2c1')
[11.888940572738647] Updated in round 426! max:(0.7837837837837838, 'c1ccc(-c2ccccc2)cc1'), min:(0.4915254237288136, 'C#Cc1c2ccc(-c3ccccc3)cccc(C=C)c1-2')
[11.907309293746948] Updated in round 427! max:(0.7837837837837838, 'c1ccc(-c2ccccc2)cc1'), min:(0.4915254237288136, 'C#CC=c1cccc(-c2ccccc2)ccc2c3c1c2-3')
[11.925458431243896] Updated in round 428! max:(0.7837837837837838, 'c1ccc(-c2ccccc2)cc1'), min:(0.4915254237288136, 'C=CC=c1cccc(-c2ccccc2)ccc2cc1c2')
[11.93948483467102] Updated in round 429! max:(0.7837837837837838, 'c1ccc(-c2ccccc2)cc1'), min:(0.4915254237288136, 'C=Cc1ccc(-c2ccccc2)cccc2cc1c2=C')
[11.940914630889893] Updated in round 430! max:(0.7837837837837838, 'c1ccc(-c2ccccc2)cc1'), min:(0.4915254237288136, 'C#Cc1cc(-c2ccccc2)cccc2cc(C#C)c1-2')
[11.959074020385742] Updated in round 431! max:(0.7837837837837838, 'c1ccc(-c2ccccc2)cc1'), min:(0.4915254237288136, 'C#Cc1c2cccc(-c3ccccc3)ccc(C=C)c1-2')
[11.963202953338623] Updated in round 432! max:(0.7837837837837838, 'c1ccc(-c2ccccc2)cc1'), min:(0.4915254237288136, 'C=CC1=C(c2cccc(-c3ccccc3)c2)C(=C)C=C1')
[11.98079800605774] Updated in round 433! max:(0.7837837837837838, 'c1ccc(-c2ccccc2)cc1'), min:(0.4915254237288136, 'C#CC1=CC(c2cccc(-c3ccccc3)c2)=CC1=C')
[12.002111434936523] Updated in round 434! max:(0.7837837837837838, 'c1ccc(-c2ccccc2)cc1'), min:(0.4915254237288136, 'C#CC1=C2C(=C)C2=C1c1cccc(-c2ccccc2)c1')
[12.0198392868042] Updated in round 435! max:(0.7837837837837838, 'c1ccc(-c2ccccc2)cc1'), min:(0.4915254237288136, 'C#CC(C=C)=C1C=C1c1cccc(-c2ccccc2)c1')
[12.037694931030273] Updated in round 436! max:(0.7837837837837838, 'c1ccc(-c2ccccc2)cc1'), min:(0.4915254237288136, 'C#CC=C1C(=C)C=C1c1cccc(-c2ccccc2)c1')
[12.055506229400635] Updated in round 437! max:(0.7837837837837838, 'c1ccc(-c2ccccc2)cc1'), min:(0.4915254237288136, 'C#CC1=C(c2cccc(-c3ccccc3)c2)C1=CC=C')
[12.079207420349121] Updated in round 438! max:(0.7837837837837838, 'c1ccc(-c2ccccc2)cc1'), min:(0.4915254237288136, 'C#CC1=CC(c2cccc(-c3ccccc3)c2)=C1C=C')
[12.117501497268677] Updated in round 439! max:(0.7837837837837838, 'c1ccc(-c2ccccc2)cc1'), min:(0.5, 'c1ccc2ccc(cc2)cc2cccc-2c1')
[12.175153732299805] Updated in round 440! max:(0.7837837837837838, 'c1ccc(-c2ccccc2)cc1'), min:(0.5, 'c1cc2cccc3ccccc3c-2c1')
[12.253344535827637] Updated in round 441! max:(0.7837837837837838, 'c1ccc(-c2ccccc2)cc1'), min:(0.5, 'c1c2c(c#1)c1c3c(c21)-c1cccccc-3ccc1')
[12.283236265182495] Updated in round 442! max:(0.7837837837837838, 'c1ccc(-c2ccccc2)cc1'), min:(0.5, 'C1=C2C=C2c2cccc(c2)C(c2ccccc2)=C1')
[12.306050300598145] Updated in round 443! max:(0.7837837837837838, 'c1ccc(-c2ccccc2)cc1'), min:(0.5, 'C1=C2C(=C1)c1cccc(-c3ccccc3)cccc2c1')
[12.327468633651733] Updated in round 444! max:(0.7837837837837838, 'c1ccc(-c2ccccc2)cc1'), min:(0.5, 'c1cc2c3c-2cccc(-c2ccccc2)cccc3c#1')
[12.363571882247925] Updated in round 445! max:(0.7837837837837838, 'c1ccc(-c2ccccc2)cc1'), min:(0.5, 'C1=C2C3=CC=C2c2cccccc(ccc2)C3=C1')
[12.40326714515686] Updated in round 446! max:(0.7837837837837838, 'c1ccc(-c2ccccc2)cc1'), min:(0.5, 'C1=CC2=CC=C(C=C1)c1cccccc2ccc1')
[12.447471618652344] Updated in round 447! max:(0.7837837837837838, 'c1ccc(-c2ccccc2)cc1'), min:(0.5, 'C1=CC=C2C=CC(=C1)c1cccccc2ccc1')
[12.501213550567627] Updated in round 448! max:(0.7837837837837838, 'c1ccc(-c2ccccc2)cc1'), min:(0.5, 'C1#Cc2ccc(-c3ccccc3)cccc#cc21')
[12.52741813659668] Updated in round 449! max:(0.7837837837837838, 'c1ccc(-c2ccccc2)cc1'), min:(0.5, 'c1c2cccc(-c3ccccc3)cc3c(c#1)c-3c2')
[12.553771018981934] Updated in round 450! max:(0.7837837837837838, 'c1ccc(-c2ccccc2)cc1'), min:(0.5, 'c1c2cc3c(c#1)cc(-c1ccccc1)cccc23')
[12.5806245803833] Updated in round 451! max:(0.7837837837837838, 'c1ccc(-c2ccccc2)cc1'), min:(0.5, 'C1#Cc2c1cc1cccc-1cc2-c1ccccc1')
[12.604764699935913] Updated in round 452! max:(0.7837837837837838, 'c1ccc(-c2ccccc2)cc1'), min:(0.5, 'C1=c2cccc(-c3ccccc3)cc3cc-3c2=C1')
[12.63532018661499] Updated in round 453! max:(0.7837837837837838, 'c1ccc(-c2ccccc2)cc1'), min:(0.5, 'C1#Cc2c1cc1cc(-c3ccccc3)cccc2-1')
[12.662708044052124] Updated in round 454! max:(0.7837837837837838, 'c1ccc(-c2ccccc2)cc1'), min:(0.5, 'C1=Cc2ccc(-c3ccccc3)cccccc21')
[12.722045183181763] Updated in round 455! max:(0.7837837837837838, 'c1ccc(-c2ccccc2)cc1'), min:(0.5, 'c1ccc(-c2cccc3c4cc-3cc2-4)cc1')
[12.766863822937012] Updated in round 456! max:(0.7837837837837838, 'c1ccc(-c2ccccc2)cc1'), min:(0.5, 'c1ccc(-c2ccc(-c3c4cccc3-4)cc2)cc1')
[12.787790298461914] Updated in round 457! max:(0.7837837837837838, 'c1ccc(-c2ccccc2)cc1'), min:(0.5, 'C=CC1=C(c2cccc(-c3ccccc3)c2)C(=C)C1=C')
[12.846781492233276] Updated in round 458! max:(0.7837837837837838, 'c1ccc(-c2ccccc2)cc1'), min:(0.5, 'C=CC(=C)C1=CC(c2cccc(-c3ccccc3)c2)=C1')
[12.893050193786621] Updated in round 459! max:(0.7837837837837838, 'c1ccc(-c2ccccc2)cc1'), min:(0.5084745762711864, 'C1=C2C1=C2c1cc2cccc(-c3ccccc3)ccc1-2')
[12.947374820709229] Updated in round 460! max:(0.7837837837837838, 'c1ccc(-c2ccccc2)cc1'), min:(0.5084745762711864, 'C1=C2C1=C2c1c2cccc(-c3ccccc3)cccc1-2')
[12.969661235809326] Updated in round 461! max:(0.7837837837837838, 'c1ccc(-c2ccccc2)cc1'), min:(0.5084745762711864, 'C=C1C=c2ccccc(-c3ccccc3)cccc2=C1')
[13.011367082595825] Updated in round 462! max:(0.7837837837837838, 'c1ccc(-c2ccccc2)cc1'), min:(0.5084745762711864, 'C=C1C#Cc2ccccc(-c3ccccc3)cccc21')
[13.06723952293396] Updated in round 463! max:(0.7837837837837838, 'c1ccc(-c2ccccc2)cc1'), min:(0.5084745762711864, 'C1#CC(c2c3cccc(-c4ccccc4)cccc2-3)=C1')
[13.141861200332642] Updated in round 464! max:(0.7837837837837838, 'c1ccc(-c2ccccc2)cc1'), min:(0.5084745762711864, 'C=CC#Cc1c#ccccc(-c2ccccc2)ccc1')
[13.190629482269287] Updated in round 465! max:(0.7837837837837838, 'c1ccc(-c2ccccc2)cc1'), min:(0.5084745762711864, 'C=CC1=c2ccccc(-c3ccccc3)cccc2=C1')
[13.218639850616455] Updated in round 466! max:(0.7837837837837838, 'c1ccc(-c2ccccc2)cc1'), min:(0.5084745762711864, 'C=CC1=Cc2cccc(-c3ccccc3)cccc1c2')
[13.264376163482666] Updated in round 467! max:(0.7837837837837838, 'c1ccc(-c2ccccc2)cc1'), min:(0.5084745762711864, 'C#CC=c1c2cccc(-c3ccccc3)cccc1c2')
[13.337300539016724] Updated in round 468! max:(0.7837837837837838, 'c1ccc(-c2ccccc2)cc1'), min:(0.5084745762711864, 'C#CC#Cc1cccccc(-c2ccccc2)ccc1')
[13.388658046722412] Updated in round 469! max:(0.7837837837837838, 'c1ccc(-c2ccccc2)cc1'), min:(0.5084745762711864, 'C=Cc1ccc(-c2cccc(-c3ccccc3)c2)cc1')
[13.486881256103516] Updated in round 470! max:(0.7837837837837838, 'c1ccc(-c2ccccc2)cc1'), min:(0.509090909090909, 'C=CC=C1c2cccccc3ccc-3cccc21')
[14.140597581863403] Updated in round 471! max:(0.7837837837837838, 'c1ccc(-c2ccccc2)cc1'), min:(0.509090909090909, 'C#CC=Cc1ccccccc2ccc-2ccc1')
[14.523853063583374] Updated in round 472! max:(0.7837837837837838, 'c1ccc(-c2ccccc2)cc1'), min:(0.509090909090909, 'C#CC#Cc1cccc2cccccccc-2c1')
[14.639529943466187] Updated in round 473! max:(0.7837837837837838, 'c1ccc(-c2ccccc2)cc1'), min:(0.509090909090909, 'C#CC=Cc1ccccc2cccccc-2cc1')
[14.745678186416626] Updated in round 474! max:(0.7837837837837838, 'c1ccc(-c2ccccc2)cc1'), min:(0.509090909090909, 'C#CC1=Cc2cc3cccccc1cccc-3c2')
[14.929067611694336] Updated in round 475! max:(0.7837837837837838, 'c1ccc(-c2ccccc2)cc1'), min:(0.509090909090909, 'C=Cc1cc2cccc-2cccccc2c1C#C2')
[16.606677532196045] Updated in round 476! max:(0.7837837837837838, 'c1ccc(-c2ccccc2)cc1'), min:(0.509090909090909, 'C=C1C2=c3cc(-c4ccccc4)cc1cccc32')
[16.640023708343506] Updated in round 477! max:(0.7837837837837838, 'c1ccc(-c2ccccc2)cc1'), min:(0.509090909090909, 'C=c1c2cccc(-c3ccccc3)cc3c1cc2-3')
[16.931571006774902] Updated in round 478! max:(0.7837837837837838, 'c1ccc(-c2ccccc2)cc1'), min:(0.509090909090909, 'C=C1c2cccccc(ccc2)-c2cc3cc1c2=3')
[18.254488945007324] Updated in round 479! max:(0.7837837837837838, 'c1ccc(-c2ccccc2)cc1'), min:(0.509090909090909, 'C=C1C2=C3C#CC2=C3c2cccccc1ccc2')
[18.76431107521057] Updated in round 480! max:(0.7837837837837838, 'c1ccc(-c2ccccc2)cc1'), min:(0.509090909090909, 'C1=c2c1cccc(-c1ccccc1)cc1c3c2c1-3')
[18.792038679122925] Updated in round 481! max:(0.7837837837837838, 'c1ccc(-c2ccccc2)cc1'), min:(0.509090909090909, 'C=c1c#cc2c(cc(-c3ccccc3)ccc1)C=2')
[19.02897071838379] Updated in round 482! max:(0.7837837837837838, 'c1ccc(-c2ccccc2)cc1'), min:(0.509090909090909, 'C=c1c2cc3cccc-3cc1c2-c1ccccc1')
[19.343458890914917] Updated in round 483! max:(0.7837837837837838, 'c1ccc(-c2ccccc2)cc1'), min:(0.509090909090909, 'C=c1cccc(-c2ccccc2)cc2c(cc1)=C2')
[19.70061230659485] Updated in round 484! max:(0.7837837837837838, 'c1ccc(-c2ccccc2)cc1'), min:(0.509090909090909, 'C=Cc1cccc2c1-c1cccccc-2ccc1')
[20.01926064491272] Updated in round 485! max:(0.7837837837837838, 'c1ccc(-c2ccccc2)cc1'), min:(0.509090909090909, 'C=c1ccccc(-c2ccccc2)ccc2c1=C2')
[20.22628116607666] Updated in round 486! max:(0.7837837837837838, 'c1ccc(-c2ccccc2)cc1'), min:(0.509090909090909, 'C#Cc1cccc(-c2ccccc2)cc2cc-2c1')
[20.41332483291626] Updated in round 487! max:(0.7837837837837838, 'c1ccc(-c2ccccc2)cc1'), min:(0.509090909090909, 'C=Cc1cccc2ccc-2cc1-c1ccccc1')
[20.689127683639526] Updated in round 488! max:(0.7837837837837838, 'c1ccc(-c2ccccc2)cc1'), min:(0.509090909090909, 'C#Cc1cccccc2ccc1-c1cccc-2c1')
[20.858739137649536] Updated in round 489! max:(0.7837837837837838, 'c1ccc(-c2ccccc2)cc1'), min:(0.509090909090909, 'C#Cc1ccccccc(-c2ccccc2)cc1')
[21.895662546157837] Updated in round 490! max:(0.7837837837837838, 'c1ccc(-c2ccccc2)cc1'), min:(0.509090909090909, 'C(#Cc1cccc(-c2ccccc2)c1)C1=CC=C1')
[22.295392513275146] Updated in round 491! max:(0.7837837837837838, 'c1ccc(-c2ccccc2)cc1'), min:(0.509090909090909, 'C=C1C=CC1=Cc1cccc(-c2ccccc2)c1')
[24.385339498519897] Updated in round 492! max:(0.7837837837837838, 'c1ccc(-c2ccccc2)cc1'), min:(0.509090909090909, 'C=CC#CC=Cc1cccc(-c2ccccc2)c1')
[24.63990569114685] Updated in round 493! max:(0.7837837837837838, 'c1ccc(-c2ccccc2)cc1'), min:(0.5098039215686274, 'C#Cc1cccccc2cc3cccc-3c1-2')
[26.677140712738037] Updated in round 494! max:(0.7837837837837838, 'c1ccc(-c2ccccc2)cc1'), min:(0.5098039215686274, 'C=Cc1cccc2ccccc3cc-2cc1-3')
[26.792599201202393] Updated in round 495! max:(0.7837837837837838, 'c1ccc(-c2ccccc2)cc1'), min:(0.5098039215686274, 'c1ccc(-c2ccc3c4cc3c4cc2)cc1')
[27.39612627029419] Updated in round 496! max:(0.7837837837837838, 'c1ccc(-c2ccccc2)cc1'), min:(0.5098039215686274, 'C1=C2C1=C2c1ccc(-c2ccccc2)cc1')
[27.58886456489563] Updated in round 497! max:(0.7837837837837838, 'c1ccc(-c2ccccc2)cc1'), min:(0.5098039215686274, 'c1ccc(-c2ccc3c4cc3c4cc2)cc1')
[27.742590188980103] Updated in round 498! max:(0.7837837837837838, 'c1ccc(-c2ccccc2)cc1'), min:(0.5106382978723404, 'C=Cc1ccccc1-c1ccccc1')
[27.819580793380737] Updated in round 499! max:(0.7837837837837838, 'c1ccc(-c2ccccc2)cc1'), min:(0.5106382978723404, 'c1ccc2ccc-2cc2c3c(cc1)c23')
[27.865488529205322] Updated in round 500! max:(0.7837837837837838, 'c1ccc(-c2ccccc2)cc1'), min:(0.5172413793103449, 'C#CC1=C2C1=C2c1ccccccc2ccc-2ccc1')
[27.901830434799194] No improvement found in round 501. Terminating...
