[7.2479248046875e-05]Start running EvoMol from [H][H]...
[0.00031566619873046875] Updated in round 1! max:(0.0, '[H][H]'), min:(-99999, '')
[0.0007531642913818359] Updated in round 2! max:(0.04081632653061224, 'C=CC=C'), min:(-99999, '')
[0.0019404888153076172] Updated in round 3! max:(0.0851063829787234, 'C1=CC=C1'), min:(-99999, '')
[0.004280567169189453] Updated in round 4! max:(0.09433962264150944, 'C=CC=C1C=C1'), min:(-99999, '')
[0.005818367004394531] Updated in round 5! max:(0.17647058823529413, 'c1cc2cc-2c1'), min:(-99999, '')
[0.008406400680541992] Updated in round 6! max:(0.30434782608695654, 'c1ccccc1'), min:(-99999, '')
[0.01389765739440918] Updated in round 7! max:(0.3829787234042553, 'C=Cc1ccccc1'), min:(-99999, '')
[0.01755213737487793] Updated in round 8! max:(0.3829787234042553, 'C=Cc1ccccc1'), min:(-99999, '')
[0.02063751220703125] Updated in round 9! max:(0.42, 'C=CC=Cc1ccccc1'), min:(-99999, '')
[0.0260617733001709] Updated in round 10! max:(0.44, 'c1ccc2ccccc2c1'), min:(-99999, '')
[0.032645463943481445] Updated in round 11! max:(0.44, 'c1ccc2ccccc2c1'), min:(-99999, '')
[0.03326773643493652] Updated in round 12! max:(0.44, 'c1ccc2ccccc2c1'), min:(-99999, '')
[0.03383207321166992] Updated in round 13! max:(0.44, 'c1ccc2ccccc2c1'), min:(-99999, '')
[0.038620948791503906] Updated in round 14! max:(0.44, 'c1ccc2ccccc2c1'), min:(-99999, '')
[0.039238929748535156] Updated in round 15! max:(0.44, 'c1ccc2ccccc2c1'), min:(-99999, '')
[0.0398101806640625] Updated in round 16! max:(0.44, 'c1ccc2ccccc2c1'), min:(-99999, '')
[0.04540657997131348] Updated in round 17! max:(0.44, 'c1ccc2ccccc2c1'), min:(-99999, '')
[0.04601883888244629] Updated in round 18! max:(0.44, 'c1ccc2ccccc2c1'), min:(-99999, '')
[0.04663395881652832] Updated in round 19! max:(0.44, 'c1ccc2ccccc2c1'), min:(-99999, '')
[0.05269980430603027] Updated in round 20! max:(0.44, 'c1ccc2ccccc2c1'), min:(-99999, '')
[0.05332517623901367] Updated in round 21! max:(0.44, 'c1ccc2ccccc2c1'), min:(-99999, '')
[0.053934335708618164] Updated in round 22! max:(0.4807692307692308, 'C1#CC(C=Cc2ccccc2)=C1'), min:(-99999, '')
[0.06026291847229004] Updated in round 23! max:(0.4807692307692308, 'C1#CC(C=Cc2ccccc2)=C1'), min:(-99999, '')
[0.060907840728759766] Updated in round 24! max:(0.4807692307692308, 'C1#CC(C=Cc2ccccc2)=C1'), min:(-99999, '')
[0.0615997314453125] Updated in round 25! max:(0.4807692307692308, 'C1#CC(C=Cc2ccccc2)=C1'), min:(-99999, '')
[0.06868672370910645] Updated in round 26! max:(0.4807692307692308, 'C1#CC(C=Cc2ccccc2)=C1'), min:(-99999, '')
[0.06938362121582031] Updated in round 27! max:(0.4807692307692308, 'C1#CC(C=Cc2ccccc2)=C1'), min:(-99999, '')
[0.0701143741607666] Updated in round 28! max:(0.4807692307692308, 'C1#CC(C=Cc2ccccc2)=C1'), min:(-99999, '')
[0.07817983627319336] Updated in round 29! max:(0.4807692307692308, 'C1#CC(C=Cc2ccccc2)=C1'), min:(-99999, '')
[0.07894039154052734] Updated in round 30! max:(0.4807692307692308, 'C1#CC(C=Cc2ccccc2)=C1'), min:(-99999, '')
[0.07967019081115723] Updated in round 31! max:(0.4807692307692308, 'C1#CC(C=Cc2ccccc2)=C1'), min:(-99999, '')
[0.08037567138671875] Updated in round 32! max:(0.4807692307692308, 'C1#CC(C=Cc2ccccc2)=C1'), min:(-99999, '')
[0.08735990524291992] Updated in round 33! max:(0.4807692307692308, 'C1#CC(C=Cc2ccccc2)=C1'), min:(-99999, '')
[0.08801698684692383] Updated in round 34! max:(0.54, 'C1=CC(C=Cc2ccccc2)=C1'), min:(-99999, '')
[0.0959017276763916] Updated in round 35! max:(0.54, 'C1=CC(C=Cc2ccccc2)=C1'), min:(-99999, '')
[0.09659099578857422] Updated in round 36! max:(0.54, 'C1=CC(C=Cc2ccccc2)=C1'), min:(-99999, '')
[0.09723639488220215] Updated in round 37! max:(0.54, 'C1=CC(C=Cc2ccccc2)=C1'), min:(-99999, '')
[0.09795141220092773] Updated in round 38! max:(0.54, 'C1=CC(C=Cc2ccccc2)=C1'), min:(-99999, '')
[0.10506606101989746] Updated in round 39! max:(0.54, 'C1=CC(C=Cc2ccccc2)=C1'), min:(-99999, '')
[0.10574507713317871] Updated in round 40! max:(0.54, 'C1=CC(C=Cc2ccccc2)=C1'), min:(-99999, '')
[0.10643172264099121] Updated in round 41! max:(0.54, 'C1=CC(C=Cc2ccccc2)=C1'), min:(-99999, '')
[0.1071164608001709] Updated in round 42! max:(0.54, 'C1=CC(C=Cc2ccccc2)=C1'), min:(-99999, '')
[0.11415696144104004] Updated in round 43! max:(0.54, 'C1=CC(C=Cc2ccccc2)=C1'), min:(-99999, '')
[0.11492753028869629] Updated in round 44! max:(0.54, 'C1=CC(C=Cc2ccccc2)=C1'), min:(-99999, '')
[0.11559152603149414] Updated in round 45! max:(0.54, 'C1=CC(C=Cc2ccccc2)=C1'), min:(-99999, '')
[0.12577128410339355] Updated in round 46! max:(0.54, 'C1=CC(C=Cc2ccccc2)=C1'), min:(-99999, '')
[0.12651467323303223] Updated in round 47! max:(0.54, 'C1=CC(C=Cc2ccccc2)=C1'), min:(-99999, '')
[0.12726712226867676] Updated in round 48! max:(0.54, 'C1=CC(C=Cc2ccccc2)=C1'), min:(-99999, '')
[0.1280200481414795] Updated in round 49! max:(0.54, 'C1=CC(C=Cc2ccccc2)=C1'), min:(-99999, '')
[0.12882232666015625] Updated in round 50! max:(0.54, 'C1=CC(C=Cc2ccccc2)=C1'), min:(-99999, '')
[0.13904261589050293] Updated in round 51! max:(0.54, 'C1=CC(C=Cc2ccccc2)=C1'), min:(-99999, '')
[0.13985991477966309] Updated in round 52! max:(0.54, 'C1=CC(C=Cc2ccccc2)=C1'), min:(-99999, '')
[0.14067578315734863] Updated in round 53! max:(0.54, 'C1=CC(C=Cc2ccccc2)=C1'), min:(-99999, '')
[0.1414778232574463] Updated in round 54! max:(0.54, 'C1=CC(C=Cc2ccccc2)=C1'), min:(-99999, '')
[0.15273141860961914] Updated in round 55! max:(0.54, 'C1=CC(C=Cc2ccccc2)=C1'), min:(-99999, '')
[0.15355324745178223] Updated in round 56! max:(0.54, 'C1=CC(C=Cc2ccccc2)=C1'), min:(-99999, '')
[0.15437698364257812] Updated in round 57! max:(0.54, 'C1=CC(C=Cc2ccccc2)=C1'), min:(-99999, '')
[0.155137300491333] Updated in round 58! max:(0.54, 'C1=CC(C=Cc2ccccc2)=C1'), min:(-99999, '')
[0.15550708770751953] Reproduced in round 59!!
