[9.489059448242188e-05]Start running EvoMol from [H][H]...
[0.0026056766510009766] Updated in round 1! max:(0.0, '[H][H]'), min:(-99999, '')
[0.0030717849731445312] Updated in round 2! max:(0.0, '[H][H]'), min:(-99999, '')
[0.004319667816162109] Updated in round 3! max:(0.11428571428571428, 'C1=CC=C1'), min:(-99999, '')
[0.00666356086730957] Updated in round 4! max:(0.11428571428571428, 'C1=CC=C1'), min:(-99999, '')
[0.009044170379638672] Updated in round 5! max:(0.14634146341463414, 'C1=CC2=CC1=C2'), min:(-99999, '')
[0.012298583984375] Updated in round 6! max:(0.14634146341463414, 'C1=CC2=CC1=C2'), min:(-99999, '')
[0.016187191009521484] Updated in round 7! max:(0.4117647058823529, 'c1cc2cc-2c1'), min:(-99999, '')
[0.018874406814575195] Updated in round 8! max:(0.4117647058823529, 'c1cc2cc-2c1'), min:(-99999, '')
[0.024561643600463867] Updated in round 9! max:(0.4117647058823529, 'c1cc2cc-2c1'), min:(-99999, '')
[0.03045368194580078] Updated in round 10! max:(0.4117647058823529, 'c1cc2cc-2c1'), min:(-99999, '')
[0.03101038932800293] Updated in round 11! max:(0.4117647058823529, 'c1cc2cc-2c1'), min:(-99999, '')
[0.03421330451965332] Updated in round 12! max:(0.4117647058823529, 'c1cc2cc-2c1'), min:(-99999, '')
[0.038161516189575195] Updated in round 13! max:(0.4117647058823529, 'c1cc2cc-2c1'), min:(-99999, '')
[0.042578697204589844] Updated in round 14! max:(0.4117647058823529, 'c1cc2cc-2c1'), min:(-99999, '')
[0.04319500923156738] Updated in round 15! max:(0.4117647058823529, 'c1cc2cc-2c1'), min:(-99999, '')
[0.04807734489440918] Updated in round 16! max:(0.475, 'C1#CC(c2ccccc2)=C1'), min:(-99999, '')
[0.05251765251159668] Updated in round 17! max:(0.475, 'C1#CC(c2ccccc2)=C1'), min:(-99999, '')
[0.058419227600097656] Updated in round 18! max:(0.475, 'C1#CC(c2ccccc2)=C1'), min:(-99999, '')
[0.05916905403137207] Updated in round 19! max:(0.475, 'C1#CC(c2ccccc2)=C1'), min:(-99999, '')
[0.059838294982910156] Updated in round 20! max:(0.475, 'C1#CC(c2ccccc2)=C1'), min:(-99999, '')
[0.06506156921386719] Updated in round 21! max:(0.475, 'C1#CC(c2ccccc2)=C1'), min:(-99999, '')
[0.06569361686706543] Updated in round 22! max:(0.475, 'C1#CC(c2ccccc2)=C1'), min:(-99999, '')
[0.07226991653442383] Updated in round 23! max:(0.475, 'C1#CC(c2ccccc2)=C1'), min:(-99999, '')
[0.0788724422454834] Updated in round 24! max:(0.475, 'C1#CC(c2ccccc2)=C1'), min:(-99999, '')
[0.07960987091064453] Updated in round 25! max:(0.475, 'C1#CC(c2ccccc2)=C1'), min:(-99999, '')
[0.08035969734191895] Updated in round 26! max:(0.475, 'C1#CC(c2ccccc2)=C1'), min:(-99999, '')
[0.08777785301208496] Updated in round 27! max:(0.475, 'C1#CC(c2ccccc2)=C1'), min:(-99999, '')
[0.08853268623352051] Updated in round 28! max:(0.475, 'C1#CC(c2ccccc2)=C1'), min:(-99999, '')
[0.08930563926696777] Updated in round 29! max:(0.475, 'C1#CC(c2ccccc2)=C1'), min:(-99999, '')
[0.09698128700256348] Updated in round 30! max:(0.475, 'C1#CC(c2ccccc2)=C1'), min:(-99999, '')
[0.09783029556274414] Updated in round 31! max:(0.475, 'C1#CC(c2ccccc2)=C1'), min:(-99999, '')
[0.09859824180603027] Updated in round 32! max:(0.475, 'C1#CC(c2ccccc2)=C1'), min:(-99999, '')
[0.10655498504638672] Updated in round 33! max:(0.475, 'C1#CC(c2ccccc2)=C1'), min:(-99999, '')
[0.10737037658691406] Updated in round 34! max:(0.475, 'C1#CC(c2ccccc2)=C1'), min:(-99999, '')
[0.11467504501342773] Updated in round 35! max:(0.475, 'C1#CC(c2ccccc2)=C1'), min:(-99999, '')
[0.11554574966430664] Updated in round 36! max:(0.475, 'C1#CC(c2ccccc2)=C1'), min:(-99999, '')
[0.12399125099182129] Updated in round 37! max:(0.475, 'C1#CC(c2ccccc2)=C1'), min:(-99999, '')
[0.12477493286132812] Updated in round 38! max:(0.475, 'C1#CC(c2ccccc2)=C1'), min:(-99999, '')
[0.12556743621826172] Updated in round 39! max:(0.475, 'C1#CC(c2ccccc2)=C1'), min:(-99999, '')
[0.1364116668701172] Updated in round 40! max:(0.475, 'C1#CC(c2ccccc2)=C1'), min:(-99999, '')
[0.13733172416687012] Updated in round 41! max:(0.475, 'C1#CC(c2ccccc2)=C1'), min:(-99999, '')
[0.14916777610778809] Updated in round 42! max:(0.475, 'C1#CC(c2ccccc2)=C1'), min:(-99999, '')
[0.1500248908996582] Updated in round 43! max:(0.475, 'C1#CC(c2ccccc2)=C1'), min:(-99999, '')
[0.150954008102417] Updated in round 44! max:(0.5294117647058824, 'C1#CC(c2ccccc2)=C1c1ccccc1'), min:(-99999, '')
[0.1633927822113037] Updated in round 45! max:(0.5294117647058824, 'C1#CC(c2ccccc2)=C1c1ccccc1'), min:(-99999, '')
[0.17952537536621094] Updated in round 46! max:(0.5294117647058824, 'C1#CC(c2ccccc2)=C1c1ccccc1'), min:(-99999, '')
[0.1805734634399414] Updated in round 47! max:(0.5294117647058824, 'C1#CC(c2ccccc2)=C1c1ccccc1'), min:(-99999, '')
[0.18155932426452637] Updated in round 48! max:(0.5294117647058824, 'C1#CC(c2ccccc2)=C1c1ccccc1'), min:(-99999, '')
[0.18255305290222168] Updated in round 49! max:(0.5294117647058824, 'C1#CC(c2ccccc2)=C1c1ccccc1'), min:(-99999, '')
[0.18355751037597656] Updated in round 50! max:(0.5294117647058824, 'C1#CC(c2ccccc2)=C1c1ccccc1'), min:(-99999, '')
[0.18448925018310547] Updated in round 51! max:(0.5294117647058824, 'C1#CC(c2ccccc2)=C1c1ccccc1'), min:(-99999, '')
[0.19858980178833008] Updated in round 52! max:(0.5294117647058824, 'C1#CC(c2ccccc2)=C1c1ccccc1'), min:(-99999, '')
[0.19956660270690918] Updated in round 53! max:(0.5294117647058824, 'C1#CC(c2ccccc2)=C1c1ccccc1'), min:(-99999, '')
[0.20046639442443848] Updated in round 54! max:(0.5294117647058824, 'C1#CC(c2ccccc2)=C1c1ccccc1'), min:(-99999, '')
[0.20138096809387207] Updated in round 55! max:(0.5294117647058824, 'C1#CC(c2ccccc2)=C1c1ccccc1'), min:(-99999, '')
[0.20232129096984863] Updated in round 56! max:(0.5294117647058824, 'C1#CC(c2ccccc2)=C1c1ccccc1'), min:(-99999, '')
[0.2142632007598877] Updated in round 57! max:(0.5294117647058824, 'C1#CC(c2ccccc2)=C1c1ccccc1'), min:(-99999, '')
[0.21530723571777344] Updated in round 58! max:(0.5294117647058824, 'C1#CC(c2ccccc2)=C1c1ccccc1'), min:(-99999, '')
[0.21620941162109375] Updated in round 59! max:(0.5294117647058824, 'C1#CC(c2ccccc2)=C1c1ccccc1'), min:(-99999, '')
[0.22907590866088867] Updated in round 60! max:(0.5294117647058824, 'C1#CC(c2ccccc2)=C1c1ccccc1'), min:(-99999, '')
[0.2301039695739746] Updated in round 61! max:(0.5294117647058824, 'C1#CC(c2ccccc2)=C1c1ccccc1'), min:(-99999, '')
[0.24383091926574707] Updated in round 62! max:(0.5294117647058824, 'C1#CC(c2ccccc2)=C1c1ccccc1'), min:(-99999, '')
[0.24472880363464355] Updated in round 63! max:(0.5294117647058824, 'C1#CC(c2ccccc2)=C1c1ccccc1'), min:(-99999, '')
[0.2455592155456543] Updated in round 64! max:(0.5294117647058824, 'C1#CC(c2ccccc2)=C1c1ccccc1'), min:(-99999, '')
[0.24643945693969727] Updated in round 65! max:(0.5294117647058824, 'C1#CC(c2ccccc2)=C1c1ccccc1'), min:(-99999, '')
[0.24734258651733398] Updated in round 66! max:(0.5294117647058824, 'C1#CC(c2ccccc2)=C1c1ccccc1'), min:(-99999, '')
[0.24822425842285156] Updated in round 67! max:(0.5294117647058824, 'C1#CC(c2ccccc2)=C1c1ccccc1'), min:(-99999, '')
[0.24903583526611328] Updated in round 68! max:(0.5294117647058824, 'C1#CC(c2ccccc2)=C1c1ccccc1'), min:(-99999, '')
[0.26318836212158203] Updated in round 69! max:(0.5833333333333334, 'C#CC(=C)c1cccc(-c2ccccc2)c1'), min:(-99999, '')
[0.2763073444366455] Updated in round 70! max:(0.5833333333333334, 'C#CC(=C)c1cccc(-c2ccccc2)c1'), min:(-99999, '')
[0.27716732025146484] Updated in round 71! max:(0.6041666666666666, 'C1#CC(c2cccc(-c3ccccc3)c2)=C1'), min:(-99999, '')
[0.2899971008300781] Updated in round 72! max:(0.6041666666666666, 'C1#CC(c2cccc(-c3ccccc3)c2)=C1'), min:(-99999, '')
[0.2908763885498047] Updated in round 73! max:(0.6041666666666666, 'C1#CC(c2cccc(-c3ccccc3)c2)=C1'), min:(-99999, '')
[0.2917158603668213] Updated in round 74! max:(0.6041666666666666, 'C1#CC(c2cccc(-c3ccccc3)c2)=C1'), min:(-99999, '')
[0.2925095558166504] Updated in round 75! max:(0.6041666666666666, 'C1#CC(c2cccc(-c3ccccc3)c2)=C1'), min:(-99999, '')
[0.2933058738708496] Updated in round 76! max:(0.6041666666666666, 'C1#CC(c2cccc(-c3ccccc3)c2)=C1'), min:(-99999, '')
[0.29416465759277344] Updated in round 77! max:(0.6041666666666666, 'C1#CC(c2cccc(-c3ccccc3)c2)=C1'), min:(-99999, '')
[0.29500889778137207] Updated in round 78! max:(0.6041666666666666, 'C1#CC(c2cccc(-c3ccccc3)c2)=C1'), min:(-99999, '')
[0.29584836959838867] Updated in round 79! max:(0.6041666666666666, 'C1#CC(c2cccc(-c3ccccc3)c2)=C1'), min:(-99999, '')
[0.29662656784057617] Updated in round 80! max:(0.6511627906976745, 'C=Cc1cccc(-c2ccccc2)c1'), min:(-99999, '')
[0.3085918426513672] Updated in round 81! max:(0.6511627906976745, 'C=Cc1cccc(-c2ccccc2)c1'), min:(-99999, '')
[0.30939197540283203] Updated in round 82! max:(0.6511627906976745, 'C=Cc1cccc(-c2ccccc2)c1'), min:(-99999, '')
[0.3101637363433838] Updated in round 83! max:(0.7837837837837838, 'c1ccc(-c2ccccc2)cc1'), min:(-99999, '')
[0.3194615840911865] Updated in round 84! max:(0.7837837837837838, 'c1ccc(-c2ccccc2)cc1'), min:(-99999, '')
[0.3202095031738281] Updated in round 85! max:(0.7837837837837838, 'c1ccc(-c2ccccc2)cc1'), min:(-99999, '')
[0.32102060317993164] Updated in round 86! max:(0.7837837837837838, 'c1ccc(-c2ccccc2)cc1'), min:(-99999, '')
[0.3217759132385254] Updated in round 87! max:(0.7837837837837838, 'c1ccc(-c2ccccc2)cc1'), min:(-99999, '')
[0.33204007148742676] Updated in round 88! max:(0.7837837837837838, 'c1ccc(-c2ccccc2)cc1'), min:(-99999, '')
[0.3328268527984619] Updated in round 89! max:(0.7837837837837838, 'c1ccc(-c2ccccc2)cc1'), min:(-99999, '')
[0.33352088928222656] Updated in round 90! max:(0.7837837837837838, 'c1ccc(-c2ccccc2)cc1'), min:(-99999, '')
[0.3342397212982178] Updated in round 91! max:(0.7837837837837838, 'c1ccc(-c2ccccc2)cc1'), min:(-99999, '')
[0.33495473861694336] Updated in round 92! max:(0.7837837837837838, 'c1ccc(-c2ccccc2)cc1'), min:(-99999, '')
[0.3436563014984131] Updated in round 93! max:(0.7837837837837838, 'c1ccc(-c2ccccc2)cc1'), min:(-99999, '')
[0.34445834159851074] Updated in round 94! max:(0.7837837837837838, 'c1ccc(-c2ccccc2)cc1'), min:(-99999, '')
[0.34522056579589844] Updated in round 95! max:(0.7837837837837838, 'c1ccc(-c2ccccc2)cc1'), min:(-99999, '')
[0.3597981929779053] Updated in round 96! max:(0.7837837837837838, 'c1ccc(-c2ccccc2)cc1'), min:(-99999, '')
[0.3606548309326172] Updated in round 97! max:(0.7837837837837838, 'c1ccc(-c2ccccc2)cc1'), min:(-99999, '')
[0.3614921569824219] Updated in round 98! max:(0.7837837837837838, 'c1ccc(-c2ccccc2)cc1'), min:(-99999, '')
[0.36237096786499023] Updated in round 99! max:(0.7837837837837838, 'c1ccc(-c2ccccc2)cc1'), min:(-99999, '')
[0.37716126441955566] Updated in round 100! max:(0.7837837837837838, 'c1ccc(-c2ccccc2)cc1'), min:(-99999, '')
[0.3781099319458008] Updated in round 101! max:(0.7837837837837838, 'c1ccc(-c2ccccc2)cc1'), min:(-99999, '')
[0.3790466785430908] Updated in round 102! max:(0.7837837837837838, 'c1ccc(-c2ccccc2)cc1'), min:(0.0, 'C=CC=CC(=C)C=C')
[0.37996864318847656] Updated in round 103! max:(0.7837837837837838, 'c1ccc(-c2ccccc2)cc1'), min:(0.0, 'C=CC=C')
[0.38090944290161133] Updated in round 104! max:(0.7837837837837838, 'c1ccc(-c2ccccc2)cc1'), min:(0.030303030303030304, 'C=CC=C(C=C)C1=C(C(=C)C=C)C#C1')
[0.3817720413208008] Updated in round 105! max:(0.7837837837837838, 'c1ccc(-c2ccccc2)cc1'), min:(0.03636363636363636, 'C=CC=CC(=C)C1=CC#C1')
[0.3958292007446289] Updated in round 106! max:(0.7837837837837838, 'c1ccc(-c2ccccc2)cc1'), min:(0.045454545454545456, 'C=CC1=CC#C1')
[0.39681434631347656] Updated in round 107! max:(0.7837837837837838, 'c1ccc(-c2ccccc2)cc1'), min:(0.061224489795918366, 'C=Cc1cc2c3c1c23')
[0.3977336883544922] Updated in round 108! max:(0.7837837837837838, 'c1ccc(-c2ccccc2)cc1'), min:(0.07692307692307693, 'C=CC=CC=CC1=C(C2=CC=C2)C#C1')
[0.3985633850097656] Updated in round 109! max:(0.7837837837837838, 'c1ccc(-c2ccccc2)cc1'), min:(0.09090909090909091, 'c1c2c3cc-3c1-2')
[0.3994779586791992] Updated in round 110! max:(0.7837837837837838, 'c1ccc(-c2ccccc2)cc1'), min:(0.10416666666666667, 'C#CC=C1C=CC=C1')
[0.4146420955657959] Updated in round 111! max:(0.7837837837837838, 'c1ccc(-c2ccccc2)cc1'), min:(0.1111111111111111, 'C#CC(=C)C1=C(c2cc3cc-3c2)C#C1')
[0.4155154228210449] Updated in round 112! max:(0.7837837837837838, 'c1ccc(-c2ccccc2)cc1'), min:(0.1206896551724138, 'C=CC1=C(c2cc3cc-3c2)C#C1')
[0.41646361351013184] Updated in round 113! max:(0.7837837837837838, 'c1ccc(-c2ccccc2)cc1'), min:(0.1323529411764706, 'C=CC=CC=CC1=C(c2c3cccc2-3)C#C1')
[0.41733360290527344] Updated in round 114! max:(0.7837837837837838, 'c1ccc(-c2ccccc2)cc1'), min:(0.14516129032258066, 'C1#CC(c2cc3ccc2-3)=C1C1=C2C=C21')
[0.41820335388183594] Updated in round 115! max:(0.7837837837837838, 'c1ccc(-c2ccccc2)cc1'), min:(0.14893617021276595, 'C1=Cc2c1cc1cc2-1')
[0.41908955574035645] Updated in round 116! max:(0.7837837837837838, 'c1ccc(-c2ccccc2)cc1'), min:(0.16, 'C#CC(=C)c1ccc2cc1-2')
[0.41993260383605957] Updated in round 117! max:(0.7837837837837838, 'c1ccc(-c2ccccc2)cc1'), min:(0.16393442622950818, 'C1#CC(c2ccc3cc2-3)=C1C=C1C=C1')
[0.42078495025634766] Updated in round 118! max:(0.7837837837837838, 'c1ccc(-c2ccccc2)cc1'), min:(0.16666666666666666, 'C=Cc1cc2c3c#cc3c3ccc(cc3)c12')
[0.42167091369628906] Updated in round 119! max:(0.7837837837837838, 'c1ccc(-c2ccccc2)cc1'), min:(0.171875, 'C#Cc1ccc(C2=C(C(=C)C=C)C#C2)cc1')
[0.4225773811340332] Updated in round 120! max:(0.7837837837837838, 'c1ccc(-c2ccccc2)cc1'), min:(0.17777777777777778, 'C=Cc1cc2ccc1-2')
[0.4330132007598877] Updated in round 121! max:(0.7837837837837838, 'c1ccc(-c2ccccc2)cc1'), min:(0.18181818181818182, 'C1#Cc2c1c1cccc(c1)c1cc3cc3c21')
[0.4337887763977051] Updated in round 122! max:(0.7837837837837838, 'c1ccc(-c2ccccc2)cc1'), min:(0.18181818181818182, 'C=c1c2c(c3cccc1c3)C#C2')
[0.43469858169555664] Updated in round 123! max:(0.7837837837837838, 'c1ccc(-c2ccccc2)cc1'), min:(0.18571428571428572, 'C#Cc1cc2ccc1c1ccc(cc1)c1c#cc21')
[0.4469115734100342] Updated in round 124! max:(0.7837837837837838, 'c1ccc(-c2ccccc2)cc1'), min:(0.1875, 'C#Cc1ccc(C2=C(C3=CC#C3)C#C2)cc1')
[0.44774317741394043] Updated in round 125! max:(0.7837837837837838, 'c1ccc(-c2ccccc2)cc1'), min:(0.19047619047619047, 'C#CC(=C)C1=C(c2cccc(C=C)c2)C#C1')
[0.4622361660003662] Updated in round 126! max:(0.7837837837837838, 'c1ccc(-c2ccccc2)cc1'), min:(0.2, 'C1#Cc2c1c1ccc2cc1')
[0.4632589817047119] Updated in round 127! max:(0.7837837837837838, 'c1ccc(-c2ccccc2)cc1'), min:(0.2033898305084746, 'C=C1c2c3c(c4ccccc4c21)C#C3')
[0.4642817974090576] Updated in round 128! max:(0.7837837837837838, 'c1ccc(-c2ccccc2)cc1'), min:(0.20634920634920634, 'C#CC(=C)c1cc2cc(c1)c1cccc2c1')
[0.4651196002960205] Updated in round 129! max:(0.7837837837837838, 'c1ccc(-c2ccccc2)cc1'), min:(0.20634920634920634, 'C=Cc1cccc(C2=C(C3=CC#C3)C#C2)c1')
[0.46594905853271484] Updated in round 130! max:(0.7837837837837838, 'c1ccc(-c2ccccc2)cc1'), min:(0.20689655172413793, 'C#Cc1ccccc1C1=C(C=C)C#C1')
[0.46682095527648926] Updated in round 131! max:(0.7837837837837838, 'c1ccc(-c2ccccc2)cc1'), min:(0.20967741935483872, 'C=CC=C(C=C)c1cccc(C2=C3C=C32)c1')
[0.48247623443603516] Updated in round 132! max:(0.7837837837837838, 'c1ccc(-c2ccccc2)cc1'), min:(0.21875, 'c1c2c3ccc4c(c3)-c3c4cccc3c2c#1')
[0.48354077339172363] Updated in round 133! max:(0.7837837837837838, 'c1ccc(-c2ccccc2)cc1'), min:(0.22033898305084745, 'c1c2cc3cc-3c3ccc(cc3)c2c#1')
[0.48442721366882324] Updated in round 134! max:(0.7837837837837838, 'c1ccc(-c2ccccc2)cc1'), min:(0.2222222222222222, 'C=CC=C1C=Cc2ccccc2C2=C1C#C2')
[0.4853475093841553] Updated in round 135! max:(0.7837837837837838, 'c1ccc(-c2ccccc2)cc1'), min:(0.22413793103448276, 'C=C1C=Cc2ccc(cc2)C2=C1C#C2')
[0.48628830909729004] Updated in round 136! max:(0.7837837837837838, 'c1ccc(-c2ccccc2)cc1'), min:(0.22580645161290322, 'C=CC1=C(C=C)c2cccc(c2)C2=C1C#C2')
[0.4872314929962158] Updated in round 137! max:(0.7837837837837838, 'c1ccc(-c2ccccc2)cc1'), min:(0.22727272727272727, 'c1cc2c1c1ccc21')
[0.4882223606109619] Updated in round 138! max:(0.7837837837837838, 'c1ccc(-c2ccccc2)cc1'), min:(0.22950819672131148, 'C#CC=CC(C=C)=CC(=C)c1ccccc1')
[0.49710941314697266] Updated in round 139! max:(0.7837837837837838, 'c1ccc(-c2ccccc2)cc1'), min:(0.22950819672131148, 'C#CC1=Cc2ccccc2C(C=C)=CC1=C')
[0.4980313777923584] Updated in round 140! max:(0.7837837837837838, 'c1ccc(-c2ccccc2)cc1'), min:(0.23529411764705882, 'C#CC(=C)c1ccccc1C#C')
[0.507493257522583] Updated in round 141! max:(0.7837837837837838, 'c1ccc(-c2ccccc2)cc1'), min:(0.23880597014925373, 'C=Cc1cc2cc(c1)-c1ccc(cc1)C1=C2C#C1')
[0.5164017677307129] Updated in round 142! max:(0.7837837837837838, 'c1ccc(-c2ccccc2)cc1'), min:(0.24193548387096775, 'C1=C2C1=C2c1ccc2c3ccc(cc3)c2c1')
[0.5172646045684814] Updated in round 143! max:(0.7837837837837838, 'c1ccc(-c2ccccc2)cc1'), min:(0.24193548387096775, 'C#Cc1c2c3ccc-2c(c2cccc1c2)=C3')
[0.5289092063903809] Updated in round 144! max:(0.7837837837837838, 'c1ccc(-c2ccccc2)cc1'), min:(0.2459016393442623, 'C=C1C=C1c1ccc2c3ccc(cc3)c2c1')
[0.5299787521362305] Updated in round 145! max:(0.7837837837837838, 'c1ccc(-c2ccccc2)cc1'), min:(0.25, 'C=CC=CC1=Cc2cccc1c2')
[0.5310754776000977] Updated in round 146! max:(0.7837837837837838, 'c1ccc(-c2ccccc2)cc1'), min:(0.25, 'C#CC=CC=CC(=C)c1ccccc1')
[0.5320677757263184] Updated in round 147! max:(0.7837837837837838, 'c1ccc(-c2ccccc2)cc1'), min:(0.2537313432835821, 'C1#Cc2c1c1cccc(c#cc3cccc2c3)c1')
[0.545269250869751] Updated in round 148! max:(0.7837837837837838, 'c1ccc(-c2ccccc2)cc1'), min:(0.2545454545454545, 'C#CC(=C)C(C#C)=Cc1ccccc1')
[0.5462677478790283] Updated in round 149! max:(0.7837837837837838, 'c1ccc(-c2ccccc2)cc1'), min:(0.25757575757575757, 'C#Cc1ccc2c(c1)c1c(c3ccccc32)C#C1')
[0.547431230545044] Updated in round 150! max:(0.7837837837837838, 'c1ccc(-c2ccccc2)cc1'), min:(0.2608695652173913, 'C=Cc1ccccc1C=C')
[0.5485320091247559] Updated in round 151! max:(0.7837837837837838, 'c1ccc(-c2ccccc2)cc1'), min:(0.26229508196721313, 'C#CC=Cc1cc2ccc1-c1ccc-2cc1')
[0.5647456645965576] Updated in round 152! max:(0.7837837837837838, 'c1ccc(-c2ccccc2)cc1'), min:(0.26229508196721313, 'C#CC1=Cc2ccccc2-c2cc3cc1c2-3')
[0.5659174919128418] Updated in round 153! max:(0.7837837837837838, 'c1ccc(-c2ccccc2)cc1'), min:(0.2631578947368421, 'c1c2cc3cc-3c3ccccc3c=2c#1')
[0.5669729709625244] Updated in round 154! max:(0.7837837837837838, 'c1ccc(-c2ccccc2)cc1'), min:(0.26666666666666666, 'C#CC(=C)c1cc2ccc1-c1ccc-2cc1')
[0.5679731369018555] Updated in round 155! max:(0.7837837837837838, 'c1ccc(-c2ccccc2)cc1'), min:(0.26785714285714285, 'C=Cc1ccc(-c2ccc3cc2-3)cc1')
[0.5689423084259033] Updated in round 156! max:(0.7837837837837838, 'c1ccc(-c2ccccc2)cc1'), min:(0.2692307692307692, 'c1ccc2c(c1)c1cc3c2cc13')
[0.5699563026428223] Updated in round 157! max:(0.7837837837837838, 'c1ccc(-c2ccccc2)cc1'), min:(0.2692307692307692, 'C1#CC2=C1C=Cc1cccc2c1')
[0.5840883255004883] Updated in round 158! max:(0.7837837837837838, 'c1ccc(-c2ccccc2)cc1'), min:(0.27450980392156865, 'C=CC=CC=Cc1ccccc1')
[0.5853455066680908] Updated in round 159! max:(0.7837837837837838, 'c1ccc(-c2ccccc2)cc1'), min:(0.27692307692307694, 'C=Cc1cccc(C2=C(c3c4cccc3-4)C#C2)c1')
[0.5864312648773193] Updated in round 160! max:(0.7837837837837838, 'c1ccc(-c2ccccc2)cc1'), min:(0.2786885245901639, 'c1c2c3cc(cc(c#1)c3)-c1ccccc1C=2')
[0.6043949127197266] Updated in round 161! max:(0.7837837837837838, 'c1ccc(-c2ccccc2)cc1'), min:(0.28, 'C#CC(=CC=C)c1ccccc1')
[0.6056842803955078] Updated in round 162! max:(0.7837837837837838, 'c1ccc(-c2ccccc2)cc1'), min:(0.28125, 'C=CC(=C)C=CC=CC1=C(c2ccccc2)C#C1')
[0.6068902015686035] Updated in round 163! max:(0.7837837837837838, 'c1ccc(-c2ccccc2)cc1'), min:(0.2833333333333333, 'C1=CC1=Cc1cc2ccc1-c1ccc-2cc1')
[0.6087000370025635] Updated in round 164! max:(0.7837837837837838, 'c1ccc(-c2ccccc2)cc1'), min:(0.2833333333333333, 'C=CC=Cc1ccc2c(c1)-c1ccccc1-2')
[0.6099836826324463] Updated in round 165! max:(0.7837837837837838, 'c1ccc(-c2ccccc2)cc1'), min:(0.2833333333333333, 'C1#CC(c2cc3ccc2-c2ccc-3cc2)=C1')
[0.6267127990722656] Updated in round 166! max:(0.7837837837837838, 'c1ccc(-c2ccccc2)cc1'), min:(0.2857142857142857, 'C1#CC2=C1C1=C(C=C1)c1cccc2c1')
[0.628061056137085] Updated in round 167! max:(0.7837837837837838, 'c1ccc(-c2ccccc2)cc1'), min:(0.288135593220339, 'C=C1C=C1c1cc2ccc1-c1ccc-2cc1')
[0.6294183731079102] Updated in round 168! max:(0.7837837837837838, 'c1ccc(-c2ccccc2)cc1'), min:(0.2909090909090909, 'C#Cc1ccc2cc1-c1ccc-2cc1')
[0.6306462287902832] Updated in round 169! max:(0.7837837837837838, 'c1ccc(-c2ccccc2)cc1'), min:(0.2926829268292683, 'C=C1c2ccccc21')
[0.6492574214935303] Updated in round 170! max:(0.7837837837837838, 'c1ccc(-c2ccccc2)cc1'), min:(0.2962962962962963, 'C#CC(=CC1=C2C=C21)c1ccccc1')
[0.6506059169769287] Updated in round 171! max:(0.7837837837837838, 'c1ccc(-c2ccccc2)cc1'), min:(0.296875, 'C=Cc1ccc2c(c1)C1=C(C#C1)c1cccc-2c1')
[0.6521191596984863] Updated in round 172! max:(0.7837837837837838, 'c1ccc(-c2ccccc2)cc1'), min:(0.30158730158730157, 'C#CC1=C(c2ccc3c(c2)-c2cccc-3c2)C1=C')
[0.6541988849639893] Updated in round 173! max:(0.7837837837837838, 'c1ccc(-c2ccccc2)cc1'), min:(0.30158730158730157, 'C#CC1=Cc2ccccc2-c2cc1ccc2C=C')
[0.6704907417297363] Updated in round 174! max:(0.7837837837837838, 'c1ccc(-c2ccccc2)cc1'), min:(0.3050847457627119, 'C1#CC1=Cc1cccc(-c2c3cccc2-3)c1')
[0.6721069812774658] Updated in round 175! max:(0.7837837837837838, 'c1ccc(-c2ccccc2)cc1'), min:(0.3050847457627119, 'C#CC#Cc1cccc(-c2c3cccc2-3)c1')
[0.673651933670044] Updated in round 176! max:(0.7837837837837838, 'c1ccc(-c2ccccc2)cc1'), min:(0.3050847457627119, 'C1=CC(c2cc3cc(c2)-c2ccc-3cc2)=C1')
[0.6935105323791504] Updated in round 177! max:(0.7837837837837838, 'c1ccc(-c2ccccc2)cc1'), min:(0.3050847457627119, 'C#CC1=C2c3ccc(cc31)-c1ccccc12')
[0.69484543800354] Updated in round 178! max:(0.7837837837837838, 'c1ccc(-c2ccccc2)cc1'), min:(0.3103448275862069, 'C=C(C=CC=CC1=CC=C1)c1ccccc1')
[0.6961402893066406] Updated in round 179! max:(0.7837837837837838, 'c1ccc(-c2ccccc2)cc1'), min:(0.3103448275862069, 'C#CC(=C)c1cccc(-c2ccc3cc2-3)c1')
[0.6974072456359863] Updated in round 180! max:(0.7837837837837838, 'c1ccc(-c2ccccc2)cc1'), min:(0.3103448275862069, 'C#CC=C(C#C)C1=C(c2ccccc2)C#C1')
[0.6985585689544678] Updated in round 181! max:(0.7837837837837838, 'c1ccc(-c2ccccc2)cc1'), min:(0.31343283582089554, 'C#Cc1cccc(C2=C(c3cccc(C=C)c3)C#C2)c1')
[0.7003376483917236] Updated in round 182! max:(0.7837837837837838, 'c1ccc(-c2ccccc2)cc1'), min:(0.3157894736842105, 'C=CC(=CC(=C)C1=CC=C1)c1ccccc1')
[0.7172932624816895] Updated in round 183! max:(0.7837837837837838, 'c1ccc(-c2ccccc2)cc1'), min:(0.31746031746031744, 'C=Cc1cc2c(C3=C(c4ccccc4)C#C3)c-2c1')
[0.7185821533203125] Updated in round 184! max:(0.7837837837837838, 'c1ccc(-c2ccccc2)cc1'), min:(0.3181818181818182, 'C#CC1=C2C1=C2c1cccc(-c2ccc(C#C)cc2)c1')
[0.7199337482452393] Updated in round 185! max:(0.7837837837837838, 'c1ccc(-c2ccccc2)cc1'), min:(0.3181818181818182, 'C#CC(=C)c1ccccc1')
[0.7215368747711182] Updated in round 186! max:(0.7837837837837838, 'c1ccc(-c2ccccc2)cc1'), min:(0.3220338983050847, 'C1#CC(c2c3c4cc-4c2-3)=C1c1ccccc1')
[0.722853422164917] Updated in round 187! max:(0.7837837837837838, 'c1ccc(-c2ccccc2)cc1'), min:(0.3225806451612903, 'C=CC1=CC(c2cccc3c2-c2ccccc2-3)=C1')
[0.7351748943328857] Updated in round 188! max:(0.7837837837837838, 'c1ccc(-c2ccccc2)cc1'), min:(0.3225806451612903, 'C#CC1=C(c2cc(-c3ccccc3)c3cc2-3)C1=C')
[0.7374897003173828] Updated in round 189! max:(0.7837837837837838, 'c1ccc(-c2ccccc2)cc1'), min:(0.3225806451612903, 'C#Cc1ccc(-c2cccc(C#CC=C)c2)cc1')
[0.7504055500030518] Updated in round 190! max:(0.7837837837837838, 'c1ccc(-c2ccccc2)cc1'), min:(0.3225806451612903, 'C#CC1=Cc2ccc(C=C)cc2-c2cccc1c2')
[0.7668600082397461] Updated in round 191! max:(0.7837837837837838, 'c1ccc(-c2ccccc2)cc1'), min:(0.3275862068965517, 'C1=CC1=Cc1cccc(-c2ccc3cc2-3)c1')
[0.7688560485839844] Updated in round 192! max:(0.7837837837837838, 'c1ccc(-c2ccccc2)cc1'), min:(0.3275862068965517, 'C=CC=Cc1cccc2c1-c1ccccc1-2')
[0.7708978652954102] Updated in round 193! max:(0.7837837837837838, 'c1ccc(-c2ccccc2)cc1'), min:(0.3275862068965517, 'C=CC1=CC1=CC1=C(c2ccccc2)C#C1')
[0.7859249114990234] Updated in round 194! max:(0.7837837837837838, 'c1ccc(-c2ccccc2)cc1'), min:(0.3333333333333333, 'C=CC1=C(c2cccc(-c3cccc(C=C)c3)c2)C#C1')
[0.7886402606964111] Updated in round 195! max:(0.7837837837837838, 'c1ccc(-c2ccccc2)cc1'), min:(0.3333333333333333, 'C=CC(=C)c1cc2ccc1-c1cccc-2c1')
[0.8086562156677246] Updated in round 196! max:(0.7837837837837838, 'c1ccc(-c2ccccc2)cc1'), min:(0.3333333333333333, 'C#Cc1ccccc1C1=C(c2cccc(C=C)c2)C#C1')
[0.8103301525115967] Updated in round 197! max:(0.7837837837837838, 'c1ccc(-c2ccccc2)cc1'), min:(0.3384615384615385, 'C#Cc1cccc(-c2cccc(C3=C4C(C=C)=C43)c2)c1')
[0.8120973110198975] Updated in round 198! max:(0.7837837837837838, 'c1ccc(-c2ccccc2)cc1'), min:(0.3387096774193548, 'C#CC1=CC2=C1c1ccc(cc1)-c1cccc2c1')
[0.8140716552734375] Updated in round 199! max:(0.7837837837837838, 'c1ccc(-c2ccccc2)cc1'), min:(0.3387096774193548, 'C=C1C2=CC=C1C(C1=C(c3ccccc3)C#C1)=C2')
[0.8326010704040527] Updated in round 200! max:(0.7837837837837838, 'c1ccc(-c2ccccc2)cc1'), min:(0.33962264150943394, 'C#Cc1ccc2cc1-c1ccccc1-2')
[0.834547758102417] Updated in round 201! max:(0.7837837837837838, 'c1ccc(-c2ccccc2)cc1'), min:(0.33962264150943394, 'C#CC=CC1=C(c2ccccc2)C#C1')
[0.8368496894836426] Updated in round 202! max:(0.7837837837837838, 'c1ccc(-c2ccccc2)cc1'), min:(0.3442622950819672, 'C=C1C2=C3C2=C3c2cccc(c2)-c2ccc1cc2')
[0.838444709777832] Updated in round 203! max:(0.7837837837837838, 'c1ccc(-c2ccccc2)cc1'), min:(0.3442622950819672, 'C#CC#Cc1cccc(-c2cccc(C=C)c2)c1')
[0.8557181358337402] Updated in round 204! max:(0.7837837837837838, 'c1ccc(-c2ccccc2)cc1'), min:(0.3442622950819672, 'C#Cc1ccc(-c2cccc(C3=CC#C3)c2)cc1')
[0.8579645156860352] Updated in round 205! max:(0.7837837837837838, 'c1ccc(-c2ccccc2)cc1'), min:(0.3448275862068966, 'C1#Cc2ccc3c(c2)-c2cccc(c2)C1=C3')
[0.8596847057342529] Updated in round 206! max:(0.7837837837837838, 'c1ccc(-c2ccccc2)cc1'), min:(0.35, 'C#Cc1ccc(-c2cccc(C3=CC3=C)c2)cc1')
[0.8796830177307129] Updated in round 207! max:(0.7837837837837838, 'c1ccc(-c2ccccc2)cc1'), min:(0.3508771929824561, 'C1=CC1=Cc1ccc2c(c1)-c1cccc-2c1')
[0.8817682266235352] Updated in round 208! max:(0.7837837837837838, 'c1ccc(-c2ccccc2)cc1'), min:(0.3508771929824561, 'C=CC=c1c2cccc(c2)c2ccccc12')
[0.8835713863372803] Updated in round 209! max:(0.7837837837837838, 'c1ccc(-c2ccccc2)cc1'), min:(0.3508771929824561, 'C1=C2C1=C2c1cccc(-c2ccc3cc2-3)c1')
[0.8856499195098877] Updated in round 210! max:(0.7837837837837838, 'c1ccc(-c2ccccc2)cc1'), min:(0.3508771929824561, 'C#CC1=c2c3cccc2c3-c2cccc1c2')
[0.9057695865631104] Updated in round 211! max:(0.7837837837837838, 'c1ccc(-c2ccccc2)cc1'), min:(0.35384615384615387, 'C#CC=C1C=C1c1cc(C#C)cc(-c2ccccc2)c1')
[0.9088811874389648] Updated in round 212! max:(0.7837837837837838, 'c1ccc(-c2ccccc2)cc1'), min:(0.35384615384615387, 'C=Cc1ccc(C=C)c(C2=C(c3ccccc3)C#C2)c1')
[0.931330680847168] Updated in round 213! max:(0.7837837837837838, 'c1ccc(-c2ccccc2)cc1'), min:(0.35714285714285715, 'C#Cc1cc2c(c(-c3ccccc3)c1)C2=C')
[0.9347529411315918] Updated in round 214! max:(0.7837837837837838, 'c1ccc(-c2ccccc2)cc1'), min:(0.35714285714285715, 'C=CC(=C)c1cccc2c1-c1cccc-2c1')
[0.9538812637329102] Updated in round 215! max:(0.7837837837837838, 'c1ccc(-c2ccccc2)cc1'), min:(0.35714285714285715, 'C=CC1=CC(C2=C(c3ccccc3)C#C2)=C1')
[0.9560930728912354] Updated in round 216! max:(0.7837837837837838, 'c1ccc(-c2ccccc2)cc1'), min:(0.359375, 'C#CC1=CC(c2cc(C=C)cc(-c3ccccc3)c2)=C1')
[0.9583261013031006] Updated in round 217! max:(0.7837837837837838, 'c1ccc(-c2ccccc2)cc1'), min:(0.359375, 'C#Cc1cc(C2=C(C=C)C2=C)cc(-c2ccccc2)c1')
[0.9602491855621338] Updated in round 218! max:(0.7837837837837838, 'c1ccc(-c2ccccc2)cc1'), min:(0.36065573770491804, 'C=CC1=C(c2ccc3c(-c4ccccc4)c2-3)C#C1')
[0.9776923656463623] Updated in round 219! max:(0.7837837837837838, 'c1ccc(-c2ccccc2)cc1'), min:(0.36065573770491804, 'C=c1c2cc(C3=C(c4ccccc4)C#C3)cc1c2')
[0.9794518947601318] Updated in round 220! max:(0.7837837837837838, 'c1ccc(-c2ccccc2)cc1'), min:(0.36538461538461536, 'C#Cc1cccc2c1-c1ccccc1-2')
[0.9814848899841309] Updated in round 221! max:(0.7837837837837838, 'c1ccc(-c2ccccc2)cc1'), min:(0.36666666666666664, 'C=C1C2=CC1=C2c1cc2cc(-c3ccccc3)c1-2')
[1.0027923583984375] Updated in round 222! max:(0.7837837837837838, 'c1ccc(-c2ccccc2)cc1'), min:(0.36666666666666664, 'C=CC1=C(c2c3ccc(-c4ccccc4)c2-3)C1=C')
[1.0045130252838135] Updated in round 223! max:(0.7837837837837838, 'c1ccc(-c2ccccc2)cc1'), min:(0.36666666666666664, 'C#Cc1ccccc1-c1cccc(C=CC=C)c1')
[1.0065367221832275] Updated in round 224! max:(0.7837837837837838, 'c1ccc(-c2ccccc2)cc1'), min:(0.36666666666666664, 'C#CC(=Cc1ccccc1)c1cccc(C#C)c1')
[1.0263748168945312] Updated in round 225! max:(0.7837837837837838, 'c1ccc(-c2ccccc2)cc1'), min:(0.3684210526315789, 'C1#CC2=C1c1ccc(cc1)-c1cccc2c1')
[1.0284719467163086] Updated in round 226! max:(0.7837837837837838, 'c1ccc(-c2ccccc2)cc1'), min:(0.375, 'C=Cc1ccccc1-c1cccc(C2=C3C(=C)C=C32)c1')
[1.0487275123596191] Updated in round 227! max:(0.7837837837837838, 'c1ccc(-c2ccccc2)cc1'), min:(0.375, 'C#Cc1ccc(C2=CC=C2C=C)cc1-c1ccccc1')
[1.0523860454559326] Updated in round 228! max:(0.7837837837837838, 'c1ccc(-c2ccccc2)cc1'), min:(0.375, 'C#CC=C1C=C1c1ccc(C#C)c(-c2ccccc2)c1')
[1.0718371868133545] Updated in round 229! max:(0.7837837837837838, 'c1ccc(-c2ccccc2)cc1'), min:(0.375, 'C=CC1=C(c2ccc(C=C)c(-c3ccccc3)c2)C#C1')
[1.0754356384277344] Updated in round 230! max:(0.7837837837837838, 'c1ccc(-c2ccccc2)cc1'), min:(0.375, 'C=CC#Cc1cc2cc(-c3ccccc3)c1-2')
[1.0955164432525635] Updated in round 231! max:(0.7837837837837838, 'c1ccc(-c2ccccc2)cc1'), min:(0.375, 'C1=CC(c2cccc3c2-c2cccc-3c2)=C1')
[1.0985894203186035] Updated in round 232! max:(0.7837837837837838, 'c1ccc(-c2ccccc2)cc1'), min:(0.375, 'C1#CC(c2cc(-c3ccccc3)c3cc2-3)=C1')
[1.116248369216919] Updated in round 233! max:(0.7837837837837838, 'c1ccc(-c2ccccc2)cc1'), min:(0.375, 'C1#CC(c2ccccc2)=C1C=CC1=CC=C1')
[1.1193008422851562] Updated in round 234! max:(0.7837837837837838, 'c1ccc(-c2ccccc2)cc1'), min:(0.3770491803278688, 'c1c2ccc-2c2ccc(c#1)c(-c1ccccc1)c2')
[1.1396064758300781] Updated in round 235! max:(0.7837837837837838, 'c1ccc(-c2ccccc2)cc1'), min:(0.3770491803278688, 'C1#CC2=C1C=Cc1cc2cc(-c2ccccc2)c1')
[1.143822193145752] Updated in round 236! max:(0.7837837837837838, 'c1ccc(-c2ccccc2)cc1'), min:(0.38095238095238093, 'C#Cc1ccccc1-c1cccc(C2=C3C=C2C3=C)c1')
[1.1649410724639893] Updated in round 237! max:(0.7837837837837838, 'c1ccc(-c2ccccc2)cc1'), min:(0.38095238095238093, 'C#Cc1ccccc1-c1cccc(C2=CC(C=C)=C2)c1')
[1.1670258045196533] Updated in round 238! max:(0.7837837837837838, 'c1ccc(-c2ccccc2)cc1'), min:(0.38095238095238093, 'C=CC1=C2C1=C2c1ccc(C=C)c(-c2ccccc2)c1')
[1.1696021556854248] Updated in round 239! max:(0.7837837837837838, 'c1ccc(-c2ccccc2)cc1'), min:(0.38181818181818183, 'C=C1C=C1c1cc(-c2ccccc2)c2cc1-2')
[1.190004587173462] Updated in round 240! max:(0.7837837837837838, 'c1ccc(-c2ccccc2)cc1'), min:(0.3829787234042553, 'C1=CC(C=Cc2ccccc2)=C1')
[1.1924762725830078] Updated in round 241! max:(0.7837837837837838, 'c1ccc(-c2ccccc2)cc1'), min:(0.38333333333333336, 'C=C1C=c2c(c3ccc2cc3-c2ccccc2)=C1')
[1.1952037811279297] Updated in round 242! max:(0.7837837837837838, 'c1ccc(-c2ccccc2)cc1'), min:(0.38333333333333336, 'C1=CC1=C1C2=C1c1cccc(c1)-c1cccc2c1')
[1.2163019180297852] Updated in round 243! max:(0.7837837837837838, 'c1ccc(-c2ccccc2)cc1'), min:(0.38333333333333336, 'C=C1C2=C1C(c1c3ccc(-c4ccccc4)c1-3)=C2')
[1.2208671569824219] Updated in round 244! max:(0.7837837837837838, 'c1ccc(-c2ccccc2)cc1'), min:(0.38333333333333336, 'C=CC1=c2c(c3ccc2cc3-c2ccccc2)=C1')
[1.2441201210021973] Updated in round 245! max:(0.7837837837837838, 'c1ccc(-c2ccccc2)cc1'), min:(0.38333333333333336, 'C=CC1=Cc2c1c1ccc2c(-c2ccccc2)c1')
[1.2669880390167236] Updated in round 246! max:(0.7837837837837838, 'c1ccc(-c2ccccc2)cc1'), min:(0.38333333333333336, 'C#CC=C1C2=C1c1cccc(c1)-c1cccc2c1')
[1.2696118354797363] Updated in round 247! max:(0.7837837837837838, 'c1ccc(-c2ccccc2)cc1'), min:(0.38333333333333336, 'C=CC=C1c2c1c1ccc2cc1-c1ccccc1')
[1.2828783988952637] Updated in round 248! max:(0.7837837837837838, 'c1ccc(-c2ccccc2)cc1'), min:(0.38333333333333336, 'C=CC1=Cc2c1c1ccc2cc1-c1ccccc1')
[1.3056309223175049] Updated in round 249! max:(0.7837837837837838, 'c1ccc(-c2ccccc2)cc1'), min:(0.38333333333333336, 'C#CC1=c2c1cc1cc(-c3ccccc3)cc2c1')
[1.3249504566192627] Updated in round 250! max:(0.7837837837837838, 'c1ccc(-c2ccccc2)cc1'), min:(0.38461538461538464, 'C1=Cc2cccc(c2)-c2ccc1cc2')
[1.3267567157745361] Updated in round 251! max:(0.7837837837837838, 'c1ccc(-c2ccccc2)cc1'), min:(0.3898305084745763, 'C=C1C2=CC1=C2c1c2ccc(-c3ccccc3)c1-2')
[1.3296198844909668] Updated in round 252! max:(0.7837837837837838, 'c1ccc(-c2ccccc2)cc1'), min:(0.3898305084745763, 'C=C1c2c1c1cc(-c3ccccc3)cc(c1)c2=C')
[1.3464207649230957] Updated in round 253! max:(0.7837837837837838, 'c1ccc(-c2ccccc2)cc1'), min:(0.3898305084745763, 'C#Cc1cc(C#CC=C)cc(-c2ccccc2)c1')
[1.365900993347168] Updated in round 254! max:(0.7837837837837838, 'c1ccc(-c2ccccc2)cc1'), min:(0.3898305084745763, 'C#CC=Cc1ccc(C#C)c(-c2ccccc2)c1')
[1.37007474899292] Updated in round 255! max:(0.7837837837837838, 'c1ccc(-c2ccccc2)cc1'), min:(0.391304347826087, 'C=C(C1=CC=C1)c1ccccc1')
[1.3900527954101562] Updated in round 256! max:(0.7837837837837838, 'c1ccc(-c2ccccc2)cc1'), min:(0.39215686274509803, 'C=Cc1cccc2c1-c1cccc-2c1')
[1.3937766551971436] Updated in round 257! max:(0.7837837837837838, 'c1ccc(-c2ccccc2)cc1'), min:(0.39655172413793105, 'C=C1C=C1C(=C)c1c2ccc(-c3ccccc3)c1-2')
[1.4128484725952148] Updated in round 258! max:(0.7837837837837838, 'c1ccc(-c2ccccc2)cc1'), min:(0.39655172413793105, 'C#CC(=C)c1ccc(C#C)c(-c2ccccc2)c1')
[1.4172430038452148] Updated in round 259! max:(0.7837837837837838, 'c1ccc(-c2ccccc2)cc1'), min:(0.3968253968253968, 'C=Cc1c(-c2ccccc2)cccc1-c1cc2c3c1c23')
[1.4403729438781738] Updated in round 260! max:(0.7837837837837838, 'c1ccc(-c2ccccc2)cc1'), min:(0.3968253968253968, 'C=Cc1c(C2=CC(=C)C=C2)cccc1-c1ccccc1')
[1.442908525466919] Updated in round 261! max:(0.7837837837837838, 'c1ccc(-c2ccccc2)cc1'), min:(0.3968253968253968, 'C=Cc1ccc(-c2ccccc2)cc1C1=CC1=C1C#C1')
[1.4647271633148193] Updated in round 262! max:(0.7837837837837838, 'c1ccc(-c2ccccc2)cc1'), min:(0.3968253968253968, 'C=Cc1ccc(-c2ccccc2)cc1C1=CC2=C1C2=C')
[1.4658870697021484] Updated in round 263! max:(0.7837837837837838, 'c1ccc(-c2ccccc2)cc1'), min:(0.3968253968253968, 'C=CC1=C(c2cccc(-c3ccccc3)c2C=C)C=C1')
[1.466848373413086] Updated in round 264! max:(0.7837837837837838, 'c1ccc(-c2ccccc2)cc1'), min:(0.3968253968253968, 'C#CC1=C(c2cccc(-c3ccccc3)c2C=C)C=C1')
[1.487036943435669] Updated in round 265! max:(0.7837837837837838, 'c1ccc(-c2ccccc2)cc1'), min:(0.3968253968253968, 'C#Cc1ccc(-c2ccccc2)cc1C1=CC1=CC=C')
[1.5092053413391113] Updated in round 266! max:(0.7837837837837838, 'c1ccc(-c2ccccc2)cc1'), min:(0.3968253968253968, 'C#Cc1cccc(C2=C(c3ccccc3)C#C2)c1C=C')
[1.532658576965332] Updated in round 267! max:(0.7837837837837838, 'c1ccc(-c2ccccc2)cc1'), min:(0.4, 'C=Cc1ccc2c(c1-c1ccccc1)C#C2')
[1.5535907745361328] Updated in round 268! max:(0.7837837837837838, 'c1ccc(-c2ccccc2)cc1'), min:(0.4, 'C1=CC2=CC1=Cc1ccc2cc1-c1ccccc1')
[1.5933170318603516] Updated in round 269! max:(0.7837837837837838, 'c1ccc(-c2ccccc2)cc1'), min:(0.4, 'C1#CC2=C1C=Cc1ccccc1-c1cccc2c1')
[1.6188478469848633] Updated in round 270! max:(0.7837837837837838, 'c1ccc(-c2ccccc2)cc1'), min:(0.4, 'C=CC=Cc1c2ccc(-c3ccccc3)c1-2')
[1.6632781028747559] Updated in round 271! max:(0.7837837837837838, 'c1ccc(-c2ccccc2)cc1'), min:(0.4, 'C#CC1=Cc2cccc(c2)-c2cccc1c2')
[1.7078862190246582] Updated in round 272! max:(0.7837837837837838, 'c1ccc(-c2ccccc2)cc1'), min:(0.4032258064516129, 'C#Cc1c(-c2ccccc2)cccc1-c1c2c3cc2c13')
[1.7120351791381836] Updated in round 273! max:(0.7837837837837838, 'c1ccc(-c2ccccc2)cc1'), min:(0.4032258064516129, 'C#CC1=CC(c2cccc(-c3ccccc3)c2C#C)=C1')
[1.7373020648956299] Updated in round 274! max:(0.7837837837837838, 'c1ccc(-c2ccccc2)cc1'), min:(0.4032258064516129, 'C#CC1=C2C1=C2c1cc(-c2ccccc2)ccc1C=C')
[1.76082181930542] Updated in round 275! max:(0.7837837837837838, 'c1ccc(-c2ccccc2)cc1'), min:(0.4032258064516129, 'C=CC1=C(c2cc(-c3ccccc3)ccc2C=C)C1=C')
[1.7633812427520752] Updated in round 276! max:(0.7837837837837838, 'c1ccc(-c2ccccc2)cc1'), min:(0.4067796610169492, 'C=C1C=C2C=C1c1ccc2c(-c2ccccc2)c1')
[1.78214693069458] Updated in round 277! max:(0.7837837837837838, 'c1ccc(-c2ccccc2)cc1'), min:(0.4067796610169492, 'C=CC1=C2C=C1c1ccccc1-c1cccc2c1')
[1.7866566181182861] Updated in round 278! max:(0.7837837837837838, 'c1ccc(-c2ccccc2)cc1'), min:(0.4067796610169492, 'C=CC1=C2C=C1c1cccc(c1)-c1ccccc12')
[1.8095057010650635] Updated in round 279! max:(0.7837837837837838, 'c1ccc(-c2ccccc2)cc1'), min:(0.4067796610169492, 'C=CC1=C2C=C2c2ccc1c(-c1ccccc1)c2')
[1.8107473850250244] Updated in round 280! max:(0.7837837837837838, 'c1ccc(-c2ccccc2)cc1'), min:(0.4067796610169492, 'C#CC1=C2C1=Cc1ccccc1-c1cccc2c1')
[1.8267335891723633] Updated in round 281! max:(0.7837837837837838, 'c1ccc(-c2ccccc2)cc1'), min:(0.4067796610169492, 'C=Cc1ccccc1C1=C(c2ccccc2)C#C1')
[1.8424675464630127] Updated in round 282! max:(0.7837837837837838, 'c1ccc(-c2ccccc2)cc1'), min:(0.4074074074074074, 'C=CC(=C)c1c2ccc(-c3ccccc3)c1-2')
[1.8592679500579834] Updated in round 283! max:(0.7837837837837838, 'c1ccc(-c2ccccc2)cc1'), min:(0.4098360655737705, 'C#Cc1ccc(-c2ccccc2)cc1C=C1C(=C)C1=C')
[1.8797938823699951] Updated in round 284! max:(0.7837837837837838, 'c1ccc(-c2ccccc2)cc1'), min:(0.4098360655737705, 'C#CC(=C)C(=C)c1cccc(-c2ccccc2)c1C=C')
[1.8992538452148438] Updated in round 285! max:(0.7837837837837838, 'c1ccc(-c2ccccc2)cc1'), min:(0.4117647058823529, 'C1=C2C=C3C2=CC(c2ccccc2)=C13')
[1.933680772781372] Updated in round 286! max:(0.7837837837837838, 'c1ccc(-c2ccccc2)cc1'), min:(0.4126984126984127, 'C=Cc1ccc(-c2ccc(-c3ccccc3)cc2)cc1')
[1.9369304180145264] Updated in round 287! max:(0.7837837837837838, 'c1ccc(-c2ccccc2)cc1'), min:(0.4126984126984127, 'C=Cc1ccc(-c2c3cccc2-3)cc1-c1ccccc1')
[1.9585134983062744] Updated in round 288! max:(0.7837837837837838, 'c1ccc(-c2ccccc2)cc1'), min:(0.41379310344827586, 'C=C1C#Cc2ccccc2-c2cccc(c2)C1=C')
[1.979140043258667] Updated in round 289! max:(0.7837837837837838, 'c1ccc(-c2ccccc2)cc1'), min:(0.41379310344827586, 'C=C1C2=CC(=C2)c2cccc(c2)-c2ccccc21')
[2.017026662826538] Updated in round 290! max:(0.7837837837837838, 'c1ccc(-c2ccccc2)cc1'), min:(0.41379310344827586, 'C#Cc1ccccc1-c1cccc(C2=C3C=C32)c1')
[2.0226387977600098] Updated in round 291! max:(0.7837837837837838, 'c1ccc(-c2ccccc2)cc1'), min:(0.41818181818181815, 'C1=C2C=C2c2ccc1cc2-c1ccccc1')
[2.0437631607055664] Updated in round 292! max:(0.7837837837837838, 'c1ccc(-c2ccccc2)cc1'), min:(0.41818181818181815, 'C1=C2C(=C1)c1cc2cc(-c2ccccc2)c1')
[2.0647366046905518] Updated in round 293! max:(0.7837837837837838, 'c1ccc(-c2ccccc2)cc1'), min:(0.42, 'C#Cc1cc2cc-2c1-c1ccccc1')
[2.0690226554870605] Updated in round 294! max:(0.7837837837837838, 'c1ccc(-c2ccccc2)cc1'), min:(0.42105263157894735, 'C=C1C(=C)c2cccc(c2)-c2ccccc2C1=C')
[2.091212511062622] Updated in round 295! max:(0.7837837837837838, 'c1ccc(-c2ccccc2)cc1'), min:(0.423728813559322, 'c1c2ccc(c#1)-c1cc-2cc(-c2ccccc2)c1')
[2.1134259700775146] Updated in round 296! max:(0.7837837837837838, 'c1ccc(-c2ccccc2)cc1'), min:(0.423728813559322, 'c1ccc(-c2ccc3cc2-c2ccccc2-3)cc1')
[2.1345934867858887] Updated in round 297! max:(0.7837837837837838, 'c1ccc(-c2ccccc2)cc1'), min:(0.423728813559322, 'c1ccc(-c2ccc3c4c2-c2c-3cccc2-4)cc1')
[2.138789415359497] Updated in round 298! max:(0.7837837837837838, 'c1ccc(-c2ccccc2)cc1'), min:(0.423728813559322, 'c1ccc(-c2ccc3c(c2)c2c4c3c3c=4c23)cc1')
[2.178163766860962] Updated in round 299! max:(0.7837837837837838, 'c1ccc(-c2ccccc2)cc1'), min:(0.423728813559322, 'C1=CC2=C3C1=C2c1ccc(-c2ccccc2)cc13')
[2.2013113498687744] Updated in round 300! max:(0.7837837837837838, 'c1ccc(-c2ccccc2)cc1'), min:(0.423728813559322, 'c1ccc(-c2cccc3c2c2c4ccc4c32)cc1')
[2.2055039405822754] Updated in round 301! max:(0.7837837837837838, 'c1ccc(-c2ccccc2)cc1'), min:(0.423728813559322, 'c1ccc(-c2cccc3c2-c2ccccc2-3)cc1')
[2.2272017002105713] Updated in round 302! max:(0.7837837837837838, 'c1ccc(-c2ccccc2)cc1'), min:(0.423728813559322, 'c1ccc(-c2cccc3c4c5cc(cc4-5)c23)cc1')
[2.2454206943511963] Updated in round 303! max:(0.7837837837837838, 'c1ccc(-c2ccccc2)cc1'), min:(0.423728813559322, 'C1=Cc2cc1cc1ccc(-c3ccccc3)cc21')
[2.265589714050293] Updated in round 304! max:(0.7837837837837838, 'c1ccc(-c2ccccc2)cc1'), min:(0.423728813559322, 'C1=C2c3c1cc1ccc(-c4ccccc4)cc1c32')
[2.287463903427124] Updated in round 305! max:(0.7837837837837838, 'c1ccc(-c2ccccc2)cc1'), min:(0.423728813559322, 'C1#Cc2ccc(-c3ccccc3)cc2C2=CC2=C1')
[2.2922985553741455] Updated in round 306! max:(0.7837837837837838, 'c1ccc(-c2ccccc2)cc1'), min:(0.42592592592592593, 'C=c1c#cc2cc1ccc2-c1ccccc1')
[2.314619541168213] Updated in round 307! max:(0.7837837837837838, 'c1ccc(-c2ccccc2)cc1'), min:(0.42592592592592593, 'C1#CC1=c1c2cc(-c3ccccc3)cc1c2')
[2.351451873779297] Updated in round 308! max:(0.7837837837837838, 'c1ccc(-c2ccccc2)cc1'), min:(0.42592592592592593, 'C=Cc1cc2ccc1c(-c1ccccc1)c2')
[2.378551959991455] Updated in round 309! max:(0.7837837837837838, 'c1ccc(-c2ccccc2)cc1'), min:(0.42592592592592593, 'C1=C2C1=C2c1c2ccc(-c3ccccc3)c1-2')
[2.402308464050293] Updated in round 310! max:(0.7837837837837838, 'c1ccc(-c2ccccc2)cc1'), min:(0.42592592592592593, 'C=c1c#cc2cc(-c3ccccc3)cc1c2')
[2.4257009029388428] Updated in round 311! max:(0.7837837837837838, 'c1ccc(-c2ccccc2)cc1'), min:(0.43103448275862066, 'C#Cc1c2cc-2c2ccc(-c3ccccc3)cc12')
[2.469050407409668] Updated in round 312! max:(0.7837837837837838, 'c1ccc(-c2ccccc2)cc1'), min:(0.43103448275862066, 'C=Cc1c#cc2cccc(-c3ccccc3)c2c1')
[2.4917304515838623] Updated in round 313! max:(0.7837837837837838, 'c1ccc(-c2ccccc2)cc1'), min:(0.43103448275862066, 'C=C1C=Cc2ccc(-c3ccccc3)cc2C=C1')
[2.518226385116577] Updated in round 314! max:(0.7837837837837838, 'c1ccc(-c2ccccc2)cc1'), min:(0.43103448275862066, 'C=Cc1c#cc2ccc(-c3ccccc3)cc2c1')
[2.561110496520996] Updated in round 315! max:(0.7837837837837838, 'c1ccc(-c2ccccc2)cc1'), min:(0.43103448275862066, 'C#CC=CC1=Cc2c1cccc2-c1ccccc1')
[2.596301794052124] Updated in round 316! max:(0.7837837837837838, 'c1ccc(-c2ccccc2)cc1'), min:(0.43103448275862066, 'C=CC=C1C#Cc2c1cccc2-c1ccccc1')
[2.645160436630249] Updated in round 317! max:(0.7837837837837838, 'c1ccc(-c2ccccc2)cc1'), min:(0.43103448275862066, 'C#Cc1cc#cc2c(-c3ccccc3)cccc12')
[2.6870622634887695] Updated in round 318! max:(0.7837837837837838, 'c1ccc(-c2ccccc2)cc1'), min:(0.43103448275862066, 'C=c1c2c(cc3c(-c4ccccc4)cccc13)C=2')
[2.7045958042144775] Updated in round 319! max:(0.7837837837837838, 'c1ccc(-c2ccccc2)cc1'), min:(0.43103448275862066, 'C=C1C2=CC=C1c1c2cccc1-c1ccccc1')
[2.7232303619384766] Updated in round 320! max:(0.7837837837837838, 'c1ccc(-c2ccccc2)cc1'), min:(0.43103448275862066, 'C=c1c2c3c4c(-c5ccccc5)cccc4c1c2-3')
[2.7526724338531494] Updated in round 321! max:(0.7837837837837838, 'c1ccc(-c2ccccc2)cc1'), min:(0.43103448275862066, 'C=C1C2=C(C=C2)c2cc(-c3ccccc3)ccc21')
[2.786176919937134] Updated in round 322! max:(0.7837837837837838, 'c1ccc(-c2ccccc2)cc1'), min:(0.43103448275862066, 'C#Cc1cc2c3c(-c4ccccc4)cccc3c1=2')
[2.851635217666626] Updated in round 323! max:(0.7837837837837838, 'c1ccc(-c2ccccc2)cc1'), min:(0.43103448275862066, 'C=CC1=C2C=C1c1cccc(-c3ccccc3)c12')
[2.8941283226013184] Updated in round 324! max:(0.7837837837837838, 'c1ccc(-c2ccccc2)cc1'), min:(0.43103448275862066, 'C#CC=C1C2=C1c1cc(-c3ccccc3)ccc12')
[2.9333109855651855] Updated in round 325! max:(0.7837837837837838, 'c1ccc(-c2ccccc2)cc1'), min:(0.43103448275862066, 'C#Cc1cc2c3cc(-c4ccccc4)ccc3c1=2')
[2.9768521785736084] Updated in round 326! max:(0.7837837837837838, 'c1ccc(-c2ccccc2)cc1'), min:(0.43103448275862066, 'C1#Cc2ccc(-c3ccccc3)cc2C2=C3C1=C32')
[3.021859645843506] Updated in round 327! max:(0.7837837837837838, 'c1ccc(-c2ccccc2)cc1'), min:(0.43103448275862066, 'C=Cc1c2cc3c(-c4ccccc4)cccc3c1-2')
[3.050760507583618] Updated in round 328! max:(0.7837837837837838, 'c1ccc(-c2ccccc2)cc1'), min:(0.4339622641509434, 'C=C1C=C1c1c2ccc(-c3ccccc3)c1-2')
[3.0961153507232666] Updated in round 329! max:(0.7837837837837838, 'c1ccc(-c2ccccc2)cc1'), min:(0.43548387096774194, 'C#Cc1ccccc1-c1ccc(-c2ccccc2)cc1')
[3.1030378341674805] Updated in round 330! max:(0.7837837837837838, 'c1ccc(-c2ccccc2)cc1'), min:(0.43548387096774194, 'C#CC=Cc1cccc(C2=C(c3ccccc3)C#C2)c1')
[3.1513137817382812] Updated in round 331! max:(0.7837837837837838, 'c1ccc(-c2ccccc2)cc1'), min:(0.43859649122807015, 'C#Cc1cc(-c2ccccc2)ccc1C1=CC=C1')
[3.194819688796997] Updated in round 332! max:(0.7837837837837838, 'c1ccc(-c2ccccc2)cc1'), min:(0.43859649122807015, 'c1ccc(-c2ccc3c(c2)C3=C2C3=C4C3=C42)cc1')
[3.2540695667266846] Updated in round 333! max:(0.7837837837837838, 'c1ccc(-c2ccccc2)cc1'), min:(0.43859649122807015, 'C=C1C(=C2C=C2)c2c1cccc2-c1ccccc1')
[3.3140647411346436] Updated in round 334! max:(0.7837837837837838, 'c1ccc(-c2ccccc2)cc1'), min:(0.43859649122807015, 'C=C1C(=C2C=C2)c2cc(-c3ccccc3)ccc21')
[3.363605260848999] Updated in round 335! max:(0.7837837837837838, 'c1ccc(-c2ccccc2)cc1'), min:(0.43859649122807015, 'C=CC(=C)C1=Cc2cccc(-c3ccccc3)c21')
[3.3959078788757324] Updated in round 336! max:(0.7837837837837838, 'c1ccc(-c2ccccc2)cc1'), min:(0.43859649122807015, 'C#CC(C=C)=C1c2ccc(-c3ccccc3)cc21')
[3.443708658218384] Updated in round 337! max:(0.7837837837837838, 'c1ccc(-c2ccccc2)cc1'), min:(0.43859649122807015, 'C=c1ccc(=C)c2c(-c3ccccc3)cccc12')
[3.4614365100860596] Updated in round 338! max:(0.7837837837837838, 'c1ccc(-c2ccccc2)cc1'), min:(0.43859649122807015, 'C=CC=C1C(=C)c2c1cccc2-c1ccccc1')
[3.462580680847168] Updated in round 339! max:(0.7837837837837838, 'c1ccc(-c2ccccc2)cc1'), min:(0.43859649122807015, 'C=CC1=CC(=C)c2cc(-c3ccccc3)ccc21')
[3.4837474822998047] Updated in round 340! max:(0.7837837837837838, 'c1ccc(-c2ccccc2)cc1'), min:(0.43859649122807015, 'C#CC1=Cc2ccc(-c3ccccc3)cc2C1=C')
[3.5021729469299316] Updated in round 341! max:(0.7837837837837838, 'c1ccc(-c2ccccc2)cc1'), min:(0.43859649122807015, 'c1ccc(-c2ccc3c(c2)c2c4c5c3c4c25)cc1')
[3.5033411979675293] Updated in round 342! max:(0.7837837837837838, 'c1ccc(-c2ccccc2)cc1'), min:(0.43859649122807015, 'C#Cc1ccc(-c2ccccc2)cc1C=C1C#C1')
[3.522197961807251] Updated in round 343! max:(0.7837837837837838, 'c1ccc(-c2ccccc2)cc1'), min:(0.43859649122807015, 'C#Cc1c(C#CC=C)cccc1-c1ccccc1')
[3.5234110355377197] Updated in round 344! max:(0.7837837837837838, 'c1ccc(-c2ccccc2)cc1'), min:(0.43859649122807015, 'C#CC=Cc1cc(-c2ccccc2)ccc1C#C')
[3.5412089824676514] Updated in round 345! max:(0.7837837837837838, 'c1ccc(-c2ccccc2)cc1'), min:(0.43859649122807015, 'C#Cc1ccc(-c2ccccc2)cc1C1=C2C=C21')
[3.542875051498413] Updated in round 346! max:(0.7837837837837838, 'c1ccc(-c2ccccc2)cc1'), min:(0.4426229508196721, 'C=CC(=C)c1cccc(C2=C(c3ccccc3)C#C2)c1')
[3.5455455780029297] Updated in round 347! max:(0.7837837837837838, 'c1ccc(-c2ccccc2)cc1'), min:(0.4444444444444444, 'c1cc2cc-2cccc(-c2c3cccc2-3)c1')
[3.5634987354278564] Updated in round 348! max:(0.7837837837837838, 'c1ccc(-c2ccccc2)cc1'), min:(0.4444444444444444, 'C1=CC2=C1c1ccc(-c3ccccc3)c2c1')
[3.566406011581421] Updated in round 349! max:(0.7837837837837838, 'c1ccc(-c2ccccc2)cc1'), min:(0.4461538461538462, 'C#Cc1cc(C=C)ccc1-c1cccc(-c2ccccc2)c1')
[3.58516526222229] Updated in round 350! max:(0.7837837837837838, 'c1ccc(-c2ccccc2)cc1'), min:(0.44642857142857145, 'C#CC(=C)c1ccc(-c2ccccc2)cc1C=C')
[3.587336301803589] Updated in round 351! max:(0.7837837837837838, 'c1ccc(-c2ccccc2)cc1'), min:(0.44642857142857145, 'C#Cc1c(C2=CC2=C)cccc1-c1ccccc1')
[3.588486433029175] Updated in round 352! max:(0.7837837837837838, 'c1ccc(-c2ccccc2)cc1'), min:(0.4482758620689655, 'c1ccc(-c2ccc(-c3cc4ccc3-4)cc2)cc1')
[3.607733726501465] Updated in round 353! max:(0.7837837837837838, 'c1ccc(-c2ccccc2)cc1'), min:(0.4482758620689655, 'c1ccc(-c2cc3cc(-c4c5cccc4-5)c2-3)cc1')
[3.6097216606140137] Updated in round 354! max:(0.7837837837837838, 'c1ccc(-c2ccccc2)cc1'), min:(0.4528301886792453, 'C#CC#Cc1ccccc1-c1ccccc1')
[3.6107707023620605] Updated in round 355! max:(0.7837837837837838, 'c1ccc(-c2ccccc2)cc1'), min:(0.4528301886792453, 'C=C1C2=C1c1ccccc1-c1cccc2c1')
[3.6316452026367188] Updated in round 356! max:(0.7837837837837838, 'c1ccc(-c2ccccc2)cc1'), min:(0.45614035087719296, 'C#Cc1cc2cccccc(c1)-c1ccc-2cc1')
[3.6506011486053467] Updated in round 357! max:(0.7837837837837838, 'c1ccc(-c2ccccc2)cc1'), min:(0.45614035087719296, 'C#Cc1ccccc1-c1ccc2cccc-2cc1')
[3.6694819927215576] Updated in round 358! max:(0.7837837837837838, 'c1ccc(-c2ccccc2)cc1'), min:(0.45614035087719296, 'C#Cc1ccc2ccc-2ccc1-c1ccccc1')
[3.7093400955200195] Updated in round 359! max:(0.7837837837837838, 'c1ccc(-c2ccccc2)cc1'), min:(0.45614035087719296, 'C1=Cc2cccc(-c3ccccc3)c2-c2cc1c2')
[3.7349934577941895] Updated in round 360! max:(0.7837837837837838, 'c1ccc(-c2ccccc2)cc1'), min:(0.45614035087719296, 'C=CC1=CC=C1c1ccc(-c2ccccc2)cc1')
[3.760824203491211] Updated in round 361! max:(0.7837837837837838, 'c1ccc(-c2ccccc2)cc1'), min:(0.45614035087719296, 'C=CC1=C(C=Cc2ccccc2)c2cccc1c2')
[3.784714698791504] Updated in round 362! max:(0.7837837837837838, 'c1ccc(-c2ccccc2)cc1'), min:(0.45901639344262296, 'C#CC1=CC2=C1C2=Cc1cccc(-c2ccccc2)c1')
[3.81429123878479] Updated in round 363! max:(0.7837837837837838, 'c1ccc(-c2ccccc2)cc1'), min:(0.45901639344262296, 'C#CC1=C(C=Cc2cccc(-c3ccccc3)c2)C=C1')
[3.8551363945007324] Updated in round 364! max:(0.7837837837837838, 'c1ccc(-c2ccccc2)cc1'), min:(0.45901639344262296, 'C#CC#CC=CC#Cc1cccc(-c2ccccc2)c1')
[3.8576407432556152] Updated in round 365! max:(0.7837837837837838, 'c1ccc(-c2ccccc2)cc1'), min:(0.45901639344262296, 'C#CC=CC#CC#Cc1cccc(-c2ccccc2)c1')
[3.860255002975464] Updated in round 366! max:(0.7837837837837838, 'c1ccc(-c2ccccc2)cc1'), min:(0.45901639344262296, 'C#CC=C1C=C1C=Cc1cccc(-c2ccccc2)c1')
[3.884423017501831] Updated in round 367! max:(0.7837837837837838, 'c1ccc(-c2ccccc2)cc1'), min:(0.45901639344262296, 'C#Cc1ccc(-c2ccccc2)cc1-c1ccccc1')
[3.9075069427490234] Updated in round 368! max:(0.7837837837837838, 'c1ccc(-c2ccccc2)cc1'), min:(0.4642857142857143, 'C#Cc1ccc(-c2ccccc2)ccc2c3c1c23')
[3.9356448650360107] Updated in round 369! max:(0.7837837837837838, 'c1ccc(-c2ccccc2)cc1'), min:(0.4642857142857143, 'C#CC(=C)C=Cc1ccc(-c2ccccc2)cc1')
[3.938873052597046] Updated in round 370! max:(0.7837837837837838, 'c1ccc(-c2ccccc2)cc1'), min:(0.4642857142857143, 'C#CC(=CC=C)c1ccc(-c2ccccc2)cc1')
[3.9419565200805664] Updated in round 371! max:(0.7837837837837838, 'c1ccc(-c2ccccc2)cc1'), min:(0.4666666666666667, 'C=Cc1cccc(C=C)cc(-c2ccccc2)ccc1')
[3.966207265853882] Updated in round 372! max:(0.7837837837837838, 'c1ccc(-c2ccccc2)cc1'), min:(0.4666666666666667, 'C#Cc1c2cccc(-c3ccccc3)cc(C=C)cc1-2')
[3.993755578994751] Updated in round 373! max:(0.7837837837837838, 'c1ccc(-c2ccccc2)cc1'), min:(0.4666666666666667, 'C#CC1=C2C(C#Cc3cccc(-c4ccccc4)c3)=C12')
[4.015088796615601] Updated in round 374! max:(0.7837837837837838, 'c1ccc(-c2ccccc2)cc1'), min:(0.4666666666666667, 'C=CC(=C1C#CC1=C)c1cccc(-c2ccccc2)c1')
[4.036553144454956] Updated in round 375! max:(0.7837837837837838, 'c1ccc(-c2ccccc2)cc1'), min:(0.4666666666666667, 'C=CC1=C2C(C=Cc3cccc(-c4ccccc4)c3)=C12')
[4.039844036102295] Updated in round 376! max:(0.7837837837837838, 'c1ccc(-c2ccccc2)cc1'), min:(0.4666666666666667, 'C=CC(=CC=C1C=C1)c1cccc(-c2ccccc2)c1')
[4.086603403091431] Updated in round 377! max:(0.7837837837837838, 'c1ccc(-c2ccccc2)cc1'), min:(0.4666666666666667, 'C=CC1=CC(=C)C1=Cc1cccc(-c2ccccc2)c1')
[4.090809106826782] Updated in round 378! max:(0.7837837837837838, 'c1ccc(-c2ccccc2)cc1'), min:(0.4666666666666667, 'C=CC(=C)C1=CC1=Cc1cccc(-c2ccccc2)c1')
[4.1342456340789795] Updated in round 379! max:(0.7837837837837838, 'c1ccc(-c2ccccc2)cc1'), min:(0.4666666666666667, 'C#CC(=C)C#CC=Cc1cccc(-c2ccccc2)c1')
[4.153303861618042] Updated in round 380! max:(0.7837837837837838, 'c1ccc(-c2ccccc2)cc1'), min:(0.4666666666666667, 'C#CC=C(C1=C2C=C21)c1cccc(-c2ccccc2)c1')
[4.174359083175659] Updated in round 381! max:(0.7837837837837838, 'c1ccc(-c2ccccc2)cc1'), min:(0.4666666666666667, 'C#CC=C(C=C1C#C1)c1cccc(-c2ccccc2)c1')
[4.1947431564331055] Updated in round 382! max:(0.7837837837837838, 'c1ccc(-c2ccccc2)cc1'), min:(0.4666666666666667, 'C=CC#CC(=C1C#C1)c1cccc(-c2ccccc2)c1')
[4.234616279602051] Updated in round 383! max:(0.7837837837837838, 'c1ccc(-c2ccccc2)cc1'), min:(0.4666666666666667, 'C=CC1=CC1=C(C=C)c1cccc(-c2ccccc2)c1')
[4.276819229125977] Updated in round 384! max:(0.7837837837837838, 'c1ccc(-c2ccccc2)cc1'), min:(0.4666666666666667, 'C#CC=C(C#C)C#Cc1cccc(-c2ccccc2)c1')
[4.325174331665039] Updated in round 385! max:(0.7837837837837838, 'c1ccc(-c2ccccc2)cc1'), min:(0.4666666666666667, 'C#CC#CC(C#C)=Cc1cccc(-c2ccccc2)c1')
[4.35067081451416] Updated in round 386! max:(0.7837837837837838, 'c1ccc(-c2ccccc2)cc1'), min:(0.4666666666666667, 'C#CC=C(C=CC=C)c1cccc(-c2ccccc2)c1')
[4.355816602706909] Updated in round 387! max:(0.7837837837837838, 'c1ccc(-c2ccccc2)cc1'), min:(0.4666666666666667, 'C#CC=CC#CC(=C)c1cccc(-c2ccccc2)c1')
[4.382281064987183] Updated in round 388! max:(0.7837837837837838, 'c1ccc(-c2ccccc2)cc1'), min:(0.4666666666666667, 'C#CC=C1C(=C)C1=Cc1cccc(-c2ccccc2)c1')
[4.406586647033691] Updated in round 389! max:(0.7837837837837838, 'c1ccc(-c2ccccc2)cc1'), min:(0.46938775510204084, 'C1=C2c3cc(-c4ccccc4)cc1c32')
[4.4297473430633545] Updated in round 390! max:(0.7837837837837838, 'c1ccc(-c2ccccc2)cc1'), min:(0.4716981132075472, 'c1ccc2c3cc-3cc(c1)-c1cccc-2c1')
[4.454330682754517] Updated in round 391! max:(0.7837837837837838, 'c1ccc(-c2ccccc2)cc1'), min:(0.4716981132075472, 'c1ccc(-c2cccc3c4c2c2c3c42)cc1')
[4.510684967041016] Updated in round 392! max:(0.7837837837837838, 'c1ccc(-c2ccccc2)cc1'), min:(0.4716981132075472, 'c1cccc2ccc(cc1)-c1cc-2c2cc1-2')
[4.555887699127197] Updated in round 393! max:(0.7837837837837838, 'c1ccc(-c2ccccc2)cc1'), min:(0.4716981132075472, 'c1ccc(-c2cc3ccc4c-3cc-4c2)cc1')
[4.561610221862793] Updated in round 394! max:(0.7837837837837838, 'c1ccc(-c2ccccc2)cc1'), min:(0.4716981132075472, 'c1ccc(-c2ccc3c4c-3cccc24)cc1')
[4.60657525062561] Updated in round 395! max:(0.7837837837837838, 'c1ccc(-c2ccccc2)cc1'), min:(0.4716981132075472, 'c1c#cc2c(-c3ccccc3)cccc2c#1')
[4.655684947967529] Updated in round 396! max:(0.7837837837837838, 'c1ccc(-c2ccccc2)cc1'), min:(0.4716981132075472, 'c1c2c3cccc(-c4ccccc4)c3c=2c#1')
[4.707541227340698] Updated in round 397! max:(0.7837837837837838, 'c1ccc(-c2ccccc2)cc1'), min:(0.47368421052631576, 'C1=Cc2cc1cccccc(-c1ccccc1)c2')
[4.758682727813721] Updated in round 398! max:(0.7837837837837838, 'c1ccc(-c2ccccc2)cc1'), min:(0.47368421052631576, 'c1ccc(-c2cc(-c3ccccc3)c3cc2-3)cc1')
[4.789660930633545] Updated in round 399! max:(0.7837837837837838, 'c1ccc(-c2ccccc2)cc1'), min:(0.4745762711864407, 'C#Cc1cc(-c2ccccc2)cccc(=C)ccc1=C')
[4.837766647338867] Updated in round 400! max:(0.7837837837837838, 'c1ccc(-c2ccccc2)cc1'), min:(0.4745762711864407, 'C=Cc1ccc(=C)c(=C)cccc(-c2ccccc2)c1')
[4.888022184371948] Updated in round 401! max:(0.7837837837837838, 'c1ccc(-c2ccccc2)cc1'), min:(0.4745762711864407, 'C#CC1=CC(C(=C)c2cccc(-c3ccccc3)c2)=C1')
[4.916581392288208] Updated in round 402! max:(0.7837837837837838, 'c1ccc(-c2ccccc2)cc1'), min:(0.4745762711864407, 'C=CC(=C1C2=CC1=C2)c1cccc(-c2ccccc2)c1')
[4.968610525131226] Updated in round 403! max:(0.7837837837837838, 'c1ccc(-c2ccccc2)cc1'), min:(0.4745762711864407, 'C#CC(=C)C(C=C)=Cc1cccc(-c2ccccc2)c1')
[5.062839031219482] Updated in round 404! max:(0.7837837837837838, 'c1ccc(-c2ccccc2)cc1'), min:(0.4745762711864407, 'C#CC(C=C)=C(C=C)c1cccc(-c2ccccc2)c1')
[5.094322919845581] Updated in round 405! max:(0.7837837837837838, 'c1ccc(-c2ccccc2)cc1'), min:(0.4745762711864407, 'C#CC(C#C)=C(C#C)c1cccc(-c2ccccc2)c1')
[5.147003889083862] Updated in round 406! max:(0.7837837837837838, 'c1ccc(-c2ccccc2)cc1'), min:(0.4745762711864407, 'C#CC(=CC=C)C(=C)c1cccc(-c2ccccc2)c1')
[5.17326807975769] Updated in round 407! max:(0.7837837837837838, 'c1ccc(-c2ccccc2)cc1'), min:(0.47540983606557374, 'C1#Cc2cc(-c3cccc(-c4ccccc4)c3)ccc21')
[5.251297235488892] Updated in round 408! max:(0.7837837837837838, 'c1ccc(-c2ccccc2)cc1'), min:(0.4807692307692308, 'C=CC1=CC=Cc2cccccc1ccc2')
[5.282616376876831] Updated in round 409! max:(0.7837837837837838, 'c1ccc(-c2ccccc2)cc1'), min:(0.4807692307692308, 'C=C1C#Cc2cc(-c3ccccc3)ccc21')
[5.332178592681885] Updated in round 410! max:(0.7837837837837838, 'c1ccc(-c2ccccc2)cc1'), min:(0.4807692307692308, 'C#CC=C1c2ccc(-c3ccccc3)cc21')
[5.357740640640259] Updated in round 411! max:(0.7837837837837838, 'c1ccc(-c2ccccc2)cc1'), min:(0.4807692307692308, 'C=c1ccc2cc(-c3ccccc3)cc1c2')
[5.490451097488403] Updated in round 412! max:(0.7837837837837838, 'c1ccc(-c2ccccc2)cc1'), min:(0.48214285714285715, 'C#Cc1c2cc3cccc(-c4ccccc4)c-2c1-3')
[5.776423692703247] Updated in round 413! max:(0.7837837837837838, 'c1ccc(-c2ccccc2)cc1'), min:(0.48214285714285715, 'C#Cc1c2cccc3cc(-c4ccccc4)c-3c1-2')
[5.8090527057647705] Updated in round 414! max:(0.7837837837837838, 'c1ccc(-c2ccccc2)cc1'), min:(0.48214285714285715, 'C#Cc1cccc(-c2cccccc3cc-3c2)c1')
[5.904247283935547] Updated in round 415! max:(0.7837837837837838, 'c1ccc(-c2ccccc2)cc1'), min:(0.48214285714285715, 'C=Cc1cccc(-c2cc3cccccc-3c2)c1')
[5.958540916442871] Updated in round 416! max:(0.7837837837837838, 'c1ccc(-c2ccccc2)cc1'), min:(0.48214285714285715, 'C#Cc1c(-c2ccccc2)cccc2cc3c-2c1-3')
[6.006187915802002] Updated in round 417! max:(0.7837837837837838, 'c1ccc(-c2ccccc2)cc1'), min:(0.48214285714285715, 'C=Cc1ccc(-c2ccccccccc2)cc1')
[6.045003414154053] Updated in round 418! max:(0.7837837837837838, 'c1ccc(-c2ccccc2)cc1'), min:(0.48214285714285715, 'C=Cc1cccc2ccc(-c3ccccc3)cc12')
[6.075286626815796] Updated in round 419! max:(0.7837837837837838, 'c1ccc(-c2ccccc2)cc1'), min:(0.4827586206896552, 'C#CC1=C(C=C)C(=C)c2cccccc(ccc2)C1=C')
[6.118910551071167] Updated in round 420! max:(0.7837837837837838, 'c1ccc(-c2ccccc2)cc1'), min:(0.48333333333333334, 'C=Cc1cc2c#cc1ccc(-c1ccccc1)ccc2')
[6.344147205352783] Updated in round 421! max:(0.7837837837837838, 'c1ccc(-c2ccccc2)cc1'), min:(0.48333333333333334, 'C=Cc1cc2c3cccc(-c4ccccc4)ccc1c32')
[6.514611005783081] Updated in round 422! max:(0.7837837837837838, 'c1ccc(-c2ccccc2)cc1'), min:(0.48333333333333334, 'C#CC=C1c2cccccc(ccc2)-c2cccc1c2')
[6.710781812667847] Updated in round 423! max:(0.7837837837837838, 'c1ccc(-c2ccccc2)cc1'), min:(0.48333333333333334, 'C=CC#Cc1ccccc(-c2ccccc2)cccc1')
[6.741818904876709] Updated in round 424! max:(0.7837837837837838, 'c1ccc(-c2ccccc2)cc1'), min:(0.48333333333333334, 'C=CC#Cc1cc(-c2ccccc2)cccc2ccc1-2')
[6.933141231536865] Updated in round 425! max:(0.7837837837837838, 'c1ccc(-c2ccccc2)cc1'), min:(0.48333333333333334, 'C=CC#Cc1ccc2cccc(-c3ccccc3)cc1-2')
[7.172919511795044] Updated in round 426! max:(0.7837837837837838, 'c1ccc(-c2ccccc2)cc1'), min:(0.48333333333333334, 'C=CC=Cc1cc2cccc-2cc(-c2ccccc2)c1')
[7.255847692489624] Updated in round 427! max:(0.7837837837837838, 'c1ccc(-c2ccccc2)cc1'), min:(0.48333333333333334, 'C=Cc1ccc(-c2ccccc2)cccc2c3c1=CC=32')
[7.417579650878906] Updated in round 428! max:(0.7837837837837838, 'c1ccc(-c2ccccc2)cc1'), min:(0.48333333333333334, 'C#Cc1ccc(-c2ccccc2)cccc2c(c1)C=C2')
[7.546659708023071] Updated in round 429! max:(0.7837837837837838, 'c1ccc(-c2ccccc2)cc1'), min:(0.48333333333333334, 'C#Cc1c2c#cc(-c3cccc(-c4ccccc4)c3)c1-2')
[7.7084643840789795] Updated in round 430! max:(0.7837837837837838, 'c1ccc(-c2ccccc2)cc1'), min:(0.48333333333333334, 'C#Cc1c#cc#cc1-c1cccc(-c2ccccc2)c1')
[7.848061561584473] Updated in round 431! max:(0.7837837837837838, 'c1ccc(-c2ccccc2)cc1'), min:(0.48333333333333334, 'C#Cc1cc(-c2ccccc2)cc2c1-c1cccc-2c1')
[7.973490476608276] Updated in round 432! max:(0.7837837837837838, 'c1ccc(-c2ccccc2)cc1'), min:(0.48333333333333334, 'C#Cc1c2c(-c3cccc(-c4ccccc4)c3)c3c-2c1-3')
[8.102770805358887] Updated in round 433! max:(0.7837837837837838, 'c1ccc(-c2ccccc2)cc1'), min:(0.48333333333333334, 'C#CC1=CC2=CC1=C2c1cccc(-c2ccccc2)c1')
[8.380733013153076] Updated in round 434! max:(0.7837837837837838, 'c1ccc(-c2ccccc2)cc1'), min:(0.48333333333333334, 'C#Cc1c2ccc-2c1-c1cccc(-c2ccccc2)c1')
[8.465841054916382] Updated in round 435! max:(0.7837837837837838, 'c1ccc(-c2ccccc2)cc1'), min:(0.48333333333333334, 'C=Cc1c#cc2c(-c3cccc(-c4ccccc4)c3)c1-2')
[8.553884029388428] Updated in round 436! max:(0.7837837837837838, 'c1ccc(-c2ccccc2)cc1'), min:(0.48333333333333334, 'C#Cc1cccc(-c2cccc(-c3ccccc3)c2)c1')
[8.728871583938599] Updated in round 437! max:(0.7837837837837838, 'c1ccc(-c2ccccc2)cc1'), min:(0.48333333333333334, 'C#CC=C1C=CC=C1c1cccc(-c2ccccc2)c1')
[8.937029123306274] Updated in round 438! max:(0.7837837837837838, 'c1ccc(-c2ccccc2)cc1'), min:(0.48333333333333334, 'C#CC=C1C2=C1C(c1cccc(-c3ccccc3)c1)=C2')
[9.052105188369751] Updated in round 439! max:(0.7837837837837838, 'c1ccc(-c2ccccc2)cc1'), min:(0.48333333333333334, 'C#CC#CC1=C(c2cccc(-c3ccccc3)c2)C=C1')
[9.11975908279419] Updated in round 440! max:(0.7837837837837838, 'c1ccc(-c2ccccc2)cc1'), min:(0.4838709677419355, 'C#CC(=C)c1cccc(-c2ccccc2)cccc(=C)c1=C')
[9.216167688369751] Updated in round 441! max:(0.7837837837837838, 'c1ccc(-c2ccccc2)cc1'), min:(0.49019607843137253, 'C#Cc1cccc(C=C)c1-c1ccccc1')
[9.316534519195557] Updated in round 442! max:(0.7837837837837838, 'c1ccc(-c2ccccc2)cc1'), min:(0.49019607843137253, 'C#Cc1ccc(-c2ccccc2)cc1C=C')
[9.569184064865112] Updated in round 443! max:(0.7837837837837838, 'c1ccc(-c2ccccc2)cc1'), min:(0.4915254237288136, 'C=C1C=C1c1ccccc(-c2ccccc2)cccc1')
[10.428739547729492] Updated in round 444! max:(0.7837837837837838, 'c1ccc(-c2ccccc2)cc1'), min:(0.4915254237288136, 'C=Cc1cccc(-c2ccccc2)ccc2c(c1)C2=C')
[10.666563987731934] Updated in round 445! max:(0.7837837837837838, 'c1ccc(-c2ccccc2)cc1'), min:(0.4915254237288136, 'C=CC=c1cc2cccc(-c3ccccc3)cc-2c1=C')
[10.996267318725586] Updated in round 446! max:(0.7837837837837838, 'c1ccc(-c2ccccc2)cc1'), min:(0.4915254237288136, 'C#CC=c1cccc(-c2ccccc2)ccc2c(=C)c1=2')
[12.461969375610352] Updated in round 447! max:(0.7837837837837838, 'c1ccc(-c2ccccc2)cc1'), min:(0.4915254237288136, 'C=Cc1c#cc(C=C)ccc(-c2ccccc2)ccc1')
[12.860252857208252] Updated in round 448! max:(0.7837837837837838, 'c1ccc(-c2ccccc2)cc1'), min:(0.4915254237288136, 'C=CC1=c2ccc(-c3ccccc3)cccc(=C)cc21')
[13.036111831665039] Updated in round 449! max:(0.7837837837837838, 'c1ccc(-c2ccccc2)cc1'), min:(0.4915254237288136, 'C=CC(=C)c1cc2ccc1-c1cccccc-2ccc1')
[13.076976776123047] Updated in round 450! max:(0.7837837837837838, 'c1ccc(-c2ccccc2)cc1'), min:(0.4915254237288136, 'C#CC(=C)c1ccc2cccc(-c3ccccc3)cc1-2')
[13.118865251541138] Updated in round 451! max:(0.7837837837837838, 'c1ccc(-c2ccccc2)cc1'), min:(0.4915254237288136, 'C=Cc1cc2cccc(-c3ccccc3)cc-2c1C=C')
[13.139165163040161] Updated in round 452! max:(0.7837837837837838, 'c1ccc(-c2ccccc2)cc1'), min:(0.4915254237288136, 'C#CC=c1ccc(-c2ccccc2)cccc2c3c1c23')
[13.143283605575562] Updated in round 453! max:(0.7837837837837838, 'c1ccc(-c2ccccc2)cc1'), min:(0.4915254237288136, 'C#CC=c1cccc(-c2ccccc2)ccc2c3c1c2-3')
[13.15807580947876] Updated in round 454! max:(0.7837837837837838, 'c1ccc(-c2ccccc2)cc1'), min:(0.4915254237288136, 'C#Cc1ccc(-c2ccccc2)cccc(=C)c2c1C=2')
[13.174566507339478] Updated in round 455! max:(0.7837837837837838, 'c1ccc(-c2ccccc2)cc1'), min:(0.4915254237288136, 'C#Cc1ccc(C=C)cccc(-c2ccccc2)cc1')
[13.194589376449585] Updated in round 456! max:(0.7837837837837838, 'c1ccc(-c2ccccc2)cc1'), min:(0.4915254237288136, 'C#Cc1cccc(-c2ccccc2)ccc(C=C)cc1')
[13.208739280700684] Updated in round 457! max:(0.7837837837837838, 'c1ccc(-c2ccccc2)cc1'), min:(0.4915254237288136, 'C#CC1=C(c2cccc(-c3ccccc3)c2)C#CC1=C')
[13.210569858551025] Updated in round 458! max:(0.7837837837837838, 'c1ccc(-c2ccccc2)cc1'), min:(0.4915254237288136, 'C#CC1=CC(=C)C(c2cccc(-c3ccccc3)c2)=C1')
[13.230968236923218] Updated in round 459! max:(0.7837837837837838, 'c1ccc(-c2ccccc2)cc1'), min:(0.4915254237288136, 'C#CC1=C2C(=C)C(c3cccc(-c4ccccc4)c3)=C12')
[13.250978231430054] Updated in round 460! max:(0.7837837837837838, 'c1ccc(-c2ccccc2)cc1'), min:(0.4915254237288136, 'C=CC1=C2C(=C2c2cccc(-c3ccccc3)c2)C1=C')
[13.254783153533936] Updated in round 461! max:(0.7837837837837838, 'c1ccc(-c2ccccc2)cc1'), min:(0.4915254237288136, 'C#CC=C1C2=CC1=C2c1cccc(-c2ccccc2)c1')
[13.286285161972046] Updated in round 462! max:(0.7837837837837838, 'c1ccc(-c2ccccc2)cc1'), min:(0.4915254237288136, 'C#CC(=C)C=C1C=C1c1cccc(-c2ccccc2)c1')
[13.307822227478027] Updated in round 463! max:(0.7837837837837838, 'c1ccc(-c2ccccc2)cc1'), min:(0.4915254237288136, 'C#CC=CC1=CC(c2cccc(-c3ccccc3)c2)=C1')
[13.332507371902466] Updated in round 464! max:(0.7837837837837838, 'c1ccc(-c2ccccc2)cc1'), min:(0.4915254237288136, 'C#CC1=C(c2cccc(-c3ccccc3)c2)C1=CC=C')
[13.37384819984436] Updated in round 465! max:(0.7837837837837838, 'c1ccc(-c2ccccc2)cc1'), min:(0.5, 'C#Cc1ccccc2cccc-2ccc(=C)c1=C')
[13.414405584335327] Updated in round 466! max:(0.7837837837837838, 'c1ccc(-c2ccccc2)cc1'), min:(0.5, 'C1=C2C3=C1C3=C(c1ccccc1)c1cccc2c1')
[13.451356887817383] Updated in round 467! max:(0.7837837837837838, 'c1ccc(-c2ccccc2)cc1'), min:(0.5, 'C1=c2c3c4c(c1c2-c1cccccc-4ccc1)=C3')
[13.53182601928711] Updated in round 468! max:(0.7837837837837838, 'c1ccc(-c2ccccc2)cc1'), min:(0.5, 'C1=Cc2cc1cc1c2-c2cccccc-1ccc2')
[13.54667615890503] Updated in round 469! max:(0.7837837837837838, 'c1ccc(-c2ccccc2)cc1'), min:(0.5, 'C1=C2C(=C1)c1cccc(-c3ccccc3)cccc2c1')
[13.569208860397339] Updated in round 470! max:(0.7837837837837838, 'c1ccc(-c2ccccc2)cc1'), min:(0.5, 'c1cc2cccc(-c3ccccc3)cccc3c2c-3c#1')
[13.592584609985352] Updated in round 471! max:(0.7837837837837838, 'c1ccc(-c2ccccc2)cc1'), min:(0.5, 'c1c#cc2cccc(-c3ccccc3)ccccc2c#1')
[13.630662679672241] Updated in round 472! max:(0.7837837837837838, 'c1ccc(-c2ccccc2)cc1'), min:(0.5, 'C1=c2c3c4cc-4c2=C1c1cccccc-3ccc1')
[13.673274040222168] Updated in round 473! max:(0.7837837837837838, 'c1ccc(-c2ccccc2)cc1'), min:(0.5, 'c1cc2c3c(c#1)=C(C=3)c1cccccc-2ccc1')
[13.752824783325195] Updated in round 474! max:(0.7837837837837838, 'c1ccc(-c2ccccc2)cc1'), min:(0.5, 'C1=c2ccc(-c3ccccc3)ccccc3c2=C13')
[13.796059131622314] Updated in round 475! max:(0.7837837837837838, 'c1ccc(-c2ccccc2)cc1'), min:(0.5, 'c1ccc(-c2cccc3ccc4cc3c4c2)cc1')
[13.824558019638062] Updated in round 476! max:(0.7837837837837838, 'c1ccc(-c2ccccc2)cc1'), min:(0.5, 'c1cccc2ccc(cc1)-c1cc3c-2c-3c1')
[13.830097436904907] Updated in round 477! max:(0.7837837837837838, 'c1ccc(-c2ccccc2)cc1'), min:(0.5, 'C1=Cc2ccc(-c3ccccc3)ccccc1c2')
[13.877722263336182] Updated in round 478! max:(0.7837837837837838, 'c1ccc(-c2ccccc2)cc1'), min:(0.5, 'C1=Cc2c1cc1cccc-1cc2-c1ccccc1')
[13.88213324546814] Updated in round 479! max:(0.7837837837837838, 'c1ccc(-c2ccccc2)cc1'), min:(0.5, 'C1=Cc2c1cc1cc(-c3ccccc3)cccc2-1')
[13.93436074256897] Updated in round 480! max:(0.7837837837837838, 'c1ccc(-c2ccccc2)cc1'), min:(0.5, 'c1ccc2cc-2cc(-c2c3cccc2-3)cc1')
[13.960007190704346] Updated in round 481! max:(0.7837837837837838, 'c1ccc(-c2ccccc2)cc1'), min:(0.5, 'c1c2cc(-c3ccccc3)cccc3c(c#1)c-3c2')
[14.003134965896606] Updated in round 482! max:(0.7837837837837838, 'c1ccc(-c2ccccc2)cc1'), min:(0.5, 'c1ccc(-c2cccccc3ccc2-3)cc1')
[14.026929378509521] Updated in round 483! max:(0.7837837837837838, 'c1ccc(-c2ccccc2)cc1'), min:(0.5, 'C1=C2C=C2C1=Cc1cccc(-c2ccccc2)c1')
[14.087532997131348] Updated in round 484! max:(0.7837837837837838, 'c1ccc(-c2ccccc2)cc1'), min:(0.5, 'C=CC1=C2C(=C)C1=C2c1cccc(-c2ccccc2)c1')
[14.134990453720093] Updated in round 485! max:(0.7837837837837838, 'c1ccc(-c2ccccc2)cc1'), min:(0.5, 'c1cc2cc(c1)-c1ccc-2cc1')
[14.168985843658447] Updated in round 486! max:(0.7837837837837838, 'c1ccc(-c2ccccc2)cc1'), min:(0.5084745762711864, 'C=C1C2=Cc3ccc(-c4ccccc4)cccc1cc32')
[14.212921142578125] Updated in round 487! max:(0.7837837837837838, 'c1ccc(-c2ccccc2)cc1'), min:(0.5084745762711864, 'C=C1C2=C1c1ccc(cc1)-c1cccccc2ccc1')
[14.238688707351685] Updated in round 488! max:(0.7837837837837838, 'c1ccc(-c2ccccc2)cc1'), min:(0.5084745762711864, 'C=C1C=Cc2ccc(cc2)-c2cccccc1ccc2')
[14.347443103790283] Updated in round 489! max:(0.7837837837837838, 'c1ccc(-c2ccccc2)cc1'), min:(0.5084745762711864, 'C1#CC(c2cccccc(-c3ccccc3)ccc2)=C1')
[14.383713006973267] Updated in round 490! max:(0.7837837837837838, 'c1ccc(-c2ccccc2)cc1'), min:(0.5084745762711864, 'C1=CC(c2ccc(-c3ccccc3)cccc3cc2-3)=C1')
[14.436074495315552] Updated in round 491! max:(0.7837837837837838, 'c1ccc(-c2ccccc2)cc1'), min:(0.5084745762711864, 'C=CC1=c2cccc(-c3ccccc3)cccc3c2=C13')
[14.488048791885376] Updated in round 492! max:(0.7837837837837838, 'c1ccc(-c2ccccc2)cc1'), min:(0.5084745762711864, 'C#CC1=Cc2ccccc(-c3ccccc3)cccc21')
[14.538739204406738] Updated in round 493! max:(0.7837837837837838, 'c1ccc(-c2ccccc2)cc1'), min:(0.5084745762711864, 'C=CC1=Cc2cccc(-c3ccccc3)cccc1c2')
[14.632189750671387] Updated in round 494! max:(0.7837837837837838, 'c1ccc(-c2ccccc2)cc1'), min:(0.5084745762711864, 'C=CC=Cc1cccccc(-c2ccccc2)ccc1')
[14.662285089492798] Updated in round 495! max:(0.7837837837837838, 'c1ccc(-c2ccccc2)cc1'), min:(0.5084745762711864, 'C=CC=Cc1c2cccc(-c3ccccc3)cccc1-2')
[14.73734712600708] Updated in round 496! max:(0.7837837837837838, 'c1ccc(-c2ccccc2)cc1'), min:(0.509090909090909, 'C=c1c#cc2cccc3cccccc-3cc1c2')
[14.802198648452759] Updated in round 497! max:(0.7837837837837838, 'c1ccc(-c2ccccc2)cc1'), min:(0.509090909090909, 'C#CC#Cc1ccccccc2ccc-2ccc1')
[15.59064269065857] Updated in round 498! max:(0.7837837837837838, 'c1ccc(-c2ccccc2)cc1'), min:(0.509090909090909, 'C=Cc1cc2cccccc-2cccc2c1=CC=2')
[15.718920230865479] Updated in round 499! max:(0.7837837837837838, 'c1ccc(-c2ccccc2)cc1'), min:(0.509090909090909, 'C#CC#Cc1ccccc2cccccc-2cc1')
[15.826181650161743] Updated in round 500! max:(0.7837837837837838, 'c1ccc(-c2ccccc2)cc1'), min:(0.509090909090909, 'C#CC=c1c2cccccc3cccc-3cc1c2')
[16.703757762908936] Updated in round 501! max:(0.7837837837837838, 'c1ccc(-c2ccccc2)cc1'), min:(0.509090909090909, 'C#Cc1cc2cccc-2cccccc2c1=CC=2')
[16.726747751235962] Updated in round 502! max:(0.7837837837837838, 'c1ccc(-c2ccccc2)cc1'), min:(0.509090909090909, 'C#CC=c1cc2cccc-2cccccc2c1=C2')
[16.913824796676636] Updated in round 503! max:(0.7837837837837838, 'c1ccc(-c2ccccc2)cc1'), min:(0.509090909090909, 'C=c1ccc2c(cccc(-c3ccccc3)c1)C=2')
[17.129671096801758] Updated in round 504! max:(0.7837837837837838, 'c1ccc(-c2ccccc2)cc1'), min:(0.509090909090909, 'C=C1C2=CC3=C(C2=C3)c2cccccc1ccc2')
[19.55633306503296] Updated in round 505! max:(0.7837837837837838, 'c1ccc(-c2ccccc2)cc1'), min:(0.509090909090909, 'C=C1C2=CC3=C1C=C3c1cccccc2ccc1')
[19.60770010948181] Updated in round 506! max:(0.7837837837837838, 'c1ccc(-c2ccccc2)cc1'), min:(0.509090909090909, 'C=c1c2cccc(-c3ccccc3)cc3c(c2)c13')
[19.85447859764099] Updated in round 507! max:(0.7837837837837838, 'c1ccc(-c2ccccc2)cc1'), min:(0.509090909090909, 'C#Cc1cc(-c2ccccc2)cccc2c#cc1-2')
[20.33299446105957] Updated in round 508! max:(0.7837837837837838, 'c1ccc(-c2ccccc2)cc1'), min:(0.509090909090909, 'C=CC1=CC2=CC=C2c2cccccc1ccc2')
[20.68893790245056] Updated in round 509! max:(0.7837837837837838, 'c1ccc(-c2ccccc2)cc1'), min:(0.509090909090909, 'C=c1c2cc(-c3ccccc3)cccc3c1cc2-3')
[20.953205108642578] Updated in round 510! max:(0.7837837837837838, 'c1ccc(-c2ccccc2)cc1'), min:(0.509090909090909, 'C=c1c2c3cc(-c4ccccc4)cccc-2c1c3')
[21.492096662521362] Updated in round 511! max:(0.7837837837837838, 'c1ccc(-c2ccccc2)cc1'), min:(0.509090909090909, 'C#Cc1cccc2cccc-2c1-c1ccccc1')
[21.69996690750122] Updated in round 512! max:(0.7837837837837838, 'c1ccc(-c2ccccc2)cc1'), min:(0.509090909090909, 'C=c1c2ccccc(-c3ccccc3)ccc1c2')
[21.84854745864868] Updated in round 513! max:(0.7837837837837838, 'c1ccc(-c2ccccc2)cc1'), min:(0.509090909090909, 'C=c1c2cc(-c3ccccc3)cccc3c(c2)c13')
[22.053346395492554] Updated in round 514! max:(0.7837837837837838, 'c1ccc(-c2ccccc2)cc1'), min:(0.509090909090909, 'C#Cc1cc2ccccc(-c3ccccc3)cc1-2')
[22.468146085739136] Updated in round 515! max:(0.7837837837837838, 'c1ccc(-c2ccccc2)cc1'), min:(0.509090909090909, 'C=Cc1cc2ccc-2cccc1-c1ccccc1')
[22.6374773979187] Updated in round 516! max:(0.7837837837837838, 'c1ccc(-c2ccccc2)cc1'), min:(0.509090909090909, 'C=Cc1ccccccc(-c2ccccc2)cc1')
[23.59769082069397] Updated in round 517! max:(0.7837837837837838, 'c1ccc(-c2ccccc2)cc1'), min:(0.509090909090909, 'C1=CC2=C1C2=Cc1cccc(-c2ccccc2)c1')
[24.962709665298462] Updated in round 518! max:(0.7837837837837838, 'c1ccc(-c2ccccc2)cc1'), min:(0.509090909090909, 'C=CC1=CC1=Cc1cccc(-c2ccccc2)c1')
[25.11190176010132] Updated in round 519! max:(0.7837837837837838, 'c1ccc(-c2ccccc2)cc1'), min:(0.5098039215686274, 'C=c1ccccc2cccc-2cc2c(c1)C=2')
[26.42223882675171] Updated in round 520! max:(0.7837837837837838, 'c1ccc(-c2ccccc2)cc1'), min:(0.5098039215686274, 'C#Cc1c2ccccc3ccc-3cccc1-2')
[28.127467393875122] Updated in round 521! max:(0.7837837837837838, 'c1ccc(-c2ccccc2)cc1'), min:(0.5098039215686274, 'C=C1c2c3ccccc4cccc-4cc-3c21')
[29.02408242225647] Updated in round 522! max:(0.7837837837837838, 'c1ccc(-c2ccccc2)cc1'), min:(0.5098039215686274, 'c1ccc(-c2ccc3c4cc3c4cc2)cc1')
[29.39617371559143] Updated in round 523! max:(0.7837837837837838, 'c1ccc(-c2ccccc2)cc1'), min:(0.5098039215686274, 'C1#CC(c2ccc(-c3ccccc3)cc2)=C1')
[29.5010826587677] Updated in round 524! max:(0.7837837837837838, 'c1ccc(-c2ccccc2)cc1'), min:(0.5098039215686274, 'C1=C2C1=C2c1ccc(-c2ccccc2)cc1')
[29.55547547340393] Updated in round 525! max:(0.7837837837837838, 'c1ccc(-c2ccccc2)cc1'), min:(0.5098039215686274, 'C1=CC(c2ccc(-c3ccccc3)cc2)=C1')
[29.591381549835205] Updated in round 526! max:(0.7837837837837838, 'c1ccc(-c2ccccc2)cc1'), min:(0.5098039215686274, 'C1=CC1=Cc1ccc(-c2ccccc2)cc1')
[29.624572038650513] No improvement found in round 527. Terminating...
