[8.726119995117188e-05]Start running EvoMol from [H][H]...
[0.0026407241821289062] Updated in round 1! max:(0.0, '[H][H]'), min:(-99999, '')
[0.003097057342529297] Updated in round 2! max:(0.0, '[H][H]'), min:(-99999, '')
[0.004343748092651367] Updated in round 3! max:(0.0975609756097561, 'C1=CC=C1'), min:(-99999, '')
[0.006709098815917969] Updated in round 4! max:(0.0975609756097561, 'C1=CC=C1'), min:(-99999, '')
[0.009111881256103516] Updated in round 5! max:(0.23255813953488372, 'c1cc2ccc1=2'), min:(-99999, '')
[0.01251220703125] Updated in round 6! max:(0.23255813953488372, 'c1cc2ccc1=2'), min:(-99999, '')
[0.015575885772705078] Updated in round 7! max:(0.23255813953488372, 'c1cc2ccc1=2'), min:(-99999, '')
[0.019816875457763672] Updated in round 8! max:(0.30434782608695654, 'C1=Cc2ccccc21'), min:(-99999, '')
[0.023789644241333008] Updated in round 9! max:(0.3111111111111111, 'C=Cc1ccccc1'), min:(-99999, '')
[0.027585983276367188] Updated in round 10! max:(0.3111111111111111, 'C=Cc1ccccc1'), min:(-99999, '')
[0.028072118759155273] Updated in round 11! max:(0.3111111111111111, 'C=Cc1ccccc1'), min:(-99999, '')
[0.03249025344848633] Updated in round 12! max:(0.35, 'c1ccccc1'), min:(-99999, '')
[0.03519392013549805] Updated in round 13! max:(0.35, 'c1ccccc1'), min:(-99999, '')
[0.04274106025695801] Updated in round 14! max:(0.35, 'c1ccccc1'), min:(-99999, '')
[0.04326128959655762] Updated in round 15! max:(0.35, 'c1ccccc1'), min:(-99999, '')
[0.04384613037109375] Updated in round 16! max:(0.41304347826086957, 'C1#CC(c2ccccc2)=C1'), min:(-99999, '')
[0.0483250617980957] Updated in round 17! max:(0.41304347826086957, 'C1#CC(c2ccccc2)=C1'), min:(-99999, '')
[0.05329108238220215] Updated in round 18! max:(0.41304347826086957, 'C1#CC(c2ccccc2)=C1'), min:(-99999, '')
[0.059308767318725586] Updated in round 19! max:(0.41304347826086957, 'C1#CC(c2ccccc2)=C1'), min:(-99999, '')
[0.06003975868225098] Updated in round 20! max:(0.41304347826086957, 'C1#CC(c2ccccc2)=C1'), min:(-99999, '')
[0.06527233123779297] Updated in round 21! max:(0.41304347826086957, 'C1#CC(c2ccccc2)=C1'), min:(-99999, '')
[0.06592035293579102] Updated in round 22! max:(0.41304347826086957, 'C1#CC(c2ccccc2)=C1'), min:(-99999, '')
[0.07336831092834473] Updated in round 23! max:(0.41304347826086957, 'C1#CC(c2ccccc2)=C1'), min:(-99999, '')
[0.08090925216674805] Updated in round 24! max:(0.41304347826086957, 'C1#CC(c2ccccc2)=C1'), min:(-99999, '')
[0.08176922798156738] Updated in round 25! max:(0.41304347826086957, 'C1#CC(c2ccccc2)=C1'), min:(-99999, '')
[0.08928489685058594] Updated in round 26! max:(0.41304347826086957, 'C1#CC(c2ccccc2)=C1'), min:(-99999, '')
[0.09009885787963867] Updated in round 27! max:(0.41304347826086957, 'C1#CC(c2ccccc2)=C1'), min:(-99999, '')
[0.09809422492980957] Updated in round 28! max:(0.41304347826086957, 'C1#CC(c2ccccc2)=C1'), min:(-99999, '')
[0.0988762378692627] Updated in round 29! max:(0.41304347826086957, 'C1#CC(c2ccccc2)=C1'), min:(-99999, '')
[0.1072230339050293] Updated in round 30! max:(0.41304347826086957, 'C1#CC(c2ccccc2)=C1'), min:(-99999, '')
[0.1081078052520752] Updated in round 31! max:(0.41304347826086957, 'C1#CC(c2ccccc2)=C1'), min:(-99999, '')
[0.1089169979095459] Updated in round 32! max:(0.41304347826086957, 'C1#CC(c2ccccc2)=C1'), min:(-99999, '')
[0.10972332954406738] Updated in round 33! max:(0.41304347826086957, 'C1#CC(c2ccccc2)=C1'), min:(-99999, '')
[0.12053775787353516] Updated in round 34! max:(0.41304347826086957, 'C1#CC(c2ccccc2)=C1'), min:(-99999, '')
[0.13243436813354492] Updated in round 35! max:(0.68, 'C1#CC(c2ccccc2)=C1c1ccccc1'), min:(-99999, '')
[0.14471197128295898] Updated in round 36! max:(0.68, 'C1#CC(c2ccccc2)=C1c1ccccc1'), min:(-99999, '')
[0.1587061882019043] Updated in round 37! max:(0.68, 'C1#CC(c2ccccc2)=C1c1ccccc1'), min:(-99999, '')
[0.15955662727355957] Updated in round 38! max:(0.68, 'C1#CC(c2ccccc2)=C1c1ccccc1'), min:(-99999, '')
[0.17195892333984375] Updated in round 39! max:(0.68, 'C1#CC(c2ccccc2)=C1c1ccccc1'), min:(-99999, '')
[0.17274951934814453] Updated in round 40! max:(0.68, 'C1#CC(c2ccccc2)=C1c1ccccc1'), min:(-99999, '')
[0.18453001976013184] Updated in round 41! max:(0.68, 'C1#CC(c2ccccc2)=C1c1ccccc1'), min:(-99999, '')
[0.18535900115966797] Updated in round 42! max:(0.68, 'C1#CC(c2ccccc2)=C1c1ccccc1'), min:(-99999, '')
[0.18616962432861328] Updated in round 43! max:(0.68, 'C1#CC(c2ccccc2)=C1c1ccccc1'), min:(-99999, '')
[0.18692922592163086] Updated in round 44! max:(0.68, 'C1#CC(c2ccccc2)=C1c1ccccc1'), min:(-99999, '')
[0.18769121170043945] Updated in round 45! max:(0.68, 'C1#CC(c2ccccc2)=C1c1ccccc1'), min:(-99999, '')
[0.19919610023498535] Updated in round 46! max:(0.68, 'C1#CC(c2ccccc2)=C1c1ccccc1'), min:(-99999, '')
[0.19997668266296387] Updated in round 47! max:(0.68, 'C1#CC(c2ccccc2)=C1c1ccccc1'), min:(-99999, '')
[0.21175646781921387] Updated in round 48! max:(0.68, 'C1#CC(c2ccccc2)=C1c1ccccc1'), min:(-99999, '')
[0.212646484375] Updated in round 49! max:(0.68, 'C1#CC(c2ccccc2)=C1c1ccccc1'), min:(-99999, '')
[0.21340370178222656] Updated in round 50! max:(0.68, 'C1#CC(c2ccccc2)=C1c1ccccc1'), min:(-99999, '')
[0.21419906616210938] Updated in round 51! max:(0.68, 'C1#CC(c2ccccc2)=C1c1ccccc1'), min:(-99999, '')
[0.21499943733215332] Updated in round 52! max:(0.68, 'C1#CC(c2ccccc2)=C1c1ccccc1'), min:(-99999, '')
[0.2158358097076416] Updated in round 53! max:(0.68, 'C1#CC(c2ccccc2)=C1c1ccccc1'), min:(-99999, '')
[0.22945952415466309] Updated in round 54! max:(0.68, 'C1#CC(c2ccccc2)=C1c1ccccc1'), min:(-99999, '')
[0.2303774356842041] Updated in round 55! max:(0.68, 'C1#CC(c2ccccc2)=C1c1ccccc1'), min:(-99999, '')
[0.23125338554382324] Updated in round 56! max:(0.68, 'C1#CC(c2ccccc2)=C1c1ccccc1'), min:(-99999, '')
[0.2321033477783203] Updated in round 57! max:(0.68, 'C1#CC(c2ccccc2)=C1c1ccccc1'), min:(-99999, '')
[0.23298120498657227] Updated in round 58! max:(0.68, 'C1#CC(c2ccccc2)=C1c1ccccc1'), min:(-99999, '')
[0.24573588371276855] Updated in round 59! max:(0.68, 'C1#CC(c2ccccc2)=C1c1ccccc1'), min:(-99999, '')
[0.260021448135376] Updated in round 60! max:(0.68, 'C1#CC(c2ccccc2)=C1c1ccccc1'), min:(-99999, '')
[0.2609560489654541] Updated in round 61! max:(0.68, 'C1#CC(c2ccccc2)=C1c1ccccc1'), min:(-99999, '')
[0.26182055473327637] Updated in round 62! max:(0.68, 'C1#CC(c2ccccc2)=C1c1ccccc1'), min:(-99999, '')
[0.2627084255218506] Updated in round 63! max:(0.68, 'C1#CC(c2ccccc2)=C1c1ccccc1'), min:(-99999, '')
[0.26350927352905273] Updated in round 64! max:(0.68, 'C1#CC(c2ccccc2)=C1c1ccccc1'), min:(-99999, '')
[0.264345645904541] Updated in round 65! max:(0.68, 'C1#CC(c2ccccc2)=C1c1ccccc1'), min:(-99999, '')
[0.2651963233947754] Updated in round 66! max:(0.68, 'C1#CC(c2ccccc2)=C1c1ccccc1'), min:(-99999, '')
[0.26598119735717773] Updated in round 67! max:(0.68, 'C1#CC(c2ccccc2)=C1c1ccccc1'), min:(-99999, '')
[0.266770601272583] Updated in round 68! max:(0.68, 'C1#CC(c2ccccc2)=C1c1ccccc1'), min:(-99999, '')
[0.28391528129577637] Updated in round 69! max:(0.68, 'C1#CC(c2ccccc2)=C1c1ccccc1'), min:(-99999, '')
[0.28489160537719727] Updated in round 70! max:(0.68, 'C1#CC(c2ccccc2)=C1c1ccccc1'), min:(-99999, '')
[0.2858588695526123] Updated in round 71! max:(0.68, 'C1#CC(c2ccccc2)=C1c1ccccc1'), min:(-99999, '')
[0.2867903709411621] Updated in round 72! max:(0.68, 'C1#CC(c2ccccc2)=C1c1ccccc1'), min:(-99999, '')
[0.28772807121276855] Updated in round 73! max:(0.68, 'C1#CC(c2ccccc2)=C1c1ccccc1'), min:(-99999, '')
[0.28861498832702637] Updated in round 74! max:(0.68, 'C1#CC(c2ccccc2)=C1c1ccccc1'), min:(-99999, '')
[0.2895781993865967] Updated in round 75! max:(0.68, 'C1#CC(c2ccccc2)=C1c1ccccc1'), min:(-99999, '')
[0.3055543899536133] Updated in round 76! max:(0.68, 'C1#CC(c2ccccc2)=C1c1ccccc1'), min:(-99999, '')
[0.3066866397857666] Updated in round 77! max:(0.68, 'C1#CC(c2ccccc2)=C1c1ccccc1'), min:(-99999, '')
[0.30769920349121094] Updated in round 78! max:(0.68, 'C1#CC(c2ccccc2)=C1c1ccccc1'), min:(-99999, '')
[0.3086714744567871] Updated in round 79! max:(0.68, 'C1#CC(c2ccccc2)=C1c1ccccc1'), min:(-99999, '')
[0.30977296829223633] Updated in round 80! max:(0.68, 'C1#CC(c2ccccc2)=C1c1ccccc1'), min:(-99999, '')
[0.3108193874359131] Updated in round 81! max:(0.68, 'C1#CC(c2ccccc2)=C1c1ccccc1'), min:(-99999, '')
[0.32773375511169434] Updated in round 82! max:(0.68, 'C1#CC(c2ccccc2)=C1c1ccccc1'), min:(-99999, '')
[0.3287851810455322] Updated in round 83! max:(0.68, 'C1#CC(c2ccccc2)=C1c1ccccc1'), min:(-99999, '')
[0.32978248596191406] Updated in round 84! max:(0.68, 'C1#CC(c2ccccc2)=C1c1ccccc1'), min:(-99999, '')
[0.33075928688049316] Updated in round 85! max:(0.68, 'C1#CC(c2ccccc2)=C1c1ccccc1'), min:(-99999, '')
[0.33166980743408203] Updated in round 86! max:(0.68, 'C1#CC(c2ccccc2)=C1c1ccccc1'), min:(-99999, '')
[0.33260393142700195] Updated in round 87! max:(0.68, 'C1#CC(c2ccccc2)=C1c1ccccc1'), min:(-99999, '')
[0.3335072994232178] Updated in round 88! max:(0.68, 'C1#CC(c2ccccc2)=C1c1ccccc1'), min:(-99999, '')
[0.33440446853637695] Updated in round 89! max:(0.68, 'C1#CC(c2ccccc2)=C1c1ccccc1'), min:(-99999, '')
[0.3352956771850586] Updated in round 90! max:(0.68, 'C1#CC(c2ccccc2)=C1c1ccccc1'), min:(-99999, '')
[0.34966206550598145] Updated in round 91! max:(0.68, 'C1#CC(c2ccccc2)=C1c1ccccc1'), min:(-99999, '')
[0.3505985736846924] Updated in round 92! max:(0.68, 'C1#CC(c2ccccc2)=C1c1ccccc1'), min:(-99999, '')
[0.3514418601989746] Updated in round 93! max:(0.68, 'C1#CC(c2ccccc2)=C1c1ccccc1'), min:(-99999, '')
[0.35230255126953125] Updated in round 94! max:(0.68, 'C1#CC(c2ccccc2)=C1c1ccccc1'), min:(-99999, '')
[0.3532264232635498] Updated in round 95! max:(0.68, 'C1#CC(c2ccccc2)=C1c1ccccc1'), min:(-99999, '')
[0.3541116714477539] Updated in round 96! max:(0.68, 'C1#CC(c2ccccc2)=C1c1ccccc1'), min:(-99999, '')
[0.35492610931396484] Updated in round 97! max:(0.68, 'C1#CC(c2ccccc2)=C1c1ccccc1'), min:(-99999, '')
[0.35575389862060547] Updated in round 98! max:(0.68, 'C1#CC(c2ccccc2)=C1c1ccccc1'), min:(-99999, '')
[0.35654377937316895] Updated in round 99! max:(0.68, 'C1#CC(c2ccccc2)=C1c1ccccc1'), min:(-99999, '')
[0.36836814880371094] Updated in round 100! max:(0.68, 'C1#CC(c2ccccc2)=C1c1ccccc1'), min:(-99999, '')
[0.369276762008667] Updated in round 101! max:(0.68, 'C1#CC(c2ccccc2)=C1c1ccccc1'), min:(-99999, '')
[0.3701357841491699] Updated in round 102! max:(0.68, 'C1#CC(c2ccccc2)=C1c1ccccc1'), min:(0.0, 'C=CC=CC=CC=C')
[0.37097668647766113] Updated in round 103! max:(0.68, 'C1#CC(c2ccccc2)=C1c1ccccc1'), min:(0.0, 'C=CC=C')
[0.3718247413635254] Updated in round 104! max:(0.68, 'C1#CC(c2ccccc2)=C1c1ccccc1'), min:(0.029850746268656716, 'C#CC1=C(C(C=C)=CC=C)C#C1')
[0.3840901851654053] Updated in round 105! max:(0.68, 'C1#CC(c2ccccc2)=C1c1ccccc1'), min:(0.041666666666666664, 'C=CC=C(C=C)C1=C(C2=C3C=C32)C#C1')
[0.39670825004577637] Updated in round 106! max:(0.68, 'C1#CC(c2ccccc2)=C1c1ccccc1'), min:(0.05555555555555555, 'C=CC1=C2C=C1C2=C')
[0.39758872985839844] Updated in round 107! max:(0.68, 'C1#CC(c2ccccc2)=C1c1ccccc1'), min:(0.06666666666666667, 'C#Cc1cc2c(C=C)cc1=2')
[0.39850878715515137] Updated in round 108! max:(0.68, 'C1#CC(c2ccccc2)=C1c1ccccc1'), min:(0.07407407407407407, 'C=CC=CC1=CC=C1')
[0.3993971347808838] Updated in round 109! max:(0.68, 'C1#CC(c2ccccc2)=C1c1ccccc1'), min:(0.08333333333333333, 'C=C1C2=CC=C12')
[0.4003264904022217] Updated in round 110! max:(0.68, 'C1#CC(c2ccccc2)=C1c1ccccc1'), min:(0.10416666666666667, 'C=C1C=CC=C1')
[0.40123748779296875] Updated in round 111! max:(0.68, 'C1#CC(c2ccccc2)=C1c1ccccc1'), min:(0.11764705882352941, 'C=C1C=C1C1=C(c2cc3cc-3c2)C#C1')
[0.4021759033203125] Updated in round 112! max:(0.68, 'C1#CC(c2ccccc2)=C1c1ccccc1'), min:(0.12698412698412698, 'C=CC1=C(c2c3cccc2-3)C#C1')
[0.40308523178100586] Updated in round 113! max:(0.68, 'C1#CC(c2ccccc2)=C1c1ccccc1'), min:(0.13432835820895522, 'C=C1C=C1C1=C(c2c3cccc2-3)C#C1')
[0.40397143363952637] Updated in round 114! max:(0.68, 'C1#CC(c2ccccc2)=C1c1ccccc1'), min:(0.14285714285714285, 'C#CC(=C)c1ccc2cc1-2')
[0.4170365333557129] Updated in round 115! max:(0.68, 'C1#CC(c2ccccc2)=C1c1ccccc1'), min:(0.1506849315068493, 'c1c2c3cccc(c3)c3cc4c(cc34)c2c#1')
[0.41797399520874023] Updated in round 116! max:(0.68, 'C1#CC(c2ccccc2)=C1c1ccccc1'), min:(0.15714285714285714, 'C=CC(=C)C1=C(c2ccc(C=C)cc2)C#C1')
[0.4189732074737549] Updated in round 117! max:(0.68, 'C1#CC(c2ccccc2)=C1c1ccccc1'), min:(0.16363636363636364, 'C#Cc1cccc(C=C)c1')
[0.431044340133667] Updated in round 118! max:(0.68, 'C1#CC(c2ccccc2)=C1c1ccccc1'), min:(0.16666666666666666, 'c1c2c3cccc(c3)c3cc(c3)c=2c#1')
[0.43204522132873535] Updated in round 119! max:(0.68, 'C1#CC(c2ccccc2)=C1c1ccccc1'), min:(0.16923076923076924, 'C#Cc1cccc(C2=C(C=C)C#C2)c1')
[0.4329800605773926] Updated in round 120! max:(0.68, 'C1#CC(c2ccccc2)=C1c1ccccc1'), min:(0.17391304347826086, 'C#Cc1ccc(C2=C(C3=CC3=C)C#C2)cc1')
[0.4338963031768799] Updated in round 121! max:(0.68, 'C1#CC(c2ccccc2)=C1c1ccccc1'), min:(0.18181818181818182, 'C#Cc1cccc2c1C=C2')
[0.446012020111084] Updated in round 122! max:(0.68, 'C1#CC(c2ccccc2)=C1c1ccccc1'), min:(0.18518518518518517, 'C=Cc1ccc(C=C)cc1')
[0.44709205627441406] Updated in round 123! max:(0.68, 'C1#CC(c2ccccc2)=C1c1ccccc1'), min:(0.18840579710144928, 'C=CC=CC(=C)c1c#cccccc2cc1-2')
[0.44808340072631836] Updated in round 124! max:(0.68, 'C1#CC(c2ccccc2)=C1c1ccccc1'), min:(0.18840579710144928, 'C#Cc1ccccc1C1=C(C2=C3C=C32)C#C1')
[0.44907259941101074] Updated in round 125! max:(0.68, 'C1#CC(c2ccccc2)=C1c1ccccc1'), min:(0.19117647058823528, 'C=Cc1ccccc1C1=C(C2=CC2=C)C#C1')
[0.4499490261077881] Updated in round 126! max:(0.68, 'C1#CC(c2ccccc2)=C1c1ccccc1'), min:(0.1917808219178082, 'C#CC(=C)C#CC(=CC=CC=C)c1ccccc1')
[0.4635598659515381] Updated in round 127! max:(0.68, 'C1#CC(c2ccccc2)=C1c1ccccc1'), min:(0.2, 'c1c2ccc3ccc(cc3)c=2c#1')
[0.4645552635192871] Updated in round 128! max:(0.68, 'C1#CC(c2ccccc2)=C1c1ccccc1'), min:(0.2037037037037037, 'C#Cc1cc2ccc1cc2')
[0.4656260013580322] Updated in round 129! max:(0.68, 'C1#CC(c2ccccc2)=C1c1ccccc1'), min:(0.20588235294117646, 'C=CC=CC#CC(=CC=C)c1ccccc1')
[0.4667825698852539] Updated in round 130! max:(0.68, 'C1#CC(c2ccccc2)=C1c1ccccc1'), min:(0.20689655172413793, 'C#Cc1cccc(C2=CC#C2)c1')
[0.4833991527557373] Updated in round 131! max:(0.68, 'C1#CC(c2ccccc2)=C1c1ccccc1'), min:(0.21052631578947367, 'C#CC(=C)c1ccccc1C=C')
[0.4844706058502197] Updated in round 132! max:(0.68, 'C1#CC(c2ccccc2)=C1c1ccccc1'), min:(0.2191780821917808, 'C=C1c2c#cc3cc(cccc21)c1cccc3c1')
[0.4854898452758789] Updated in round 133! max:(0.68, 'C1#CC(c2ccccc2)=C1c1ccccc1'), min:(0.2222222222222222, 'C1#CC2=C1C(=C1C=C1)c1ccccc12')
[0.48653674125671387] Updated in round 134! max:(0.68, 'C1#CC(c2ccccc2)=C1c1ccccc1'), min:(0.22535211267605634, 'C#Cc1cc#cc(C(=C)C=CC=C)ccccc1')
[0.4875752925872803] Updated in round 135! max:(0.68, 'C1#CC(c2ccccc2)=C1c1ccccc1'), min:(0.22641509433962265, 'C=C1C#Cc2ccccc21')
[0.48856496810913086] Updated in round 136! max:(0.68, 'C1#CC(c2ccccc2)=C1c1ccccc1'), min:(0.2328767123287671, 'C1#CC2=C(C#C2)C2=CC=CC=C1c1cccc2c1')
[0.48956847190856934] Updated in round 137! max:(0.68, 'C1#CC(c2ccccc2)=C1c1ccccc1'), min:(0.23529411764705882, 'c1c2c3cccc(c3)c3cccc(c3)c=2c#1')
[0.49056410789489746] Updated in round 138! max:(0.68, 'C1#CC(c2ccccc2)=C1c1ccccc1'), min:(0.23809523809523808, 'c1cc2cc(c1)c1ccc3cc2-c3c1')
[0.4915740489959717] Updated in round 139! max:(0.68, 'C1#CC(c2ccccc2)=C1c1ccccc1'), min:(0.23943661971830985, 'C=CC=CC(=C)c1c#cc2c(ccccc1)C=C2')
[0.4925546646118164] Updated in round 140! max:(0.68, 'C1#CC(c2ccccc2)=C1c1ccccc1'), min:(0.25, 'c1c2c#cc2c2ccccc(c#1)c1ccc2cc1')
[0.5055947303771973] Updated in round 141! max:(0.68, 'C1#CC(c2ccccc2)=C1c1ccccc1'), min:(0.25, 'C=CC#CC(=C)c1ccccc1')
[0.5064520835876465] Updated in round 142! max:(0.68, 'C1#CC(c2ccccc2)=C1c1ccccc1'), min:(0.2535211267605634, 'C=CC1=CC#CC2=CC=CC=C1c1cccc2c1')
[0.507845401763916] Updated in round 143! max:(0.68, 'C1#CC(c2ccccc2)=C1c1ccccc1'), min:(0.2537313432835821, 'c1ccccc2c3c4ccc(cc4)c(c#1)c23')
[0.5087690353393555] Updated in round 144! max:(0.68, 'C1#CC(c2ccccc2)=C1c1ccccc1'), min:(0.2537313432835821, 'c1c2cc3cccc(c3c#1)-c1ccc-2cc1')
[0.5220000743865967] Updated in round 145! max:(0.68, 'C1#CC(c2ccccc2)=C1c1ccccc1'), min:(0.25757575757575757, 'C#CC1=CC=CC=CC=Cc2cccc1c2')
[0.5233078002929688] Updated in round 146! max:(0.68, 'C1#CC(c2ccccc2)=C1c1ccccc1'), min:(0.2608695652173913, 'C=CC=CC(=C)c1c#cc(C=C)cccccc1')
[0.5245094299316406] Updated in round 147! max:(0.68, 'C1#CC(c2ccccc2)=C1c1ccccc1'), min:(0.26666666666666666, 'C#CC(=Cc1ccccc1)C1=C2C=C21')
[0.525550365447998] Updated in round 148! max:(0.68, 'C1#CC(c2ccccc2)=C1c1ccccc1'), min:(0.2714285714285714, 'C=Cc1c#cc2ccccc(c1)c1ccc2cc1')
[0.5413293838500977] Updated in round 149! max:(0.68, 'C1#CC(c2ccccc2)=C1c1ccccc1'), min:(0.2727272727272727, 'c1c2c3ccccc3c=2c2ccc(c#1)cc2')
[0.5422086715698242] Updated in round 150! max:(0.6938775510204082, 'C=C1C(c2ccccc2)=C1c1ccccc1'), min:(0.2727272727272727, 'c1c2ccccc3c(c#1)c3c1ccc2cc1')
[0.55660080909729] Updated in round 151! max:(0.6938775510204082, 'C=C1C(c2ccccc2)=C1c1ccccc1'), min:(0.27450980392156865, 'C=CC=Cc1ccccc1')
[0.5576980113983154] Updated in round 152! max:(0.6938775510204082, 'C=C1C(c2ccccc2)=C1c1ccccc1'), min:(0.27692307692307694, 'C#CC1=C2c3ccc(cc31)-c1ccccc12')
[0.5724155902862549] Updated in round 153! max:(0.6938775510204082, 'C=C1C(c2ccccc2)=C1c1ccccc1'), min:(0.2786885245901639, 'C1=C2c3ccc(cc3)-c3cc1cc2c3')
[0.57326340675354] Updated in round 154! max:(0.6938775510204082, 'C=C1C(c2ccccc2)=C1c1ccccc1'), min:(0.28125, 'C=CC=C(C=C)C1=C(c2ccccc2)C#C1')
[0.5906951427459717] Updated in round 155! max:(0.6938775510204082, 'C=C1C(c2ccccc2)=C1c1ccccc1'), min:(0.2857142857142857, 'C#CC1=C(c2ccccc2)C(=CC=C)C1=C')
[0.5917348861694336] Updated in round 156! max:(0.6938775510204082, 'C=C1C(c2ccccc2)=C1c1ccccc1'), min:(0.288135593220339, 'C#CC(=Cc1ccccc1)C=C1C=C1')
[0.5930750370025635] Updated in round 157! max:(0.6938775510204082, 'C=C1C(c2ccccc2)=C1c1ccccc1'), min:(0.2898550724637681, 'C=C1c2c#cc3ccc(ccc21)-c1cccc-3c1')
[0.6120057106018066] Updated in round 158! max:(0.6938775510204082, 'C=C1C(c2ccccc2)=C1c1ccccc1'), min:(0.2923076923076923, 'c1cc2ccccc2c(-c2cc3ccc2-3)c#1')
[0.6130774021148682] Updated in round 159! max:(0.6938775510204082, 'C=C1C(c2ccccc2)=C1c1ccccc1'), min:(0.2923076923076923, 'c1ccccc2cc-2c(-c2c3cccc2-3)c#1')
[0.6142482757568359] Updated in round 160! max:(0.6938775510204082, 'C=C1C(c2ccccc2)=C1c1ccccc1'), min:(0.2923076923076923, 'c1c2cc-2cc2ccc(c#1)c1ccccc21')
[0.6335968971252441] Updated in round 161! max:(0.6938775510204082, 'C=C1C(c2ccccc2)=C1c1ccccc1'), min:(0.2923076923076923, 'c1cccc2cccc(c#1)c1cccc2c1')
[0.6348435878753662] Updated in round 162! max:(0.6938775510204082, 'C=C1C(c2ccccc2)=C1c1ccccc1'), min:(0.2923076923076923, 'C1#CC(c2c3cc4c-3c2-4)=C1c1ccccc1')
[0.6359286308288574] Updated in round 163! max:(0.6938775510204082, 'C=C1C(c2ccccc2)=C1c1ccccc1'), min:(0.296875, 'C#CC1=CC1=CC1=C(c2ccccc2)C#C1')
[0.6370196342468262] Updated in round 164! max:(0.6938775510204082, 'C=C1C(c2ccccc2)=C1c1ccccc1'), min:(0.3, 'C1=c2c3cc(ccc31)c1ccccc21')
[0.6380636692047119] Updated in round 165! max:(0.6938775510204082, 'C=C1C(c2ccccc2)=C1c1ccccc1'), min:(0.30158730158730157, 'C=Cc1c#cc(-c2ccccc2)cc1C=C')
[0.6544861793518066] Updated in round 166! max:(0.6938775510204082, 'C=C1C(c2ccccc2)=C1c1ccccc1'), min:(0.3050847457627119, 'C=CC#CC1=C(c2ccccc2)C#C1')
[0.655630350112915] Updated in round 167! max:(0.6938775510204082, 'C=C1C(c2ccccc2)=C1c1ccccc1'), min:(0.3088235294117647, 'C=CC1=CC2=C1c1cccc(c1)-c1ccc2cc1')
[0.6565468311309814] Updated in round 168! max:(0.6938775510204082, 'C=C1C(c2ccccc2)=C1c1ccccc1'), min:(0.3088235294117647, 'C=C1c2c#cc3cc(cccc21)-c1ccccc1-3')
[0.6575956344604492] Updated in round 169! max:(0.6938775510204082, 'C=C1C(c2ccccc2)=C1c1ccccc1'), min:(0.3103448275862069, 'C#CC(=Cc1ccccc1)C1=CC=C1')
[0.6738705635070801] Updated in round 170! max:(0.6938775510204082, 'C=C1C(c2ccccc2)=C1c1ccccc1'), min:(0.3125, 'c1cc2ccc3cc-3c(c#1)-c1ccccc1-2')
[0.6930074691772461] Updated in round 171! max:(0.6938775510204082, 'C=C1C(c2ccccc2)=C1c1ccccc1'), min:(0.3125, 'c1c2cc3cccc(c3c#1)-c1cccc-2c1')
[0.6943795680999756] Updated in round 172! max:(0.6938775510204082, 'C=C1C(c2ccccc2)=C1c1ccccc1'), min:(0.31343283582089554, 'C#CC(=Cc1ccccc1)c1ccc(C=C)cc1')
[0.7120804786682129] Updated in round 173! max:(0.6938775510204082, 'C=C1C(c2ccccc2)=C1c1ccccc1'), min:(0.31746031746031744, 'C=CC=C1C=Cc2c#cc1cccccc2')
[0.7135331630706787] Updated in round 174! max:(0.6938775510204082, 'C=C1C(c2ccccc2)=C1c1ccccc1'), min:(0.31746031746031744, 'C#CC1=CC=C1C1=C(c2ccccc2)C#C1')
[0.7325701713562012] Updated in round 175! max:(0.6938775510204082, 'C=C1C(c2ccccc2)=C1c1ccccc1'), min:(0.3220338983050847, 'C1=C(c2c3cccc2-3)c2ccccc21')
[0.7338075637817383] Updated in round 176! max:(0.6938775510204082, 'C=C1C(c2ccccc2)=C1c1ccccc1'), min:(0.3225806451612903, 'C=CC(=C1C=C1)C1=C(c2ccccc2)C#C1')
[0.7498154640197754] Updated in round 177! max:(0.6938775510204082, 'C=C1C(c2ccccc2)=C1c1ccccc1'), min:(0.3235294117647059, 'c1c2c3cccccc(c#1)c1ccc(cc1)cc2-3')
[0.7678263187408447] Updated in round 178! max:(0.6938775510204082, 'C=C1C(c2ccccc2)=C1c1ccccc1'), min:(0.3283582089552239, 'C1=CC1=C1C2=C1c1ccccc1-c1ccc2cc1')
[0.7692067623138428] Updated in round 179! max:(0.6938775510204082, 'C=C1C(c2ccccc2)=C1c1ccccc1'), min:(0.3283582089552239, 'C#CC=C1C2=C1c1cccc(c1)-c1cccc2c1')
[0.7702195644378662] Updated in round 180! max:(0.6938775510204082, 'C=C1C(c2ccccc2)=C1c1ccccc1'), min:(0.3283582089552239, 'C#Cc1ccc(-c2c#cc3cccccc2-3)cc1')
[0.7711734771728516] Updated in round 181! max:(0.6938775510204082, 'C=C1C(c2ccccc2)=C1c1ccccc1'), min:(0.3283582089552239, 'C=Cc1cc#cc(-c2ccc3cc2-3)ccccc1')
[0.7721376419067383] Updated in round 182! max:(0.75, 'c1ccccc(-c2ccccc2)cccc1'), min:(0.3333333333333333, 'c1ccc2c(c1)cc1cc2c2cccc1c2')
[0.7899014949798584] Updated in round 183! max:(0.75, 'c1ccccc(-c2ccccc2)cccc1'), min:(0.3333333333333333, 'C#CC(=Cc1cccc(C#C)c1)c1ccccc1')
[0.790818452835083] Updated in round 184! max:(0.75, 'c1ccccc(-c2ccccc2)cccc1'), min:(0.3333333333333333, 'c1cc2cccc-2c2c(c#1)-c1ccccc1-2')
[0.7916724681854248] Updated in round 185! max:(0.75, 'c1ccccc(-c2ccccc2)cccc1'), min:(0.3333333333333333, 'c1c2cc3cccc-2c(c#1)-c1cccc-3c1')
[0.7925012111663818] Updated in round 186! max:(0.75, 'c1ccccc(-c2ccccc2)cccc1'), min:(0.3380281690140845, 'C#Cc1ccc(-c2ccccc2)c#cc2c(cc1)C#C2')
[0.7933061122894287] Updated in round 187! max:(0.75, 'c1ccccc(-c2ccccc2)cccc1'), min:(0.3387096774193548, 'C#CC1=C(c2ccccc2)c2c1cc1cc2-1')
[0.8105952739715576] Updated in round 188! max:(0.75, 'c1ccccc(-c2ccccc2)cccc1'), min:(0.3387096774193548, 'C=Cc1cccc(C2=Cc3cccc2c3)c1')
[0.8114790916442871] Updated in round 189! max:(0.75, 'c1ccccc(-c2ccccc2)cccc1'), min:(0.34285714285714286, 'C#Cc1cccc(-c2c#cc3c(ccccc2)C3=C)c1')
[0.8124935626983643] Updated in round 190! max:(0.75, 'c1ccccc(-c2ccccc2)cccc1'), min:(0.34328358208955223, 'c1c2cc(cccc3c(c#1)C=C3)-c1ccccc1-2')
[0.8134808540344238] Updated in round 191! max:(0.75, 'c1ccccc(-c2ccccc2)cccc1'), min:(0.34328358208955223, 'C1#Cc2ccc(cc2)-c2c#ccc1ccccc2')
[0.8309566974639893] Updated in round 192! max:(0.75, 'c1ccccc(-c2ccccc2)cccc1'), min:(0.34328358208955223, 'c1cc2cccccc(c#1)-c1ccc(cc1)C=C2')
[0.8320634365081787] Updated in round 193! max:(0.75, 'c1ccccc(-c2ccccc2)cccc1'), min:(0.3484848484848485, 'C=Cc1ccc(-c2ccc3ccccc3c2)cc1')
[0.8330483436584473] Updated in round 194! max:(0.75, 'c1ccccc(-c2ccccc2)cccc1'), min:(0.3484848484848485, 'C=Cc1ccccc1-c1c#ccc2ccccc12')
[0.8342459201812744] Updated in round 195! max:(0.75, 'c1ccccc(-c2ccccc2)cccc1'), min:(0.3484848484848485, 'C#Cc1cc#cc2c(cccc1)-c1ccccc1-2')
[0.8354082107543945] Updated in round 196! max:(0.75, 'c1ccccc(-c2ccccc2)cccc1'), min:(0.3484848484848485, 'C=c1c2c#cc(-c3ccccc3)c3cc3ccc12')
[0.8362829685211182] Updated in round 197! max:(0.75, 'c1ccccc(-c2ccccc2)cccc1'), min:(0.3484848484848485, 'C#Cc1c#cc2ccc(ccc1)-c1cccc-2c1')
[0.8533952236175537] Updated in round 198! max:(0.75, 'c1ccccc(-c2ccccc2)cccc1'), min:(0.35384615384615387, 'C#CC1=C(c2ccccc2C=C)c2cccc1c2')
[0.8545975685119629] Updated in round 199! max:(0.75, 'c1ccccc(-c2ccccc2)cccc1'), min:(0.3548387096774194, 'c1ccc2c(c1)-c1ccc3ccc-2cc3c1')
[0.8559608459472656] Updated in round 200! max:(0.75, 'c1ccccc(-c2ccccc2)cccc1'), min:(0.3548387096774194, 'c1c2c3ccccc3c(c#1)c1ccccc21')
[0.85695481300354] Updated in round 201! max:(0.75, 'c1ccccc(-c2ccccc2)cccc1'), min:(0.3548387096774194, 'c1c(-c2ccccc2)cc2cc3cc-3c2c#1')
[0.8745968341827393] Updated in round 202! max:(0.75, 'c1ccccc(-c2ccccc2)cccc1'), min:(0.35714285714285715, 'C#Cc1ccc(-c2ccccc2)c#cc2c(cc1)C=C2')
[0.8759679794311523] Updated in round 203! max:(0.75, 'c1ccccc(-c2ccccc2)cccc1'), min:(0.35714285714285715, 'C=CC=CC1=CC(c2ccccc2)=C1')
[0.8774368762969971] Updated in round 204! max:(0.75, 'c1ccccc(-c2ccccc2)cccc1'), min:(0.36065573770491804, 'C=C1C=CC=Cc2c#cc1cccccc2')
[0.8786435127258301] Updated in round 205! max:(0.75, 'c1ccccc(-c2ccccc2)cccc1'), min:(0.36231884057971014, 'C#Cc1ccc(C2=C(c3ccccc3)C3=C2C3=C)cc1')
[0.8797965049743652] Updated in round 206! max:(0.75, 'c1ccccc(-c2ccccc2)cccc1'), min:(0.36231884057971014, 'C#Cc1cc#cc(-c2ccccc2)ccc(C=C)cc1')
[0.8807156085968018] Updated in round 207! max:(0.75, 'c1ccccc(-c2ccccc2)cccc1'), min:(0.36231884057971014, 'C#Cc1ccc(-c2ccccc2)c#ccc(C=C)cc1')
[0.9004898071289062] Updated in round 208! max:(0.75, 'c1ccccc(-c2ccccc2)cccc1'), min:(0.36363636363636365, 'c1c2ccccc(c3ccc3c#1)c1ccccc21')
[0.9016096591949463] Updated in round 209! max:(0.75, 'c1ccccc(-c2ccccc2)cccc1'), min:(0.36666666666666664, 'C#CC1=C(c2ccccc2)C=CC=CC1=C')
[0.9027879238128662] Updated in round 210! max:(0.75, 'c1ccccc(-c2ccccc2)cccc1'), min:(0.3684210526315789, 'C(=Cc1c2cccc1-2)c1ccccc1')
[0.9038681983947754] Updated in round 211! max:(0.75, 'c1ccccc(-c2ccccc2)cccc1'), min:(0.36923076923076925, 'C1#CC1=C1C(c2ccccc2)=C1c1cc2ccc1-2')
[0.90478515625] Updated in round 212! max:(0.75, 'c1ccccc(-c2ccccc2)cccc1'), min:(0.36923076923076925, 'C=CC=C1C(c2ccccc2)=C1c1c2cccc1-2')
[0.9059953689575195] Updated in round 213! max:(0.75, 'c1ccccc(-c2ccccc2)cccc1'), min:(0.36923076923076925, 'C=Cc1cccc#cc(-c2ccccc2)c2cc1-2')
[0.928847074508667] Updated in round 214! max:(0.75, 'c1ccccc(-c2ccccc2)cccc1'), min:(0.36923076923076925, 'C#Cc1ccccc1-c1c#ccc2cccc-2c1')
[0.930109977722168] Updated in round 215! max:(0.75, 'c1ccccc(-c2ccccc2)cccc1'), min:(0.36923076923076925, 'C=Cc1c#cc(-c2ccc3cc2-3)cccccc1')
[0.931485652923584] Updated in round 216! max:(0.75, 'c1ccccc(-c2ccccc2)cccc1'), min:(0.36923076923076925, 'C#Cc1ccc2c#cc(-c3ccccc3)cc2c1')
[0.9327118396759033] Updated in round 217! max:(0.75, 'c1ccccc(-c2ccccc2)cccc1'), min:(0.375, 'C#CC1=C(c2ccccc2)c2c(C#C)cccc21')
[0.9340159893035889] Updated in round 218! max:(0.75, 'c1ccccc(-c2ccccc2)cccc1'), min:(0.37681159420289856, 'C#Cc1ccc(-c2c(-c3ccccc3)c3ccc2=3)cc1')
[0.9351098537445068] Updated in round 219! max:(0.75, 'c1ccccc(-c2ccccc2)cccc1'), min:(0.3770491803278688, 'c1ccc2c3ccc(cc3)c2cc2cc-2c1')
[0.9363577365875244] Updated in round 220! max:(0.75, 'c1ccccc(-c2ccccc2)cccc1'), min:(0.3770491803278688, 'c1c2ccc-2c2cc-2c(-c2ccccc2)c#1')
[0.9376819133758545] Updated in round 221! max:(0.75, 'c1ccccc(-c2ccccc2)cccc1'), min:(0.3770491803278688, 'c1c(-c2ccccc2)c2c(c#1)ccc1cc12')
[0.9606130123138428] Updated in round 222! max:(0.75, 'c1ccccc(-c2ccccc2)cccc1'), min:(0.38235294117647056, 'C#CC1=CC(c2ccccc2)=C1c1ccc(C=C)cc1')
[0.96189284324646] Updated in round 223! max:(0.75, 'c1ccccc(-c2ccccc2)cccc1'), min:(0.38235294117647056, 'C#Cc1cc#cc(-c2ccccc2)cccc(C#C)c1')
[0.9630162715911865] Updated in round 224! max:(0.75, 'c1ccccc(-c2ccccc2)cccc1'), min:(0.38235294117647056, 'C#Cc1cccc(C=C)cc#cc(-c2ccccc2)c1')
[0.9642720222473145] Updated in round 225! max:(0.75, 'c1ccccc(-c2ccccc2)cccc1'), min:(0.38333333333333336, 'C=C1C=CC=CC=C(c2ccccc2)C=C1')
[0.9654233455657959] Updated in round 226! max:(0.75, 'c1ccccc(-c2ccccc2)cccc1'), min:(0.38333333333333336, 'C=Cc1cc2cc(c1)C(c1ccccc1)=C2')
[0.9666793346405029] Updated in round 227! max:(0.75, 'c1ccccc(-c2ccccc2)cccc1'), min:(0.38461538461538464, 'c1c2c(ccccc3c(c#1)-c1cccc-3c1)C=C2')
[0.9864537715911865] Updated in round 228! max:(0.75, 'c1ccccc(-c2ccccc2)cccc1'), min:(0.390625, 'C=Cc1ccccc2cc(cc1)-c1ccc-2cc1')
[0.9875972270965576] Updated in round 229! max:(0.75, 'c1ccccc(-c2ccccc2)cccc1'), min:(0.390625, 'C#Cc1c2c(-c3ccccc3)c1c1cccc2c1')
[0.98854660987854] Updated in round 230! max:(0.75, 'c1ccccc(-c2ccccc2)cccc1'), min:(0.390625, 'C=CC1=CC(c2c3cccc2-3)=C1c1ccccc1')
[0.9900434017181396] Updated in round 231! max:(0.75, 'c1ccccc(-c2ccccc2)cccc1'), min:(0.390625, 'C#Cc1cccc2c(-c3ccccc3)c#ccc12')
[1.0129759311676025] Updated in round 232! max:(0.75, 'c1ccccc(-c2ccccc2)cccc1'), min:(0.390625, 'C#Cc1cccc(-c2ccccc2)c#cc2cc1-2')
[1.0142505168914795] Updated in round 233! max:(0.75, 'c1ccccc(-c2ccccc2)cccc1'), min:(0.390625, 'C=Cc1ccccc1-c1c#cc2cccccc1-2')
[1.0154163837432861] Updated in round 234! max:(0.75, 'c1ccccc(-c2ccccc2)cccc1'), min:(0.390625, 'C=Cc1c#cc2cc(cccc1)-c1ccccc1-2')
[1.0167570114135742] Updated in round 235! max:(0.75, 'c1ccccc(-c2ccccc2)cccc1'), min:(0.390625, 'C=Cc1cccccc2c#cc1c1ccccc21')
[1.0365545749664307] Updated in round 236! max:(0.75, 'c1ccccc(-c2ccccc2)cccc1'), min:(0.390625, 'C#Cc1c#cc2c(ccccc1)-c1ccccc1-2')
[1.038015604019165] Updated in round 237! max:(0.75, 'c1ccccc(-c2ccccc2)cccc1'), min:(0.390625, 'C=Cc1ccc(C2=C(c3ccccc3)C#C2)cc1')
[1.0393922328948975] Updated in round 238! max:(0.75, 'c1ccccc(-c2ccccc2)cccc1'), min:(0.3968253968253968, 'C#Cc1ccccc1C=C(C=C)c1ccccc1')
[1.0403201580047607] Updated in round 239! max:(0.75, 'c1ccccc(-c2ccccc2)cccc1'), min:(0.4, 'c1ccc2c3ccc(c1)c1ccccc1c23')
[1.0414581298828125] Updated in round 240! max:(0.75, 'c1ccccc(-c2ccccc2)cccc1'), min:(0.4, 'c1ccc2cc(-c3cc4cc-4c3)cc-2cc1')
[1.0635919570922852] Updated in round 241! max:(0.75, 'c1ccccc(-c2ccccc2)cccc1'), min:(0.4, 'c1c2cccc3c(c#1)c(-c1ccccc1)c23')
[1.0652823448181152] Updated in round 242! max:(0.75, 'c1ccccc(-c2ccccc2)cccc1'), min:(0.4, 'c1c2cc3ccc-3c-2c(-c2ccccc2)c#1')
[1.066986083984375] Updated in round 243! max:(0.75, 'c1ccccc(-c2ccccc2)cccc1'), min:(0.4, 'C1#CC(c2cc3ccc2-3)=C1c1ccccc1')
[1.0686497688293457] Updated in round 244! max:(0.75, 'c1ccccc(-c2ccccc2)cccc1'), min:(0.40298507462686567, 'C=CC=C1C(c2ccccc2)=C1c1cccc(C=C)c1')
[1.09157395362854] Updated in round 245! max:(0.75, 'c1ccccc(-c2ccccc2)cccc1'), min:(0.40625, 'c1ccc(-c2c(-c3cc4ccc3-4)c3ccc2=3)cc1')
[1.0936753749847412] Updated in round 246! max:(0.75, 'c1ccccc(-c2ccccc2)cccc1'), min:(0.40625, 'c1c(-c2ccccc2)cccc2cc3c(c#1)cc23')
[1.0954482555389404] Updated in round 247! max:(0.75, 'c1ccccc(-c2ccccc2)cccc1'), min:(0.40625, 'c1cc2cc(cccc(-c3ccccc3)c#1)C=C2')
[1.096775770187378] Updated in round 248! max:(0.75, 'c1ccccc(-c2ccccc2)cccc1'), min:(0.4067796610169492, 'C=Cc1ccc2cc1C(c1ccccc1)=C2')
[1.0987627506256104] Updated in round 249! max:(0.75, 'c1ccccc(-c2ccccc2)cccc1'), min:(0.4126984126984127, 'C=c1c2cccc(-c3ccccc3)c3cc3cc12')
[1.1166043281555176] Updated in round 250! max:(0.75, 'c1ccccc(-c2ccccc2)cccc1'), min:(0.4126984126984127, 'C=c1c2cccc1=C(c1ccccc1)C=CC=C2')
[1.1182887554168701] Updated in round 251! max:(0.75, 'c1ccccc(-c2ccccc2)cccc1'), min:(0.4126984126984127, 'C=Cc1cccccc2c(cc1)-c1ccccc1-2')
[1.1361627578735352] Updated in round 252! max:(0.75, 'c1ccccc(-c2ccccc2)cccc1'), min:(0.4126984126984127, 'C=Cc1ccc(-c2ccccc3cc-3cc2)cc1')
[1.1376829147338867] Updated in round 253! max:(0.75, 'c1ccccc(-c2ccccc2)cccc1'), min:(0.4126984126984127, 'C=Cc1c2ccccc#cc(-c3ccccc3)c1-2')
[1.1392853260040283] Updated in round 254! max:(0.75, 'c1ccccc(-c2ccccc2)cccc1'), min:(0.4126984126984127, 'C=c1c2cc#cc(-c3ccccc3)cccc1c2')
[1.1568231582641602] Updated in round 255! max:(0.75, 'c1ccccc(-c2ccccc2)cccc1'), min:(0.417910447761194, 'C#Cc1ccccc1-c1c(-c2ccccc2)c2c#cc1=2')
[1.158663272857666] Updated in round 256! max:(0.75, 'c1ccccc(-c2ccccc2)cccc1'), min:(0.41818181818181815, 'c1ccc(-c2c3ccc4cc3c24)cc1')
[1.1601042747497559] Updated in round 257! max:(0.75, 'c1ccccc(-c2ccccc2)cccc1'), min:(0.423728813559322, 'c1ccc2ccc-2c(-c2cc3cc-3c2)cc1')
[1.1795496940612793] Updated in round 258! max:(0.75, 'c1ccccc(-c2ccccc2)cccc1'), min:(0.423728813559322, 'c1ccc2c(c1)-c1cccc3cccc-3c1-2')
[1.197563886642456] Updated in round 259! max:(0.75, 'c1ccccc(-c2ccccc2)cccc1'), min:(0.423728813559322, 'c1ccc2cc-2ccc(-c2cc3cc-3c2)c1')
[1.1988718509674072] Updated in round 260! max:(0.75, 'c1ccccc(-c2ccccc2)cccc1'), min:(0.423728813559322, 'c1ccc2c(c1)-c1cc-2c2ccccc2c1')
[1.2184581756591797] Updated in round 261! max:(0.75, 'c1ccccc(-c2ccccc2)cccc1'), min:(0.42424242424242425, 'C=Cc1cccc2c(ccc(-c3ccccc3)c1)C2=C')
[1.2371597290039062] Updated in round 262! max:(0.75, 'c1ccccc(-c2ccccc2)cccc1'), min:(0.42424242424242425, 'C#Cc1ccccc1C1=C(c2ccccc2)C2=C1C2=C')
[1.239039421081543] Updated in round 263! max:(0.75, 'c1ccccc(-c2ccccc2)cccc1'), min:(0.42424242424242425, 'C#Cc1cccc(C2=C(c3ccccc3)C=C2C=C)c1')
[1.2603256702423096] Updated in round 264! max:(0.75, 'c1ccccc(-c2ccccc2)cccc1'), min:(0.42424242424242425, 'C=Cc1ccccc2c(c#cc1-c1ccccc1)C2=C')
[1.2629079818725586] Updated in round 265! max:(0.75, 'c1ccccc(-c2ccccc2)cccc1'), min:(0.42857142857142855, 'C1#Cc2cc3cc-3c(-c3ccccc3)cccc21')
[1.285491704940796] Updated in round 266! max:(0.75, 'c1ccccc(-c2ccccc2)cccc1'), min:(0.43103448275862066, 'C#Cc1c2cccc1C(c1ccccc1)=C2')
[1.308957815170288] Updated in round 267! max:(0.75, 'c1ccccc(-c2ccccc2)cccc1'), min:(0.43548387096774194, 'C=Cc1cccc(-c2ccc3cccccc2-3)c1')
[1.3124175071716309] Updated in round 268! max:(0.75, 'c1ccccc(-c2ccccc2)cccc1'), min:(0.43548387096774194, 'C=c1c2ccc(-c3ccccc3)cc3cc3cc12')
[1.315490484237671] Updated in round 269! max:(0.75, 'c1ccccc(-c2ccccc2)cccc1'), min:(0.43548387096774194, 'C#Cc1ccccccc(-c2ccc3cc2-3)cc1')
[1.3390421867370605] Updated in round 270! max:(0.75, 'c1ccccc(-c2ccccc2)cccc1'), min:(0.43548387096774194, 'C#Cc1ccccc2cc(cc1)-c1ccccc1-2')
[1.342266321182251] Updated in round 271! max:(0.75, 'c1ccccc(-c2ccccc2)cccc1'), min:(0.43548387096774194, 'C=Cc1ccccccc(-c2ccc3cc2-3)cc1')
[1.3450276851654053] Updated in round 272! max:(0.75, 'c1ccccc(-c2ccccc2)cccc1'), min:(0.43548387096774194, 'C=Cc1cccccc(-c2ccc3cc2-3)ccc1')
[1.3908026218414307] Updated in round 273! max:(0.75, 'c1ccccc(-c2ccccc2)cccc1'), min:(0.43548387096774194, 'C#Cc1cccc(-c2ccccc2)c2cccc1-2')
[1.392876386642456] Updated in round 274! max:(0.75, 'c1ccccc(-c2ccccc2)cccc1'), min:(0.43548387096774194, 'C=Cc1ccc2cc-2ccc(-c2ccccc2)c1')
[1.395249366760254] Updated in round 275! max:(0.75, 'c1ccccc(-c2ccccc2)cccc1'), min:(0.43548387096774194, 'C#Cc1ccc2ccc(-c3ccccc3)cc2c1')
[1.3976969718933105] Updated in round 276! max:(0.75, 'c1ccccc(-c2ccccc2)cccc1'), min:(0.43548387096774194, 'C=Cc1cc2cccc(-c3ccccc3)c#cc1-2')
[1.3998949527740479] Updated in round 277! max:(0.75, 'c1ccccc(-c2ccccc2)cccc1'), min:(0.43859649122807015, 'C=CC=c1ccc(-c2ccccc2)cc1=C')
[1.4274919033050537] Updated in round 278! max:(0.75, 'c1ccccc(-c2ccccc2)cccc1'), min:(0.4393939393939394, 'C#Cc1ccccc2c(ccc1-c1ccccc1)C=C2')
[1.4295430183410645] Updated in round 279! max:(0.75, 'c1ccccc(-c2ccccc2)cccc1'), min:(0.4393939393939394, 'C#Cc1ccccc2c(c#cc1-c1ccccc1)C=C2')
[1.4325625896453857] Updated in round 280! max:(0.75, 'c1ccccc(-c2ccccc2)cccc1'), min:(0.4461538461538462, 'C=CC(=C)c1cccccc2cc(c1)-c1ccccc1-2')
[1.434924840927124] Updated in round 281! max:(0.75, 'c1ccccc(-c2ccccc2)cccc1'), min:(0.4461538461538462, 'C#Cc1ccc2c(cccc(-c3ccccc3)c1)C2=C')
[1.437514305114746] Updated in round 282! max:(0.75, 'c1ccccc(-c2ccccc2)cccc1'), min:(0.4461538461538462, 'C#Cc1ccc(-c2ccccccc(C=C)cc2)cc1')
[1.4651072025299072] Updated in round 283! max:(0.75, 'c1ccccc(-c2ccccc2)cccc1'), min:(0.4461538461538462, 'C#CC1=CC(c2ccccc2)=C1c1ccccc1C=C')
[1.4670166969299316] Updated in round 284! max:(0.75, 'c1ccccc(-c2ccccc2)cccc1'), min:(0.4461538461538462, 'C#Cc1cc#cc(-c2ccccc2)ccccc1C=C')
[1.4694948196411133] Updated in round 285! max:(0.75, 'c1ccccc(-c2ccccc2)cccc1'), min:(0.4461538461538462, 'C#Cc1c#cc(-c2ccccc2)cc(C#C)cccc1')
[1.4717895984649658] Updated in round 286! max:(0.75, 'c1ccccc(-c2ccccc2)cccc1'), min:(0.4482758620689655, 'c1ccc(-c2cccc3ccc4c2c34)cc1')
[1.4731690883636475] Updated in round 287! max:(0.75, 'c1ccccc(-c2ccccc2)cccc1'), min:(0.4482758620689655, 'c1ccc(-c2ccc3cc4c-3ccc2-4)cc1')
[1.4939818382263184] Updated in round 288! max:(0.75, 'c1ccccc(-c2ccccc2)cccc1'), min:(0.4482758620689655, 'c1ccc(-c2cc3ccc-3cc3cc2-3)cc1')
[1.4950852394104004] Updated in round 289! max:(0.75, 'c1ccccc(-c2ccccc2)cccc1'), min:(0.4482758620689655, 'c1ccc2cc-2cc(-c2ccc3cc2-3)cc1')
[1.496284008026123] Updated in round 290! max:(0.75, 'c1ccccc(-c2ccccc2)cccc1'), min:(0.4482758620689655, 'c1ccc2c3cc(cc-3c1)c1ccccc21')
[1.4976987838745117] Updated in round 291! max:(0.75, 'c1ccccc(-c2ccccc2)cccc1'), min:(0.4482758620689655, 'C1=CC(c2cc3ccc2-3)=C1c1ccccc1')
[1.5207099914550781] Updated in round 292! max:(0.75, 'c1ccccc(-c2ccccc2)cccc1'), min:(0.4482758620689655, 'c1ccc2cc-2ccc(-c2ccccc2)c#1')
[1.5219507217407227] Updated in round 293! max:(0.75, 'c1ccccc(-c2ccccc2)cccc1'), min:(0.45161290322580644, 'C1=C2c3cccccc(ccc32)-c2ccccc21')
[1.523425579071045] Updated in round 294! max:(0.75, 'c1ccccc(-c2ccccc2)cccc1'), min:(0.45161290322580644, 'C1#Cc2ccccc2-c2c#cc1cccccc2')
[1.5245246887207031] Updated in round 295! max:(0.75, 'c1ccccc(-c2ccccc2)cccc1'), min:(0.45588235294117646, 'C=Cc1cccc(-c2cccccc(C3=CC3=C)ccc2)c1')
[1.5481977462768555] Updated in round 296! max:(0.75, 'c1ccccc(-c2ccccc2)cccc1'), min:(0.45901639344262296, 'C=Cc1cccccccc(-c2c3cccc2-3)c1')
[1.5737297534942627] Updated in round 297! max:(0.75, 'c1ccccc(-c2ccccc2)cccc1'), min:(0.45901639344262296, 'C#Cc1cc2ccccccc1c1ccccc21')
[1.6021296977996826] Updated in round 298! max:(0.75, 'c1ccccc(-c2ccccc2)cccc1'), min:(0.45901639344262296, 'C=Cc1ccccc1-c1cccccc2ccc1-2')
[1.6040918827056885] Updated in round 299! max:(0.75, 'c1ccccc(-c2ccccc2)cccc1'), min:(0.45901639344262296, 'C#Cc1ccc2ccccc(c1)-c1ccccc1-2')
[1.6236584186553955] Updated in round 300! max:(0.75, 'c1ccccc(-c2ccccc2)cccc1'), min:(0.45901639344262296, 'C=Cc1ccccc(-c2c3cccc2-3)cccc1')
[1.626612663269043] Updated in round 301! max:(0.75, 'c1ccccc(-c2ccccc2)cccc1'), min:(0.45901639344262296, 'C=Cc1ccc2ccccc(c1)-c1ccccc1-2')
[1.6285417079925537] Updated in round 302! max:(0.75, 'c1ccccc(-c2ccccc2)cccc1'), min:(0.45901639344262296, 'C=Cc1cccccc(-c2cc3cc-3c2)ccc1')
[1.6307761669158936] Updated in round 303! max:(0.75, 'c1ccccc(-c2ccccc2)cccc1'), min:(0.45901639344262296, 'C=Cc1cccc2cc-2ccc1-c1ccccc1')
[1.6514477729797363] Updated in round 304! max:(0.75, 'c1ccccc(-c2ccccc2)cccc1'), min:(0.45901639344262296, 'C=Cc1cccc2ccc(-c3ccccc3)cc12')
[1.6543371677398682] Updated in round 305! max:(0.75, 'c1ccccc(-c2ccccc2)cccc1'), min:(0.45901639344262296, 'C=CC1=C2C(=C1c1ccccc1)c1cccc2c1')
[1.677011251449585] Updated in round 306! max:(0.75, 'c1ccccc(-c2ccccc2)cccc1'), min:(0.45901639344262296, 'C#CC#CC1=C(c2ccccc2)c2ccccc21')
[1.679823398590088] Updated in round 307! max:(0.75, 'c1ccccc(-c2ccccc2)cccc1'), min:(0.45901639344262296, 'C=Cc1c2c#cc(-c3ccccc3)ccccc1-2')
[1.6852271556854248] Updated in round 308! max:(0.75, 'c1ccccc(-c2ccccc2)cccc1'), min:(0.46153846153846156, 'C=Cc1cccc(-c2ccccc2)ccc2c(c1)=CC=2')
[1.7092459201812744] Updated in round 309! max:(0.75, 'c1ccccc(-c2ccccc2)cccc1'), min:(0.46153846153846156, 'C#Cc1cccc(-c2ccccc2)ccc2c(c1)C#C2')
[1.712157964706421] Updated in round 310! max:(0.75, 'c1ccccc(-c2ccccc2)cccc1'), min:(0.4666666666666667, 'C=c1cc2cccc-2c(-c2ccccc2)cc1=C')
[1.7380211353302002] Updated in round 311! max:(0.75, 'c1ccccc(-c2ccccc2)cccc1'), min:(0.4666666666666667, 'C=Cc1ccccc1C1=C(c2ccccc2)C1=C')
[1.7618517875671387] Updated in round 312! max:(0.75, 'c1ccccc(-c2ccccc2)cccc1'), min:(0.46875, 'C=Cc1cccccccc(-c2ccccc2C=C)c1')
[1.7666547298431396] Updated in round 313! max:(0.75, 'c1ccccc(-c2ccccc2)cccc1'), min:(0.46875, 'C=C1C=C1c1cccc(-c2ccccc2)ccc2cc1-2')
[1.7909622192382812] Updated in round 314! max:(0.75, 'c1ccccc(-c2ccccc2)cccc1'), min:(0.46875, 'C=Cc1cccc(-c2ccccc2)ccc2c(c1)C2=C')
[1.8133652210235596] Updated in round 315! max:(0.75, 'c1ccccc(-c2ccccc2)cccc1'), min:(0.46875, 'C=Cc1ccccc(-c2ccc(C=C)cc2)cccc1')
[1.8343045711517334] Updated in round 316! max:(0.75, 'c1ccccc(-c2ccccc2)cccc1'), min:(0.46875, 'C=Cc1cccc(C=C)cc(-c2ccccc2)ccc1')
[1.8888208866119385] Updated in round 317! max:(0.75, 'c1ccccc(-c2ccccc2)cccc1'), min:(0.46875, 'C#Cc1cccc(-c2ccccc2)ccc(C#C)cc1')
[1.917330026626587] Updated in round 318! max:(0.75, 'c1ccccc(-c2ccccc2)cccc1'), min:(0.4716981132075472, 'c1ccc(-c2cc3ccc2cc3)cc1')
[1.9209883213043213] Updated in round 319! max:(0.75, 'c1ccccc(-c2ccccc2)cccc1'), min:(0.47368421052631576, 'c1cccc2c(-c3c4cccc3-4)cc-2cc1')
[1.9442601203918457] Updated in round 320! max:(0.75, 'c1ccccc(-c2ccccc2)cccc1'), min:(0.47368421052631576, 'c1ccc(-c2ccc3cc4cc-4c3c2)cc1')
[1.9500436782836914] Updated in round 321! max:(0.75, 'c1ccccc(-c2ccccc2)cccc1'), min:(0.47368421052631576, 'c1ccc(-c2cc3cc4ccc-4c-3c2)cc1')
[1.9807038307189941] Updated in round 322! max:(0.75, 'c1ccccc(-c2ccccc2)cccc1'), min:(0.47540983606557374, 'C1=c2cccc3cc(-c4ccccc4)cc-3c2=C1')
[1.9842917919158936] Updated in round 323! max:(0.75, 'c1ccccc(-c2ccccc2)cccc1'), min:(0.47540983606557374, 'C1=Cc2c1ccccc(-c1ccccc1)c1cc2-1')
[1.9894764423370361] Updated in round 324! max:(0.75, 'c1ccccc(-c2ccccc2)cccc1'), min:(0.47540983606557374, 'C1#Cc2c1cccc1cc(-c3ccccc3)cc2-1')
[2.0178911685943604] Updated in round 325! max:(0.75, 'c1ccccc(-c2ccccc2)cccc1'), min:(0.47540983606557374, 'c1ccc(-c2c3c4c(cc2=4)-c2ccccc2-3)cc1')
[2.0228824615478516] Updated in round 326! max:(0.75, 'c1ccccc(-c2ccccc2)cccc1'), min:(0.47540983606557374, 'C1#Cc2ccccc2C2=C(c3ccccc3)C2=C1')
[2.0491676330566406] Updated in round 327! max:(0.75, 'c1ccccc(-c2ccccc2)cccc1'), min:(0.47619047619047616, 'C#Cc1ccccc1-c1ccccccc(=C)c(=C)c1')
[2.0521328449249268] Updated in round 328! max:(0.75, 'c1ccccc(-c2ccccc2)cccc1'), min:(0.47761194029850745, 'C#Cc1cccc(-c2ccccc2)cccc(C2=CC2=C)c1')
[2.0564939975738525] Updated in round 329! max:(0.75, 'c1ccccc(-c2ccccc2)cccc1'), min:(0.48333333333333334, 'C=c1cc2cccc(-c3ccccc3)cc3c1=c23')
[2.0865345001220703] Updated in round 330! max:(0.75, 'c1ccccc(-c2ccccc2)cccc1'), min:(0.48333333333333334, 'c1ccc(-c2cccc3cc4c5c(c2)c4c35)cc1')
[2.0898845195770264] Updated in round 331! max:(0.75, 'c1ccccc(-c2ccccc2)cccc1'), min:(0.48333333333333334, 'C=c1ccccccc2cc1=Cc1cccc-2c1')
[2.0916318893432617] Updated in round 332! max:(0.75, 'c1ccccc(-c2ccccc2)cccc1'), min:(0.48333333333333334, 'C#Cc1cc(-c2ccccc2)c2ccccc2c1')
[2.094167709350586] Updated in round 333! max:(0.75, 'c1ccccc(-c2ccccc2)cccc1'), min:(0.48333333333333334, 'C=Cc1cccc(-c2cc3ccccccc2-3)c1')
[2.120400905609131] Updated in round 334! max:(0.75, 'c1ccccc(-c2ccccc2)cccc1'), min:(0.48333333333333334, 'C#Cc1ccc(-c2ccccc2)c2ccccc12')
[2.124561071395874] Updated in round 335! max:(0.75, 'c1ccccc(-c2ccccc2)cccc1'), min:(0.48333333333333334, 'C=Cc1ccccccc2c(c1)-c1cccc-2c1')
[2.1272802352905273] Updated in round 336! max:(0.75, 'c1ccccc(-c2ccccc2)cccc1'), min:(0.48333333333333334, 'C#Cc1cccccc2cc(c1)-c1ccccc1-2')
[2.1587331295013428] Updated in round 337! max:(0.75, 'c1ccccc(-c2ccccc2)cccc1'), min:(0.48333333333333334, 'C=Cc1cccc(-c2ccccc2)cc2cc-2c1')
[2.16355037689209] Updated in round 338! max:(0.75, 'c1ccccc(-c2ccccc2)cccc1'), min:(0.48333333333333334, 'C=c1c2cc(c3ccccc13)=C2c1ccccc1')
[2.193598747253418] Updated in round 339! max:(0.75, 'c1ccccc(-c2ccccc2)cccc1'), min:(0.48333333333333334, 'C=c1c2c#cc(-c3ccccc3)ccccc1c2')
[2.200455904006958] Updated in round 340! max:(0.75, 'c1ccccc(-c2ccccc2)cccc1'), min:(0.484375, 'c1ccc2cccc(cc1)-c1c3c(c13)-c1ccc-2cc1')
[2.2485744953155518] Updated in round 341! max:(0.75, 'c1ccccc(-c2ccccc2)cccc1'), min:(0.484375, 'C1=C2C=C1c1ccc2cccc(-c2ccccc2)cc1')
[2.276017904281616] Updated in round 342! max:(0.75, 'c1ccccc(-c2ccccc2)cccc1'), min:(0.484375, 'C#CC=Cc1cccccc(-c2ccccc2)c2cc1-2')
[2.280071496963501] Updated in round 343! max:(0.75, 'c1ccccc(-c2ccccc2)cccc1'), min:(0.484375, 'C=CC#Cc1cccccc(-c2ccccc2)c2cc1-2')
[2.3026371002197266] Updated in round 344! max:(0.75, 'c1ccccc(-c2ccccc2)cccc1'), min:(0.484375, 'C=C1C=Cc2ccc1cccc(-c1ccccc1)cc2')
[2.3305609226226807] Updated in round 345! max:(0.75, 'c1ccccc(-c2ccccc2)cccc1'), min:(0.484375, 'C#Cc1cc2c(cccccc1-c1ccccc1)C#C2')
[2.3794238567352295] Updated in round 346! max:(0.75, 'c1ccccc(-c2ccccc2)cccc1'), min:(0.484375, 'C=CC=C1c2c#cc(-c3ccccc3)cccccc21')
[2.3819587230682373] Updated in round 347! max:(0.75, 'c1ccccc(-c2ccccc2)cccc1'), min:(0.4915254237288136, 'C=c1cc(-c2ccccc2)c2ccccc2c1=C')
[2.42410945892334] Updated in round 348! max:(0.75, 'c1ccccc(-c2ccccc2)cccc1'), min:(0.49206349206349204, 'C#Cc1c(-c2ccccc2)ccccccc2c1C2=C')
[2.4954724311828613] Updated in round 349! max:(0.75, 'c1ccccc(-c2ccccc2)cccc1'), min:(0.49206349206349204, 'C#Cc1c(-c2ccccc2)cccccc2c(C=C)c1-2')
[2.5267410278320312] Updated in round 350! max:(0.75, 'c1ccccc(-c2ccccc2)cccc1'), min:(0.49206349206349204, 'C#Cc1ccccccc(C#C)c(-c2ccccc2)c1')
[2.581299304962158] Updated in round 351! max:(0.75, 'c1ccccc(-c2ccccc2)cccc1'), min:(0.49206349206349204, 'C#CC(=C)c1cccccc(-c2ccccc2)c2cc1-2')
[2.618335723876953] Updated in round 352! max:(0.75, 'c1ccccc(-c2ccccc2)cccc1'), min:(0.49206349206349204, 'C#Cc1cccc(-c2ccccc(C=C)cccc2)c1')
[2.6551108360290527] Updated in round 353! max:(0.75, 'c1ccccc(-c2ccccc2)cccc1'), min:(0.49206349206349204, 'C=Cc1cccccc(-c2ccccc2)c(C=C)cc1')
[2.7160351276397705] Updated in round 354! max:(0.75, 'c1ccccc(-c2ccccc2)cccc1'), min:(0.49206349206349204, 'C#CC(=C)c1cc#cc(-c2ccccc2)ccccc1')
[2.747652769088745] Updated in round 355! max:(0.75, 'c1ccccc(-c2ccccc2)cccc1'), min:(0.4925373134328358, 'C=Cc1ccccc(C2=C3C=C32)cccc1-c1ccccc1')
[2.752828598022461] Updated in round 356! max:(0.75, 'c1ccccc(-c2ccccc2)cccc1'), min:(0.4925373134328358, 'C=Cc1ccccc(C2=CC#C2)cccc1-c1ccccc1')
[2.7790114879608154] Updated in round 357! max:(0.75, 'c1ccccc(-c2ccccc2)cccc1'), min:(0.5, 'C#Cc1ccccc(-c2ccccc2)ccc(C#C)c1C#C')
[2.811079978942871] Updated in round 358! max:(0.75, 'c1ccccc(-c2ccccc2)cccc1'), min:(0.5, 'C1=Cc2cc3cccc(-c4ccccc4)cc1c2-3')
[2.8402199745178223] Updated in round 359! max:(0.75, 'c1ccccc(-c2ccccc2)cccc1'), min:(0.5, 'C1=C2c3ccccccc(cc32)-c2ccccc21')
[2.8432276248931885] Updated in round 360! max:(0.75, 'c1ccccc(-c2ccccc2)cccc1'), min:(0.5, 'C1=Cc2ccccc2-c2cccccccc1c2')
[2.87430739402771] Updated in round 361! max:(0.75, 'c1ccccc(-c2ccccc2)cccc1'), min:(0.5, 'C1=c2c1cc1cccc(-c3ccccc3)cccc2c1')
[2.9058165550231934] Updated in round 362! max:(0.75, 'c1ccccc(-c2ccccc2)cccc1'), min:(0.5, 'c1cccc2ccc(cc1)-c1cc3cc-2c1-3')
[2.9100658893585205] Updated in round 363! max:(0.75, 'c1ccccc(-c2ccccc2)cccc1'), min:(0.5, 'C1#Cc2cccc(c2)-c2ccccccc1cc2')
[2.9145917892456055] Updated in round 364! max:(0.75, 'c1ccccc(-c2ccccc2)cccc1'), min:(0.5, 'c1ccc(-c2c3cccc4ccc-4c2-3)cc1')
[2.9218590259552] Updated in round 365! max:(0.75, 'c1ccccc(-c2ccccc2)cccc1'), min:(0.5, 'c1ccc(-c2cc3c4cccc-4c-3c2)cc1')
[2.949780225753784] Updated in round 366! max:(0.75, 'c1ccccc(-c2ccccc2)cccc1'), min:(0.5, 'c1c(-c2ccccc2)ccc2cccc-2c#1')
[2.9537930488586426] Updated in round 367! max:(0.75, 'c1ccccc(-c2ccccc2)cccc1'), min:(0.5079365079365079, 'C=CC1=Cc2cccc(c2)-c2ccccc1cccc2')
[2.9812259674072266] Updated in round 368! max:(0.75, 'c1ccccc(-c2ccccc2)cccc1'), min:(0.5079365079365079, 'C#Cc1c2cccc(-c3ccccc3)cccc1C=C2')
[3.0135498046875] Updated in round 369! max:(0.75, 'c1ccccc(-c2ccccc2)cccc1'), min:(0.5079365079365079, 'C#Cc1ccccc(-c2ccccc2)cc2c3c1C=C23')
[3.050395965576172] Updated in round 370! max:(0.75, 'c1ccccc(-c2ccccc2)cccc1'), min:(0.5079365079365079, 'C#Cc1ccccc(-c2ccccc2)cc2cc1C#C2')
[3.0857512950897217] Updated in round 371! max:(0.75, 'c1ccccc(-c2ccccc2)cccc1'), min:(0.5079365079365079, 'c1ccc(-c2cccc3cc(ccc2)c2cc3c2)cc1')
[3.116189479827881] Updated in round 372! max:(0.75, 'c1ccccc(-c2ccccc2)cccc1'), min:(0.5079365079365079, 'C=c1c#cc2cccc(-c3ccccc3)cccc1c2')
[3.121001720428467] Updated in round 373! max:(0.75, 'c1ccccc(-c2ccccc2)cccc1'), min:(0.5079365079365079, 'C=Cc1cccc(-c2ccccc2)cccc2c1C#C2')
[3.1495542526245117] Updated in round 374! max:(0.75, 'c1ccccc(-c2ccccc2)cccc1'), min:(0.5084745762711864, 'C=Cc1cc2cccc-2cc(-c2ccccc2)c1')
[3.1805057525634766] Updated in round 375! max:(0.75, 'c1ccccc(-c2ccccc2)cccc1'), min:(0.5084745762711864, 'C=Cc1cccc2c1-c1cccccc-2ccc1')
[3.209487199783325] Updated in round 376! max:(0.75, 'c1ccccc(-c2ccccc2)cccc1'), min:(0.5084745762711864, 'C=Cc1ccccc1-c1cc2ccccccc1-2')
[3.217454671859741] Updated in round 377! max:(0.75, 'c1ccccc(-c2ccccc2)cccc1'), min:(0.5084745762711864, 'C=Cc1ccccccc2cc1-c1ccccc1-2')
[3.2482008934020996] Updated in round 378! max:(0.75, 'c1ccccc(-c2ccccc2)cccc1'), min:(0.5084745762711864, 'C=Cc1ccccc1-c1cccccc2cc-2c1')
[3.2772717475891113] Updated in round 379! max:(0.75, 'c1ccccc(-c2ccccc2)cccc1'), min:(0.509090909090909, 'C=CC(=Cc1ccccc1)c1ccccc1')
[3.309293508529663] Updated in round 380! max:(0.75, 'c1ccccc(-c2ccccc2)cccc1'), min:(0.5151515151515151, 'C=Cc1cc(C=C2C#C2)cccccc(-c2ccccc2)c1')
[3.3428778648376465] Updated in round 381! max:(0.75, 'c1ccccc(-c2ccccc2)cccc1'), min:(0.5151515151515151, 'C#Cc1cc(C#CC=C)cccccc(-c2ccccc2)c1')
[3.3919520378112793] Updated in round 382! max:(0.75, 'c1ccccc(-c2ccccc2)cccc1'), min:(0.5161290322580645, 'C=CC=c1c2ccccc(-c3ccccc3)cc-2c1=C')
[3.445913314819336] Updated in round 383! max:(0.75, 'c1ccccc(-c2ccccc2)cccc1'), min:(0.5161290322580645, 'C=CC(=C)c1ccccc2cc(-c3ccccc3)cc1-2')
[3.4996516704559326] Updated in round 384! max:(0.75, 'c1ccccc(-c2ccccc2)cccc1'), min:(0.5161290322580645, 'C#Cc1c2ccccc(-c3ccccc3)cc-2c1C=C')
[3.6211206912994385] Updated in round 385! max:(0.75, 'c1ccccc(-c2ccccc2)cccc1'), min:(0.5161290322580645, 'C#Cc1ccccc(-c2ccccc2)cc2c(c1)C2=C')
[3.707204818725586] Updated in round 386! max:(0.75, 'c1ccccc(-c2ccccc2)cccc1'), min:(0.5161290322580645, 'C=C1C(=C)c2cccc(-c3ccccc3)cccc1c2')
[3.729301929473877] Updated in round 387! max:(0.75, 'c1ccccc(-c2ccccc2)cccc1'), min:(0.5161290322580645, 'C=Cc1cccc(-c2ccccc2)cccc(C=C)c1')
[3.7523880004882812] Updated in round 388! max:(0.75, 'c1ccccc(-c2ccccc2)cccc1'), min:(0.5230769230769231, 'C#Cc1cc(-c2ccccc2)cccccc(=C)c1=C1C=C1')
[3.7846713066101074] Updated in round 389! max:(0.75, 'c1ccccc(-c2ccccc2)cccc1'), min:(0.5230769230769231, 'C#Cc1cc(-c2ccccc2)cccccc(=C)c1=CC=C')
[3.816870927810669] Updated in round 390! max:(0.75, 'c1ccccc(-c2ccccc2)cccc1'), min:(0.5230769230769231, 'C#Cc1cc(-c2ccccc2)ccccccc1C(=C)C=C')
[3.8490686416625977] Updated in round 391! max:(0.75, 'c1ccccc(-c2ccccc2)cccc1'), min:(0.5230769230769231, 'C#Cc1cccccc(-c2ccccc2)cc(C#C)c1C=C')
[3.883453130722046] Updated in round 392! max:(0.75, 'c1ccccc(-c2ccccc2)cccc1'), min:(0.5238095238095238, 'C1=c2c1cc1ccccc(-c3ccccc3)ccc2c1')
[3.9629170894622803] Updated in round 393! max:(0.75, 'c1ccccc(-c2ccccc2)cccc1'), min:(0.5245901639344263, 'C#Cc1cccc(-c2ccccc2)cccc(=C)c1=C')
[4.0215349197387695] Updated in round 394! max:(0.75, 'c1ccccc(-c2ccccc2)cccc1'), min:(0.5254237288135594, 'C1=Cc2c3cc-3ccccc(-c3ccccc3)c21')
[4.0795674324035645] Updated in round 395! max:(0.75, 'c1ccccc(-c2ccccc2)cccc1'), min:(0.5254237288135594, 'c1ccc(-c2cccccc3c4c2c2c=4c32)cc1')
[4.155922174453735] Updated in round 396! max:(0.75, 'c1ccccc(-c2ccccc2)cccc1'), min:(0.5254237288135594, 'c1ccc(-c2cc3cc4ccccc2c-4c3)cc1')
[4.456144094467163] Updated in round 397! max:(0.75, 'c1ccccc(-c2ccccc2)cccc1'), min:(0.5254237288135594, 'c1c2c(-c3ccccc3)cccccc3c(c#1)c23')
[4.521040916442871] Updated in round 398! max:(0.75, 'c1ccccc(-c2ccccc2)cccc1'), min:(0.5254237288135594, 'C1=Cc2cc1ccccccc2-c1ccccc1')
[4.581567049026489] Updated in round 399! max:(0.75, 'c1ccccc(-c2ccccc2)cccc1'), min:(0.5272727272727272, 'c1cccc2c3c(c-2cc1)-c1cccc-3c1')
[4.644309759140015] Updated in round 400! max:(0.75, 'c1ccccc(-c2ccccc2)cccc1'), min:(0.5272727272727272, 'c1ccc(-c2cc3ccccc4c2c34)cc1')
[4.731735467910767] Updated in round 401! max:(0.75, 'c1ccccc(-c2ccccc2)cccc1'), min:(0.5272727272727272, 'c1cc2cccc-2cc(-c2ccccc2)c#1')
[4.77579402923584] Updated in round 402! max:(0.75, 'c1ccccc(-c2ccccc2)cccc1'), min:(0.5303030303030303, 'C=CC=CC=C1c2ccccc(-c3ccccc3)cccc21')
[4.842041492462158] Updated in round 403! max:(0.75, 'c1ccccc(-c2ccccc2)cccc1'), min:(0.5303030303030303, 'C#CC#CC=Cc1ccccccc(-c2ccccc2)cc1')
[4.942959308624268] Updated in round 404! max:(0.75, 'c1ccccc(-c2ccccc2)cccc1'), min:(0.532258064516129, 'C#CC#Cc1cc2cccccc-2c1-c1ccccc1')
[5.125996112823486] Updated in round 405! max:(0.75, 'c1ccccc(-c2ccccc2)cccc1'), min:(0.532258064516129, 'C=CC=Cc1cccccc2cc-2c1-c1ccccc1')
[5.238383054733276] Updated in round 406! max:(0.75, 'c1ccccc(-c2ccccc2)cccc1'), min:(0.532258064516129, 'C#CC=c1ccccc(-c2ccccc2)ccc2c1=C2')
[5.393610000610352] Updated in round 407! max:(0.75, 'c1ccccc(-c2ccccc2)cccc1'), min:(0.532258064516129, 'C#CC#Cc1cc2ccccc(-c3ccccc3)cc1-2')
[5.4609599113464355] Updated in round 408! max:(0.75, 'c1ccccc(-c2ccccc2)cccc1'), min:(0.532258064516129, 'C#CC=Cc1c2cccccc-2cc1-c1ccccc1')
[5.588535785675049] Updated in round 409! max:(0.75, 'c1ccccc(-c2ccccc2)cccc1'), min:(0.532258064516129, 'C#CC=c1c2ccccc(-c3ccccc3)ccc1c2')
[5.880407810211182] Updated in round 410! max:(0.75, 'c1ccccc(-c2ccccc2)cccc1'), min:(0.532258064516129, 'C=C1C2=Cc3ccccc(-c4ccccc4)ccc2c31')
[5.94609808921814] Updated in round 411! max:(0.75, 'c1ccccc(-c2ccccc2)cccc1'), min:(0.532258064516129, 'C1=C2C1=C2c1cccccc2c(-c3ccccc3)c-2c1')
[5.983152151107788] Updated in round 412! max:(0.75, 'c1ccccc(-c2ccccc2)cccc1'), min:(0.532258064516129, 'C1#CC(c2cc3ccccc(-c4ccccc4)cc2-3)=C1')
[5.987958669662476] Updated in round 413! max:(0.75, 'c1ccccc(-c2ccccc2)cccc1'), min:(0.532258064516129, 'C1=CC1=Cc1c2ccccc(-c3ccccc3)ccc1-2')
[5.992324352264404] Updated in round 414! max:(0.75, 'c1ccccc(-c2ccccc2)cccc1'), min:(0.532258064516129, 'C#Cc1ccccc(-c2ccccc2)ccc2c1=CC=2')
[6.026789665222168] Updated in round 415! max:(0.75, 'c1ccccc(-c2ccccc2)cccc1'), min:(0.532258064516129, 'C=Cc1ccccc(-c2ccccc2)ccc2c1C#C2')
[6.030341863632202] Updated in round 416! max:(0.75, 'c1ccccc(-c2ccccc2)cccc1'), min:(0.5344827586206896, 'C=C1c2c3cccccc-3c1c2-c1ccccc1')
[6.0623939037323] Updated in round 417! max:(0.75, 'c1ccccc(-c2ccccc2)cccc1'), min:(0.5344827586206896, 'C=c1c2c(-c3ccccc3)cccccc3c1c2-3')
[6.0658135414123535] Updated in round 418! max:(0.75, 'c1ccccc(-c2ccccc2)cccc1'), min:(0.5344827586206896, 'C#Cc1ccccc2cc-2c(-c2ccccc2)c1')
[6.097201585769653] Updated in round 419! max:(0.75, 'c1ccccc(-c2ccccc2)cccc1'), min:(0.5344827586206896, 'C#Cc1cc2c(-c3ccccc3)cccccc1-2')
[6.0994486808776855] Updated in round 420! max:(0.75, 'c1ccccc(-c2ccccc2)cccc1'), min:(0.5344827586206896, 'C=Cc1ccccc2cc(-c3ccccc3)c-2c1')
[6.101885080337524] Updated in round 421! max:(0.75, 'c1ccccc(-c2ccccc2)cccc1'), min:(0.5344827586206896, 'C#Cc1cc2cc-2ccccc1-c1ccccc1')
[6.103820562362671] Updated in round 422! max:(0.75, 'c1ccccc(-c2ccccc2)cccc1'), min:(0.5344827586206896, 'C=C1c2c#cc(-c3ccccc3)cccccc21')
[6.171329736709595] Updated in round 423! max:(0.75, 'c1ccccc(-c2ccccc2)cccc1'), min:(0.5384615384615384, 'C=Cc1ccccc(-c2ccccc2)ccccc2c3c1c23')
[6.2425377368927] Updated in round 424! max:(0.75, 'c1ccccc(-c2ccccc2)cccc1'), min:(0.5384615384615384, 'C#CC1=Cc2cccc(-c3ccccc3)ccccc2C1=C')
[6.248491048812866] Updated in round 425! max:(0.75, 'c1ccccc(-c2ccccc2)cccc1'), min:(0.5384615384615384, 'C=CC1=c2cccccc(-c3ccccc3)ccc2=C1C=C')
[6.289549350738525] Updated in round 426! max:(0.75, 'c1ccccc(-c2ccccc2)cccc1'), min:(0.5384615384615384, 'C#CC1=CC(=C)c2cccc(-c3ccccc3)ccccc21')
[6.291836738586426] Updated in round 427! max:(0.75, 'c1ccccc(-c2ccccc2)cccc1'), min:(0.5384615384615384, 'C#CC1=C(C=C)c2cccc(-c3ccccc3)ccccc21')
[6.356544017791748] Updated in round 428! max:(0.75, 'c1ccccc(-c2ccccc2)cccc1'), min:(0.5384615384615384, 'C=CC1=C(C=C)c2ccc(-c3ccccc3)cccccc21')
[6.36311936378479] Updated in round 429! max:(0.75, 'c1ccccc(-c2ccccc2)cccc1'), min:(0.5384615384615384, 'C#CC(C#C)=C1c2ccccc(-c3ccccc3)cccc21')
[6.366480112075806] Updated in round 430! max:(0.75, 'c1ccccc(-c2ccccc2)cccc1'), min:(0.5384615384615384, 'C#CC(=C)C#Cc1ccccc(-c2ccccc2)cccc1')
[6.401046276092529] Updated in round 431! max:(0.75, 'c1ccccc(-c2ccccc2)cccc1'), min:(0.5384615384615384, 'C#CC=c1ccccc(-c2ccccc2)cccc1=C1C=C1')
[6.4050376415252686] Updated in round 432! max:(0.75, 'c1ccccc(-c2ccccc2)cccc1'), min:(0.5384615384615384, 'C=CC=CC=c1cccc(-c2ccccc2)ccccc1=C')
[6.43893575668335] Updated in round 433! max:(0.75, 'c1ccccc(-c2ccccc2)cccc1'), min:(0.5384615384615384, 'C=CC#CC=c1ccccc(-c2ccccc2)cccc1=C')
[6.448210716247559] Updated in round 434! max:(0.75, 'c1ccccc(-c2ccccc2)cccc1'), min:(0.5384615384615384, 'C#CC1=CC1=c1cccccc(-c2ccccc2)ccc1=C')
[6.517066955566406] Updated in round 435! max:(0.75, 'c1ccccc(-c2ccccc2)cccc1'), min:(0.5384615384615384, 'C=CC=CC=c1ccc(-c2ccccc2)cccccc1=C')
[6.522708892822266] Updated in round 436! max:(0.75, 'c1ccccc(-c2ccccc2)cccc1'), min:(0.5384615384615384, 'C=CC=C1C(=C)c2cccccc(-c3ccccc3)cc1c2')
[6.55693244934082] Updated in round 437! max:(0.75, 'c1ccccc(-c2ccccc2)cccc1'), min:(0.5384615384615384, 'C=CC=C1C(=C)c2cccccc(-c3ccccc3)ccc21')
[6.5626795291900635] Updated in round 438! max:(0.75, 'c1ccccc(-c2ccccc2)cccc1'), min:(0.5384615384615384, 'C=CC=CC(=C)c1ccccccc(-c2ccccc2)cc1')
[6.596775770187378] Updated in round 439! max:(0.75, 'c1ccccc(-c2ccccc2)cccc1'), min:(0.5384615384615384, 'C#CC(=CC=C)c1ccccccc(-c2ccccc2)cc1')
[6.633496522903442] Updated in round 440! max:(0.75, 'c1ccccc(-c2ccccc2)cccc1'), min:(0.5384615384615384, 'C#CC#Cc1ccc(-c2ccccc2)cccccc1C#C')
[6.670065879821777] Updated in round 441! max:(0.75, 'c1ccccc(-c2ccccc2)cccc1'), min:(0.5384615384615384, 'C=Cc1ccccc(-c2ccccc2)cccc1C=C1C#C1')
[6.7414710521698] Updated in round 442! max:(0.75, 'c1ccccc(-c2ccccc2)cccc1'), min:(0.5384615384615384, 'C=Cc1ccccc(-c2ccccc2)cccc1C1=C2C=C21')
[6.746182441711426] Updated in round 443! max:(0.75, 'c1ccccc(-c2ccccc2)cccc1'), min:(0.5384615384615384, 'C#Cc1cc(C2=CC#C2)cccccc(-c2ccccc2)c1')
[6.77991509437561] Updated in round 444! max:(0.75, 'c1ccccc(-c2ccccc2)cccc1'), min:(0.5384615384615384, 'C=CC=Cc1cccc(-c2ccccc2)ccccc1C=C')
[6.784314155578613] Updated in round 445! max:(0.75, 'c1ccccc(-c2ccccc2)cccc1'), min:(0.5409836065573771, 'C=CC=C(C=C)c1ccccc2cccccc-2cc1')
[6.787468433380127] Updated in round 446! max:(0.75, 'c1ccccc(-c2ccccc2)cccc1'), min:(0.5409836065573771, 'C=C1C=c2c1ccc(-c1ccccc1)ccccc2=C')
[6.819807767868042] Updated in round 447! max:(0.75, 'c1ccccc(-c2ccccc2)cccc1'), min:(0.5409836065573771, 'C=CC(=C)c1c2cccccc-2cc1-c1ccccc1')
[6.857118129730225] Updated in round 448! max:(0.75, 'c1ccccc(-c2ccccc2)cccc1'), min:(0.5409836065573771, 'C=Cc1c2ccccc(-c3ccccc3)ccc1c2=C')
[6.925582408905029] Updated in round 449! max:(0.75, 'c1ccccc(-c2ccccc2)cccc1'), min:(0.5409836065573771, 'C#Cc1ccccc(-c2ccccc2)ccc2c1C2=C')
[7.31531286239624] Updated in round 450! max:(0.75, 'c1ccccc(-c2ccccc2)cccc1'), min:(0.543859649122807, 'C=c1c2cccccc(-c3ccccc3)c-2c1=C')
[7.990945816040039] Updated in round 451! max:(0.75, 'c1ccccc(-c2ccccc2)cccc1'), min:(0.546875, 'C#CC(C#C)=c1cccc(-c2ccccc2)ccccc1=C')
[8.016816139221191] Updated in round 452! max:(0.75, 'c1ccccc(-c2ccccc2)cccc1'), min:(0.546875, 'C#CC(C#C)=c1ccc(-c2ccccc2)cccccc1=C')
[8.044978618621826] Updated in round 453! max:(0.75, 'c1ccccc(-c2ccccc2)cccc1'), min:(0.546875, 'C=Cc1cccccc(-c2ccccc2)ccc1C1=CC1=C')
[8.094732761383057] Updated in round 454! max:(0.75, 'c1ccccc(-c2ccccc2)cccc1'), min:(0.546875, 'C#Cc1ccc(-c2ccccc2)cccccc1C1=CC1=C')
[8.273763418197632] Updated in round 455! max:(0.75, 'c1ccccc(-c2ccccc2)cccc1'), min:(0.546875, 'C#CC(=C)c1cccc(-c2ccccc2)ccccc1C=C')
[8.300534725189209] Updated in round 456! max:(0.75, 'c1ccccc(-c2ccccc2)cccc1'), min:(0.5483870967741935, 'c1ccc2ccccc(-c3ccccc3)ccc-2cc#1')
[8.364584922790527] Updated in round 457! max:(0.75, 'c1ccccc(-c2ccccc2)cccc1'), min:(0.5483870967741935, 'c1cccccc(-c2ccccc2)ccc2cc-2cc#1')
[10.19097352027893] Updated in round 458! max:(0.75, 'c1ccccc(-c2ccccc2)cccc1'), min:(0.5483870967741935, 'c1ccc(-c2ccc3c4cccccc-4cc3c2)cc1')
[10.248661279678345] Updated in round 459! max:(0.75, 'c1ccccc(-c2ccccc2)cccc1'), min:(0.5483870967741935, 'c1ccc(-c2cccccc3c4cccc-4c-3c2)cc1')
[10.457795143127441] Updated in round 460! max:(0.75, 'c1ccccc(-c2ccccc2)cccc1'), min:(0.5483870967741935, 'c1ccc(-c2cccc3ccccc4c-3cc-4c2)cc1')
[10.514805793762207] Updated in round 461! max:(0.75, 'c1ccccc(-c2ccccc2)cccc1'), min:(0.5483870967741935, 'c1ccc(-c2ccccc3ccc4c-3cc-4cc2)cc1')
[10.720329284667969] Updated in round 462! max:(0.75, 'c1ccccc(-c2ccccc2)cccc1'), min:(0.5483870967741935, 'c1cccc2c3c(-c4ccccc4)c-3cccc-2cc1')
[10.886476516723633] Updated in round 463! max:(0.75, 'c1ccccc(-c2ccccc2)cccc1'), min:(0.5483870967741935, 'c1ccc(-c2cc3ccccccc4c-3cc-4c2)cc1')
[11.06469178199768] Updated in round 464! max:(0.75, 'c1ccccc(-c2ccccc2)cccc1'), min:(0.5483870967741935, 'c1ccc2cccc-2cc2cc(cc1)-c1ccccc1-2')
[11.221457481384277] Updated in round 465! max:(0.75, 'c1ccccc(-c2ccccc2)cccc1'), min:(0.5483870967741935, 'c1ccc2cccc3c(ccc-2cc1)-c1ccccc1-3')
[11.358696222305298] Updated in round 466! max:(0.75, 'c1ccccc(-c2ccccc2)cccc1'), min:(0.5483870967741935, 'c1ccc(-c2ccccccc3cc4c(c2)cc34)cc1')
[11.469454050064087] Updated in round 467! max:(0.75, 'c1ccccc(-c2ccccc2)cccc1'), min:(0.5483870967741935, 'c1ccc(-c2ccccc3ccc-3c3cc-3cc2)cc1')
[11.50197720527649] Updated in round 468! max:(0.8571428571428571, 'c1cccc2ccccccc-2cc1'), min:(0.5483870967741935, 'c1ccccc(-c2ccccc2)c2cccc-2ccc1')
[11.51698350906372] Updated in round 469! max:(0.8571428571428571, 'c1cccc2ccccccc-2cc1'), min:(0.5483870967741935, 'c1cccc(-c2c3cccc2-3)ccccc2cc-2cc1')
[11.655010461807251] Updated in round 470! max:(0.8571428571428571, 'c1cccc2ccccccc-2cc1'), min:(0.5483870967741935, 'c1ccc(-c2ccc3c4cc-4cccccc3c2)cc1')
[11.67028021812439] Updated in round 471! max:(0.8571428571428571, 'c1cccc2ccccccc-2cc1'), min:(0.5483870967741935, 'c1ccc(-c2cccccc3c4c5cc(c2)c3c4-5)cc1')
[11.694681406021118] Updated in round 472! max:(0.8571428571428571, 'c1cccc2ccccccc-2cc1'), min:(0.5483870967741935, 'c1c#cc2cc(-c3ccccc3)ccccccc2c#1')
[11.738847732543945] Updated in round 473! max:(0.8571428571428571, 'c1cccc2ccccccc-2cc1'), min:(0.5483870967741935, 'c1c2c3ccccccc(-c4ccccc4)cc3c=2c#1')
[11.804531574249268] Updated in round 474! max:(0.8571428571428571, 'c1cccc2ccccccc-2cc1'), min:(0.55, 'C#Cc1ccccc(-c2ccccc2)ccc(=C)c1=C')
[11.851027488708496] Updated in round 475! max:(0.8571428571428571, 'c1cccc2ccccccc-2cc1'), min:(0.5517241379310345, 'c1ccc(-c2ccccc3c4ccc(c2)c34)cc1')
[11.915943384170532] Updated in round 476! max:(0.8571428571428571, 'c1cccc2ccccccc-2cc1'), min:(0.5517241379310345, 'C1=C2c3cccc(-c4ccccc4)cccc1c32')
[11.930444478988647] Updated in round 477! max:(0.8571428571428571, 'c1cccc2ccccccc-2cc1'), min:(0.5538461538461539, 'C#Cc1cccc(-c2ccccc2)cccccc2ccc1=2')
[11.931333541870117] Updated in round 478! max:(0.8571428571428571, 'c1cccc2ccccccc-2cc1'), min:(0.5538461538461539, 'C#Cc1cc2ccccccc(-c3ccccc3)cccc1=2')
[11.951458930969238] Updated in round 479! max:(0.8571428571428571, 'c1cccc2ccccccc-2cc1'), min:(0.5538461538461539, 'C=Cc1c#cccccc(-c2ccccc2)cccccc1')
[11.994054555892944] Updated in round 480! max:(0.8571428571428571, 'c1cccc2ccccccc-2cc1'), min:(0.5538461538461539, 'C=Cc1c#cc2cccccc(-c3ccccc3)cccc1-2')
[12.07659649848938] Updated in round 481! max:(0.8571428571428571, 'c1cccc2ccccccc-2cc1'), min:(0.5538461538461539, 'C#Cc1ccc2cccc(-c3ccccc3)cccccc1-2')
[12.091538906097412] Updated in round 482! max:(0.8571428571428571, 'c1cccc2ccccccc-2cc1'), min:(0.5538461538461539, 'C=Cc1ccc2cccccc-2cccc1-c1ccccc1')
[12.125990867614746] Updated in round 483! max:(0.8571428571428571, 'c1cccc2ccccccc-2cc1'), min:(0.5538461538461539, 'C=Cc1ccc2cccccc(-c3ccccc3)cc-2cc1')
[12.179556369781494] Updated in round 484! max:(0.8571428571428571, 'c1cccc2ccccccc-2cc1'), min:(0.5538461538461539, 'C#Cc1ccccc1-c1ccccccc2cccc-2cc1')
[12.214677810668945] Updated in round 485! max:(0.8571428571428571, 'c1cccc2ccccccc-2cc1'), min:(0.5538461538461539, 'C#Cc1ccc(-c2ccccc3ccccccc-3c2)cc1')
[12.265433311462402] Updated in round 486! max:(0.8571428571428571, 'c1cccc2ccccccc-2cc1'), min:(0.5538461538461539, 'C=Cc1cccccc2ccc(-c3ccccc3)cccc1-2')
[12.323417901992798] Updated in round 487! max:(0.8571428571428571, 'c1cccc2ccccccc-2cc1'), min:(0.5538461538461539, 'C#Cc1cccc(-c2ccccc2)ccc2cccccc1-2')
[12.45209288597107] Updated in round 488! max:(0.8571428571428571, 'c1cccc2ccccccc-2cc1'), min:(0.5538461538461539, 'C#Cc1ccc(-c2ccccc2)ccccccc2ccc1-2')
[12.509567975997925] Updated in round 489! max:(0.8571428571428571, 'c1cccc2ccccccc-2cc1'), min:(0.5538461538461539, 'C=Cc1ccccc1-c1ccccccc2ccc-2ccc1')
[12.542737483978271] Updated in round 490! max:(0.8571428571428571, 'c1cccc2ccccccc-2cc1'), min:(0.5538461538461539, 'C#Cc1c2c3cccccc(-c4ccccc4)cccc-3c1-2')
[12.711315393447876] Updated in round 491! max:(0.8571428571428571, 'c1cccc2ccccccc-2cc1'), min:(0.5538461538461539, 'C#Cc1cccccccc(-c2ccccc2)ccccc1')
[12.737666606903076] Updated in round 492! max:(0.8571428571428571, 'c1cccc2ccccccc-2cc1'), min:(0.5538461538461539, 'C#Cc1ccc(-c2cccccc3cc-3ccccc2)cc1')
[12.740492820739746] Updated in round 493! max:(0.8571428571428571, 'c1cccc2ccccccc-2cc1'), min:(0.5538461538461539, 'C=Cc1ccc(-c2ccccccc3cc-3cccc2)cc1')
[12.767456769943237] Updated in round 494! max:(0.8571428571428571, 'c1cccc2ccccccc-2cc1'), min:(0.5538461538461539, 'C#Cc1cccccc(-c2ccccc2)cccc2cc-2c1')
[12.802316427230835] Updated in round 495! max:(0.8571428571428571, 'c1cccc2ccccccc-2cc1'), min:(0.5538461538461539, 'C=CC1=C(c2ccccccc(-c3ccccc3)cc2)C=C1')
[12.834325551986694] Updated in round 496! max:(0.8571428571428571, 'c1cccc2ccccccc-2cc1'), min:(0.5538461538461539, 'C#CC1=C(c2cccccc(-c3ccccc3)ccc2)C#C1')
[12.86955714225769] Updated in round 497! max:(0.8571428571428571, 'c1cccc2ccccccc-2cc1'), min:(0.5538461538461539, 'C#CC=C1C=C1c1cccccc(-c2ccccc2)ccc1')
[12.877728939056396] Updated in round 498! max:(0.8571428571428571, 'c1cccc2ccccccc-2cc1'), min:(0.5555555555555556, 'c1ccc2ccccc(c1)-c1cc3cc-3c1-2')
[12.904137372970581] Updated in round 499! max:(0.8571428571428571, 'c1cccc2ccccccc-2cc1'), min:(0.5573770491803278, 'C#Cc1cccccccccc2cccccc-2c1')
[12.906250238418579] Updated in round 500! max:(0.8571428571428571, 'c1cccc2ccccccc-2cc1'), min:(0.5573770491803278, 'C#Cc1cccccc2ccc3cccccc-3cc1-2')
[12.934030055999756] Updated in round 501! max:(0.8571428571428571, 'c1cccc2ccccccc-2cc1'), min:(0.5573770491803278, 'C#CC#CC=Cc1cccccc2cccccc-2c1')
[13.023420572280884] Updated in round 502! max:(0.8571428571428571, 'c1cccc2ccccccc-2cc1'), min:(0.5573770491803278, 'C#CC=CC=Cc1cccccc2cccccc-2c1')
[13.055164098739624] Updated in round 503! max:(0.8571428571428571, 'c1cccc2ccccccc-2cc1'), min:(0.5573770491803278, 'C(=Cc1ccccc2ccccccc-2c1)C1=C2C=C12')
[13.087669849395752] Updated in round 504! max:(0.8571428571428571, 'c1cccc2ccccccc-2cc1'), min:(0.5573770491803278, 'c1ccc(-c2cccccc3cc4c5c(c3c2)c45)cc1')
[13.298339128494263] Updated in round 505! max:(0.8571428571428571, 'c1cccc2ccccccc-2cc1'), min:(0.5573770491803278, 'c1ccccc2c3c(cc(-c4ccccc4)ccc1)c23')
[13.32474160194397] Updated in round 506! max:(0.8571428571428571, 'c1cccc2ccccccc-2cc1'), min:(0.5573770491803278, 'C=C1C2=c3cccccc(-c4ccccc4)cc1c3=C2')
[13.327003955841064] Updated in round 507! max:(0.8571428571428571, 'c1cccc2ccccccc-2cc1'), min:(0.5573770491803278, 'C1#CC1=c1c2cc(-c3ccccc3)cccccc1=C2')
[13.381940841674805] Updated in round 508! max:(0.8571428571428571, 'c1cccc2ccccccc-2cc1'), min:(0.5573770491803278, 'C=C1C2=Cc3cc(-c4ccccc4)cccccc2c31')
[13.504343271255493] Updated in round 509! max:(0.8571428571428571, 'c1cccc2ccccccc-2cc1'), min:(0.5573770491803278, 'C1#CC(c2c3cccccc(-c4ccccc4)cc2-3)=C1')
[13.694159269332886] Updated in round 510! max:(0.8571428571428571, 'c1cccc2ccccccc-2cc1'), min:(0.5573770491803278, 'C#Cc1cccccc(-c2ccccc2)cc2c1=CC=2')
[13.813446998596191] Updated in round 511! max:(0.8571428571428571, 'c1cccc2ccccccc-2cc1'), min:(0.5573770491803278, 'C#Cc1cccccc(-c2ccccc2)cc2c1C=C2')
[13.825634717941284] Updated in round 512! max:(0.8571428571428571, 'c1cccc2ccccccc-2cc1'), min:(0.5573770491803278, 'c1ccc(-c2cccccc3cc(c2)c2c4c3c24)cc1')
[13.868998765945435] Updated in round 513! max:(0.8571428571428571, 'c1cccc2ccccccc-2cc1'), min:(0.5573770491803278, 'C=CC=C1c2ccccccc(-c3ccccc3)cc21')
[14.09496808052063] Updated in round 514! max:(0.8571428571428571, 'c1cccc2ccccccc-2cc1'), min:(0.5573770491803278, 'C#CC=Cc1cccccccc(-c2ccccc2)c1')
[14.133138179779053] Updated in round 515! max:(0.8571428571428571, 'c1cccc2ccccccc-2cc1'), min:(0.5573770491803278, 'C=Cc1cc(-c2ccccc2)cccccc2c1C#C2')
[14.204201698303223] Updated in round 516! max:(0.8571428571428571, 'c1cccc2ccccccc-2cc1'), min:(0.5573770491803278, 'C#CC=CC1=CC(c2ccccc2)=C1c1ccccc1')
[14.535989761352539] Updated in round 517! max:(0.8571428571428571, 'c1cccc2ccccccc-2cc1'), min:(0.56, 'c1cccc2c3ccccc2c3cc1')
[14.55698275566101] Updated in round 518! max:(0.8571428571428571, 'c1cccc2ccccccc-2cc1'), min:(0.56, 'C(=Cc1ccccc1)c1ccccc1')
[14.595640182495117] Updated in round 519! max:(0.8571428571428571, 'c1cccc2ccccccc-2cc1'), min:(0.5614035087719298, 'C#CC#Cc1cccc2cccccc-2ccc1')
[14.648396253585815] Updated in round 520! max:(0.8571428571428571, 'c1cccc2ccccccc-2cc1'), min:(0.5614035087719298, 'C1=C2C=C1c1cc3cccccc-3ccccc12')
[15.119391679763794] Updated in round 521! max:(0.8571428571428571, 'c1cccc2ccccccc-2cc1'), min:(0.5614035087719298, 'C#CC=Cc1cccccc2cccc-2ccc1')
[15.154536247253418] Updated in round 522! max:(0.8571428571428571, 'c1cccc2ccccccc-2cc1'), min:(0.5614035087719298, 'C=c1cccc(-c2ccccc2)cccc2c1=C2')
[15.19614291191101] Updated in round 523! max:(0.8571428571428571, 'c1cccc2ccccccc-2cc1'), min:(0.5614035087719298, 'C=C1c2ccccccc(cc2)-c2cccc1c2')
[15.379076719284058] Updated in round 524! max:(0.8571428571428571, 'c1cccc2ccccccc-2cc1'), min:(0.5614035087719298, 'C=Cc1cccc(-c2ccccccccc2)c1')
[15.444823980331421] Updated in round 525! max:(0.8571428571428571, 'c1cccc2ccccccc-2cc1'), min:(0.5625, 'C#CC=c1cccc2ccccccc-2cccccc1=C')
[15.505717754364014] Updated in round 526! max:(0.8571428571428571, 'c1cccc2ccccccc-2cc1'), min:(0.5625, 'C=CC(=C)c1c2cccccc3cccccc-3cccc1-2')
[15.51025104522705] Updated in round 527! max:(0.8571428571428571, 'c1cccc2ccccccc-2cc1'), min:(0.5625, 'C#CC(=C)c1c2cccccc3cccccc-3cccc1-2')
[15.593047142028809] Updated in round 528! max:(0.8571428571428571, 'c1cccc2ccccccc-2cc1'), min:(0.5625, 'C=CC(=C)c1cccccccc2cccccc-2ccc1')
[15.84158182144165] Updated in round 529! max:(0.8571428571428571, 'c1cccc2ccccccc-2cc1'), min:(0.5625, 'C#Cc1cccccc2cccccc-2cccc(C=C)c1')
[15.905442714691162] Updated in round 530! max:(0.8571428571428571, 'c1cccc2ccccccc-2cc1'), min:(0.5625, 'C#CC(=C)c1ccccccc2ccccccc-2ccc1')
[15.930383682250977] Updated in round 531! max:(0.8571428571428571, 'c1cccc2ccccccc-2cc1'), min:(0.5625, 'C=Cc1cccc(-c2ccccc2)cccccc2c3c1c23')
[16.70273184776306] Updated in round 532! max:(0.8571428571428571, 'c1cccc2ccccccc-2cc1'), min:(0.5625, 'C#CC(=C1C#C1)c1cccccc(-c2ccccc2)ccc1')
[17.150460481643677] Updated in round 533! max:(0.8571428571428571, 'c1cccc2ccccccc-2cc1'), min:(0.5625, 'C#CC(C=C)=Cc1cccccc(-c2ccccc2)ccc1')
[17.94134759902954] Updated in round 534! max:(0.8571428571428571, 'c1cccc2ccccccc-2cc1'), min:(0.5625, 'C=CC=C(C=C)c1cccccc(-c2ccccc2)ccc1')
[18.151068925857544] Updated in round 535! max:(0.8571428571428571, 'c1cccc2ccccccc-2cc1'), min:(0.5660377358490566, 'C=Cc1ccccccccc2ccc-2c1')
[18.811625242233276] Updated in round 536! max:(0.8571428571428571, 'c1cccc2ccccccc-2cc1'), min:(0.5666666666666667, 'C#CC1=C(c2ccccc3cccccc-3cc2)C1=C')
[19.26237154006958] Updated in round 537! max:(0.8571428571428571, 'c1cccc2ccccccc-2cc1'), min:(0.5666666666666667, 'C=c1cccccc2ccccccc-2cc2cc1c2')
[21.53609013557434] Updated in round 538! max:(0.8571428571428571, 'c1cccc2ccccccc-2cc1'), min:(0.5666666666666667, 'C=Cc1cccccc2cccccc-2cc2c3c1c23')
[22.529579639434814] Updated in round 539! max:(0.8571428571428571, 'c1cccc2ccccccc-2cc1'), min:(0.5666666666666667, 'C=CC(=C)C#Cc1cccccc2cccccc-2c1')
[23.408729791641235] Updated in round 540! max:(0.8571428571428571, 'c1cccc2ccccccc-2cc1'), min:(0.5666666666666667, 'C#CC=C(C#C)c1cccccc2cccccc-2c1')
[25.583456993103027] Updated in round 541! max:(0.8571428571428571, 'c1cccc2ccccccc-2cc1'), min:(0.5666666666666667, 'C#CC(=CC=C)c1ccccc2ccccccc-2c1')
[26.47702717781067] Updated in round 542! max:(0.8571428571428571, 'c1cccc2ccccccc-2cc1'), min:(0.5666666666666667, 'C=CC1=C(c2cccccc3ccc-3cccc2)C1=C')
[26.804980278015137] Updated in round 543! max:(0.8571428571428571, 'c1cccc2ccccccc-2cc1'), min:(0.5666666666666667, 'C=C1C=c2cccccc(-c3ccccc3)cc1c2=C')
[29.277036905288696] Updated in round 544! max:(0.8571428571428571, 'c1cccc2ccccccc-2cc1'), min:(0.5666666666666667, 'C=CC1=c2c1cccccc(-c1ccccc1)cc2=C')
[30.048821926116943] Updated in round 545! max:(0.8571428571428571, 'c1cccc2ccccccc-2cc1'), min:(0.5666666666666667, 'C#CC(=C)c1c2cccccc(-c3ccccc3)cc1-2')
[30.85207223892212] Updated in round 546! max:(0.8571428571428571, 'c1cccc2ccccccc-2cc1'), min:(0.5666666666666667, 'C#Cc1cc(C=C)cccccc(-c2ccccc2)c1')
[30.97856903076172] Updated in round 547! max:(0.8571428571428571, 'c1cccc2ccccccc-2cc1'), min:(0.5666666666666667, 'C=CC(=C)C=C1C(c2ccccc2)=C1c1ccccc1')
[31.343095779418945] Updated in round 548! max:(0.8571428571428571, 'c1cccc2ccccccc-2cc1'), min:(0.5714285714285714, 'C#Cc1cccccc2cccc-2cccccc(=C)c1=C')
[31.68134355545044] Updated in round 549! max:(0.8571428571428571, 'c1cccc2ccccccc-2cc1'), min:(0.5714285714285714, 'C=Cc1cccc2ccccccc-2ccccc(=C)c1=C')
[32.04434609413147] Updated in round 550! max:(0.8571428571428571, 'c1cccc2ccccccc-2cc1'), min:(0.5714285714285714, 'C#CC(=C)c1cccc2cccccccc-2c1')
[32.120991468429565] Updated in round 551! max:(0.8571428571428571, 'c1cccc2ccccccc-2cc1'), min:(0.5714285714285714, 'C=C1C(=C)c2cc3cccccc-3ccccc21')
[32.21900415420532] No improvement found in round 552. Terminating...
