[9.489059448242188e-05]Start running EvoMol from [H][H]...
[0.002499818801879883] Updated in round 1! max:(0.0, '[H][H]'), min:(-99999, '')
[0.002939939498901367] Updated in round 2! max:(0.0, '[H][H]'), min:(-99999, '')
[0.004131793975830078] Updated in round 3! max:(0.11428571428571428, 'C1=CC=C1'), min:(-99999, '')
[0.006066560745239258] Updated in round 4! max:(0.11428571428571428, 'C1=CC=C1'), min:(-99999, '')
[0.008383035659790039] Updated in round 5! max:(0.38235294117647056, 'c1cc2ccc1-2'), min:(-99999, '')
[0.012248516082763672] Updated in round 6! max:(0.38235294117647056, 'c1cc2ccc1-2'), min:(-99999, '')
[0.017800331115722656] Updated in round 7! max:(0.4117647058823529, 'c1cc2cc-2c1'), min:(-99999, '')
[0.02351832389831543] Updated in round 8! max:(0.4117647058823529, 'c1cc2cc-2c1'), min:(-99999, '')
[0.024086475372314453] Updated in round 9! max:(0.4117647058823529, 'c1cc2cc-2c1'), min:(-99999, '')
[0.027166128158569336] Updated in round 10! max:(0.4117647058823529, 'c1cc2cc-2c1'), min:(-99999, '')
[0.03089118003845215] Updated in round 11! max:(0.4117647058823529, 'c1cc2cc-2c1'), min:(-99999, '')
[0.03146028518676758] Updated in round 12! max:(0.4117647058823529, 'c1cc2cc-2c1'), min:(-99999, '')
[0.036293745040893555] Updated in round 13! max:(0.4117647058823529, 'c1cc2cc-2c1'), min:(-99999, '')
[0.03684210777282715] Updated in round 14! max:(0.5526315789473685, 'C1=CC(c2ccccc2)=C1'), min:(-99999, '')
[0.042173147201538086] Updated in round 15! max:(0.5526315789473685, 'C1=CC(c2ccccc2)=C1'), min:(-99999, '')
[0.042757511138916016] Updated in round 16! max:(0.5526315789473685, 'C1=CC(c2ccccc2)=C1'), min:(-99999, '')
[0.04997658729553223] Updated in round 17! max:(0.5526315789473685, 'C1=CC(c2ccccc2)=C1'), min:(-99999, '')
[0.05502057075500488] Updated in round 18! max:(0.5526315789473685, 'C1=CC(c2ccccc2)=C1'), min:(-99999, '')
[0.06007575988769531] Updated in round 19! max:(0.5526315789473685, 'C1=CC(c2ccccc2)=C1'), min:(-99999, '')
[0.060707807540893555] Updated in round 20! max:(0.5526315789473685, 'C1=CC(c2ccccc2)=C1'), min:(-99999, '')
[0.061336517333984375] Updated in round 21! max:(0.5526315789473685, 'C1=CC(c2ccccc2)=C1'), min:(-99999, '')
[0.06201529502868652] Updated in round 22! max:(0.5526315789473685, 'C1=CC(c2ccccc2)=C1'), min:(-99999, '')
[0.06944680213928223] Updated in round 23! max:(0.5526315789473685, 'C1=CC(c2ccccc2)=C1'), min:(-99999, '')
[0.07017779350280762] Updated in round 24! max:(0.5526315789473685, 'C1=CC(c2ccccc2)=C1'), min:(-99999, '')
[0.07090020179748535] Updated in round 25! max:(0.5526315789473685, 'C1=CC(c2ccccc2)=C1'), min:(-99999, '')
[0.07161068916320801] Updated in round 26! max:(0.5526315789473685, 'C1=CC(c2ccccc2)=C1'), min:(-99999, '')
[0.07227945327758789] Updated in round 27! max:(0.5526315789473685, 'C1=CC(c2ccccc2)=C1'), min:(-99999, '')
[0.07291364669799805] Updated in round 28! max:(0.5526315789473685, 'C1=CC(c2ccccc2)=C1'), min:(-99999, '')
[0.0791621208190918] Updated in round 29! max:(0.5714285714285714, 'c1ccc(-c2cc3ccc2-3)cc1'), min:(-99999, '')
[0.08757901191711426] Updated in round 30! max:(0.5714285714285714, 'c1ccc(-c2cc3ccc2-3)cc1'), min:(-99999, '')
[0.08831644058227539] Updated in round 31! max:(0.5714285714285714, 'c1ccc(-c2cc3ccc2-3)cc1'), min:(-99999, '')
[0.08900141716003418] Updated in round 32! max:(0.7837837837837838, 'c1ccc(-c2ccccc2)cc1'), min:(-99999, '')
[0.09797906875610352] Updated in round 33! max:(0.7837837837837838, 'c1ccc(-c2ccccc2)cc1'), min:(-99999, '')
[0.10943031311035156] Updated in round 34! max:(0.7837837837837838, 'c1ccc(-c2ccccc2)cc1'), min:(-99999, '')
[0.11022830009460449] Updated in round 35! max:(0.7837837837837838, 'c1ccc(-c2ccccc2)cc1'), min:(-99999, '')
[0.11095547676086426] Updated in round 36! max:(0.7837837837837838, 'c1ccc(-c2ccccc2)cc1'), min:(-99999, '')
[0.11166596412658691] Updated in round 37! max:(0.7837837837837838, 'c1ccc(-c2ccccc2)cc1'), min:(-99999, '')
[0.11244416236877441] Updated in round 38! max:(0.7837837837837838, 'c1ccc(-c2ccccc2)cc1'), min:(-99999, '')
[0.11317682266235352] Updated in round 39! max:(0.7837837837837838, 'c1ccc(-c2ccccc2)cc1'), min:(-99999, '')
[0.12317514419555664] Updated in round 40! max:(0.7837837837837838, 'c1ccc(-c2ccccc2)cc1'), min:(-99999, '')
[0.12389612197875977] Updated in round 41! max:(0.7837837837837838, 'c1ccc(-c2ccccc2)cc1'), min:(-99999, '')
[0.12455272674560547] Updated in round 42! max:(0.7837837837837838, 'c1ccc(-c2ccccc2)cc1'), min:(-99999, '')
[0.12522506713867188] Updated in round 43! max:(0.7837837837837838, 'c1ccc(-c2ccccc2)cc1'), min:(-99999, '')
[0.12590837478637695] Updated in round 44! max:(0.7837837837837838, 'c1ccc(-c2ccccc2)cc1'), min:(-99999, '')
[0.13437581062316895] Updated in round 45! max:(0.7837837837837838, 'c1ccc(-c2ccccc2)cc1'), min:(-99999, '')
[0.13512396812438965] Updated in round 46! max:(0.7837837837837838, 'c1ccc(-c2ccccc2)cc1'), min:(-99999, '')
[0.14779329299926758] Updated in round 47! max:(0.7837837837837838, 'c1ccc(-c2ccccc2)cc1'), min:(-99999, '')
[0.14865756034851074] Updated in round 48! max:(0.7837837837837838, 'c1ccc(-c2ccccc2)cc1'), min:(-99999, '')
[0.16092228889465332] Updated in round 49! max:(0.7837837837837838, 'c1ccc(-c2ccccc2)cc1'), min:(-99999, '')
[0.16175556182861328] Updated in round 50! max:(0.7837837837837838, 'c1ccc(-c2ccccc2)cc1'), min:(-99999, '')
[0.16253972053527832] Updated in round 51! max:(0.7837837837837838, 'c1ccc(-c2ccccc2)cc1'), min:(-99999, '')
[0.1633741855621338] Updated in round 52! max:(0.7837837837837838, 'c1ccc(-c2ccccc2)cc1'), min:(-99999, '')
[0.16414117813110352] Updated in round 53! max:(0.7837837837837838, 'c1ccc(-c2ccccc2)cc1'), min:(-99999, '')
[0.16487979888916016] Updated in round 54! max:(0.7837837837837838, 'c1ccc(-c2ccccc2)cc1'), min:(-99999, '')
[0.16568255424499512] Updated in round 55! max:(0.7837837837837838, 'c1ccc(-c2ccccc2)cc1'), min:(-99999, '')
[0.16648578643798828] Updated in round 56! max:(0.7837837837837838, 'c1ccc(-c2ccccc2)cc1'), min:(-99999, '')
[0.1672377586364746] Updated in round 57! max:(0.7837837837837838, 'c1ccc(-c2ccccc2)cc1'), min:(-99999, '')
[0.1811048984527588] Updated in round 58! max:(0.7837837837837838, 'c1ccc(-c2ccccc2)cc1'), min:(-99999, '')
[0.18195271492004395] Updated in round 59! max:(0.7837837837837838, 'c1ccc(-c2ccccc2)cc1'), min:(-99999, '')
[0.18276238441467285] Updated in round 60! max:(0.7837837837837838, 'c1ccc(-c2ccccc2)cc1'), min:(-99999, '')
[0.18358683586120605] Updated in round 61! max:(0.7837837837837838, 'c1ccc(-c2ccccc2)cc1'), min:(-99999, '')
[0.1978590488433838] Updated in round 62! max:(0.7837837837837838, 'c1ccc(-c2ccccc2)cc1'), min:(-99999, '')
[0.1987447738647461] Updated in round 63! max:(0.7837837837837838, 'c1ccc(-c2ccccc2)cc1'), min:(-99999, '')
[0.19962716102600098] Updated in round 64! max:(0.7837837837837838, 'c1ccc(-c2ccccc2)cc1'), min:(-99999, '')
[0.20049142837524414] Updated in round 65! max:(0.7837837837837838, 'c1ccc(-c2ccccc2)cc1'), min:(-99999, '')
[0.2013566493988037] Updated in round 66! max:(0.7837837837837838, 'c1ccc(-c2ccccc2)cc1'), min:(-99999, '')
[0.20220613479614258] Updated in round 67! max:(0.7837837837837838, 'c1ccc(-c2ccccc2)cc1'), min:(-99999, '')
[0.21570038795471191] Updated in round 68! max:(0.7837837837837838, 'c1ccc(-c2ccccc2)cc1'), min:(-99999, '')
[0.21662640571594238] Updated in round 69! max:(0.7837837837837838, 'c1ccc(-c2ccccc2)cc1'), min:(-99999, '')
[0.21751856803894043] Updated in round 70! max:(0.7837837837837838, 'c1ccc(-c2ccccc2)cc1'), min:(-99999, '')
[0.21836090087890625] Updated in round 71! max:(0.7837837837837838, 'c1ccc(-c2ccccc2)cc1'), min:(-99999, '')
[0.21923565864562988] Updated in round 72! max:(0.7837837837837838, 'c1ccc(-c2ccccc2)cc1'), min:(-99999, '')
[0.23383641242980957] Updated in round 73! max:(0.7837837837837838, 'c1ccc(-c2ccccc2)cc1'), min:(-99999, '')
[0.23468494415283203] Updated in round 74! max:(0.7837837837837838, 'c1ccc(-c2ccccc2)cc1'), min:(-99999, '')
[0.2355053424835205] Updated in round 75! max:(0.7837837837837838, 'c1ccc(-c2ccccc2)cc1'), min:(-99999, '')
[0.23639130592346191] Updated in round 76! max:(0.7837837837837838, 'c1ccc(-c2ccccc2)cc1'), min:(-99999, '')
[0.23723173141479492] Updated in round 77! max:(0.7837837837837838, 'c1ccc(-c2ccccc2)cc1'), min:(-99999, '')
[0.23799705505371094] Updated in round 78! max:(0.7837837837837838, 'c1ccc(-c2ccccc2)cc1'), min:(-99999, '')
[0.23882079124450684] Updated in round 79! max:(0.7837837837837838, 'c1ccc(-c2ccccc2)cc1'), min:(-99999, '')
[0.239654541015625] Updated in round 80! max:(0.7837837837837838, 'c1ccc(-c2ccccc2)cc1'), min:(-99999, '')
[0.24048709869384766] Updated in round 81! max:(0.7837837837837838, 'c1ccc(-c2ccccc2)cc1'), min:(-99999, '')
[0.24126791954040527] Updated in round 82! max:(0.7837837837837838, 'c1ccc(-c2ccccc2)cc1'), min:(-99999, '')
[0.2420198917388916] Updated in round 83! max:(0.7837837837837838, 'c1ccc(-c2ccccc2)cc1'), min:(-99999, '')
[0.25382423400878906] Updated in round 84! max:(0.7837837837837838, 'c1ccc(-c2ccccc2)cc1'), min:(-99999, '')
[0.2545948028564453] Updated in round 85! max:(0.7837837837837838, 'c1ccc(-c2ccccc2)cc1'), min:(-99999, '')
[0.25530171394348145] Updated in round 86! max:(0.7837837837837838, 'c1ccc(-c2ccccc2)cc1'), min:(-99999, '')
[0.26519060134887695] Updated in round 87! max:(0.7837837837837838, 'c1ccc(-c2ccccc2)cc1'), min:(-99999, '')
[0.26590394973754883] Updated in round 88! max:(0.7837837837837838, 'c1ccc(-c2ccccc2)cc1'), min:(-99999, '')
[0.2743504047393799] Updated in round 89! max:(0.7837837837837838, 'c1ccc(-c2ccccc2)cc1'), min:(-99999, '')
[0.2750821113586426] Updated in round 90! max:(0.7837837837837838, 'c1ccc(-c2ccccc2)cc1'), min:(-99999, '')
[0.28398919105529785] Updated in round 91! max:(0.7837837837837838, 'c1ccc(-c2ccccc2)cc1'), min:(-99999, '')
[0.28479862213134766] Updated in round 92! max:(0.7837837837837838, 'c1ccc(-c2ccccc2)cc1'), min:(-99999, '')
[0.29852294921875] Updated in round 93! max:(0.7837837837837838, 'c1ccc(-c2ccccc2)cc1'), min:(-99999, '')
[0.2994394302368164] Updated in round 94! max:(0.7837837837837838, 'c1ccc(-c2ccccc2)cc1'), min:(-99999, '')
[0.3003063201904297] Updated in round 95! max:(0.7837837837837838, 'c1ccc(-c2ccccc2)cc1'), min:(-99999, '')
[0.3011319637298584] Updated in round 96! max:(0.7837837837837838, 'c1ccc(-c2ccccc2)cc1'), min:(-99999, '')
[0.30190229415893555] Updated in round 97! max:(0.7837837837837838, 'c1ccc(-c2ccccc2)cc1'), min:(-99999, '')
[0.3027079105377197] Updated in round 98! max:(0.7837837837837838, 'c1ccc(-c2ccccc2)cc1'), min:(-99999, '')
[0.30351996421813965] Updated in round 99! max:(0.7837837837837838, 'c1ccc(-c2ccccc2)cc1'), min:(-99999, '')
[0.3186490535736084] Updated in round 100! max:(0.7837837837837838, 'c1ccc(-c2ccccc2)cc1'), min:(-99999, '')
[0.31954050064086914] Updated in round 101! max:(0.7837837837837838, 'c1ccc(-c2ccccc2)cc1'), min:(-99999, '')
[0.3203849792480469] Updated in round 102! max:(0.7837837837837838, 'c1ccc(-c2ccccc2)cc1'), min:(0.0, 'C=CC=CC=CC=C')
[0.3211848735809326] Updated in round 103! max:(0.7837837837837838, 'c1ccc(-c2ccccc2)cc1'), min:(0.0, 'C=CC=C')
[0.32201457023620605] Updated in round 104! max:(0.7837837837837838, 'c1ccc(-c2ccccc2)cc1'), min:(0.05405405405405406, 'C1#CC=C1')
[0.3228147029876709] Updated in round 105! max:(0.7837837837837838, 'c1ccc(-c2ccccc2)cc1'), min:(0.06779661016949153, 'C=CC=CC=CC1=CC(C=C)=C1')
[0.32362794876098633] Updated in round 106! max:(0.7837837837837838, 'c1ccc(-c2ccccc2)cc1'), min:(0.07407407407407407, 'C=CC=CC=CC1=CC=C1')
[0.33441972732543945] Updated in round 107! max:(0.7837837837837838, 'c1ccc(-c2ccccc2)cc1'), min:(0.08333333333333333, 'C=C1C=C1')
[0.3351714611053467] Updated in round 108! max:(0.7837837837837838, 'c1ccc(-c2ccccc2)cc1'), min:(0.1, 'C=C1C2=CC1=C2')
[0.3359711170196533] Updated in round 109! max:(0.7837837837837838, 'c1ccc(-c2ccccc2)cc1'), min:(0.1276595744680851, 'C=C1c2c3ccc-3c21')
[0.33672285079956055] Updated in round 110! max:(0.7837837837837838, 'c1ccc(-c2ccccc2)cc1'), min:(0.15151515151515152, 'C#CC#Cc1cccc(C=CC=CC=C)c1')
[0.33748388290405273] Updated in round 111! max:(0.7837837837837838, 'c1ccc(-c2ccccc2)cc1'), min:(0.15384615384615385, 'C#CC=Cc1cccc(C(C=C)=CC=C)c1')
[0.3501932621002197] Updated in round 112! max:(0.7837837837837838, 'c1ccc(-c2ccccc2)cc1'), min:(0.16, 'C=CC(=C)c1cc2ccc1-2')
[0.35105061531066895] Updated in round 113! max:(0.7837837837837838, 'c1ccc(-c2ccccc2)cc1'), min:(0.16666666666666666, 'C=CC=CC=Cc1cccc(C=C)c1')
[0.3519124984741211] Updated in round 114! max:(0.7837837837837838, 'c1ccc(-c2ccccc2)cc1'), min:(0.17391304347826086, 'c1cc2cc3c1cc23')
[0.3527257442474365] Updated in round 115! max:(0.7837837837837838, 'c1ccc(-c2ccccc2)cc1'), min:(0.1836734693877551, 'C=C1C=C1c1ccc2cc1-2')
[0.3536384105682373] Updated in round 116! max:(0.7837837837837838, 'c1ccc(-c2ccccc2)cc1'), min:(0.203125, 'C=CC#Cc1ccc2c3ccc(cc3)c2c1')
[0.3691544532775879] Updated in round 117! max:(0.7837837837837838, 'c1ccc(-c2ccccc2)cc1'), min:(0.20408163265306123, 'C1=C2C1=C2c1c2cccc1-2')
[0.37026023864746094] Updated in round 118! max:(0.7837837837837838, 'c1ccc(-c2ccccc2)cc1'), min:(0.20634920634920634, 'C#CC(=C)c1ccc2c3ccc(cc3)c2c1')
[0.37125086784362793] Updated in round 119! max:(0.7837837837837838, 'c1ccc(-c2ccccc2)cc1'), min:(0.20833333333333334, 'C=Cc1cccc(C=C)c1')
[0.3721177577972412] Updated in round 120! max:(0.7837837837837838, 'c1ccc(-c2ccccc2)cc1'), min:(0.2222222222222222, 'c1cc2c3cc1c1ccc2cc1-3')
[0.37302398681640625] Updated in round 121! max:(0.7837837837837838, 'c1ccc(-c2ccccc2)cc1'), min:(0.2222222222222222, 'c1cc2c3c4ccc(cc4)c3c1=2')
[0.3738985061645508] Updated in round 122! max:(0.7837837837837838, 'c1ccc(-c2ccccc2)cc1'), min:(0.22580645161290322, 'C#CC#CC(=C)C=CC=Cc1ccccc1')
[0.3871440887451172] Updated in round 123! max:(0.7837837837837838, 'c1ccc(-c2ccccc2)cc1'), min:(0.22580645161290322, 'C#CC=CC(C=Cc1ccccc1)=CC=C')
[0.3881707191467285] Updated in round 124! max:(0.7837837837837838, 'c1ccc(-c2ccccc2)cc1'), min:(0.22950819672131148, 'C=CC#CC(=C)C=C(C=C)c1ccccc1')
[0.389040470123291] Updated in round 125! max:(0.7837837837837838, 'c1ccc(-c2ccccc2)cc1'), min:(0.22950819672131148, 'C=CC=C(C=Cc1ccccc1)C(=C)C=C')
[0.38999080657958984] Updated in round 126! max:(0.7837837837837838, 'c1ccc(-c2ccccc2)cc1'), min:(0.23255813953488372, 'C=c1c2cccc1c2')
[0.3909292221069336] Updated in round 127! max:(0.7837837837837838, 'c1ccc(-c2ccccc2)cc1'), min:(0.24193548387096775, 'C1#CC1=Cc1cccc2c3ccc(cc3)c12')
[0.4085071086883545] Updated in round 128! max:(0.7837837837837838, 'c1ccc(-c2ccccc2)cc1'), min:(0.24193548387096775, 'C1#CC(c2cc3cc(c2)c2cccc3c2)=C1')
[0.409665584564209] Updated in round 129! max:(0.7837837837837838, 'c1ccc(-c2ccccc2)cc1'), min:(0.2459016393442623, 'C=C(C=CC=Cc1ccccc1)C=C1C#C1')
[0.4108405113220215] Updated in round 130! max:(0.7837837837837838, 'c1ccc(-c2ccccc2)cc1'), min:(0.25, 'C#CC(C=C)=CC=Cc1ccccc1')
[0.4118993282318115] Updated in round 131! max:(0.7837837837837838, 'c1ccc(-c2ccccc2)cc1'), min:(0.25, 'C=CC(=C)C=CC=Cc1ccccc1')
[0.41330766677856445] Updated in round 132! max:(0.7837837837837838, 'c1ccc(-c2ccccc2)cc1'), min:(0.2545454545454545, 'C#CC(=C)C=CC(=C)c1ccccc1')
[0.4291555881500244] Updated in round 133! max:(0.7837837837837838, 'c1ccc(-c2ccccc2)cc1'), min:(0.2545454545454545, 'C#Cc1cccc(C2=CC(C=C)=C2)c1')
[0.4304201602935791] Updated in round 134! max:(0.7837837837837838, 'c1ccc(-c2ccccc2)cc1'), min:(0.2553191489361702, 'c1cc2cc(c1)c1cc2c1')
[0.43158459663391113] Updated in round 135! max:(0.7837837837837838, 'c1ccc(-c2ccccc2)cc1'), min:(0.2608695652173913, 'C=C1C(=C)c2ccccc21')
[0.433274507522583] Updated in round 136! max:(0.7837837837837838, 'c1ccc(-c2ccccc2)cc1'), min:(0.26229508196721313, 'C1#CC1=Cc1cccc(-c2cc3cc-3c2)c1')
[0.43445301055908203] Updated in round 137! max:(0.7837837837837838, 'c1ccc(-c2ccccc2)cc1'), min:(0.26229508196721313, 'C=CC=Cc1cc2ccc1-c1ccc-2cc1')
[0.449251651763916] Updated in round 138! max:(0.7837837837837838, 'c1ccc(-c2ccccc2)cc1'), min:(0.26229508196721313, 'C1#CC(c2cccc3c4ccc(cc4)c23)=C1')
[0.45068359375] Updated in round 139! max:(0.7837837837837838, 'c1ccc(-c2ccccc2)cc1'), min:(0.26666666666666666, 'C=C(C=CC=Cc1ccccc1)C1=CC#C1')
[0.4517662525177002] Updated in round 140! max:(0.7837837837837838, 'c1ccc(-c2ccccc2)cc1'), min:(0.26785714285714285, 'C=Cc1ccc(-c2cc3ccc2-3)cc1')
[0.46944499015808105] Updated in round 141! max:(0.7837837837837838, 'c1ccc(-c2ccccc2)cc1'), min:(0.2692307692307692, 'c1cc2cc(c1)c1c3ccc2c1-3')
[0.47066617012023926] Updated in round 142! max:(0.7837837837837838, 'c1ccc(-c2ccccc2)cc1'), min:(0.2711864406779661, 'C=CC=C(C=Cc1ccccc1)C1=CC1=C')
[0.472123384475708] Updated in round 143! max:(0.7837837837837838, 'c1ccc(-c2ccccc2)cc1'), min:(0.2765957446808511, 'C1=C2C=C2c2ccc1cc2')
[0.47380971908569336] Updated in round 144! max:(0.7837837837837838, 'c1ccc(-c2ccccc2)cc1'), min:(0.28, 'C=CC(=C)C=Cc1ccccc1')
[0.4903585910797119] Updated in round 145! max:(0.7837837837837838, 'c1ccc(-c2ccccc2)cc1'), min:(0.2826086956521739, 'C=CC1=Cc2ccccc21')
[0.49167656898498535] Updated in round 146! max:(0.7837837837837838, 'c1ccc(-c2ccccc2)cc1'), min:(0.2833333333333333, 'C=CC#Cc1cc2cc(c1)-c1ccccc1-2')
[0.49274563789367676] Updated in round 147! max:(0.7837837837837838, 'c1ccc(-c2ccccc2)cc1'), min:(0.2833333333333333, 'C#CC=Cc1cc2cc(c1)-c1ccccc1-2')
[0.4936952590942383] Updated in round 148! max:(0.7837837837837838, 'c1ccc(-c2ccccc2)cc1'), min:(0.2857142857142857, 'C1#Cc2ccccc21')
[0.4951629638671875] Updated in round 149! max:(0.7837837837837838, 'c1ccc(-c2ccccc2)cc1'), min:(0.288135593220339, 'C=C1C=C1c1cc2ccc1-c1ccc-2cc1')
[0.49646973609924316] Updated in round 150! max:(0.7837837837837838, 'c1ccc(-c2ccccc2)cc1'), min:(0.2909090909090909, 'C#Cc1ccc(-c2c3cccc2-3)cc1')
[0.5153460502624512] Updated in round 151! max:(0.7837837837837838, 'c1ccc(-c2ccccc2)cc1'), min:(0.29411764705882354, 'c1ccc2c(c1)-c1cc3cc-3c1-2')
[0.516676664352417] Updated in round 152! max:(0.7837837837837838, 'c1ccc(-c2ccccc2)cc1'), min:(0.3, 'C=CC1=C2C(=C1)c1cccc2c1')
[0.5181121826171875] Updated in round 153! max:(0.7837837837837838, 'c1ccc(-c2ccccc2)cc1'), min:(0.30158730158730157, 'C#CC1=C2C1=C2c1ccc2c(c1)-c1cccc-2c1')
[0.519395112991333] Updated in round 154! max:(0.7837837837837838, 'c1ccc(-c2ccccc2)cc1'), min:(0.30158730158730157, 'C=CC1=C(c2ccc3c(c2)-c2cccc-3c2)C1=C')
[0.5209481716156006] Updated in round 155! max:(0.7837837837837838, 'c1ccc(-c2ccccc2)cc1'), min:(0.3050847457627119, 'C=CC#Cc1cccc(-c2c3cccc2-3)c1')
[0.5220236778259277] Updated in round 156! max:(0.7837837837837838, 'c1ccc(-c2ccccc2)cc1'), min:(0.3050847457627119, 'C#CC=Cc1cccc(-c2cc3ccc2-3)c1')
[0.5340356826782227] Updated in round 157! max:(0.7837837837837838, 'c1ccc(-c2ccccc2)cc1'), min:(0.3050847457627119, 'C1#CC(c2cc3cc(c2)-c2ccc-3cc2)=C1')
[0.5468611717224121] Updated in round 158! max:(0.7837837837837838, 'c1ccc(-c2ccccc2)cc1'), min:(0.3103448275862069, 'C#Cc1ccc(-c2ccc(C#C)cc2)cc1')
[0.5480902194976807] Updated in round 159! max:(0.7837837837837838, 'c1ccc(-c2ccccc2)cc1'), min:(0.3103448275862069, 'C=C1C=C1c1cc2cc(c1)-c1ccccc1-2')
[0.5642082691192627] Updated in round 160! max:(0.7837837837837838, 'c1ccc(-c2ccccc2)cc1'), min:(0.3111111111111111, 'C#CC#Cc1ccccc1')
[0.5657639503479004] Updated in round 161! max:(0.7837837837837838, 'c1ccc(-c2ccccc2)cc1'), min:(0.3148148148148148, 'C=Cc1cc2ccc1c1ccccc21')
[0.5673704147338867] Updated in round 162! max:(0.7837837837837838, 'c1ccc(-c2ccccc2)cc1'), min:(0.31746031746031744, 'C=c1c2c#cc=2c2cccc(c2)c2ccccc12')
[0.5819616317749023] Updated in round 163! max:(0.7837837837837838, 'c1ccc(-c2ccccc2)cc1'), min:(0.3181818181818182, 'C#CC1=CC(c2cccc(-c3ccc(C#C)cc3)c2)=C1')
[0.5845391750335693] Updated in round 164! max:(0.7837837837837838, 'c1ccc(-c2ccccc2)cc1'), min:(0.3181818181818182, 'C=CC(=C)c1ccccc1')
[0.6018099784851074] Updated in round 165! max:(0.7837837837837838, 'c1ccc(-c2ccccc2)cc1'), min:(0.3225806451612903, 'C=CC1=CC(c2cccc3c2-c2ccccc2-3)=C1')
[0.6041326522827148] Updated in round 166! max:(0.7837837837837838, 'c1ccc(-c2ccccc2)cc1'), min:(0.3225806451612903, 'C=c1c2ccccc2c2cccc(c2)c2c3c1c23')
[0.6055006980895996] Updated in round 167! max:(0.7837837837837838, 'c1ccc(-c2ccccc2)cc1'), min:(0.3225806451612903, 'C#Cc1ccc(-c2cccc(C=C3C#C3)c2)cc1')
[0.6068642139434814] Updated in round 168! max:(0.7837837837837838, 'c1ccc(-c2ccccc2)cc1'), min:(0.3225806451612903, 'C#CC=Cc1cccc(-c2ccc(C#C)cc2)c1')
[0.6257145404815674] Updated in round 169! max:(0.7837837837837838, 'c1ccc(-c2ccccc2)cc1'), min:(0.3275862068965517, 'C1=CC1=Cc1cccc(-c2cc3ccc2-3)c1')
[0.6272304058074951] Updated in round 170! max:(0.7837837837837838, 'c1ccc(-c2ccccc2)cc1'), min:(0.3275862068965517, 'C#CC=Cc1ccc2c(c1)-c1cccc-2c1')
[0.6286027431488037] Updated in round 171! max:(0.7837837837837838, 'c1ccc(-c2ccccc2)cc1'), min:(0.3333333333333333, 'C=CC=C1C=C1c1cccc(-c2cccc(C=C)c2)c1')
[0.629840612411499] Updated in round 172! max:(0.7837837837837838, 'c1ccc(-c2ccccc2)cc1'), min:(0.3333333333333333, 'C#Cc1ccccc1-c1cccc2c1C2=C')
[0.6322324275970459] Updated in round 173! max:(0.7837837837837838, 'c1ccc(-c2ccccc2)cc1'), min:(0.3333333333333333, 'C#CC(=C)c1cccc2c1-c1ccccc1-2')
[0.6486785411834717] Updated in round 174! max:(0.7837837837837838, 'c1ccc(-c2ccccc2)cc1'), min:(0.3384615384615385, 'C=CC1=C2C1=C2c1cccc(-c2cccc(C=C)c2)c1')
[0.650397777557373] Updated in round 175! max:(0.7837837837837838, 'c1ccc(-c2ccccc2)cc1'), min:(0.3387096774193548, 'C=C1C=C2C=C2c2cccc(c2)-c2ccc1cc2')
[0.6520802974700928] Updated in round 176! max:(0.7837837837837838, 'c1ccc(-c2ccccc2)cc1'), min:(0.3387096774193548, 'C1#Cc2ccc(cc2)-c2cccc(c2)C2=CC1=C2')
[0.6718688011169434] Updated in round 177! max:(0.7837837837837838, 'c1ccc(-c2ccccc2)cc1'), min:(0.33962264150943394, 'C#Cc1ccc2cc1-c1ccccc1-2')
[0.6735639572143555] Updated in round 178! max:(0.7837837837837838, 'c1ccc(-c2ccccc2)cc1'), min:(0.33962264150943394, 'C=Cc1ccccc1-c1cc2ccc1-2')
[0.6933910846710205] Updated in round 179! max:(0.7837837837837838, 'c1ccc(-c2ccccc2)cc1'), min:(0.3442622950819672, 'C=C1C2=C3C2=C3c2cccc(c2)-c2ccc1cc2')
[0.6955180168151855] Updated in round 180! max:(0.7837837837837838, 'c1ccc(-c2ccccc2)cc1'), min:(0.3442622950819672, 'C#CC#Cc1cccc(-c2cccc(C#C)c2)c1')
[0.7141644954681396] Updated in round 181! max:(0.7837837837837838, 'c1ccc(-c2ccccc2)cc1'), min:(0.3442622950819672, 'C#Cc1ccc(-c2cccc(C3=CC#C3)c2)cc1')
[0.7153308391571045] Updated in round 182! max:(0.7837837837837838, 'c1ccc(-c2ccccc2)cc1'), min:(0.35, 'C=CC(=C)c1cccc(-c2cccc(C=C)c2)c1')
[0.7180242538452148] Updated in round 183! max:(0.7837837837837838, 'c1ccc(-c2ccccc2)cc1'), min:(0.3508771929824561, 'C1=CC1=Cc1cccc2c1-c1ccccc1-2')
[0.7199320793151855] Updated in round 184! max:(0.7837837837837838, 'c1ccc(-c2ccccc2)cc1'), min:(0.3508771929824561, 'C#CC1=Cc2cccc(c2)-c2ccc1cc2')
[0.7417190074920654] Updated in round 185! max:(0.7837837837837838, 'c1ccc(-c2ccccc2)cc1'), min:(0.3508771929824561, 'C1=C2C1=C2c1cccc(-c2cc3ccc2-3)c1')
[0.74468994140625] Updated in round 186! max:(0.7837837837837838, 'c1ccc(-c2ccccc2)cc1'), min:(0.35384615384615387, 'C=CC=C1C=C1c1cc(C=C)cc(-c2ccccc2)c1')
[0.746654748916626] Updated in round 187! max:(0.7837837837837838, 'c1ccc(-c2ccccc2)cc1'), min:(0.3541666666666667, 'C1=Cc2ccccc2-c2cc1c2')
[0.7489097118377686] Updated in round 188! max:(0.7837837837837838, 'c1ccc(-c2ccccc2)cc1'), min:(0.35714285714285715, 'C=C1C=C1c1cccc2c1-c1ccccc1-2')
[0.7682867050170898] Updated in round 189! max:(0.7837837837837838, 'c1ccc(-c2ccccc2)cc1'), min:(0.3584905660377358, 'C1=C2c3ccc(cc32)-c2ccccc21')
[0.770442008972168] Updated in round 190! max:(0.7837837837837838, 'c1ccc(-c2ccccc2)cc1'), min:(0.359375, 'C=Cc1cc(C2=C3C=C2C3=C)cc(-c2ccccc2)c1')
[0.7728378772735596] Updated in round 191! max:(0.7837837837837838, 'c1ccc(-c2ccccc2)cc1'), min:(0.359375, 'C#CC1=C(c2cc(C#C)cc(-c3ccccc3)c2)C1=C')
[0.7742083072662354] Updated in round 192! max:(0.7837837837837838, 'c1ccc(-c2ccccc2)cc1'), min:(0.36065573770491804, 'C#CC1=C(c2ccc3c(-c4ccccc4)c2-3)C#C1')
[0.7906911373138428] Updated in round 193! max:(0.7837837837837838, 'c1ccc(-c2ccccc2)cc1'), min:(0.36363636363636365, 'C1=CC2=C1c1cccc2c1')
[0.7927248477935791] Updated in round 194! max:(0.7837837837837838, 'c1ccc(-c2ccccc2)cc1'), min:(0.36538461538461536, 'C#Cc1cccc2c1-c1ccccc1-2')
[0.8117251396179199] Updated in round 195! max:(0.7837837837837838, 'c1ccc(-c2ccccc2)cc1'), min:(0.36666666666666664, 'C=CC1=C2C1=C2c1c2ccc(-c3ccccc3)c1-2')
[0.8141164779663086] Updated in round 196! max:(0.7837837837837838, 'c1ccc(-c2ccccc2)cc1'), min:(0.36666666666666664, 'C#Cc1ccccc1-c1cccc(C=C2C=C2)c1')
[0.816770076751709] Updated in round 197! max:(0.7837837837837838, 'c1ccc(-c2ccccc2)cc1'), min:(0.36666666666666664, 'C=Cc1cccc(-c2cccc(C3=CC=C3)c2)c1')
[0.8356804847717285] Updated in round 198! max:(0.7837837837837838, 'c1ccc(-c2ccccc2)cc1'), min:(0.37254901960784315, 'C=CC1=C(C=C)C(c2ccccc2)=C1')
[0.8380954265594482] Updated in round 199! max:(0.7837837837837838, 'c1ccc(-c2ccccc2)cc1'), min:(0.375, 'C#Cc1ccc(C2=CC3=C2C3=C)cc1-c1ccccc1')
[0.8566474914550781] Updated in round 200! max:(0.7837837837837838, 'c1ccc(-c2ccccc2)cc1'), min:(0.375, 'C#CC1=CC=C1c1cccc(-c2ccccc2C#C)c1')
[0.8591516017913818] Updated in round 201! max:(0.7837837837837838, 'c1ccc(-c2ccccc2)cc1'), min:(0.375, 'C#CC1=C(c2ccc(C=C)c(-c3ccccc3)c2)C=C1')
[0.877561092376709] Updated in round 202! max:(0.7837837837837838, 'c1ccc(-c2ccccc2)cc1'), min:(0.375, 'C#CC=C1C=C1c1cccc(-c2ccccc2C#C)c1')
[0.8810126781463623] Updated in round 203! max:(0.7837837837837838, 'c1ccc(-c2ccccc2)cc1'), min:(0.375, 'C1#CC1=C1c2ccc(cc2)-c2cccc1c2')
[0.9011030197143555] Updated in round 204! max:(0.7837837837837838, 'c1ccc(-c2ccccc2)cc1'), min:(0.375, 'C=CC=Cc1cc2cc(-c3ccccc3)c1-2')
[0.9037401676177979] Updated in round 205! max:(0.7837837837837838, 'c1ccc(-c2ccccc2)cc1'), min:(0.375, 'C1=C2C1=C2c1cccc2c1-c1cccc-2c1')
[0.9229135513305664] Updated in round 206! max:(0.7837837837837838, 'c1ccc(-c2ccccc2)cc1'), min:(0.3770491803278688, 'C1=C2C1=c1c2cc2cc(-c3ccccc3)cc1c2')
[0.9258532524108887] Updated in round 207! max:(0.7837837837837838, 'c1ccc(-c2ccccc2)cc1'), min:(0.3770491803278688, 'c1c2ccc-2c2ccc(c#1)c(-c1ccccc1)c2')
[0.9460701942443848] Updated in round 208! max:(0.7837837837837838, 'c1ccc(-c2ccccc2)cc1'), min:(0.3770491803278688, 'C1#CC2=C1C=Cc1cc2cc(-c2ccccc2)c1')
[0.94777512550354] Updated in round 209! max:(0.7837837837837838, 'c1ccc(-c2ccccc2)cc1'), min:(0.38095238095238093, 'C#Cc1ccc(C2=C3C=C2C3=C)cc1-c1ccccc1')
[0.9498343467712402] Updated in round 210! max:(0.7837837837837838, 'c1ccc(-c2ccccc2)cc1'), min:(0.38095238095238093, 'C#CC1=CC(c2cccc(-c3ccccc3C#C)c2)=C1')
[0.9700934886932373] Updated in round 211! max:(0.7837837837837838, 'c1ccc(-c2ccccc2)cc1'), min:(0.38095238095238093, 'C#CC1=C(c2ccc(C#C)c(-c3ccccc3)c2)C1=C')
[0.9722812175750732] Updated in round 212! max:(0.7837837837837838, 'c1ccc(-c2ccccc2)cc1'), min:(0.38181818181818183, 'C=C1C=C1c1cc(-c2ccccc2)c2cc1-2')
[0.975034236907959] Updated in round 213! max:(0.7837837837837838, 'c1ccc(-c2ccccc2)cc1'), min:(0.38333333333333336, 'C=C1C=CC=C1c1c2ccc(-c3ccccc3)c1-2')
[0.994384765625] Updated in round 214! max:(0.7837837837837838, 'c1ccc(-c2ccccc2)cc1'), min:(0.38333333333333336, 'C=C1C=Cc2c1c1ccc2cc1-c1ccccc1')
[0.9970052242279053] Updated in round 215! max:(0.7837837837837838, 'c1ccc(-c2ccccc2)cc1'), min:(0.38333333333333336, 'C1=CC1=C1c2c1c1ccc2cc1-c1ccccc1')
[1.0007634162902832] Updated in round 216! max:(0.7837837837837838, 'c1ccc(-c2ccccc2)cc1'), min:(0.38333333333333336, 'C=C1C2=c3c(c4ccc3cc4-c3ccccc3)=C12')
[1.0229556560516357] Updated in round 217! max:(0.7837837837837838, 'c1ccc(-c2ccccc2)cc1'), min:(0.38333333333333336, 'C=CC1=CC=C1c1ccc2c(-c3ccccc3)c1-2')
[1.0457351207733154] Updated in round 218! max:(0.7837837837837838, 'c1ccc(-c2ccccc2)cc1'), min:(0.38333333333333336, 'C1=C2C3=CC2=C3c2cc1cc(-c1ccccc1)c2')
[1.0581855773925781] Updated in round 219! max:(0.7837837837837838, 'c1ccc(-c2ccccc2)cc1'), min:(0.38333333333333336, 'C#CC1=C(c2ccc3c(-c4ccccc4)c2-3)C=C1')
[1.0708086490631104] Updated in round 220! max:(0.7837837837837838, 'c1ccc(-c2ccccc2)cc1'), min:(0.38333333333333336, 'C#CC=C1C=C1c1ccc2c(-c3ccccc3)c1-2')
[1.0973155498504639] Updated in round 221! max:(0.7837837837837838, 'c1ccc(-c2ccccc2)cc1'), min:(0.38333333333333336, 'C=CC1=Cc2c1c1ccc2cc1-c1ccccc1')
[1.0999059677124023] Updated in round 222! max:(0.7837837837837838, 'c1ccc(-c2ccccc2)cc1'), min:(0.38333333333333336, 'C#CC1=c2c1cc1cc(-c3ccccc3)cc2c1')
[1.1016101837158203] Updated in round 223! max:(0.7837837837837838, 'c1ccc(-c2ccccc2)cc1'), min:(0.38461538461538464, 'C1=Cc2cccc(c2)-c2ccc1cc2')
[1.1202583312988281] Updated in round 224! max:(0.7837837837837838, 'c1ccc(-c2ccccc2)cc1'), min:(0.3898305084745763, 'C=C1C=C(c2c3ccc(-c4ccccc4)c2-3)C1=C')
[1.1399059295654297] Updated in round 225! max:(0.7837837837837838, 'c1ccc(-c2ccccc2)cc1'), min:(0.3898305084745763, 'C=C1C2=C3C2=C3c2cc1cc(-c1ccccc1)c2')
[1.1422696113586426] Updated in round 226! max:(0.7837837837837838, 'c1ccc(-c2ccccc2)cc1'), min:(0.3898305084745763, 'C=CC#Cc1ccc(C=C)c(-c2ccccc2)c1')
[1.1441466808319092] Updated in round 227! max:(0.7837837837837838, 'c1ccc(-c2ccccc2)cc1'), min:(0.3898305084745763, 'C=CC=Cc1ccc(C=C)c(-c2ccccc2)c1')
[1.163104772567749] Updated in round 228! max:(0.7837837837837838, 'c1ccc(-c2ccccc2)cc1'), min:(0.3898305084745763, 'C#Cc1cc(C2=CC#C2)cc(-c2ccccc2)c1')
[1.1655235290527344] Updated in round 229! max:(0.7837837837837838, 'c1ccc(-c2ccccc2)cc1'), min:(0.39215686274509803, 'C#Cc1cc(-c2ccccc2)c2cc1-2')
[1.1852951049804688] Updated in round 230! max:(0.7837837837837838, 'c1ccc(-c2ccccc2)cc1'), min:(0.39215686274509803, 'C=Cc1cc2cc(-c3ccccc3)c1=2')
[1.1891281604766846] Updated in round 231! max:(0.7837837837837838, 'c1ccc(-c2ccccc2)cc1'), min:(0.39655172413793105, 'C=c1c(=C)c2cc(-c3ccccc3)cc(c2)c1=C')
[1.211613416671753] Updated in round 232! max:(0.7837837837837838, 'c1ccc(-c2ccccc2)cc1'), min:(0.39655172413793105, 'C#CC(=C)c1cc(C=C)cc(-c2ccccc2)c1')
[1.2132339477539062] Updated in round 233! max:(0.7837837837837838, 'c1ccc(-c2ccccc2)cc1'), min:(0.3968253968253968, 'C=Cc1ccc(-c2ccccc2)cc1C1=CC2=CC1=C2')
[1.2341957092285156] Updated in round 234! max:(0.7837837837837838, 'c1ccc(-c2ccccc2)cc1'), min:(0.3968253968253968, 'C#Cc1ccc(-c2ccccc2)cc1C1=CC(=C)C=C1')
[1.235198736190796] Updated in round 235! max:(0.7837837837837838, 'c1ccc(-c2ccccc2)cc1'), min:(0.3968253968253968, 'C=Cc1c(C2=CC2=C2C#C2)cccc1-c1ccccc1')
[1.2361576557159424] Updated in round 236! max:(0.7837837837837838, 'c1ccc(-c2ccccc2)cc1'), min:(0.3968253968253968, 'C=Cc1c(C2=CC3=C2C3=C)cccc1-c1ccccc1')
[1.2715203762054443] Updated in round 237! max:(0.7837837837837838, 'c1ccc(-c2ccccc2)cc1'), min:(0.3968253968253968, 'C#Cc1ccc(-c2ccccc2)cc1C1=CC=C1C=C')
[1.3126585483551025] Updated in round 238! max:(0.7837837837837838, 'c1ccc(-c2ccccc2)cc1'), min:(0.3968253968253968, 'C#CC1=C(c2cc(-c3ccccc3)ccc2C=C)C=C1')
[1.3152101039886475] Updated in round 239! max:(0.7837837837837838, 'c1ccc(-c2ccccc2)cc1'), min:(0.3968253968253968, 'C#CC1=C(c2cccc(-c3ccccc3)c2C#C)C#C1')
[1.3362789154052734] Updated in round 240! max:(0.7837837837837838, 'c1ccc(-c2ccccc2)cc1'), min:(0.4, 'c1ccc(-c2cc3ccc2-c2cc4cc-3c2-4)cc1')
[1.357466220855713] Updated in round 241! max:(0.7837837837837838, 'c1ccc(-c2ccccc2)cc1'), min:(0.4, 'C=Cc1c(-c2ccccc2)ccc2c1C#C2')
[1.3831405639648438] Updated in round 242! max:(0.7837837837837838, 'c1ccc(-c2ccccc2)cc1'), min:(0.4, 'c1ccc(-c2cc3ccc2cc2cc4c-2c3-4)cc1')
[1.4257786273956299] Updated in round 243! max:(0.7837837837837838, 'c1ccc(-c2ccccc2)cc1'), min:(0.4, 'C1#CC1=Cc1ccc2c(-c3ccccc3)c1-2')
[1.4680118560791016] Updated in round 244! max:(0.7837837837837838, 'c1ccc(-c2ccccc2)cc1'), min:(0.4, 'C=C1C=Cc2cccc(c2)-c2ccccc21')
[1.4729537963867188] Updated in round 245! max:(0.7837837837837838, 'c1ccc(-c2ccccc2)cc1'), min:(0.4, 'C1#CC(c2cc3cc(-c4ccccc4)c2-3)=C1')
[1.4963476657867432] Updated in round 246! max:(0.7837837837837838, 'c1ccc(-c2ccccc2)cc1'), min:(0.4032258064516129, 'C=Cc1ccc(-c2ccccc2)cc1C1=CC(=C)C1=C')
[1.5184342861175537] Updated in round 247! max:(0.7837837837837838, 'c1ccc(-c2ccccc2)cc1'), min:(0.4032258064516129, 'C#CC1=CC(c2cccc(-c3ccccc3)c2C#C)=C1')
[1.5212781429290771] Updated in round 248! max:(0.7837837837837838, 'c1ccc(-c2ccccc2)cc1'), min:(0.4032258064516129, 'C#CC1=C2C1=C2c1cccc(-c2ccccc2)c1C#C')
[1.5235438346862793] Updated in round 249! max:(0.7837837837837838, 'c1ccc(-c2ccccc2)cc1'), min:(0.40425531914893614, 'c1ccc(-c2c3cc4c-3c2-4)cc1')
[1.5443437099456787] Updated in round 250! max:(0.7837837837837838, 'c1ccc(-c2ccccc2)cc1'), min:(0.4067796610169492, 'C=C1C=C2C=C1c1cccc(c1)-c1ccccc12')
[1.565453052520752] Updated in round 251! max:(0.7837837837837838, 'c1ccc(-c2ccccc2)cc1'), min:(0.4067796610169492, 'C=CC1=CC2=C1c1cccc(c1)-c1ccccc12')
[1.566833257675171] Updated in round 252! max:(0.7837837837837838, 'c1ccc(-c2ccccc2)cc1'), min:(0.4067796610169492, 'C=C1C2=Cc3ccccc3-c3cccc(c3)C1=C2')
[1.5804710388183594] Updated in round 253! max:(0.7837837837837838, 'c1ccc(-c2ccccc2)cc1'), min:(0.4067796610169492, 'C#CC=C1C2=C1c1ccccc1-c1cccc2c1')
[1.5968928337097168] Updated in round 254! max:(0.7837837837837838, 'c1ccc(-c2ccccc2)cc1'), min:(0.4067796610169492, 'C#CC1=C2C1=Cc1ccccc1-c1cccc2c1')
[1.6128628253936768] Updated in round 255! max:(0.7837837837837838, 'c1ccc(-c2ccccc2)cc1'), min:(0.4074074074074074, 'C#Cc1c(-c2ccccc2)ccc2c1C2=C')
[1.6290102005004883] Updated in round 256! max:(0.7837837837837838, 'c1ccc(-c2ccccc2)cc1'), min:(0.4074074074074074, 'C#Cc1cccc(-c2ccccc2C=C)c1')
[1.6511735916137695] Updated in round 257! max:(0.7837837837837838, 'c1ccc(-c2ccccc2)cc1'), min:(0.4098360655737705, 'C=Cc1c(C(=C)C2=CC2=C)cccc1-c1ccccc1')
[1.6709940433502197] Updated in round 258! max:(0.7837837837837838, 'c1ccc(-c2ccccc2)cc1'), min:(0.4098360655737705, 'C#CC(=C)C(=C)c1cccc(-c2ccccc2)c1C#C')
[1.673947811126709] Updated in round 259! max:(0.7837837837837838, 'c1ccc(-c2ccccc2)cc1'), min:(0.4117647058823529, 'c1ccc(-c2cc3c4cc2cc3-4)cc1')
[1.6916069984436035] Updated in round 260! max:(0.7837837837837838, 'c1ccc(-c2ccccc2)cc1'), min:(0.4126984126984127, 'C#Cc1c(-c2ccccc2)cccc1-c1cc2cc-2c1')
[1.7111215591430664] Updated in round 261! max:(0.7837837837837838, 'c1ccc(-c2ccccc2)cc1'), min:(0.41304347826086957, 'C=CC=C1C=C1c1ccccc1')
[1.7317306995391846] Updated in round 262! max:(0.7837837837837838, 'c1ccc(-c2ccccc2)cc1'), min:(0.41379310344827586, 'C=C1C=Cc2ccccc2-c2cccc(c2)C1=C')
[1.7522602081298828] Updated in round 263! max:(0.7837837837837838, 'c1ccc(-c2ccccc2)cc1'), min:(0.41379310344827586, 'C=C1C(=C)C2=C1c1cccc(c1)-c1ccccc12')
[1.7718453407287598] Updated in round 264! max:(0.7837837837837838, 'c1ccc(-c2ccccc2)cc1'), min:(0.41379310344827586, 'C#Cc1ccc(C2=CC=C2)cc1-c1ccccc1')
[1.7945261001586914] Updated in round 265! max:(0.7837837837837838, 'c1ccc(-c2ccccc2)cc1'), min:(0.41818181818181815, 'C1=C2C=C2c2ccc1cc2-c1ccccc1')
[1.8143706321716309] Updated in round 266! max:(0.7837837837837838, 'c1ccc(-c2ccccc2)cc1'), min:(0.41818181818181815, 'C1=C2C(=C1)c1cc2cc(-c2ccccc2)c1')
[1.8341376781463623] Updated in round 267! max:(0.7837837837837838, 'c1ccc(-c2ccccc2)cc1'), min:(0.42, 'C=Cc1cc2cc-2c1-c1ccccc1')
[1.8378705978393555] Updated in round 268! max:(0.7837837837837838, 'c1ccc(-c2ccccc2)cc1'), min:(0.42105263157894735, 'C=Cc1ccccc1-c1cccc(C2=CC2=C)c1')
[1.8607871532440186] Updated in round 269! max:(0.7837837837837838, 'c1ccc(-c2ccccc2)cc1'), min:(0.423728813559322, 'c1c2ccc(c#1)-c1cc-2cc(-c2ccccc2)c1')
[1.8810954093933105] Updated in round 270! max:(0.7837837837837838, 'c1ccc(-c2ccccc2)cc1'), min:(0.423728813559322, 'c1ccc2c(c#1)-c1ccc(-c3ccccc3)cc1-2')
[1.9001541137695312] Updated in round 271! max:(0.7837837837837838, 'c1ccc(-c2ccccc2)cc1'), min:(0.423728813559322, 'c1ccc(-c2ccc3c(c2)-c2cc4cc-4c2-3)cc1')
[1.9235458374023438] Updated in round 272! max:(0.7837837837837838, 'c1ccc(-c2ccccc2)cc1'), min:(0.423728813559322, 'c1ccc(-c2cccc3c2c2c4c3c3c=4c23)cc1')
[1.9436838626861572] Updated in round 273! max:(0.7837837837837838, 'c1ccc(-c2ccccc2)cc1'), min:(0.423728813559322, 'C1=C2C3=CC1=C2c1cccc(-c2ccccc2)c13')
[1.9658350944519043] Updated in round 274! max:(0.7837837837837838, 'c1ccc(-c2ccccc2)cc1'), min:(0.423728813559322, 'c1ccc(-c2cccc3c2c2c4ccc4c32)cc1')
[1.9701087474822998] Updated in round 275! max:(0.7837837837837838, 'c1ccc(-c2ccccc2)cc1'), min:(0.423728813559322, 'c1ccc(-c2cccc3c2-c2ccccc2-3)cc1')
[1.987647294998169] Updated in round 276! max:(0.7837837837837838, 'c1ccc(-c2ccccc2)cc1'), min:(0.423728813559322, 'C1#CC2=Cc3c(cccc3-c3ccccc3)C2=C1')
[2.0048160552978516] Updated in round 277! max:(0.7837837837837838, 'c1ccc(-c2ccccc2)cc1'), min:(0.423728813559322, 'C1=C2C3=Cc4ccc(-c5ccccc5)cc4C3=C12')
[2.0276052951812744] Updated in round 278! max:(0.7837837837837838, 'c1ccc(-c2ccccc2)cc1'), min:(0.423728813559322, 'c1c2c(c3cc(-c4ccccc4)ccc3c#1)=CC=2')
[2.03193998336792] Updated in round 279! max:(0.7837837837837838, 'c1ccc(-c2ccccc2)cc1'), min:(0.423728813559322, 'C1#Cc2ccc(-c3ccccc3)cc2C2=CC2=C1')
[2.0697622299194336] Updated in round 280! max:(0.7837837837837838, 'c1ccc(-c2ccccc2)cc1'), min:(0.42592592592592593, 'C#Cc1cc(-c2ccccc2)cc2c1C=C2')
[2.0898797512054443] Updated in round 281! max:(0.7837837837837838, 'c1ccc(-c2ccccc2)cc1'), min:(0.42592592592592593, 'C1=CC1=Cc1ccc2c(-c3ccccc3)c1-2')
[2.1152524948120117] Updated in round 282! max:(0.7837837837837838, 'c1ccc(-c2ccccc2)cc1'), min:(0.42592592592592593, 'C=Cc1cc2ccc1cc2-c1ccccc1')
[2.1380553245544434] Updated in round 283! max:(0.7837837837837838, 'c1ccc(-c2ccccc2)cc1'), min:(0.42592592592592593, 'C=C1c2c1c1ccc2cc1-c1ccccc1')
[2.1793789863586426] Updated in round 284! max:(0.7837837837837838, 'c1ccc(-c2ccccc2)cc1'), min:(0.43103448275862066, 'C#Cc1c2cc-2c2ccc(-c3ccccc3)cc12')
[2.204216718673706] Updated in round 285! max:(0.7837837837837838, 'c1ccc(-c2ccccc2)cc1'), min:(0.43103448275862066, 'C1=CC1=C1C=Cc2ccc(-c3ccccc3)cc21')
[2.228017807006836] Updated in round 286! max:(0.7837837837837838, 'c1ccc(-c2ccccc2)cc1'), min:(0.43103448275862066, 'C=C1C#Cc2cc(-c3ccccc3)ccc2C=C1')
[2.2668275833129883] Updated in round 287! max:(0.7837837837837838, 'c1ccc(-c2ccccc2)cc1'), min:(0.43103448275862066, 'C=Cc1ccc2c(-c3ccccc3)cccc2c1')
[2.3093700408935547] Updated in round 288! max:(0.7837837837837838, 'c1ccc(-c2ccccc2)cc1'), min:(0.43103448275862066, 'C=CC=CC1=Cc2c1cccc2-c1ccccc1')
[2.3255670070648193] Updated in round 289! max:(0.7837837837837838, 'c1ccc(-c2ccccc2)cc1'), min:(0.43103448275862066, 'C=C1C=CC#Cc2c1cccc2-c1ccccc1')
[2.3755152225494385] Updated in round 290! max:(0.7837837837837838, 'c1ccc(-c2ccccc2)cc1'), min:(0.43103448275862066, 'C=C1C#CC=Cc2c1cccc2-c1ccccc1')
[2.403362512588501] Updated in round 291! max:(0.7837837837837838, 'c1ccc(-c2ccccc2)cc1'), min:(0.43103448275862066, 'C=CC=C1C=Cc2cc(-c3ccccc3)ccc21')
[2.4303717613220215] Updated in round 292! max:(0.7837837837837838, 'c1ccc(-c2ccccc2)cc1'), min:(0.43103448275862066, 'c1ccc(-c2ccc3c(c2)c2c3c3c4c2c34)cc1')
[2.4602320194244385] Updated in round 293! max:(0.7837837837837838, 'c1ccc(-c2ccccc2)cc1'), min:(0.43103448275862066, 'C=C1C=C2C(=C1)c1c2cccc1-c1ccccc1')
[2.4769420623779297] Updated in round 294! max:(0.7837837837837838, 'c1ccc(-c2ccccc2)cc1'), min:(0.43103448275862066, 'C1#CC1=C1C2=C1c1c2cccc1-c1ccccc1')
[2.509617328643799] Updated in round 295! max:(0.7837837837837838, 'c1ccc(-c2ccccc2)cc1'), min:(0.43103448275862066, 'C#Cc1cc2c3ccc(-c4ccccc4)cc3c1=2')
[2.5707898139953613] Updated in round 296! max:(0.7837837837837838, 'c1ccc(-c2ccccc2)cc1'), min:(0.43103448275862066, 'C=CC1=C2C=C1c1ccc(-c3ccccc3)cc12')
[2.611867666244507] Updated in round 297! max:(0.7837837837837838, 'c1ccc(-c2ccccc2)cc1'), min:(0.43103448275862066, 'C#Cc1cc2c3ccc(-c4ccccc4)cc3c1-2')
[2.648486614227295] Updated in round 298! max:(0.7837837837837838, 'c1ccc(-c2ccccc2)cc1'), min:(0.43103448275862066, 'C#Cc1c2cc-2c2cccc(-c3ccccc3)c12')
[2.6914234161376953] Updated in round 299! max:(0.7837837837837838, 'c1ccc(-c2ccccc2)cc1'), min:(0.43103448275862066, 'C#Cc1cc2c3cccc(-c4ccccc4)c3c1=2')
[2.735783338546753] Updated in round 300! max:(0.7837837837837838, 'c1ccc(-c2ccccc2)cc1'), min:(0.43103448275862066, 'C=C1c2c#cc3ccc(-c4ccccc4)cc3c21')
[2.780773401260376] Updated in round 301! max:(0.7837837837837838, 'c1ccc(-c2ccccc2)cc1'), min:(0.4339622641509434, 'C#Cc1cc(C=C)ccc1-c1ccccc1')
[2.8064208030700684] Updated in round 302! max:(0.7837837837837838, 'c1ccc(-c2ccccc2)cc1'), min:(0.4339622641509434, 'C#Cc1cc(C=C)cc(-c2ccccc2)c1')
[2.83076810836792] Updated in round 303! max:(0.7837837837837838, 'c1ccc(-c2ccccc2)cc1'), min:(0.43548387096774194, 'C#Cc1ccc(-c2ccccc2)cc1-c1c2cccc1-2')
[2.875396490097046] Updated in round 304! max:(0.7837837837837838, 'c1ccc(-c2ccccc2)cc1'), min:(0.43859649122807015, 'C#CC#Cc1ccc(-c2ccccc2)cc1C=C')
[2.9198691844940186] Updated in round 305! max:(0.7837837837837838, 'c1ccc(-c2ccccc2)cc1'), min:(0.43859649122807015, 'C=CC=Cc1ccc(-c2ccccc2)cc1C=C')
[2.944149971008301] Updated in round 306! max:(0.7837837837837838, 'c1ccc(-c2ccccc2)cc1'), min:(0.43859649122807015, 'C=C1C(=C2C=C2)c2ccc(-c3ccccc3)cc21')
[3.0177676677703857] Updated in round 307! max:(0.7837837837837838, 'c1ccc(-c2ccccc2)cc1'), min:(0.43859649122807015, 'C=C1C(=C2C#C2)c2cccc(-c3ccccc3)c21')
[3.065999984741211] Updated in round 308! max:(0.7837837837837838, 'c1ccc(-c2ccccc2)cc1'), min:(0.43859649122807015, 'C#CC(=C)C1=Cc2cccc(-c3ccccc3)c21')
[3.1042439937591553] Updated in round 309! max:(0.7837837837837838, 'c1ccc(-c2ccccc2)cc1'), min:(0.43859649122807015, 'C=CC1=Cc2cc(-c3ccccc3)ccc2C1=C')
[3.151169538497925] Updated in round 310! max:(0.7837837837837838, 'c1ccc(-c2ccccc2)cc1'), min:(0.43859649122807015, 'C=CC=C1C(=C)c2cccc(-c3ccccc3)c21')
[3.168468952178955] Updated in round 311! max:(0.7837837837837838, 'c1ccc(-c2ccccc2)cc1'), min:(0.43859649122807015, 'C#CC1=C(C=C)c2c1cccc2-c1ccccc1')
[3.170001745223999] Updated in round 312! max:(0.7837837837837838, 'c1ccc(-c2ccccc2)cc1'), min:(0.43859649122807015, 'C=CC1=C(C=C)c2c1cccc2-c1ccccc1')
[3.1905581951141357] Updated in round 313! max:(0.7837837837837838, 'c1ccc(-c2ccccc2)cc1'), min:(0.43859649122807015, 'C=c1ccc2ccc(-c3ccccc3)cc2c1=C')
[3.20759916305542] Updated in round 314! max:(0.7837837837837838, 'c1ccc(-c2ccccc2)cc1'), min:(0.43859649122807015, 'c1ccc(-c2cccc3c2c2c4c5c3c4c25)cc1')
[3.208888292312622] Updated in round 315! max:(0.7837837837837838, 'c1ccc(-c2ccccc2)cc1'), min:(0.43859649122807015, 'C=c1c2c(=C)c3ccc(-c4ccccc4)cc3c1=2')
[3.2268564701080322] Updated in round 316! max:(0.7837837837837838, 'c1ccc(-c2ccccc2)cc1'), min:(0.43859649122807015, 'C#Cc1ccc(-c2ccccc2)cc1C#CC=C')
[3.2279603481292725] Updated in round 317! max:(0.7837837837837838, 'c1ccc(-c2ccccc2)cc1'), min:(0.43859649122807015, 'C=CC=Cc1cccc(-c2ccccc2)c1C=C')
[3.245250701904297] Updated in round 318! max:(0.7837837837837838, 'c1ccc(-c2ccccc2)cc1'), min:(0.43859649122807015, 'C#Cc1c(C2=C3C=C32)cccc1-c1ccccc1')
[3.2471160888671875] Updated in round 319! max:(0.7837837837837838, 'c1ccc(-c2ccccc2)cc1'), min:(0.4444444444444444, 'c1ccccc(-c2cc3cc-3c2)cccc1')
[3.2494077682495117] Updated in round 320! max:(0.7837837837837838, 'c1ccc(-c2ccccc2)cc1'), min:(0.4444444444444444, 'c1ccc(-c2c3cccc2-3)ccc2cc-2c1')
[3.2506375312805176] Updated in round 321! max:(0.7837837837837838, 'c1ccc(-c2ccccc2)cc1'), min:(0.4444444444444444, 'C1=C2C=C2c2ccc1c(-c1ccccc1)c2')
[3.27113676071167] Updated in round 322! max:(0.7837837837837838, 'c1ccc(-c2ccccc2)cc1'), min:(0.4461538461538462, 'C#Cc1ccc(-c2cccc(-c3ccccc3)c2)cc1C=C')
[3.2893269062042236] Updated in round 323! max:(0.7837837837837838, 'c1ccc(-c2ccccc2)cc1'), min:(0.44642857142857145, 'C#CC(=C)c1ccc(-c2ccccc2)cc1C=C')
[3.2914862632751465] Updated in round 324! max:(0.7837837837837838, 'c1ccc(-c2ccccc2)cc1'), min:(0.44642857142857145, 'C=CC(=C)c1cccc(-c2ccccc2)c1C=C')
[3.292465925216675] Updated in round 325! max:(0.7837837837837838, 'c1ccc(-c2ccccc2)cc1'), min:(0.4482758620689655, 'c1cc2cc(c#1)-c1c(-c3ccccc3)cccc1-2')
[3.31065034866333] Updated in round 326! max:(0.7837837837837838, 'c1ccc(-c2ccccc2)cc1'), min:(0.4489795918367347, 'C=Cc1c2cc(-c3ccccc3)cc1-2')
[3.312774181365967] Updated in round 327! max:(0.7837837837837838, 'c1ccc(-c2ccccc2)cc1'), min:(0.4528301886792453, 'C#CC#Cc1ccccc1-c1ccccc1')
[3.3302462100982666] Updated in round 328! max:(0.7837837837837838, 'c1ccc(-c2ccccc2)cc1'), min:(0.4528301886792453, 'C1=C2C=C1c1ccc2cc1-c1ccccc1')
[3.3492207527160645] Updated in round 329! max:(0.7837837837837838, 'c1ccc(-c2ccccc2)cc1'), min:(0.45614035087719296, 'C#Cc1ccc2ccc(-c3ccccc3)ccc1-2')
[3.351357936859131] Updated in round 330! max:(0.7837837837837838, 'c1ccc(-c2ccccc2)cc1'), min:(0.45614035087719296, 'C#Cc1ccc2ccc-2ccc1-c1ccccc1')
[3.3703160285949707] Updated in round 331! max:(0.7837837837837838, 'c1ccc(-c2ccccc2)cc1'), min:(0.45614035087719296, 'C#Cc1ccccc2cccc1-c1ccc-2cc1')
[3.410376787185669] Updated in round 332! max:(0.7837837837837838, 'c1ccc(-c2ccccc2)cc1'), min:(0.45614035087719296, 'C1=Cc2cccc(-c3ccccc3)c2-c2cc1c2')
[3.4537370204925537] Updated in round 333! max:(0.7837837837837838, 'c1ccc(-c2ccccc2)cc1'), min:(0.45614035087719296, 'C#CC#CC#Cc1ccc(-c2ccccc2)cc1')
[3.4576480388641357] Updated in round 334! max:(0.7837837837837838, 'c1ccc(-c2ccccc2)cc1'), min:(0.45614035087719296, 'C=CC1=C(C=Cc2ccccc2)c2cccc1c2')
[3.480780601501465] Updated in round 335! max:(0.7837837837837838, 'c1ccc(-c2ccccc2)cc1'), min:(0.45901639344262296, 'C=CC1=C(C#Cc2cccc(-c3ccccc3)c2)C=C1')
[3.5244972705841064] Updated in round 336! max:(0.7837837837837838, 'c1ccc(-c2ccccc2)cc1'), min:(0.45901639344262296, 'C#CC1=C(C=Cc2cccc(-c3ccccc3)c2)C=C1')
[3.5476815700531006] Updated in round 337! max:(0.7837837837837838, 'c1ccc(-c2ccccc2)cc1'), min:(0.45901639344262296, 'C#CC#CC=CC#Cc1cccc(-c2ccccc2)c1')
[3.5497725009918213] Updated in round 338! max:(0.7837837837837838, 'c1ccc(-c2ccccc2)cc1'), min:(0.45901639344262296, 'C#CC=CC=CC=Cc1cccc(-c2ccccc2)c1')
[3.5518693923950195] Updated in round 339! max:(0.7837837837837838, 'c1ccc(-c2ccccc2)cc1'), min:(0.45901639344262296, 'C#CC=C1C=C1C=Cc1cccc(-c2ccccc2)c1')
[3.57525372505188] Updated in round 340! max:(0.7837837837837838, 'c1ccc(-c2ccccc2)cc1'), min:(0.45901639344262296, 'C=Cc1c(-c2ccccc2)cccc1-c1ccccc1')
[3.577376365661621] Updated in round 341! max:(0.7837837837837838, 'c1ccc(-c2ccccc2)cc1'), min:(0.4642857142857143, 'C#Cc1ccc(-c2ccccc2)ccc2c3c1c23')
[3.580399751663208] Updated in round 342! max:(0.7837837837837838, 'c1ccc(-c2ccccc2)cc1'), min:(0.4642857142857143, 'C#CC(=C)C#Cc1ccc(-c2ccccc2)cc1')
[3.6042821407318115] Updated in round 343! max:(0.7837837837837838, 'c1ccc(-c2ccccc2)cc1'), min:(0.4642857142857143, 'C#CC#CC(=C)c1ccc(-c2ccccc2)cc1')
[3.626864433288574] Updated in round 344! max:(0.7837837837837838, 'c1ccc(-c2ccccc2)cc1'), min:(0.4666666666666667, 'C=Cc1cccc(C=C)cc(-c2ccccc2)ccc1')
[3.6539132595062256] Updated in round 345! max:(0.7837837837837838, 'c1ccc(-c2ccccc2)cc1'), min:(0.4666666666666667, 'C#Cc1cccccc(-c2cccc(C#C)c2)ccc1')
[3.6789066791534424] Updated in round 346! max:(0.7837837837837838, 'c1ccc(-c2ccccc2)cc1'), min:(0.4666666666666667, 'C#CC(C#Cc1cccc(-c2ccccc2)c1)=C1C#C1')
[3.6991443634033203] Updated in round 347! max:(0.7837837837837838, 'c1ccc(-c2ccccc2)cc1'), min:(0.4666666666666667, 'C#CC(=C1C#CC1=C)c1cccc(-c2ccccc2)c1')
[3.7023584842681885] Updated in round 348! max:(0.7837837837837838, 'c1ccc(-c2ccccc2)cc1'), min:(0.4666666666666667, 'C=CC(=C1C2=CC=C21)c1cccc(-c2ccccc2)c1')
[3.706982374191284] Updated in round 349! max:(0.7837837837837838, 'c1ccc(-c2ccccc2)cc1'), min:(0.4666666666666667, 'C#CC(=Cc1cccc(-c2ccccc2)c1)C=C1C=C1')
[3.7354376316070557] Updated in round 350! max:(0.7837837837837838, 'c1ccc(-c2ccccc2)cc1'), min:(0.4666666666666667, 'C#CC1=CC(=C)C1=Cc1cccc(-c2ccccc2)c1')
[3.7593770027160645] Updated in round 351! max:(0.7837837837837838, 'c1ccc(-c2ccccc2)cc1'), min:(0.4666666666666667, 'C#CC(C#C)=CC#Cc1cccc(-c2ccccc2)c1')
[3.8145651817321777] Updated in round 352! max:(0.7837837837837838, 'c1ccc(-c2ccccc2)cc1'), min:(0.4666666666666667, 'C#CC(=C)C=CC=Cc1cccc(-c2ccccc2)c1')
[3.817391872406006] Updated in round 353! max:(0.7837837837837838, 'c1ccc(-c2ccccc2)cc1'), min:(0.4666666666666667, 'C=CC1=C(C#Cc2cccc(-c3ccccc3)c2)C1=C')
[3.854830265045166] Updated in round 354! max:(0.7837837837837838, 'c1ccc(-c2ccccc2)cc1'), min:(0.4666666666666667, 'C=CC=C(C1=CC=C1)c1cccc(-c2ccccc2)c1')
[3.8732166290283203] Updated in round 355! max:(0.7837837837837838, 'c1ccc(-c2ccccc2)cc1'), min:(0.4666666666666667, 'C=CC=C(C=C1C#C1)c1cccc(-c2ccccc2)c1')
[3.892543315887451] Updated in round 356! max:(0.7837837837837838, 'c1ccc(-c2ccccc2)cc1'), min:(0.4666666666666667, 'C=CC=CC(=C1C#C1)c1cccc(-c2ccccc2)c1')
[3.951507091522217] Updated in round 357! max:(0.7837837837837838, 'c1ccc(-c2ccccc2)cc1'), min:(0.4666666666666667, 'C#CC=CC(=C)C#Cc1cccc(-c2ccccc2)c1')
[3.9773809909820557] Updated in round 358! max:(0.7837837837837838, 'c1ccc(-c2ccccc2)cc1'), min:(0.4666666666666667, 'C#CC=CC(C=C)=Cc1cccc(-c2ccccc2)c1')
[4.002833843231201] Updated in round 359! max:(0.7837837837837838, 'c1ccc(-c2ccccc2)cc1'), min:(0.4666666666666667, 'C=CC=CC=CC(=C)c1cccc(-c2ccccc2)c1')
[4.028060674667358] Updated in round 360! max:(0.7837837837837838, 'c1ccc(-c2ccccc2)cc1'), min:(0.4666666666666667, 'C#CC(=CC#CC=C)c1cccc(-c2ccccc2)c1')
[4.050835371017456] Updated in round 361! max:(0.7837837837837838, 'c1ccc(-c2ccccc2)cc1'), min:(0.4666666666666667, 'C#CC#CC(=CC#C)c1cccc(-c2ccccc2)c1')
[4.076157093048096] Updated in round 362! max:(0.7837837837837838, 'c1ccc(-c2ccccc2)cc1'), min:(0.46938775510204084, 'c1ccc(-c2cc3c4ccc4c23)cc1')
[4.098561525344849] Updated in round 363! max:(0.7837837837837838, 'c1ccc(-c2ccccc2)cc1'), min:(0.46938775510204084, 'c1ccc(-c2cc3ccc2cc3)cc1')
[4.125923156738281] Updated in round 364! max:(0.7837837837837838, 'c1ccc(-c2ccccc2)cc1'), min:(0.4716981132075472, 'c1ccc(-c2cccc3c4c3c3c2c43)cc1')
[4.1515233516693115] Updated in round 365! max:(0.7837837837837838, 'c1ccc(-c2ccccc2)cc1'), min:(0.4716981132075472, 'c1ccc(-c2ccc3ccc4c(c2)c34)cc1')
[4.2207512855529785] Updated in round 366! max:(0.7837837837837838, 'c1ccc(-c2ccccc2)cc1'), min:(0.4716981132075472, 'c1cccc2ccc(cc1)-c1cc-2c2cc1-2')
[4.225926160812378] Updated in round 367! max:(0.7837837837837838, 'c1ccc(-c2ccccc2)cc1'), min:(0.4716981132075472, 'c1ccc(-c2cc3cccc3c3cc23)cc1')
[4.252335071563721] Updated in round 368! max:(0.7837837837837838, 'c1ccc(-c2ccccc2)cc1'), min:(0.4716981132075472, 'c1ccc(-c2ccc3c4cccc3c24)cc1')
[4.295392274856567] Updated in round 369! max:(0.7837837837837838, 'c1ccc(-c2ccccc2)cc1'), min:(0.4716981132075472, 'c1ccc(-c2ccc3c4ccc=4c3c2)cc1')
[4.347692489624023] Updated in round 370! max:(0.7837837837837838, 'c1ccc(-c2ccccc2)cc1'), min:(0.47368421052631576, 'c1ccc(-c2cccc3cc4ccc2c-3c4)cc1')
[4.410721063613892] Updated in round 371! max:(0.7837837837837838, 'c1ccc(-c2ccccc2)cc1'), min:(0.47368421052631576, 'c1ccc(-c2cc3c4c(c2)-c2c-3cccc2-4)cc1')
[4.438581466674805] Updated in round 372! max:(0.7837837837837838, 'c1ccc(-c2ccccc2)cc1'), min:(0.4745762711864407, 'C=Cc1cc(-c2ccccc2)cccc2cc(c2)c1=C')
[4.465837240219116] Updated in round 373! max:(0.7837837837837838, 'c1ccc(-c2ccccc2)cc1'), min:(0.4745762711864407, 'C=Cc1cc(-c2ccccc2)cccc2c(=C)c(=C)c1-2')
[4.493789434432983] Updated in round 374! max:(0.7837837837837838, 'c1ccc(-c2ccccc2)cc1'), min:(0.4745762711864407, 'C=CC1=C2C(C(=C)c3cccc(-c4ccccc4)c3)=C12')
[4.5689167976379395] Updated in round 375! max:(0.7837837837837838, 'c1ccc(-c2ccccc2)cc1'), min:(0.4745762711864407, 'C=CC(=CC1=CC1=C)c1cccc(-c2ccccc2)c1')
[4.616340398788452] Updated in round 376! max:(0.7837837837837838, 'c1ccc(-c2ccccc2)cc1'), min:(0.4745762711864407, 'C#CC(=C)C(=C)C=Cc1cccc(-c2ccccc2)c1')
[4.664728403091431] Updated in round 377! max:(0.7837837837837838, 'c1ccc(-c2ccccc2)cc1'), min:(0.4745762711864407, 'C#CC(C#C)=CC(=C)c1cccc(-c2ccccc2)c1')
[4.696741580963135] Updated in round 378! max:(0.7837837837837838, 'c1ccc(-c2ccccc2)cc1'), min:(0.4745762711864407, 'C#CC(C=C)=C(C=C)c1cccc(-c2ccccc2)c1')
[4.747361183166504] Updated in round 379! max:(0.7837837837837838, 'c1ccc(-c2ccccc2)cc1'), min:(0.4745762711864407, 'C#CC=CC(=C)C(=C)c1cccc(-c2ccccc2)c1')
[4.817764520645142] Updated in round 380! max:(0.7837837837837838, 'c1ccc(-c2ccccc2)cc1'), min:(0.47540983606557374, 'C1#Cc2cc(-c3cccc(-c4ccccc4)c3)ccc21')
[4.866163015365601] Updated in round 381! max:(0.7837837837837838, 'c1ccc(-c2ccccc2)cc1'), min:(0.4791666666666667, 'C=C1c2cccc(c2)-c2cccc1c2')
[4.899992227554321] Updated in round 382! max:(0.7837837837837838, 'c1ccc(-c2ccccc2)cc1'), min:(0.4807692307692308, 'C1=CC1=C1c2ccc(-c3ccccc3)cc21')
[4.948885202407837] Updated in round 383! max:(0.7837837837837838, 'c1ccc(-c2ccccc2)cc1'), min:(0.4807692307692308, 'C#CC=C1c2cccc(-c3ccccc3)c21')
[4.976456642150879] Updated in round 384! max:(0.7837837837837838, 'c1ccc(-c2ccccc2)cc1'), min:(0.4807692307692308, 'C=C1C2=C1c1c2cccc1-c1ccccc1')
[5.02483868598938] Updated in round 385! max:(0.7837837837837838, 'c1ccc(-c2ccccc2)cc1'), min:(0.48214285714285715, 'C=Cc1c(-c2ccccc2)c2cc3cccc-3c1-2')
[5.376116037368774] Updated in round 386! max:(0.7837837837837838, 'c1ccc(-c2ccccc2)cc1'), min:(0.48214285714285715, 'C#Cc1c2c(-c3ccccc3)cccc3cc-3c1-2')
[5.429953098297119] Updated in round 387! max:(0.7837837837837838, 'c1ccc(-c2ccccc2)cc1'), min:(0.48214285714285715, 'C#Cc1ccc2cccc-2c(-c2ccccc2)c1')
[5.47991681098938] Updated in round 388! max:(0.7837837837837838, 'c1ccc(-c2ccccc2)cc1'), min:(0.48214285714285715, 'C#Cc1cccc(-c2cccccc3cc-3c2)c1')
[5.5696423053741455] Updated in round 389! max:(0.7837837837837838, 'c1ccc(-c2ccccc2)cc1'), min:(0.48214285714285715, 'C#Cc1cccccc(-c2cc3cc-3c2)ccc1')
[5.59893012046814] Updated in round 390! max:(0.7837837837837838, 'c1ccc(-c2ccccc2)cc1'), min:(0.48214285714285715, 'C=Cc1cc2cc(c1)-c1ccccccc-2cc1')
[5.622119426727295] Updated in round 391! max:(0.7837837837837838, 'c1ccc(-c2ccccc2)cc1'), min:(0.48214285714285715, 'C#Cc1cccc2cc(-c3ccccc3)ccc12')
[5.654831409454346] Updated in round 392! max:(0.7837837837837838, 'c1ccc(-c2ccccc2)cc1'), min:(0.4827586206896552, 'C#CC1=C(C=C)C(=C)c2cccccc(ccc2)C1=C')
[5.700754165649414] Updated in round 393! max:(0.7837837837837838, 'c1ccc(-c2ccccc2)cc1'), min:(0.48333333333333334, 'C=CC1=Cc2cc(-c3ccccc3)cccc3cc-3c21')
[5.901890277862549] Updated in round 394! max:(0.7837837837837838, 'c1ccc(-c2ccccc2)cc1'), min:(0.48333333333333334, 'C=CC=C1c2c#ccc(c2)-c2cccccc1ccc2')
[6.187419652938843] Updated in round 395! max:(0.7837837837837838, 'c1ccc(-c2ccccc2)cc1'), min:(0.48333333333333334, 'C=CC=c1c2cccc(-c3ccccc3)ccc3c1c2-3')
[6.3086748123168945] Updated in round 396! max:(0.7837837837837838, 'c1ccc(-c2ccccc2)cc1'), min:(0.48333333333333334, 'C=CC#Cc1cc2ccc(-c3ccccc3)cccc1-2')
[6.369064092636108] Updated in round 397! max:(0.7837837837837838, 'c1ccc(-c2ccccc2)cc1'), min:(0.48333333333333334, 'C=CC=Cc1cc2ccc1-c1cccccc-2ccc1')
[6.3775622844696045] Updated in round 398! max:(0.7837837837837838, 'c1ccc(-c2ccccc2)cc1'), min:(0.48333333333333334, 'C#CC=Cc1ccc2cccc-2cc1-c1ccccc1')
[6.617246866226196] Updated in round 399! max:(0.7837837837837838, 'c1ccc(-c2ccccc2)cc1'), min:(0.48333333333333334, 'C=CC#Cc1ccc2cccc(-c3ccccc3)cc1-2')
[6.8521528244018555] Updated in round 400! max:(0.7837837837837838, 'c1ccc(-c2ccccc2)cc1'), min:(0.48333333333333334, 'C#Cc1ccc(-c2ccccc2)cccc2c3c1C=3C=2')
[6.972336292266846] Updated in round 401! max:(0.7837837837837838, 'c1ccc(-c2ccccc2)cc1'), min:(0.48333333333333334, 'C#Cc1ccc(-c2ccccc2)cccc2c(c1)C=C2')
[7.147053241729736] Updated in round 402! max:(0.7837837837837838, 'c1ccc(-c2ccccc2)cc1'), min:(0.48333333333333334, 'C=CC=C1C#CC(c2cccc(-c3ccccc3)c2)=C1')
[7.313451290130615] Updated in round 403! max:(0.7837837837837838, 'c1ccc(-c2ccccc2)cc1'), min:(0.48333333333333334, 'C=Cc1c#cc#cc1-c1cccc(-c2ccccc2)c1')
[7.441078424453735] Updated in round 404! max:(0.7837837837837838, 'c1ccc(-c2ccccc2)cc1'), min:(0.48333333333333334, 'C=Cc1cc(-c2ccccc2)cc2c1-c1cccc-2c1')
[7.592273473739624] Updated in round 405! max:(0.7837837837837838, 'c1ccc(-c2ccccc2)cc1'), min:(0.48333333333333334, 'C#Cc1c2c(-c3cccc(-c4ccccc4)c3)c3c-2c1-3')
[7.727709770202637] Updated in round 406! max:(0.7837837837837838, 'c1ccc(-c2ccccc2)cc1'), min:(0.48333333333333334, 'C=CC1=C2C=CC1=C2c1cccc(-c2ccccc2)c1')
[7.926483154296875] Updated in round 407! max:(0.7837837837837838, 'c1ccc(-c2ccccc2)cc1'), min:(0.48333333333333334, 'C=Cc1cc2c(-c3cccc(-c4ccccc4)c3)cc1-2')
[8.037319898605347] Updated in round 408! max:(0.7837837837837838, 'c1ccc(-c2ccccc2)cc1'), min:(0.48333333333333334, 'C#Cc1c#cc2c(-c3cccc(-c4ccccc4)c3)c1-2')
[8.161528587341309] Updated in round 409! max:(0.7837837837837838, 'c1ccc(-c2ccccc2)cc1'), min:(0.48333333333333334, 'C=Cc1ccc2c(-c3cccc(-c4ccccc4)c3)c1-2')
[8.255491733551025] Updated in round 410! max:(0.7837837837837838, 'c1ccc(-c2ccccc2)cc1'), min:(0.48333333333333334, 'C=CC=C1C=CC=C1c1cccc(-c2ccccc2)c1')
[8.566755533218384] Updated in round 411! max:(0.7837837837837838, 'c1ccc(-c2ccccc2)cc1'), min:(0.48333333333333334, 'C=CC=C1C2=CC(c3cccc(-c4ccccc4)c3)=C12')
[8.610917568206787] Updated in round 412! max:(0.7837837837837838, 'c1ccc(-c2ccccc2)cc1'), min:(0.48333333333333334, 'C#CC#CC1=C(c2cccc(-c3ccccc3)c2)C=C1')
[8.699484825134277] Updated in round 413! max:(0.7837837837837838, 'c1ccc(-c2ccccc2)cc1'), min:(0.4838709677419355, 'C=CC(=C)c1cccc(-c2ccccc2)cccc(=C)c1=C')
[8.820310831069946] Updated in round 414! max:(0.7837837837837838, 'c1ccc(-c2ccccc2)cc1'), min:(0.49019607843137253, 'C#Cc1cccc(C=C)c1-c1ccccc1')
[8.830600500106812] Updated in round 415! max:(0.7837837837837838, 'c1ccc(-c2ccccc2)cc1'), min:(0.49019607843137253, 'C#Cc1ccc(-c2ccccc2)cc1C=C')
[9.593620777130127] Updated in round 416! max:(0.7837837837837838, 'c1ccc(-c2ccccc2)cc1'), min:(0.4915254237288136, 'C=C1C=C1c1ccccccc(-c2ccccc2)cc1')
[10.011844873428345] Updated in round 417! max:(0.7837837837837838, 'c1ccc(-c2ccccc2)cc1'), min:(0.4915254237288136, 'C=C1C(=C)c2cc3cccc(-c4ccccc4)cc1c2-3')
[10.250156164169312] Updated in round 418! max:(0.7837837837837838, 'c1ccc(-c2ccccc2)cc1'), min:(0.4915254237288136, 'C=CC=c1cc2cccc(-c3ccccc3)cc-2c1=C')
[10.63040280342102] Updated in round 419! max:(0.7837837837837838, 'c1ccc(-c2ccccc2)cc1'), min:(0.4915254237288136, 'C=CC=c1c2ccc(-c3ccccc3)cccc(=C)c1=2')
[11.579303503036499] Updated in round 420! max:(0.7837837837837838, 'c1ccc(-c2ccccc2)cc1'), min:(0.4915254237288136, 'C=Cc1c#cc(C=C)ccc(-c2ccccc2)ccc1')
[12.215129852294922] Updated in round 421! max:(0.7837837837837838, 'c1ccc(-c2ccccc2)cc1'), min:(0.4915254237288136, 'C#Cc1c2c(ccc(-c3ccccc3)cccc1=C)=C2')
[12.236260652542114] Updated in round 422! max:(0.7837837837837838, 'c1ccc(-c2ccccc2)cc1'), min:(0.4915254237288136, 'C=CC(=C)c1cc(-c2ccccc2)cccc2ccc1-2')
[12.276907444000244] Updated in round 423! max:(0.7837837837837838, 'c1ccc(-c2ccccc2)cc1'), min:(0.4915254237288136, 'C=CC(=C)c1ccccc(-c2ccccc2)cccc1')
[12.296197652816772] Updated in round 424! max:(0.7837837837837838, 'c1ccc(-c2ccccc2)cc1'), min:(0.4915254237288136, 'C#Cc1c(C=C)cc2cccc(-c3ccccc3)cc1-2')
[12.300920486450195] Updated in round 425! max:(0.7837837837837838, 'c1ccc(-c2ccccc2)cc1'), min:(0.4915254237288136, 'C#CC=c1ccc(-c2ccccc2)cccc2c3c1c23')
[12.31509780883789] Updated in round 426! max:(0.7837837837837838, 'c1ccc(-c2ccccc2)cc1'), min:(0.4915254237288136, 'C#CC=c1cccc(-c2ccccc2)ccc2c3c1c2-3')
[12.316811323165894] Updated in round 427! max:(0.7837837837837838, 'c1ccc(-c2ccccc2)cc1'), min:(0.4915254237288136, 'C#Cc1ccc(-c2ccccc2)cccc2c(c1=C)=C2')
[12.349712133407593] Updated in round 428! max:(0.7837837837837838, 'c1ccc(-c2ccccc2)cc1'), min:(0.4915254237288136, 'C#Cc1c2ccc(-c3ccccc3)cccc-2c1C=C')
[12.363595485687256] Updated in round 429! max:(0.7837837837837838, 'c1ccc(-c2ccccc2)cc1'), min:(0.4915254237288136, 'C#Cc1cccc(-c2ccccc2)ccc(C#C)cc1')
[12.365206480026245] Updated in round 430! max:(0.7837837837837838, 'c1ccc(-c2ccccc2)cc1'), min:(0.4915254237288136, 'C#CC1=C(c2cccc(-c3ccccc3)c2)C#CC1=C')
[12.383231163024902] Updated in round 431! max:(0.7837837837837838, 'c1ccc(-c2ccccc2)cc1'), min:(0.4915254237288136, 'C=CC1=CC(=C)C(c2cccc(-c3ccccc3)c2)=C1')
[12.404782772064209] Updated in round 432! max:(0.7837837837837838, 'c1ccc(-c2ccccc2)cc1'), min:(0.4915254237288136, 'C#CC1=C2C(=C)C(c3cccc(-c4ccccc4)c3)=C12')
[12.407963037490845] Updated in round 433! max:(0.7837837837837838, 'c1ccc(-c2ccccc2)cc1'), min:(0.4915254237288136, 'C#CC1=C2C(=C2c2cccc(-c3ccccc3)c2)C1=C')
[12.425805807113647] Updated in round 434! max:(0.7837837837837838, 'c1ccc(-c2ccccc2)cc1'), min:(0.4915254237288136, 'C=CC=C1C2=CC1=C2c1cccc(-c2ccccc2)c1')
[12.483413219451904] Updated in round 435! max:(0.7837837837837838, 'c1ccc(-c2ccccc2)cc1'), min:(0.4915254237288136, 'C#CC(C=C)=C1C=C1c1cccc(-c2ccccc2)c1')
[12.505967855453491] Updated in round 436! max:(0.7837837837837838, 'c1ccc(-c2ccccc2)cc1'), min:(0.4915254237288136, 'C#CC1=C(C=C)C(c2cccc(-c3ccccc3)c2)=C1')
[12.528301000595093] Updated in round 437! max:(0.7837837837837838, 'c1ccc(-c2ccccc2)cc1'), min:(0.4915254237288136, 'C#CC1=C(c2cccc(-c3ccccc3)c2)C1=CC=C')
[12.581050395965576] Updated in round 438! max:(0.7837837837837838, 'c1ccc(-c2ccccc2)cc1'), min:(0.5, 'c1ccc2ccc(cc2)cc2cccc-2c1')
[12.657536268234253] Updated in round 439! max:(0.7837837837837838, 'c1ccc(-c2ccccc2)cc1'), min:(0.5, 'C1=C2C3=C1C1=C2c2cccccc(ccc2)C3=C1')
[12.671993494033813] Updated in round 440! max:(0.7837837837837838, 'c1ccc(-c2ccccc2)cc1'), min:(0.5, 'c1ccc(-c2cccc3c(c2)c2c4cc3c42)cc1')
[12.71058177947998] Updated in round 441! max:(0.7837837837837838, 'c1ccc(-c2ccccc2)cc1'), min:(0.5, 'C1=CC2=C(c3ccccc3)c3cccc(c3)C1=C2')
[12.732857465744019] Updated in round 442! max:(0.7837837837837838, 'c1ccc(-c2ccccc2)cc1'), min:(0.5, 'C1=C2C=C2c2cccccc(ccc2)-c2ccc1cc2')
[12.77022123336792] Updated in round 443! max:(0.7837837837837838, 'c1ccc(-c2ccccc2)cc1'), min:(0.5, 'C1=C2C=C2c2cccccc(ccc2)C2=CC2=C1')
[12.829028844833374] Updated in round 444! max:(0.7837837837837838, 'c1ccc(-c2ccccc2)cc1'), min:(0.5, 'C1=CC2=C1C1=C(C=C1)c1cccccc2ccc1')
[12.894645690917969] Updated in round 445! max:(0.7837837837837838, 'c1ccc(-c2ccccc2)cc1'), min:(0.5, 'C#Cc1cccc(-c2ccccc2)ccc(=C)c(=C)c1')
[12.90248703956604] Updated in round 446! max:(0.7837837837837838, 'c1ccc(-c2ccccc2)cc1'), min:(0.5, 'c1ccc2cccc(cc1)-c1cc3c4cc-2c4c13')
[12.9265878200531] Updated in round 447! max:(0.7837837837837838, 'c1ccc(-c2ccccc2)cc1'), min:(0.5, 'c1ccc(-c2cccc3c4c(c2)c2cc4c23)cc1')
[12.953782796859741] Updated in round 448! max:(0.7837837837837838, 'c1ccc(-c2ccccc2)cc1'), min:(0.5, 'c1c2cccc(-c3ccccc3)cc3c(c#1)c-3c2')
[12.975738525390625] Updated in round 449! max:(0.7837837837837838, 'c1ccc(-c2ccccc2)cc1'), min:(0.5, 'C1=Cc2cc3cccc-3cc1c2-c1ccccc1')
[13.028011798858643] Updated in round 450! max:(0.7837837837837838, 'c1ccc(-c2ccccc2)cc1'), min:(0.5, 'C1=Cc2c1cc1cccc-1cc2-c1ccccc1')
[13.033910274505615] Updated in round 451! max:(0.7837837837837838, 'c1ccc(-c2ccccc2)cc1'), min:(0.5, 'c1ccc(-c2cccc3c4c-3c3c(c2)cc43)cc1')
[13.051729679107666] Updated in round 452! max:(0.7837837837837838, 'c1ccc(-c2ccccc2)cc1'), min:(0.5, 'C1=Cc2cc3cc(-c4ccccc4)cccc1c2-3')
[13.105293035507202] Updated in round 453! max:(0.7837837837837838, 'c1ccc(-c2ccccc2)cc1'), min:(0.5, 'C1=Cc2ccc(cc2)-c2cccccc1ccc2')
[13.162850856781006] Updated in round 454! max:(0.7837837837837838, 'c1ccc(-c2ccccc2)cc1'), min:(0.5, 'c1ccc2c3cc(c-3cc1)-c1cccc-2c1')
[13.186601161956787] Updated in round 455! max:(0.7837837837837838, 'c1ccc(-c2ccccc2)cc1'), min:(0.5, 'c1ccc(-c2ccc(-c3c4cccc3-4)cc2)cc1')
[13.229852676391602] Updated in round 456! max:(0.7837837837837838, 'c1ccc(-c2ccccc2)cc1'), min:(0.5, 'C=Cc1c2c3c(-c4cccc(-c5ccccc5)c4)c2c13')
[13.288720607757568] Updated in round 457! max:(0.7837837837837838, 'c1ccc(-c2ccccc2)cc1'), min:(0.5, 'C=CC(=C)C1=C(c2cccc(-c3ccccc3)c2)C1=C')
[13.33614468574524] Updated in round 458! max:(0.7837837837837838, 'c1ccc(-c2ccccc2)cc1'), min:(0.5084745762711864, 'C1#CC1=c1cccc(-c2ccccc2)cccc2c1=C2')
[13.375862836837769] Updated in round 459! max:(0.7837837837837838, 'c1ccc(-c2ccccc2)cc1'), min:(0.5084745762711864, 'C1=C2C1=C2c1ccc(-c2ccccc2)cccc2cc1-2')
[13.39752197265625] Updated in round 460! max:(0.7837837837837838, 'c1ccc(-c2ccccc2)cc1'), min:(0.5084745762711864, 'c1cccc(-c2ccccc2)cccc(C2=CC=C2)c#1')
[13.436576128005981] Updated in round 461! max:(0.7837837837837838, 'c1ccc(-c2ccccc2)cc1'), min:(0.5084745762711864, 'C1#CC(c2cccccc(-c3ccccc3)ccc2)=C1')
[13.530170917510986] Updated in round 462! max:(0.7837837837837838, 'c1ccc(-c2ccccc2)cc1'), min:(0.5084745762711864, 'C1#CC(c2ccc(-c3ccccc3)cccc3cc2-3)=C1')
[13.562012195587158] Updated in round 463! max:(0.7837837837837838, 'c1ccc(-c2ccccc2)cc1'), min:(0.5084745762711864, 'C=CC#Cc1c#ccccc(-c2ccccc2)ccc1')
[13.613073825836182] Updated in round 464! max:(0.7837837837837838, 'c1ccc(-c2ccccc2)cc1'), min:(0.5084745762711864, 'C=CC1=c2ccccc(-c3ccccc3)cccc2=C1')
[13.660502910614014] Updated in round 465! max:(0.7837837837837838, 'c1ccc(-c2ccccc2)cc1'), min:(0.5084745762711864, 'C#Cc1c2cccc(-c3ccccc3)cccc1C=C2')
[13.707772731781006] Updated in round 466! max:(0.7837837837837838, 'c1ccc(-c2ccccc2)cc1'), min:(0.5084745762711864, 'C=CC=C1c2ccccc(-c3ccccc3)cccc21')
[13.737681865692139] Updated in round 467! max:(0.7837837837837838, 'c1ccc(-c2ccccc2)cc1'), min:(0.5084745762711864, 'C=CC#Cc1cccccc(-c2ccccc2)ccc1')
[13.849295377731323] Updated in round 468! max:(0.7837837837837838, 'c1ccc(-c2ccccc2)cc1'), min:(0.5084745762711864, 'C=Cc1ccc(-c2cccc(-c3ccccc3)c2)cc1')
[13.912471055984497] Updated in round 469! max:(0.7837837837837838, 'c1ccc(-c2ccccc2)cc1'), min:(0.509090909090909, 'C#CC=C1c2cccccc3ccc-3cccc21')
[14.574076652526855] Updated in round 470! max:(0.7837837837837838, 'c1ccc(-c2ccccc2)cc1'), min:(0.509090909090909, 'C=CC=c1cccccc2cccc-2cc2c1=C2')
[14.973018169403076] Updated in round 471! max:(0.7837837837837838, 'c1ccc(-c2ccccc2)cc1'), min:(0.509090909090909, 'C#CC#Cc1c2cccc3cccccc-3cc1-2')
[15.09068250656128] Updated in round 472! max:(0.7837837837837838, 'c1ccc(-c2ccccc2)cc1'), min:(0.509090909090909, 'C=CC=Cc1ccccc2cccccc-2cc1')
[15.177594184875488] Updated in round 473! max:(0.7837837837837838, 'c1ccc(-c2ccccc2)cc1'), min:(0.509090909090909, 'C=c1c2c3cccc4cccccc-4cc(c3)c1=2')
[15.282660007476807] Updated in round 474! max:(0.7837837837837838, 'c1ccc(-c2ccccc2)cc1'), min:(0.509090909090909, 'C#Cc1cc2cccccc-2cccc2c1C=C2')
[17.126319408416748] Updated in round 475! max:(0.7837837837837838, 'c1ccc(-c2ccccc2)cc1'), min:(0.509090909090909, 'C=CC=c1c2cccccc3cccc-3cc1c2')
[17.159042358398438] Updated in round 476! max:(0.7837837837837838, 'c1ccc(-c2ccccc2)cc1'), min:(0.509090909090909, 'C=Cc1ccc2cccccc1-c1cccc-2c1')
[17.40147066116333] Updated in round 477! max:(0.7837837837837838, 'c1ccc(-c2ccccc2)cc1'), min:(0.509090909090909, 'C=C1c2cccccc(ccc2)-c2cc3cc1c2=3')
[18.788890600204468] Updated in round 478! max:(0.7837837837837838, 'c1ccc(-c2ccccc2)cc1'), min:(0.509090909090909, 'C=c1c2cc(-c3ccccc3)cccc2c2cc12')
[18.835091590881348] Updated in round 479! max:(0.7837837837837838, 'c1ccc(-c2ccccc2)cc1'), min:(0.509090909090909, 'c1ccc(-c2cccc3c(c2)c2c4cc2c34)cc1')
[18.994118690490723] Updated in round 480! max:(0.7837837837837838, 'c1ccc(-c2ccccc2)cc1'), min:(0.509090909090909, 'C=C1c2c#ccccc(-c3ccccc3)ccc21')
[19.408339500427246] Updated in round 481! max:(0.7837837837837838, 'c1ccc(-c2ccccc2)cc1'), min:(0.509090909090909, 'C=c1c2cc3cccc-3cc1c2-c1ccccc1')
[19.91618776321411] Updated in round 482! max:(0.7837837837837838, 'c1ccc(-c2ccccc2)cc1'), min:(0.509090909090909, 'c1ccc(-c2cccc3cc(c3)c3cc3c2)cc1')
[20.118807554244995] Updated in round 483! max:(0.7837837837837838, 'c1ccc(-c2ccccc2)cc1'), min:(0.509090909090909, 'C#Cc1cccc2c1-c1cccccc-2ccc1')
[20.502883434295654] Updated in round 484! max:(0.7837837837837838, 'c1ccc(-c2ccccc2)cc1'), min:(0.509090909090909, 'C=c1c2cc3cc(-c4ccccc4)cccc3c12')
[20.78282332420349] Updated in round 485! max:(0.7837837837837838, 'c1ccc(-c2ccccc2)cc1'), min:(0.509090909090909, 'C=Cc1cccc(-c2ccccc2)cc2cc-2c1')
[20.95211362838745] Updated in round 486! max:(0.7837837837837838, 'c1ccc(-c2ccccc2)cc1'), min:(0.509090909090909, 'C#Cc1cc2ccccc(-c3ccccc3)cc1-2')
[21.132422924041748] Updated in round 487! max:(0.7837837837837838, 'c1ccc(-c2ccccc2)cc1'), min:(0.509090909090909, 'C#Cc1cccccc2ccc1-c1cccc-2c1')
[21.313494443893433] Updated in round 488! max:(0.7837837837837838, 'c1ccc(-c2ccccc2)cc1'), min:(0.509090909090909, 'C#Cc1ccccc1-c1cccc2cccc-2c1')
[22.37983465194702] Updated in round 489! max:(0.7837837837837838, 'c1ccc(-c2ccccc2)cc1'), min:(0.509090909090909, 'C(#Cc1cccc(-c2ccccc2)c1)C1=C2C=C12')
[22.732259035110474] Updated in round 490! max:(0.7837837837837838, 'c1ccc(-c2ccccc2)cc1'), min:(0.509090909090909, 'C1#CC1=CC=Cc1cccc(-c2ccccc2)c1')
[23.886483192443848] Updated in round 491! max:(0.7837837837837838, 'c1ccc(-c2ccccc2)cc1'), min:(0.509090909090909, 'C#CC#CC=Cc1cccc(-c2ccccc2)c1')
[24.24210286140442] Updated in round 492! max:(0.7837837837837838, 'c1ccc(-c2ccccc2)cc1'), min:(0.5098039215686274, 'C=c1c2ccc3cccccc-3ccc1c2')
[25.593684196472168] Updated in round 493! max:(0.7837837837837838, 'c1ccc(-c2ccccc2)cc1'), min:(0.5098039215686274, 'C#Cc1cccc2ccccc3cc-2cc1-3')
[27.506491661071777] Updated in round 494! max:(0.7837837837837838, 'c1ccc(-c2ccccc2)cc1'), min:(0.5098039215686274, 'C=Cc1ccccc2cccc3cc-2cc1-3')
[27.92725443840027] Updated in round 495! max:(0.7837837837837838, 'c1ccc(-c2ccccc2)cc1'), min:(0.5098039215686274, 'C1=C2C1=C2c1ccc(-c2ccccc2)cc1')
[28.084221839904785] Updated in round 496! max:(0.7837837837837838, 'c1ccc(-c2ccccc2)cc1'), min:(0.5098039215686274, 'C1=C2C1=C2c1ccc(-c2ccccc2)cc1')
[28.151737213134766] Updated in round 497! max:(0.7837837837837838, 'c1ccc(-c2ccccc2)cc1'), min:(0.5098039215686274, 'C1=CC1=Cc1ccc(-c2ccccc2)cc1')
[28.22515344619751] Updated in round 498! max:(0.7837837837837838, 'c1ccc(-c2ccccc2)cc1'), min:(0.5098039215686274, 'C=Cc1cc2cc3cccc-3ccccc1-2')
[28.323909044265747] Updated in round 499! max:(0.7837837837837838, 'c1ccc(-c2ccccc2)cc1'), min:(0.5098039215686274, 'C=Cc1ccccc2cccc3cc-2cc1-3')
[28.366463899612427] No improvement found in round 500. Terminating...
