[0.00011301040649414062]Start running EvoMol from [H][H]...
[0.016068220138549805] Updated in round 1! max:(0.17857142857142858, 'c1ccccc1'), min:(-99999, '')
[0.021605968475341797] Updated in round 2! max:(0.4, 'c1ccc(-c2ccccc2)cc1'), min:(-99999, '')
[0.038370370864868164] Updated in round 3! max:(0.4482758620689655, 'c1ccc2c(c1)-c1ccccc1-2'), min:(-99999, '')
[0.05289459228515625] Updated in round 4! max:(0.45454545454545453, 'c1ccc2c(c1)-c1ccc3ccccc3c1-2'), min:(-99999, '')
[0.07783818244934082] Updated in round 5! max:(0.45454545454545453, 'c1ccc2c(c1)-c1ccc3ccccc3c1-2'), min:(-99999, '')
[0.07881450653076172] Updated in round 6! max:(0.5079365079365079, 'C=Cc1ccccc1C1=Cc2ccccc21'), min:(-99999, '')
[0.10146188735961914] Updated in round 7! max:(0.5079365079365079, 'C=Cc1ccccc1C1=Cc2ccccc21'), min:(-99999, '')
[0.102447509765625] Updated in round 8! max:(0.5079365079365079, 'C=Cc1ccccc1C1=Cc2ccccc21'), min:(-99999, '')
[0.10339999198913574] Updated in round 9! max:(0.5079365079365079, 'C=Cc1ccccc1C1=Cc2ccccc21'), min:(-99999, '')
[0.10432863235473633] Updated in round 10! max:(0.5079365079365079, 'C=Cc1ccccc1C1=Cc2ccccc21'), min:(-99999, '')
[0.10523772239685059] Updated in round 11! max:(0.5517241379310345, 'C1=C(c2ccccc2)c2ccccc21'), min:(-99999, '')
[0.12425351142883301] Updated in round 12! max:(0.5517241379310345, 'C1=C(c2ccccc2)c2ccccc21'), min:(-99999, '')
[0.12512707710266113] Updated in round 13! max:(0.5517241379310345, 'C1=C(c2ccccc2)c2ccccc21'), min:(-99999, '')
[0.12589120864868164] Updated in round 14! max:(0.5517241379310345, 'C1=C(c2ccccc2)c2ccccc21'), min:(-99999, '')
[0.12665057182312012] Updated in round 15! max:(0.5517241379310345, 'C1=C(c2ccccc2)c2ccccc21'), min:(-99999, '')
[0.12744426727294922] Updated in round 16! max:(0.5517241379310345, 'C1=C(c2ccccc2)c2ccccc21'), min:(-99999, '')
[0.12821435928344727] Updated in round 17! max:(0.5517241379310345, 'C1=C(c2ccccc2)c2ccccc21'), min:(-99999, '')
[0.12902283668518066] Updated in round 18! max:(0.5517241379310345, 'C1=C(c2ccccc2)c2ccccc21'), min:(-99999, '')
[0.1299288272857666] Updated in round 19! max:(0.5517241379310345, 'C1=C(c2ccccc2)c2ccccc21'), min:(-99999, '')
[0.13086366653442383] Updated in round 20! max:(0.5517241379310345, 'C1=C(c2ccccc2)c2ccccc21'), min:(-99999, '')
[0.13185977935791016] Updated in round 21! max:(0.5517241379310345, 'C1=C(c2ccccc2)c2ccccc21'), min:(-99999, '')
[0.13274788856506348] Updated in round 22! max:(0.5517241379310345, 'C1=C(c2ccccc2)c2ccccc21'), min:(-99999, '')
[0.13372206687927246] Updated in round 23! max:(0.5517241379310345, 'C1=C(c2ccccc2)c2ccccc21'), min:(-99999, '')
[0.13469982147216797] Updated in round 24! max:(0.5517241379310345, 'C1=C(c2ccccc2)c2ccccc21'), min:(-99999, '')
[0.15433907508850098] Updated in round 25! max:(0.5517241379310345, 'C1=C(c2ccccc2)c2ccccc21'), min:(-99999, '')
[0.15524721145629883] Updated in round 26! max:(0.5517241379310345, 'C1=C(c2ccccc2)c2ccccc21'), min:(-99999, '')
[0.1561596393585205] Updated in round 27! max:(0.5517241379310345, 'C1=C(c2ccccc2)c2ccccc21'), min:(-99999, '')
[0.1569826602935791] Updated in round 28! max:(0.5517241379310345, 'C1=C(c2ccccc2)c2ccccc21'), min:(-99999, '')
[0.15782713890075684] Updated in round 29! max:(0.5517241379310345, 'C1=C(c2ccccc2)c2ccccc21'), min:(-99999, '')
[0.15869426727294922] Updated in round 30! max:(0.5517241379310345, 'C1=C(c2ccccc2)c2ccccc21'), min:(-99999, '')
[0.1595914363861084] Updated in round 31! max:(0.5517241379310345, 'C1=C(c2ccccc2)c2ccccc21'), min:(-99999, '')
[0.1604609489440918] Updated in round 32! max:(0.5517241379310345, 'C1=C(c2ccccc2)c2ccccc21'), min:(-99999, '')
[0.1613466739654541] Updated in round 33! max:(0.5517241379310345, 'C1=C(c2ccccc2)c2ccccc21'), min:(-99999, '')
[0.1621108055114746] Updated in round 34! max:(0.5517241379310345, 'C1=C(c2ccccc2)c2ccccc21'), min:(-99999, '')
[0.1802656650543213] Updated in round 35! max:(0.5517241379310345, 'C1=C(c2ccccc2)c2ccccc21'), min:(-99999, '')
[0.1814422607421875] Updated in round 36! max:(0.5517241379310345, 'C1=C(c2ccccc2)c2ccccc21'), min:(-99999, '')
[0.1825101375579834] Updated in round 37! max:(0.5517241379310345, 'C1=C(c2ccccc2)c2ccccc21'), min:(-99999, '')
[0.18358111381530762] Updated in round 38! max:(0.5517241379310345, 'C1=C(c2ccccc2)c2ccccc21'), min:(-99999, '')
[0.18460845947265625] Updated in round 39! max:(0.5517241379310345, 'C1=C(c2ccccc2)c2ccccc21'), min:(-99999, '')
[0.1857309341430664] Updated in round 40! max:(0.5517241379310345, 'C1=C(c2ccccc2)c2ccccc21'), min:(-99999, '')
[0.1867060661315918] Updated in round 41! max:(0.5517241379310345, 'C1=C(c2ccccc2)c2ccccc21'), min:(-99999, '')
[0.20678281784057617] Updated in round 42! max:(0.5517241379310345, 'C1=C(c2ccccc2)c2ccccc21'), min:(-99999, '')
[0.20791172981262207] Updated in round 43! max:(0.5517241379310345, 'C1=C(c2ccccc2)c2ccccc21'), min:(-99999, '')
[0.20888090133666992] Updated in round 44! max:(0.7142857142857143, 'C1=C(C2=c3ccccc3=C2)c2ccccc21'), min:(-99999, '')
[0.22757792472839355] Updated in round 45! max:(0.7142857142857143, 'C1=C(C2=c3ccccc3=C2)c2ccccc21'), min:(-99999, '')
[0.2286388874053955] Updated in round 46! max:(0.7142857142857143, 'C1=C(C2=c3ccccc3=C2)c2ccccc21'), min:(-99999, '')
[0.22956061363220215] Updated in round 47! max:(0.7142857142857143, 'C1=C(C2=c3ccccc3=C2)c2ccccc21'), min:(-99999, '')
[0.2305135726928711] Updated in round 48! max:(0.7142857142857143, 'C1=C(C2=c3ccccc3=C2)c2ccccc21'), min:(-99999, '')
[0.2314462661743164] Updated in round 49! max:(0.7142857142857143, 'C1=C(C2=c3ccccc3=C2)c2ccccc21'), min:(-99999, '')
[0.23237252235412598] Updated in round 50! max:(0.7142857142857143, 'C1=C(C2=c3ccccc3=C2)c2ccccc21'), min:(-99999, '')
[0.2333369255065918] Updated in round 51! max:(0.7142857142857143, 'C1=C(C2=c3ccccc3=C2)c2ccccc21'), min:(-99999, '')
[0.23423457145690918] Updated in round 52! max:(0.7142857142857143, 'C1=C(C2=c3ccccc3=C2)c2ccccc21'), min:(-99999, '')
[0.23514056205749512] Updated in round 53! max:(0.7142857142857143, 'C1=C(C2=c3ccccc3=C2)c2ccccc21'), min:(-99999, '')
[0.2549741268157959] Updated in round 54! max:(0.7142857142857143, 'C1=C(C2=c3ccccc3=C2)c2ccccc21'), min:(-99999, '')
[0.25606203079223633] Updated in round 55! max:(0.7142857142857143, 'C1=C(C2=c3ccccc3=C2)c2ccccc21'), min:(-99999, '')
[0.2570335865020752] Updated in round 56! max:(0.7142857142857143, 'C1=C(C2=c3ccccc3=C2)c2ccccc21'), min:(-99999, '')
[0.2579185962677002] Updated in round 57! max:(0.7142857142857143, 'C1=C(C2=c3ccccc3=C2)c2ccccc21'), min:(-99999, '')
[0.258941650390625] Updated in round 58! max:(0.7142857142857143, 'C1=C(C2=c3ccccc3=C2)c2ccccc21'), min:(-99999, '')
[0.2599949836730957] Updated in round 59! max:(0.7142857142857143, 'C1=C(C2=c3ccccc3=C2)c2ccccc21'), min:(-99999, '')
[0.2610282897949219] Updated in round 60! max:(0.7142857142857143, 'C1=C(C2=c3ccccc3=C2)c2ccccc21'), min:(-99999, '')
[0.2620987892150879] Updated in round 61! max:(0.7142857142857143, 'C1=C(C2=c3ccccc3=C2)c2ccccc21'), min:(-99999, '')
[0.2631068229675293] Updated in round 62! max:(0.7142857142857143, 'C1=C(C2=c3ccccc3=C2)c2ccccc21'), min:(-99999, '')
[0.28609395027160645] Updated in round 63! max:(0.7142857142857143, 'C1=C(C2=c3ccccc3=C2)c2ccccc21'), min:(-99999, '')
[0.2873380184173584] Updated in round 64! max:(0.7142857142857143, 'C1=C(C2=c3ccccc3=C2)c2ccccc21'), min:(-99999, '')
[0.2884845733642578] Updated in round 65! max:(0.7142857142857143, 'C1=C(C2=c3ccccc3=C2)c2ccccc21'), min:(-99999, '')
[0.2895364761352539] Updated in round 66! max:(0.7142857142857143, 'C1=C(C2=c3ccccc3=C2)c2ccccc21'), min:(-99999, '')
[0.2906763553619385] Updated in round 67! max:(0.7142857142857143, 'C1=C(C2=c3ccccc3=C2)c2ccccc21'), min:(-99999, '')
[0.2917327880859375] Updated in round 68! max:(0.7142857142857143, 'C1=C(C2=c3ccccc3=C2)c2ccccc21'), min:(-99999, '')
[0.2928156852722168] Updated in round 69! max:(0.7142857142857143, 'C1=C(C2=c3ccccc3=C2)c2ccccc21'), min:(-99999, '')
[0.2938263416290283] Updated in round 70! max:(0.7142857142857143, 'C1=C(C2=c3ccccc3=C2)c2ccccc21'), min:(-99999, '')
[0.29492664337158203] Updated in round 71! max:(0.7142857142857143, 'C1=C(C2=c3ccccc3=C2)c2ccccc21'), min:(-99999, '')
[0.2960531711578369] Updated in round 72! max:(0.7142857142857143, 'C1=C(C2=c3ccccc3=C2)c2ccccc21'), min:(-99999, '')
[0.2971315383911133] Updated in round 73! max:(0.7142857142857143, 'C1=C(C2=c3ccccc3=C2)c2ccccc21'), min:(-99999, '')
[0.3201899528503418] Updated in round 74! max:(0.7142857142857143, 'C1=C(C2=c3ccccc3=C2)c2ccccc21'), min:(-99999, '')
[0.3212718963623047] Updated in round 75! max:(0.7142857142857143, 'C1=C(C2=c3ccccc3=C2)c2ccccc21'), min:(-99999, '')
[0.32241272926330566] Updated in round 76! max:(0.7142857142857143, 'C1=C(C2=c3ccccc3=C2)c2ccccc21'), min:(-99999, '')
[0.3234519958496094] Updated in round 77! max:(0.7142857142857143, 'C1=C(C2=c3ccccc3=C2)c2ccccc21'), min:(-99999, '')
[0.3244509696960449] Updated in round 78! max:(0.7142857142857143, 'C1=C(C2=c3ccccc3=C2)c2ccccc21'), min:(-99999, '')
[0.3255610466003418] Updated in round 79! max:(0.7142857142857143, 'C1=C(C2=c3ccccc3=C2)c2ccccc21'), min:(-99999, '')
[0.32661008834838867] Updated in round 80! max:(0.7142857142857143, 'C1=C(C2=c3ccccc3=C2)c2ccccc21'), min:(-99999, '')
[0.3276364803314209] Updated in round 81! max:(0.7142857142857143, 'C1=C(C2=c3ccccc3=C2)c2ccccc21'), min:(-99999, '')
[0.3286566734313965] Updated in round 82! max:(0.7142857142857143, 'C1=C(C2=c3ccccc3=C2)c2ccccc21'), min:(-99999, '')
[0.3485562801361084] Updated in round 83! max:(0.7142857142857143, 'C1=C(C2=c3ccccc3=C2)c2ccccc21'), min:(-99999, '')
[0.3497166633605957] Updated in round 84! max:(0.7142857142857143, 'C1=C(C2=c3ccccc3=C2)c2ccccc21'), min:(-99999, '')
[0.3507368564605713] Updated in round 85! max:(0.7142857142857143, 'C1=C(C2=c3ccccc3=C2)c2ccccc21'), min:(-99999, '')
[0.35173535346984863] Updated in round 86! max:(0.7142857142857143, 'C1=C(C2=c3ccccc3=C2)c2ccccc21'), min:(-99999, '')
[0.3527820110321045] Updated in round 87! max:(0.7142857142857143, 'C1=C(C2=c3ccccc3=C2)c2ccccc21'), min:(-99999, '')
[0.35373663902282715] Updated in round 88! max:(0.7142857142857143, 'C1=C(C2=c3ccccc3=C2)c2ccccc21'), min:(-99999, '')
[0.3547244071960449] Updated in round 89! max:(0.7142857142857143, 'C1=C(C2=c3ccccc3=C2)c2ccccc21'), min:(-99999, '')
[0.35565853118896484] Updated in round 90! max:(0.7142857142857143, 'C1=C(C2=c3ccccc3=C2)c2ccccc21'), min:(-99999, '')
[0.3745555877685547] Updated in round 91! max:(0.7142857142857143, 'C1=C(C2=c3ccccc3=C2)c2ccccc21'), min:(-99999, '')
[0.3756136894226074] Updated in round 92! max:(0.7142857142857143, 'C1=C(C2=c3ccccc3=C2)c2ccccc21'), min:(-99999, '')
[0.37665796279907227] Updated in round 93! max:(0.7142857142857143, 'C1=C(C2=c3ccccc3=C2)c2ccccc21'), min:(-99999, '')
[0.39972591400146484] Updated in round 94! max:(0.7142857142857143, 'C1=C(C2=c3ccccc3=C2)c2ccccc21'), min:(-99999, '')
[0.4009277820587158] Updated in round 95! max:(0.7142857142857143, 'C1=C(C2=c3ccccc3=C2)c2ccccc21'), min:(-99999, '')
[0.4020862579345703] Updated in round 96! max:(0.7142857142857143, 'C1=C(C2=c3ccccc3=C2)c2ccccc21'), min:(-99999, '')
[0.44275712966918945] Updated in round 97! max:(0.7142857142857143, 'C1=C(C2=c3ccccc3=C2)c2ccccc21'), min:(-99999, '')
[0.4441196918487549] Updated in round 98! max:(0.7142857142857143, 'C1=C(C2=c3ccccc3=C2)c2ccccc21'), min:(-99999, '')
[0.4453556537628174] Updated in round 99! max:(0.7142857142857143, 'C1=C(C2=c3ccccc3=C2)c2ccccc21'), min:(-99999, '')
[0.4466278553009033] Updated in round 100! max:(0.7142857142857143, 'C1=C(C2=c3ccccc3=C2)c2ccccc21'), min:(-99999, '')
[0.4479329586029053] Updated in round 101! max:(0.7142857142857143, 'C1=C(C2=c3ccccc3=C2)c2ccccc21'), min:(0.0, 'C=C')
[0.4491920471191406] Updated in round 102! max:(0.7142857142857143, 'C1=C(C2=c3ccccc3=C2)c2ccccc21'), min:(0.20238095238095238, 'C=Cc1c2cc3ccc2c1c1cc2cc3ccc21')
[0.45041847229003906] Updated in round 103! max:(0.7142857142857143, 'C1=C(C2=c3ccccc3=C2)c2ccccc21'), min:(0.21518987341772153, 'c1cc2cc3cc4cc5cc5c4cc(c1)c23')
[0.4516420364379883] Updated in round 104! max:(0.7142857142857143, 'C1=C(C2=c3ccccc3=C2)c2ccccc21'), min:(0.21686746987951808, 'C=Cc1c2cc3ccc2c1c1cc2ccc3cc2-1')
[0.45289087295532227] Updated in round 105! max:(0.7142857142857143, 'C1=C(C2=c3ccccc3=C2)c2ccccc21'), min:(0.22413793103448276, 'C=Cc1ccccc1')
[0.45413661003112793] Updated in round 106! max:(0.7142857142857143, 'C1=C(C2=c3ccccc3=C2)c2ccccc21'), min:(0.23170731707317074, 'C#Cc1c2c3cc4c(cccc34)c3ccc1c=2c3')
[0.4554762840270996] Updated in round 107! max:(0.7142857142857143, 'C1=C(C2=c3ccccc3=C2)c2ccccc21'), min:(0.23170731707317074, 'C=Cc1c2c3cc4ccc(cc4-3)c3cccc2c13')
[0.4566764831542969] Updated in round 108! max:(0.7142857142857143, 'C1=C(C2=c3ccccc3=C2)c2ccccc21'), min:(0.23376623376623376, 'C=c1c2ccc3c4cccc5c4C=c5c2c13')
[0.4580726623535156] Updated in round 109! max:(0.7142857142857143, 'C1=C(C2=c3ccccc3=C2)c2ccccc21'), min:(0.23529411764705882, 'c1cc2ccc1-c1ccc-2cc1')
[0.45937466621398926] Updated in round 110! max:(0.7142857142857143, 'C1=C(C2=c3ccccc3=C2)c2ccccc21'), min:(0.24675324675324675, 'c1cc2cc3c4cc5cc(ccc54)c(c1)c23')
[0.4606132507324219] Updated in round 111! max:(0.7142857142857143, 'C1=C(C2=c3ccccc3=C2)c2ccccc21'), min:(0.25, 'C#Cc1c2cccc1c1cc3cccc2c31')
[0.4622011184692383] Updated in round 112! max:(0.7142857142857143, 'C1=C(C2=c3ccccc3=C2)c2ccccc21'), min:(0.25675675675675674, 'C#Cc1ccccc1C1=CC(C=C)=C1C=C')
[0.46343564987182617] Updated in round 113! max:(0.7142857142857143, 'C1=C(C2=c3ccccc3=C2)c2ccccc21'), min:(0.25757575757575757, 'C=CC1=CC=C1c1ccccc1')
[0.46457600593566895] Updated in round 114! max:(0.7142857142857143, 'C1=C(C2=c3ccccc3=C2)c2ccccc21'), min:(0.2631578947368421, 'c1cc2cc3c4cc5ccc(cc5-4)c(c1)c23')
[0.5119826793670654] Updated in round 115! max:(0.7142857142857143, 'C1=C(C2=c3ccccc3=C2)c2ccccc21'), min:(0.26582278481012656, 'C=CC=CC1=CC=C1C1=c2ccccc2=C1C=C')
[0.513702392578125] Updated in round 116! max:(0.7142857142857143, 'C1=C(C2=c3ccccc3=C2)c2ccccc21'), min:(0.26666666666666666, 'C#Cc1c2cccc1c1cccc3c1C=c23')
[0.5154459476470947] Updated in round 117! max:(0.7142857142857143, 'C1=C(C2=c3ccccc3=C2)c2ccccc21'), min:(0.2692307692307692, 'C=CC1=CC(C2=C(C=C)c3ccccc32)=C1C=C')
[0.5168485641479492] Updated in round 118! max:(0.7142857142857143, 'C1=C(C2=c3ccccc3=C2)c2ccccc21'), min:(0.273972602739726, 'C=CC(=C)C(C=C)=CC1=Cc2ccccc21')
[0.5184445381164551] Updated in round 119! max:(0.7142857142857143, 'C1=C(C2=c3ccccc3=C2)c2ccccc21'), min:(0.27848101265822783, 'C=Cc1c2c3ccc4c=2c(cc2ccccc12)=c34')
[0.5198390483856201] Updated in round 120! max:(0.7142857142857143, 'C1=C(C2=c3ccccc3=C2)c2ccccc21'), min:(0.28, 'c1cc2c3c(c1)c1c-3ccc3c2cccc31')
[0.5214037895202637] Updated in round 121! max:(0.7142857142857143, 'C1=C(C2=c3ccccc3=C2)c2ccccc21'), min:(0.28205128205128205, 'C=Cc1ccc2c(c1)C=C2c1c2cccc1C2=C')
[0.5234782695770264] Updated in round 122! max:(0.7142857142857143, 'C1=C(C2=c3ccccc3=C2)c2ccccc21'), min:(0.2876712328767123, 'C=CC1=CC2=Cc3cccc(c32)C=C1C=C')
[0.524791955947876] Updated in round 123! max:(0.7142857142857143, 'C1=C(C2=c3ccccc3=C2)c2ccccc21'), min:(0.2911392405063291, 'C1#Cc2ccc3c(cc3c2)-c2c3ccccc3c=21')
[0.5266671180725098] Updated in round 124! max:(0.7142857142857143, 'C1=C(C2=c3ccccc3=C2)c2ccccc21'), min:(0.29411764705882354, 'C#CC(C=C)=CC1=Cc2ccccc21')
[0.5282013416290283] Updated in round 125! max:(0.7142857142857143, 'C1=C(C2=c3ccccc3=C2)c2ccccc21'), min:(0.29545454545454547, 'c1cc2cc3cc4cccc(c5c6ccccc6c(c1)c2=5)c43')
[0.5298740863800049] Updated in round 126! max:(0.7142857142857143, 'C1=C(C2=c3ccccc3=C2)c2ccccc21'), min:(0.2972972972972973, 'c1ccc2c3c4ccc5cc(cc2c1)c5c4-3')
[0.531639575958252] Updated in round 127! max:(0.7142857142857143, 'C1=C(C2=c3ccccc3=C2)c2ccccc21'), min:(0.3013698630136986, 'C=c1c2cccc1=C2C1=C2C3=CC1=C2C=C3')
[0.5329999923706055] Updated in round 128! max:(0.7142857142857143, 'C1=C(C2=c3ccccc3=C2)c2ccccc21'), min:(0.3013698630136986, 'C=Cc1cccc2c1C1=Cc3cc-2ccc31')
[0.5347862243652344] Updated in round 129! max:(0.7142857142857143, 'C1=C(C2=c3ccccc3=C2)c2ccccc21'), min:(0.3076923076923077, 'C=Cc1ccccc1-c1c2cccc3c2=c3c2cc3cccc1c32')
[0.5762505531311035] Updated in round 130! max:(0.7142857142857143, 'C1=C(C2=c3ccccc3=C2)c2ccccc21'), min:(0.3116883116883117, 'C=Cc1c2cc3ccc2=CC2=Cc4ccc3c1c42')
[0.5779383182525635] Updated in round 131! max:(0.7142857142857143, 'C1=C(C2=c3ccccc3=C2)c2ccccc21'), min:(0.3116883116883117, 'C=CC1=C(C2=C3C=C4C=CC3=C42)c2ccccc21')
[0.5792291164398193] Updated in round 132! max:(0.7142857142857143, 'C1=C(C2=c3ccccc3=C2)c2ccccc21'), min:(0.3116883116883117, 'C#CC1=c2c3c(c4cccc2c41)=c1ccccc1=3')
[0.5806121826171875] Updated in round 133! max:(0.7142857142857143, 'C1=C(C2=c3ccccc3=C2)c2ccccc21'), min:(0.3150684931506849, 'c1ccc2c(c1)cc1c3c2c2cccc1c2-3')
[0.5822060108184814] Updated in round 134! max:(0.7142857142857143, 'C1=C(C2=c3ccccc3=C2)c2ccccc21'), min:(0.3194444444444444, 'C#Cc1ccccc1C1=Cc2cc3cc-3c21')
[0.584153413772583] Updated in round 135! max:(0.7142857142857143, 'C1=C(C2=c3ccccc3=C2)c2ccccc21'), min:(0.3194444444444444, 'C=c1c2ccc3cc(c4ccccc14)-c3c2')
[0.5866940021514893] Updated in round 136! max:(0.7142857142857143, 'C1=C(C2=c3ccccc3=C2)c2ccccc21'), min:(0.32, 'C#CC1=C(C2=c3ccccc3=C2)C(=CC=C)C1=C')
[0.5880663394927979] Updated in round 137! max:(0.7142857142857143, 'C1=C(C2=c3ccccc3=C2)c2ccccc21'), min:(0.32222222222222224, 'C=Cc1ccccc1-c1c2cc3ccc2=Cc2cc4c3ccc1c24')
[0.5895857810974121] Updated in round 138! max:(0.7142857142857143, 'C1=C(C2=c3ccccc3=C2)c2ccccc21'), min:(0.32558139534883723, 'c1ccc(-c2c3ccccc3cc3c4c5cc2c3c4c5)cc1')
[0.5912911891937256] Updated in round 139! max:(0.7142857142857143, 'C1=C(C2=c3ccccc3=C2)c2ccccc21'), min:(0.3283582089552239, 'C#Cc1cccc(-c2ccccc2)c1')
[0.5934159755706787] Updated in round 140! max:(0.7142857142857143, 'C1=C(C2=c3ccccc3=C2)c2ccccc21'), min:(0.32894736842105265, 'C#CC1=c2ccccc2=C1C1=Cc2cc3cc-3c21')
[0.5946109294891357] Updated in round 141! max:(0.7142857142857143, 'C1=C(C2=c3ccccc3=C2)c2ccccc21'), min:(0.32894736842105265, 'C=CC1=c2ccccc2=C1C1=Cc2cc3cc-3c21')
[0.5960960388183594] Updated in round 142! max:(0.7142857142857143, 'C1=C(C2=c3ccccc3=C2)c2ccccc21'), min:(0.32894736842105265, 'C=Cc1ccc2ccc3c(c2c1)-c1ccccc1-3')
[0.6322474479675293] Updated in round 143! max:(0.7142857142857143, 'C1=C(C2=c3ccccc3=C2)c2ccccc21'), min:(0.3333333333333333, 'C#CC1=C(C2=c3ccccc3=C2)C=C1C=CC=C')
[0.6342036724090576] Updated in round 144! max:(0.7142857142857143, 'C1=C(C2=c3ccccc3=C2)c2ccccc21'), min:(0.33707865168539325, 'C#Cc1ccccc1-c1c2c3ccc(c=3c3cc4cccc1c43)=C2')
[0.6362602710723877] Updated in round 145! max:(0.7142857142857143, 'C1=C(C2=c3ccccc3=C2)c2ccccc21'), min:(0.3375, 'C=CC1=c2ccccc2=C1C1=Cc2c1c1ccc2cc1')
[0.6384010314941406] Updated in round 146! max:(0.7142857142857143, 'C1=C(C2=c3ccccc3=C2)c2ccccc21'), min:(0.3380281690140845, 'C#Cc1ccccc1C=Cc1ccccc1')
[0.6401872634887695] Updated in round 147! max:(0.7142857142857143, 'C1=C(C2=c3ccccc3=C2)c2ccccc21'), min:(0.3409090909090909, 'C#Cc1ccccc1C(c1cccc2c1C=C2)=c1ccccc1=C')
[0.6430752277374268] Updated in round 148! max:(0.7142857142857143, 'C1=C(C2=c3ccccc3=C2)c2ccccc21'), min:(0.3411764705882353, 'c1ccc(-c2ccc3c(c2)-c2ccc4ccccc4c2-3)cc1')
[0.6449680328369141] Updated in round 149! max:(0.7142857142857143, 'C1=C(C2=c3ccccc3=C2)c2ccccc21'), min:(0.3466666666666667, 'C=CC1=c2ccc3cc2=CC2=Cc4ccc-3c1c42')
[0.6728060245513916] Updated in round 150! max:(0.7142857142857143, 'C1=C(C2=c3ccccc3=C2)c2ccccc21'), min:(0.34782608695652173, 'C=CC1=C(C2=c3ccccc3=C2)C(=C)C1=C')
[0.6749045848846436] Updated in round 151! max:(0.7142857142857143, 'C1=C(C2=c3ccccc3=C2)c2ccccc21'), min:(0.35135135135135137, 'C#Cc1cccc2c1C=C2C=c1ccccc1=C')
[0.6770145893096924] Updated in round 152! max:(0.7142857142857143, 'C1=C(C2=c3ccccc3=C2)c2ccccc21'), min:(0.352112676056338, 'c1ccc2c3cc4ccc(ccc2c1)cc4-3')
[0.6792943477630615] Updated in round 153! max:(0.7142857142857143, 'C1=C(C2=c3ccccc3=C2)c2ccccc21'), min:(0.35443037974683544, 'C=C1c2c1c1cccc3c2-c2cccc4c2C(=C4)C=c13')
[0.6815335750579834] Updated in round 154! max:(0.7142857142857143, 'C1=C(C2=c3ccccc3=C2)c2ccccc21'), min:(0.35714285714285715, 'C#Cc1cc2cc-2c1C1=Cc2ccccc21')
[0.710456371307373] Updated in round 155! max:(0.7142857142857143, 'C1=C(C2=c3ccccc3=C2)c2ccccc21'), min:(0.35714285714285715, 'c1ccc(-c2cccc3c2-c2ccc4ccccc4c2-3)cc1')
[0.7364354133605957] Updated in round 156! max:(0.7142857142857143, 'C1=C(C2=c3ccccc3=C2)c2ccccc21'), min:(0.358974358974359, 'C#CC1=C(C2=c3ccc(C#C)cc3=C2)c2ccccc21')
[0.739011287689209] Updated in round 157! max:(0.7142857142857143, 'C1=C(C2=c3ccccc3=C2)c2ccccc21'), min:(0.36231884057971014, 'C=CC=C1C(=C)C=C1C1=Cc2ccccc21')
[0.7675268650054932] Updated in round 158! max:(0.7142857142857143, 'C1=C(C2=c3ccccc3=C2)c2ccccc21'), min:(0.36363636363636365, 'c1ccc(-c2c3ccc4cc3c24)cc1')
[0.7690742015838623] Updated in round 159! max:(0.7142857142857143, 'C1=C(C2=c3ccccc3=C2)c2ccccc21'), min:(0.36486486486486486, 'C#CC1=c2c3cc-3cc2=C1C1=Cc2ccccc21')
[0.7704033851623535] Updated in round 160! max:(0.7142857142857143, 'C1=C(C2=c3ccccc3=C2)c2ccccc21'), min:(0.36486486486486486, 'C=CC1=c2cccc3c2=C1C1=C3c2ccccc21')
[0.7722342014312744] Updated in round 161! max:(0.7142857142857143, 'C1=C(C2=c3ccccc3=C2)c2ccccc21'), min:(0.36585365853658536, 'C=C1C=C1C1=c2c(c3ccc2cc3)=CC2=Cc3cccc1c32')
[0.774456262588501] Updated in round 162! max:(0.7142857142857143, 'C1=C(C2=c3ccccc3=C2)c2ccccc21'), min:(0.36923076923076925, 'C=C(c1ccccc1)c1ccccc1')
[0.7766404151916504] Updated in round 163! max:(0.7142857142857143, 'C1=C(C2=c3ccccc3=C2)c2ccccc21'), min:(0.3698630136986301, 'C#Cc1ccccc1C1=Cc2ccc(C=C)cc21')
[0.811525821685791] Updated in round 164! max:(0.7142857142857143, 'C1=C(C2=c3ccccc3=C2)c2ccccc21'), min:(0.37142857142857144, 'C1=C(c2ccccc2)c2c1c1ccc2cc1')
[0.8143658638000488] Updated in round 165! max:(0.7142857142857143, 'C1=C(C2=c3ccccc3=C2)c2ccccc21'), min:(0.37662337662337664, 'C1=CC(C2=c3ccccc3=Cc3cc(c3)C=CC=C2)=C1')
[0.8167996406555176] Updated in round 166! max:(0.7142857142857143, 'C1=C(C2=c3ccccc3=C2)c2ccccc21'), min:(0.37662337662337664, 'C=CC1=C(C2=c3c(C=C)cccc3=C2)c2ccccc21')
[0.8206725120544434] Updated in round 167! max:(0.7142857142857143, 'C1=C(C2=c3ccccc3=C2)c2ccccc21'), min:(0.37662337662337664, 'C#CC1=C(C2=c3c(C=C)cccc3=C2)c2ccccc21')
[0.8227653503417969] Updated in round 168! max:(0.7142857142857143, 'C1=C(C2=c3ccccc3=C2)c2ccccc21'), min:(0.3780487804878049, 'C#Cc1ccccc1C1=Cc2c1cccc2-c1ccccc1')
[0.8250899314880371] Updated in round 169! max:(0.7142857142857143, 'C1=C(C2=c3ccccc3=C2)c2ccccc21'), min:(0.38235294117647056, 'C#CC1=C(C2=c3ccccc3=C2)C(C=C)=C1')
[0.8271176815032959] Updated in round 170! max:(0.7142857142857143, 'C1=C(C2=c3ccccc3=C2)c2ccccc21'), min:(0.3835616438356164, 'C=c1c2ccc3c(c2)c(C2=Cc4ccccc42)c13')
[0.8572289943695068] Updated in round 171! max:(0.7142857142857143, 'C1=C(C2=c3ccccc3=C2)c2ccccc21'), min:(0.38372093023255816, 'C=Cc1cc2ccc1C1=c3ccccc3=C2C2=Cc3cccc1c32')
[0.8590104579925537] Updated in round 172! max:(0.7142857142857143, 'C1=C(C2=c3ccccc3=C2)c2ccccc21'), min:(0.38461538461538464, 'C1=C2c3c1cccc3-c1c3c(c2c2ccccc12)=CC=3')
[0.8606996536254883] Updated in round 173! max:(0.7142857142857143, 'C1=C(C2=c3ccccc3=C2)c2ccccc21'), min:(0.3888888888888889, 'C=CC1=c2ccccc2=C1C(=C)c1ccccc1')
[0.8631880283355713] Updated in round 174! max:(0.7142857142857143, 'C1=C(C2=c3ccccc3=C2)c2ccccc21'), min:(0.3888888888888889, 'C#Cc1cccc2c1C(c1ccccc1C=C)=C2')
[0.8657608032226562] Updated in round 175! max:(0.7142857142857143, 'C1=C(C2=c3ccccc3=C2)c2ccccc21'), min:(0.38961038961038963, 'C1=CC(C2=c3ccc4cc3=CC3=Cc5cc-4cc2c53)=C1')
[0.8683056831359863] Updated in round 176! max:(0.7142857142857143, 'C1=C(C2=c3ccccc3=C2)c2ccccc21'), min:(0.391304347826087, 'C1=CC=CC(C2=Cc3ccccc32)=CC=C1')
[0.871262788772583] Updated in round 177! max:(0.7142857142857143, 'C1=C(C2=c3ccccc3=C2)c2ccccc21'), min:(0.39473684210526316, 'C=CC1=c2ccccc2=C(C=C)c2cccc3c2C1=C3')
[0.8740584850311279] Updated in round 178! max:(0.7142857142857143, 'C1=C(C2=c3ccccc3=C2)c2ccccc21'), min:(0.39473684210526316, 'C=CC1=C(C2=c3ccccc3=C2)c2ccc(C=C)cc21')
[0.9107136726379395] Updated in round 179! max:(0.7142857142857143, 'C1=C(C2=c3ccccc3=C2)c2ccccc21'), min:(0.3950617283950617, 'C#Cc1ccccc1C1=Cc2cc(-c3ccccc3)ccc21')
[0.912670373916626] Updated in round 180! max:(0.7142857142857143, 'C1=C(C2=c3ccccc3=C2)c2ccccc21'), min:(0.39705882352941174, 'C#Cc1ccc2c(c1)C(c1ccccc1)=C2')
[0.9151163101196289] Updated in round 181! max:(0.7142857142857143, 'C1=C(C2=c3ccccc3=C2)c2ccccc21'), min:(0.4, 'C#CC1=CC(C2=c3ccccc3=C3C4=Cc5c3ccc2c54)=C1')
[0.9176466464996338] Updated in round 182! max:(0.7142857142857143, 'C1=C(C2=c3ccccc3=C2)c2ccccc21'), min:(0.4, 'C=Cc1cccc2c1=CC1=Cc3cccc(c31)C=2c1c2cccc1-2')
[0.9195437431335449] Updated in round 183! max:(0.7142857142857143, 'C1=C(C2=c3ccccc3=C2)c2ccccc21'), min:(0.4, 'C=Cc1ccccc1C=c1ccccc1=CC1=Cc2ccccc21')
[0.9217824935913086] Updated in round 184! max:(0.7142857142857143, 'C1=C(C2=c3ccccc3=C2)c2ccccc21'), min:(0.4, 'C#CC1=C(C2=c3ccc(-c4ccccc4)cc3=C2)c2ccccc21')
[0.923473596572876] Updated in round 185! max:(0.7142857142857143, 'C1=C(C2=c3ccccc3=C2)c2ccccc21'), min:(0.4027777777777778, 'C=c1c2c3ccc1cc3=CC1=Cc3cccc-2c31')
[0.9260711669921875] Updated in round 186! max:(0.7142857142857143, 'C1=C(C2=c3ccccc3=C2)c2ccccc21'), min:(0.40425531914893614, 'C1=c2ccccc2=C(c2c3cccc2-3)c2cccc3c2C1=C3c1ccccc1')
[0.9607477188110352] Updated in round 187! max:(0.7142857142857143, 'C1=C(C2=c3ccccc3=C2)c2ccccc21'), min:(0.4074074074074074, 'C1=C2C=c3cc4ccc3=C(c3c5cccc3-5)c3cc-4cc1c32')
[0.9638819694519043] Updated in round 188! max:(0.7142857142857143, 'C1=C(C2=c3ccccc3=C2)c2ccccc21'), min:(0.40789473684210525, 'C1=C2C=c3c4cccc3=C(C3=C5C3=C54)c3cccc1c32')
[0.9656500816345215] Updated in round 189! max:(0.7142857142857143, 'C1=C(C2=c3ccccc3=C2)c2ccccc21'), min:(0.4084507042253521, 'C#CC1=C(c2ccccc2C#C)c2ccccc21')
[0.9676041603088379] Updated in round 190! max:(0.7142857142857143, 'C1=C(C2=c3ccccc3=C2)c2ccccc21'), min:(0.4090909090909091, 'C#CC1=c2ccccc2=C(c2ccccc2C#C)c2cccc3c2C1=C3')
[0.9706718921661377] Updated in round 191! max:(0.7142857142857143, 'C1=C(C2=c3ccccc3=C2)c2ccccc21'), min:(0.4117647058823529, 'C1=C2C3=c4cccc(c4=C3)-c3cccc1c32')
[0.9725062847137451] Updated in round 192! max:(0.7142857142857143, 'C1=C(C2=c3ccccc3=C2)c2ccccc21'), min:(0.4117647058823529, 'C1#Cc2cc1ccc2C1=Cc2ccccc21')
[1.0042316913604736] Updated in round 193! max:(0.7142857142857143, 'C1=C(C2=c3ccccc3=C2)c2ccccc21'), min:(0.4125, 'C#CC1=c2ccccc2=C1C1=Cc2c1ccc1ccccc21')
[1.0065867900848389] Updated in round 194! max:(0.7142857142857143, 'C1=C(C2=c3ccccc3=C2)c2ccccc21'), min:(0.4125, 'C#Cc1ccccc1C1=Cc2ccc(-c3ccccc3)cc21')
[1.00986909866333] Updated in round 195! max:(0.7142857142857143, 'C1=C(C2=c3ccccc3=C2)c2ccccc21'), min:(0.41333333333333333, 'C#Cc1cccc2c1=C(C=C)c1cccc3c1C(=C3)C=2')
[1.0121054649353027] Updated in round 196! max:(0.7142857142857143, 'C1=C(C2=c3ccccc3=C2)c2ccccc21'), min:(0.4142857142857143, 'C=C1C=C2C=c3ccccc3=C(C3=CC3=C)C=C12')
[1.0401973724365234] Updated in round 197! max:(0.7142857142857143, 'C1=C(C2=c3ccccc3=C2)c2ccccc21'), min:(0.4166666666666667, 'C#Cc1cccc2c1=C(c1c3cccc1-3)c1cccc3c1C(=C3)C=2')
[1.0420739650726318] Updated in round 198! max:(0.7142857142857143, 'C1=C(C2=c3ccccc3=C2)c2ccccc21'), min:(0.4166666666666667, 'C=Cc1ccccc1C1=c2cccc3c2=CC2=Cc4cc-3cc1c42')
[1.043781042098999] Updated in round 199! max:(0.7142857142857143, 'C1=C(C2=c3ccccc3=C2)c2ccccc21'), min:(0.4166666666666667, 'C#CC1=C(C2=c3cc(-c4ccccc4)ccc3=C2)c2ccccc21')
[1.046304702758789] Updated in round 200! max:(0.7142857142857143, 'C1=C(C2=c3ccccc3=C2)c2ccccc21'), min:(0.4177215189873418, 'C=Cc1cccc2c1=CC1=Cc3cccc1c3C=2C1=CC=C1')
[1.048856258392334] Updated in round 201! max:(0.7142857142857143, 'C1=C(C2=c3ccccc3=C2)c2ccccc21'), min:(0.4177215189873418, 'C=CC1=c2ccccc2=C(C2=C3C=C32)c2cccc3c2C1=C3')
[1.0829105377197266] Updated in round 202! max:(0.7142857142857143, 'C1=C(C2=c3ccccc3=C2)c2ccccc21'), min:(0.4189189189189189, 'C=CC=C1C2=CC=C2C=c2ccccc2=C1C1=CC1=C')
[1.0848586559295654] Updated in round 203! max:(0.7142857142857143, 'C1=C(C2=c3ccccc3=C2)c2ccccc21'), min:(0.42105263157894735, 'C1=C2C=c3c(ccc4ccccc34)=Cc3cccc1c32')
[1.119861125946045] Updated in round 204! max:(0.7142857142857143, 'C1=C(C2=c3ccccc3=C2)c2ccccc21'), min:(0.4230769230769231, 'C#CC1=CC(C2=c3c4cccc3=C4C(=C)c3ccccc32)=C1')
[1.158348560333252] Updated in round 205! max:(0.7142857142857143, 'C1=C(C2=c3ccccc3=C2)c2ccccc21'), min:(0.4230769230769231, 'C=Cc1cccc2c1=C(C1=CC1=C)c1cccc3c1C(=C3)C=2')
[1.159844160079956] Updated in round 206! max:(0.7142857142857143, 'C1=C(C2=c3ccccc3=C2)c2ccccc21'), min:(0.4246575342465753, 'C=CC1=C2C(=C)C=C2C=c2ccccc2=C1C1=CC1=C')
[1.162336826324463] Updated in round 207! max:(0.7142857142857143, 'C1=C(C2=c3ccccc3=C2)c2ccccc21'), min:(0.425, 'C(=Cc1ccccc1C1=Cc2ccccc21)c1ccccc1')
[1.1646456718444824] Updated in round 208! max:(0.7142857142857143, 'C1=C(C2=c3ccccc3=C2)c2ccccc21'), min:(0.42528735632183906, 'C#Cc1cccc2c1=CC1=Cc3cccc(c31)C=2c1ccccc1C=C')
[1.1666810512542725] Updated in round 209! max:(0.7142857142857143, 'C1=C(C2=c3ccccc3=C2)c2ccccc21'), min:(0.4266666666666667, 'C#Cc1ccccc1C1=Cc2cc3ccccc3cc21')
[1.1686646938323975] Updated in round 210! max:(0.7142857142857143, 'C1=C(C2=c3ccccc3=C2)c2ccccc21'), min:(0.4268292682926829, 'C=CC1=CC(C2=c3ccccc3=CC(=C)c3c2c2ccc3cc2)=C1')
[1.1708128452301025] Updated in round 211! max:(0.7142857142857143, 'C1=C(C2=c3ccccc3=C2)c2ccccc21'), min:(0.4270833333333333, 'C#Cc1ccccc1C1=c2ccccc2=CC2=Cc3c(-c4ccccc4)ccc1c32')
[1.1727705001831055] Updated in round 212! max:(0.7142857142857143, 'C1=C(C2=c3ccccc3=C2)c2ccccc21'), min:(0.42857142857142855, 'C#CC1=CC(C2=c3c(-c4ccccc4)cccc3=CC3=Cc4cccc2c43)=C1')
[1.2082622051239014] Updated in round 213! max:(0.7142857142857143, 'C1=C(C2=c3ccccc3=C2)c2ccccc21'), min:(0.43037974683544306, 'C=CC1=c2ccc3ccccc3c2=CC2=Cc3cccc1c32')
[1.2112469673156738] Updated in round 214! max:(0.7142857142857143, 'C1=C(C2=c3ccccc3=C2)c2ccccc21'), min:(0.43037974683544306, 'C#Cc1c(C2=Cc3ccccc32)cccc1-c1ccccc1')
[1.2142224311828613] Updated in round 215! max:(0.7142857142857143, 'C1=C(C2=c3ccccc3=C2)c2ccccc21'), min:(0.43209876543209874, 'C#CC1=CC(C2=c3cccc(C#C)c3=CC(=C)c3ccccc32)=C1')
[1.2161509990692139] Updated in round 216! max:(0.7142857142857143, 'C1=C(C2=c3ccccc3=C2)c2ccccc21'), min:(0.43209876543209874, 'C=CC1=CC(C2=c3cccc(C=C)c3=CC(=C)c3ccccc32)=C1')
[1.2177221775054932] Updated in round 217! max:(0.7142857142857143, 'C1=C(C2=c3ccccc3=C2)c2ccccc21'), min:(0.43243243243243246, 'C#Cc1ccc2c3c1C=C3C=c1ccccc1=C2C=C')
[1.2193851470947266] Updated in round 218! max:(0.7142857142857143, 'C1=C(C2=c3ccccc3=C2)c2ccccc21'), min:(0.43243243243243246, 'C=CC1=c2c(C=C)cccc2=C1C1=Cc2ccccc21')
[1.2210543155670166] Updated in round 219! max:(0.7142857142857143, 'C1=C(C2=c3ccccc3=C2)c2ccccc21'), min:(0.43283582089552236, 'C1=CC2=C3C1=CC2=C3C1=Cc2ccccc21')
[1.2619218826293945] Updated in round 220! max:(0.7142857142857143, 'C1=C(C2=c3ccccc3=C2)c2ccccc21'), min:(0.43333333333333335, 'C=CC1=CC(C2=c3ccc(-c4ccccc4)cc3=CC(=C)c3ccccc32)=C1')
[1.2647831439971924] Updated in round 221! max:(0.7142857142857143, 'C1=C(C2=c3ccccc3=C2)c2ccccc21'), min:(0.43373493975903615, 'C#Cc1ccccc1C1=c2ccc3cc2=CC2=Cc4ccc-3c1c42')
[1.2669405937194824] Updated in round 222! max:(0.7142857142857143, 'C1=C(C2=c3ccccc3=C2)c2ccccc21'), min:(0.43373493975903615, 'C=Cc1ccccc1C1=c2ccc3cc2=CC2=Cc4cc-3cc1c42')
[1.269578456878662] Updated in round 223! max:(0.7142857142857143, 'C1=C(C2=c3ccccc3=C2)c2ccccc21'), min:(0.43373493975903615, 'C#CC1=c2ccccc2=C1C1=Cc2cccc(-c3ccccc3)c21')
[1.2717437744140625] Updated in round 224! max:(0.7142857142857143, 'C1=C(C2=c3ccccc3=C2)c2ccccc21'), min:(0.4358974358974359, 'C#CC1=Cc2ccccc2C(C2=CC=C2)=c2cc3cc-3c2=C1')
[1.273813009262085] Updated in round 225! max:(0.7142857142857143, 'C1=C(C2=c3ccccc3=C2)c2ccccc21'), min:(0.4358974358974359, 'C#Cc1cccc2c1=C(C1=CC=C1)c1c3cccc1C(=C3)C=2')
[1.2765369415283203] Updated in round 226! max:(0.7142857142857143, 'C1=C(C2=c3ccccc3=C2)c2ccccc21'), min:(0.43661971830985913, 'C1=Cc2cccc3c2C(=C3)C2=c3ccccc3=C12')
[1.2800018787384033] Updated in round 227! max:(0.7142857142857143, 'C1=C(C2=c3ccccc3=C2)c2ccccc21'), min:(0.4367816091954023, 'C1=CC(C2=c3cccc(-c4ccccc4)c3=CC3=Cc4cccc2c43)=C1')
[1.282151222229004] Updated in round 228! max:(0.7142857142857143, 'C1=C(C2=c3ccccc3=C2)c2ccccc21'), min:(0.43902439024390244, 'C=Cc1ccccc1C1=c2ccccc2=Cc2cc(c2)C=CC=C1')
[1.3232440948486328] Updated in round 229! max:(0.7142857142857143, 'C1=C(C2=c3ccccc3=C2)c2ccccc21'), min:(0.44, 'C1=Cc2ccccc2C2=c3c(cccc3=C1)C1=CC=C12')
[1.3616347312927246] Updated in round 230! max:(0.7142857142857143, 'C1=C(C2=c3ccccc3=C2)c2ccccc21'), min:(0.4418604651162791, 'C#CC1=C2C=c3ccccc3=C(c3ccccc3C#C)c3cccc1c32')
[1.363562822341919] Updated in round 231! max:(0.7142857142857143, 'C1=C(C2=c3ccccc3=C2)c2ccccc21'), min:(0.4418604651162791, 'C#CC1=C2C=c3ccccc3=C(c3ccccc3C=C)c3cccc1c32')
[1.366795539855957] Updated in round 232! max:(0.7142857142857143, 'C1=C(C2=c3ccccc3=C2)c2ccccc21'), min:(0.4444444444444444, 'C=CC1=Cc2ccccc2C(C2=CC=C2)=c2ccccc2=C1c1ccccc1')
[1.3691470623016357] Updated in round 233! max:(0.7142857142857143, 'C1=C(C2=c3ccccc3=C2)c2ccccc21'), min:(0.4444444444444444, 'C#Cc1ccc2c(c1)=C(C1=CC(C=C)=C1)c1cccc3c1C(=C3)C=2')
[1.371671199798584] Updated in round 234! max:(0.7142857142857143, 'C1=C(C2=c3ccccc3=C2)c2ccccc21'), min:(0.4482758620689655, 'C1=C2C=c3ccc4ccccc4c3=C(c3ccccc3)c3cccc1c32')
[1.3735401630401611] Updated in round 235! max:(0.7142857142857143, 'C1=C(C2=c3ccccc3=C2)c2ccccc21'), min:(0.4492753623188406, 'C=C1C=C2C=c3ccccc3=C(C3=CC=C3)C=C12')
[1.3757867813110352] Updated in round 236! max:(0.7142857142857143, 'C1=C(C2=c3ccccc3=C2)c2ccccc21'), min:(0.45121951219512196, 'C=C1c2ccccc2C2=c3cccc1c3=CC1=Cc3cccc2c31')
[1.3778769969940186] Updated in round 237! max:(0.7142857142857143, 'C1=C(C2=c3ccccc3=C2)c2ccccc21'), min:(0.45121951219512196, 'C=CC1=C(C2=c3ccccc3=C2)c2c1cccc2-c1ccccc1')
[1.3796136379241943] Updated in round 238! max:(0.7142857142857143, 'C1=C(C2=c3ccccc3=C2)c2ccccc21'), min:(0.45161290322580644, 'C#CC1=Cc2c(cccc2-c2ccccc2)C(C2=CC(C=C)=C2)=c2ccccc2=C1')
[1.3824334144592285] Updated in round 239! max:(0.7142857142857143, 'C1=C(C2=c3ccccc3=C2)c2ccccc21'), min:(0.4523809523809524, 'C#CC1=CC(C2=c3ccccc3=CC(C=C)=Cc3cccc(C=C)c32)=C1')
[1.3852653503417969] Updated in round 240! max:(0.7142857142857143, 'C1=C(C2=c3ccccc3=C2)c2ccccc21'), min:(0.45348837209302323, 'C1=CC(C2=c3ccccc3=CC=Cc3cc(-c4ccccc4)ccc32)=C1')
[1.3885400295257568] Updated in round 241! max:(0.7142857142857143, 'C1=C(C2=c3ccccc3=C2)c2ccccc21'), min:(0.45454545454545453, 'C#CC1=C2C1=c1ccccc1=C(C1=CC=C1)c1ccccc12')
[1.3905689716339111] Updated in round 242! max:(0.7142857142857143, 'C1=C(C2=c3ccccc3=C2)c2ccccc21'), min:(0.45454545454545453, 'C=CC1=CC(C=c2ccccc2=CC2=Cc3ccccc32)=C1')
[1.3935976028442383] Updated in round 243! max:(0.7142857142857143, 'C1=C(C2=c3ccccc3=C2)c2ccccc21'), min:(0.45454545454545453, 'C=CC1=CC2=Cc3cccc(c32)C(c2ccccc2)=C1C=C')
[1.395366907119751] Updated in round 244! max:(0.7142857142857143, 'C1=C(C2=c3ccccc3=C2)c2ccccc21'), min:(0.45714285714285713, 'C1#Cc2cccc3c2=C1C=3C1=Cc2ccccc21')
[1.4404537677764893] Updated in round 245! max:(0.7142857142857143, 'C1=C(C2=c3ccccc3=C2)c2ccccc21'), min:(0.4583333333333333, 'C#CC1=CC(C2=c3ccccc3=CC3=CC=C3C2=C)=C1')
[1.443572998046875] Updated in round 246! max:(0.7142857142857143, 'C1=C(C2=c3ccccc3=C2)c2ccccc21'), min:(0.4588235294117647, 'C=C1C=C1C1=c2ccccc2=CC(=Cc2ccccc2)c2ccccc21')
[1.4456231594085693] Updated in round 247! max:(0.7142857142857143, 'C1=C(C2=c3ccccc3=C2)c2ccccc21'), min:(0.4605263157894737, 'C#CC1=CC(C2=c3ccccc3=CC(=C)c3c4ccc-4c32)=C1')
[1.4499683380126953] Updated in round 248! max:(0.7142857142857143, 'C1=C(C2=c3ccccc3=C2)c2ccccc21'), min:(0.4605263157894737, 'C#Cc1cc2c3c(c1)C(C1=CC1=C)=c1ccccc1=CC3=C2')
[1.4521262645721436] Updated in round 249! max:(0.7142857142857143, 'C1=C(C2=c3ccccc3=C2)c2ccccc21'), min:(0.4606741573033708, 'C=CC1=CC(C2=c3ccc(-c4ccccc4)cc3=CC3=Cc4cccc2c43)=C1')
[1.4553823471069336] Updated in round 250! max:(0.7142857142857143, 'C1=C(C2=c3ccccc3=C2)c2ccccc21'), min:(0.46236559139784944, 'C=CC1=Cc2ccccc2C(C2=CC(C=C)=C2c2ccccc2)=c2ccccc2=C1')
[1.4581584930419922] Updated in round 251! max:(0.7142857142857143, 'C1=C(C2=c3ccccc3=C2)c2ccccc21'), min:(0.4625, 'C#Cc1cccc2c1=C(C1=CC=C1)c1ccccc1C=C(C=C)C=2')
[1.4604253768920898] Updated in round 252! max:(0.7142857142857143, 'C1=C(C2=c3ccccc3=C2)c2ccccc21'), min:(0.4625, 'C#CC1=CC(C2=c3ccccc3=C(C=C)C3=Cc4cccc2c43)=C1')
[1.4651024341583252] Updated in round 253! max:(0.7142857142857143, 'C1=C(C2=c3ccccc3=C2)c2ccccc21'), min:(0.463768115942029, 'C=CC=c1ccccc1=CC1=Cc2ccccc21')
[1.4675791263580322] Updated in round 254! max:(0.7142857142857143, 'C1=C(C2=c3ccccc3=C2)c2ccccc21'), min:(0.463768115942029, 'C=CC#Cc1ccccc1C1=Cc2ccccc21')
[1.4707698822021484] Updated in round 255! max:(0.7142857142857143, 'C1=C(C2=c3ccccc3=C2)c2ccccc21'), min:(0.4657534246575342, 'C#Cc1cc2ccccc2cc1C1=Cc2ccccc21')
[1.5116033554077148] Updated in round 256! max:(0.7142857142857143, 'C1=C(C2=c3ccccc3=C2)c2ccccc21'), min:(0.4659090909090909, 'C#CC1=CC(C2=c3ccc4ccccc4c3=CC(C#C)=Cc3ccccc32)=C1')
[1.5153098106384277] Updated in round 257! max:(0.7142857142857143, 'C1=C(C2=c3ccccc3=C2)c2ccccc21'), min:(0.4673913043478261, 'C=CC1=CC(C2=c3ccccc3=CC(C=C)=Cc3cc(-c4ccccc4)ccc32)=C1')
[1.5183587074279785] Updated in round 258! max:(0.7142857142857143, 'C1=C(C2=c3ccccc3=C2)c2ccccc21'), min:(0.4673913043478261, 'C#CC1=Cc2cc(-c3ccccc3)ccc2C(C2=CC(C=C)=C2)=c2ccccc2=C1')
[1.5224790573120117] Updated in round 259! max:(0.7142857142857143, 'C1=C(C2=c3ccccc3=C2)c2ccccc21'), min:(0.4675324675324675, 'C=CC1=CC2=C1c1cccc3c1C2=c1ccccc1=CC=C3')
[1.5254228115081787] Updated in round 260! max:(0.7142857142857143, 'C1=C(C2=c3ccccc3=C2)c2ccccc21'), min:(0.4675324675324675, 'C#CC1=c2ccc3ccccc3c2=C1C1=Cc2ccccc21')
[1.5704631805419922] Updated in round 261! max:(0.7142857142857143, 'C1=C(C2=c3ccccc3=C2)c2ccccc21'), min:(0.46808510638297873, 'C(#Cc1ccccc1C1=c2ccccc2=CC2=Cc3cccc1c32)c1ccccc1')
[1.6125679016113281] Updated in round 262! max:(0.7142857142857143, 'C1=C(C2=c3ccccc3=C2)c2ccccc21'), min:(0.4691358024691358, 'C=Cc1ccc2c3c1C=C3C=c1ccccc1=C2c1c2cccc1-2')
[1.6171562671661377] Updated in round 263! max:(0.7142857142857143, 'C1=C(C2=c3ccccc3=C2)c2ccccc21'), min:(0.4691358024691358, 'C=CC1=C2C=c3ccccc3=C(c3ccccc3)c3cccc1c32')
[1.6206490993499756] Updated in round 264! max:(0.7142857142857143, 'C1=C(C2=c3ccccc3=C2)c2ccccc21'), min:(0.46987951807228917, 'C=CC1=CC(C2=c3cc(C=C)ccc3=CC(C=C)=Cc3ccccc32)=C1')
[1.623908519744873] Updated in round 265! max:(0.7142857142857143, 'C1=C(C2=c3ccccc3=C2)c2ccccc21'), min:(0.46987951807228917, 'C#CC1=CC(C2=c3ccccc3=CC(C=C)=Cc3ccc(C=C)cc32)=C1')
[1.6694257259368896] Updated in round 266! max:(0.7142857142857143, 'C1=C(C2=c3ccccc3=C2)c2ccccc21'), min:(0.46987951807228917, 'C#CC1=Cc2cc(C=C)ccc2C(C2=CC(C=C)=C2)=c2ccccc2=C1')
[1.673839807510376] Updated in round 267! max:(0.7142857142857143, 'C1=C(C2=c3ccccc3=C2)c2ccccc21'), min:(0.46987951807228917, 'C#CC1=CC(C2=c3cc(C#C)ccc3=CC(C#C)=Cc3ccccc32)=C1')
[1.676166296005249] Updated in round 268! max:(0.7142857142857143, 'C1=C(C2=c3ccccc3=C2)c2ccccc21'), min:(0.46987951807228917, 'C#CC1=CC(C2=c3ccccc3=CC(C#C)=Cc3ccc(C#C)cc32)=C1')
[1.6813883781433105] Updated in round 269! max:(0.7142857142857143, 'C1=C(C2=c3ccccc3=C2)c2ccccc21'), min:(0.47058823529411764, 'C=CC(=C)c1ccccc1C1=Cc2ccccc21')
[1.736384391784668] Updated in round 270! max:(0.7142857142857143, 'C1=C(C2=c3ccccc3=C2)c2ccccc21'), min:(0.4731182795698925, 'C#Cc1ccc(-c2ccccc2)cc1C1=c2ccccc2=CC2=Cc3cccc1c32')
[1.7409439086914062] Updated in round 271! max:(0.7142857142857143, 'C1=C(C2=c3ccccc3=C2)c2ccccc21'), min:(0.47368421052631576, 'C=CC1=Cc2ccccc2C(C2=CC=C2)=c2c3cccc2=C13')
[1.7447924613952637] Updated in round 272! max:(0.7142857142857143, 'C1=C(C2=c3ccccc3=C2)c2ccccc21'), min:(0.47368421052631576, 'C#CC1=CC(C2=c3cc4ccc3=CC(=C4)c3ccccc32)=C1')
[1.752744436264038] Updated in round 273! max:(0.7142857142857143, 'C1=C(C2=c3ccccc3=C2)c2ccccc21'), min:(0.475, 'C#CC1=C2C(=C1)C1=c3ccccc3=CC(C=C)=Cc3cccc2c31')
[1.793799877166748] Updated in round 274! max:(0.7142857142857143, 'C1=C(C2=c3ccccc3=C2)c2ccccc21'), min:(0.475, 'C#CC1=Cc2cccc3c2C(=c2ccccc2=C1)C1=CC(C#C)=C13')
[1.8073253631591797] Updated in round 275! max:(0.7142857142857143, 'C1=C(C2=c3ccccc3=C2)c2ccccc21'), min:(0.47619047619047616, 'C#Cc1cccc2c1C=c1ccccc1=C(C1=CC=C1)c1ccccc1-2')
[1.8496544361114502] Updated in round 276! max:(0.7142857142857143, 'C1=C(C2=c3ccccc3=C2)c2ccccc21'), min:(0.47619047619047616, 'C=CC1=CC(C2=c3ccccc3=CC=Cc3c2ccc2ccccc32)=C1')
[1.8610520362854004] Updated in round 277! max:(0.7142857142857143, 'C1=C(C2=c3ccccc3=C2)c2ccccc21'), min:(0.47692307692307695, 'C1=C2C3=c4ccccc4=C3c3cccc1c32')
[1.865652322769165] Updated in round 278! max:(0.7142857142857143, 'C1=C(C2=c3ccccc3=C2)c2ccccc21'), min:(0.4772727272727273, 'C=CC1=Cc2cc(-c3ccccc3)ccc2C(C2=CC=C2)=c2ccccc2=C1')
[1.8691868782043457] Updated in round 279! max:(0.7142857142857143, 'C1=C(C2=c3ccccc3=C2)c2ccccc21'), min:(0.4772727272727273, 'C#CC1=CC(C2=c3ccccc3=CC(=Cc3ccccc3)c3ccccc32)=C1')
[1.8735542297363281] Updated in round 280! max:(0.7142857142857143, 'C1=C(C2=c3ccccc3=C2)c2ccccc21'), min:(0.4782608695652174, 'C1#CC(C2=Cc3ccc(-c4ccccc4)cc3C(C3=CC=C3)=c3ccccc3=C2)=C1')
[1.9213964939117432] Updated in round 281! max:(0.7142857142857143, 'C1=C(C2=c3ccccc3=C2)c2ccccc21'), min:(0.4791666666666667, 'C#CC1=CC(C2=c3ccccc3=CC(C3=CC#C3)=Cc3ccccc32)=C1c1ccccc1')
[1.9242525100708008] Updated in round 282! max:(0.7142857142857143, 'C1=C(C2=c3ccccc3=C2)c2ccccc21'), min:(0.4805194805194805, 'C1=C(C2=c3ccccc3=C2)c2ccc(-c3ccccc3)cc21')
[1.9703423976898193] Updated in round 283! max:(0.7142857142857143, 'C1=C(C2=c3ccccc3=C2)c2ccccc21'), min:(0.4810126582278481, 'C#CC(=C)C1=Cc2ccccc2C2=c3ccccc3=C1c1cc2c1')
[2.014251470565796] Updated in round 284! max:(0.7142857142857143, 'C1=C(C2=c3ccccc3=C2)c2ccccc21'), min:(0.4810126582278481, 'C#CC1=CC(C2=c3ccc(C=C)cc3=CC=Cc3ccccc32)=C1')
[2.0190815925598145] Updated in round 285! max:(0.7142857142857143, 'C1=C(C2=c3ccccc3=C2)c2ccccc21'), min:(0.4810126582278481, 'C=CC1=CC(C2=c3ccccc3=C3C(C=C)=C3c3ccccc32)=C1')
[2.0222256183624268] Updated in round 286! max:(0.7142857142857143, 'C1=C(C2=c3ccccc3=C2)c2ccccc21'), min:(0.4810126582278481, 'C#Cc1cccc2c1C=C(C=C)C=c1ccccc1=C2C1=CC=C1')
[2.025763511657715] Updated in round 287! max:(0.7142857142857143, 'C1=C(C2=c3ccccc3=C2)c2ccccc21'), min:(0.4810126582278481, 'C#CC1=c2c3cccc2=C3C(C2=CC(C=C)=C2)=c2ccccc2=C1')
[2.0282254219055176] Updated in round 288! max:(0.7142857142857143, 'C1=C(C2=c3ccccc3=C2)c2ccccc21'), min:(0.4810126582278481, 'C#CC1=Cc2c(C=C)cccc2C(C2=CC=C2)=c2ccccc2=C1')
[2.031867504119873] Updated in round 289! max:(0.7142857142857143, 'C1=C(C2=c3ccccc3=C2)c2ccccc21'), min:(0.4810126582278481, 'C#CC1=CC(C2=c3ccccc3=CC3=Cc4cc(C=C)cc2c43)=C1')
[2.035291910171509] Updated in round 290! max:(0.7142857142857143, 'C1=C(C2=c3ccccc3=C2)c2ccccc21'), min:(0.4810126582278481, 'C#CC(C=C)=C(C=C)C1=c2ccccc2=CC2=Cc3cccc1c32')
[2.038661479949951] Updated in round 291! max:(0.7142857142857143, 'C1=C(C2=c3ccccc3=C2)c2ccccc21'), min:(0.4819277108433735, 'C#Cc1cccc2c1=CC(C1=C3C=C31)=Cc1ccccc1C=2C1=CC=C1')
[2.0410962104797363] Updated in round 292! max:(0.7142857142857143, 'C1=C(C2=c3ccccc3=C2)c2ccccc21'), min:(0.4819277108433735, 'C#Cc1ccc2c(c1)=C(C1=CC=C1)c1ccccc1C=C(C1=CC#C1)C=2')
[2.0452449321746826] Updated in round 293! max:(0.7142857142857143, 'C1=C(C2=c3ccccc3=C2)c2ccccc21'), min:(0.4823529411764706, 'C1=C2C=c3ccccc3=C(c3c4cccc3-4)c3cc4ccccc4c1c32')
[2.0879478454589844] Updated in round 294! max:(0.7142857142857143, 'C1=C(C2=c3ccccc3=C2)c2ccccc21'), min:(0.48314606741573035, 'C1=C2C=c3ccccc3=C(c3c4cccc3-4)c3cc(-c4ccccc4)cc1c32')
[2.0986244678497314] Updated in round 295! max:(0.7142857142857143, 'C1=C(C2=c3ccccc3=C2)c2ccccc21'), min:(0.4835164835164835, 'C#CC1=CC(C2=c3ccccc3=CC(C3=CC#C3)=Cc3cc4ccccc4cc32)=C1')
[2.1413216590881348] Updated in round 296! max:(0.7142857142857143, 'C1=C(C2=c3ccccc3=C2)c2ccccc21'), min:(0.4852941176470588, 'C=Cc1ccc2c(c1)C(C1=c3ccccc3=C1)=C2')
[2.1474387645721436] Updated in round 297! max:(0.7142857142857143, 'C1=C(C2=c3ccccc3=C2)c2ccccc21'), min:(0.4861111111111111, 'C=c1c2cc3ccccc3c1=C2C1=Cc2ccccc21')
[2.1529886722564697] Updated in round 298! max:(0.7142857142857143, 'C1=C(C2=c3ccccc3=C2)c2ccccc21'), min:(0.4868421052631579, 'C=CC=C1C=C2C=c3ccccc3=C(c3ccccc3)C=C12')
[2.2053492069244385] Updated in round 299! max:(0.7142857142857143, 'C1=C(C2=c3ccccc3=C2)c2ccccc21'), min:(0.4875, 'C1=CC(C2=c3ccccc3=CC3=Cc4cccc(c42)C=C2C=C23)=C1')
[2.2120676040649414] Updated in round 300! max:(0.7142857142857143, 'C1=C(C2=c3ccccc3=C2)c2ccccc21'), min:(0.4875, 'C#Cc1ccc2c(c1)=CC1=Cc3cccc(c31)C=2c1ccccc1')
[2.2171452045440674] Updated in round 301! max:(0.7142857142857143, 'C1=C(C2=c3ccccc3=C2)c2ccccc21'), min:(0.4878048780487805, 'C=Cc1cccc2c1=C(C1=CC1=C)c1ccccc1C=C(C1=C3C=C31)C=2')
[2.219517469406128] Updated in round 302! max:(0.7142857142857143, 'C1=C(C2=c3ccccc3=C2)c2ccccc21'), min:(0.4878048780487805, 'C#Cc1ccc2c(c1)C=C(C1=CC1=C)C=c1ccccc1=C2C1=CC=C1')
[2.2258431911468506] Updated in round 303! max:(0.7142857142857143, 'C1=C(C2=c3ccccc3=C2)c2ccccc21'), min:(0.4880952380952381, 'C#Cc1c(C2=c3ccccc3=CC3=Cc4cccc2c43)c2ccc1cc2')
[2.2750072479248047] Updated in round 304! max:(0.7142857142857143, 'C1=C(C2=c3ccccc3=C2)c2ccccc21'), min:(0.48863636363636365, 'C=CC1=Cc2ccccc2C(C2=CC=C2c2ccccc2)=c2ccccc2=C1')
[2.2799816131591797] Updated in round 305! max:(0.7142857142857143, 'C1=C(C2=c3ccccc3=C2)c2ccccc21'), min:(0.49333333333333335, 'C=CC1=CC(C2=c3c4cccc3=C4C=Cc3ccccc32)=C1')
[2.2854981422424316] Updated in round 306! max:(0.7142857142857143, 'C1=C(C2=c3ccccc3=C2)c2ccccc21'), min:(0.49333333333333335, 'C=C1C=c2c3cccc2=C(C2=CC(=C2)C=C3)c2ccccc21')
[2.3405141830444336] Updated in round 307! max:(0.7142857142857143, 'C1=C(C2=c3ccccc3=C2)c2ccccc21'), min:(0.4936708860759494, 'C=C1C=C1C1=c2ccccc2=CC2=Cc3cc(ccc31)C=C1C=C12')
[2.346801280975342] Updated in round 308! max:(0.7142857142857143, 'C1=C(C2=c3ccccc3=C2)c2ccccc21'), min:(0.4936708860759494, 'C=C1C=C1C1=Cc2ccccc2C2=c3c(cccc3=C1)C1=CC=C12')
[2.3539628982543945] Updated in round 309! max:(0.7142857142857143, 'C1=C(C2=c3ccccc3=C2)c2ccccc21'), min:(0.4936708860759494, 'C=C1C=C1C1=c2c3cccc2=CC(=Cc2ccccc21)C1=C3C#C1')
[2.410343885421753] Updated in round 310! max:(0.7142857142857143, 'C1=C(C2=c3ccccc3=C2)c2ccccc21'), min:(0.4936708860759494, 'C#CC1=CC(C2=c3ccc4cc3=CC(=Cc3ccccc32)C=C4)=C1')
[2.417013168334961] Updated in round 311! max:(0.7142857142857143, 'C1=C(C2=c3ccccc3=C2)c2ccccc21'), min:(0.4936708860759494, 'C=CC1=CC(C2=c3cc4ccc3=CC(=Cc3ccccc32)C#C4)=C1')
[2.422602653503418] Updated in round 312! max:(0.7142857142857143, 'C1=C(C2=c3ccccc3=C2)c2ccccc21'), min:(0.4936708860759494, 'C#CC1=CC(C2=c3cc4ccc3=CC(=Cc3ccccc32)C#C4)=C1')
[2.4284119606018066] Updated in round 313! max:(0.7142857142857143, 'C1=C(C2=c3ccccc3=C2)c2ccccc21'), min:(0.4939759036144578, 'C=CC1=CC(C2=c3ccc4cc3=CC(=Cc3ccccc32)C2=C4C#C2)=C1')
[2.475917100906372] Updated in round 314! max:(0.7142857142857143, 'C1=C(C2=c3ccccc3=C2)c2ccccc21'), min:(0.4939759036144578, 'C#CC1=CC(C2=c3ccccc3=CC=Cc3cc4ccccc4cc32)=C1')
[2.527186393737793] Updated in round 315! max:(0.7142857142857143, 'C1=C(C2=c3ccccc3=C2)c2ccccc21'), min:(0.4939759036144578, 'C#Cc1ccc(C=C)c(C2=c3ccccc3=CC3=Cc4cccc2c43)c1')
[2.532958745956421] Updated in round 316! max:(0.7142857142857143, 'C1=C(C2=c3ccccc3=C2)c2ccccc21'), min:(0.49411764705882355, 'C=CC1=CC(C2=c3ccccc3=C(C=C)C(C3=CC3=C)=Cc3ccccc32)=C1')
[2.5378429889678955] Updated in round 317! max:(0.7142857142857143, 'C1=C(C2=c3ccccc3=C2)c2ccccc21'), min:(0.4945054945054945, 'C1=CC(C2=c3cc(-c4ccccc4)ccc3=CC(C3=C4C=C43)=Cc3ccccc32)=C1')
[2.591700553894043] Updated in round 318! max:(0.7142857142857143, 'C1=C(C2=c3ccccc3=C2)c2ccccc21'), min:(0.5, 'C#CC1=CC(C2=c3ccccc3=CC3=Cc4ccc(cc42)C2=C3C2=C)=C1')
[2.599961996078491] Updated in round 319! max:(0.7142857142857143, 'C1=C(C2=c3ccccc3=C2)c2ccccc21'), min:(0.5, 'C=CC1=CC(C2=c3ccccc3=CC3=Cc4ccc(cc42)C2=C3C2=C)=C1')
[2.6568689346313477] Updated in round 320! max:(0.7142857142857143, 'C1=C(C2=c3ccccc3=C2)c2ccccc21'), min:(0.5, 'C=CC1=C(C2=C3C=C32)C=c2ccccc2=C(C2=CC=C2)c2ccccc21')
[2.667613983154297] Updated in round 321! max:(0.7142857142857143, 'C1=C(C2=c3ccccc3=C2)c2ccccc21'), min:(0.5, 'C#CC(=C)C1=Cc2ccccc2C2=c3cccc(c3=C1)C1=CC2=C1')
[2.718203067779541] Updated in round 322! max:(0.7142857142857143, 'C1=C(C2=c3ccccc3=C2)c2ccccc21'), min:(0.5, 'C#CC1=Cc2ccccc2C(C2=CC(C=C)=C2)=c2cccc3c2=C13')
[2.731109380722046] Updated in round 323! max:(0.7142857142857143, 'C1=C(C2=c3ccccc3=C2)c2ccccc21'), min:(0.5, 'C#CC1=CC(C2=c3ccccc3=CC(=C)c3ccccc32)=C1C=C')
[2.79028058052063] Updated in round 324! max:(0.7142857142857143, 'C1=C(C2=c3ccccc3=C2)c2ccccc21'), min:(0.5, 'C#CC1=CC(C2=c3ccccc3=CC3=C(C=C)c4cccc2c43)=C1')
[2.849515438079834] Updated in round 325! max:(0.7142857142857143, 'C1=C(C2=c3ccccc3=C2)c2ccccc21'), min:(0.5, 'C1=C2C=c3ccccc3=C(c3ccc(-c4ccccc4)cc3)c3cccc1c32')
[2.8576905727386475] Updated in round 326! max:(0.7142857142857143, 'C1=C(C2=c3ccccc3=C2)c2ccccc21'), min:(0.5, 'C1=C(C2=c3ccccc3=C2)c2c1ccc1ccccc21')
[2.867791175842285] Updated in round 327! max:(0.7142857142857143, 'C1=C(C2=c3ccccc3=C2)c2ccccc21'), min:(0.5054945054945055, 'C1#CC(C2=Cc3ccccc3C(C3=CC=C3c3ccccc3)=c3ccccc3=C2)=C1')
[2.919440984725952] Updated in round 328! max:(0.7142857142857143, 'C1=C(C2=c3ccccc3=C2)c2ccccc21'), min:(0.5057471264367817, 'C=Cc1c(C2=c3ccccc3=CC3=Cc4cccc2c43)ccc2ccccc12')
[2.9300122261047363] Updated in round 329! max:(0.7142857142857143, 'C1=C(C2=c3ccccc3=C2)c2ccccc21'), min:(0.5061728395061729, 'C#CC1=C(C2=CC2=C)C=c2ccccc2=C(C2=CC=C2)c2ccccc21')
[2.989576816558838] Updated in round 330! max:(0.7142857142857143, 'C1=C(C2=c3ccccc3=C2)c2ccccc21'), min:(0.5063291139240507, 'C1=CC2=C1C1=c3c2cccc3=CC(C2=C3C=C32)=Cc2ccccc21')
[2.9977235794067383] Updated in round 331! max:(0.7142857142857143, 'C1=C(C2=c3ccccc3=C2)c2ccccc21'), min:(0.5063291139240507, 'C=CC1=c2ccccc2=CC2=Cc3ccc(-c4ccccc4)c1c32')
[3.005319356918335] Updated in round 332! max:(0.7142857142857143, 'C1=C(C2=c3ccccc3=C2)c2ccccc21'), min:(0.5066666666666667, 'C1#Cc2cccc3c2C=CC=c2ccccc2=C3C2=CC1=C2')
[3.058507204055786] Updated in round 333! max:(0.7142857142857143, 'C1=C(C2=c3ccccc3=C2)c2ccccc21'), min:(0.5066666666666667, 'C1#Cc2ccc3c(c2)C=C1C=c1ccccc1=C3C1=CC=C1')
[3.0667359828948975] Updated in round 334! max:(0.7142857142857143, 'C1=C(C2=c3ccccc3=C2)c2ccccc21'), min:(0.5066666666666667, 'C=CC=CC=CC1=c2ccccc2=CC2=Cc3cccc1c32')
[3.0746896266937256] Updated in round 335! max:(0.7142857142857143, 'C1=C(C2=c3ccccc3=C2)c2ccccc21'), min:(0.5070422535211268, 'C=CC=CC1=C(C2=c3ccccc3=C2)c2ccccc21')
[3.1282668113708496] Updated in round 336! max:(0.7142857142857143, 'C1=C(C2=c3ccccc3=C2)c2ccccc21'), min:(0.5079365079365079, 'C#Cc1ccccc1C1=Cc2ccccc21')
[3.1896214485168457] Updated in round 337! max:(0.7142857142857143, 'C1=C(C2=c3ccccc3=C2)c2ccccc21'), min:(0.5106382978723404, 'C=CC1=C(C2=Cc3ccccc3C(C3=CC=C3)=c3ccccc3=C2)C1=Cc1ccccc1')
[3.201552391052246] Updated in round 338! max:(0.7142857142857143, 'C1=C(C2=c3ccccc3=C2)c2ccccc21'), min:(0.5106382978723404, 'C1#CC(C2=Cc3ccccc3C(C3=CC(C#Cc4ccccc4)=C3)=c3ccccc3=C2)=C1')
[3.25930118560791] Updated in round 339! max:(0.7142857142857143, 'C1=C(C2=c3ccccc3=C2)c2ccccc21'), min:(0.5111111111111111, 'C=C1C=C1C1=Cc2ccccc2C(C2=CC=C2c2ccccc2)=c2ccccc2=C1')
[3.3199644088745117] Updated in round 340! max:(0.7142857142857143, 'C1=C(C2=c3ccccc3=C2)c2ccccc21'), min:(0.5111111111111111, 'C#CC1=CC(C2=c3ccccc3=CC(C#Cc3ccccc3)=Cc3ccccc32)=C1')
[3.374596357345581] Updated in round 341! max:(0.7142857142857143, 'C1=C(C2=c3ccccc3=C2)c2ccccc21'), min:(0.5121951219512195, 'C=CC1=CC(C2=c3ccccc3=CC3=Cc4cccc(c42)C2=C3C=C2)=C1')
[3.4384610652923584] Updated in round 342! max:(0.7142857142857143, 'C1=C(C2=c3ccccc3=C2)c2ccccc21'), min:(0.5121951219512195, 'C#CC1=C2C(C3=Cc4cccc5c4C(=c4ccccc4=C3)C3=C5C=C3)=C12')
[3.4473423957824707] Updated in round 343! max:(0.7142857142857143, 'C1=C(C2=c3ccccc3=C2)c2ccccc21'), min:(0.5121951219512195, 'C=CC1=CC(C2=c3ccccc3=CC3=Cc4cccc(c42)C2=C3C#C2)=C1')
[3.4545509815216064] Updated in round 344! max:(0.7142857142857143, 'C1=C(C2=c3ccccc3=C2)c2ccccc21'), min:(0.5121951219512195, 'C#Cc1cccc(C#C)c1C1=c2ccccc2=CC2=Cc3cccc1c32')
[3.5011274814605713] Updated in round 345! max:(0.7142857142857143, 'C1=C(C2=c3ccccc3=C2)c2ccccc21'), min:(0.5128205128205128, 'C=CC1=Cc2ccc3c(c2)C(C2=CC=C2)=c2ccccc2=CC1=C3')
[3.5634140968322754] Updated in round 346! max:(0.7142857142857143, 'C1=C(C2=c3ccccc3=C2)c2ccccc21'), min:(0.5128205128205128, 'C1=CC(C2=Cc3ccccc3C3=c4cccc(c4=C2)C2=CC3=C2)=C1')
[3.6223700046539307] Updated in round 347! max:(0.7142857142857143, 'C1=C(C2=c3ccccc3=C2)c2ccccc21'), min:(0.5128205128205128, 'C1=C(C2=C3C=C32)C=c2ccccc2=C2C3=CC(=C3)c3cccc2c31')
[3.637042999267578] Updated in round 348! max:(0.7142857142857143, 'C1=C(C2=c3ccccc3=C2)c2ccccc21'), min:(0.5128205128205128, 'C=C1C#Cc2ccc3c(c2)=C(C2=CC=C2)c2ccccc2C=C1C=3')
[3.6962924003601074] Updated in round 349! max:(0.7142857142857143, 'C1=C(C2=c3ccccc3=C2)c2ccccc21'), min:(0.5128205128205128, 'C=CC1=CC(C2=c3ccccc3=CC=Cc3ccccc32)=C1C=C')
[3.7070491313934326] Updated in round 350! max:(0.7142857142857143, 'C1=C(C2=c3ccccc3=C2)c2ccccc21'), min:(0.5135135135135135, 'C=C1C2=CC(=C2)C2=c3cccc1c3=CC=Cc1ccccc12')
[3.765531301498413] Updated in round 351! max:(0.7142857142857143, 'C1=C(C2=c3ccccc3=C2)c2ccccc21'), min:(0.5135135135135135, 'C#CC1=Cc2ccccc2C2=c3ccccc3=C1c1cc2c1')
[3.779639959335327] Updated in round 352! max:(0.7142857142857143, 'C1=C(C2=c3ccccc3=C2)c2ccccc21'), min:(0.5135135135135135, 'C#CC=CC(=C)C1=c2ccccc2=CC2=Cc3cccc1c32')
[3.835110902786255] Updated in round 353! max:(0.7142857142857143, 'C1=C(C2=c3ccccc3=C2)c2ccccc21'), min:(0.5142857142857142, 'C=CC(=C)C1=C(C2=c3ccccc3=C2)c2ccccc21')
[3.874805450439453] Updated in round 354! max:(0.7142857142857143, 'C1=C(C2=c3ccccc3=C2)c2ccccc21'), min:(0.5161290322580645, 'C=CC1=C2C(C3=Cc4ccccc4C(C4=CC(c5ccccc5)=C4)=c4ccccc4=C3)=C12')
[3.887449026107788] Updated in round 355! max:(0.7142857142857143, 'C1=C(C2=c3ccccc3=C2)c2ccccc21'), min:(0.5161290322580645, 'C=C(C1=CC(C2=c3ccccc3=CC(C3=CC#C3)=Cc3ccccc32)=C1)c1ccccc1')
[3.930006742477417] Updated in round 356! max:(0.7142857142857143, 'C1=C(C2=c3ccccc3=C2)c2ccccc21'), min:(0.5180722891566265, 'C1=C2C=c3ccccc3=C(c3c4cccc3-4)c3c2c1cc1ccccc31')
[3.9420254230499268] Updated in round 357! max:(0.7142857142857143, 'C1=C(C2=c3ccccc3=C2)c2ccccc21'), min:(0.5189873417721519, 'C1#Cc2cc1ccc2C1=c2ccccc2=CC2=Cc3cccc1c32')
[4.034250497817993] Updated in round 358! max:(0.7142857142857143, 'C1=C(C2=c3ccccc3=C2)c2ccccc21'), min:(0.5194805194805194, 'C=CC=CC1=c2ccccc2=CC(C(=C)C=C)=Cc2ccccc21')
[4.134208679199219] Updated in round 359! max:(0.7142857142857143, 'C1=C(C2=c3ccccc3=C2)c2ccccc21'), min:(0.5194805194805194, 'C=C1C=C1C1=Cc2c3cccc2C(=c2ccccc2=C1)C1=CC3=C1')
[4.179649591445923] Updated in round 360! max:(0.7142857142857143, 'C1=C(C2=c3ccccc3=C2)c2ccccc21'), min:(0.5194805194805194, 'C#CC(=C)C=CC1=c2ccccc2=CC(C=C)=Cc2ccccc21')
[4.228667974472046] Updated in round 361! max:(0.7142857142857143, 'C1=C(C2=c3ccccc3=C2)c2ccccc21'), min:(0.5194805194805194, 'C#CC1=Cc2ccccc2C(C2=CC=C2)=c2ccccc2=C1C=C')
[4.238992929458618] Updated in round 362! max:(0.7142857142857143, 'C1=C(C2=c3ccccc3=C2)c2ccccc21'), min:(0.52, 'C1=C2C=c3ccccc3=c3c4cc(cc1c42)c1ccccc31')
[4.345499038696289] Updated in round 363! max:(0.7142857142857143, 'C1=C(C2=c3ccccc3=C2)c2ccccc21'), min:(0.5222222222222223, 'C1#CC2=C3C(=C23)C2=Cc3ccccc3C(=c3ccccc3=C2)C1=Cc1ccccc1')
[4.359627962112427] Updated in round 364! max:(0.7142857142857143, 'C1=C(C2=c3ccccc3=C2)c2ccccc21'), min:(0.5222222222222223, 'C1#CC(c2ccccc2)=C1C1=Cc2ccccc2C(C2=CC=C2)=c2ccccc2=C1')
[4.4118266105651855] Updated in round 365! max:(0.7142857142857143, 'C1=C(C2=c3ccccc3=C2)c2ccccc21'), min:(0.525, 'C=CC1=CC(C2=c3ccccc3=C(C=C)C(C=C)=Cc3ccccc32)=C1')
[4.469101667404175] Updated in round 366! max:(0.7142857142857143, 'C1=C(C2=c3ccccc3=C2)c2ccccc21'), min:(0.525, 'C#CC1=C(C=C)c2ccccc2C(C2=CC(C=C)=C2)=c2ccccc2=C1')
[4.478318214416504] Updated in round 367! max:(0.7142857142857143, 'C1=C(C2=c3ccccc3=C2)c2ccccc21'), min:(0.5256410256410257, 'C=C1C=CC2=C3C=C3C3=Cc4cccc2c4C1=c1ccccc1=C3')
[4.565171241760254] Updated in round 368! max:(0.7142857142857143, 'C1=C(C2=c3ccccc3=C2)c2ccccc21'), min:(0.5256410256410257, 'C1#CC(C2=Cc3cccc4c3C(=c3ccccc3=C2)C2=C4C=C2)=C1')
[4.607189178466797] Updated in round 369! max:(0.7142857142857143, 'C1=C(C2=c3ccccc3=C2)c2ccccc21'), min:(0.5256410256410257, 'C=Cc1ccc2c(C3=c4ccccc4=CC4=Cc5cccc3c54)c1-2')
[4.664844751358032] Updated in round 370! max:(0.7142857142857143, 'C1=C(C2=c3ccccc3=C2)c2ccccc21'), min:(0.5256410256410257, 'C=Cc1c2ccc-2c1C1=c2ccccc2=CC2=Cc3cccc1c32')
[4.714034557342529] Updated in round 371! max:(0.7142857142857143, 'C1=C(C2=c3ccccc3=C2)c2ccccc21'), min:(0.527027027027027, 'C1=Cc2cccc3c2=C1c1ccccc1C=C(C1=C2C=C21)C=3')
[4.724717140197754] Updated in round 372! max:(0.7540983606557377, 'C1=C2C=c3ccccc3=C(c3cc2c3)c2ccccc21'), min:(0.5280898876404494, 'C#CC1=C2C(C3=Cc4ccccc4C(C4=Cc5ccccc54)=c4ccccc4=C3)=C12')
[4.76996374130249] Updated in round 373! max:(0.7540983606557377, 'C1=C2C=c3ccccc3=C(c3cc2c3)c2ccccc21'), min:(0.5294117647058824, 'C=CC1=c2ccccc2=CC(C2=C(c3ccccc3)C2=C)=Cc2ccccc21')
[4.774423360824585] Updated in round 374! max:(0.7540983606557377, 'C1=C2C=c3ccccc3=C(c3cc2c3)c2ccccc21'), min:(0.5308641975308642, 'C=Cc1cc2c3c(c1)C(c1ccccc1C=C)=c1ccccc1=CC3=C2')
[4.8315794467926025] Updated in round 375! max:(0.7540983606557377, 'C1=C2C=c3ccccc3=C(c3cc2c3)c2ccccc21'), min:(0.5324675324675324, 'C=C1C=C1C1=c2ccccc2=CC2=Cc3cccc(c31)C1=CC=C21')
[4.885708570480347] Updated in round 376! max:(0.7540983606557377, 'C1=C2C=c3ccccc3=C(c3cc2c3)c2ccccc21'), min:(0.5324675324675324, 'C1=CC(C2=c3ccc4cc3=CC(=Cc3ccccc32)C2=C3C2=C34)=C1')
[4.935718536376953] Updated in round 377! max:(0.7540983606557377, 'C1=C2C=c3ccccc3=C(c3cc2c3)c2ccccc21'), min:(0.5324675324675324, 'C=CC1=CC(C2=c3ccccc3=CC3=Cc4cccc2c43)=C1C=C')
[4.984333753585815] Updated in round 378! max:(0.7540983606557377, 'C1=C2C=c3ccccc3=C(c3cc2c3)c2ccccc21'), min:(0.5342465753424658, 'C=Cc1ccc2c(c1)C=C1C=c3ccccc3=C2c2cc1c2')
[5.030172109603882] Updated in round 379! max:(0.7540983606557377, 'C1=C2C=c3ccccc3=C(c3cc2c3)c2ccccc21'), min:(0.5342465753424658, 'C=CC1=c2ccccc2=CC2=Cc3cccc(c31)C1=CC2=C1')
[5.07933783531189] Updated in round 380! max:(0.7540983606557377, 'C1=C2C=c3ccccc3=C(c3cc2c3)c2ccccc21'), min:(0.5342465753424658, 'C=C1C2=C(C3=C4C=C43)C=c3ccccc3=C1c1ccccc12')
[5.139503717422485] Updated in round 381! max:(0.7540983606557377, 'C1=C2C=c3ccccc3=C(c3cc2c3)c2ccccc21'), min:(0.5342465753424658, 'C=CC1=Cc2c3cccc2C(=c2ccccc2=C1)C1=CC3=C1')
[5.149932146072388] Updated in round 382! max:(0.7540983606557377, 'C1=C2C=c3ccccc3=C(c3cc2c3)c2ccccc21'), min:(0.5348837209302325, 'C1=C2C=c3ccccc3=C(c3cc2cc(-c2ccccc2)c3)c2ccccc21')
[5.197350025177002] Updated in round 383! max:(0.7540983606557377, 'C1=C2C=c3ccccc3=C(c3cc2c3)c2ccccc21'), min:(0.5365853658536586, 'C1=C2C=c3ccccc3=C(c3c4cc5ccccc5c3-4)c3cccc1c32')
[5.245018720626831] Updated in round 384! max:(0.7540983606557377, 'C1=C2C=c3ccccc3=C(c3cc2c3)c2ccccc21'), min:(0.5375, 'C=CC(=C)C1=Cc2ccccc2C(C2=C(C=C)C=C2)=c2ccccc2=C1')
[5.253177642822266] Updated in round 385! max:(0.7540983606557377, 'C1=C2C=c3ccccc3=C(c3cc2c3)c2ccccc21'), min:(0.5375, 'C#CC(=C)C=CC1=c2ccccc2=CC(C2=CC#C2)=Cc2ccccc21')
[5.356282472610474] Updated in round 386! max:(0.7540983606557377, 'C1=C2C=c3ccccc3=C(c3cc2c3)c2ccccc21'), min:(0.5375, 'C#CC1=Cc2ccccc2C(C2=C(C#C)C(C=C)=C2)=c2ccccc2=C1')
[5.423596382141113] Updated in round 387! max:(0.7540983606557377, 'C1=C2C=c3ccccc3=C(c3cc2c3)c2ccccc21'), min:(0.5384615384615384, 'C1=Cc2c1cccc2C1=c2ccccc2=CC2=Cc3cccc1c32')
[5.434635400772095] Updated in round 388! max:(0.7540983606557377, 'C1=C2C=c3ccccc3=C(c3cc2c3)c2ccccc21'), min:(0.5394736842105263, 'C=CC1=CC(C2=c3ccccc3=CC=C(C=C)c3ccccc32)=C1')
[5.493656635284424] Updated in round 389! max:(0.7540983606557377, 'C1=C2C=c3ccccc3=C(c3cc2c3)c2ccccc21'), min:(0.5411764705882353, 'C=C1C2=CC(=C1c1ccccc1)C1=c3ccccc3=CC2=Cc2ccccc21')
[5.554624557495117] Updated in round 390! max:(0.7540983606557377, 'C1=C2C=c3ccccc3=C(c3cc2c3)c2ccccc21'), min:(0.5411764705882353, 'C=C(c1ccccc1)c1c2cc1C1=c3ccccc3=CC2=Cc2ccccc21')
[5.607763290405273] Updated in round 391! max:(0.7540983606557377, 'C1=C2C=c3ccccc3=C(c3cc2c3)c2ccccc21'), min:(0.5416666666666666, 'C=C1C=C1C1=c2ccccc2=CC2=C(C2=C)c2ccccc21')
[5.666780948638916] Updated in round 392! max:(0.7540983606557377, 'C1=C2C=c3ccccc3=C(c3cc2c3)c2ccccc21'), min:(0.5432098765432098, 'C1=C2C=c3ccccc3=C(c3cc2c3)c2c1cccc2-c1ccccc1')
[5.734242677688599] Updated in round 393! max:(0.7540983606557377, 'C1=C2C=c3ccccc3=C(c3cc2c3)c2ccccc21'), min:(0.5443037974683544, 'C=CC(C=C)=CC1=Cc2ccccc2C(C2=CC2=C)=c2ccccc2=C1')
[5.785008430480957] Updated in round 394! max:(0.7540983606557377, 'C1=C2C=c3ccccc3=C(c3cc2c3)c2ccccc21'), min:(0.5454545454545454, 'C1=C2C=c3ccccc3=C(c3cc2c3)c2cc3ccccc3cc21')
[5.933394432067871] Updated in round 395! max:(0.7540983606557377, 'C1=C2C=c3ccccc3=C(c3cc2c3)c2ccccc21'), min:(0.5454545454545454, 'C1=CC(C2=c3ccccc3=CC(C3=C4C3=C4c3ccccc3)=Cc3ccccc32)=C1')
[5.953633069992065] Updated in round 396! max:(0.7540983606557377, 'C1=C2C=c3ccccc3=C(c3cc2c3)c2ccccc21'), min:(0.5454545454545454, 'C=Cc1cccc(C2=c3ccccc3=CC3=Cc4cccc2c43)c1')
[6.05740761756897] Updated in round 397! max:(0.7540983606557377, 'C1=C2C=c3ccccc3=C(c3cc2c3)c2ccccc21'), min:(0.5476190476190477, 'C=C1C=Cc2ccccc2C(=C)C2=c3ccccc3=CC1=Cc1ccccc12')
[6.119983673095703] Updated in round 398! max:(0.7540983606557377, 'C1=C2C=c3ccccc3=C(c3cc2c3)c2ccccc21'), min:(0.547945205479452, 'C=C1C2=CC(C3=c4ccccc4=CC=Cc4ccccc43)=C12')
[6.132223606109619] Updated in round 399! max:(0.7540983606557377, 'C1=C2C=c3ccccc3=C(c3cc2c3)c2ccccc21'), min:(0.5507246376811594, 'C#CC=CC1=c2ccccc2=CC2=Cc3cccc1c32')
[6.190518617630005] Updated in round 400! max:(0.7540983606557377, 'C1=C2C=c3ccccc3=C(c3cc2c3)c2ccccc21'), min:(0.5526315789473685, 'C=C1C2=C1c1cccc3c1C(C1=CC#C1)=c1ccccc1=CC2=C3')
[6.249833822250366] Updated in round 401! max:(0.7540983606557377, 'C1=C2C=c3ccccc3=C(c3cc2c3)c2ccccc21'), min:(0.5538461538461539, 'C=CC1=c2ccccc2=C1C1=Cc2ccccc21')
[6.305703639984131] Updated in round 402! max:(0.7540983606557377, 'C1=C2C=c3ccccc3=C(c3cc2c3)c2ccccc21'), min:(0.5542168674698795, 'C=CC1=C(C=C)C(C2=c3ccccc3=CC(C3=CC#C3)=Cc3ccccc32)=C1')
[6.40572190284729] Updated in round 403! max:(0.7540983606557377, 'C1=C2C=c3ccccc3=C(c3cc2c3)c2ccccc21'), min:(0.5555555555555556, 'C=CC1=c2ccccc2=C2C(=C)C=CC1=Cc1ccccc12')
[6.416611671447754] Updated in round 404! max:(0.7540983606557377, 'C1=C2C=c3ccccc3=C(c3cc2c3)c2ccccc21'), min:(0.5555555555555556, 'C=CC1=c2ccccc2=CC(C=C2C=C2)=Cc2ccccc21')
[6.473514795303345] Updated in round 405! max:(0.7540983606557377, 'C1=C2C=c3ccccc3=C(c3cc2c3)c2ccccc21'), min:(0.5555555555555556, 'C=C1C2=C1c1ccccc1C(C1=CC=C1)=c1ccccc1=C2')
[6.533532381057739] Updated in round 406! max:(0.7540983606557377, 'C1=C2C=c3ccccc3=C(c3cc2c3)c2ccccc21'), min:(0.5555555555555556, 'C#Cc1ccccc1C1=c2ccccc2=CC2=CC=C2C1=C')
[6.5926690101623535] Updated in round 407! max:(0.7540983606557377, 'C1=C2C=c3ccccc3=C(c3cc2c3)c2ccccc21'), min:(0.5595238095238095, 'C1=CC(C2=c3ccccc3=CC(C3=Cc4ccccc43)=Cc3ccccc32)=C1')
[6.604792594909668] Updated in round 408! max:(0.7540983606557377, 'C1=C2C=c3ccccc3=C(c3cc2c3)c2ccccc21'), min:(0.56, 'C#CC=C1C=c2ccccc2=C(C2=CC(C#C)=C2)c2ccccc21')
[6.718824863433838] Updated in round 409! max:(0.7540983606557377, 'C1=C2C=c3ccccc3=C(c3cc2c3)c2ccccc21'), min:(0.56, 'C=CC1=C2C(=C)C=C2C=c2ccccc2=C1c1ccccc1C=C')
[6.728965997695923] Updated in round 410! max:(0.7540983606557377, 'C1=C2C=c3ccccc3=C(c3cc2c3)c2ccccc21'), min:(0.5616438356164384, 'c1c2cc(C3=c4ccccc4=CC4=Cc5cccc3c54)c-2c#1')
[6.749926805496216] Updated in round 411! max:(0.7540983606557377, 'C1=C2C=c3ccccc3=C(c3cc2c3)c2ccccc21'), min:(0.5633802816901409, 'C#CC(=C)C1=c2ccccc2=CC(C=C)=Cc2ccccc21')
[6.806941986083984] Updated in round 412! max:(0.7540983606557377, 'C1=C2C=c3ccccc3=C(c3cc2c3)c2ccccc21'), min:(0.5657894736842105, 'C1#CC1=CC=C1C=CC2=Cc3ccccc3C1=c1ccccc1=C2')
[6.872736930847168] Updated in round 413! max:(0.7540983606557377, 'C1=C2C=c3ccccc3=C(c3cc2c3)c2ccccc21'), min:(0.5657894736842105, 'C=C1C=CC=CC=CC2=c3ccccc3=CC1=Cc1ccccc12')
[6.93020224571228] Updated in round 414! max:(0.7540983606557377, 'C1=C2C=c3ccccc3=C(c3cc2c3)c2ccccc21'), min:(0.5657894736842105, 'C1#CC2=Cc3ccccc3C(=c3ccccc3=C2)c2cc(c2)C=C1')
[7.032978057861328] Updated in round 415! max:(0.7540983606557377, 'C1=C2C=c3ccccc3=C(c3cc2c3)c2ccccc21'), min:(0.5662650602409639, 'C=CC1=C2C(C3=Cc4ccccc4C(c4ccccc4)=c4ccccc4=C3)=C12')
[7.048830509185791] Updated in round 416! max:(0.7540983606557377, 'C1=C2C=c3ccccc3=C(c3cc2c3)c2ccccc21'), min:(0.5662650602409639, 'C=CC1=C(C2=Cc3ccccc3C(c3cc4ccc3-4)=c3ccccc3=C2)C1=C')
[7.110714912414551] Updated in round 417! max:(0.7540983606557377, 'C1=C2C=c3ccccc3=C(c3cc2c3)c2ccccc21'), min:(0.5694444444444444, 'C=C1C2=CC(C3=c4ccccc4=CC4=Cc5cccc3c54)=C12')
[7.1705591678619385] Updated in round 418! max:(0.7540983606557377, 'C1=C2C=c3ccccc3=C(c3cc2c3)c2ccccc21'), min:(0.569620253164557, 'C#CC1=CC1=CC1=Cc2ccccc2C(C2=CC=C2)=c2ccccc2=C1')
[7.227326393127441] Updated in round 419! max:(0.7540983606557377, 'C1=C2C=c3ccccc3=C(c3cc2c3)c2ccccc21'), min:(0.573170731707317, 'C#CC=C1C=C1C1=c2ccccc2=CC(C2=C3C(C#C)=C23)=Cc2ccccc21')
[7.2900230884552] Updated in round 420! max:(0.7540983606557377, 'C1=C2C=c3ccccc3=C(c3cc2c3)c2ccccc21'), min:(0.573170731707317, 'C#CC1=C(C2=c3ccccc3=CC(C3=C(C=C)C3=C)=Cc3ccccc32)C=C1')
[7.363641977310181] Updated in round 421! max:(0.7540983606557377, 'C1=C2C=c3ccccc3=C(c3cc2c3)c2ccccc21'), min:(0.573170731707317, 'C#CC1=C(C2=c3ccccc3=CC(C3=C4C=C43)=Cc3ccccc32)C=C1C=C')
[7.378056526184082] Updated in round 422! max:(0.7540983606557377, 'C1=C2C=c3ccccc3=C(c3cc2c3)c2ccccc21'), min:(0.5733333333333334, 'C=CC(=C)C=C1C=CC2=Cc3ccccc3C1=c1ccccc1=C2')
[7.462888479232788] Updated in round 423! max:(0.7540983606557377, 'C1=C2C=c3ccccc3=C(c3cc2c3)c2ccccc21'), min:(0.5733333333333334, 'C#CC1=CC=C1C1=Cc2ccccc2C(C=C)=c2ccccc2=C1')
[7.578678846359253] Updated in round 424! max:(0.7540983606557377, 'C1=C2C=c3ccccc3=C(c3cc2c3)c2ccccc21'), min:(0.5733333333333334, 'C=CC=CC1=Cc2ccccc2C(C2=C3C=C32)=c2ccccc2=C1')
[7.750116348266602] Updated in round 425! max:(0.7540983606557377, 'C1=C2C=c3ccccc3=C(c3cc2c3)c2ccccc21'), min:(0.5733333333333334, 'C=CC1=Cc2ccccc2C(C2=CC=C2C=C)=c2ccccc2=C1')
[7.771936655044556] Updated in round 426! max:(0.7540983606557377, 'C1=C2C=c3ccccc3=C(c3cc2c3)c2ccccc21'), min:(0.5733333333333334, 'C=CC=CC1=CC(C2=c3ccccc3=CC3=Cc4cccc2c43)=C1')
[7.837029218673706] Updated in round 427! max:(0.7540983606557377, 'C1=C2C=c3ccccc3=C(c3cc2c3)c2ccccc21'), min:(0.575, 'C1#Cc2cccc3c2C2=Cc4ccccc4C(=c4ccccc4=C2)C3=C1')
[7.893964529037476] Updated in round 428! max:(0.7540983606557377, 'C1=C2C=c3ccccc3=C(c3cc2c3)c2ccccc21'), min:(0.5769230769230769, 'C#CC=C1C(C#C)=C1C1=Cc2ccccc2C(C=C)=c2ccccc2=C1')
[7.954716920852661] Updated in round 429! max:(0.7540983606557377, 'C1=C2C=c3ccccc3=C(c3cc2c3)c2ccccc21'), min:(0.5769230769230769, 'C#CC#CC(=C)C1=c2ccccc2=CC(C2=C3C=C32)=Cc2ccccc21')
[8.068874597549438] Updated in round 430! max:(0.7540983606557377, 'C1=C2C=c3ccccc3=C(c3cc2c3)c2ccccc21'), min:(0.5769230769230769, 'C#CC=CC(=C)C1=Cc2ccccc2C(C2=CC=C2)=c2ccccc2=C1')
[8.081459283828735] Updated in round 431! max:(0.7540983606557377, 'C1=C2C=c3ccccc3=C(c3cc2c3)c2ccccc21'), min:(0.5769230769230769, 'C#CC1=C2C(C3=Cc4ccccc4C(C=CC=C)=c4ccccc4=C3)=C12')
[8.099456310272217] Updated in round 432! max:(0.7540983606557377, 'C1=C2C=c3ccccc3=C(c3cc2c3)c2ccccc21'), min:(0.5774647887323944, 'C=CC1=CC(C2=c3ccc4cc3=CC4=Cc3ccccc32)=C1')
[8.215309619903564] Updated in round 433! max:(0.7540983606557377, 'C1=C2C=c3ccccc3=C(c3cc2c3)c2ccccc21'), min:(0.5802469135802469, 'C=CC=CC1=C(C2=Cc3ccccc3C(C3=CC3=C)=c3ccccc3=C2)C1=C')
[8.279894351959229] Updated in round 434! max:(0.7540983606557377, 'C1=C2C=c3ccccc3=C(c3cc2c3)c2ccccc21'), min:(0.5802469135802469, 'C#CC=C1C(C#C)=C1C1=Cc2ccccc2C(C2=CC2=C)=c2ccccc2=C1')
[8.393068075180054] Updated in round 435! max:(0.7540983606557377, 'C1=C2C=c3ccccc3=C(c3cc2c3)c2ccccc21'), min:(0.581081081081081, 'C=CC(=C)C1=CC2=c3ccccc3=CC(=Cc3ccccc32)C1=C')
[8.459367513656616] Updated in round 436! max:(0.7540983606557377, 'C1=C2C=c3ccccc3=C(c3cc2c3)c2ccccc21'), min:(0.581081081081081, 'C#CC=CC1=c2ccccc2=CC(C2=CC2=C)=Cc2ccccc21')
[8.524830341339111] Updated in round 437! max:(0.7540983606557377, 'C1=C2C=c3ccccc3=C(c3cc2c3)c2ccccc21'), min:(0.581081081081081, 'C=CC(=C)C1=c2ccccc2=CC(C2=CC#C2)=Cc2ccccc21')
[8.638935327529907] Updated in round 438! max:(0.7540983606557377, 'C1=C2C=c3ccccc3=C(c3cc2c3)c2ccccc21'), min:(0.5822784810126582, 'C#CC=C1C2=Cc3ccccc3C(=c3ccccc3=C2)c2ccccc21')
[8.701478719711304] Updated in round 439! max:(0.7540983606557377, 'C1=C2C=c3ccccc3=C(c3cc2c3)c2ccccc21'), min:(0.5822784810126582, 'C=CC1=C2C=C2C=C2C=C1C1=c3ccccc3=CC2=Cc2ccccc21')
[8.765929460525513] Updated in round 440! max:(0.7540983606557377, 'C1=C2C=c3ccccc3=C(c3cc2c3)c2ccccc21'), min:(0.5822784810126582, 'C=CC1=C2C=C(C=CC=C1)C1=Cc3ccccc3C2=c2ccccc2=C1')
[8.88206434249878] Updated in round 441! max:(0.7540983606557377, 'C1=C2C=c3ccccc3=C(c3cc2c3)c2ccccc21'), min:(0.5822784810126582, 'C=C1C=C(c2ccccc2)C2=Cc3ccccc3C1=c1ccccc1=C2')
[8.9437255859375] Updated in round 442! max:(0.7540983606557377, 'C1=C2C=c3ccccc3=C(c3cc2c3)c2ccccc21'), min:(0.5822784810126582, 'C#CC=C1C=CC=C2C=C2C2=c3ccccc3=CC1=Cc1ccccc12')
[9.118406772613525] Updated in round 443! max:(0.7540983606557377, 'C1=C2C=c3ccccc3=C(c3cc2c3)c2ccccc21'), min:(0.5822784810126582, 'C1=C2C1=C2C1=c2ccccc2=CC(c2c3cccc2-3)=Cc2ccccc21')
[9.252013921737671] Updated in round 444! max:(0.7540983606557377, 'C1=C2C=c3ccccc3=C(c3cc2c3)c2ccccc21'), min:(0.5844155844155844, 'C=CC(=C)C1=C(C2=Cc3ccccc3C(C=C)=c3ccccc3=C2)C1=C')
[9.327438116073608] Updated in round 445! max:(0.7540983606557377, 'C1=C2C=c3ccccc3=C(c3cc2c3)c2ccccc21'), min:(0.5844155844155844, 'C=CC(=C)C(=C)C1=Cc2ccccc2C(C2=CC=C2)=c2ccccc2=C1')
[9.435312747955322] Updated in round 446! max:(0.7540983606557377, 'C1=C2C=c3ccccc3=C(c3cc2c3)c2ccccc21'), min:(0.5853658536585366, 'C=CC1=CC(C2=c3ccccc3=CC(c3c4cccc3-4)=Cc3ccccc32)=C1')
[9.491445302963257] Updated in round 447! max:(0.7540983606557377, 'C1=C2C=c3ccccc3=C(c3cc2c3)c2ccccc21'), min:(0.5875, 'C#CC(=C)C1=C2C(C3=Cc4ccccc4C(C4=CC4=C)=c4ccccc4=C3)=C12')
[9.649899959564209] Updated in round 448! max:(0.7540983606557377, 'C1=C2C=c3ccccc3=C(c3cc2c3)c2ccccc21'), min:(0.5897435897435898, 'C=CC1=C2C#CC(=C)C=C1C1=c3ccccc3=CC2=Cc2ccccc21')
[9.830063581466675] Updated in round 449! max:(0.7540983606557377, 'C1=C2C=c3ccccc3=C(c3cc2c3)c2ccccc21'), min:(0.5897435897435898, 'C#CC#CC1=C2C=C(C1=C)C1=Cc3ccccc3C2=c2ccccc2=C1')
[9.971749782562256] Updated in round 450! max:(0.7540983606557377, 'C1=C2C=c3ccccc3=C(c3cc2c3)c2ccccc21'), min:(0.5897435897435898, 'C#CC1=C2C(=CC=C)C=C1C1=Cc3ccccc3C2=c2ccccc2=C1')
[10.146178483963013] Updated in round 451! max:(0.7540983606557377, 'C1=C2C=c3ccccc3=C(c3cc2c3)c2ccccc21'), min:(0.5897435897435898, 'C=Cc1ccc2c(c1)C1=Cc3ccccc3C(=c3ccccc3=C1)C2=C')
[10.332998514175415] Updated in round 452! max:(0.7540983606557377, 'C1=C2C=c3ccccc3=C(c3cc2c3)c2ccccc21'), min:(0.5897435897435898, 'C=CC=C1C=C2C3=Cc4ccccc4C(=c4ccccc4=C3)C1=C2C=C')
[10.564353942871094] Updated in round 453! max:(0.7540983606557377, 'C1=C2C=c3ccccc3=C(c3cc2c3)c2ccccc21'), min:(0.5897435897435898, 'C=CC=CC#CC1=CC(=C)C2=Cc3ccccc3C1=c1ccccc1=C2')
[10.758198022842407] Updated in round 454! max:(0.7540983606557377, 'C1=C2C=c3ccccc3=C(c3cc2c3)c2ccccc21'), min:(0.5897435897435898, 'C=CC#CC=CC1=CC(=C)C2=Cc3ccccc3C1=c1ccccc1=C2')
[10.906662702560425] Updated in round 455! max:(0.7540983606557377, 'C1=C2C=c3ccccc3=C(c3cc2c3)c2ccccc21'), min:(0.5897435897435898, 'C#CC#Cc1c2c(C#C)c1C1=c3ccccc3=CC2=Cc2ccccc21')
[11.073034048080444] Updated in round 456! max:(0.7540983606557377, 'C1=C2C=c3ccccc3=C(c3cc2c3)c2ccccc21'), min:(0.5897435897435898, 'C#CC=Cc1c2c(C=C)c1C1=c3ccccc3=CC2=Cc2ccccc21')
[11.195618391036987] Updated in round 457! max:(0.7540983606557377, 'C1=C2C=c3ccccc3=C(c3cc2c3)c2ccccc21'), min:(0.5897435897435898, 'C=CC=CC(=C)c1c2cc1C1=c3ccccc3=CC2=Cc2ccccc21')
[11.462548017501831] Updated in round 458! max:(0.7540983606557377, 'C1=C2C=c3ccccc3=C(c3cc2c3)c2ccccc21'), min:(0.5897435897435898, 'C=CC1=C2C=C(C3=Cc4ccccc4C2=c2ccccc2=C3)C2=C3C1=C23')
[11.553767442703247] Updated in round 459! max:(0.7540983606557377, 'C1=C2C=c3ccccc3=C(c3cc2c3)c2ccccc21'), min:(0.5897435897435898, 'C=Cc1cccc2c1C1=c3ccccc3=CC(=Cc3ccccc31)C2=C')
[11.943666458129883] Updated in round 460! max:(0.7540983606557377, 'C1=C2C=c3ccccc3=C(c3cc2c3)c2ccccc21'), min:(0.5897435897435898, 'C#CC=C1C#CC=CC(=C)C2=Cc3ccccc3C1=c1ccccc1=C2')
[12.047577381134033] Updated in round 461! max:(0.7540983606557377, 'C1=C2C=c3ccccc3=C(c3cc2c3)c2ccccc21'), min:(0.5897435897435898, 'C=CC1=CC=C1C1=Cc2ccccc2C(C2=CC#C2)=c2ccccc2=C1')
[12.264089584350586] Updated in round 462! max:(0.7540983606557377, 'C1=C2C=c3ccccc3=C(c3cc2c3)c2ccccc21'), min:(0.5897435897435898, 'C=CC1=C2C=C2C2=c3ccccc3=CC(=Cc3ccccc32)C(=C)C=C1')
[12.578023672103882] Updated in round 463! max:(0.7540983606557377, 'C1=C2C=c3ccccc3=C(c3cc2c3)c2ccccc21'), min:(0.5897435897435898, 'C=CC1=CC(=C)C2=c3ccccc3=CC(=Cc3ccccc32)C2=CC2=C1')
[12.613533020019531] Updated in round 464! max:(0.7540983606557377, 'C1=C2C=c3ccccc3=C(c3cc2c3)c2ccccc21'), min:(0.5897435897435898, 'C=C1C2=CC(C3=c4ccccc4=CC(C4=CC=C4)=Cc4ccccc43)=C12')
[14.119100093841553] Updated in round 465! max:(0.7540983606557377, 'C1=C2C=c3ccccc3=C(c3cc2c3)c2ccccc21'), min:(0.5897435897435898, 'C=C1C=C1C1=Cc2ccccc2C(c2c3cccc2-3)=c2ccccc2=C1')
[14.17650294303894] Updated in round 466! max:(0.7540983606557377, 'C1=C2C=c3ccccc3=C(c3cc2c3)c2ccccc21'), min:(0.5897435897435898, 'C=C1C2=C1C(C1=c3ccccc3=CC(C3=CC#C3)=Cc3ccccc31)=C2')
[14.236327886581421] Updated in round 467! max:(0.7540983606557377, 'C1=C2C=c3ccccc3=C(c3cc2c3)c2ccccc21'), min:(0.5925925925925926, 'C#CC(=C)C1=CC2=CC(=CC1=C)C1=c3ccccc3=CC2=Cc2ccccc21')
[14.350357294082642] Updated in round 468! max:(0.7540983606557377, 'C1=C2C=c3ccccc3=C(c3cc2c3)c2ccccc21'), min:(0.5925925925925926, 'C#CC1=C(C=C)C=C2C=C(C1=C)C1=Cc3ccccc3C2=c2ccccc2=C1')
[14.451673030853271] Updated in round 469! max:(0.7540983606557377, 'C1=C2C=c3ccccc3=C(c3cc2c3)c2ccccc21'), min:(0.5925925925925926, 'C#CC(=C)C1=CC(=C)C=C2C=C1C1=Cc3ccccc3C2=c2ccccc2=C1')
[14.56229853630066] Updated in round 470! max:(0.7540983606557377, 'C1=C2C=c3ccccc3=C(c3cc2c3)c2ccccc21'), min:(0.5925925925925926, 'C=CC#CC1=CC(C2=c3ccccc3=CC(C3=CC=C3)=Cc3ccccc32)=C1')
[14.618161916732788] Updated in round 471! max:(0.7540983606557377, 'C1=C2C=c3ccccc3=C(c3cc2c3)c2ccccc21'), min:(0.5925925925925926, 'C=CC=CC1=CC(C2=c3ccccc3=CC(C3=CC=C3)=Cc3ccccc32)=C1')
[14.682066202163696] Updated in round 472! max:(0.7540983606557377, 'C1=C2C=c3ccccc3=C(c3cc2c3)c2ccccc21'), min:(0.5925925925925926, 'C#CC=CC1=C2C(C3=Cc4ccccc4C(C4=CC=C4)=c4ccccc4=C3)=C12')
[14.743359804153442] Updated in round 473! max:(0.7540983606557377, 'C1=C2C=c3ccccc3=C(c3cc2c3)c2ccccc21'), min:(0.5925925925925926, 'C#CC=CC1=CC(C2=c3ccccc3=CC(C3=CC#C3)=Cc3ccccc32)=C1')
[14.811670780181885] Updated in round 474! max:(0.7540983606557377, 'C1=C2C=c3ccccc3=C(c3cc2c3)c2ccccc21'), min:(0.5945945945945946, 'C#CC=CC1=CC(C2=c3ccccc3=CC=Cc3ccccc32)=C1')
[15.337868928909302] Updated in round 475! max:(0.7540983606557377, 'C1=C2C=c3ccccc3=C(c3cc2c3)c2ccccc21'), min:(0.5974025974025974, 'C#CC=C1C(=C)C(=CC=C)C2=Cc3ccccc3C1=c1ccccc1=C2')
[15.875925064086914] Updated in round 476! max:(0.7540983606557377, 'C1=C2C=c3ccccc3=C(c3cc2c3)c2ccccc21'), min:(0.5974025974025974, 'C#CC=C1C2=Cc3ccccc3C(=c3ccccc3=C2)C(=C)C1=CC=C')
[16.5950870513916] Updated in round 477! max:(0.7540983606557377, 'C1=C2C=c3ccccc3=C(c3cc2c3)c2ccccc21'), min:(0.5974025974025974, 'C=C1C=C1C=CC1=CC(=C)C2=c3ccccc3=CC1=Cc1ccccc12')
[17.779462814331055] Updated in round 478! max:(0.7540983606557377, 'C1=C2C=c3ccccc3=C(c3cc2c3)c2ccccc21'), min:(0.5974025974025974, 'C#CC1=C(C=C)C(=C2C=C2)C2=c3ccccc3=CC1=Cc1ccccc12')
[20.628918886184692] Updated in round 479! max:(0.7540983606557377, 'C1=C2C=c3ccccc3=C(c3cc2c3)c2ccccc21'), min:(0.5974025974025974, 'C=CC(C1=CC(=C)C2=Cc3ccccc3C1=c1ccccc1=C2)=C1C=C1')
[21.002756357192993] Updated in round 480! max:(0.7540983606557377, 'C1=C2C=c3ccccc3=C(c3cc2c3)c2ccccc21'), min:(0.5974025974025974, 'C#CC1=C2C(C3=CC(=C)C4=Cc5ccccc5C3=c3ccccc3=C4)=C12')
[21.370686054229736] Updated in round 481! max:(0.7540983606557377, 'C1=C2C=c3ccccc3=C(c3cc2c3)c2ccccc21'), min:(0.5974025974025974, 'C=Cc1cc2=c(c1=C)C1=Cc3ccccc3C(=c3ccccc3=C1)C2=C')
[22.80208969116211] Updated in round 482! max:(0.7540983606557377, 'C1=C2C=c3ccccc3=C(c3cc2c3)c2ccccc21'), min:(0.5974025974025974, 'C#Cc1c2cc(=C)c(=C)c1C1=c3ccccc3=CC2=Cc2ccccc21')
[23.25100564956665] Updated in round 483! max:(0.7540983606557377, 'C1=C2C=c3ccccc3=C(c3cc2c3)c2ccccc21'), min:(0.5974025974025974, 'C=Cc1c2cc(c(=C)c1=C)C1=c3ccccc3=CC2=Cc2ccccc21')
[24.36665678024292] Updated in round 484! max:(0.7540983606557377, 'C1=C2C=c3ccccc3=C(c3cc2c3)c2ccccc21'), min:(0.5974025974025974, 'C#CC1=CC(=C(C#C)C=C)C2=c3ccccc3=CC1=Cc1ccccc12')
[25.863857984542847] Updated in round 485! max:(0.7540983606557377, 'C1=C2C=c3ccccc3=C(c3cc2c3)c2ccccc21'), min:(0.5974025974025974, 'C=CC1=C(C=C2C=C2)C2=Cc3ccccc3C(=c3ccccc3=C2)C1=C')
[26.368238925933838] Updated in round 486! max:(0.7540983606557377, 'C1=C2C=c3ccccc3=C(c3cc2c3)c2ccccc21'), min:(0.5974025974025974, 'C=CC(=C)C=CC1=CC(=C)C2=c3ccccc3=CC1=Cc1ccccc12')
[28.553865432739258] Updated in round 487! max:(0.7540983606557377, 'C1=C2C=c3ccccc3=C(c3cc2c3)c2ccccc21'), min:(0.5974025974025974, 'C#CC1=CC(=C(C#C)C#C)C2=Cc3ccccc3C1=c1ccccc1=C2')
[30.394656896591187] Updated in round 488! max:(0.7540983606557377, 'C1=C2C=c3ccccc3=C(c3cc2c3)c2ccccc21'), min:(0.5974025974025974, 'C#CC(=C)C=CC1=CC(=C)C2=Cc3ccccc3C1=c1ccccc1=C2')
[30.66083526611328] Updated in round 489! max:(0.7540983606557377, 'C1=C2C=c3ccccc3=C(c3cc2c3)c2ccccc21'), min:(0.5974025974025974, 'C#CC=C1C=C(C2=CC2=C)C2=Cc3ccccc3C1=c1ccccc1=C2')
[31.998107433319092] Updated in round 490! max:(0.7540983606557377, 'C1=C2C=c3ccccc3=C(c3cc2c3)c2ccccc21'), min:(0.5974025974025974, 'C#CC1=C(C#C)C(=CC=C)C2=c3ccccc3=CC1=Cc1ccccc12')
[32.29550361633301] Updated in round 491! max:(0.7540983606557377, 'C1=C2C=c3ccccc3=C(c3cc2c3)c2ccccc21'), min:(0.5974025974025974, 'C#CC=C(C#C)C1=CC(=C)C2=c3ccccc3=CC1=Cc1ccccc12')
[32.730891942977905] Updated in round 492! max:(0.7540983606557377, 'C1=C2C=c3ccccc3=C(c3cc2c3)c2ccccc21'), min:(0.5974025974025974, 'C#CC1=C(C=CC=C)C2=Cc3ccccc3C(=c3ccccc3=C2)C1=C')
[32.85785508155823] Updated in round 493! max:(0.7540983606557377, 'C1=C2C=c3ccccc3=C(c3cc2c3)c2ccccc21'), min:(0.5974025974025974, 'C=CC=C1C=C(C(=C)C=C)C2=Cc3ccccc3C1=c1ccccc1=C2')
[33.302600145339966] Updated in round 494! max:(0.7540983606557377, 'C1=C2C=c3ccccc3=C(c3cc2c3)c2ccccc21'), min:(0.5974025974025974, 'C#CC1=C(C=C)C(=CC=C)C2=Cc3ccccc3C1=c1ccccc1=C2')
[33.48526334762573] Updated in round 495! max:(0.7540983606557377, 'C1=C2C=c3ccccc3=C(c3cc2c3)c2ccccc21'), min:(0.5974025974025974, 'C=CC#CC(=C)C1=CC(=C)C2=Cc3ccccc3C1=c1ccccc1=C2')
[34.24293494224548] Updated in round 496! max:(0.7540983606557377, 'C1=C2C=c3ccccc3=C(c3cc2c3)c2ccccc21'), min:(0.5974025974025974, 'C=CC=CC(=C)C1=CC(=C)C2=Cc3ccccc3C1=c1ccccc1=C2')
[34.348329067230225] Updated in round 497! max:(0.7540983606557377, 'C1=C2C=c3ccccc3=C(c3cc2c3)c2ccccc21'), min:(0.5974025974025974, 'C#CC1=CC(=C)C2=Cc3ccccc3C(=c3ccccc3=C2)C(=C)C#C1')
[35.52163362503052] Updated in round 498! max:(0.7540983606557377, 'C1=C2C=c3ccccc3=C(c3cc2c3)c2ccccc21'), min:(0.5974025974025974, 'C=CC1=CC=CC(=C)C2=Cc3ccccc3C(=c3ccccc3=C2)C1=C')
[36.572601556777954] Updated in round 499! max:(0.7540983606557377, 'C1=C2C=c3ccccc3=C(c3cc2c3)c2ccccc21'), min:(0.5974025974025974, 'C=CC1=CC(C2=c3ccccc3=CC(C=C3C=C3)=Cc3ccccc32)=C1')
[38.7599151134491] Updated in round 500! max:(0.7540983606557377, 'C1=C2C=c3ccccc3=C(c3cc2c3)c2ccccc21'), min:(0.5974025974025974, 'C#CC=C1C=C1C1=Cc2ccccc2C(C2=CC2=C)=c2ccccc2=C1')
[39.8427152633667] Updated in round 501! max:(0.7540983606557377, 'C1=C2C=c3ccccc3=C(c3cc2c3)c2ccccc21'), min:(0.5974025974025974, 'C#CC1=C(C2=c3ccccc3=CC(C3=CC#C3)=Cc3ccccc32)C1=C')
[40.0231409072876] Updated in round 502! max:(0.7540983606557377, 'C1=C2C=c3ccccc3=C(c3cc2c3)c2ccccc21'), min:(0.5974025974025974, 'C#CC1=CC(C2=c3ccccc3=CC(C=CC=C)=Cc3ccccc32)=C1')
[40.63962411880493] Updated in round 503! max:(0.7540983606557377, 'C1=C2C=c3ccccc3=C(c3cc2c3)c2ccccc21'), min:(0.6, 'C#CC1=CC(C2=c3ccccc3=CC(c3c4c5cc4c35)=Cc3ccccc32)=C1')
[40.83683395385742] Updated in round 504! max:(0.7540983606557377, 'C1=C2C=c3ccccc3=C(c3cc2c3)c2ccccc21'), min:(0.6, 'C#CC1=C2C=c3ccccc3=C(C3=CC1=C3)c1ccccc12')
[43.16417336463928] Updated in round 505! max:(0.7540983606557377, 'C1=C2C=c3ccccc3=C(c3cc2c3)c2ccccc21'), min:(0.6, 'C#CC(=C)C1=C2C(C3=Cc4ccccc4C(C4=CC=C4)=c4ccccc4=C3)=C12')
[44.0115966796875] Updated in round 506! max:(0.7540983606557377, 'C1=C2C=c3ccccc3=C(c3cc2c3)c2ccccc21'), min:(0.6, 'C#CC1=CC(C2=c3ccccc3=CC(C3=C(C=C)C3=C)=Cc3ccccc32)=C1')
[45.38504362106323] Updated in round 507! max:(0.7540983606557377, 'C1=C2C=c3ccccc3=C(c3cc2c3)c2ccccc21'), min:(0.6, 'C=CC1=CC(C2=c3ccccc3=CC3=Cc4cccc3c42)=C1')
[50.471439361572266] Updated in round 508! max:(0.7540983606557377, 'C1=C2C=c3ccccc3=C(c3cc2c3)c2ccccc21'), min:(0.6025641025641025, 'C=C1C#Cc2ccc3=C1C1=Cc4ccccc4C(=c4ccccc4=C1)c2-3')
[52.91177701950073] Updated in round 509! max:(0.7833333333333333, 'C=C1C2=C1C1=c3ccccc3=CC2=Cc2ccccc21'), min:(0.6025641025641025, 'C1#CC2=C(C3=Cc4ccccc4C(C4=C5C=C54)=c4ccccc4=C3)C1=C2')
[53.04237723350525] Updated in round 510! max:(0.7833333333333333, 'C=C1C2=C1C1=c3ccccc3=CC2=Cc2ccccc21'), min:(0.6025641025641025, 'C1=CC2=C(C3=c4ccccc4=CC(C4=C5C=C54)=Cc4ccccc43)C1=C2')
[53.12240409851074] Updated in round 511! max:(0.7833333333333333, 'C=C1C2=C1C1=c3ccccc3=CC2=Cc2ccccc21'), min:(0.6025641025641025, 'C=C1C2=c3c4ccc-4c3=C1C1=c3ccccc3=CC2=Cc2ccccc21')
[53.2133367061615] Updated in round 512! max:(0.7833333333333333, 'C=C1C2=C1C1=c3ccccc3=CC2=Cc2ccccc21'), min:(0.6025641025641025, 'C=C1C2=c3c#cccc3=C1C1=c3ccccc3=CC2=Cc2ccccc21')
[53.31010389328003] Updated in round 513! max:(0.7833333333333333, 'C=C1C2=C1C1=c3ccccc3=CC2=Cc2ccccc21'), min:(0.6025641025641025, 'C1=CC(C2=c3cccc-3C3=c4ccccc4=CC2=Cc2ccccc23)=C1')
[53.36100244522095] Updated in round 514! max:(0.7833333333333333, 'C=C1C2=C1C1=c3ccccc3=CC2=Cc2ccccc21'), min:(0.6025641025641025, 'c1ccc2c(c#1)C(=C1C=C1)C1=Cc3ccccc3C2=c2ccccc2=C1')
[53.41460609436035] Updated in round 515! max:(0.7833333333333333, 'C=C1C2=C1C1=c3ccccc3=CC2=Cc2ccccc21'), min:(0.6025641025641025, 'C=CC1=C2C3=Cc4ccccc4C(=c4ccccc4=C3)c3c2c#ccc31')
[53.586193323135376] Updated in round 516! max:(0.7833333333333333, 'C=C1C2=C1C1=c3ccccc3=CC2=Cc2ccccc21'), min:(0.6025641025641025, 'C=CC1=C2C3=Cc4ccccc4C(=c4ccccc4=C3)C1=C1C3=CC3=C21')
[53.645713567733765] Updated in round 517! max:(0.7833333333333333, 'C=C1C2=C1C1=c3ccccc3=CC2=Cc2ccccc21'), min:(0.6025641025641025, 'C=C1C2=CC=C3C=C(C4=Cc5ccccc5C3=c3ccccc3=C4)C1=C2')
[53.738279819488525] Updated in round 518! max:(0.7833333333333333, 'C=C1C2=C1C1=c3ccccc3=CC2=Cc2ccccc21'), min:(0.6025641025641025, 'C#CC1=CC=C2C=C(C#C1)C1=Cc3ccccc3C2=c2ccccc2=C1')
[53.86523246765137] Updated in round 519! max:(0.7833333333333333, 'C=C1C2=C1C1=c3ccccc3=CC2=Cc2ccccc21'), min:(0.6025641025641025, 'C#CC1=C2C=CC3=CC(=C12)C1=Cc2ccccc2C3=c2ccccc2=C1')
[53.91993713378906] Updated in round 520! max:(0.7833333333333333, 'C=C1C2=C1C1=c3ccccc3=CC2=Cc2ccccc21'), min:(0.6025641025641025, 'C#CC1=CC=CC2=CC(=C1)C1=Cc3ccccc3C2=c2ccccc2=C1')
[53.97456669807434] Updated in round 521! max:(0.7833333333333333, 'C=C1C2=C1C1=c3ccccc3=CC2=Cc2ccccc21'), min:(0.6025641025641025, 'C=CC1=C2C3=CC(=CC=C12)C1=c2ccccc2=CC3=Cc2ccccc21')
[54.05575489997864] Updated in round 522! max:(0.7833333333333333, 'C=C1C2=C1C1=c3ccccc3=CC2=Cc2ccccc21'), min:(0.6025641025641025, 'C1=C(C2=C3C=C32)C=c2ccccc2=C(c2ccccc2)c2ccccc21')
[54.20657825469971] Updated in round 523! max:(0.7833333333333333, 'C=C1C2=C1C1=c3ccccc3=CC2=Cc2ccccc21'), min:(0.6025641025641025, 'C1=C(C2=C3C=C32)C=c2ccccc2=C(c2cc3ccc2-3)c2ccccc21')
[54.266953468322754] Updated in round 524! max:(0.7833333333333333, 'C=C1C2=C1C1=c3ccccc3=CC2=Cc2ccccc21'), min:(0.6052631578947368, 'C=CC1=Cc2ccccc2C(C2=CC(C3=CC3=C)=C2)=c2ccccc2=C1')
[54.391119718551636] Updated in round 525! max:(0.7833333333333333, 'C=C1C2=C1C1=c3ccccc3=CC2=Cc2ccccc21'), min:(0.6052631578947368, 'C#CC(=C)C=C1C(=C)C(=C)C2=c3ccccc3=CC1=Cc1ccccc12')
[54.54986810684204] Updated in round 526! max:(0.7833333333333333, 'C=C1C2=C1C1=c3ccccc3=CC2=Cc2ccccc21'), min:(0.6052631578947368, 'C#CC(=C)C=C1C(=C)C2=Cc3ccccc3C(=c3ccccc3=C2)C1=C')
[54.608964681625366] Updated in round 527! max:(0.7833333333333333, 'C=C1C2=C1C1=c3ccccc3=CC2=Cc2ccccc21'), min:(0.6052631578947368, 'C#CC(=C)C1=C(C=C)C2=Cc3ccccc3C(=c3ccccc3=C2)C1=C')
[54.66908860206604] Updated in round 528! max:(0.7833333333333333, 'C=C1C2=C1C1=c3ccccc3=CC2=Cc2ccccc21'), min:(0.6052631578947368, 'C#CC(=C)C(=C)C1=CC(=C)C2=Cc3ccccc3C1=c1ccccc1=C2')
[54.77280831336975] Updated in round 529! max:(0.7833333333333333, 'C=C1C2=C1C1=c3ccccc3=CC2=Cc2ccccc21'), min:(0.6052631578947368, 'C#CC1=C2C1=C2C1=c2ccccc2=CC(C2=CC2=C)=Cc2ccccc21')
[54.83540678024292] Updated in round 530! max:(0.7833333333333333, 'C=C1C2=C1C1=c3ccccc3=CC2=Cc2ccccc21'), min:(0.6052631578947368, 'C#CC(=C)C1=CC(C2=c3ccccc3=CC(C#C)=Cc3ccccc32)=C1')
[54.93639373779297] Updated in round 531! max:(0.7833333333333333, 'C=C1C2=C1C1=c3ccccc3=CC2=Cc2ccccc21'), min:(0.6075949367088608, 'C#CC(=C)C1=CC(C2=c3ccccc3=CC(C3=CC3=C)=Cc3ccccc32)=C1')
[55.9501428604126] Updated in round 532! max:(0.7833333333333333, 'C=C1C2=C1C1=c3ccccc3=CC2=Cc2ccccc21'), min:(0.6103896103896104, 'C#CC#CC=C1C(=C2C#C2)C2=Cc3ccccc3C1=c1ccccc1=C2')
[56.085822105407715] Updated in round 533! max:(0.7833333333333333, 'C=C1C2=C1C1=c3ccccc3=CC2=Cc2ccccc21'), min:(0.6103896103896104, 'C#CC1=CC1=C1C2=Cc3ccccc3C(=c3ccccc3=C2)C1=CC=C')
[56.42502307891846] Updated in round 534! max:(0.7833333333333333, 'C=C1C2=C1C1=c3ccccc3=CC2=Cc2ccccc21'), min:(0.6103896103896104, 'C#CC#CC(C#C)=C1C2=C1C1=c3ccccc3=CC2=Cc2ccccc21')
[57.07067346572876] Updated in round 535! max:(0.7833333333333333, 'C=C1C2=C1C1=c3ccccc3=CC2=Cc2ccccc21'), min:(0.6103896103896104, 'C#CC=C(C=C)C=C1C2=C1C1=c3ccccc3=CC2=Cc2ccccc21')
[57.29120945930481] Updated in round 536! max:(0.7833333333333333, 'C=C1C2=C1C1=c3ccccc3=CC2=Cc2ccccc21'), min:(0.6103896103896104, 'C1=CC(C2=c3ccccc3=CC(c3cc4c5c3c45)=Cc3ccccc32)=C1')
[57.56165933609009] Updated in round 537! max:(0.7833333333333333, 'C=C1C2=C1C1=c3ccccc3=CC2=Cc2ccccc21'), min:(0.6103896103896104, 'C1#CC1=C1C#CC2=C3C(=C23)C2=Cc3ccccc3C1=c1ccccc1=C2')
[57.61907458305359] Updated in round 538! max:(0.7833333333333333, 'C=C1C2=C1C1=c3ccccc3=CC2=Cc2ccccc21'), min:(0.6103896103896104, 'C1#CC1=C1C=C1C1=Cc2ccccc2C(C2=CC=C2)=c2ccccc2=C1')
[57.78251314163208] Updated in round 539! max:(0.7833333333333333, 'C=C1C2=C1C1=c3ccccc3=CC2=Cc2ccccc21'), min:(0.6103896103896104, 'C=C1C2=CC=C3C4=C3C4=C1C1=Cc3ccccc3C2=c2ccccc2=C1')
[58.08537721633911] Updated in round 540! max:(0.7833333333333333, 'C=C1C2=C1C1=c3ccccc3=CC2=Cc2ccccc21'), min:(0.6103896103896104, 'C=c1c#cc2=c1C1=c3ccccc3=CC(=Cc3ccccc31)C2=C1C#C1')
[58.205533266067505] Updated in round 541! max:(0.7833333333333333, 'C=C1C2=C1C1=c3ccccc3=CC2=Cc2ccccc21'), min:(0.6103896103896104, 'C=C1C2=c3c(c1c#cc3=C)C1=c3ccccc3=CC2=Cc2ccccc21')
[58.29625415802002] Updated in round 542! max:(0.7833333333333333, 'C=C1C2=C1C1=c3ccccc3=CC2=Cc2ccccc21'), min:(0.6103896103896104, 'C#CC1=C2C(=C)C(=CC=C1)C1=c3ccccc3=CC2=Cc2ccccc21')
[59.75039505958557] Updated in round 543! max:(0.7833333333333333, 'C=C1C2=C1C1=c3ccccc3=CC2=Cc2ccccc21'), min:(0.6103896103896104, 'C=CC1=C2C3=Cc4ccccc4C(=c4ccccc4=C3)c3c1c(=C)cc2-3')
[59.94539141654968] Updated in round 544! max:(0.7833333333333333, 'C=C1C2=C1C1=c3ccccc3=CC2=Cc2ccccc21'), min:(0.6103896103896104, 'C#CC#CC1=C2C(=C)C(=C1)C1=c3ccccc3=CC2=Cc2ccccc21')
[61.3689227104187] Updated in round 545! max:(0.7833333333333333, 'C=C1C2=C1C1=c3ccccc3=CC2=Cc2ccccc21'), min:(0.6103896103896104, 'C=CC=C1C2=CC(C=C)=C1C1=Cc3ccccc3C2=c2ccccc2=C1')
[64.7617871761322] Updated in round 546! max:(0.7833333333333333, 'C=C1C2=C1C1=c3ccccc3=CC2=Cc2ccccc21'), min:(0.6103896103896104, 'C#CC1=C2C3=Cc4ccccc4C(=c4ccccc4=C3)C1=CC1=C3C1=C23')
[67.28871440887451] Updated in round 547! max:(0.7833333333333333, 'C=C1C2=C1C1=c3ccccc3=CC2=Cc2ccccc21'), min:(0.6103896103896104, 'C=Cc1cc2=C3C(=C)c1c-2C1=c2ccccc2=CC3=Cc2ccccc21')
[68.35271430015564] Updated in round 548! max:(0.7833333333333333, 'C=C1C2=C1C1=c3ccccc3=CC2=Cc2ccccc21'), min:(0.6103896103896104, 'C=CC=C1C=C2C(C=C)=C1C1=Cc3ccccc3C2=c2ccccc2=C1')
[69.31572890281677] Updated in round 549! max:(0.7833333333333333, 'C=C1C2=C1C1=c3ccccc3=CC2=Cc2ccccc21'), min:(0.6103896103896104, 'C=CC=C1C=CC2=C3C(=C23)C2=Cc3ccccc3C1=c1ccccc1=C2')
[72.32486200332642] Updated in round 550! max:(0.7833333333333333, 'C=C1C2=C1C1=c3ccccc3=CC2=Cc2ccccc21'), min:(0.6103896103896104, 'C=CC1=C(C2=Cc3ccccc3C(C3=CC=C3)=c3ccccc3=C2)C=C1')
[73.13561606407166] Updated in round 551! max:(0.7833333333333333, 'C=C1C2=C1C1=c3ccccc3=CC2=Cc2ccccc21'), min:(0.6103896103896104, 'C=CC1=C(C2=Cc3ccccc3C(C3=CC=C3)=c3ccccc3=C2)C=C1')
[73.58958220481873] Updated in round 552! max:(0.7833333333333333, 'C=C1C2=C1C1=c3ccccc3=CC2=Cc2ccccc21'), min:(0.6103896103896104, 'C=CC1=C(C2=c3ccccc3=CC(C3=C4C=C43)=Cc3ccccc32)C=C1')
[73.79813814163208] Updated in round 553! max:(0.7833333333333333, 'C=C1C2=C1C1=c3ccccc3=CC2=Cc2ccccc21'), min:(0.6103896103896104, 'C=CC1=CC=C1C1=Cc2ccccc2C(C2=CC=C2)=c2ccccc2=C1')
[73.88112497329712] Updated in round 554! max:(0.7833333333333333, 'C=C1C2=C1C1=c3ccccc3=CC2=Cc2ccccc21'), min:(0.6103896103896104, 'C=CC=C1C=C1C1=c2ccccc2=CC(C2=C3C=C32)=Cc2ccccc21')
[74.0441346168518] Updated in round 555! max:(0.7833333333333333, 'C=C1C2=C1C1=c3ccccc3=CC2=Cc2ccccc21'), min:(0.6142857142857143, 'C#CC#CC1=CC2=c3ccccc3=CC1=Cc1ccccc12')
[74.10103154182434] Updated in round 556! max:(0.7833333333333333, 'C=C1C2=C1C1=c3ccccc3=CC2=Cc2ccccc21'), min:(0.6142857142857143, 'C#CC=CC1=CC2=c3ccccc3=CC1=Cc1ccccc12')
[74.67768216133118] Updated in round 557! max:(0.7833333333333333, 'C=C1C2=C1C1=c3ccccc3=CC2=Cc2ccccc21'), min:(0.6142857142857143, 'C1#CC1=CC1=CC2=Cc3ccccc3C1=c1ccccc1=C2')
[74.80480337142944] Updated in round 558! max:(0.7833333333333333, 'C=C1C2=C1C1=c3ccccc3=CC2=Cc2ccccc21'), min:(0.6142857142857143, 'C=CC=C1C=CC2=Cc3ccccc3C1=c1ccccc1=C2')
[75.460458278656] Updated in round 559! max:(0.7833333333333333, 'C=C1C2=C1C1=c3ccccc3=CC2=Cc2ccccc21'), min:(0.6153846153846154, 'C1=C2C=c3ccccc3=C(C3=CC2=c2cc4c(c-4c2)=C3)c2ccccc21')
[75.76734471321106] Updated in round 560! max:(0.7833333333333333, 'C=C1C2=C1C1=c3ccccc3=CC2=Cc2ccccc21'), min:(0.6153846153846154, 'C1=C2C=c3ccccc3=C(C3=Cc4cc5c(c-5c4)C2=C3)c2ccccc21')
[76.05060577392578] Updated in round 561! max:(0.7833333333333333, 'C=C1C2=C1C1=c3ccccc3=CC2=Cc2ccccc21'), min:(0.6153846153846154, 'C1=C2C=c3ccccc3=C(C3=Cc4cc5cc(c4=5)C2=C3)c2ccccc21')
[76.24415063858032] Updated in round 562! max:(0.8, 'C1=C2C=c3ccccc3=C3C1=CC2=Cc1ccccc13'), min:(0.6153846153846154, 'C1=CC2=CC3=CC(=CC1=C2)C1=c2ccccc2=CC3=Cc2ccccc21')
[76.45175814628601] Updated in round 563! max:(0.8, 'C1=C2C=c3ccccc3=C3C1=CC2=Cc1ccccc13'), min:(0.6153846153846154, 'c1cc2cc(c#1)C=C1C=C2C2=Cc3ccccc3C1=c1ccccc1=C2')
[76.84960889816284] Updated in round 564! max:(0.8, 'C1=C2C=c3ccccc3=C3C1=CC2=Cc1ccccc13'), min:(0.6164383561643836, 'C1=CC(=C2C3=CC2=C3)C2=c3ccccc3=CC1=Cc1ccccc12')
[77.1284544467926] Updated in round 565! max:(0.8, 'C1=C2C=c3ccccc3=C3C1=CC2=Cc1ccccc13'), min:(0.6164383561643836, 'C=CC1=CC2=c3ccccc3=CC(=Cc3ccccc32)C1=C1C=C1')
[77.44577693939209] Updated in round 566! max:(0.8, 'C1=C2C=c3ccccc3=C3C1=CC2=Cc1ccccc13'), min:(0.6164383561643836, 'C=CC=CC1=c2ccccc2=CC(C2=C3C=C32)=Cc2ccccc21')
[77.78897309303284] Updated in round 567! max:(0.8, 'C1=C2C=c3ccccc3=C3C1=CC2=Cc1ccccc13'), min:(0.618421052631579, 'C1#CC1=C1C2=Cc3ccccc3C(=c3ccccc3=C2)C1=C1C2=CC1=C2')
[77.94555187225342] Updated in round 568! max:(0.8, 'C1=C2C=c3ccccc3=C3C1=CC2=Cc1ccccc13'), min:(0.618421052631579, 'C=C1C=C1C1=C(C2=C3C=C32)C2=Cc3ccccc3C1=c1ccccc1=C2')
[78.02851557731628] Updated in round 569! max:(0.8, 'C1=C2C=c3ccccc3=C3C1=CC2=Cc1ccccc13'), min:(0.618421052631579, 'C=C1C=C1C1=C(C2=CC=C2)C2=c3ccccc3=CC1=Cc1ccccc12')
[78.84867000579834] Updated in round 570! max:(0.8, 'C1=C2C=c3ccccc3=C3C1=CC2=Cc1ccccc13'), min:(0.618421052631579, 'C=CC1=CC(C2=C(C=C)C3=Cc4ccccc4C2=c2ccccc2=C3)=C1')
[79.21585750579834] Updated in round 571! max:(0.8, 'C1=C2C=c3ccccc3=C3C1=CC2=Cc1ccccc13'), min:(0.618421052631579, 'C#CC1=CC(C2=C(C=C)C3=c4ccccc4=CC2=Cc2ccccc23)=C1')
[80.53155779838562] Updated in round 572! max:(0.8, 'C1=C2C=c3ccccc3=C3C1=CC2=Cc1ccccc13'), min:(0.618421052631579, 'C#CC=CC1=C(C2=CC2=C)C2=Cc3ccccc3C1=c1ccccc1=C2')
[80.67727756500244] Updated in round 573! max:(0.8, 'C1=C2C=c3ccccc3=C3C1=CC2=Cc1ccccc13'), min:(0.618421052631579, 'C#CC1=CC(=C)C1=C1C(=C)C2=c3ccccc3=CC1=Cc1ccccc12')
[80.84262561798096] Updated in round 574! max:(0.8, 'C1=C2C=c3ccccc3=C3C1=CC2=Cc1ccccc13'), min:(0.618421052631579, 'C=CC(=C)C=C1C(=C2C#C2)C2=Cc3ccccc3C1=c1ccccc1=C2')
[82.61695575714111] Updated in round 575! max:(0.8, 'C1=C2C=c3ccccc3=C3C1=CC2=Cc1ccccc13'), min:(0.618421052631579, 'C=CC=C1C2=C1C2=C1C(=C)C2=c3ccccc3=CC1=Cc1ccccc12')
[83.43644046783447] Updated in round 576! max:(0.8, 'C1=C2C=c3ccccc3=C3C1=CC2=Cc1ccccc13'), min:(0.618421052631579, 'C=CC(=C)C1=CC1=C1C(=C)C2=c3ccccc3=CC1=Cc1ccccc12')
[83.97337317466736] Updated in round 577! max:(0.8, 'C1=C2C=c3ccccc3=C3C1=CC2=Cc1ccccc13'), min:(0.618421052631579, 'C=C1C#CC1=C1C(=C)C(=C)C2=c3ccccc3=CC1=Cc1ccccc12')
[84.17189311981201] Updated in round 578! max:(0.8, 'C1=C2C=c3ccccc3=C3C1=CC2=Cc1ccccc13'), min:(0.618421052631579, 'C=C1C(=C)C2=c3ccccc3=CC(=Cc3ccccc32)C1=C1C2=CC=C21')
[84.29697132110596] Updated in round 579! max:(0.8, 'C1=C2C=c3ccccc3=C3C1=CC2=Cc1ccccc13'), min:(0.618421052631579, 'C=CC(=C)C1=CC1=C1C(=C)C2=c3ccccc3=CC1=Cc1ccccc12')
[84.51962447166443] Updated in round 580! max:(0.8, 'C1=C2C=c3ccccc3=C3C1=CC2=Cc1ccccc13'), min:(0.618421052631579, 'C=C1C2=CC1=C2C1=c2ccccc2=CC(C2=C3C=C32)=Cc2ccccc21')
[84.6972234249115] Updated in round 581! max:(0.8, 'C1=C2C=c3ccccc3=C3C1=CC2=Cc1ccccc13'), min:(0.618421052631579, 'C=C1C(=C)C2=c3ccccc3=CC(=Cc3ccccc32)C1=C1C2=C1C#C2')
[85.71712398529053] Updated in round 582! max:(0.8, 'C1=C2C=c3ccccc3=C3C1=CC2=Cc1ccccc13'), min:(0.618421052631579, 'C=C1C=C1C1=C2C(=C)C=C1C1=c3ccccc3=CC2=Cc2ccccc21')
[85.96945238113403] Updated in round 583! max:(0.8, 'C1=C2C=c3ccccc3=C3C1=CC2=Cc1ccccc13'), min:(0.618421052631579, 'C#CC1=C2C(=C)C(=C1C=C)C1=c3ccccc3=CC2=Cc2ccccc21')
[86.2978355884552] Updated in round 584! max:(0.8, 'C1=C2C=c3ccccc3=C3C1=CC2=Cc1ccccc13'), min:(0.618421052631579, 'C#CC1=C(C=C)C(=C2C#C2)C2=Cc3ccccc3C1=c1ccccc1=C2')
[86.53094482421875] Updated in round 585! max:(0.8, 'C1=C2C=c3ccccc3=C3C1=CC2=Cc1ccccc13'), min:(0.618421052631579, 'C=CC1=C(C2=CC#C2)C2=Cc3ccccc3C(=c3ccccc3=C2)C1=C')
[87.09724712371826] Updated in round 586! max:(0.8, 'C1=C2C=c3ccccc3=C3C1=CC2=Cc1ccccc13'), min:(0.618421052631579, 'C#CC1=C2C(C=C)=C(C1=C)C1=Cc3ccccc3C2=c2ccccc2=C1')
[87.4115207195282] Updated in round 587! max:(0.8, 'C1=C2C=c3ccccc3=C3C1=CC2=Cc1ccccc13'), min:(0.618421052631579, 'C=CC1=CC2=C3C(=C23)C2=Cc3ccccc3C(=c3ccccc3=C2)C1=C')
[87.70443964004517] Updated in round 588! max:(0.8, 'C1=C2C=c3ccccc3=C3C1=CC2=Cc1ccccc13'), min:(0.618421052631579, 'C=CC1=C2C(C3=Cc4ccccc4C(C4=C5C=C54)=c4ccccc4=C3)=C12')
[89.41482377052307] Updated in round 589! max:(0.8, 'C1=C2C=c3ccccc3=C3C1=CC2=Cc1ccccc13'), min:(0.6212121212121212, 'C1=Cc2c3cccc2C(=c2ccccc2=C3)C2=CC1=C2')
[89.48898935317993] Updated in round 590! max:(0.8, 'C1=C2C=c3ccccc3=C3C1=CC2=Cc1ccccc13'), min:(0.6216216216216216, 'C1=C2C=C3C=c4ccccc4=C2c2ccccc2-c2c1cccc23')
[90.52520084381104] Updated in round 591! max:(0.8, 'C1=C2C=c3ccccc3=C3C1=CC2=Cc1ccccc13'), min:(0.6216216216216216, 'C1=CC2=CC2=C2C=C3C=c4ccccc4=C2c2ccccc2C=C13')
[91.1363594532013] Updated in round 592! max:(0.8, 'C1=C2C=c3ccccc3=C3C1=CC2=Cc1ccccc13'), min:(0.6216216216216216, 'C1=CC2=CC3=Cc4ccccc4C2=c2ccccc2=CC3=C2C=C12')
[91.50942158699036] No improvement found in round 593. Terminating...
